

Starting up round 15:10:59
---------------------
[15:17:54]ATTACK: Harlex5435/(Nickolas Stone) has shot Sewa/(Kelvin Focell) with [M240-T incinerator unit (Wielded)] (NEWHP: 100)  (Squad Alpha Cargo (194, 175, 3))
[15:17:54]ATTACK: Nickolas Stone (harlex5435) shot Kelvin Focell (sewa) with M240-T incinerator unit (Wielded) in Squad Alpha Cargo (<A HREF='?_src_=holder;adminplayerobservecoodjump=1;X=194;Y=175;Z=3'>JMP</a>) (<a href='?priv_msg=[0x5000005]'>PM</a>)
[15:18:14]ATTACK: Harlex5435/(Nickolas Stone) has shot Sladk0ewka/(Leroy Bullard) with [M240-T incinerator unit (Wielded)] (NEWHP: 100)  (Squad Alpha Cargo (204, 176, 3))
[15:18:14]ATTACK: Nickolas Stone (harlex5435) shot Leroy Bullard (sladk0ewka) with M240-T incinerator unit (Wielded) in Squad Alpha Cargo (<A HREF='?_src_=holder;adminplayerobservecoodjump=1;X=204;Y=176;Z=3'>JMP</a>) (<a href='?priv_msg=[0x5000005]'>PM</a>)
[15:18:31]ATTACK: CM.RU/(Cristian Seidner) has shot Sewa/(Kelvin Focell) with [high-impact revolver bullet] (NEWHP: -147.8)  (Squad Alpha Cargo (183, 177, 3))
[15:18:31]ATTACK: Cristian Seidner (cmru) shot Kelvin Focell (sewa) with a high-impact revolver bullet in Squad Alpha Cargo (<A HREF='?_src_=holder;adminplayerobservecoodjump=1;X=183;Y=177;Z=3'>JMP</a>) (<a href='?priv_msg=[0x5000002]'>PM</a>)
[15:18:31]ATTACK: CM.RU/(Cristian Seidner) has shot Sewa/(Kelvin Focell) with [high-impact revolver bullet] (NEWHP: -172.8)  (Squad Alpha Cargo (185, 177, 3))
[15:18:31]ATTACK: Cristian Seidner (cmru) shot Kelvin Focell (sewa) with a high-impact revolver bullet in Squad Alpha Cargo (<A HREF='?_src_=holder;adminplayerobservecoodjump=1;X=185;Y=177;Z=3'>JMP</a>) (<a href='?priv_msg=[0x5000002]'>PM</a>)
[15:18:33]ATTACK: CM.RU/(Cristian Seidner) has shot Harlex5435/(Nickolas Stone) with [high-impact revolver bullet] (NEWHP: 89.3)  (Squad Alpha Cargo (192, 176, 3))
[15:18:33]ATTACK: Cristian Seidner (cmru) shot Nickolas Stone (harlex5435) with a high-impact revolver bullet in Squad Alpha Cargo (<A HREF='?_src_=holder;adminplayerobservecoodjump=1;X=192;Y=176;Z=3'>JMP</a>) (<a href='?priv_msg=[0x5000002]'>PM</a>)
[15:18:33]ATTACK: CM.RU/(Cristian Seidner) has shot Harlex5435/(Nickolas Stone) with [high-impact revolver bullet] (NEWHP: 65.3)  (Squad Alpha Cargo (191, 176, 3))
[15:18:33]ATTACK: Cristian Seidner (cmru) shot Nickolas Stone (harlex5435) with a high-impact revolver bullet in Squad Alpha Cargo (<A HREF='?_src_=holder;adminplayerobservecoodjump=1;X=191;Y=176;Z=3'>JMP</a>) (<a href='?priv_msg=[0x5000002]'>PM</a>)
[15:18:35]ATTACK: CM.RU/(Cristian Seidner) has shot Harlex5435/(Nickolas Stone) with [high-impact revolver bullet] (NEWHP: 46.4)  (Squad Alpha Cargo (193, 176, 3))
[15:18:35]ATTACK: Cristian Seidner (cmru) shot Nickolas Stone (harlex5435) with a high-impact revolver bullet in Squad Alpha Cargo (<A HREF='?_src_=holder;adminplayerobservecoodjump=1;X=193;Y=176;Z=3'>JMP</a>) (<a href='?priv_msg=[0x5000002]'>PM</a>)
[15:19:18]ATTACK: EngineerConager/(Dell Conrad) has shot Harlex5435/(Nickolas Stone) with [rifle bullet] (NEWHP: 9.30002)  (Squad Alpha Cargo (201, 176, 3))
[15:19:18]ATTACK: Dell Conrad (engineerconager) shot Nickolas Stone (harlex5435) with a rifle bullet in Squad Alpha Cargo (<A HREF='?_src_=holder;adminplayerobservecoodjump=1;X=201;Y=176;Z=3'>JMP</a>) (<a href='?priv_msg=[0x5000004]'>PM</a>)
[15:19:19]ATTACK: EngineerConager/(Dell Conrad) has shot Harlex5435/(Nickolas Stone) with [rifle bullet] (NEWHP: 3.40002)  (Squad Alpha Cargo (203, 176, 3))
[15:19:19]ATTACK: Dell Conrad (engineerconager) shot Nickolas Stone (harlex5435) with a rifle bullet in Squad Alpha Cargo (<A HREF='?_src_=holder;adminplayerobservecoodjump=1;X=203;Y=176;Z=3'>JMP</a>) (<a href='?priv_msg=[0x5000004]'>PM</a>)
[15:19:21]ATTACK: EngineerConager/(Dell Conrad) has shot Harlex5435/(Nickolas Stone) with [rifle bullet] (NEWHP: -0.599983)  (Squad Alpha Cargo (202, 176, 3))
[15:19:21]ATTACK: Dell Conrad (engineerconager) shot Nickolas Stone (harlex5435) with a rifle bullet in Squad Alpha Cargo (<A HREF='?_src_=holder;adminplayerobservecoodjump=1;X=202;Y=176;Z=3'>JMP</a>) (<a href='?priv_msg=[0x5000004]'>PM</a>)
[15:19:22]ATTACK: EngineerConager/(Dell Conrad) has shot Harlex5435/(Nickolas Stone) with [rifle bullet] (NEWHP: -41.6)  (Squad Alpha Cargo (202, 176, 3))
[15:19:22]ATTACK: Dell Conrad (engineerconager) shot Nickolas Stone (harlex5435) with a rifle bullet in Squad Alpha Cargo (<A HREF='?_src_=holder;adminplayerobservecoodjump=1;X=202;Y=176;Z=3'>JMP</a>) (<a href='?priv_msg=[0x5000004]'>PM</a>)
[15:19:27]ATTACK: EngineerConager/(Dell Conrad) has shot Harlex5435/(Nickolas Stone) with [rifle bullet] (NEWHP: -72.6)  (Squad Alpha Cargo (204, 176, 3))
[15:19:27]ATTACK: Dell Conrad (engineerconager) shot Nickolas Stone (harlex5435) with a rifle bullet in Squad Alpha Cargo (<A HREF='?_src_=holder;adminplayerobservecoodjump=1;X=204;Y=176;Z=3'>JMP</a>) (<a href='?priv_msg=[0x5000004]'>PM</a>)
[15:19:27]ATTACK: EngineerConager/(Dell Conrad) has shot Harlex5435/(Nickolas Stone) with [rifle bullet] (NEWHP: -87.6)  (Squad Alpha Cargo (204, 176, 3))
[15:19:27]ATTACK: Dell Conrad (engineerconager) shot Nickolas Stone (harlex5435) with a rifle bullet in Squad Alpha Cargo (<A HREF='?_src_=holder;adminplayerobservecoodjump=1;X=204;Y=176;Z=3'>JMP</a>) (<a href='?priv_msg=[0x5000004]'>PM</a>)
[15:19:27]ATTACK: EngineerConager/(Dell Conrad) has shot Harlex5435/(Nickolas Stone) with [rifle bullet] (NEWHP: -101.6)  (Squad Alpha Cargo (204, 176, 3))
[15:19:27]ATTACK: Dell Conrad (engineerconager) shot Nickolas Stone (harlex5435) with a rifle bullet in Squad Alpha Cargo (<A HREF='?_src_=holder;adminplayerobservecoodjump=1;X=204;Y=176;Z=3'>JMP</a>) (<a href='?priv_msg=[0x5000004]'>PM</a>)
[15:19:27]ATTACK: EngineerConager/(Dell Conrad) has shot Harlex5435/(Nickolas Stone) with [rifle bullet] (NEWHP: -125.6)  (Squad Alpha Cargo (204, 176, 3))
[15:19:27]ATTACK: Dell Conrad (engineerconager) shot Nickolas Stone (harlex5435) with a rifle bullet in Squad Alpha Cargo (<A HREF='?_src_=holder;adminplayerobservecoodjump=1;X=204;Y=176;Z=3'>JMP</a>) (<a href='?priv_msg=[0x5000004]'>PM</a>)
[15:20:12]ATTACK: EngineerConager/(Dell Conrad) has shot CM.RU/(Cristian Seidner) with [rifle bullet] (NEWHP: 100)  (Squad Alpha Cargo (196, 176, 3))
[15:20:12]ATTACK: Dell Conrad (engineerconager) shot Cristian Seidner (cmru) with a rifle bullet in Squad Alpha Cargo (<A HREF='?_src_=holder;adminplayerobservecoodjump=1;X=196;Y=176;Z=3'>JMP</a>) (<a href='?priv_msg=[0x5000004]'>PM</a>)
[15:20:13]ATTACK: CM.RU/(Cristian Seidner) has shot EngineerConager/(Dell Conrad) with [M240-T incinerator unit (Wielded)] (NEWHP: 100)  (Squad Alpha Cargo (201, 176, 3))
[15:20:13]ATTACK: Cristian Seidner (cmru) shot Dell Conrad (engineerconager) with M240-T incinerator unit (Wielded) in Squad Alpha Cargo (<A HREF='?_src_=holder;adminplayerobservecoodjump=1;X=201;Y=176;Z=3'>JMP</a>) (<a href='?priv_msg=[0x5000002]'>PM</a>)
