

Starting up round 15:10:59
---------------------
[15:11:18]HREF: 15:11 Artyuom (usr:Artyuom) || Artyuom src=[0x3000036];lobby_choice=ready
[15:11:55]HREF: 15:11 BlackCrystalic (usr:BlackCrystalic) || BlackCrystalic src=[0x3000033];lobby_choice=observe
[15:12:00]HREF: 15:12 ZyberCpechnaz (usr:ZyberCpechnaz) || ZyberCpechnaz src=[0x3000034];lobby_choice=ready
[15:12:00]HREF: 15:12 ZyberCpechnaz (usr:ZyberCpechnaz) || ZyberCpechnaz src=[0x3000034];lobby_choice=show_preferences
[15:12:02]HREF: 15:12 ZyberCpechnaz (usr:ZyberCpechnaz) || _src_=prefs;preference=job;task=menu
[15:12:04]HREF: 15:12 Harlex5435 (usr:Harlex5435) || Harlex5435 src=[0x3000038];lobby_choice=ready
[15:12:08]HREF: 15:12 ZyberCpechnaz (usr:ZyberCpechnaz) || _src_=prefs;preference=job;task=input;text=Squad%20Engineer
[15:12:09]HREF: 15:12 ZyberCpechnaz (usr:ZyberCpechnaz) || _src_=prefs;preference=job;task=input;text=Squad%20Engineer
[15:12:09]HREF: 15:12 ZyberCpechnaz (usr:ZyberCpechnaz) || _src_=prefs;preference=job;task=input;text=Squad%20Engineer
[15:12:10]HREF: 15:12 ZyberCpechnaz (usr:ZyberCpechnaz) || _src_=prefs;preference=job;task=close
[15:12:11]HREF: 15:12 ZyberCpechnaz (usr:ZyberCpechnaz) || ZyberCpechnaz src=[0x3000034];preference=save
[15:12:11]HREF: 15:12 ZyberCpechnaz (usr:ZyberCpechnaz) || ZyberCpechnaz src=[0x3000034];preference=save
[15:12:12]HREF: 15:12 ZyberCpechnaz (usr:ZyberCpechnaz) || ZyberCpechnaz src=[0x3000034];preference=save
[15:12:12]HREF: 15:12 ZyberCpechnaz (usr:ZyberCpechnaz) || ZyberCpechnaz src=[0x3000034];preference=save
[15:12:12]HREF: 15:12 ZyberCpechnaz (usr:ZyberCpechnaz) || ZyberCpechnaz src=[0x3000034];preference=save
[15:12:13]HREF: 15:12 ZyberCpechnaz (usr:ZyberCpechnaz) || ZyberCpechnaz src=[0x3000034];preference=save
[15:12:14]HREF: 15:12 ZyberCpechnaz (usr:ZyberCpechnaz) || ZyberCpechnaz src=[0x3000034];preference=save
[15:12:14]HREF: 15:12 Sladk0ewka (usr:Sladk0ewka) || Sladk0ewka src=[0x3000039];lobby_choice=ready
[15:12:38]HREF: 15:12 Sewa (usr:Sewa) || Sewa src=[0x300003c];lobby_choice=ready
[15:12:44]HREF: 15:12 Sladk0ewka (usr:Sladk0ewka) || Sladk0ewka src=[0x3000039];lobby_choice=ready
[15:12:58]HREF: 15:12 EngineerConager (usr:EngineerConager) || EngineerConager src=[0x3000037];lobby_choice=show_preferences
[15:13:00]HREF: 15:13 EngineerConager (usr:EngineerConager) || _src_=prefs;preference=job;task=menu
[15:13:04]HREF: 15:13 Artyuom (usr:Artyuom) || Artyuom src=[0x3000036];lobby_choice=show_preferences
[15:13:07]HREF: 15:13 Artyuom (usr:Artyuom) || Artyuom src=[0x3000036];preference=records;record=1
[15:13:20]HREF: 15:13 EngineerConager (usr:EngineerConager) || _src_=prefs;preference=job;task=input;text=Squad%20Leader
[15:13:21]HREF: 15:13 EngineerConager (usr:EngineerConager) || _src_=prefs;preference=job;task=input;text=Squad%20Leader
[15:13:22]HREF: 15:13 EngineerConager (usr:EngineerConager) || _src_=prefs;preference=job;task=input;text=Squad%20Leader
[15:13:27]HREF: 15:13 EngineerConager (usr:EngineerConager) || _src_=prefs;preference=job;task=close
[15:13:30]HREF: 15:13 EngineerConager (usr:EngineerConager) || EngineerConager src=[0x3000037];lobby_choice=ready
[15:13:34]HREF: 15:13 BlackCrystalic (usr:Blacky 'GG' Crysis) || /datum/admins src=[0x2100340b];c_mode=1
[15:13:36]HREF: 15:13 BlackCrystalic (usr:Blacky 'GG' Crysis) || /datum/admins src=[0x2100340b];c_mode2=Distress%20%20Signal
[15:13:40]HREF: 15:13 EngineerConager (usr:EngineerConager) || EngineerConager src=[0x3000037];lobby_choice=show_preferences
[15:13:43]HREF: 15:13 EngineerConager (usr:EngineerConager) || _src_=prefs;preference=job;task=menu
[15:13:44]HREF: 15:13 EngineerConager (usr:EngineerConager) || _src_=prefs;preference=job;task=input;text=Commander
[15:13:45]HREF: 15:13 EngineerConager (usr:EngineerConager) || _src_=prefs;preference=job;task=input;text=Commander
[15:13:45]HREF: 15:13 Artyuom (usr:Artyuom) || Artyuom src=[0x3000036];preference=records;record=1
[15:13:45]HREF: 15:13 EngineerConager (usr:EngineerConager) || _src_=prefs;preference=job;task=input;text=Executive%20Officer
[15:13:46]HREF: 15:13 EngineerConager (usr:EngineerConager) || _src_=prefs;preference=job;task=input;text=Executive%20Officer
[15:13:47]HREF: 15:13 Artyuom (usr:Artyuom) || Artyuom src=[0x3000036];lobby_choice=ready
[15:13:47]HREF: 15:13 EngineerConager (usr:EngineerConager) || _src_=prefs;preference=job;task=input;text=Squad%20Engineer
[15:13:47]HREF: 15:13 EngineerConager (usr:EngineerConager) || _src_=prefs;preference=job;task=input;text=Squad%20Engineer
[15:13:48]HREF: 15:13 EngineerConager (usr:EngineerConager) || _src_=prefs;preference=job;task=input;text=Squad%20Marine
[15:13:48]HREF: 15:13 Artyuom (usr:Artyuom) || Artyuom src=[0x3000036];preference=records;record=1
[15:13:49]HREF: 15:13 ZyberCpechnaz (usr:ZyberCpechnaz) || ZyberCpechnaz src=[0x3000034];lobby_choice=ready
[15:13:50]HREF: 15:13 Artyuom (usr:Artyuom) || Artyuom src=[0x3000036];preference=records;task=med_record
[15:13:50]HREF: 15:13 EngineerConager (usr:EngineerConager) || _src_=prefs;preference=job;task=input;text=Squad%20Leader
[15:13:50]HREF: 15:13 ZyberCpechnaz (usr:ZyberCpechnaz) || ZyberCpechnaz src=[0x3000034];lobby_choice=show_preferences
[15:13:51]HREF: 15:13 EngineerConager (usr:EngineerConager) || _src_=prefs;preference=job;task=close
[15:13:52]HREF: 15:13 Sewa (usr:Sewa) || Sewa src=[0x300003c];lobby_choice=show_preferences
[15:13:53]HREF: 15:13 CM.RU (usr:CM.RU) || CM.RU src=[0x3000035];lobby_choice=ready
[15:13:54]HREF: 15:13 CM.RU (usr:CM.RU) || CM.RU src=[0x3000035];lobby_choice=show_preferences
[15:13:56]HREF: 15:13 Sewa (usr:Sewa) || _src_=prefs;preference=be_special;num=2
[15:13:56]HREF: 15:13 CM.RU (usr:CM.RU) || _src_=prefs;preference=job;task=menu
[15:13:56]HREF: 15:13 CM.RU (usr:CM.RU) || _src_=prefs;preference=job;task=input;text=Commander
[15:13:57]HREF: 15:13 CM.RU (usr:CM.RU) || _src_=prefs;preference=job;task=input;text=Commander
[15:13:57]HREF: 15:13 Sewa (usr:Sewa) || Sewa src=[0x300003c];preference=save
[15:13:57]HREF: 15:13 CM.RU (usr:CM.RU) || _src_=prefs;preference=job;task=input;text=Commander
[15:13:58]HREF: 15:13 CM.RU (usr:CM.RU) || _src_=prefs;preference=job;task=input;text=Executive%20Officer
[15:13:58]HREF: 15:13 CM.RU (usr:CM.RU) || _src_=prefs;preference=job;task=input;text=Executive%20Officer
[15:14:00]HREF: 15:14 Sewa (usr:Sewa) || Sewa src=[0x300003c];lobby_choice=show_preferences
[15:14:00]HREF: 15:14 CM.RU (usr:CM.RU) || _src_=prefs;preference=job;task=input;text=Squad%20Leader
[15:14:02]HREF: 15:14 CM.RU (usr:CM.RU) || _src_=prefs;preference=job;task=input;text=Squad%20Leader
[15:14:03]HREF: 15:14 CM.RU (usr:CM.RU) || _src_=prefs;preference=job;task=input;text=Commander
[15:14:03]HREF: 15:14 CM.RU (usr:CM.RU) || _src_=prefs;preference=job;task=close
[15:14:04]HREF: 15:14 CM.RU (usr:CM.RU) || CM.RU src=[0x3000035];preference=save
[15:14:04]HREF: 15:14 CM.RU (usr:CM.RU) || CM.RU src=[0x3000035];preference=save
[15:14:04]HREF: 15:14 CM.RU (usr:CM.RU) || CM.RU src=[0x3000035];preference=save
[15:14:05]HREF: 15:14 CM.RU (usr:CM.RU) || CM.RU src=[0x3000035];preference=save
[15:14:05]HREF: 15:14 CM.RU (usr:CM.RU) || CM.RU src=[0x3000035];preference=save
[15:14:05]HREF: 15:14 CM.RU (usr:CM.RU) || CM.RU src=[0x3000035];preference=save
[15:14:05]HREF: 15:14 CM.RU (usr:CM.RU) || CM.RU src=[0x3000035];preference=save
[15:14:06]HREF: 15:14 CM.RU (usr:CM.RU) || CM.RU src=[0x3000035];preference=save
[15:14:08]HREF: 15:14 Artyuom (usr:Artyuom) || Artyuom src=[0x3000036];preference=records;records=-1
[15:14:11]HREF: 15:14 Artyuom (usr:Artyuom) || Artyuom src=[0x3000036];lobby_choice=ready
[15:14:12]HREF: 15:14 Artyuom (usr:Artyuom) || Artyuom src=[0x3000036];lobby_choice=show_preferences
[15:14:13]HREF: 15:14 Artyuom (usr:Artyuom) || Artyuom src=[0x3000036];preference=flavor_text;task=open
[15:14:17]HREF: 15:14 Artyuom (usr:Artyuom) || Artyuom src=[0x3000036];lobby_choice=ready
[15:14:18]HREF: 15:14 Sladk0ewka (usr:Sladk0ewka) || Sladk0ewka src=[0x3000039];lobby_choice=ready
[15:14:18]HREF: 15:14 Artyuom (usr:Artyuom) || Artyuom src=[0x3000036];lobby_choice=late_join
[15:14:19]HREF: 15:14 Sladk0ewka (usr:Sladk0ewka) || Sladk0ewka src=[0x3000039];lobby_choice=late_join
[15:14:20]HREF: 15:14 Artyuom (usr:Artyuom) || Artyuom src=[0x3000036];lobby_choice=SelectedJob;job_selected=Squad%20Medic
[15:14:25]HREF: 15:14 Sladk0ewka (usr:Sladk0ewka) || Sladk0ewka src=[0x3000039];lobby_choice=late_join
[15:14:34]HREF: 15:14 Sladk0ewka (usr:Sladk0ewka) || Sladk0ewka src=[0x3000039];lobby_choice=SelectedJob;job_selected=Squad%20Marine
[15:14:36]HREF: 15:14 Harlex5435 (usr:Nickolas Stone) || _=1592568882103
[15:14:36]HREF: 15:14 Harlex5435 (usr:Nickolas Stone) || _=1592568882104
[15:14:38]HREF: 15:14 Harlex5435 (usr:Nickolas Stone) || /datum/nanoui src=[0x21005c42];vend=1;cat=0
[15:14:48]HREF: 15:14 CM.RU (usr:Cristian Seidner) || The safe src=[0x2011120];increment=1
[15:14:48]HREF: 15:14 CM.RU (usr:Cristian Seidner) || The safe src=[0x2011120];increment=1
[15:14:49]HREF: 15:14 CM.RU (usr:Cristian Seidner) || The safe src=[0x2011120];increment=1
[15:14:49]HREF: 15:14 Artyuom (usr:Johnny Vietnam) || _=1592568892820
[15:14:49]HREF: 15:14 Artyuom (usr:Johnny Vietnam) || _=1592568892821
[15:14:49]HREF: 15:14 CM.RU (usr:Cristian Seidner) || The safe src=[0x2011120];increment=1
[15:14:50]HREF: 15:14 CM.RU (usr:Cristian Seidner) || The safe src=[0x2011120];increment=1
[15:14:50]HREF: 15:14 Artyuom (usr:Johnny Vietnam) || /datum/nanoui src=[0x21005c4f];vend=2
[15:14:50]HREF: 15:14 CM.RU (usr:Cristian Seidner) || The safe src=[0x2011120];increment=1
[15:14:50]HREF: 15:14 Artyuom (usr:Johnny Vietnam) || /datum/nanoui src=[0x21005c4f];vend=3
[15:14:51]HREF: 15:14 CM.RU (usr:Cristian Seidner) || The safe src=[0x2011120];increment=1
[15:14:51]HREF: 15:14 Artyuom (usr:Johnny Vietnam) || /datum/nanoui src=[0x21005c4f];vend=4
[15:14:51]HREF: 15:14 Artyuom (usr:Johnny Vietnam) || /datum/nanoui src=[0x21005c4f];vend=5
[15:14:52]HREF: 15:14 Artyuom (usr:Johnny Vietnam) || /datum/nanoui src=[0x21005c4f];vend=6
[15:14:52]HREF: 15:14 CM.RU (usr:Cristian Seidner) || The safe src=[0x2011120];increment2=1
[15:14:52]HREF: 15:14 CM.RU (usr:Cristian Seidner) || The safe src=[0x2011120];increment2=1
[15:14:52]HREF: 15:14 Artyuom (usr:Johnny Vietnam) || /datum/nanoui src=[0x21005c4f];vend=7
[15:14:54]HREF: 15:14 Artyuom (usr:Johnny Vietnam) || /datum/nanoui src=[0x21005c4f];vend=11
[15:14:54]HREF: 15:14 Sewa (usr:Kelvin Focell) || _=1592568900786
[15:14:54]HREF: 15:14 Sewa (usr:Kelvin Focell) || _=1592568900787
[15:14:54]HREF: 15:14 Sewa (usr:Kelvin Focell) || _=1592568901514
[15:14:54]HREF: 15:14 Sewa (usr:Kelvin Focell) || _=1592568901515
[15:14:55]HREF: 15:14 CM.RU (usr:Cristian Seidner) || The safe src=[0x2011120];increment2=1
[15:14:55]HREF: 15:14 CM.RU (usr:Cristian Seidner) || The safe src=[0x2011120];open=1
[15:14:56]HREF: 15:14 Sewa (usr:Kelvin Focell) || /datum/nanoui src=[0x21005c54];vend=2
[15:14:56]HREF: 15:14 CM.RU (usr:Cristian Seidner) || The safe src=[0x2011120];retrieve=[0x2011138]
[15:14:56]HREF: 15:14 Sewa (usr:Kelvin Focell) || /datum/nanoui src=[0x21005c54];vend=3
[15:14:57]HREF: 15:14 Sewa (usr:Kelvin Focell) || /datum/nanoui src=[0x21005c54];vend=4
[15:14:57]HREF: 15:14 Sewa (usr:Kelvin Focell) || /datum/nanoui src=[0x21005c54];vend=5
[15:14:57]HREF: 15:14 Sewa (usr:Kelvin Focell) || /datum/nanoui src=[0x21005c54];vend=6
[15:15:03]HREF: 15:15 Harlex5435 (usr:Nickolas Stone) || _=1592568908909
[15:15:03]HREF: 15:15 Harlex5435 (usr:Nickolas Stone) || _=1592568908910
[15:15:04]HREF: 15:15 Harlex5435 (usr:Nickolas Stone) || /datum/nanoui src=[0x21005c42];vend=2
[15:15:04]HREF: 15:15 Harlex5435 (usr:Nickolas Stone) || /datum/nanoui src=[0x21005c42];vend=3
[15:15:05]HREF: 15:15 Harlex5435 (usr:Nickolas Stone) || /datum/nanoui src=[0x21005c42];vend=4
[15:15:05]HREF: 15:15 Harlex5435 (usr:Nickolas Stone) || /datum/nanoui src=[0x21005c42];vend=5
[15:15:09]HREF: 15:15 Artyuom (usr:Johnny Vietnam) || /datum/nanoui src=[0x21005c4f];vend=16
[15:15:10]HREF: 15:15 Sewa (usr:Kelvin Focell) || /datum/nanoui src=[0x21005c4b];vend=2
[15:15:12]HREF: 15:15 CM.RU (usr:Cristian Seidner) || The safe src=[0x2011120];retrieve=[0x201112c]
[15:15:13]HREF: 15:15 Artyuom (usr:Johnny Vietnam) || /datum/nanoui src=[0x21005c4f];vend=19
[15:15:13]HREF: 15:15 Harlex5435 (usr:Nickolas Stone) || _=1592568919612
[15:15:13]HREF: 15:15 Harlex5435 (usr:Nickolas Stone) || _=1592568919613
[15:15:15]HREF: 15:15 Harlex5435 (usr:Nickolas Stone) || /datum/nanoui src=[0x21005c59];vend=6
[15:15:17]HREF: 15:15 CM.RU (usr:Cristian Seidner) || The safe src=[0x2011120];retrieve=[0x2011123]
[15:15:17]HREF: 15:15 Artyuom (usr:Johnny Vietnam) || /datum/nanoui src=[0x21005c4f];vend=23
[15:15:17]HREF: 15:15 Sladk0ewka (usr:Leroy Bullard) || _=1592568923764
[15:15:17]HREF: 15:15 Sladk0ewka (usr:Leroy Bullard) || _=1592568923765
[15:15:19]HREF: 15:15 Sladk0ewka (usr:Leroy Bullard) || /datum/nanoui src=[0x21005daa];vend=2;cat=0
[15:15:20]HREF: 15:15 Artyuom (usr:Johnny Vietnam) || /datum/nanoui src=[0x21005c4f];vend=25
[15:15:24]HREF: 15:15 Artyuom (usr:Johnny Vietnam) || _=1592568927731
[15:15:24]HREF: 15:15 Artyuom (usr:Johnny Vietnam) || _=1592568927732
[15:15:25]HREF: 15:15 Artyuom (usr:Johnny Vietnam) || /datum/nanoui src=[0x21005dac];vend=2
[15:15:26]HREF: 15:15 EngineerConager (usr:Dell Conrad) || _=1592568934144
[15:15:26]HREF: 15:15 EngineerConager (usr:Dell Conrad) || _=1592568934145
[15:15:27]HREF: 15:15 EngineerConager (usr:Dell Conrad) || /datum/nanoui src=[0x21005daa];vend=2
[15:15:27]HREF: 15:15 EngineerConager (usr:Dell Conrad) || /datum/nanoui src=[0x21005daa];vend=3
[15:15:28]HREF: 15:15 EngineerConager (usr:Dell Conrad) || /datum/nanoui src=[0x21005daa];vend=4
[15:15:29]HREF: 15:15 EngineerConager (usr:Dell Conrad) || /datum/nanoui src=[0x21005daa];vend=5
[15:15:29]HREF: 15:15 EngineerConager (usr:Dell Conrad) || /datum/nanoui src=[0x21005daa];vend=7
[15:15:30]HREF: 15:15 EngineerConager (usr:Dell Conrad) || /datum/nanoui src=[0x21005daa];vend=6
[15:15:37]HREF: 15:15 Korsalpl (usr:Korsalpl) || Korsalpl src=[0x3000044];lobby_choice=late_join
[15:15:39]HREF: 15:15 Korsalpl (usr:Korsalpl) || Korsalpl src=[0x3000044];lobby_choice=late_join
[15:15:43]HREF: 15:15 EngineerConager (usr:Dell Conrad) || /datum/nanoui src=[0x21005daa];vend=15
[15:15:54]HREF: 15:15 Harlex5435 (usr:Nickolas Stone) || _=1592568960614
[15:15:54]HREF: 15:15 Harlex5435 (usr:Nickolas Stone) || _=1592568960615
[15:15:56]HREF: 15:15 Artyuom (usr:Johnny Vietnam) || /datum/nanoui src=[0x21005dac];vend=12
[15:15:57]HREF: 15:15 Sewa (usr:Kelvin Focell) || _=1592568963051
[15:15:57]HREF: 15:15 Sewa (usr:Kelvin Focell) || _=1592568963052
[15:15:57]HREF: 15:15 Artyuom (usr:Johnny Vietnam) || /datum/nanoui src=[0x21005dac];vend=13
[15:15:57]HREF: 15:15 Harlex5435 (usr:Nickolas Stone) || /datum/nanoui src=[0x21005dc1];vend=12
[15:15:58]HREF: 15:15 Artyuom (usr:Johnny Vietnam) || /datum/nanoui src=[0x21005dac];vend=14
[15:15:59]HREF: 15:15 Artyuom (usr:Johnny Vietnam) || /datum/nanoui src=[0x21005dac];vend=17
[15:16:02]HREF: 15:16 Sewa (usr:Kelvin Focell) || /datum/nanoui src=[0x21005dbe];vend=15
[15:16:10]HREF: 15:16 Harlex5435 (usr:Nickolas Stone) || /datum/nanoui src=[0x21005dc1];vend=22
[15:16:12]HREF: 15:16 Harlex5435 (usr:Nickolas Stone) || /datum/nanoui src=[0x21005dc1];vend=22
[15:16:12]HREF: 15:16 Sewa (usr:Kelvin Focell) || /datum/nanoui src=[0x21005dbe];vend=4
[15:16:14]HREF: 15:16 EngineerConager (usr:Dell Conrad) || _=1592568982577
[15:16:14]HREF: 15:16 EngineerConager (usr:Dell Conrad) || _=1592568982578
[15:16:20]HREF: 15:16 Artyuom (usr:Johnny Vietnam) || /datum/nanoui src=[0x21005dac];vend=27
[15:16:21]HREF: 15:16 Artyuom (usr:Johnny Vietnam) || /datum/nanoui src=[0x21005dac];vend=27
[15:16:22]HREF: 15:16 EngineerConager (usr:Dell Conrad) || /datum/nanoui src=[0x21005e3a];vend=17
[15:16:23]HREF: 15:16 Artyuom (usr:Johnny Vietnam) || /datum/nanoui src=[0x21005dac];vend=28
[15:16:25]HREF: 15:16 Harlex5435 (usr:Nickolas Stone) || _=1592568991579
[15:16:25]HREF: 15:16 Harlex5435 (usr:Nickolas Stone) || _=1592568991580
[15:16:30]HREF: 15:16 Harlex5435 (usr:Nickolas Stone) || _=1592568996652
[15:16:30]HREF: 15:16 Harlex5435 (usr:Nickolas Stone) || _=1592568996653
[15:16:36]HREF: 15:16 Harlex5435 (usr:Nickolas Stone) || _=1592569002643
[15:16:36]HREF: 15:16 Harlex5435 (usr:Nickolas Stone) || _=1592569002644
[15:16:41]HREF: 15:16 Harlex5435 (usr:Nickolas Stone) || /datum/nanoui src=[0x21005e3c];vend=18
[15:16:42]HREF: 15:16 Artyuom (usr:Johnny Vietnam) || _=1592569005221
[15:16:42]HREF: 15:16 Artyuom (usr:Johnny Vietnam) || _=1592569005222
[15:16:43]HREF: 15:16 Artyuom (usr:Johnny Vietnam) || /datum/nanoui src=[0x21005e3d];vend=5;cat=0
[15:16:45]HREF: 15:16 Harlex5435 (usr:Nickolas Stone) || _=1592569010879
[15:16:45]HREF: 15:16 Harlex5435 (usr:Nickolas Stone) || _=1592569010880
[15:16:45]HREF: 15:16 EngineerConager (usr:Dell Conrad) || /datum/nanoui src=[0x21005e3a];vend=24
[15:16:45]HREF: 15:16 Artyuom (usr:Johnny Vietnam) || /datum/nanoui src=[0x21005e3d];vend=18;cat=0
[15:16:46]HREF: 15:16 EngineerConager (usr:Dell Conrad) || /datum/nanoui src=[0x21005e3a];vend=24
[15:16:51]HREF: 15:16 Artyuom (usr:Johnny Vietnam) || _=1592569015090
[15:16:51]HREF: 15:16 Artyuom (usr:Johnny Vietnam) || _=1592569015091
[15:16:52]HREF: 15:16 Artyuom (usr:Johnny Vietnam) || /datum/nanoui src=[0x21005e3c];vend=18;cat=0
[15:16:53]HREF: 15:16 Artyuom (usr:Johnny Vietnam) || /datum/nanoui src=[0x21005e3c];vend=18;cat=0
[15:16:53]HREF: 15:16 Artyuom (usr:Johnny Vietnam) || /datum/nanoui src=[0x21005e3c];vend=18;cat=0
[15:17:28]HREF: 15:17 CM.RU (usr:Cristian Seidner) || The communications console src=[0x2010361];operation=login
[15:17:29]HREF: 15:17 CM.RU (usr:Cristian Seidner) || The communications console src=[0x2010361];operation=announce
[15:17:41]HREF: 15:17 EngineerConager (usr:Dell Conrad) || _=1592569069395
[15:17:41]HREF: 15:17 EngineerConager (usr:Dell Conrad) || _=1592569069396
[15:18:00]HREF: 15:18 EngineerConager (usr:Dell Conrad) || _=1592569088346
[15:18:00]HREF: 15:18 EngineerConager (usr:Dell Conrad) || _=1592569088347
[15:18:19]HREF: 15:18 EngineerConager (usr:Dell Conrad) || /datum/nanoui src=[0x21005e4f];vend=14
[15:18:25]HREF: 15:18 EngineerConager (usr:Dell Conrad) || /datum/nanoui src=[0x21005e4f];vend=15
[15:18:26]HREF: 15:18 EngineerConager (usr:Dell Conrad) || /datum/nanoui src=[0x21005e4f];vend=15
[15:18:45]HREF: 15:18 EngineerConager (usr:Dell Conrad) || /datum/nanoui src=[0x21005e4f];vend=28
[15:18:59]HREF: 15:18 Alot (usr:Alot) || Alot src=[0x3000046];lobby_choice=manifest
[15:19:02]HREF: 15:19 Alot (usr:Alot) || Alot src=[0x3000046];lobby_choice=late_join_xeno
[15:19:03]HREF: 15:19 Alot (usr:Alot) || Alot src=[0x3000046];lobby_choice=late_join_xeno
[15:19:04]HREF: 15:19 Harlex5435 (usr:Nickolas Stone) || _=1592569150570
[15:19:04]HREF: 15:19 Harlex5435 (usr:Nickolas Stone) || _=1592569150571
[15:19:06]HREF: 15:19 Alot (usr:Alot) || Alot src=[0x3000046];lobby_choice=late_join_xeno
[15:19:07]HREF: 15:19 Alot (usr:Alot) || Alot src=[0x3000046];lobby_choice=late_join
[15:19:12]HREF: 15:19 Harlex5435 (usr:Nickolas Stone) || _=1592569158507
[15:19:12]HREF: 15:19 Harlex5435 (usr:Nickolas Stone) || _=1592569158508
