

Starting up round 14:29:53
---------------------
[14:40:16]ATTACK: GhostPokolenie/(Queen) has spat on [fence] with corrosive acid (North Central Barrens (118, 131, 1))
[14:40:16]ATTACK: Queen (ghostpokolenie) spat acid on the fence.
[14:40:23]ATTACK: GhostPokolenie/(Queen) has spat on [fence] with corrosive acid (North Central Barrens (117, 131, 1))
[14:40:23]ATTACK: Queen (ghostpokolenie) spat acid on the fence.
[14:40:24]ATTACK: GhostPokolenie/(Queen) has spat on [fence] with corrosive acid (North Central Barrens (117, 131, 1))
[14:40:24]ATTACK: Queen (ghostpokolenie) spat acid on the fence.
[14:40:24]ATTACK: GhostPokolenie/(Queen) has spat on [fence] with corrosive acid (North Central Barrens (117, 131, 1))
[14:40:24]ATTACK: Queen (ghostpokolenie) spat acid on the fence.
[14:40:25]ATTACK: GhostPokolenie/(Queen) has spat on [fence] with corrosive acid (North Central Barrens (117, 131, 1))
[14:40:25]ATTACK: Queen (ghostpokolenie) spat acid on the fence.
[14:40:25]ATTACK: GhostPokolenie/(Queen) has spat on [fence] with corrosive acid (North Central Barrens (117, 131, 1))
[14:40:25]ATTACK: Queen (ghostpokolenie) spat acid on the fence.
[14:42:33]ATTACK: GhostPokolenie/(Queen) has spat on [girder] with corrosive acid (North Eastern Barrens (122, 131, 1))
[14:42:33]ATTACK: Queen (ghostpokolenie) spat acid on the girder.
[14:42:35]ATTACK: GhostPokolenie/(Queen) has spat on [fence] with corrosive acid (North Eastern Barrens (122, 131, 1))
[14:42:35]ATTACK: Queen (ghostpokolenie) spat acid on the fence.
[14:42:35]ATTACK: GhostPokolenie/(Queen) has spat on [fence] with corrosive acid (North Eastern Barrens (122, 131, 1))
[14:42:35]ATTACK: Queen (ghostpokolenie) spat acid on the fence.
[14:42:35]ATTACK: GhostPokolenie/(Queen) has spat on [fence] with corrosive acid (North Eastern Barrens (122, 131, 1))
[14:42:35]ATTACK: Queen (ghostpokolenie) spat acid on the fence.
[14:42:35]ATTACK: GhostPokolenie/(Queen) has spat on [fence] with corrosive acid (North Eastern Barrens (122, 131, 1))
[14:42:35]ATTACK: Queen (ghostpokolenie) spat acid on the fence.
[14:42:35]ATTACK: GhostPokolenie/(Queen) has spat on [fence] with corrosive acid (North Eastern Barrens (122, 131, 1))
[14:42:35]ATTACK: Queen (ghostpokolenie) spat acid on the fence.
[14:42:36]ATTACK: GhostPokolenie/(Queen) has spat on [fence] with corrosive acid (North Eastern Barrens (122, 131, 1))
[14:42:36]ATTACK: Queen (ghostpokolenie) spat acid on the fence.
[14:42:36]ATTACK: GhostPokolenie/(Queen) has spat on [fence] with corrosive acid (North Eastern Barrens (122, 131, 1))
[14:42:36]ATTACK: Queen (ghostpokolenie) spat acid on the fence.
[14:42:38]ATTACK: GhostPokolenie/(Queen) has spat on [fence] with corrosive acid (North Eastern Barrens (122, 131, 1))
[14:42:38]ATTACK: Queen (ghostpokolenie) spat acid on the fence.
[14:43:54]ATTACK: GhostPokolenie/(Queen) has spat on [Mining Storage] with corrosive acid (North Central Barrens (109, 136, 1))
[14:43:54]ATTACK: Queen (ghostpokolenie) spat acid on Mining Storage.
[14:43:55]ATTACK: GhostPokolenie/(Queen) has spat on [Mining Storage] with corrosive acid (North Central Barrens (109, 136, 1))
[14:43:55]ATTACK: Queen (ghostpokolenie) spat acid on Mining Storage.
[14:43:55]ATTACK: GhostPokolenie/(Queen) has spat on [Mining Storage] with corrosive acid (North Central Barrens (109, 136, 1))
[14:43:55]ATTACK: Queen (ghostpokolenie) spat acid on Mining Storage.
[14:52:04]ATTACK: GhostPokolenie/(Queen) has spat on [fence] with corrosive acid (North Eastern Barrens (125, 131, 1))
[14:52:04]ATTACK: Queen (ghostpokolenie) spat acid on the fence.
[14:52:04]ATTACK: GhostPokolenie/(Queen) has spat on [fence] with corrosive acid (North Eastern Barrens (125, 131, 1))
[14:52:04]ATTACK: Queen (ghostpokolenie) spat acid on the fence.
[14:52:04]ATTACK: GhostPokolenie/(Queen) has spat on [fence] with corrosive acid (North Eastern Barrens (125, 131, 1))
[14:52:04]ATTACK: Queen (ghostpokolenie) spat acid on the fence.
[14:52:05]ATTACK: GhostPokolenie/(Queen) has spat on [fence] with corrosive acid (North Eastern Barrens (125, 131, 1))
[14:52:05]ATTACK: Queen (ghostpokolenie) spat acid on the fence.
[14:56:54]ATTACK: Artyuom/(Johnny Vietnam) has grabbed ZyberCpechnaz/(Ian Christman) (NEWHP: 100)  (Dropship Alamo (94, 155, 3))
[14:56:54]ATTACK: Artyuom/(Johnny Vietnam) схватил ZyberCpechnaz/(Ian Christman)
[14:57:02]ATTACK: ZyberCpechnaz/(Ian Christman) has disarmed Artyuom/(Johnny Vietnam) (NEWHP: 100)  (Hangar (98, 157, 3))
[14:57:02]ATTACK: ZyberCpechnaz/(Ian Christman) disarmed Johnny Vietnam (artyuom)
[15:00:10]ATTACK: Harlex5435/(Nickolas Stone) has grabbed Artyuom/(Johnny Vietnam) (NEWHP: 100)  (Hangar (97, 156, 3))
[15:00:10]ATTACK: Harlex5435/(Nickolas Stone) схватил Artyuom/(Johnny Vietnam)
[15:01:26]ATTACK: GhostPokolenie/(Queen) has spat on [platinum] with corrosive acid (North Central Barrens (114, 136, 1))
[15:01:26]ATTACK: Queen (ghostpokolenie) spat acid on the platinum.
[15:01:26]ATTACK: GhostPokolenie/(Queen) has spat on [platinum] with corrosive acid (North Central Barrens (114, 136, 1))
[15:01:26]ATTACK: Queen (ghostpokolenie) spat acid on the platinum.
[15:01:26]ATTACK: GhostPokolenie/(Queen) has spat on [platinum] with corrosive acid (North Central Barrens (114, 136, 1))
[15:01:26]ATTACK: Queen (ghostpokolenie) spat acid on the platinum.
[15:02:06]ATTACK: GhostPokolenie/(Queen) has spat on [Strange Temple] with corrosive acid (Eastern Caves (144, 134, 1))
[15:02:06]ATTACK: Queen (ghostpokolenie) spat acid on Strange Temple.
[15:02:06]ATTACK: GhostPokolenie/(Queen) has spat on [Strange Temple] with corrosive acid (Eastern Caves (144, 134, 1))
[15:02:06]ATTACK: Queen (ghostpokolenie) spat acid on Strange Temple.
[15:02:08]ATTACK: GhostPokolenie/(Queen) has spat on [Strange Temple] with corrosive acid (Eastern Caves (144, 134, 1))
[15:02:08]ATTACK: Queen (ghostpokolenie) spat acid on Strange Temple.
[15:02:08]ATTACK: GhostPokolenie/(Queen) has spat on [Strange Temple] with corrosive acid (Eastern Caves (144, 134, 1))
[15:02:08]ATTACK: Queen (ghostpokolenie) spat acid on Strange Temple.
[15:02:08]ATTACK: GhostPokolenie/(Queen) has spat on [Strange Temple] with corrosive acid (Eastern Caves (144, 134, 1))
[15:02:08]ATTACK: Queen (ghostpokolenie) spat acid on Strange Temple.
[15:03:00]ATTACK: GhostPokolenie/(Queen) has spat on [diamond] with corrosive acid (North Central Barrens (111, 136, 1))
[15:03:00]ATTACK: Queen (ghostpokolenie) spat acid on the diamond.
[15:03:52]ATTACK: GhostPokolenie/(Queen) has spat on [fence] with corrosive acid (North Central Barrens (112, 131, 1))
[15:03:52]ATTACK: Queen (ghostpokolenie) spat acid on the fence.
[15:03:52]ATTACK: GhostPokolenie/(Queen) has spat on [fence] with corrosive acid (North Central Barrens (112, 131, 1))
[15:03:53]ATTACK: Queen (ghostpokolenie) spat acid on the fence.
[15:03:53]ATTACK: GhostPokolenie/(Queen) has spat on [fence] with corrosive acid (North Central Barrens (112, 131, 1))
[15:03:53]ATTACK: Queen (ghostpokolenie) spat acid on the fence.
[15:03:53]ATTACK: GhostPokolenie/(Queen) has spat on [fence] with corrosive acid (North Central Barrens (112, 131, 1))
[15:03:53]ATTACK: Queen (ghostpokolenie) spat acid on the fence.
[15:03:54]ATTACK: GhostPokolenie/(Queen) has spat on [fence] with corrosive acid (North Central Barrens (112, 131, 1))
[15:03:54]ATTACK: Queen (ghostpokolenie) spat acid on the fence.
[15:04:15]ATTACK: GhostPokolenie/(Queen) has spat on [fence] with corrosive acid (North Central Barrens (107, 131, 1))
[15:04:15]ATTACK: Queen (ghostpokolenie) spat acid on the fence.
[15:04:16]ATTACK: GhostPokolenie/(Queen) has spat on [fence] with corrosive acid (North Central Barrens (107, 131, 1))
[15:04:16]ATTACK: Queen (ghostpokolenie) spat acid on the fence.
[15:04:16]ATTACK: GhostPokolenie/(Queen) has spat on [fence] with corrosive acid (North Central Barrens (107, 131, 1))
[15:04:16]ATTACK: Queen (ghostpokolenie) spat acid on the fence.
[15:04:18]ATTACK: GhostPokolenie/(Queen) has spat on [fence] with corrosive acid (North Central Barrens (107, 131, 1))
[15:04:18]ATTACK: Queen (ghostpokolenie) spat acid on the fence.
[15:04:18]ATTACK: GhostPokolenie/(Queen) has spat on [fence] with corrosive acid (North Central Barrens (107, 131, 1))
[15:04:18]ATTACK: Queen (ghostpokolenie) spat acid on the fence.
[15:04:23]ATTACK: IsaacLoh/(Armando Dominguez) has hit Harlex5435/(Nickolas Stone) with [tomato] (thrown) (NEWHP: 100)  (Main Hallway (140, 35, 1))
[15:04:23]ATTACK: Nickolas Stone (harlex5435) was hit by a the tomato, thrown by Armando Dominguez (isaacloh) (<A HREF='?_src_=holder;adminplayerobservecoodjump=1;X=143;Y=36;Z=1'>JMP</a>)
[15:04:27]ATTACK: GhostPokolenie/(Queen) has spat on [fence] with corrosive acid (North Central Barrens (105, 131, 1))
[15:04:27]ATTACK: Queen (ghostpokolenie) spat acid on the fence.
[15:04:27]ATTACK: GhostPokolenie/(Queen) has spat on [fence] with corrosive acid (North Central Barrens (105, 131, 1))
[15:04:27]ATTACK: Queen (ghostpokolenie) spat acid on the fence.
[15:04:52]ATTACK: IsaacLoh/(Armando Dominguez) has attacked *no key*/(farwa (625)) with [M5 'Night Raider' survival knife] (INTENT: HURT) (DAMTYE: BRUTE) (NEWHP: 100)  (Cargo Bay (145, 47, 1))
[15:04:52]ATTACK: IsaacLoh/(Armando Dominguez) attacked *no key*/(farwa (625)) with M5 'Night Raider' survival knife (INTENT: HURT) (DAMTYE: BRUTE)
[15:04:53]ATTACK: IsaacLoh/(Armando Dominguez) has attacked *no key*/(farwa (625)) with [M5 'Night Raider' survival knife] (INTENT: HURT) (DAMTYE: BRUTE) (NEWHP: 75)  (Cargo Bay (145, 47, 1))
[15:04:53]ATTACK: IsaacLoh/(Armando Dominguez) attacked *no key*/(farwa (625)) with M5 'Night Raider' survival knife (INTENT: HURT) (DAMTYE: BRUTE)
[15:04:54]ATTACK: IsaacLoh/(Armando Dominguez) has attacked *no key*/(farwa (625)) with [M5 'Night Raider' survival knife] (INTENT: HURT) (DAMTYE: BRUTE) (NEWHP: 50)  (Cargo Bay (145, 47, 1))
[15:04:54]ATTACK: IsaacLoh/(Armando Dominguez) attacked *no key*/(farwa (625)) with M5 'Night Raider' survival knife (INTENT: HURT) (DAMTYE: BRUTE)
[15:05:01]ATTACK: IsaacLoh/(Armando Dominguez) has attacked *no key*/(farwa (625)) with [M5 'Night Raider' survival knife] (INTENT: HELP) (DAMTYE: BRUTE) (NEWHP: 25)  (Cargo Bay (145, 47, 1))
[15:05:01]ATTACK: IsaacLoh/(Armando Dominguez) attacked *no key*/(farwa (625)) with M5 'Night Raider' survival knife (INTENT: HELP) (DAMTYE: BRUTE)
[15:05:02]ATTACK: IsaacLoh/(Armando Dominguez) has attacked *no key*/(farwa (625)) with [M5 'Night Raider' survival knife] (INTENT: HELP) (DAMTYE: BRUTE) (NEWHP: 0)  (Cargo Bay (145, 47, 1))
[15:05:02]ATTACK: IsaacLoh/(Armando Dominguez) attacked *no key*/(farwa (625)) with M5 'Night Raider' survival knife (INTENT: HELP) (DAMTYE: BRUTE)
[15:05:03]ATTACK: IsaacLoh/(Armando Dominguez) has attacked *no key*/(farwa (625)) with [M5 'Night Raider' survival knife] (INTENT: HELP) (DAMTYE: BRUTE) (NEWHP: -25)  (Cargo Bay (145, 47, 1))
[15:05:03]ATTACK: IsaacLoh/(Armando Dominguez) attacked *no key*/(farwa (625)) with M5 'Night Raider' survival knife (INTENT: HELP) (DAMTYE: BRUTE)
[15:05:29]ATTACK: GhostPokolenie/(Queen) has spat on [metal] with corrosive acid (North Central Barrens (112, 136, 1))
[15:05:29]ATTACK: Queen (ghostpokolenie) spat acid on the metal.
[15:05:29]ATTACK: GhostPokolenie/(Queen) has spat on [metal] with corrosive acid (North Central Barrens (112, 136, 1))
[15:05:29]ATTACK: Queen (ghostpokolenie) spat acid on the metal.
[15:05:35]ATTACK: GhostPokolenie/(Queen) has spat on [metal] with corrosive acid (North Central Barrens (112, 136, 1))
[15:05:35]ATTACK: Queen (ghostpokolenie) spat acid on the metal.
[15:05:35]ATTACK: GhostPokolenie/(Queen) has spat on [metal] with corrosive acid (North Central Barrens (112, 136, 1))
[15:05:35]ATTACK: Queen (ghostpokolenie) spat acid on the metal.
[15:05:35]ATTACK: GhostPokolenie/(Queen) has spat on [metal] with corrosive acid (North Central Barrens (112, 136, 1))
[15:05:35]ATTACK: Queen (ghostpokolenie) spat acid on the metal.
[15:05:37]ATTACK: GhostPokolenie/(Queen) has spat on [metal] with corrosive acid (North Central Barrens (112, 136, 1))
[15:05:37]ATTACK: Queen (ghostpokolenie) spat acid on the metal.
[15:05:38]ATTACK: GhostPokolenie/(Queen) has spat on [metal] with corrosive acid (North Central Barrens (112, 136, 1))
[15:05:38]ATTACK: Queen (ghostpokolenie) spat acid on the metal.
[15:05:41]ATTACK: GhostPokolenie/(Queen) has spat on [metal] with corrosive acid (North Central Barrens (112, 136, 1))
[15:05:41]ATTACK: Queen (ghostpokolenie) spat acid on the metal.
[15:05:41]ATTACK: GhostPokolenie/(Queen) has spat on [metal] with corrosive acid (North Central Barrens (112, 136, 1))
[15:05:42]ATTACK: Queen (ghostpokolenie) spat acid on the metal.
[15:06:26]ATTACK: IsaacLoh/(Armando Dominguez) IsaacLoh/(Armando Dominguez) committed suicide with [SU-6 Smart Pistol] (Almayer Dropship 1 (153, 32, 1))
[15:06:42]ATTACK: GhostPokolenie/(Queen) has spat on [table] with corrosive acid (North Eastern Barrens (150, 123, 1))
[15:06:42]ATTACK: Queen (ghostpokolenie) spat acid on the table.
[15:07:14]ATTACK: GhostPokolenie/(Elder Queen) has spat on [alien sarcophagus] with corrosive acid (North Eastern Barrens (167, 130, 1))
[15:07:14]ATTACK: Elder Queen (ghostpokolenie) spat acid on the alien sarcophagus.
[15:07:15]ATTACK: GhostPokolenie/(Elder Queen) has spat on [alien sarcophagus] with corrosive acid (North Eastern Barrens (167, 130, 1))
[15:07:15]ATTACK: Elder Queen (ghostpokolenie) spat acid on the alien sarcophagus.
[15:07:45]ATTACK: Harlex5435/(Nickolas Stone) has grabbed IsaacLoh/(Armando Dominguez) (NEWHP: -25.25)  (Almayer Dropship 1 (152, 32, 1))
[15:07:45]ATTACK: Harlex5435/(Nickolas Stone) схватил IsaacLoh/(Armando Dominguez)
[15:08:13]ATTACK: Artyuom/(Johnny Vietnam) has hit Sewa/(Kelvin Focell) with [Red Star Vodka] (thrown) (NEWHP: 99.4)  (Main Hallway (137, 34, 1))
[15:08:13]ATTACK: Kelvin Focell (sewa) was hit by a Red Star Vodka, thrown by Johnny Vietnam (artyuom) (<A HREF='?_src_=holder;adminplayerobservecoodjump=1;X=142;Y=35;Z=1'>JMP</a>)
[15:08:55]ATTACK: EngineerConager/(Dell Conrad) EngineerConager/(Dell Conrad) committed suicide with [Mateba autorevolver special] (Combat Information Center (94, 255, 3))
[15:09:22]ATTACK: Harlex5435/(Nickolas Stone) has fed ZyberCpechnaz/(Ian Christman) with [Emeraldine Melon Liquor] Reagents: melonliquor(52u) (NEWHP: 100)  (Main Hallway (140, 37, 1))
[15:09:22]ATTACK: Harlex5435/(Nickolas Stone) fed ZyberCpechnaz/(Ian Christman) with Emeraldine Melon Liquor Reagents: melonliquor(52u) (INTENT: HELP) (<A HREF='?_src_=holder;adminplayerobservecoodjump=1;X=140;Y=37;Z=1'>JMP</a>)
[15:09:26]ATTACK: Harlex5435/(Nickolas Stone) has fed ZyberCpechnaz/(Ian Christman) with [Emeraldine Melon Liquor] Reagents: melonliquor(42u) (NEWHP: 100)  (Main Hallway (140, 37, 1))
[15:09:26]ATTACK: Harlex5435/(Nickolas Stone) fed ZyberCpechnaz/(Ian Christman) with Emeraldine Melon Liquor Reagents: melonliquor(42u) (INTENT: HELP) (<A HREF='?_src_=holder;adminplayerobservecoodjump=1;X=140;Y=37;Z=1'>JMP</a>)
[15:09:43]ATTACK: ZyberCpechnaz/(Ian Christman) ZyberCpechnaz/(Ian Christman) committed suicide with [M41AE2 heavy pulse rifle (Wielded)] (Main Hallway (141, 38, 1))
[15:09:58]ATTACK: Harlex5435/(Nickolas Stone) Harlex5435/(Nickolas Stone) committed suicide with [88 Mod 4 combat pistol] (Main Hallway (142, 36, 1))
