

Starting up round 14:42:21
---------------------
[14:47:10]ATTACK: Sanyas325/(Tom Svirten) has attacked Sanyas325/(Tom Svirten) with [USCM uniform] (INTENT: HELP) (DAMTYE: BRUTE) (NEWHP: 100)  (Squad Alpha Cargo (208, 175, 3))
[14:47:10]ATTACK: Sanyas325/(Tom Svirten) attacked Sanyas325/(Tom Svirten) with USCM uniform (INTENT: HELP) (DAMTYE: BRUTE)
[14:49:18]ATTACK: Random12234/(Queen) has grabbed *no key*/(monkey (539)) (NEWHP: 100)  (Weyland Yutani Research Lab (200, 123, 1))
[14:49:18]ATTACK: Random12234/(Queen) схватил *no key*/(monkey (539))
[14:49:25]ATTACK: Random12234/(Queen) has grabbed *no key*/(monkey (306)) (NEWHP: 100)  (Weyland Yutani Research Lab (196, 122, 1))
[14:49:25]ATTACK: Random12234/(Queen) схватил *no key*/(monkey (306))
[14:51:12]ATTACK: ZyberCpechnaz/(Jadon Taylor) has hit Artyuom/(Johnny Vietnam) with [Combat Technician Support Kit] (thrown) (NEWHP: 99.8)  (Squad Alpha Cargo (173, 177, 3))
[14:51:12]ATTACK: Johnny Vietnam (artyuom) was hit by a Combat Technician Support Kit, thrown by Jadon Taylor (zybercpechnaz) (<A HREF='?_src_=holder;adminplayerobservecoodjump=1;X=175;Y=177;Z=3'>JMP</a>)
[14:51:15]ATTACK: Random12234/(Queen) has grabbed *no key*/(farwa (577)) (NEWHP: 100)  (Weyland Yutani Research Lab (200, 131, 1))
[14:51:15]ATTACK: Random12234/(Queen) схватил *no key*/(farwa (577))
[14:51:26]ATTACK: ZyberCpechnaz/(Jadon Taylor) has hit Artyuom/(Johnny Vietnam) with [Magnetic Harness] (thrown) (NEWHP: 100)  (Squad Alpha Cargo (173, 177, 3))
[14:51:26]ATTACK: Johnny Vietnam (artyuom) was hit by a Magnetic Harness, thrown by Jadon Taylor (zybercpechnaz) (<A HREF='?_src_=holder;adminplayerobservecoodjump=1;X=175;Y=177;Z=3'>JMP</a>)
[14:51:38]ATTACK: ZyberCpechnaz/(Jadon Taylor) has hit Artyuom/(Johnny Vietnam) with [M-OU53 Field Test Kit] (thrown) (NEWHP: 100)  (Squad Alpha Cargo (173, 177, 3))
[14:51:38]ATTACK: Johnny Vietnam (artyuom) was hit by a M-OU53 Field Test Kit, thrown by Jadon Taylor (zybercpechnaz) (<A HREF='?_src_=holder;adminplayerobservecoodjump=1;X=175;Y=177;Z=3'>JMP</a>)
[14:51:40]ATTACK: Random12234/(Queen) has grabbed *no key*/(neaera (176)) (NEWHP: 100)  (Weyland Yutani Research Lab (190, 130, 1))
[14:51:40]ATTACK: Random12234/(Queen) схватил *no key*/(neaera (176))
[14:55:45]ATTACK: ZyberCpechnaz/(Jadon Taylor) has disarmed Artyuom/(Johnny Vietnam) (NEWHP: 100)  (Briefing Area (174, 155, 3))
[14:55:45]ATTACK: ZyberCpechnaz/(Jadon Taylor) disarmed Johnny Vietnam (artyuom)
[14:57:15]ATTACK: Random12234/(Queen) has grabbed *no key*/(neaera (406)) (NEWHP: 100)  (Weyland Yutani Research Lab (168, 121, 1))
[14:57:15]ATTACK: Random12234/(Queen) схватил *no key*/(neaera (406))
[14:57:38]ATTACK: Random12234/(Queen) has grabbed *no key*/(neaera (406)) (NEWHP: 100)  (Weyland Yutani Research Lab (179, 116, 1))
[14:57:38]ATTACK: Random12234/(Queen) схватил *no key*/(neaera (406))
[14:58:09]ATTACK: Random12234/(Queen) has grabbed *no key*/(neaera (406)) (NEWHP: 100)  (Weyland Yutani Research Lab (194, 121, 1))
[14:58:09]ATTACK: Random12234/(Queen) схватил *no key*/(neaera (406))
[14:59:10]ATTACK: Random12234/(Queen) has grabbed *no key*/(monkey (912)) (NEWHP: 100)  (Weyland Yutani Research Lab (178, 132, 1))
[14:59:11]ATTACK: Random12234/(Queen) схватил *no key*/(monkey (912))
[15:03:50]ATTACK: Artyuom/(Johnny Vietnam) has hit ZyberCpechnaz/(Jadon Taylor) with [emergency defibrillator] (thrown) (NEWHP: 100)  (Dropship Alamo (93, 151, 3))
[15:03:50]ATTACK: Jadon Taylor (zybercpechnaz) was hit by a the emergency defibrillator, thrown by Johnny Vietnam (artyuom) (<A HREF='?_src_=holder;adminplayerobservecoodjump=1;X=92;Y=153;Z=3'>JMP</a>)
[15:04:45]ATTACK: ZyberCpechnaz/(Jadon Taylor) has disarmed Artyuom/(Johnny Vietnam) (NEWHP: 100)  (Hangar (99, 152, 3))
[15:04:45]ATTACK: ZyberCpechnaz/(Jadon Taylor) disarmed Johnny Vietnam (artyuom)
[15:04:48]ATTACK: ZyberCpechnaz/(Jadon Taylor) has disarmed Artyuom/(Johnny Vietnam) (NEWHP: 100)  (Medical Lower (104, 152, 3))
[15:04:48]ATTACK: ZyberCpechnaz/(Jadon Taylor) disarmed Johnny Vietnam (artyuom)
[15:12:17]ATTACK: Artyuom/(Johnny Vietnam) has grabbed ZyberCpechnaz/(Jadon Taylor) (NEWHP: 100)  (Telecommunications (20, 199, 1))
[15:12:17]ATTACK: Artyuom/(Johnny Vietnam) схватил ZyberCpechnaz/(Jadon Taylor)
[15:12:47]ATTACK: Drooper/(Jonathon Edhard) has hit Artyuom/(Johnny Vietnam) with [Decalm Slay Map] (thrown) (NEWHP: 99.9)  (Space Port (38, 184, 1))
[15:12:47]ATTACK: Johnny Vietnam (artyuom) was hit by a Decalm Slay Map, thrown by Jonathon Edhard (drooper) (<A HREF='?_src_=holder;adminplayerobservecoodjump=1;X=37;Y=183;Z=1'>JMP</a>)
[15:13:46]ATTACK: Random12234/(Queen) has grabbed *no key*/(monkey (539)) (NEWHP: 100)  (Weyland Yutani Research Lab (200, 121, 1))
[15:13:46]ATTACK: Random12234/(Queen) схватил *no key*/(monkey (539))
[15:13:51]ATTACK: Random12234/(Queen) has grabbed *no key*/(monkey (306)) (NEWHP: 99)  (Weyland Yutani Research Lab (199, 121, 1))
[15:13:51]ATTACK: Random12234/(Queen) схватил *no key*/(monkey (306))
[15:13:56]ATTACK: Random12234/(Queen) has grabbed *no key*/(farwa (577)) (NEWHP: 100)  (Weyland Yutani Research Lab (198, 121, 1))
[15:13:56]ATTACK: Random12234/(Queen) схватил *no key*/(farwa (577))
[15:14:00]ATTACK: Random12234/(Queen) has grabbed *no key*/(neaera (176)) (NEWHP: 100)  (Weyland Yutani Research Lab (197, 121, 1))
[15:14:00]ATTACK: Random12234/(Queen) схватил *no key*/(neaera (176))
[15:14:08]ATTACK: Random12234/(Queen) has grabbed *no key*/(monkey (306)) (NEWHP: 99)  (Weyland Yutani Research Lab (198, 120, 1))
[15:14:08]ATTACK: Random12234/(Queen) схватил *no key*/(monkey (306))
[15:16:25]ATTACK: Random12234/(Queen) has grabbed *no key*/(monkey (974)) (NEWHP: 100)  (Weyland Yutani Compound (131, 133, 1))
[15:16:25]ATTACK: Random12234/(Queen) схватил *no key*/(monkey (974))
[15:17:16]ATTACK: Drooper/(Jonathon Edhard) has hit Artyuom/(Johnny Vietnam) with [firefighter helmet] (thrown) (NEWHP: 100)  (Space Cargo (54, 184, 1))
[15:17:16]ATTACK: Johnny Vietnam (artyuom) was hit by a the firefighter helmet, thrown by Jonathon Edhard (drooper) (<A HREF='?_src_=holder;adminplayerobservecoodjump=1;X=49;Y=184;Z=1'>JMP</a>)
[15:17:53]ATTACK: Random12234/(Elder Queen) has grabbed *no key*/(monkey (974)) (NEWHP: 100)  (Weyland Yutani Research Lab (197, 119, 1))
[15:17:53]ATTACK: Random12234/(Elder Queen) схватил *no key*/(monkey (974))
[15:23:18]ATTACK: ZyberCpechnaz/(Jadon Taylor) has grabbed *no key*/(Colonist Ben Harris) (NEWHP: -560)  (Weyland Yutani Compound (89, 103, 1))
[15:23:18]ATTACK: ZyberCpechnaz/(Jadon Taylor) схватил *no key*/(Colonist Ben Harris)
[15:23:20]ATTACK: Drooper/(Jonathon Edhard) has grabbed *no key*/(Colonist Mio Linno) (NEWHP: -530)  (Weyland Yutani Research Lab (84, 102, 1))
[15:23:20]ATTACK: Drooper/(Jonathon Edhard) схватил *no key*/(Colonist Mio Linno)
[15:23:44]ATTACK: Drooper/(Jonathon Edhard) has grabbed *no key*/(Colonist Harry Trent) (NEWHP: -570)  (Weyland Yutani Compound (90, 103, 1))
[15:23:44]ATTACK: Drooper/(Jonathon Edhard) схватил *no key*/(Colonist Harry Trent)
[15:24:00]ATTACK: Random12234/(Elder Queen) has shot Sewa/(Kelvin Focell) with [acid spatter] (NEWHP: 100)  (Weyland Yutani Compound (75, 109, 1))
[15:24:01]ATTACK: Elder Queen (random12234) shot Kelvin Focell (sewa) with an acid spatter in Weyland Yutani Compound (<A HREF='?_src_=holder;adminplayerobservecoodjump=1;X=75;Y=109;Z=1'>JMP</a>)
[15:24:04]ATTACK: Sanyas325/(Tom Svirten) has shot ZyberCpechnaz/(Jadon Taylor) with [rifle bullet] (NEWHP: 100)  (Weyland Yutani Compound (79, 108, 1))
[15:24:04]ATTACK: Tom Svirten (sanyas325) shot Jadon Taylor (zybercpechnaz) with a rifle bullet in Weyland Yutani Compound (<A HREF='?_src_=holder;adminplayerobservecoodjump=1;X=79;Y=108;Z=1'>JMP</a>) (<a href='?priv_msg=[0x5000007]'>PM</a>)
[15:24:07]ATTACK: Sewa/(Kelvin Focell) has shot Random12234/(Elder Queen) with [smartgun bullet] (NEWHP: 400)  (Weyland Yutani Compound (78, 110, 1))
[15:24:07]ATTACK: Kelvin Focell (sewa) shot Elder Queen (random12234) with a smartgun bullet in Weyland Yutani Compound (<A HREF='?_src_=holder;adminplayerobservecoodjump=1;X=78;Y=110;Z=1'>JMP</a>)
[15:24:07]ATTACK: Sewa/(Kelvin Focell) has shot Random12234/(Elder Queen) with [smartgun bullet] (NEWHP: 380)  (Weyland Yutani Compound (78, 110, 1))
[15:24:07]ATTACK: Kelvin Focell (sewa) shot Elder Queen (random12234) with a smartgun bullet in Weyland Yutani Compound (<A HREF='?_src_=holder;adminplayerobservecoodjump=1;X=78;Y=110;Z=1'>JMP</a>)
[15:24:08]ATTACK: Sewa/(Kelvin Focell) has shot Random12234/(Elder Queen) with [smartgun bullet] (NEWHP: 353.051)  (Weyland Yutani Compound (78, 110, 1))
[15:24:08]ATTACK: Kelvin Focell (sewa) shot Elder Queen (random12234) with a smartgun bullet in Weyland Yutani Compound (<A HREF='?_src_=holder;adminplayerobservecoodjump=1;X=78;Y=110;Z=1'>JMP</a>)
[15:24:11]ATTACK: Random12234/(Elder Queen) has slashed ZyberCpechnaz/(Jadon Taylor) (NEWHP: 67)  (Weyland Yutani Compound (75, 107, 1))
[15:24:30]ATTACK: Drooper/(Jonathon Edhard) has shot Random12234/(Elder Queen) with [A19 high velocity bullet] (NEWHP: 353.558)  (Lambda Lab (73, 116, 1))
[15:24:30]ATTACK: Jonathon Edhard (drooper) shot Elder Queen (random12234) with A19 high velocity bullet in Lambda Lab (<A HREF='?_src_=holder;adminplayerobservecoodjump=1;X=73;Y=116;Z=1'>JMP</a>)
[15:24:31]ATTACK: Drooper/(Jonathon Edhard) has shot Sewa/(Kelvin Focell) with [A19 high velocity bullet] (NEWHP: 88.5)  (Lambda Lab (73, 116, 1))
[15:24:31]ATTACK: Jonathon Edhard (drooper) shot Kelvin Focell (sewa) with A19 high velocity bullet in Lambda Lab (<A HREF='?_src_=holder;adminplayerobservecoodjump=1;X=73;Y=116;Z=1'>JMP</a>) (<a href='?priv_msg=[0x5000004]'>PM</a>)
[15:24:32]ATTACK: Drooper/(Jonathon Edhard) has shot Sewa/(Kelvin Focell) with [A19 high velocity bullet] (NEWHP: 35.5)  (Lambda Lab (73, 116, 1))
[15:24:32]ATTACK: Jonathon Edhard (drooper) shot Kelvin Focell (sewa) with A19 high velocity bullet in Lambda Lab (<A HREF='?_src_=holder;adminplayerobservecoodjump=1;X=73;Y=116;Z=1'>JMP</a>) (<a href='?priv_msg=[0x5000004]'>PM</a>)
[15:24:40]ATTACK: Sewa/(Kelvin Focell) has injected Sewa/(Kelvin Focell) with [First-aid autoinjector] Reagents: Tricordrazine (NEWHP: 12.9)  (Lambda Lab (77, 123, 1))
[15:24:40]ATTACK: Kelvin Focell (sewa) injected Kelvin Focell (Sewa) with First-aid autoinjector. Reagents: Tricordrazine (INTENT: HURT) (<A HREF='?_src_=holder;adminplayerobservecoodjump=1;X=77;Y=123;Z=1'>JMP</a>)
[15:24:43]ATTACK: Sewa/(Kelvin Focell) has punched Sewa/(Kelvin Focell) (NEWHP: 15)  (Lambda Lab (78, 123, 1))
[15:24:43]ATTACK: Sewa/(Kelvin Focell) punched Sewa/(Kelvin Focell)
[15:25:23]ATTACK: Drooper/(Jonathon Edhard) has shot Random12234/(Elder Queen) with [A19 high velocity bullet] (NEWHP: 360.826)  (General Store (85, 121, 1))
[15:25:23]ATTACK: Jonathon Edhard (drooper) shot Elder Queen (random12234) with A19 high velocity bullet in General Store (<A HREF='?_src_=holder;adminplayerobservecoodjump=1;X=85;Y=121;Z=1'>JMP</a>)
[15:25:23]ATTACK: Random12234/(Elder Queen) has xeno charged Drooper/(Jonathon Edhard) (NEWHP: 100)  (General Store (85, 121, 1))
[15:25:26]ATTACK: ZyberCpechnaz/(Jadon Taylor) has shot Random12234/(Elder Queen) with [rifle bullet] (NEWHP: 318.927)  (Lambda Lab (83, 123, 1))
[15:25:26]ATTACK: Jadon Taylor (zybercpechnaz) shot Elder Queen (random12234) with a rifle bullet in Lambda Lab (<A HREF='?_src_=holder;adminplayerobservecoodjump=1;X=83;Y=123;Z=1'>JMP</a>)
[15:25:26]ATTACK: ZyberCpechnaz/(Jadon Taylor) has shot Random12234/(Elder Queen) with [rifle bullet] (NEWHP: 271.927)  (Lambda Lab (83, 123, 1))
[15:25:26]ATTACK: Jadon Taylor (zybercpechnaz) shot Elder Queen (random12234) with a rifle bullet in Lambda Lab (<A HREF='?_src_=holder;adminplayerobservecoodjump=1;X=83;Y=123;Z=1'>JMP</a>)
[15:25:30]ATTACK: ZyberCpechnaz/(Jadon Taylor) has shot Random12234/(Elder Queen) with [rifle bullet] (NEWHP: 224.029)  (General Store (82, 121, 1))
[15:25:30]ATTACK: Jadon Taylor (zybercpechnaz) shot Elder Queen (random12234) with a rifle bullet in General Store (<A HREF='?_src_=holder;adminplayerobservecoodjump=1;X=82;Y=121;Z=1'>JMP</a>)
[15:25:32]ATTACK: ZyberCpechnaz/(Jadon Taylor) has shot Random12234/(Elder Queen) with [rifle bullet] (NEWHP: 171.079)  (General Store (83, 121, 1))
[15:25:32]ATTACK: Jadon Taylor (zybercpechnaz) shot Elder Queen (random12234) with a rifle bullet in General Store (<A HREF='?_src_=holder;adminplayerobservecoodjump=1;X=83;Y=121;Z=1'>JMP</a>)
[15:25:33]ATTACK: ZyberCpechnaz/(Jadon Taylor) has shot Random12234/(Elder Queen) with [rifle bullet] (NEWHP: 125.079)  (General Store (83, 121, 1))
[15:25:33]ATTACK: Jadon Taylor (zybercpechnaz) shot Elder Queen (random12234) with a rifle bullet in General Store (<A HREF='?_src_=holder;adminplayerobservecoodjump=1;X=83;Y=121;Z=1'>JMP</a>)
[15:25:35]ATTACK: ZyberCpechnaz/(Jadon Taylor) has grabbed Drooper/(Jonathon Edhard) (NEWHP: 1.00001)  (General Store (82, 121, 1))
[15:25:35]ATTACK: ZyberCpechnaz/(Jadon Taylor) схватил Drooper/(Jonathon Edhard)
[15:25:57]ATTACK: Drooper/(Jonathon Edhard) has injected Drooper/(Jonathon Edhard) with [Pain-stop autoinjector] Reagents: Tramadol (NEWHP: 1.00001)  (Lambda Lab (82, 124, 1))
[15:25:57]ATTACK: Jonathon Edhard (drooper) injected Jonathon Edhard (Drooper) with Pain-stop autoinjector. Reagents: Tramadol (INTENT: HELP) (<A HREF='?_src_=holder;adminplayerobservecoodjump=1;X=82;Y=124;Z=1'>JMP</a>)
[15:25:59]ATTACK: Drooper/(Jonathon Edhard) has injected Drooper/(Jonathon Edhard) with [First-aid autoinjector] Reagents: Tricordrazine (NEWHP: 1.00001)  (Lambda Lab (82, 123, 1))
[15:25:59]ATTACK: Jonathon Edhard (drooper) injected Jonathon Edhard (Drooper) with First-aid autoinjector. Reagents: Tricordrazine (INTENT: HELP) (<A HREF='?_src_=holder;adminplayerobservecoodjump=1;X=82;Y=123;Z=1'>JMP</a>)
[15:28:13]ATTACK: Drooper/(Jonathon Edhard) has grabbed Sewa/(Kelvin Focell) (NEWHP: 60.2)  (Lambda Lab (71, 144, 1))
[15:28:13]ATTACK: Drooper/(Jonathon Edhard) схватил Sewa/(Kelvin Focell)
[15:28:21]ATTACK: ZyberCpechnaz/(Jadon Taylor) has shot Sanyas325/(Tom Svirten) with [rifle bullet] (NEWHP: 100)  (Lambda Lab (79, 125, 1))
[15:28:21]ATTACK: Jadon Taylor (zybercpechnaz) shot Tom Svirten (sanyas325) with a rifle bullet in Lambda Lab (<A HREF='?_src_=holder;adminplayerobservecoodjump=1;X=79;Y=125;Z=1'>JMP</a>) (<a href='?priv_msg=[0x5000003]'>PM</a>)
[15:28:27]ATTACK: Random12234/(Elder Queen) has tail-stabbed Sanyas325/(Tom Svirten) (NEWHP: 49)  (Lambda Lab (80, 123, 1))
[15:28:28]ATTACK: Random12234/(Elder Queen) has grabbed Sanyas325/(Tom Svirten) (NEWHP: -46.1)  (Lambda Lab (80, 123, 1))
[15:28:28]ATTACK: Random12234/(Elder Queen) схватил Sanyas325/(Tom Svirten)
[15:28:35]ATTACK: Random12234/(Elder Queen) has slashed Sanyas325/(Tom Svirten) (NEWHP: -46.4)  (General Store (81, 121, 1))
[15:28:36]ATTACK: Random12234/(Elder Queen) has slashed Sanyas325/(Tom Svirten) (NEWHP: -46.4)  (General Store (81, 121, 1))
[15:28:38]ATTACK: Random12234/(Elder Queen) has slashed Sanyas325/(Tom Svirten) (NEWHP: -61.5)  (General Store (80, 121, 1))
[15:28:40]ATTACK: Random12234/(Elder Queen) has slashed Sanyas325/(Tom Svirten) (NEWHP: -65.6)  (General Store (80, 121, 1))
[15:28:42]ATTACK: Random12234/(Elder Queen) has slashed Sanyas325/(Tom Svirten) (NEWHP: -90.2)  (General Store (80, 121, 1))
[15:28:43]ATTACK: Random12234/(Elder Queen) has slashed Sanyas325/(Tom Svirten) (NEWHP: -112.2)  (General Store (80, 121, 1))
[15:28:47]ATTACK: ZyberCpechnaz/(Jadon Taylor) has shot Random12234/(Elder Queen) with [rifle bullet] (NEWHP: 268.395)  (Lambda Lab (83, 123, 1))
[15:28:47]ATTACK: Jadon Taylor (zybercpechnaz) shot Elder Queen (random12234) with a rifle bullet in Lambda Lab (<A HREF='?_src_=holder;adminplayerobservecoodjump=1;X=83;Y=123;Z=1'>JMP</a>)
[15:28:47]ATTACK: ZyberCpechnaz/(Jadon Taylor) has shot Random12234/(Elder Queen) with [rifle bullet] (NEWHP: 242.395)  (Lambda Lab (83, 123, 1))
[15:28:47]ATTACK: Jadon Taylor (zybercpechnaz) shot Elder Queen (random12234) with a rifle bullet in Lambda Lab (<A HREF='?_src_=holder;adminplayerobservecoodjump=1;X=83;Y=123;Z=1'>JMP</a>)
[15:28:47]ATTACK: ZyberCpechnaz/(Jadon Taylor) has shot Random12234/(Elder Queen) with [rifle bullet] (NEWHP: 218.395)  (Lambda Lab (83, 123, 1))
[15:28:47]ATTACK: Jadon Taylor (zybercpechnaz) shot Elder Queen (random12234) with a rifle bullet in Lambda Lab (<A HREF='?_src_=holder;adminplayerobservecoodjump=1;X=83;Y=123;Z=1'>JMP</a>)
[15:28:47]ATTACK: ZyberCpechnaz/(Jadon Taylor) has shot Random12234/(Elder Queen) with [rifle bullet] (NEWHP: 165.445)  (Lambda Lab (83, 123, 1))
[15:28:47]ATTACK: Jadon Taylor (zybercpechnaz) shot Elder Queen (random12234) with a rifle bullet in Lambda Lab (<A HREF='?_src_=holder;adminplayerobservecoodjump=1;X=83;Y=123;Z=1'>JMP</a>)
[15:28:57]ATTACK: ZyberCpechnaz/(Jadon Taylor) has shot Random12234/(Elder Queen) with [rifle bullet] (NEWHP: 123.648)  (General Store (82, 121, 1))
[15:28:57]ATTACK: Jadon Taylor (zybercpechnaz) shot Elder Queen (random12234) with a rifle bullet in General Store (<A HREF='?_src_=holder;adminplayerobservecoodjump=1;X=82;Y=121;Z=1'>JMP</a>)
[15:28:57]ATTACK: ZyberCpechnaz/(Jadon Taylor) has shot Random12234/(Elder Queen) with [rifle bullet] (NEWHP: 67.6482)  (Lambda Lab (82, 122, 1))
[15:28:57]ATTACK: Jadon Taylor (zybercpechnaz) shot Elder Queen (random12234) with a rifle bullet in Lambda Lab (<A HREF='?_src_=holder;adminplayerobservecoodjump=1;X=82;Y=122;Z=1'>JMP</a>)
[15:29:10]ATTACK: ZyberCpechnaz/(Jadon Taylor) has grabbed Sanyas325/(Tom Svirten) (NEWHP: -211.3)  (Lambda Lab (82, 122, 1))
[15:29:10]ATTACK: ZyberCpechnaz/(Jadon Taylor) схватил Sanyas325/(Tom Svirten)
[15:29:15]ATTACK: Artyuom/(Johnny Vietnam) has grabbed Sanyas325/(Tom Svirten) (NEWHP: -211.3)  (Lambda Lab (82, 124, 1))
[15:29:15]ATTACK: Artyuom/(Johnny Vietnam) схватил Sanyas325/(Tom Svirten)
[15:29:48]ATTACK: Artyuom/(Johnny Vietnam) has attempted to remove [USCM uniform] (body) Sanyas325/(Tom Svirten) (NEWHP: -211.3)  (Lambda Lab (62, 132, 1))
[15:30:07]ATTACK: ZyberCpechnaz/(Jadon Taylor) has shot Random12234/(Elder Queen) with [rifle bullet] (NEWHP: 150.939)  (General Store (81, 117, 1))
[15:30:07]ATTACK: Jadon Taylor (zybercpechnaz) shot Elder Queen (random12234) with a rifle bullet in General Store (<A HREF='?_src_=holder;adminplayerobservecoodjump=1;X=81;Y=117;Z=1'>JMP</a>)
[15:30:35]ATTACK: Artyuom/(Johnny Vietnam) has grabbed Sanyas325/(Tom Svirten) (NEWHP: -135.3)  (Lambda Lab (62, 132, 1))
[15:30:35]ATTACK: Artyuom/(Johnny Vietnam) схватил Sanyas325/(Tom Svirten)
[15:30:41]ATTACK: ZyberCpechnaz/(Jadon Taylor) has hit Sewa/(Kelvin Focell) with [M41A pulse rifle MK2] (thrown) (NEWHP: 68.8)  (Lambda Lab (64, 127, 1))
[15:30:41]ATTACK: Kelvin Focell (sewa) was hit by a M41A pulse rifle MK2, thrown by Jadon Taylor (zybercpechnaz) (<A HREF='?_src_=holder;adminplayerobservecoodjump=1;X=63;Y=129;Z=1'>JMP</a>)
[15:31:43]ATTACK: Artyuom/(Johnny Vietnam) has fed Drooper/(Jonathon Edhard) with [pill] Reagents: quickclot(10u) (NEWHP: 38.5)  (Lambda Lab (64, 130, 1))
[15:31:43]ATTACK: Johnny Vietnam (artyuom) fed Jonathon Edhard (drooper) with pill Reagents: quickclot(10u) (INTENT: HELP) (<A HREF='?_src_=holder;adminplayerobservecoodjump=1;X=64;Y=130;Z=1'>JMP</a>)
[15:31:48]ATTACK: Artyuom/(Johnny Vietnam) has fed Drooper/(Jonathon Edhard) with [pill] Reagents: bicaridine(15u) (NEWHP: 38.5)  (Lambda Lab (64, 130, 1))
[15:31:48]ATTACK: Johnny Vietnam (artyuom) fed Jonathon Edhard (drooper) with pill Reagents: bicaridine(15u) (INTENT: HELP) (<A HREF='?_src_=holder;adminplayerobservecoodjump=1;X=64;Y=130;Z=1'>JMP</a>)
[15:31:52]ATTACK: Artyuom/(Johnny Vietnam) has fed Drooper/(Jonathon Edhard) with [pill] Reagents: tramadol(15u) (NEWHP: 38.5)  (Lambda Lab (64, 130, 1))
[15:31:52]ATTACK: Johnny Vietnam (artyuom) fed Jonathon Edhard (drooper) with pill Reagents: tramadol(15u) (INTENT: HELP) (<A HREF='?_src_=holder;adminplayerobservecoodjump=1;X=64;Y=130;Z=1'>JMP</a>)
[15:33:38]ATTACK: Drooper/(Jonathon Edhard) has grabbed Sanyas325/(Tom Svirten) (NEWHP: -114.3)  (Lambda Lab (63, 133, 1))
[15:33:38]ATTACK: Drooper/(Jonathon Edhard) схватил Sanyas325/(Tom Svirten)
[15:33:44]ATTACK: Artyuom/(Johnny Vietnam) has fed ZyberCpechnaz/(Jadon Taylor) with [pill] Reagents: bicaridine(15u) (NEWHP: 64.2)  (Lambda Lab (64, 124, 1))
[15:33:44]ATTACK: Johnny Vietnam (artyuom) fed Jadon Taylor (zybercpechnaz) with pill Reagents: bicaridine(15u) (INTENT: HELP) (<A HREF='?_src_=holder;adminplayerobservecoodjump=1;X=64;Y=124;Z=1'>JMP</a>)
[15:33:48]ATTACK: Artyuom/(Johnny Vietnam) has fed ZyberCpechnaz/(Jadon Taylor) with [pill] Reagents: quickclot(10u) (NEWHP: 64.2)  (Lambda Lab (64, 124, 1))
[15:33:48]ATTACK: Johnny Vietnam (artyuom) fed Jadon Taylor (zybercpechnaz) with pill Reagents: quickclot(10u) (INTENT: HELP) (<A HREF='?_src_=holder;adminplayerobservecoodjump=1;X=64;Y=124;Z=1'>JMP</a>)
[15:33:52]ATTACK: Artyuom/(Johnny Vietnam) has fed ZyberCpechnaz/(Jadon Taylor) with [pill] Reagents: tramadol(15u) (NEWHP: 64.4)  (Lambda Lab (64, 124, 1))
[15:33:52]ATTACK: Johnny Vietnam (artyuom) fed Jadon Taylor (zybercpechnaz) with pill Reagents: tramadol(15u) (INTENT: HELP) (<A HREF='?_src_=holder;adminplayerobservecoodjump=1;X=64;Y=124;Z=1'>JMP</a>)
[15:33:56]ATTACK: Artyuom/(Johnny Vietnam) has fed ZyberCpechnaz/(Jadon Taylor) with [pill] Reagents: kelotane(15u) (NEWHP: 64.5)  (Lambda Lab (64, 124, 1))
[15:33:56]ATTACK: Johnny Vietnam (artyuom) fed Jadon Taylor (zybercpechnaz) with pill Reagents: kelotane(15u) (INTENT: HELP) (<A HREF='?_src_=holder;adminplayerobservecoodjump=1;X=64;Y=124;Z=1'>JMP</a>)
[15:34:03]ATTACK: Drooper/(Jonathon Edhard) has attempted to remove [USCM satchel] (back) Sanyas325/(Tom Svirten) (NEWHP: -114.3)  (Lambda Lab (62, 135, 1))
[15:34:09]ATTACK: Drooper/(Jonathon Edhard) has attempted to remove [M10 pattern marine helmet] (head) Sanyas325/(Tom Svirten) (NEWHP: -114.3)  (Lambda Lab (62, 135, 1))
[15:34:24]ATTACK: ZyberCpechnaz/(Jadon Taylor) has shot Random12234/(Elder Queen) with [rifle bullet] (NEWHP: 400)  (Lambda Lab (61, 130, 1))
[15:34:24]ATTACK: Jadon Taylor (zybercpechnaz) shot Elder Queen (random12234) with a rifle bullet in Lambda Lab (<A HREF='?_src_=holder;adminplayerobservecoodjump=1;X=61;Y=130;Z=1'>JMP</a>)
[15:34:24]ATTACK: ZyberCpechnaz/(Jadon Taylor) has shot Random12234/(Elder Queen) with [rifle bullet] (NEWHP: 348)  (Lambda Lab (61, 130, 1))
[15:34:24]ATTACK: Jadon Taylor (zybercpechnaz) shot Elder Queen (random12234) with a rifle bullet in Lambda Lab (<A HREF='?_src_=holder;adminplayerobservecoodjump=1;X=61;Y=130;Z=1'>JMP</a>)
[15:35:02]ATTACK: Drooper/(Jonathon Edhard) has attempted to remove [marine alpha radio headset] (wear_ear) Sanyas325/(Tom Svirten) (NEWHP: -114.3)  (Lambda Lab (61, 134, 1))
[15:35:15]ATTACK: Random12234/(Elder Queen) has shot Drooper/(Jonathon Edhard) with [acid spatter] (NEWHP: 100)  (Lambda Lab (64, 124, 1))
[15:35:15]ATTACK: Elder Queen (random12234) shot Jonathon Edhard (drooper) with an acid spatter in Lambda Lab (<A HREF='?_src_=holder;adminplayerobservecoodjump=1;X=64;Y=124;Z=1'>JMP</a>)
[15:35:29]ATTACK: Drooper/(Jonathon Edhard) has shot Random12234/(Elder Queen) with [A19 high velocity incendiary bullet] (NEWHP: 359.369)  (Lambda Lab (65, 124, 1))
[15:35:29]ATTACK: Jonathon Edhard (drooper) shot Elder Queen (random12234) with A19 high velocity incendiary bullet in Lambda Lab (<A HREF='?_src_=holder;adminplayerobservecoodjump=1;X=65;Y=124;Z=1'>JMP</a>)
[15:35:45]ATTACK: Drooper/(Jonathon Edhard) has grabbed Sanyas325/(Tom Svirten) (NEWHP: -114.3)  (Lambda Lab (62, 135, 1))
[15:35:45]ATTACK: Drooper/(Jonathon Edhard) схватил Sanyas325/(Tom Svirten)
[15:36:23]ATTACK: Drooper/(Jonathon Edhard) has grabbed Sanyas325/(Tom Svirten) (NEWHP: -114.3)  (Administration (40, 136, 1))
[15:36:23]ATTACK: Drooper/(Jonathon Edhard) схватил Sanyas325/(Tom Svirten)
[15:37:27]ATTACK: Drooper/(Jonathon Edhard) has grabbed Sanyas325/(Tom Svirten) (NEWHP: -114.3)  (Administration (34, 137, 1))
[15:37:27]ATTACK: Drooper/(Jonathon Edhard) схватил Sanyas325/(Tom Svirten)
[15:38:24]ATTACK: Drooper/(Jonathon Edhard) has grabbed Sanyas325/(Tom Svirten) (NEWHP: -114.3)  (Elevator I (44, 197, 1))
[15:38:24]ATTACK: Drooper/(Jonathon Edhard) схватил Sanyas325/(Tom Svirten)
[15:41:03]ATTACK: Artyuom/(Johnny Vietnam) has attempted to remove splints Sewa/(Kelvin Focell) (NEWHP: 97.8)  (Space Port (38, 187, 1))
[15:42:22]ATTACK: Artyuom/(Johnny Vietnam) has grabbed Sanyas325/(Tom Svirten) (NEWHP: -114.3)  (Space Port (34, 185, 1))
[15:42:22]ATTACK: Artyuom/(Johnny Vietnam) схватил Sanyas325/(Tom Svirten)
[15:42:46]ATTACK: Artyuom/(Johnny Vietnam) has grabbed Sanyas325/(Tom Svirten) (NEWHP: -114.3)  (Dropship Alamo (33, 193, 1))
[15:42:46]ATTACK: Artyuom/(Johnny Vietnam) схватил Sanyas325/(Tom Svirten)
[15:43:53]ATTACK: Random12234/(Elder Queen) has spat on [Spaceport Shutters] with corrosive acid (Administration (23, 130, 1))
[15:43:53]ATTACK: Elder Queen (random12234) spat acid on the Spaceport Shutters.
[15:43:58]ATTACK: Random12234/(Elder Queen) has spat on [Spaceport Shutters] with corrosive acid (Administration (23, 130, 1))
[15:43:58]ATTACK: Elder Queen (random12234) spat acid on the Spaceport Shutters.
[15:45:26]ATTACK: Drooper/(Jonathon Edhard) has shot Random12234/(Elder Queen) with [A19 high velocity incendiary bullet] (NEWHP: 370)  (Space Port (43, 183, 1))
[15:45:26]ATTACK: Jonathon Edhard (drooper) shot Elder Queen (random12234) with A19 high velocity incendiary bullet in Space Port (<A HREF='?_src_=holder;adminplayerobservecoodjump=1;X=43;Y=183;Z=1'>JMP</a>)
[15:46:41]ATTACK: Artyuom/(Johnny Vietnam) has grabbed Sanyas325/(Tom Svirten) (NEWHP: -114.3)  (Dropship Alamo (92, 149, 3))
[15:46:41]ATTACK: Artyuom/(Johnny Vietnam) схватил Sanyas325/(Tom Svirten)
[15:47:07]ATTACK: Chaburek/(Haidee Baxter) has hit Artyuom/(Johnny Vietnam) with [station bounced radio] (thrown) (NEWHP: 100)  (Dropship Alamo (94, 151, 3))
[15:47:07]ATTACK: Johnny Vietnam (artyuom) was hit by a the station bounced radio, thrown by Haidee Baxter (chaburek) (<A HREF='?_src_=holder;adminplayerobservecoodjump=1;X=93;Y=150;Z=3'>JMP</a>)
[15:47:23]ATTACK: Bobadoba/(Lou Kimple) has grabbed Sewa/(Kelvin Focell) (NEWHP: 100)  (Medical Surgical Hallway (124, 143, 3))
[15:47:23]ATTACK: Bobadoba/(Lou Kimple) схватил Sewa/(Kelvin Focell)
[15:47:38]ATTACK: Bobadoba/(Lou Kimple) has grabbed Sewa/(Kelvin Focell) (NEWHP: 100)  (Medical Surgical Hallway (127, 142, 3))
[15:47:38]ATTACK: Bobadoba/(Lou Kimple) схватил Sewa/(Kelvin Focell)
[15:48:07]ATTACK: Bobadoba/(Lou Kimple) has grabbed Sewa/(Kelvin Focell) (NEWHP: 100)  (Medical Operating Room 2 (129, 147, 3))
[15:48:07]ATTACK: Bobadoba/(Lou Kimple) схватил Sewa/(Kelvin Focell)
[15:48:21]ATTACK: Artyuom/(Johnny Vietnam) has disarmed Artyuom/(Johnny Vietnam) (NEWHP: 100)  (Dropship Alamo (92, 152, 3))
[15:48:21]ATTACK: Artyuom/(Johnny Vietnam) disarmed Johnny Vietnam (artyuom)
[15:50:10]ATTACK: ZyberCpechnaz/(Jadon Taylor) has shot Random12234/(Elder Queen) with [rifle bullet] (NEWHP: 400)  (Space Port (45, 181, 1))
[15:50:10]ATTACK: Jadon Taylor (zybercpechnaz) shot Elder Queen (random12234) with a rifle bullet in Space Port (<A HREF='?_src_=holder;adminplayerobservecoodjump=1;X=45;Y=181;Z=1'>JMP</a>)
[15:50:10]ATTACK: ZyberCpechnaz/(Jadon Taylor) has shot Random12234/(Elder Queen) with [rifle bullet] (NEWHP: 344)  (Space Port (44, 181, 1))
[15:50:10]ATTACK: Jadon Taylor (zybercpechnaz) shot Elder Queen (random12234) with a rifle bullet in Space Port (<A HREF='?_src_=holder;adminplayerobservecoodjump=1;X=44;Y=181;Z=1'>JMP</a>)
[15:51:55]ATTACK: ZyberCpechnaz/(Jadon Taylor) has shot Chaburek/(Haidee Baxter) with [rifle bullet] (NEWHP: 100)  (Space Port (45, 185, 1))
[15:51:55]ATTACK: Jadon Taylor (zybercpechnaz) shot Haidee Baxter (chaburek) with a rifle bullet in Space Port (<A HREF='?_src_=holder;adminplayerobservecoodjump=1;X=45;Y=185;Z=1'>JMP</a>) (<a href='?priv_msg=[0x5000003]'>PM</a>)
[15:52:01]ATTACK: ZyberCpechnaz/(Jadon Taylor) has shot Random12234/(Elder Queen) with [rifle bullet] (NEWHP: 400)  (Space Port (45, 182, 1))
[15:52:01]ATTACK: Jadon Taylor (zybercpechnaz) shot Elder Queen (random12234) with a rifle bullet in Space Port (<A HREF='?_src_=holder;adminplayerobservecoodjump=1;X=45;Y=182;Z=1'>JMP</a>)
[15:52:01]ATTACK: ZyberCpechnaz/(Jadon Taylor) has shot Random12234/(Elder Queen) with [rifle bullet] (NEWHP: 343)  (Space Port (45, 182, 1))
[15:52:01]ATTACK: Jadon Taylor (zybercpechnaz) shot Elder Queen (random12234) with a rifle bullet in Space Port (<A HREF='?_src_=holder;adminplayerobservecoodjump=1;X=45;Y=182;Z=1'>JMP</a>)
[15:52:01]ATTACK: ZyberCpechnaz/(Jadon Taylor) has shot Random12234/(Elder Queen) with [rifle bullet] (NEWHP: 318)  (Space Port (45, 182, 1))
[15:52:01]ATTACK: Jadon Taylor (zybercpechnaz) shot Elder Queen (random12234) with a rifle bullet in Space Port (<A HREF='?_src_=holder;adminplayerobservecoodjump=1;X=45;Y=182;Z=1'>JMP</a>)
[15:52:01]ATTACK: ZyberCpechnaz/(Jadon Taylor) has shot Random12234/(Elder Queen) with [rifle bullet] (NEWHP: 293)  (Space Port (45, 182, 1))
[15:52:01]ATTACK: Jadon Taylor (zybercpechnaz) shot Elder Queen (random12234) with a rifle bullet in Space Port (<A HREF='?_src_=holder;adminplayerobservecoodjump=1;X=45;Y=182;Z=1'>JMP</a>)
[15:52:03]ATTACK: Artyuom/(Johnny Vietnam) has grabbed Chaburek/(Haidee Baxter) (NEWHP: 47)  (Space Port (46, 184, 1))
[15:52:03]ATTACK: Artyuom/(Johnny Vietnam) схватил Chaburek/(Haidee Baxter)
[15:52:05]ATTACK: ZyberCpechnaz/(Jadon Taylor) has shot Random12234/(Elder Queen) with [rifle bullet] (NEWHP: 241)  (Space Port (45, 182, 1))
[15:52:05]ATTACK: Jadon Taylor (zybercpechnaz) shot Elder Queen (random12234) with a rifle bullet in Space Port (<A HREF='?_src_=holder;adminplayerobservecoodjump=1;X=45;Y=182;Z=1'>JMP</a>)
[15:52:05]ATTACK: ZyberCpechnaz/(Jadon Taylor) has shot Random12234/(Elder Queen) with [rifle bullet] (NEWHP: 215)  (Space Port (45, 182, 1))
[15:52:05]ATTACK: Jadon Taylor (zybercpechnaz) shot Elder Queen (random12234) with a rifle bullet in Space Port (<A HREF='?_src_=holder;adminplayerobservecoodjump=1;X=45;Y=182;Z=1'>JMP</a>)
[15:52:17]ATTACK: Artyuom/(Johnny Vietnam) has fed Chaburek/(Haidee Baxter) with [pill] Reagents: bicaridine(15u) (NEWHP: 47)  (Space Port (43, 185, 1))
[15:52:17]ATTACK: Johnny Vietnam (artyuom) fed Unknown (as Haidee Baxter) (chaburek) with pill Reagents: bicaridine(15u) (INTENT: HELP) (<A HREF='?_src_=holder;adminplayerobservecoodjump=1;X=43;Y=185;Z=1'>JMP</a>)
[15:52:22]ATTACK: Artyuom/(Johnny Vietnam) has fed Chaburek/(Haidee Baxter) with [pill] Reagents: quickclot(10u) (NEWHP: 47)  (Space Port (43, 185, 1))
[15:52:22]ATTACK: Johnny Vietnam (artyuom) fed Unknown (as Haidee Baxter) (chaburek) with pill Reagents: quickclot(10u) (INTENT: HELP) (<A HREF='?_src_=holder;adminplayerobservecoodjump=1;X=43;Y=185;Z=1'>JMP</a>)
[15:52:28]ATTACK: Artyuom/(Johnny Vietnam) has fed Chaburek/(Haidee Baxter) with [pill] Reagents: tramadol(15u) (NEWHP: 47)  (Space Port (43, 185, 1))
[15:52:28]ATTACK: Johnny Vietnam (artyuom) fed Unknown (as Haidee Baxter) (chaburek) with pill Reagents: tramadol(15u) (INTENT: HELP) (<A HREF='?_src_=holder;adminplayerobservecoodjump=1;X=43;Y=185;Z=1'>JMP</a>)
[15:53:13]ATTACK: Artyuom/(Johnny Vietnam) has fed Chaburek/(Haidee Baxter) with [pill] Reagents: dexalin(15u) (NEWHP: 82.4)  (Space Port (45, 184, 1))
[15:53:13]ATTACK: Johnny Vietnam (artyuom) fed Unknown (as Haidee Baxter) (chaburek) with pill Reagents: dexalin(15u) (INTENT: HELP) (<A HREF='?_src_=holder;adminplayerobservecoodjump=1;X=45;Y=184;Z=1'>JMP</a>)
[15:53:16]ATTACK: ZyberCpechnaz/(Jadon Taylor) has hit Drooper/(Jonathon Edhard) with [metal] (thrown) (NEWHP: 100)  (Space Port (46, 182, 1))
[15:53:16]ATTACK: Jonathon Edhard (drooper) was hit by a the metal, thrown by Jadon Taylor (zybercpechnaz) (<A HREF='?_src_=holder;adminplayerobservecoodjump=1;X=45;Y=181;Z=1'>JMP</a>)
[15:54:54]ATTACK: Bobadoba/(Lou Kimple) has attacked Bobadoba/(Lou Kimple) with [reagent scanner] (INTENT: HELP) (DAMTYE: BRUTE) (NEWHP: 100)  (Medical Lower (114, 149, 3))
[15:54:54]ATTACK: Bobadoba/(Lou Kimple) attacked Bobadoba/(Lou Kimple) with reagent scanner (INTENT: HELP) (DAMTYE: BRUTE)
[15:55:26]ATTACK: Artyuom/(Johnny Vietnam) has shot Random12234/(Elder Queen) with [additional flechette] (NEWHP: 400)  (Space Port (45, 181, 1))
[15:55:26]ATTACK: Johnny Vietnam (artyuom) shot Elder Queen (random12234) with an additional flechette in Space Port (<A HREF='?_src_=holder;adminplayerobservecoodjump=1;X=45;Y=181;Z=1'>JMP</a>)
[15:55:26]ATTACK: Artyuom/(Johnny Vietnam) has shot Random12234/(Elder Queen) with [additional flechette] (NEWHP: 369.2)  (Space Port (45, 181, 1))
[15:55:26]ATTACK: Johnny Vietnam (artyuom) shot Elder Queen (random12234) with an additional flechette in Space Port (<A HREF='?_src_=holder;adminplayerobservecoodjump=1;X=45;Y=181;Z=1'>JMP</a>)
[15:55:27]ATTACK: Artyuom/(Johnny Vietnam) has shot Random12234/(Elder Queen) with [shotgun flechette shell] (NEWHP: 337.8)  (Space Port (45, 181, 1))
[15:55:27]ATTACK: Johnny Vietnam (artyuom) shot Elder Queen (random12234) with a shotgun flechette shell in Space Port (<A HREF='?_src_=holder;adminplayerobservecoodjump=1;X=45;Y=181;Z=1'>JMP</a>)
[15:55:27]ATTACK: Artyuom/(Johnny Vietnam) has shot Random12234/(Elder Queen) with [additional flechette] (NEWHP: 278.8)  (Space Port (45, 181, 1))
[15:55:27]ATTACK: Johnny Vietnam (artyuom) shot Elder Queen (random12234) with an additional flechette in Space Port (<A HREF='?_src_=holder;adminplayerobservecoodjump=1;X=45;Y=181;Z=1'>JMP</a>)
[15:55:27]ATTACK: Artyuom/(Johnny Vietnam) has shot Random12234/(Elder Queen) with [additional flechette] (NEWHP: 248.1)  (Space Port (46, 181, 1))
[15:55:27]ATTACK: Johnny Vietnam (artyuom) shot Elder Queen (random12234) with an additional flechette in Space Port (<A HREF='?_src_=holder;adminplayerobservecoodjump=1;X=46;Y=181;Z=1'>JMP</a>)
[15:56:22]ATTACK: ZyberCpechnaz/(Jadon Taylor) has disarmed Artyuom/(Johnny Vietnam) (NEWHP: 100)  (Space Port (42, 182, 1))
[15:56:22]ATTACK: ZyberCpechnaz/(Jadon Taylor) disarmed Johnny Vietnam (artyuom)
[15:57:01]ATTACK: Drooper/(Jonathon Edhard) has shot Random12234/(Elder Queen) with [A19 high velocity bullet] (NEWHP: 400)  (Space Port (48, 181, 1))
[15:57:01]ATTACK: Jonathon Edhard (drooper) shot Elder Queen (random12234) with A19 high velocity bullet in Space Port (<A HREF='?_src_=holder;adminplayerobservecoodjump=1;X=48;Y=181;Z=1'>JMP</a>)
[15:57:02]ATTACK: Drooper/(Jonathon Edhard) has shot Random12234/(Elder Queen) with [A19 high velocity bullet] (NEWHP: 359.051)  (Space Port (48, 181, 1))
[15:57:02]ATTACK: Jonathon Edhard (drooper) shot Elder Queen (random12234) with A19 high velocity bullet in Space Port (<A HREF='?_src_=holder;adminplayerobservecoodjump=1;X=48;Y=181;Z=1'>JMP</a>)
[15:57:02]ATTACK: Drooper/(Jonathon Edhard) has shot Random12234/(Elder Queen) with [A19 high velocity bullet] (NEWHP: 315.051)  (Space Port (48, 181, 1))
[15:57:02]ATTACK: Jonathon Edhard (drooper) shot Elder Queen (random12234) with A19 high velocity bullet in Space Port (<A HREF='?_src_=holder;adminplayerobservecoodjump=1;X=48;Y=181;Z=1'>JMP</a>)
[15:57:03]ATTACK: Drooper/(Jonathon Edhard) has shot Random12234/(Elder Queen) with [A19 high velocity bullet] (NEWHP: 267.051)  (Space Port (48, 181, 1))
[15:57:03]ATTACK: Jonathon Edhard (drooper) shot Elder Queen (random12234) with A19 high velocity bullet in Space Port (<A HREF='?_src_=holder;adminplayerobservecoodjump=1;X=48;Y=181;Z=1'>JMP</a>)
[15:58:09]ATTACK: Drooper/(Jonathon Edhard) has shot Random12234/(Elder Queen) with [A19 high velocity bullet] (NEWHP: 381.549)  (Space Port (48, 181, 1))
[15:58:09]ATTACK: Jonathon Edhard (drooper) shot Elder Queen (random12234) with A19 high velocity bullet in Space Port (<A HREF='?_src_=holder;adminplayerobservecoodjump=1;X=48;Y=181;Z=1'>JMP</a>)
[15:58:09]ATTACK: Drooper/(Jonathon Edhard) has shot Random12234/(Elder Queen) with [A19 high velocity bullet] (NEWHP: 339.599)  (Space Port (48, 181, 1))
[15:58:09]ATTACK: Jonathon Edhard (drooper) shot Elder Queen (random12234) with A19 high velocity bullet in Space Port (<A HREF='?_src_=holder;adminplayerobservecoodjump=1;X=48;Y=181;Z=1'>JMP</a>)
[15:58:10]ATTACK: Drooper/(Jonathon Edhard) has shot Random12234/(Elder Queen) with [A19 high velocity bullet] (NEWHP: 290.599)  (Space Port (48, 181, 1))
[15:58:10]ATTACK: Jonathon Edhard (drooper) shot Elder Queen (random12234) with A19 high velocity bullet in Space Port (<A HREF='?_src_=holder;adminplayerobservecoodjump=1;X=48;Y=181;Z=1'>JMP</a>)
[15:58:11]ATTACK: Drooper/(Jonathon Edhard) has shot Random12234/(Elder Queen) with [A19 high velocity bullet] (NEWHP: 243.65)  (Space Port (48, 181, 1))
[15:58:11]ATTACK: Jonathon Edhard (drooper) shot Elder Queen (random12234) with A19 high velocity bullet in Space Port (<A HREF='?_src_=holder;adminplayerobservecoodjump=1;X=48;Y=181;Z=1'>JMP</a>)
[15:58:12]ATTACK: Drooper/(Jonathon Edhard) has shot Random12234/(Elder Queen) with [A19 high velocity bullet] (NEWHP: 195.65)  (Space Port (48, 181, 1))
[15:58:12]ATTACK: Jonathon Edhard (drooper) shot Elder Queen (random12234) with A19 high velocity bullet in Space Port (<A HREF='?_src_=holder;adminplayerobservecoodjump=1;X=48;Y=181;Z=1'>JMP</a>)
[15:58:13]ATTACK: Drooper/(Jonathon Edhard) has shot Random12234/(Elder Queen) with [A19 high velocity bullet] (NEWHP: 151.65)  (Space Port (48, 181, 1))
[15:58:13]ATTACK: Jonathon Edhard (drooper) shot Elder Queen (random12234) with A19 high velocity bullet in Space Port (<A HREF='?_src_=holder;adminplayerobservecoodjump=1;X=48;Y=181;Z=1'>JMP</a>)
[15:58:46]ATTACK: Artyuom/(Johnny Vietnam) has fed ZyberCpechnaz/(Jadon Taylor) with [pill] Reagents: kelotane(15u) (NEWHP: 7.2)  (Space Port (47, 181, 1))
[15:58:46]ATTACK: Johnny Vietnam (artyuom) fed Jadon Taylor (zybercpechnaz) with pill Reagents: kelotane(15u) (INTENT: HELP) (<A HREF='?_src_=holder;adminplayerobservecoodjump=1;X=47;Y=181;Z=1'>JMP</a>)
[15:58:50]ATTACK: ZyberCpechnaz/(Jadon Taylor) has disarmed Artyuom/(Johnny Vietnam) (NEWHP: 100)  (Space Port (48, 181, 1))
[15:58:50]ATTACK: ZyberCpechnaz/(Jadon Taylor) disarmed Johnny Vietnam (artyuom)
[15:58:56]ATTACK: Artyuom/(Johnny Vietnam) has fed ZyberCpechnaz/(Jadon Taylor) with [pill] Reagents: tramadol(15u) (NEWHP: -11.6)  (Space Port (47, 181, 1))
[15:58:56]ATTACK: Johnny Vietnam (artyuom) fed Jadon Taylor (zybercpechnaz) with pill Reagents: tramadol(15u) (INTENT: HELP) (<A HREF='?_src_=holder;adminplayerobservecoodjump=1;X=47;Y=181;Z=1'>JMP</a>)
[15:59:26]ATTACK: Drooper/(Jonathon Edhard) has grabbed Artyuom/(Johnny Vietnam) (NEWHP: 100)  (Space Port (47, 182, 1))
[15:59:26]ATTACK: Drooper/(Jonathon Edhard) схватил Artyuom/(Johnny Vietnam)
[15:59:31]ATTACK: Drooper/(Jonathon Edhard) has grabbed ZyberCpechnaz/(Jadon Taylor) (NEWHP: 33.2)  (Space Port (47, 182, 1))
[15:59:31]ATTACK: Drooper/(Jonathon Edhard) схватил ZyberCpechnaz/(Jadon Taylor)
[16:00:34]ATTACK: Artyuom/(Johnny Vietnam) has hit ZyberCpechnaz/(Jadon Taylor) with [body bag] (thrown) (NEWHP: 99.8)  (Space Port (43, 184, 1))
[16:00:34]ATTACK: Jadon Taylor (zybercpechnaz) was hit by a the body bag, thrown by Johnny Vietnam (artyuom) (<A HREF='?_src_=holder;adminplayerobservecoodjump=1;X=46;Y=183;Z=1'>JMP</a>)
[16:00:38]ATTACK: Random12234/(Elder Queen) has spat on [Spaceport Shutters] with corrosive acid (Administration (32, 147, 1))
[16:00:38]ATTACK: Elder Queen (random12234) spat acid on the Spaceport Shutters.
[16:00:51]ATTACK: Random12234/(Elder Queen) has spat on [Spaceport Shutters] with corrosive acid (Administration (33, 147, 1))
[16:00:51]ATTACK: Elder Queen (random12234) spat acid on the Spaceport Shutters.
[16:01:02]ATTACK: ZyberCpechnaz/(Jadon Taylor) has hit Artyuom/(Johnny Vietnam) with [M240A1 incinerator unit] (thrown) (NEWHP: 96)  (Space Port (46, 184, 1))
[16:01:02]ATTACK: Johnny Vietnam (artyuom) was hit by a M240A1 incinerator unit, thrown by Jadon Taylor (zybercpechnaz) (<A HREF='?_src_=holder;adminplayerobservecoodjump=1;X=43;Y=184;Z=1'>JMP</a>)
[16:02:04]ATTACK: ZyberCpechnaz/(Jadon Taylor) has disarmed Artyuom/(Johnny Vietnam) (NEWHP: 97.1)  (Space Port (51, 184, 1))
[16:02:04]ATTACK: ZyberCpechnaz/(Jadon Taylor) disarmed Johnny Vietnam (artyuom)
[16:02:36]ATTACK: ZyberCpechnaz/(Jadon Taylor) has disarmed Artyuom/(Johnny Vietnam) (NEWHP: 97.7)  (Space Port (54, 184, 1))
[16:02:36]ATTACK: ZyberCpechnaz/(Jadon Taylor) disarmed Johnny Vietnam (artyuom)
[16:02:39]ATTACK: ZyberCpechnaz/(Jadon Taylor) has disarmed Artyuom/(Johnny Vietnam) (NEWHP: 97.7)  (Space Port (50, 184, 1))
[16:02:39]ATTACK: ZyberCpechnaz/(Jadon Taylor) disarmed Johnny Vietnam (artyuom)
[16:02:40]ATTACK: ZyberCpechnaz/(Jadon Taylor) has disarmed Artyuom/(Johnny Vietnam) (NEWHP: 97.7)  (Space Port (47, 183, 1))
[16:02:40]ATTACK: ZyberCpechnaz/(Jadon Taylor) disarmed Johnny Vietnam (artyuom)
[16:02:58]ATTACK: ZyberCpechnaz/(Jadon Taylor) has hit Chaburek/(Haidee Baxter) with [A19 high velocity incendiary magazine (10x24mm)] (thrown) (NEWHP: 100)  (Space Port (46, 184, 1))
[16:02:58]ATTACK: Unknown (as Haidee Baxter) (chaburek) was hit by a A19 high velocity incendiary magazine (10x24mm), thrown by Jadon Taylor (zybercpechnaz) (<A HREF='?_src_=holder;adminplayerobservecoodjump=1;X=47;Y=182;Z=1'>JMP</a>)
[16:03:07]ATTACK: Artyuom/(Johnny Vietnam) has disarmed ZyberCpechnaz/(Jadon Taylor) (NEWHP: 100)  (Space Port (50, 182, 1))
[16:03:07]ATTACK: Artyuom/(Johnny Vietnam) disarmed Jadon Taylor (zybercpechnaz)
[16:03:10]ATTACK: ZyberCpechnaz/(Jadon Taylor) has disarmed Artyuom/(Johnny Vietnam) (NEWHP: 98.3)  (Space Port (50, 184, 1))
[16:03:10]ATTACK: ZyberCpechnaz/(Jadon Taylor) disarmed Johnny Vietnam (artyuom)
[16:03:11]ATTACK: Random12234/(Elder Queen) has spat on [Underground Visitor Entrance] with corrosive acid (Administration (33, 147, 1))
[16:03:11]ATTACK: Elder Queen (random12234) spat acid on the Underground Visitor Entrance.
[16:03:11]ATTACK: Artyuom/(Johnny Vietnam) has disarmed ZyberCpechnaz/(Jadon Taylor) (NEWHP: 100)  (Space Port (50, 182, 1))
[16:03:11]ATTACK: Artyuom/(Johnny Vietnam) disarmed Jadon Taylor (zybercpechnaz)
[16:03:12]ATTACK: ZyberCpechnaz/(Jadon Taylor) has hit Sewa/(Kelvin Focell) with [gas mask] (thrown) (NEWHP: 99.6)  (Space Port (50, 183, 1))
[16:03:12]ATTACK: Kelvin Focell (sewa) was hit by a the gas mask, thrown by Jadon Taylor (zybercpechnaz) (<A HREF='?_src_=holder;adminplayerobservecoodjump=1;X=53;Y=184;Z=1'>JMP</a>)
[16:03:14]ATTACK: Artyuom/(Johnny Vietnam) has disarmed ZyberCpechnaz/(Jadon Taylor) (NEWHP: 100)  (Space Port (51, 184, 1))
[16:03:15]ATTACK: Artyuom/(Johnny Vietnam) disarmed Jadon Taylor (zybercpechnaz)
[16:03:18]ATTACK: ZyberCpechnaz/(Jadon Taylor) has disarmed Artyuom/(Johnny Vietnam) (NEWHP: 98.3)  (Space Port (50, 183, 1))
[16:03:18]ATTACK: ZyberCpechnaz/(Jadon Taylor) disarmed Johnny Vietnam (artyuom)
[16:03:18]ATTACK: Artyuom/(Johnny Vietnam) has disarmed ZyberCpechnaz/(Jadon Taylor) (NEWHP: 100)  (Space Port (51, 184, 1))
[16:03:18]ATTACK: Artyuom/(Johnny Vietnam) disarmed Jadon Taylor (zybercpechnaz)
[16:03:20]ATTACK: Artyuom/(Johnny Vietnam) has disarmed ZyberCpechnaz/(Jadon Taylor) (NEWHP: 100)  (Space Port (51, 184, 1))
[16:03:20]ATTACK: Artyuom/(Johnny Vietnam) disarmed Jadon Taylor (zybercpechnaz)
[16:03:22]ATTACK: Artyuom/(Johnny Vietnam) has disarmed ZyberCpechnaz/(Jadon Taylor) (NEWHP: 100)  (Space Port (51, 183, 1))
[16:03:22]ATTACK: Artyuom/(Johnny Vietnam) disarmed Jadon Taylor (zybercpechnaz)
[16:03:23]ATTACK: ZyberCpechnaz/(Jadon Taylor) has disarmed Artyuom/(Johnny Vietnam) (NEWHP: 98.5)  (Space Port (50, 183, 1))
[16:03:23]ATTACK: ZyberCpechnaz/(Jadon Taylor) disarmed Johnny Vietnam (artyuom)
[16:03:24]ATTACK: Artyuom/(Johnny Vietnam) has disarmed ZyberCpechnaz/(Jadon Taylor) (NEWHP: 100)  (Space Port (51, 184, 1))
[16:03:24]ATTACK: Artyuom/(Johnny Vietnam) disarmed Jadon Taylor (zybercpechnaz)
[16:03:25]ATTACK: ZyberCpechnaz/(Jadon Taylor) has disarmed Artyuom/(Johnny Vietnam) (NEWHP: 98.5)  (Space Port (50, 183, 1))
[16:03:25]ATTACK: ZyberCpechnaz/(Jadon Taylor) disarmed Johnny Vietnam (artyuom)
[16:03:27]ATTACK: Artyuom/(Johnny Vietnam) has disarmed ZyberCpechnaz/(Jadon Taylor) (NEWHP: 100)  (Space Port (51, 183, 1))
[16:03:27]ATTACK: Artyuom/(Johnny Vietnam) disarmed Jadon Taylor (zybercpechnaz)
[16:03:27]ATTACK: ZyberCpechnaz/(Jadon Taylor) has disarmed Artyuom/(Johnny Vietnam) (NEWHP: 98.6)  (Space Port (50, 183, 1))
[16:03:27]ATTACK: ZyberCpechnaz/(Jadon Taylor) disarmed Johnny Vietnam (artyuom)
[16:03:29]ATTACK: Artyuom/(Johnny Vietnam) has disarmed ZyberCpechnaz/(Jadon Taylor) (NEWHP: 100)  (Space Port (51, 182, 1))
[16:03:29]ATTACK: Artyuom/(Johnny Vietnam) disarmed Jadon Taylor (zybercpechnaz)
[16:03:31]ATTACK: Artyuom/(Johnny Vietnam) has disarmed ZyberCpechnaz/(Jadon Taylor) (NEWHP: 100)  (Space Port (51, 184, 1))
[16:03:31]ATTACK: Artyuom/(Johnny Vietnam) disarmed Jadon Taylor (zybercpechnaz)
[16:03:31]ATTACK: ZyberCpechnaz/(Jadon Taylor) has disarmed Artyuom/(Johnny Vietnam) (NEWHP: 98.6)  (Space Port (50, 184, 1))
[16:03:31]ATTACK: ZyberCpechnaz/(Jadon Taylor) disarmed Johnny Vietnam (artyuom)
[16:03:33]ATTACK: ZyberCpechnaz/(Jadon Taylor) has disarmed Artyuom/(Johnny Vietnam) (NEWHP: 98.7)  (Space Port (50, 182, 1))
[16:03:33]ATTACK: ZyberCpechnaz/(Jadon Taylor) disarmed Johnny Vietnam (artyuom)
[16:03:34]ATTACK: ZyberCpechnaz/(Jadon Taylor) has disarmed Artyuom/(Johnny Vietnam) (NEWHP: 98.7)  (Space Port (50, 182, 1))
[16:03:34]ATTACK: ZyberCpechnaz/(Jadon Taylor) disarmed Johnny Vietnam (artyuom)
[16:03:38]ATTACK: ZyberCpechnaz/(Jadon Taylor) has disarmed Artyuom/(Johnny Vietnam) (NEWHP: 98.9)  (Space Port (50, 183, 1))
[16:03:38]ATTACK: ZyberCpechnaz/(Jadon Taylor) disarmed Johnny Vietnam (artyuom)
[16:03:40]ATTACK: ZyberCpechnaz/(Jadon Taylor) has disarmed Artyuom/(Johnny Vietnam) (NEWHP: 98.9)  (Space Port (50, 183, 1))
[16:03:40]ATTACK: ZyberCpechnaz/(Jadon Taylor) disarmed Johnny Vietnam (artyuom)
[16:03:41]ATTACK: ZyberCpechnaz/(Jadon Taylor) has disarmed Artyuom/(Johnny Vietnam) (NEWHP: 99)  (Space Port (50, 183, 1))
[16:03:41]ATTACK: ZyberCpechnaz/(Jadon Taylor) disarmed Johnny Vietnam (artyuom)
[16:03:42]ATTACK: ZyberCpechnaz/(Jadon Taylor) has disarmed Artyuom/(Johnny Vietnam) (NEWHP: 99)  (Space Port (50, 183, 1))
[16:03:42]ATTACK: ZyberCpechnaz/(Jadon Taylor) disarmed Johnny Vietnam (artyuom)
[16:03:43]ATTACK: Artyuom/(Johnny Vietnam) has disarmed ZyberCpechnaz/(Jadon Taylor) (NEWHP: 100)  (Space Port (51, 182, 1))
[16:03:43]ATTACK: Artyuom/(Johnny Vietnam) disarmed Jadon Taylor (zybercpechnaz)
[16:03:44]ATTACK: Artyuom/(Johnny Vietnam) has disarmed ZyberCpechnaz/(Jadon Taylor) (NEWHP: 100)  (Space Port (51, 182, 1))
[16:03:44]ATTACK: Artyuom/(Johnny Vietnam) disarmed Jadon Taylor (zybercpechnaz)
[16:03:44]ATTACK: Random12234/(Elder Queen) has spat on [girder] with corrosive acid (Space Port (54, 196, 1))
[16:03:44]ATTACK: Elder Queen (random12234) spat acid on the girder.
[16:03:45]ATTACK: ZyberCpechnaz/(Jadon Taylor) has disarmed Artyuom/(Johnny Vietnam) (NEWHP: 99)  (Space Port (50, 182, 1))
[16:03:45]ATTACK: ZyberCpechnaz/(Jadon Taylor) disarmed Johnny Vietnam (artyuom)
[16:03:46]ATTACK: ZyberCpechnaz/(Jadon Taylor) has disarmed Artyuom/(Johnny Vietnam) (NEWHP: 99)  (Space Port (50, 183, 1))
[16:03:46]ATTACK: ZyberCpechnaz/(Jadon Taylor) disarmed Johnny Vietnam (artyuom)
[16:03:58]ATTACK: Artyuom/(Johnny Vietnam) has disarmed Artyuom/(Johnny Vietnam) (NEWHP: 99.3)  (Space Port (53, 185, 1))
[16:03:58]ATTACK: Artyuom/(Johnny Vietnam) disarmed Johnny Vietnam (artyuom)
[16:03:58]ATTACK: ZyberCpechnaz/(Jadon Taylor) has hit Artyuom/(Johnny Vietnam) with [oxygen tank] (thrown) (NEWHP: 98.3)  (Space Port (54, 184, 1))
[16:03:58]ATTACK: Johnny Vietnam (artyuom) was hit by a the oxygen tank, thrown by Jadon Taylor (zybercpechnaz) (<A HREF='?_src_=holder;adminplayerobservecoodjump=1;X=53;Y=185;Z=1'>JMP</a>)
[16:03:59]ATTACK: Sewa/(Kelvin Focell) has hit Artyuom/(Johnny Vietnam) with [mechanical toolbox] (thrown) (NEWHP: 98.3)  (Space Port (51, 185, 1))
[16:03:59]ATTACK: Johnny Vietnam (artyuom) was hit by a the mechanical toolbox, thrown by Kelvin Focell (sewa) (<A HREF='?_src_=holder;adminplayerobservecoodjump=1;X=53;Y=185;Z=1'>JMP</a>)
[16:04:01]ATTACK: ZyberCpechnaz/(Jadon Taylor) has hit Artyuom/(Johnny Vietnam) with [mechanical toolbox] (thrown) (NEWHP: 97.3)  (Space Port (54, 184, 1))
[16:04:02]ATTACK: Johnny Vietnam (artyuom) was hit by a the mechanical toolbox, thrown by Jadon Taylor (zybercpechnaz) (<A HREF='?_src_=holder;adminplayerobservecoodjump=1;X=52;Y=182;Z=1'>JMP</a>)
[16:04:03]ATTACK: ZyberCpechnaz/(Jadon Taylor) has hit Artyuom/(Johnny Vietnam) with [oxygen tank] (thrown) (NEWHP: 97.4)  (Space Port (54, 184, 1))
[16:04:03]ATTACK: Johnny Vietnam (artyuom) was hit by a the oxygen tank, thrown by Jadon Taylor (zybercpechnaz) (<A HREF='?_src_=holder;adminplayerobservecoodjump=1;X=53;Y=183;Z=1'>JMP</a>)
[16:04:08]ATTACK: Artyuom/(Johnny Vietnam) has attacked ZyberCpechnaz/(Jadon Taylor) with [gas mask] (INTENT: DISARM) (DAMTYE: BRUTE) (NEWHP: 100)  (Space Port (53, 184, 1))
[16:04:08]ATTACK: Artyuom/(Johnny Vietnam) attacked ZyberCpechnaz/(Jadon Taylor) with gas mask (INTENT: DISARM) (DAMTYE: BRUTE)
[16:04:33]ATTACK: ZyberCpechnaz/(Jadon Taylor) has hit Sewa/(Kelvin Focell) with [Decalm Slay Map] (thrown) (NEWHP: 100)  (Space Port (44, 184, 1))
[16:04:33]ATTACK: Kelvin Focell (sewa) was hit by a Decalm Slay Map, thrown by Jadon Taylor (zybercpechnaz) (<A HREF='?_src_=holder;adminplayerobservecoodjump=1;X=44;Y=185;Z=1'>JMP</a>)
[16:04:40]ATTACK: ZyberCpechnaz/(Jadon Taylor) has hit Artyuom/(Johnny Vietnam) with [Decalm Slay Map] (thrown) (NEWHP: 98.1)  (Space Port (47, 181, 1))
[16:04:40]ATTACK: Johnny Vietnam (artyuom) was hit by a Decalm Slay Map, thrown by Jadon Taylor (zybercpechnaz) (<A HREF='?_src_=holder;adminplayerobservecoodjump=1;X=46;Y=181;Z=1'>JMP</a>)
[16:04:51]ATTACK: [UA 571-C sentry gun] has shot Random12234/(Elder Queen) with [autocannon bullet] (NEWHP: 300)  (Space Port (46, 182, 1))
[16:04:51]ATTACK: UA 571-C sentry gun shot Elder Queen (random12234) with a the autocannon bullet (<A HREF='?_src_=holder;adminplayerobservecoodjump=1;X=46;Y=182;Z=1'>JMP</a>)
[16:04:51]ATTACK: [UA 571-C sentry gun] has shot Random12234/(Elder Queen) with [autocannon bullet] (NEWHP: 266.95)  (Space Port (46, 182, 1))
[16:04:51]ATTACK: UA 571-C sentry gun shot Elder Queen (random12234) with a the autocannon bullet (<A HREF='?_src_=holder;adminplayerobservecoodjump=1;X=46;Y=182;Z=1'>JMP</a>)
[16:04:51]ATTACK: [UA 571-C sentry gun] has shot Random12234/(Elder Queen) with [autocannon bullet] (NEWHP: 243.25)  (Space Port (46, 182, 1))
[16:04:51]ATTACK: UA 571-C sentry gun shot Elder Queen (random12234) with a the autocannon bullet (<A HREF='?_src_=holder;adminplayerobservecoodjump=1;X=46;Y=182;Z=1'>JMP</a>)
[16:04:53]ATTACK: Drooper/(Jonathon Edhard) has shot Random12234/(Elder Queen) with [A19 high velocity bullet] (NEWHP: 229.5)  (Space Port (44, 181, 1))
[16:04:53]ATTACK: Jonathon Edhard (drooper) shot Elder Queen (random12234) with A19 high velocity bullet in Space Port (<A HREF='?_src_=holder;adminplayerobservecoodjump=1;X=44;Y=181;Z=1'>JMP</a>)
[16:05:00]ATTACK: Artyuom/(Johnny Vietnam) has disarmed ZyberCpechnaz/(Jadon Taylor) (NEWHP: 100)  (Space Port (45, 184, 1))
[16:05:00]ATTACK: Artyuom/(Johnny Vietnam) disarmed Jadon Taylor (zybercpechnaz)
[16:05:02]ATTACK: Artyuom/(Johnny Vietnam) has disarmed ZyberCpechnaz/(Jadon Taylor) (NEWHP: 100)  (Space Port (44, 184, 1))
[16:05:02]ATTACK: Artyuom/(Johnny Vietnam) disarmed Jadon Taylor (zybercpechnaz)
[16:05:25]ATTACK: Artyuom/(Johnny Vietnam) has disarmed Artyuom/(Johnny Vietnam) (NEWHP: 98.8)  (Engineering Complex (23, 176, 1))
[16:05:25]ATTACK: Artyuom/(Johnny Vietnam) disarmed Johnny Vietnam (artyuom)
[16:06:08]ATTACK: ZyberCpechnaz/(Jadon Taylor) has disarmed Drooper/(Jonathon Edhard) (NEWHP: 100)  (Space Port (48, 183, 1))
[16:06:08]ATTACK: ZyberCpechnaz/(Jadon Taylor) disarmed Jonathon Edhard (drooper)
[16:06:25]ATTACK: ZyberCpechnaz/(Jadon Taylor) has grabbed Drooper/(Jonathon Edhard) (NEWHP: 100)  (Space Port (47, 183, 1))
[16:06:25]ATTACK: ZyberCpechnaz/(Jadon Taylor) схватил Drooper/(Jonathon Edhard)
[16:06:37]ATTACK: Chaburek/(Haidee Baxter) has injected Chaburek/(Haidee Baxter) with [Pain-stop autoinjector] Reagents: Tramadol (NEWHP: 100)  (Dropship Alamo (34, 194, 1))
[16:06:37]ATTACK: Unknown (as Haidee Baxter) (chaburek) injected Unknown (as Haidee Baxter) (Chaburek) with Pain-stop autoinjector. Reagents: Tramadol (INTENT: HELP) (<A HREF='?_src_=holder;adminplayerobservecoodjump=1;X=34;Y=194;Z=1'>JMP</a>)
[16:06:44]ATTACK: ZyberCpechnaz/(Jadon Taylor) has grabbed Drooper/(Jonathon Edhard) (NEWHP: 100)  (Space Port (49, 183, 1))
[16:06:44]ATTACK: ZyberCpechnaz/(Jadon Taylor) схватил Drooper/(Jonathon Edhard)
[16:06:46]ATTACK: ZyberCpechnaz/(Jadon Taylor) has grabbed Drooper/(Jonathon Edhard) (NEWHP: 100)  (Space Port (50, 184, 1))
[16:06:46]ATTACK: ZyberCpechnaz/(Jadon Taylor) схватил Drooper/(Jonathon Edhard)
[16:06:55]ATTACK: ZyberCpechnaz/(Jadon Taylor) has grabbed Drooper/(Jonathon Edhard) (NEWHP: 100)  (Space Port (47, 183, 1))
[16:06:55]ATTACK: ZyberCpechnaz/(Jadon Taylor) схватил Drooper/(Jonathon Edhard)
[16:07:00]ATTACK: ZyberCpechnaz/(Jadon Taylor) has disarmed Drooper/(Jonathon Edhard) (NEWHP: 100)  (Space Port (45, 183, 1))
[16:07:00]ATTACK: ZyberCpechnaz/(Jadon Taylor) disarmed Jonathon Edhard (drooper)
[16:07:01]ATTACK: Drooper/(Jonathon Edhard) has disarmed ZyberCpechnaz/(Jadon Taylor) (NEWHP: 100)  (Space Port (44, 184, 1))
[16:07:01]ATTACK: Drooper/(Jonathon Edhard) disarmed Jadon Taylor (zybercpechnaz)
[16:07:04]ATTACK: Drooper/(Jonathon Edhard) has disarmed ZyberCpechnaz/(Jadon Taylor) (NEWHP: 100)  (Space Port (46, 184, 1))
[16:07:04]ATTACK: Drooper/(Jonathon Edhard) disarmed Jadon Taylor (zybercpechnaz)
[16:07:05]ATTACK: Drooper/(Jonathon Edhard) has disarmed ZyberCpechnaz/(Jadon Taylor) (NEWHP: 100)  (Space Port (46, 184, 1))
[16:07:05]ATTACK: Drooper/(Jonathon Edhard) disarmed Jadon Taylor (zybercpechnaz)
[16:07:07]ATTACK: Drooper/(Jonathon Edhard) has grabbed ZyberCpechnaz/(Jadon Taylor) (NEWHP: 100)  (Space Port (46, 184, 1))
[16:07:07]ATTACK: Drooper/(Jonathon Edhard) схватил ZyberCpechnaz/(Jadon Taylor)
[16:07:11]ATTACK: Drooper/(Jonathon Edhard) has disarmed ZyberCpechnaz/(Jadon Taylor) (NEWHP: 100)  (Space Port (46, 184, 1))
[16:07:11]ATTACK: Drooper/(Jonathon Edhard) disarmed Jadon Taylor (zybercpechnaz)
[16:08:03]ATTACK: ZyberCpechnaz/(Jadon Taylor) has disarmed Sewa/(Kelvin Focell) (NEWHP: 100)  (Space Port (48, 182, 1))
[16:08:03]ATTACK: ZyberCpechnaz/(Jadon Taylor) disarmed Kelvin Focell (sewa)
[16:10:47]ATTACK: ZyberCpechnaz/(Jadon Taylor) has disarmed Sewa/(Kelvin Focell) (NEWHP: 100)  (Space Port (47, 183, 1))
[16:10:47]ATTACK: ZyberCpechnaz/(Jadon Taylor) disarmed Kelvin Focell (sewa)
[16:10:48]ATTACK: ZyberCpechnaz/(Jadon Taylor) has disarmed Sewa/(Kelvin Focell) (NEWHP: 100)  (Space Port (47, 183, 1))
[16:10:48]ATTACK: ZyberCpechnaz/(Jadon Taylor) disarmed Kelvin Focell (sewa)
[16:10:50]ATTACK: ZyberCpechnaz/(Jadon Taylor) has disarmed Sewa/(Kelvin Focell) (NEWHP: 100)  (Space Port (47, 183, 1))
[16:10:50]ATTACK: ZyberCpechnaz/(Jadon Taylor) disarmed Kelvin Focell (sewa)
