

Starting up round 14:54:33
---------------------
[14:59:57]ATTACK: Artyuom/(Johnny Vietnam) has attempted to remove [security officer's jumpsuit] (body) *no key*/(Prison Guard) (NEWHP: 100)  (Security Department (209, 84, 1))
[15:00:09]ATTACK: Artyuom/(Johnny Vietnam) has attempted to remove [Prison Guard's ID Card] (id) *no key*/(Prison Guard) (NEWHP: 100)  (Security Department (209, 84, 1))
[15:00:20]ATTACK: Artyuom/(Johnny Vietnam) has attempted to remove [jackboots] (feet) *no key*/(Prison Guard) (NEWHP: 100)  (Security Department (209, 84, 1))
[15:01:00]ATTACK: Artyuom/(Johnny Vietnam) has attempted to remove [helmet] (head) *no key*/(Prison Guard) (NEWHP: 100)  (Security Department (208, 84, 1))
[15:02:36]ATTACK: ZyberCpechnaz/(Queen) has slashed *no key*/(monkey (713)) (NEWHP: 100)  (Civilian Residences Central (43, 128, 1))
[15:02:39]ATTACK: ZyberCpechnaz/(Queen) has grabbed *no key*/(monkey (713)) (NEWHP: 79)  (Civilian Residences Central (43, 128, 1))
[15:02:39]ATTACK: ZyberCpechnaz/(Queen) схватил *no key*/(monkey (713))
[15:02:43]ATTACK: ZyberCpechnaz/(Queen) has grabbed *no key*/(monkey (852)) (NEWHP: 100)  (Civilian Residences Central (42, 125, 1))
[15:02:43]ATTACK: ZyberCpechnaz/(Queen) схватил *no key*/(monkey (852))
[15:03:33]ATTACK: ZyberCpechnaz/(Queen) has grabbed *no key*/(monkey (275)) (NEWHP: 100)  (Civilian Residences Central (44, 125, 1))
[15:03:33]ATTACK: ZyberCpechnaz/(Queen) схватил *no key*/(monkey (275))
[15:03:39]ATTACK: ZyberCpechnaz/(Queen) has grabbed *no key*/(monkey (381)) (NEWHP: 100)  (Civilian Residences Central (41, 119, 1))
[15:03:39]ATTACK: ZyberCpechnaz/(Queen) схватил *no key*/(monkey (381))
[15:25:11]ATTACK: Artyuom/(Johnny Vietnam) has attacked *no key*/(Prisoner) with [replica katana] (INTENT: HELP) (DAMTYE: BRUTE) (NEWHP: 100)  (Holding Cell 1 (177, 114, 1))
[15:25:11]ATTACK: Artyuom/(Johnny Vietnam) attacked *no key*/(Prisoner) with replica katana (INTENT: HELP) (DAMTYE: BRUTE)
[15:25:13]ATTACK: Artyuom/(Johnny Vietnam) has attacked *no key*/(Prisoner) with [replica katana] (INTENT: HELP) (DAMTYE: BRUTE) (NEWHP: 73)  (Holding Cell 1 (177, 114, 1))
[15:25:13]ATTACK: Artyuom/(Johnny Vietnam) attacked *no key*/(Prisoner) with replica katana (INTENT: HELP) (DAMTYE: BRUTE)
[15:25:14]ATTACK: Artyuom/(Johnny Vietnam) has attacked *no key*/(Prisoner) with [replica katana] (INTENT: HELP) (DAMTYE: BRUTE) (NEWHP: 46)  (Holding Cell 1 (177, 114, 1))
[15:25:14]ATTACK: Artyuom/(Johnny Vietnam) attacked *no key*/(Prisoner) with replica katana (INTENT: HELP) (DAMTYE: BRUTE)
[15:25:16]ATTACK: Artyuom/(Johnny Vietnam) has attacked *no key*/(Prisoner) with [replica katana] (INTENT: HELP) (DAMTYE: BRUTE) (NEWHP: 100)  (Holding Cell 1 (177, 113, 1))
[15:25:16]ATTACK: Artyuom/(Johnny Vietnam) attacked *no key*/(Prisoner) with replica katana (INTENT: HELP) (DAMTYE: BRUTE)
[15:26:40]ATTACK: KluexTheSunborn/(Bob Ross) has disarmed KluexTheSunborn/(Bob Ross) (NEWHP: 100)  (Hallway Port (109, 140, 3))
[15:26:40]ATTACK: KluexTheSunborn/(Bob Ross) disarmed Bob Ross (kluexthesunborn)
[15:27:41]ATTACK: EngineerConager/(Dell Conrad) EngineerConager/(Dell Conrad) committed suicide with [Mateba autorevolver special] (Brig (163, 129, 3))
