

Starting up round 14:54:33
---------------------
[14:55:26]HREF: 14:55 KluexTheSunborn (usr:KluexTheSunborn) || KluexTheSunborn src=[0x3000064];lobby_choice=ready
[14:55:34]HREF: 14:55 EngineerConager (usr:EngineerConager) || EngineerConager src=[0x3000063];lobby_choice=ready
[14:55:40]HREF: 14:55 KluexTheSunborn (usr:KluexTheSunborn) || KluexTheSunborn src=[0x3000064];lobby_choice=ready
[14:55:53]HREF: 14:55 NIKIGO (usr:NIKIGO) || NIKIGO src=[0x3000065];lobby_choice=show_preferences
[14:55:53]HREF: 14:55 NIKIGO (usr:NIKIGO) || NIKIGO src=[0x3000065];lobby_choice=show_preferences
[14:55:54]HREF: 14:55 NIKIGO (usr:NIKIGO) || NIKIGO src=[0x3000065];lobby_choice=show_preferences
[14:56:00]HREF: 14:56 NIKIGO (usr:NIKIGO) || NIKIGO src=[0x3000065];lobby_choice=ready
[14:56:04]HREF: 14:56 EngineerConager (usr:EngineerConager) || EngineerConager src=[0x3000063];lobby_choice=ready
[14:56:05]HREF: 14:56 EngineerConager (usr:EngineerConager) || EngineerConager src=[0x3000063];lobby_choice=ready
[14:56:05]HREF: 14:56 EngineerConager (usr:EngineerConager) || EngineerConager src=[0x3000063];lobby_choice=ready
[14:56:09]HREF: 14:56 KluexTheSunborn (usr:KluexTheSunborn) || KluexTheSunborn src=[0x3000064];lobby_choice=ready
[14:56:19]HREF: 14:56 EngineerConager (usr:EngineerConager) || EngineerConager src=[0x3000063];lobby_choice=show_preferences
[14:56:21]HREF: 14:56 EngineerConager (usr:EngineerConager) || EngineerConager src=[0x3000063];lobby_choice=show_preferences
[14:56:21]HREF: 14:56 KluexTheSunborn (usr:KluexTheSunborn) || KluexTheSunborn src=[0x3000064];lobby_choice=ready
[14:56:21]HREF: 14:56 EngineerConager (usr:EngineerConager) || EngineerConager src=[0x3000063];lobby_choice=show_preferences
[14:56:21]HREF: 14:56 KluexTheSunborn (usr:KluexTheSunborn) || KluexTheSunborn src=[0x3000064];lobby_choice=ready
[14:56:58]HREF: 14:56 NIKIGO (usr:NIKIGO) || NIKIGO src=[0x3000065];lobby_choice=ready
[14:57:00]HREF: 14:57 EngineerConager (usr:EngineerConager) || EngineerConager src=[0x3000063];lobby_choice=ready
[14:57:00]HREF: 14:57 EngineerConager (usr:EngineerConager) || EngineerConager src=[0x3000063];lobby_choice=ready
[14:57:18]HREF: 14:57 Artyuom (usr:Artyuom) || Artyuom src=[0x3000061];lobby_choice=ready
[14:57:39]HREF: 14:57 BlackCrystalic (usr:BlackCrystalic) || /datum/admins src=[0x21003122];c_mode=1
[14:57:40]HREF: 14:57 BlackCrystalic (usr:BlackCrystalic) || /datum/admins src=[0x21003122];c_mode2=Distress%20Signal
[14:57:55]HREF: 14:57 KluexTheSunborn (usr:KluexTheSunborn) || KluexTheSunborn src=[0x300006b];lobby_choice=ready
[14:57:56]HREF: 14:57 KluexTheSunborn (usr:KluexTheSunborn) || KluexTheSunborn src=[0x300006b];lobby_choice=ready
[14:57:57]HREF: 14:57 KluexTheSunborn (usr:KluexTheSunborn) || KluexTheSunborn src=[0x300006b];lobby_choice=ready
[14:57:58]HREF: 14:57 EngineerConager (usr:EngineerConager) || EngineerConager src=[0x300006a];lobby_choice=ready
[14:57:59]HREF: 14:57 EngineerConager (usr:EngineerConager) || EngineerConager src=[0x300006a];lobby_choice=ready
[14:57:59]HREF: 14:57 EngineerConager (usr:EngineerConager) || EngineerConager src=[0x300006a];lobby_choice=ready
[14:58:00]HREF: 14:58 EngineerConager (usr:EngineerConager) || EngineerConager src=[0x300006a];lobby_choice=ready
[14:58:00]HREF: 14:58 EngineerConager (usr:EngineerConager) || EngineerConager src=[0x300006a];lobby_choice=ready
[14:58:04]HREF: 14:58 EngineerConager (usr:EngineerConager) || EngineerConager src=[0x300006a];lobby_choice=ready
[14:58:04]HREF: 14:58 EngineerConager (usr:EngineerConager) || EngineerConager src=[0x300006a];lobby_choice=ready
[14:58:18]HREF: 14:58 BlackCrystalic (usr:BlackCrystalic) || BlackCrystalic src=[0x3000062];lobby_choice=ready
[14:58:18]HREF: 14:58 BlackCrystalic (usr:BlackCrystalic) || BlackCrystalic src=[0x3000062];lobby_choice=ready
[14:58:20]HREF: 14:58 ZyberCpechnaz (usr:ZyberCpechnaz) || ZyberCpechnaz src=[0x300005f];lobby_choice=ready
[14:58:21]HREF: 14:58 ZyberCpechnaz (usr:ZyberCpechnaz) || ZyberCpechnaz src=[0x300005f];lobby_choice=show_preferences
[14:58:22]HREF: 14:58 ZyberCpechnaz (usr:ZyberCpechnaz) || _src_=prefs;preference=be_special;num=1
[14:58:22]HREF: 14:58 ZyberCpechnaz (usr:ZyberCpechnaz) || _src_=prefs;preference=be_special;num=0
[14:58:23]HREF: 14:58 ZyberCpechnaz (usr:ZyberCpechnaz) || ZyberCpechnaz src=[0x300005f];preference=save
[14:58:23]HREF: 14:58 ZyberCpechnaz (usr:ZyberCpechnaz) || ZyberCpechnaz src=[0x300005f];preference=save
[14:58:37]HREF: 14:58 NIKIGO (usr:NIKIGO) || NIKIGO src=[0x3000065];lobby_choice=ready
[14:58:40]HREF: 14:58 EngineerConager (usr:Dell Conrad) || EngineerConager src=[0x300006a];lobby_choice=ready
[14:58:41]HREF: 14:58 EngineerConager (usr:Dell Conrad) || EngineerConager src=[0x300006a];lobby_choice=ready
[14:58:41]HREF: 14:58 EngineerConager (usr:Dell Conrad) || EngineerConager src=[0x300006a];lobby_choice=ready
[14:58:41]HREF: 14:58 EngineerConager (usr:Dell Conrad) || EngineerConager src=[0x300006a];lobby_choice=ready
[14:58:42]HREF: 14:58 EngineerConager (usr:Dell Conrad) || EngineerConager src=[0x300006a];lobby_choice=ready
[14:58:42]HREF: 14:58 EngineerConager (usr:Dell Conrad) || EngineerConager src=[0x300006a];lobby_choice=ready
[14:58:42]HREF: 14:58 EngineerConager (usr:Dell Conrad) || EngineerConager src=[0x300006a];lobby_choice=ready
[14:58:44]HREF: 14:58 EngineerConager (usr:Dell Conrad) || EngineerConager src=[0x300006a];lobby_choice=show_preferences
[14:58:44]HREF: 14:58 EngineerConager (usr:Dell Conrad) || EngineerConager src=[0x300006a];lobby_choice=show_preferences
[14:58:44]HREF: 14:58 NIKIGO (usr:NIKIGO) || NIKIGO src=[0x3000065];lobby_choice=manifest
[14:58:44]HREF: 14:58 EngineerConager (usr:Dell Conrad) || EngineerConager src=[0x300006a];lobby_choice=show_preferences
[14:58:45]HREF: 14:58 EngineerConager (usr:Dell Conrad) || EngineerConager src=[0x300006a];lobby_choice=observe
[14:58:45]HREF: 14:58 EngineerConager (usr:Dell Conrad) || EngineerConager src=[0x300006a];lobby_choice=observe
[14:58:46]HREF: 14:58 EngineerConager (usr:Dell Conrad) || EngineerConager src=[0x300006a];lobby_choice=observe
[14:58:56]HREF: 14:58 Sewa (usr:Sewa) || Sewa src=[0x300008a];lobby_choice=late_join_xeno
[14:58:58]HREF: 14:58 Sewa (usr:Sewa) || Sewa src=[0x300008a];lobby_choice=late_join_xeno
[14:59:01]HREF: 14:59 Sewa (usr:Sewa) || Sewa src=[0x300008a];lobby_choice=late_join
[14:59:07]HREF: 14:59 NIKIGO (usr:NIKIGO) || NIKIGO src=[0x3000065];lobby_choice=manifest
[14:59:08]HREF: 14:59 Sewa (usr:Sewa) || Sewa src=[0x300008a];lobby_choice=manifest
[14:59:16]HREF: 14:59 NIKIGO (usr:NIKIGO) || NIKIGO src=[0x3000065];lobby_choice=late_join
[14:59:21]HREF: 14:59 NIKIGO (usr:NIKIGO) || NIKIGO src=[0x3000065];lobby_choice=SelectedJob;job_selected=Vehicle%20Crewman
[14:59:22]HREF: 14:59 Artyom Clark (usr:Artyom Clark) || Artyom Clark src=[0x300008e];lobby_choice=late_join
[14:59:25]HREF: 14:59 Sewa (usr:Sewa) || Sewa src=[0x300008a];lobby_choice=late_join
[14:59:34]HREF: 14:59 Sewa (usr:Sewa) || Sewa src=[0x300008a];lobby_choice=late_join
[14:59:42]HREF: 14:59 Artyom Clark (usr:Artyom Clark) || Artyom Clark src=[0x300008e];lobby_choice=late_join
[14:59:43]HREF: 14:59 Artyom Clark (usr:Artyom Clark) || Artyom Clark src=[0x300008e];lobby_choice=late_join_xeno
[14:59:45]HREF: 14:59 EngineerConager (usr:Dell Conrad) || EngineerConager src=[0x300006a];lobby_choice=ready
[14:59:46]HREF: 14:59 EngineerConager (usr:Dell Conrad) || EngineerConager src=[0x300006a];lobby_choice=ready
[14:59:46]HREF: 14:59 EngineerConager (usr:Dell Conrad) || EngineerConager src=[0x300006a];lobby_choice=ready
[14:59:46]HREF: 14:59 EngineerConager (usr:Dell Conrad) || EngineerConager src=[0x300006a];lobby_choice=ready
[14:59:47]HREF: 14:59 EngineerConager (usr:Dell Conrad) || EngineerConager src=[0x300006a];lobby_choice=ready
[14:59:51]HREF: 14:59 Sewa (usr:Sewa) || Sewa src=[0x300008a];lobby_choice=late_join_xeno
[14:59:52]HREF: 14:59 Sewa (usr:Sewa) || Sewa src=[0x300008a];lobby_choice=late_join_xeno
[14:59:53]HREF: 14:59 Sewa (usr:Sewa) || Sewa src=[0x300008a];lobby_choice=late_join_xeno
[14:59:53]HREF: 14:59 Artyom Clark (usr:Artyom Clark) || Artyom Clark src=[0x300008e];lobby_choice=late_join
[14:59:54]HREF: 14:59 Artyom Clark (usr:Artyom Clark) || Artyom Clark src=[0x300008e];lobby_choice=late_join
[14:59:57]HREF: 14:59 Artyuom (usr:Johnny Vietnam) || Prison Guard src=[0x3000021];item=body
[14:59:57]HREF: 14:59 Sewa (usr:Sewa) || Sewa src=[0x300008a];lobby_choice=observe
[14:59:59]HREF: 14:59 Artyom Clark (usr:Artyom Clark) || Artyom Clark src=[0x300008e];lobby_choice=late_join
[15:00:04]HREF: 15:00 Das228 (usr:Das228) || Das228 src=[0x3000091];lobby_choice=late_join
[15:00:06]HREF: 15:00 Das228 (usr:Das228) || Das228 src=[0x3000091];lobby_choice=show_preferences
[15:00:08]HREF: 15:00 Das228 (usr:Das228) || Das228 src=[0x3000091];lobby_choice=show_preferences
[15:00:09]HREF: 15:00 Artyuom (usr:Johnny Vietnam) || Prison Guard src=[0x3000021];item=id
[15:00:20]HREF: 15:00 Artyuom (usr:Johnny Vietnam (as Prison Guard)) || Prison Guard src=[0x3000021];item=feet
[15:00:21]HREF: 15:00 Artyom Clark (usr:Artyom Clark) || Artyom Clark src=[0x300008e];lobby_choice=late_join
[15:00:23]HREF: 15:00 Artyom Clark (usr:Artyom Clark) || Artyom Clark src=[0x300008e];lobby_choice=show_preferences
[15:00:25]HREF: 15:00 Artyom Clark (usr:Artyom Clark) || Artyom Clark src=[0x300008e];lobby_choice=late_join
[15:00:25]HREF: 15:00 Artyom Clark (usr:Artyom Clark) || Artyom Clark src=[0x300008e];lobby_choice=observe
[15:00:26]HREF: 15:00 Artyom Clark (usr:Artyom Clark) || Artyom Clark src=[0x300008e];lobby_choice=observe
[15:00:33]HREF: 15:00 Artyom Clark (usr:Artyom Clark) || Artyom Clark src=[0x300008e];lobby_choice=late_join
[15:00:34]HREF: 15:00 Artyom Clark (usr:Artyom Clark) || Artyom Clark src=[0x300008e];lobby_choice=late_join
[15:00:39]HREF: 15:00 Das228 (usr:Das228) || Das228 src=[0x3000091];lobby_choice=late_join
[15:00:40]HREF: 15:00 Das228 (usr:Das228) || Das228 src=[0x3000091];lobby_choice=observe
[15:00:41]HREF: 15:00 Das228 (usr:Das228) || Das228 src=[0x3000091];lobby_choice=observe
[15:00:41]HREF: 15:00 Das228 (usr:Das228) || Das228 src=[0x3000091];lobby_choice=observe
[15:00:41]HREF: 15:00 Artyuom (usr:Johnny Vietnam (as Prison Guard)) || Prison Guard src=[0x3000021];item=body
[15:00:46]HREF: 15:00 BlackCrystalic (usr:BlackCrystalic) || BlackCrystalic src=[0x3000062];lobby_choice=observe
[15:00:50]HREF: 15:00 Artyom Clark (usr:Artyom Clark) || Artyom Clark src=[0x300008e];lobby_choice=late_join
[15:00:53]HREF: 15:00 Artyuom (usr:Johnny Vietnam (as Prison Guard)) || Prison Guard src=[0x3000021];item=feet
[15:01:00]HREF: 15:01 Artyuom (usr:Johnny Vietnam (as Prison Guard)) || Prison Guard src=[0x3000021];item=head
[15:01:04]HREF: 15:01 Artyom Clark (usr:Artyom Clark) || Artyom Clark src=[0x300008e];lobby_choice=observe
[15:01:05]HREF: 15:01 Artyom Clark (usr:Artyom Clark) || Artyom Clark src=[0x300008e];lobby_choice=late_join_xeno
[15:01:06]HREF: 15:01 Artyom Clark (usr:Artyom Clark) || Artyom Clark src=[0x300008e];lobby_choice=late_join_xeno
[15:01:11]HREF: 15:01 Artyom Clark (usr:Artyom Clark) || Artyom Clark src=[0x300008e];lobby_choice=late_join
[15:01:11]HREF: 15:01 Artyom Clark (usr:Artyom Clark) || Artyom Clark src=[0x300008e];lobby_choice=late_join
[15:01:15]HREF: 15:01 Artyom Clark (usr:Artyom Clark) || Artyom Clark src=[0x300008e];lobby_choice=late_join
[15:02:05]HREF: 15:02 EngineerConager (usr:Dell Conrad) || The communications console src=[0x2016d1a];operation=login
[15:02:06]HREF: 15:02 EngineerConager (usr:Dell Conrad) || The communications console src=[0x2016d1a];operation=announce
[15:02:08]HREF: 15:02 Artyom Clark (usr:Artyom Clark) || Artyom Clark src=[0x3000097];lobby_choice=late_join
[15:02:11]HREF: 15:02 Artyom Clark (usr:Artyom Clark) || Artyom Clark src=[0x3000097];lobby_choice=late_join
[15:02:21]HREF: 15:02 Artyom Clark (usr:Artyom Clark) || Artyom Clark src=[0x3000097];lobby_choice=late_join
[15:02:26]HREF: 15:02 Artyom Clark (usr:Artyom Clark) || Artyom Clark src=[0x3000097];lobby_choice=late_join
[15:02:28]HREF: 15:02 Artyom Clark (usr:Artyom Clark) || Artyom Clark src=[0x3000097];lobby_choice=observe
[15:02:28]HREF: 15:02 Artyom Clark (usr:Artyom Clark) || Artyom Clark src=[0x3000097];lobby_choice=observe
[15:02:28]HREF: 15:02 Artyom Clark (usr:Artyom Clark) || Artyom Clark src=[0x3000097];lobby_choice=observe
[15:02:29]HREF: 15:02 Artyom Clark (usr:Artyom Clark) || Artyom Clark src=[0x3000097];lobby_choice=observe
[15:02:30]HREF: 15:02 Artyom Clark (usr:Artyom Clark) || Artyom Clark src=[0x3000097];lobby_choice=observe
[15:02:34]HREF: 15:02 Artyom Clark (usr:Artyom Clark) || Artyom Clark src=[0x3000097];lobby_choice=observe
[15:03:52]HREF: 15:03 EngineerConager (usr:Dell Conrad) || The safe src=[0x2017ab2];increment=1
[15:03:52]HREF: 15:03 EngineerConager (usr:Dell Conrad) || The safe src=[0x2017ab2];increment=1
[15:03:53]HREF: 15:03 EngineerConager (usr:Dell Conrad) || The safe src=[0x2017ab2];increment=1
[15:03:53]HREF: 15:03 EngineerConager (usr:Dell Conrad) || The safe src=[0x2017ab2];increment=1
[15:03:54]HREF: 15:03 EngineerConager (usr:Dell Conrad) || The safe src=[0x2017ab2];increment=1
[15:03:55]HREF: 15:03 EngineerConager (usr:Dell Conrad) || The safe src=[0x2017ab2];increment2=1
[15:03:55]HREF: 15:03 EngineerConager (usr:Dell Conrad) || The safe src=[0x2017ab2];increment2=1
[15:03:57]HREF: 15:03 EngineerConager (usr:Dell Conrad) || The safe src=[0x2017ab2];increment2=1
[15:03:57]HREF: 15:03 EngineerConager (usr:Dell Conrad) || The safe src=[0x2017ab2];increment2=1
[15:03:57]HREF: 15:03 EngineerConager (usr:Dell Conrad) || The safe src=[0x2017ab2];increment2=1
[15:03:59]HREF: 15:03 EngineerConager (usr:Dell Conrad) || The safe src=[0x2017ab2];increment2=1
[15:03:59]HREF: 15:03 EngineerConager (usr:Dell Conrad) || The safe src=[0x2017ab2];increment2=1
[15:04:00]HREF: 15:04 EngineerConager (usr:Dell Conrad) || The safe src=[0x2017ab2];increment2=1
[15:04:01]HREF: 15:04 EngineerConager (usr:Dell Conrad) || The safe src=[0x2017ab2];increment2=1
[15:04:02]HREF: 15:04 EngineerConager (usr:Dell Conrad) || The safe src=[0x2017ab2];open=1
[15:04:05]HREF: 15:04 EngineerConager (usr:Dell Conrad) || The safe src=[0x2017ab2];retrieve=[0x2017aca]
[15:04:08]HREF: 15:04 Artyom Clark (usr:Artyom Clark) || Artyom Clark src=[0x3000097];lobby_choice=observe
[15:04:12]HREF: 15:04 EngineerConager (usr:Dell Conrad) || The safe src=[0x2017ab2];retrieve=[0x2017ab5]
[15:04:15]HREF: 15:04 EngineerConager (usr:Dell Conrad) || The safe src=[0x2017ab2];retrieve=[0x2017abe]
[15:04:18]HREF: 15:04 EngineerConager (usr:Dell Conrad) || The safe src=[0x2017ab2];retrieve=[0x2017ab4]
[15:04:20]HREF: 15:04 EngineerConager (usr:Dell Conrad) || The safe src=[0x2017ab2];open=1
[15:04:21]HREF: 15:04 EngineerConager (usr:Dell Conrad) || The safe src=[0x2017ab2];increment=1
[15:04:22]HREF: 15:04 EngineerConager (usr:Dell Conrad) || The safe src=[0x2017ab2];increment2=1
[15:04:44]HREF: 15:04 EngineerConager (usr:Dell Conrad) || The clipboard src=[0x2017991];addpen=1
[15:04:58]HREF: 15:04 Fogusin (usr:Fogusin) || Fogusin src=[0x300009a];lobby_choice=show_preferences
[15:05:10]HREF: 15:05 KluexTheSunborn (usr:Bob Ross) || /datum/controller/vote src=[0x21000002];vote=close
[15:05:11]HREF: 15:05 EngineerConager (usr:Dell Conrad) || Overwatch Console src=[0x2017026];operation=change_operator
[15:05:12]HREF: 15:05 EngineerConager (usr:Dell Conrad) || Overwatch Console src=[0x2017026];operation=pick_squad
[15:05:14]HREF: 15:05 EngineerConager (usr:Dell Conrad) || Overwatch Console src=[0x2016e1d];operation=change_operator
[15:05:15]HREF: 15:05 EngineerConager (usr:Dell Conrad) || Overwatch Console src=[0x2016e1d];operation=pick_squad
[15:05:19]HREF: 15:05 EngineerConager (usr:Dell Conrad) || Overwatch Console src=[0x2017026];operation=monitor
[15:05:20]HREF: 15:05 EngineerConager (usr:Dell Conrad) || Overwatch Console src=[0x2017026];operation=back
[15:05:22]HREF: 15:05 EngineerConager (usr:Dell Conrad) || Overwatch Console src=[0x2016e1d];operation=monitor
[15:05:24]HREF: 15:05 EngineerConager (usr:Dell Conrad) || Overwatch Console src=[0x2016e1d];operation=back
[15:05:26]HREF: 15:05 EngineerConager (usr:Dell Conrad) || Overwatch Console src=[0x2016e1d];operation=change_lead
[15:05:29]HREF: 15:05 EngineerConager (usr:Dell Conrad) || Overwatch Console src=[0x2017026];operation=monitor
[15:05:30]HREF: 15:05 EngineerConager (usr:Dell Conrad) || Overwatch Console src=[0x2017026];operation=back
[15:05:31]HREF: 15:05 EngineerConager (usr:Dell Conrad) || Overwatch Console src=[0x2017026];operation=change_lead
[15:06:05]HREF: 15:06 Fogusin (usr:Fogusin) || Fogusin src=[0x300009c];lobby_choice=show_preferences
[15:06:07]HREF: 15:06 Fogusin (usr:Fogusin) || Fogusin src=[0x300009c];lobby_choice=manifest
[15:09:39]HREF: 15:09 Artyuom (usr:Johnny Vietnam) || The fax machine src=[0x200c716];scan=1
[15:09:39]HREF: 15:09 Artyuom (usr:Johnny Vietnam) || The fax machine src=[0x200c716];auth=1
[15:09:51]HREF: 15:09 Artyuom (usr:Johnny Vietnam) || The fax machine src=[0x200c716];scan=1
[15:10:30]HREF: 15:10 Artyom Clark (usr:Artyom Clark) || _src_=holder;sendbacktolobby=[0x3000098]
[15:10:33]HREF: 15:10 Artyom Clark (usr:the new player) || The new player src=[0x30000a1];lobby_choice=late_join
[15:10:36]HREF: 15:10 Artyom Clark (usr:the new player) || The new player src=[0x30000a1];lobby_choice=late_join
[15:10:45]HREF: 15:10 Das228 (usr:Das228) || Das228 src=[0x30000a0];lobby_choice=show_preferences
[15:10:46]HREF: 15:10 Das228 (usr:Das228) || Das228 src=[0x30000a0];lobby_choice=show_preferences
[15:10:46]HREF: 15:10 Das228 (usr:Das228) || Das228 src=[0x30000a0];lobby_choice=show_preferences
[15:10:46]HREF: 15:10 Das228 (usr:Das228) || Das228 src=[0x30000a0];lobby_choice=show_preferences
[15:10:47]HREF: 15:10 Das228 (usr:Das228) || Das228 src=[0x30000a0];lobby_choice=show_preferences
[15:10:47]HREF: 15:10 Das228 (usr:Das228) || Das228 src=[0x30000a0];lobby_choice=show_preferences
[15:10:49]HREF: 15:10 Artyom Clark (usr:the new player) || The new player src=[0x30000a1];lobby_choice=late_join
[15:11:12]HREF: 15:11 Artyom Clark (usr:the new player) || The new player src=[0x30000a1];lobby_choice=late_join
[15:11:14]HREF: 15:11 Artyom Clark (usr:the new player) || The new player src=[0x30000a1];lobby_choice=late_join
[15:11:20]HREF: 15:11 Artyom Clark (usr:the new player) || The new player src=[0x30000a1];lobby_choice=late_join
[15:11:35]HREF: 15:11 Artyom Clark (usr:the new player) || The new player src=[0x30000a1];lobby_choice=late_join
[15:11:36]HREF: 15:11 Artyom Clark (usr:the new player) || The new player src=[0x30000a1];lobby_choice=late_join
[15:11:36]HREF: 15:11 Artyuom (usr:Johnny Vietnam) || The fax machine src=[0x200c697];scan=1
[15:11:36]HREF: 15:11 Artyom Clark (usr:the new player) || The new player src=[0x30000a1];lobby_choice=late_join
[15:11:36]HREF: 15:11 Artyom Clark (usr:the new player) || The new player src=[0x30000a1];lobby_choice=late_join
[15:11:36]HREF: 15:11 Artyom Clark (usr:the new player) || The new player src=[0x30000a1];lobby_choice=late_join
[15:11:37]HREF: 15:11 Artyom Clark (usr:the new player) || The new player src=[0x30000a1];lobby_choice=late_join
[15:11:37]HREF: 15:11 Artyuom (usr:Johnny Vietnam) || The fax machine src=[0x200c697];auth=1
[15:12:03]HREF: 15:12 Artyuom (usr:Johnny Vietnam) || The paper src=[0x200c734];write=end
[15:12:11]HREF: 15:12 Artyom Clark (usr:the new player) || The new player src=[0x30000a1];lobby_choice=late_join
[15:12:11]HREF: 15:12 Artyom Clark (usr:the new player) || The new player src=[0x30000a1];lobby_choice=late_join
[15:12:13]HREF: 15:12 Artyom Clark (usr:the new player) || The new player src=[0x30000a1];lobby_choice=observe
[15:13:00]HREF: 15:13 Artyom Clark (usr:the new player) || The new player src=[0x30000a1];lobby_choice=late_join
[15:13:00]HREF: 15:13 Artyom Clark (usr:the new player) || The new player src=[0x30000a1];lobby_choice=late_join
[15:13:31]HREF: 15:13 Artyom Clark (usr:the new player) || The new player src=[0x30000a1];lobby_choice=late_join
[15:13:34]HREF: 15:13 Das228 (usr:Das228) || Das228 src=[0x30000a0];lobby_choice=late_join
[15:13:36]HREF: 15:13 Das228 (usr:Das228) || Das228 src=[0x30000a0];lobby_choice=show_preferences
[15:13:36]HREF: 15:13 Artyom Clark (usr:the new player) || The new player src=[0x30000a1];lobby_choice=SelectedJob;job_selected=Squad%20Marine
[15:13:37]HREF: 15:13 Artyom Clark (usr:Artyom Clark) || The new player src=[0x30000a1];lobby_choice=SelectedJob;job_selected=Squad%20Marine
[15:13:40]HREF: 15:13 Artyom Clark (usr:Artyom Clark) || The new player src=[0x30000a1];lobby_choice=SelectedJob;job_selected=Squad%20Marine
[15:13:41]HREF: 15:13 Das228 (usr:Das228) || Das228 src=[0x30000a0];lobby_choice=show_preferences
[15:13:42]HREF: 15:13 Das228 (usr:Das228) || Das228 src=[0x30000a0];lobby_choice=show_preferences
[15:13:44]HREF: 15:13 Das228 (usr:Das228) || Das228 src=[0x30000a0];lobby_choice=observe
[15:13:45]HREF: 15:13 Artyom Clark (usr:Artyom Clark) || The new player src=[0x30000a1];lobby_choice=SelectedJob;job_selected=Squad%20Marine
[15:14:04]HREF: 15:14 Das228 (usr:Das228) || Das228 src=[0x30000a0];lobby_choice=show_preferences
[15:14:08]HREF: 15:14 Das228 (usr:Das228) || Das228 src=[0x30000a0];lobby_choice=late_join
[15:14:15]HREF: 15:14 Das228 (usr:Das228) || Das228 src=[0x30000a0];lobby_choice=SelectedJob;job_selected=Squad%20Smartgunner
[15:14:15]HREF: 15:14 Artyom Clark (usr:Artyom Clark) || The new player src=[0x30000a1];lobby_choice=SelectedJob;job_selected=Squad%20Marine
[15:14:15]HREF: 15:14 Artyom Clark (usr:Artyom Clark) || The new player src=[0x30000a1];lobby_choice=SelectedJob;job_selected=Squad%20Marine
[15:14:15]HREF: 15:14 Artyom Clark (usr:Artyom Clark) || The new player src=[0x30000a1];lobby_choice=SelectedJob;job_selected=Squad%20Marine
[15:14:16]HREF: 15:14 Artyom Clark (usr:Artyom Clark) || The new player src=[0x30000a1];lobby_choice=SelectedJob;job_selected=Squad%20Marine
[15:15:03]HREF: 15:15 Artyuom (usr:Johnny Vietnam) || The paper src=[0x201abe0];write=end
[15:16:02]HREF: 15:16 Gaper (usr:Gaper) || Gaper src=[0x30000a5];lobby_choice=late_join
[15:16:03]HREF: 15:16 Gaper (usr:Gaper) || Gaper src=[0x30000a5];lobby_choice=late_join
[15:16:08]HREF: 15:16 Gaper (usr:Gaper) || Gaper src=[0x30000a5];lobby_choice=late_join
[15:16:15]HREF: 15:16 Sewa (usr:Kelvin Focell) || Kelvin Focell src=[0x3000092];track=[0x3000087]
[15:16:19]HREF: 15:16 Sewa (usr:Kelvin Focell) || Kelvin Focell src=[0x3000092];track=[0x3000090]
[15:16:21]HREF: 15:16 Gaper (usr:Gaper) || Gaper src=[0x30000a5];lobby_choice=late_join
[15:16:22]HREF: 15:16 Gaper (usr:Gaper) || Gaper src=[0x30000a5];lobby_choice=late_join
[15:16:22]HREF: 15:16 Sewa (usr:Kelvin Focell) || Kelvin Focell src=[0x3000092];track=[0x3000087]
[15:16:29]HREF: 15:16 Gaper (usr:Gaper) || Gaper src=[0x30000a5];lobby_choice=late_join
[15:16:54]HREF: 15:16 Sewa (usr:Kelvin Focell) || Kelvin Focell src=[0x3000092];track=[0x3000088]
[15:16:55]HREF: 15:16 Gaper (usr:Gaper) || Gaper src=[0x30000a9];lobby_choice=late_join
[15:16:58]HREF: 15:16 Sewa (usr:Kelvin Focell) || Kelvin Focell src=[0x3000092];track=[0x3000088]
[15:16:59]HREF: 15:16 Sewa (usr:Kelvin Focell) || Kelvin Focell src=[0x3000092];track=[0x3000087]
[15:17:13]HREF: 15:17 Gaper (usr:Gaper) || Gaper src=[0x30000a9];lobby_choice=late_join
[15:18:05]HREF: 15:18 Artyuom (usr:Johnny Vietnam) || The fax machine src=[0x200c697];send=1
[15:18:12]HREF: 15:18 EngineerConager (usr:Dell Conrad) || _src_=holder;CentcommFaxView=[0x6017aff]
[15:18:13]HREF: 15:18 BlackCrystalic (usr:Blacky 'GG' Crysis) || _src_=holder;CentcommFaxView=[0x6017aff]
[15:18:28]HREF: 15:18 BlackCrystalic (usr:Blacky 'GG' Crysis) || _src_=holder;adminplayerobservejump=[0x3000086]
[15:20:58]HREF: 15:20 Gaper (usr:Gaper) || Gaper src=[0x30000ab];lobby_choice=late_join
[15:21:00]HREF: 15:21 Artyuom (usr:Johnny Vietnam) || The fax machine src=[0x200c697];scan=1
[15:21:07]HREF: 15:21 Gaper (usr:Gaper) || Gaper src=[0x30000ab];lobby_choice=late_join
[15:21:49]HREF: 15:21 Gaper (usr:Gaper) || Gaper src=[0x30000ab];lobby_choice=SelectedJob;job_selected=Military%20Police
[15:22:13]HREF: 15:22 Artyuom (usr:Johnny Vietnam) || The fax machine src=[0x200c697];scan=1
[15:22:16]HREF: 15:22 Artyuom (usr:Johnny Vietnam) || The fax machine src=[0x200c697];auth=1
[15:22:35]HREF: 15:22 BakaZloy (usr:BakaZloy) || BakaZloy src=[0x30000b0];lobby_choice=show_preferences
[15:22:40]HREF: 15:22 BakaZloy (usr:BakaZloy) || _src_=prefs;preference=age;task=input
[15:24:02]HREF: 15:24 BakaZloy (usr:BakaZloy) || _src_=prefs;preference=h_style;task=input
[15:24:17]HREF: 15:24 EngineerConager (usr:Dell Conrad) || The communications console src=[0x2016d1a];operation=announce
[15:25:06]HREF: 15:25 Sewa (usr:Kelvin Focell) || Kelvin Focell src=[0x3000092];track=[0x3000087]
[15:26:10]HREF: 15:26 BlackCrystalic (usr:Blacky 'GG' Crysis) || /datum/controller/vote src=[0x21000002];vote=custom
[15:26:31]HREF: 15:26 EngineerConager (usr:Dell Conrad) || /datum/controller/vote src=[0x21000002];vote=1
[15:26:33]HREF: 15:26 BlackCrystalic (usr:Blacky 'GG' Crysis) || /datum/controller/vote src=[0x21000002];vote=close
[15:26:35]HREF: 15:26 KluexTheSunborn (usr:Bob Ross) || /datum/controller/vote src=[0x21000002];vote=1
[15:26:35]HREF: 15:26 Artyom Clark (usr:Artyom Clark) || /datum/controller/vote src=[0x21000002];vote=1
[15:26:36]HREF: 15:26 NIKIGO (usr:Colten Stange) || /datum/controller/vote src=[0x21000002];vote=1
[15:26:36]HREF: 15:26 EngineerConager (usr:Dell Conrad) || /datum/controller/vote src=[0x21000002];vote=close
[15:26:36]HREF: 15:26 Artyom Clark (usr:Artyom Clark) || /datum/controller/vote src=[0x21000002];vote=close
[15:26:37]HREF: 15:26 KluexTheSunborn (usr:Bob Ross) || /datum/controller/vote src=[0x21000002];vote=close
[15:26:39]HREF: 15:26 Das228 (usr:Osmund Howard) || /datum/controller/vote src=[0x21000002];vote=1
[15:26:41]HREF: 15:26 Das228 (usr:Osmund Howard) || /datum/controller/vote src=[0x21000002];vote=close
[15:26:46]HREF: 15:26 BlackCrystalic (usr:Blacky 'GG' Crysis) || /datum/controller/vote src=[0x21000002];vote=1
[15:26:46]HREF: 15:26 BlackCrystalic (usr:Blacky 'GG' Crysis) || /datum/controller/vote src=[0x21000002];vote=1
[15:26:47]HREF: 15:26 BlackCrystalic (usr:Blacky 'GG' Crysis) || /datum/controller/vote src=[0x21000002];vote=1
[15:26:48]HREF: 15:26 BlackCrystalic (usr:Blacky 'GG' Crysis) || /datum/controller/vote src=[0x21000002];vote=1
[15:26:49]HREF: 15:26 Sewa (usr:Kelvin Focell) || /datum/controller/vote src=[0x21000002];vote=1
[15:26:50]HREF: 15:26 Artyuom (usr:Johnny Vietnam) || /datum/controller/vote src=[0x21000002];vote=1
[15:26:51]HREF: 15:26 BlackCrystalic (usr:Blacky 'GG' Crysis) || /datum/controller/vote src=[0x21000002];vote=1
[15:26:51]HREF: 15:26 Artyuom (usr:Johnny Vietnam) || /datum/controller/vote src=[0x21000002];vote=1
[15:26:52]HREF: 15:26 BlackCrystalic (usr:Blacky 'GG' Crysis) || /datum/controller/vote src=[0x21000002];vote=1
[15:26:53]HREF: 15:26 BlackCrystalic (usr:Blacky 'GG' Crysis) || /datum/controller/vote src=[0x21000002];vote=1
[15:26:54]HREF: 15:26 BlackCrystalic (usr:Blacky 'GG' Crysis) || /datum/controller/vote src=[0x21000002];vote=1
[15:26:54]HREF: 15:26 BlackCrystalic (usr:Blacky 'GG' Crysis) || /datum/controller/vote src=[0x21000002];vote=1
[15:26:55]HREF: 15:26 BlackCrystalic (usr:Blacky 'GG' Crysis) || /datum/controller/vote src=[0x21000002];vote=1
[15:26:56]HREF: 15:26 BlackCrystalic (usr:Blacky 'GG' Crysis) || /datum/controller/vote src=[0x21000002];vote=1
[15:26:57]HREF: 15:26 BlackCrystalic (usr:Blacky 'GG' Crysis) || /datum/controller/vote src=[0x21000002];vote=1
[15:26:58]HREF: 15:26 BlackCrystalic (usr:Blacky 'GG' Crysis) || /datum/controller/vote src=[0x21000002];vote=1
[15:26:59]HREF: 15:26 BlackCrystalic (usr:Blacky 'GG' Crysis) || /datum/controller/vote src=[0x21000002];vote=1
[15:27:22]HREF: 15:27 Sewa (usr:Kelvin Focell) || /datum/controller/vote src=[0x21000002];vote=1
[15:27:23]HREF: 15:27 Sewa (usr:Kelvin Focell) || /datum/controller/vote src=[0x21000002];vote=1
[15:27:24]HREF: 15:27 Sewa (usr:Kelvin Focell) || /datum/controller/vote src=[0x21000002];vote=1
[15:27:26]HREF: 15:27 Sewa (usr:Kelvin Focell) || /datum/controller/vote src=[0x21000002];vote=close
[15:27:27]HREF: 15:27 NIKIGO (usr:Colten Stange) || /datum/controller/vote src=[0x21000002];vote=close
[15:27:33]HREF: 15:27 BlackCrystalic (usr:Blacky 'GG' Crysis) || /datum/controller/vote src=[0x21000002];vote=close
