

Starting up round 15:46:05
---------------------
[15:51:20]ATTACK: Sewa/(Kelvin Focell) has attempted to remove [sunglasses] (eyes) *no key*/(Mr. Johnson Telovin) (NEWHP: 100)  (Internal Affairs (53, 31, 1))
[15:51:26]ATTACK: Sewa/(Kelvin Focell) has attempted to remove [bulletproof vest] (jacket) *no key*/(Mr. Johnson Telovin) (NEWHP: 100)  (Internal Affairs (53, 31, 1))
[15:52:01]ATTACK: Danik_10p/(Young Drone (185)) has grabbed *no key*/(monkey (852)) (NEWHP: 100)  (Western Caves (45, 172, 1))
[15:52:01]ATTACK: Danik_10p/(Young Drone (185)) схватил *no key*/(monkey (852))
[15:56:03]ATTACK: Danik_10p/(Queen) has grabbed *no key*/(monkey (852)) (NEWHP: 100)  (Western Caves (17, 165, 1))
[15:56:03]ATTACK: Danik_10p/(Queen) схватил *no key*/(monkey (852))
[15:58:08]ATTACK: Danik_10p/(Queen) has grabbed *no key*/(monkey (852)) (NEWHP: 100)  (Western Caves (17, 165, 1))
[15:58:08]ATTACK: Danik_10p/(Queen) схватил *no key*/(monkey (852))
[15:59:19]ATTACK: M580 APC took 0 blunt damage from Colten Stange (nikigo).
[16:05:43]ATTACK: M580-M APC "Clown car" took 0 blunt damage from Johnny Vietnam (artyuom).
[16:05:57]ATTACK: M580-M APC "Clown car" took 0 blunt damage from Dell Conrad (engineerconager).
[16:06:34]ATTACK: Danik_10p/(Queen) has grabbed *no key*/(monkey (852)) (NEWHP: 100)  (Western Caves (17, 165, 1))
[16:06:34]ATTACK: Danik_10p/(Queen) схватил *no key*/(monkey (852))
[16:08:59]ATTACK: Artyuom/(Johnny Vietnam) has fed NIKIGO/(Colten Stange) with [pill] Reagents: bicaridine(15u) (NEWHP: 96.8)  (APC_1 Interior (17, 70, 4))
[16:08:59]ATTACK: Johnny Vietnam (artyuom) fed Colten Stange (nikigo) with pill Reagents: bicaridine(15u) (INTENT: HELP) (<A HREF='?_src_=holder;adminplayerobservecoodjump=1;X=17;Y=70;Z=4'>JMP</a>)
[16:09:17]ATTACK: M580-M APC "Clown car" took 10 blunt damage from the window frame.
[16:12:08]ATTACK: M580-M APC "Clown car" took 10 blunt damage from the window frame.
[16:12:08]ATTACK: M580-M APC "Clown car" took 20 blunt damage from the Nexus Dome.
[16:12:26]ATTACK: M580-M APC "Clown car" took 10 blunt damage from the window frame.
[16:12:26]ATTACK: M580-M APC "Clown car" took 20 blunt damage from the Leisure Dome.
[16:12:26]ATTACK: M580-M APC "Clown car" took 10 blunt damage from the window frame.
[16:12:41]ATTACK: M580-M APC "Clown car" took 10 blunt damage from the window frame.
[16:12:41]ATTACK: M580-M APC "Clown car" took 20 blunt damage from the Leisure Dome.
[16:12:41]ATTACK: M580-M APC "Clown car" took 10 blunt damage from the window frame.
[16:12:53]ATTACK: M580-M APC "Clown car" took 10 blunt damage from the window frame.
[16:12:53]ATTACK: M580-M APC "Clown car" took 20 blunt damage from the Hydroponics Dome.
[16:12:53]ATTACK: M580-M APC "Clown car" took 10 blunt damage from the window frame.
[16:12:59]ATTACK: M580-M APC "Clown car" took 10 blunt damage from the window frame.
[16:12:59]ATTACK: M580-M APC "Clown car" took 20 blunt damage from the Hydroponics Dome.
[16:12:59]ATTACK: M580-M APC "Clown car" took 10 blunt damage from the window frame.
[16:14:58]ATTACK: M580-M APC "Clown car" took 15 blunt damage from the gold wall.
[16:14:58]ATTACK: M580-M APC "Clown car" took 15 blunt damage from the gold wall.
[16:14:58]ATTACK: M580-M APC "Clown car" took 15 blunt damage from the gold wall.
[16:14:58]ATTACK: M580-M APC "Clown car" took 15 blunt damage from the gold wall.
[16:14:58]ATTACK: M580-M APC "Clown car" took 15 blunt damage from the gold wall.
[16:14:58]ATTACK: M580-M APC "Clown car" took 15 blunt damage from the gold wall.
[16:14:58]ATTACK: M580-M APC "Clown car" took 15 blunt damage from the gold wall.
[16:14:58]ATTACK: M580-M APC "Clown car" took 15 blunt damage from the gold wall.
[16:14:58]ATTACK: M580-M APC "Clown car" took 15 blunt damage from the gold wall.
[16:14:58]ATTACK: M580-M APC "Clown car" took 15 blunt damage from the gold wall.
[16:14:58]ATTACK: M580-M APC "Clown car" took 15 blunt damage from the gold wall.
[16:14:58]ATTACK: M580-M APC "Clown car" took 15 blunt damage from the gold wall.
[16:14:58]ATTACK: M580-M APC "Clown car" took 15 blunt damage from the gold wall.
[16:14:58]ATTACK: M580-M APC "Clown car" took 15 blunt damage from the gold wall.
[16:14:58]ATTACK: M580-M APC "Clown car" took 15 blunt damage from the gold wall.
[16:14:58]ATTACK: M580-M APC "Clown car" took 15 blunt damage from the gold wall.
[16:14:59]ATTACK: M580-M APC "Clown car" took 15 blunt damage from the gold wall.
[16:14:59]ATTACK: M580-M APC "Clown car" took 15 blunt damage from the gold wall.
[16:14:59]ATTACK: M580-M APC "Clown car" took 15 blunt damage from the gold wall.
[16:14:59]ATTACK: M580-M APC "Clown car" took 15 blunt damage from the gold wall.
[16:14:59]ATTACK: M580-M APC "Clown car" took 15 blunt damage from the gold wall.
[16:14:59]ATTACK: M580-M APC "Clown car" took 15 blunt damage from the gold wall.
[16:14:59]ATTACK: M580-M APC "Clown car" took 15 blunt damage from the gold wall.
[16:14:59]ATTACK: M580-M APC "Clown car" took 15 blunt damage from the gold wall.
[16:16:25]ATTACK: M580-M APC "Clown car" took 15 blunt damage from the gold wall.
[16:16:25]ATTACK: M580-M APC "Clown car" took 15 blunt damage from the gold wall.
[16:16:25]ATTACK: M580-M APC "Clown car" took 15 blunt damage from the gold wall.
[16:16:25]ATTACK: M580-M APC "Clown car" took 15 blunt damage from the gold wall.
[16:16:25]ATTACK: M580-M APC "Clown car" took 15 blunt damage from the gold wall.
[16:16:25]ATTACK: M580-M APC "Clown car" took 15 blunt damage from the gold wall.
[16:16:25]ATTACK: M580-M APC "Clown car" took 15 blunt damage from the gold wall.
[16:16:25]ATTACK: M580-M APC "Clown car" took 15 blunt damage from the gold wall.
[16:20:47]ATTACK: Dell Conrad (engineerconager) primed M40 HEDP grenade (<A HREF='?_src_=holder;adminplayerobservecoodjump=1;X=79;Y=164;Z=1'>JMP</a>)
[16:22:19]ATTACK: *no key*/(alien ravager) has attacked BlackCrystalic/(Blacky 'GG' Crysis) (NEWHP: 100)  (Western Caves (40, 167, 1))
[16:22:21]ATTACK: *no key*/(alien ravager) has attacked BlackCrystalic/(Blacky 'GG' Crysis) (NEWHP: 85)  (Western Caves (43, 167, 1))
[16:22:35]ATTACK: NIKIGO/(Colten Stange) has grabbed *no key*/(alien ravager) (NEWHP: 0)  (Western Caves (48, 164, 1))
[16:22:35]ATTACK: NIKIGO/(Colten Stange) схватил *no key*/(alien ravager)
[16:22:48]ATTACK: Artyuom/(Johnny Vietnam) has fed BlackCrystalic/(Blacky 'GG' Crysis) with [pill] Reagents: bicaridine(15u) (NEWHP: 97.8)  (Western Caves (50, 162, 1))
[16:22:48]ATTACK: Johnny Vietnam (artyuom) fed Blacky 'GG' Crysis (blackcrystalic) with pill Reagents: bicaridine(15u) (INTENT: HELP) (<A HREF='?_src_=holder;adminplayerobservecoodjump=1;X=50;Y=162;Z=1'>JMP</a>)
[16:22:48]ATTACK: Dell Conrad (engineerconager) primed M40 HPDP grenade (<A HREF='?_src_=holder;adminplayerobservecoodjump=1;X=44;Y=166;Z=1'>JMP</a>)
[16:22:52]ATTACK: Artyuom/(Johnny Vietnam) has fed BlackCrystalic/(Blacky 'GG' Crysis) with [pill] Reagents: tramadol(15u) (NEWHP: 98.2)  (Western Caves (50, 162, 1))
[16:22:52]ATTACK: Johnny Vietnam (artyuom) fed Blacky 'GG' Crysis (blackcrystalic) with pill Reagents: tramadol(15u) (INTENT: HELP) (<A HREF='?_src_=holder;adminplayerobservecoodjump=1;X=50;Y=162;Z=1'>JMP</a>)
[16:23:12]ATTACK: Artyuom/(Johnny Vietnam) has fed EngineerConager/(Dell Conrad) with [pill] Reagents: bicaridine(15u) (NEWHP: 51.4)  (Western Caves (46, 163, 1))
[16:23:12]ATTACK: Johnny Vietnam (artyuom) fed Dell Conrad (engineerconager) with pill Reagents: bicaridine(15u) (INTENT: HELP) (<A HREF='?_src_=holder;adminplayerobservecoodjump=1;X=46;Y=163;Z=1'>JMP</a>)
[16:23:17]ATTACK: Artyuom/(Johnny Vietnam) has fed EngineerConager/(Dell Conrad) with [pill] Reagents: tramadol(15u) (NEWHP: 51.7)  (Western Caves (46, 163, 1))
[16:23:17]ATTACK: Johnny Vietnam (artyuom) fed Dell Conrad (engineerconager) with pill Reagents: tramadol(15u) (INTENT: HELP) (<A HREF='?_src_=holder;adminplayerobservecoodjump=1;X=46;Y=163;Z=1'>JMP</a>)
[16:23:43]ATTACK: EngineerConager/(Dell Conrad) has shot Danik_10p/(Elder Queen) with [additional buckshot] (NEWHP: 400)  (Western Caves (35, 166, 1))
[16:23:43]ATTACK: Dell Conrad (engineerconager) shot Elder Queen (danik10p) with an additional buckshot in Western Caves (<A HREF='?_src_=holder;adminplayerobservecoodjump=1;X=35;Y=166;Z=1'>JMP</a>)
[16:23:50]ATTACK: EngineerConager/(Dell Conrad) has shot Danik_10p/(Elder Queen) with [shotgun buckshot shell] (NEWHP: 397.53)  (Western Caves (35, 168, 1))
[16:23:50]ATTACK: Dell Conrad (engineerconager) shot Elder Queen (danik10p) with a shotgun buckshot shell in Western Caves (<A HREF='?_src_=holder;adminplayerobservecoodjump=1;X=35;Y=168;Z=1'>JMP</a>)
[16:23:50]ATTACK: EngineerConager/(Dell Conrad) has shot Danik_10p/(Elder Queen) with [additional buckshot] (NEWHP: 322.53)  (Western Caves (35, 168, 1))
[16:23:50]ATTACK: Dell Conrad (engineerconager) shot Elder Queen (danik10p) with an additional buckshot in Western Caves (<A HREF='?_src_=holder;adminplayerobservecoodjump=1;X=35;Y=168;Z=1'>JMP</a>)
[16:23:59]ATTACK: BlackCrystalic/(Blacky 'GG' Crysis) has shot Danik_10p/(Elder Queen) with [rifle bullet] (NEWHP: 342.09)  (Western Caves (30, 169, 1))
[16:23:59]ATTACK: Blacky 'GG' Crysis (blackcrystalic) shot Elder Queen (danik10p) with a rifle bullet in Western Caves (<A HREF='?_src_=holder;adminplayerobservecoodjump=1;X=30;Y=169;Z=1'>JMP</a>)
[16:24:07]ATTACK: Sewa/(Kelvin Focell) has shot Danik_10p/(Elder Queen) with [shotgun slug] (NEWHP: 334.385)  (Western Caves (24, 165, 1))
[16:24:07]ATTACK: Kelvin Focell (sewa) shot Elder Queen (danik10p) with a shotgun slug in Western Caves (<A HREF='?_src_=holder;adminplayerobservecoodjump=1;X=24;Y=165;Z=1'>JMP</a>)
[16:24:13]ATTACK: BlackCrystalic/(Blacky 'GG' Crysis) has shot Danik_10p/(Elder Queen) with [rifle bullet] (NEWHP: 270.385)  (Western Caves (30, 169, 1))
[16:24:13]ATTACK: Blacky 'GG' Crysis (blackcrystalic) shot Elder Queen (danik10p) with a rifle bullet in Western Caves (<A HREF='?_src_=holder;adminplayerobservecoodjump=1;X=30;Y=169;Z=1'>JMP</a>)
[16:24:14]ATTACK: Dell Conrad (engineerconager) primed M40 HPDP grenade (<A HREF='?_src_=holder;adminplayerobservecoodjump=1;X=32;Y=165;Z=1'>JMP</a>)
[16:24:15]ATTACK: BlackCrystalic/(Blacky 'GG' Crysis) has shot EngineerConager/(Dell Conrad) with [rifle bullet] (NEWHP: 100)  (Western Caves (36, 169, 1))
[16:24:15]ATTACK: Blacky 'GG' Crysis (blackcrystalic) shot Dell Conrad (engineerconager) with a rifle bullet in Western Caves (<A HREF='?_src_=holder;adminplayerobservecoodjump=1;X=36;Y=169;Z=1'>JMP</a>) (<a href='?priv_msg=[0x5000007]'>PM</a>)
[16:24:21]ATTACK: *no key*/(alien ravager) has attacked BlackCrystalic/(Blacky 'GG' Crysis) (NEWHP: 100)  (Western Caves (32, 166, 1))
[16:24:35]ATTACK: BlackCrystalic/(Blacky 'GG' Crysis) has shot Artyuom/(Johnny Vietnam) with [rifle bullet] (NEWHP: 100)  (Western Caves (22, 166, 1))
[16:24:35]ATTACK: Blacky 'GG' Crysis (blackcrystalic) shot Johnny Vietnam (artyuom) with a rifle bullet in Western Caves (<A HREF='?_src_=holder;adminplayerobservecoodjump=1;X=22;Y=166;Z=1'>JMP</a>) (<a href='?priv_msg=[0x5000007]'>PM</a>)
[16:24:35]ATTACK: BlackCrystalic/(Blacky 'GG' Crysis) has shot Artyuom/(Johnny Vietnam) with [rifle bullet] (NEWHP: 55)  (Western Caves (23, 166, 1))
[16:24:35]ATTACK: Blacky 'GG' Crysis (blackcrystalic) shot Johnny Vietnam (artyuom) with a rifle bullet in Western Caves (<A HREF='?_src_=holder;adminplayerobservecoodjump=1;X=23;Y=166;Z=1'>JMP</a>) (<a href='?priv_msg=[0x5000007]'>PM</a>)
[16:24:35]ATTACK: BlackCrystalic/(Blacky 'GG' Crysis) has shot Artyuom/(Johnny Vietnam) with [rifle bullet] (NEWHP: 31.5)  (Western Caves (23, 166, 1))
[16:24:35]ATTACK: Blacky 'GG' Crysis (blackcrystalic) shot Johnny Vietnam (artyuom) with a rifle bullet in Western Caves (<A HREF='?_src_=holder;adminplayerobservecoodjump=1;X=23;Y=166;Z=1'>JMP</a>) (<a href='?priv_msg=[0x5000007]'>PM</a>)
[16:24:38]ATTACK: BlackCrystalic/(Blacky 'GG' Crysis) has shot Danik_10p/(Elder Queen) with [rifle bullet] (NEWHP: 276.445)  (Western Caves (26, 166, 1))
[16:24:38]ATTACK: Blacky 'GG' Crysis (blackcrystalic) shot Elder Queen (danik10p) with a rifle bullet in Western Caves (<A HREF='?_src_=holder;adminplayerobservecoodjump=1;X=26;Y=166;Z=1'>JMP</a>)
[16:24:38]ATTACK: BlackCrystalic/(Blacky 'GG' Crysis) has shot Danik_10p/(Elder Queen) with [rifle bullet] (NEWHP: 254.445)  (Western Caves (28, 166, 1))
[16:24:38]ATTACK: Blacky 'GG' Crysis (blackcrystalic) shot Elder Queen (danik10p) with a rifle bullet in Western Caves (<A HREF='?_src_=holder;adminplayerobservecoodjump=1;X=28;Y=166;Z=1'>JMP</a>)
[16:24:44]ATTACK: BlackCrystalic/(Blacky 'GG' Crysis) has shot Danik_10p/(Elder Queen) with [rifle bullet] (NEWHP: 229.21)  (Western Caves (33, 166, 1))
[16:24:44]ATTACK: Blacky 'GG' Crysis (blackcrystalic) shot Elder Queen (danik10p) with a rifle bullet in Western Caves (<A HREF='?_src_=holder;adminplayerobservecoodjump=1;X=33;Y=166;Z=1'>JMP</a>)
[16:24:44]ATTACK: BlackCrystalic/(Blacky 'GG' Crysis) has shot Sewa/(Kelvin Focell) with [rifle bullet] (NEWHP: 100)  (Western Caves (33, 166, 1))
[16:24:44]ATTACK: Blacky 'GG' Crysis (blackcrystalic) shot Kelvin Focell (sewa) with a rifle bullet in Western Caves (<A HREF='?_src_=holder;adminplayerobservecoodjump=1;X=33;Y=166;Z=1'>JMP</a>)
[16:24:45]ATTACK: Artyuom/(Johnny Vietnam) has injected Artyuom/(Johnny Vietnam) with [Oxycodone (EXTREME PAINKILLER) autoinjector] Reagents: Oxycodone (NEWHP: -19.5)  (Western Caves (26, 169, 1))
[16:24:45]ATTACK: Johnny Vietnam (artyuom) injected Johnny Vietnam (Artyuom) with Oxycodone (EXTREME PAINKILLER) autoinjector. Reagents: Oxycodone (INTENT: HELP) (<A HREF='?_src_=holder;adminplayerobservecoodjump=1;X=26;Y=169;Z=1'>JMP</a>)
[16:24:48]ATTACK: BlackCrystalic/(Blacky 'GG' Crysis) has shot EngineerConager/(Dell Conrad) with [rifle bullet] (NEWHP: 35.5)  (Western Caves (29, 166, 1))
[16:24:48]ATTACK: Blacky 'GG' Crysis (blackcrystalic) shot Dell Conrad (engineerconager) with a rifle bullet in Western Caves (<A HREF='?_src_=holder;adminplayerobservecoodjump=1;X=29;Y=166;Z=1'>JMP</a>) (<a href='?priv_msg=[0x5000007]'>PM</a>)
[16:25:20]ATTACK: *no key*/(alien hunter) has attacked EngineerConager/(Dell Conrad) (NEWHP: 29.9)  (Western Caves (23, 169, 1))
[16:25:24]ATTACK: *no key*/(alien ravager) has attacked BlackCrystalic/(Blacky 'GG' Crysis) (NEWHP: 100)  (Western Caves (26, 170, 1))
[16:25:24]ATTACK: *no key*/(alien hunter) has attacked EngineerConager/(Dell Conrad) (NEWHP: 19.9)  (Western Caves (27, 170, 1))
[16:25:26]ATTACK: *no key*/(alien hunter) has attacked EngineerConager/(Dell Conrad) (NEWHP: 8.00001)  (Western Caves (28, 169, 1))
[16:25:28]ATTACK: *no key*/(alien hunter) has attacked EngineerConager/(Dell Conrad) (NEWHP: 9.20001)  (Western Caves (28, 169, 1))
[16:25:29]ATTACK: Danik_10p/(Elder Queen) has shot Artyuom/(Johnny Vietnam) with [neurotoxic spatter] (NEWHP: 41.425)  (Western Caves (22, 164, 1))
[16:25:29]ATTACK: Elder Queen (danik10p) shot Johnny Vietnam (artyuom) with a neurotoxic spatter in Western Caves (<A HREF='?_src_=holder;adminplayerobservecoodjump=1;X=22;Y=164;Z=1'>JMP</a>)
[16:25:30]ATTACK: Danik_10p/(Elder Queen) has slashed Artyuom/(Johnny Vietnam) (NEWHP: 41.425)  (Western Caves (22, 165, 1))
[16:25:30]ATTACK: *no key*/(alien hunter) has attacked EngineerConager/(Dell Conrad) (NEWHP: 10.4)  (Western Caves (28, 169, 1))
[16:25:32]ATTACK: Danik_10p/(Elder Queen) has slashed Artyuom/(Johnny Vietnam) (NEWHP: 1.225)  (Western Caves (21, 165, 1))
[16:25:34]ATTACK: Danik_10p/(Elder Queen) has slashed *no key*/(alien drone) (NEWHP: 0)  (Western Caves (23, 165, 1))
[16:25:35]ATTACK: Danik_10p/(Elder Queen) has shot BlackCrystalic/(Blacky 'GG' Crysis) with [neurotoxic spatter] (NEWHP: 74.1)  (Western Caves (23, 165, 1))
[16:25:35]ATTACK: Elder Queen (danik10p) shot Blacky 'GG' Crysis (blackcrystalic) with a neurotoxic spatter in Western Caves (<A HREF='?_src_=holder;adminplayerobservecoodjump=1;X=23;Y=165;Z=1'>JMP</a>)
[16:25:35]ATTACK: Danik_10p/(Elder Queen) has slashed *no key*/(alien drone) (NEWHP: 0)  (Western Caves (23, 165, 1))
[16:25:36]ATTACK: Danik_10p/(Elder Queen) has slashed BlackCrystalic/(Blacky 'GG' Crysis) (NEWHP: 74.1)  (Western Caves (23, 165, 1))
[16:25:37]ATTACK: Danik_10p/(Elder Queen) has slashed BlackCrystalic/(Blacky 'GG' Crysis) (NEWHP: 49.6)  (Western Caves (23, 165, 1))
[16:25:39]ATTACK: Danik_10p/(Elder Queen) has slashed BlackCrystalic/(Blacky 'GG' Crysis) (NEWHP: -11.4)  (Western Caves (23, 165, 1))
[16:25:40]ATTACK: Danik_10p/(Elder Queen) has slashed BlackCrystalic/(Blacky 'GG' Crysis) (NEWHP: -11.5)  (Western Caves (23, 165, 1))
[16:25:41]ATTACK: Danik_10p/(Elder Queen) has slashed BlackCrystalic/(Blacky 'GG' Crysis) (NEWHP: -33.1)  (Western Caves (23, 165, 1))
[16:25:42]ATTACK: Danik_10p/(Elder Queen) has shot BlackCrystalic/(Blacky 'GG' Crysis) with [neurotoxic spatter] (NEWHP: -33.1)  (Western Caves (23, 165, 1))
[16:25:42]ATTACK: Elder Queen (danik10p) shot Unknown (as Blacky 'GG' Crysis) (blackcrystalic) with a neurotoxic spatter in Western Caves (<A HREF='?_src_=holder;adminplayerobservecoodjump=1;X=23;Y=165;Z=1'>JMP</a>)
[16:25:43]ATTACK: Danik_10p/(Elder Queen) has slashed BlackCrystalic/(Blacky 'GG' Crysis) (NEWHP: -33.1)  (Western Caves (24, 165, 1))
[16:25:44]ATTACK: Danik_10p/(Elder Queen) has slashed BlackCrystalic/(Blacky 'GG' Crysis) (NEWHP: -57.5)  (Western Caves (24, 165, 1))
[16:25:45]ATTACK: Danik_10p/(Elder Queen) has slashed BlackCrystalic/(Blacky 'GG' Crysis) (NEWHP: -57.5)  (Western Caves (24, 165, 1))
[16:25:46]ATTACK: Danik_10p/(Elder Queen) has slashed BlackCrystalic/(Blacky 'GG' Crysis) (NEWHP: -82.6)  (Western Caves (24, 165, 1))
[16:25:47]ATTACK: Danik_10p/(Elder Queen) has slashed BlackCrystalic/(Blacky 'GG' Crysis) (NEWHP: -86.5)  (Western Caves (24, 165, 1))
[16:25:49]ATTACK: Danik_10p/(Elder Queen) has slashed BlackCrystalic/(Blacky 'GG' Crysis) (NEWHP: -111)  (Western Caves (24, 165, 1))
[16:25:55]ATTACK: Danik_10p/(Elder Queen) has shot EngineerConager/(Dell Conrad) with [acid spatter] (NEWHP: 12.1)  (Western Caves (26, 164, 1))
[16:25:55]ATTACK: Elder Queen (danik10p) shot Dell Conrad (engineerconager) with an acid spatter in Western Caves (<A HREF='?_src_=holder;adminplayerobservecoodjump=1;X=26;Y=164;Z=1'>JMP</a>)
[16:26:10]ATTACK: Danik_10p/(Elder Queen) has shot EngineerConager/(Dell Conrad) with [acid spatter] (NEWHP: 9.50002)  (Western Caves (29, 170, 1))
[16:26:10]ATTACK: Elder Queen (danik10p) shot Dell Conrad (engineerconager) with an acid spatter in Western Caves (<A HREF='?_src_=holder;adminplayerobservecoodjump=1;X=29;Y=170;Z=1'>JMP</a>)
[16:26:10]ATTACK: EngineerConager/(Dell Conrad) has shot Danik_10p/(Elder Queen) with [additional buckshot] (NEWHP: 400)  (Western Caves (32, 170, 1))
[16:26:10]ATTACK: Dell Conrad (engineerconager) shot Elder Queen (danik10p) with an additional buckshot in Western Caves (<A HREF='?_src_=holder;adminplayerobservecoodjump=1;X=32;Y=170;Z=1'>JMP</a>)
[16:26:10]ATTACK: EngineerConager/(Dell Conrad) has shot Danik_10p/(Elder Queen) with [additional buckshot] (NEWHP: 385)  (Western Caves (32, 170, 1))
[16:26:10]ATTACK: Dell Conrad (engineerconager) shot Elder Queen (danik10p) with an additional buckshot in Western Caves (<A HREF='?_src_=holder;adminplayerobservecoodjump=1;X=32;Y=170;Z=1'>JMP</a>)
[16:26:17]ATTACK: *no key*/(alien ravager) has attacked Sewa/(Kelvin Focell) (NEWHP: 85.3)  (Western Caves (30, 165, 1))
[16:26:19]ATTACK: *no key*/(alien ravager) has attacked Sewa/(Kelvin Focell) (NEWHP: 50.3)  (Western Caves (30, 168, 1))
[16:26:21]ATTACK: *no key*/(alien ravager) has attacked Sewa/(Kelvin Focell) (NEWHP: 23.3)  (Western Caves (31, 170, 1))
[16:26:23]ATTACK: *no key*/(alien ravager) has attacked Sewa/(Kelvin Focell) (NEWHP: -7.7)  (Western Caves (34, 170, 1))
[16:26:23]ATTACK: *no key*/(alien ravager) has attacked Sewa/(Kelvin Focell) (NEWHP: -35.7)  (Western Caves (34, 169, 1))
[16:26:25]ATTACK: Danik_10p/(Elder Queen) has xeno charged Sewa/(Kelvin Focell) (NEWHP: -65.7)  (Western Caves (35, 170, 1))
[16:26:27]ATTACK: *no key*/(alien hunter) has attacked Artyuom/(Johnny Vietnam) (NEWHP: 7.02503)  (Western Caves (32, 168, 1))
[16:26:29]ATTACK: *no key*/(alien hunter) has attacked Artyuom/(Johnny Vietnam) (NEWHP: -19.775)  (Western Caves (32, 168, 1))
[16:26:29]ATTACK: *no key*/(alien drone) has attacked Artyuom/(Johnny Vietnam) (NEWHP: -44.775)  (Western Caves (31, 168, 1))
[16:26:32]ATTACK: Danik_10p/(Elder Queen) has grabbed EngineerConager/(Dell Conrad) (NEWHP: -10.8)  (Western Caves (37, 167, 1))
[16:26:32]ATTACK: Danik_10p/(Elder Queen) схватил EngineerConager/(Dell Conrad)
[16:26:38]ATTACK: *no key*/(alien ravager) has attacked EngineerConager/(Dell Conrad) (NEWHP: -10.8)  (Western Caves (36, 167, 1))
[16:26:38]ATTACK: *no key*/(alien ravager) has attacked EngineerConager/(Dell Conrad) (NEWHP: -27.8)  (Western Caves (36, 165, 1))
[16:26:38]ATTACK: *no key*/(alien drone) has attacked EngineerConager/(Dell Conrad) (NEWHP: -27.8)  (Western Caves (36, 166, 1))
[16:26:42]ATTACK: Danik_10p/(Elder Queen) has grabbed Artyuom/(Johnny Vietnam) (NEWHP: -82.275)  (Western Caves (31, 168, 1))
[16:26:42]ATTACK: Danik_10p/(Elder Queen) схватил Artyuom/(Johnny Vietnam)
[16:27:20]ATTACK: *no key*/(alien drone) has attacked EngineerConager/(Dell Conrad) (NEWHP: -35.3)  (Western Caves (17, 163, 1))
[16:27:21]ATTACK: Danik_10p/(Elder Queen) has slashed *no key*/(alien drone) (NEWHP: 60)  (Western Caves (17, 164, 1))
[16:27:22]ATTACK: Danik_10p/(Elder Queen) has slashed *no key*/(alien drone) (NEWHP: 15)  (Western Caves (17, 164, 1))
[16:27:23]ATTACK: Danik_10p/(Elder Queen) has slashed *no key*/(alien drone) (NEWHP: 0)  (Western Caves (17, 164, 1))
[16:27:24]ATTACK: Danik_10p/(Elder Queen) has slashed *no key*/(alien drone) (NEWHP: 0)  (Western Caves (17, 164, 1))
[16:27:25]ATTACK: Danik_10p/(Elder Queen) has grabbed *no key*/(alien drone) (NEWHP: 0)  (Western Caves (17, 164, 1))
[16:27:25]ATTACK: Danik_10p/(Elder Queen) схватил *no key*/(alien drone)
[16:27:49]ATTACK: *no key*/(alien ravager) has attacked NIKIGO/(Colten Stange) (NEWHP: 65.25)  (Central Caves (54, 156, 1))
[16:27:51]ATTACK: *no key*/(alien ravager) has attacked NIKIGO/(Colten Stange) (NEWHP: 34.75)  (Central Caves (54, 156, 1))
[16:27:53]ATTACK: *no key*/(alien ravager) has attacked NIKIGO/(Colten Stange) (NEWHP: 19.35)  (Central Caves (54, 156, 1))
[16:27:55]ATTACK: *no key*/(alien ravager) has attacked NIKIGO/(Colten Stange) (NEWHP: 19.85)  (Central Caves (54, 156, 1))
[16:27:57]ATTACK: *no key*/(alien ravager) has attacked NIKIGO/(Colten Stange) (NEWHP: -8.55)  (Central Caves (54, 156, 1))
[16:27:59]ATTACK: *no key*/(alien ravager) has attacked NIKIGO/(Colten Stange) (NEWHP: -28.25)  (Central Caves (54, 156, 1))
[16:28:02]ATTACK: *no key*/(alien ravager) has attacked NIKIGO/(Colten Stange) (NEWHP: -40.35)  (Central Caves (54, 156, 1))
[16:28:03]ATTACK: *no key*/(Blacky 'GG' Crysis) has gibbed Danik_10p/(Elder Queen) (NEWHP: 400)  (Western Caves (25, 165, 1))
[16:28:25]ATTACK: *no key*/(Johnny Vietnam) has gibbed Danik_10p/(Elder Queen) (NEWHP: 400)  (Western Caves (19, 166, 1))
[16:30:40]ATTACK: *no key*/(Colten Stange) has gibbed Danik_10p/(Elder Queen) (NEWHP: 400)  (Central Caves (55, 156, 1))
[16:33:01]ATTACK: Danik_10p/(Elder Queen) has spat on [flare] with corrosive acid (Central W-Y Compound (95, 40, 1))
[16:33:01]ATTACK: Elder Queen (danik10p) spat acid on the flare.
[16:35:07]ATTACK: Danik_10p/(Elder Queen) has spat on [flare] with corrosive acid (Main Hallway (144, 38, 1))
[16:35:07]ATTACK: Elder Queen (danik10p) spat acid on the flare.
[16:37:22]ATTACK: Danik_10p/(Elder Queen) has spat on [AGM-227 'Banshee'] with corrosive acid (Almayer Dropship 1 (152, 35, 1))
[16:37:22]ATTACK: Elder Queen (danik10p) spat acid on AGM-227 'Banshee'.
[16:38:46]ATTACK: Danik_10p/(Elder Queen) has grabbed Alot/(Bloody Larva (969)) (NEWHP: 35)  (Dropship Alamo Transit (69, 37, 4))
[16:38:46]ATTACK: Danik_10p/(Elder Queen) схватил Alot/(Bloody Larva (969))
[16:40:00]ATTACK: Danik_10p/(Elder Queen) has grabbed Alot/(Larva (969)) (NEWHP: 35)  (Dropship Alamo Transit (69, 37, 4))
[16:40:00]ATTACK: Danik_10p/(Elder Queen) схватил Alot/(Larva (969))
[16:41:51]ATTACK: Das228/(Osmund Howard) has attacked Das228/(Osmund Howard) with [88 Mod 4 combat pistol] (INTENT: HURT) (DAMTYE: BRUTE) (NEWHP: 100)  (Hangar (103, 136, 3))
[16:41:51]ATTACK: Das228/(Osmund Howard) attacked Das228/(Osmund Howard) with 88 Mod 4 combat pistol (INTENT: HURT) (DAMTYE: BRUTE)
[16:41:51]ATTACK: Das228/(Osmund Howard) has shot Das228/(Osmund Howard) with [armor-piercing pistol bullet] (NEWHP: 92)  (Hangar (103, 136, 3))
[16:41:51]ATTACK: Osmund Howard (das228) shot Osmund Howard (das228) with an armor-piercing pistol bullet in Hangar (<A HREF='?_src_=holder;adminplayerobservecoodjump=1;X=103;Y=136;Z=3'>JMP</a>) (<a href='?priv_msg=[0x5000000]'>PM</a>)
[16:41:54]ATTACK: Das228/(Osmund Howard) has attacked Das228/(Osmund Howard) with [88 Mod 4 combat pistol] (INTENT: HURT) (DAMTYE: BRUTE) (NEWHP: 63.2)  (Hangar (103, 136, 3))
[16:41:54]ATTACK: Das228/(Osmund Howard) attacked Das228/(Osmund Howard) with 88 Mod 4 combat pistol (INTENT: HURT) (DAMTYE: BRUTE)
[16:41:54]ATTACK: Das228/(Osmund Howard) has shot Das228/(Osmund Howard) with [armor-piercing pistol bullet] (NEWHP: 55.2)  (Hangar (103, 136, 3))
[16:41:54]ATTACK: Unknown (as Osmund Howard) (das228) shot Unknown (as Osmund Howard) (das228) with an armor-piercing pistol bullet in Hangar (<A HREF='?_src_=holder;adminplayerobservecoodjump=1;X=103;Y=136;Z=3'>JMP</a>) (<a href='?priv_msg=[0x5000000]'>PM</a>)
[16:41:55]ATTACK: Das228/(Osmund Howard) has attacked Das228/(Osmund Howard) with [88 Mod 4 combat pistol] (INTENT: HURT) (DAMTYE: BRUTE) (NEWHP: 26.2)  (Hangar (103, 136, 3))
[16:41:55]ATTACK: Das228/(Osmund Howard) attacked Das228/(Osmund Howard) with 88 Mod 4 combat pistol (INTENT: HURT) (DAMTYE: BRUTE)
[16:41:55]ATTACK: Das228/(Osmund Howard) has shot Das228/(Osmund Howard) with [armor-piercing pistol bullet] (NEWHP: 18.2)  (Hangar (103, 136, 3))
[16:41:55]ATTACK: Unknown (as Osmund Howard) (das228) shot Unknown (as Osmund Howard) (das228) with an armor-piercing pistol bullet in Hangar (<A HREF='?_src_=holder;adminplayerobservecoodjump=1;X=103;Y=136;Z=3'>JMP</a>) (<a href='?priv_msg=[0x5000000]'>PM</a>)
[16:41:56]ATTACK: Das228/(Osmund Howard) has attacked Das228/(Osmund Howard) with [88 Mod 4 combat pistol] (INTENT: HURT) (DAMTYE: BRUTE) (NEWHP: -10.8)  (Hangar (103, 136, 3))
[16:41:56]ATTACK: Das228/(Osmund Howard) attacked Das228/(Osmund Howard) with 88 Mod 4 combat pistol (INTENT: HURT) (DAMTYE: BRUTE)
[16:41:56]ATTACK: Das228/(Osmund Howard) has shot Das228/(Osmund Howard) with [armor-piercing pistol bullet] (NEWHP: -18.8)  (Hangar (103, 136, 3))
[16:41:56]ATTACK: Unknown (as Osmund Howard) (das228) shot Unknown (as Osmund Howard) (das228) with an armor-piercing pistol bullet in Hangar (<A HREF='?_src_=holder;adminplayerobservecoodjump=1;X=103;Y=136;Z=3'>JMP</a>) (<a href='?priv_msg=[0x5000000]'>PM</a>)
[16:44:45]ATTACK: Danik_10p/(Elder Queen) has grabbed Alot/(Mature Sentinel (969)) (NEWHP: 150)  (Hangar (102, 137, 3))
[16:44:45]ATTACK: Danik_10p/(Elder Queen) схватил Alot/(Mature Sentinel (969))
