

Starting up round 15:46:05
---------------------
[15:46:28]HREF: 15:46 Das228 (usr:Das228) || Das228 src=[0x3000034];lobby_choice=ready
[15:46:28]HREF: 15:46 Sewa (usr:Sewa) || Sewa src=[0x3000037];lobby_choice=ready
[15:46:28]HREF: 15:46 Das228 (usr:Das228) || Das228 src=[0x3000034];lobby_choice=ready
[15:46:30]HREF: 15:46 Das228 (usr:Das228) || Das228 src=[0x3000034];lobby_choice=ready
[15:46:30]HREF: 15:46 Das228 (usr:Das228) || Das228 src=[0x3000034];lobby_choice=ready
[15:46:38]HREF: 15:46 Artyuom (usr:Artyuom) || Artyuom src=[0x3000038];lobby_choice=show_preferences
[15:46:44]HREF: 15:46 Das228 (usr:Das228) || Das228 src=[0x3000034];lobby_choice=ready
[15:46:46]HREF: 15:46 Artyuom (usr:Artyuom) || _src_=prefs;preference=be_special;num=0
[15:46:46]HREF: 15:46 Artyuom (usr:Artyuom) || _src_=prefs;preference=be_special;num=2
[15:46:47]HREF: 15:46 Artyuom (usr:Artyuom) || _src_=prefs;preference=be_special;num=3
[15:46:56]HREF: 15:46 EngineerConager (usr:EngineerConager) || EngineerConager src=[0x3000036];lobby_choice=ready
[15:46:58]HREF: 15:46 Artyuom (usr:Artyuom) || _src_=prefs;preference=ethnicity;task=input
[15:47:16]HREF: 15:47 Artyuom (usr:Artyuom) || _src_=prefs;preference=job;task=menu
[15:47:40]HREF: 15:47 EngineerConager (usr:EngineerConager) || EngineerConager src=[0x3000036];lobby_choice=show_preferences
[15:47:42]HREF: 15:47 EngineerConager (usr:EngineerConager) || _src_=prefs;preference=job;task=menu
[15:47:45]HREF: 15:47 EngineerConager (usr:EngineerConager) || _src_=prefs;preference=job;task=input;text=Commander
[15:47:46]HREF: 15:47 EngineerConager (usr:EngineerConager) || _src_=prefs;preference=job;task=input;text=Commander
[15:47:47]HREF: 15:47 EngineerConager (usr:EngineerConager) || _src_=prefs;preference=job;task=input;text=Commander
[15:47:47]HREF: 15:47 EngineerConager (usr:EngineerConager) || _src_=prefs;preference=job;task=input;text=Commander
[15:47:48]HREF: 15:47 EngineerConager (usr:EngineerConager) || _src_=prefs;preference=job;task=input;text=Commander
[15:47:48]HREF: 15:47 EngineerConager (usr:EngineerConager) || _src_=prefs;preference=job;task=input;text=Executive%20Officer
[15:47:49]HREF: 15:47 EngineerConager (usr:EngineerConager) || _src_=prefs;preference=job;task=input;text=Executive%20Officer
[15:47:50]HREF: 15:47 EngineerConager (usr:EngineerConager) || _src_=prefs;preference=job;task=input;text=Squad%20Leader
[15:47:51]HREF: 15:47 EngineerConager (usr:EngineerConager) || _src_=prefs;preference=job;task=input;text=Squad%20Leader
[15:47:52]HREF: 15:47 EngineerConager (usr:EngineerConager) || _src_=prefs;preference=job;task=input;text=Squad%20Leader
[15:48:31]HREF: 15:48 Danik_10p (usr:Danik_10p) || Danik_10p src=[0x300003f];lobby_choice=ready
[15:48:42]HREF: 15:48 Danik_10p (usr:Danik_10p) || Danik_10p src=[0x300003f];lobby_choice=show_preferences
[15:48:55]HREF: 15:48 Danik_10p (usr:Danik_10p) || Danik_10p src=[0x300003f];lobby_choice=show_preferences
[15:49:01]HREF: 15:49 Danik_10p (usr:Danik_10p) || Danik_10p src=[0x300003f];lobby_choice=show_preferences
[15:49:04]HREF: 15:49 Danik_10p (usr:Danik_10p) || Danik_10p src=[0x300003f];lobby_choice=show_preferences
[15:49:05]HREF: 15:49 Danik_10p (usr:Danik_10p) || Danik_10p src=[0x300003f];lobby_choice=show_preferences
[15:49:11]HREF: 15:49 EngineerConager (usr:EngineerConager) || EngineerConager src=[0x3000036];lobby_choice=show_preferences
[15:49:11]HREF: 15:49 EngineerConager (usr:EngineerConager) || EngineerConager src=[0x3000036];lobby_choice=ready
[15:49:12]HREF: 15:49 EngineerConager (usr:EngineerConager) || EngineerConager src=[0x3000036];lobby_choice=ready
[15:49:12]HREF: 15:49 EngineerConager (usr:EngineerConager) || EngineerConager src=[0x3000036];lobby_choice=ready
[15:49:20]HREF: 15:49 BlackCrystalic (usr:BlackCrystalic) || BlackCrystalic src=[0x300003d];lobby_choice=ready
[15:49:21]HREF: 15:49 BlackCrystalic (usr:BlackCrystalic) || BlackCrystalic src=[0x300003d];lobby_choice=late_join
[15:49:22]HREF: 15:49 EngineerConager (usr:EngineerConager) || EngineerConager src=[0x3000036];lobby_choice=ready
[15:49:24]HREF: 15:49 EngineerConager (usr:EngineerConager) || EngineerConager src=[0x3000036];lobby_choice=late_join
[15:49:24]HREF: 15:49 Artyuom (usr:Artyuom) || Artyuom src=[0x3000038];lobby_choice=ready
[15:49:25]HREF: 15:49 BlackCrystalic (usr:BlackCrystalic) || BlackCrystalic src=[0x300003d];lobby_choice=SelectedJob;job_selected=Squad%20Leader
[15:49:27]HREF: 15:49 Artyuom (usr:Artyuom) || Artyuom src=[0x3000038];lobby_choice=late_join
[15:49:29]HREF: 15:49 EngineerConager (usr:EngineerConager) || EngineerConager src=[0x3000036];lobby_choice=SelectedJob;job_selected=Squad%20Leader
[15:49:36]HREF: 15:49 Artyuom (usr:Artyuom) || Artyuom src=[0x3000038];lobby_choice=late_join
[15:49:41]HREF: 15:49 BlackCrystalic (usr:Blacky 'GG' Crysis) || _=1592052581457
[15:49:41]HREF: 15:49 BlackCrystalic (usr:Blacky 'GG' Crysis) || _=1592052581458
[15:49:42]HREF: 15:49 EngineerConager (usr:Dell Conrad) || _=1592052580692
[15:49:42]HREF: 15:49 EngineerConager (usr:Dell Conrad) || _=1592052580693
[15:49:43]HREF: 15:49 BlackCrystalic (usr:Blacky 'GG' Crysis) || /datum/nanoui src=[0x21005c88];vend=5;cat=0
[15:49:43]HREF: 15:49 BlackCrystalic (usr:Blacky 'GG' Crysis) || /datum/nanoui src=[0x21005c88];vend=5;cat=0
[15:49:44]HREF: 15:49 BlackCrystalic (usr:Blacky 'GG' Crysis) || /datum/nanoui src=[0x21005c88];vend=5;cat=0
[15:49:44]HREF: 15:49 EngineerConager (usr:Dell Conrad) || /datum/nanoui src=[0x21005c91];vend=1;cat=0
[15:49:44]HREF: 15:49 EngineerConager (usr:Dell Conrad) || /datum/nanoui src=[0x21005c91];vend=1;cat=0
[15:49:45]HREF: 15:49 EngineerConager (usr:Dell Conrad) || /datum/nanoui src=[0x21005c91];vend=1;cat=0
[15:49:50]HREF: 15:49 Artyuom (usr:Artyuom) || Artyuom src=[0x3000038];lobby_choice=late_join
[15:50:06]HREF: 15:50 Artyuom (usr:Artyuom) || Artyuom src=[0x3000038];lobby_choice=late_join
[15:50:15]HREF: 15:50 BlackCrystalic (usr:Blacky 'GG' Crysis) || _=1592052615210
[15:50:15]HREF: 15:50 BlackCrystalic (usr:Blacky 'GG' Crysis) || _=1592052615211
[15:50:16]HREF: 15:50 BlackCrystalic (usr:Blacky 'GG' Crysis) || /datum/nanoui src=[0x21005ca8];vend=2
[15:50:22]HREF: 15:50 BlackCrystalic (usr:Blacky 'GG' Crysis) || /datum/nanoui src=[0x21005ca8];vend=3
[15:50:24]HREF: 15:50 EngineerConager (usr:Dell Conrad) || _=1592052622552
[15:50:24]HREF: 15:50 EngineerConager (usr:Dell Conrad) || _=1592052622553
[15:50:24]HREF: 15:50 BlackCrystalic (usr:Blacky 'GG' Crysis) || /datum/nanoui src=[0x21005ca8];vend=4
[15:50:25]HREF: 15:50 EngineerConager (usr:Dell Conrad) || /datum/nanoui src=[0x21005c9a];vend=2
[15:50:26]HREF: 15:50 EngineerConager (usr:Dell Conrad) || /datum/nanoui src=[0x21005c9a];vend=3
[15:50:26]HREF: 15:50 EngineerConager (usr:Dell Conrad) || /datum/nanoui src=[0x21005c9a];vend=4
[15:50:27]HREF: 15:50 EngineerConager (usr:Dell Conrad) || /datum/nanoui src=[0x21005c9a];vend=5
[15:50:27]HREF: 15:50 Artyuom (usr:Artyuom) || Artyuom src=[0x3000038];lobby_choice=late_join
[15:50:27]HREF: 15:50 EngineerConager (usr:Dell Conrad) || /datum/nanoui src=[0x21005c9a];vend=6
[15:50:27]HREF: 15:50 BlackCrystalic (usr:Blacky 'GG' Crysis) || /datum/nanoui src=[0x21005ca8];vend=5
[15:50:28]HREF: 15:50 EngineerConager (usr:Dell Conrad) || /datum/nanoui src=[0x21005c9a];vend=7
[15:50:30]HREF: 15:50 BlackCrystalic (usr:Blacky 'GG' Crysis) || /datum/nanoui src=[0x21005ca8];vend=6
[15:50:30]HREF: 15:50 BlackCrystalic (usr:Blacky 'GG' Crysis) || /datum/nanoui src=[0x21005ca8];vend=7
[15:50:33]HREF: 15:50 Artyuom (usr:Artyuom) || Artyuom src=[0x3000038];lobby_choice=manifest
[15:50:36]HREF: 15:50 BlackCrystalic (usr:Blacky 'GG' Crysis) || /datum/nanoui src=[0x21005ca8];vend=14
[15:50:37]HREF: 15:50 EngineerConager (usr:Dell Conrad) || _=1592052635980
[15:50:37]HREF: 15:50 EngineerConager (usr:Dell Conrad) || _=1592052635981
[15:50:38]HREF: 15:50 BlackCrystalic (usr:Blacky 'GG' Crysis) || /datum/nanoui src=[0x21005ca8];vend=17
[15:50:42]HREF: 15:50 BlackCrystalic (usr:Blacky 'GG' Crysis) || /datum/nanoui src=[0x21005ca8];vend=25
[15:50:42]HREF: 15:50 BlackCrystalic (usr:Blacky 'GG' Crysis) || /datum/nanoui src=[0x21005ca8];vend=25
[15:50:47]HREF: 15:50 Artyuom (usr:Artyuom) || Artyuom src=[0x3000038];lobby_choice=late_join
[15:50:48]HREF: 15:50 BlackCrystalic (usr:Blacky 'GG' Crysis) || _=1592052648003
[15:50:48]HREF: 15:50 BlackCrystalic (usr:Blacky 'GG' Crysis) || _=1592052648004
[15:50:48]HREF: 15:50 EngineerConager (usr:Dell Conrad) || _=1592052646701
[15:50:48]HREF: 15:50 EngineerConager (usr:Dell Conrad) || _=1592052646702
[15:50:49]HREF: 15:50 BlackCrystalic (usr:Blacky 'GG' Crysis) || /datum/nanoui src=[0x21005c9a];vend=2
[15:50:53]HREF: 15:50 Artyuom (usr:Artyuom) || Artyuom src=[0x3000038];lobby_choice=manifest
[15:50:54]HREF: 15:50 EngineerConager (usr:Dell Conrad) || /datum/nanoui src=[0x21005ca9];vend=15
[15:50:59]HREF: 15:50 NIKIGO (usr:NIKIGO) || NIKIGO src=[0x300003a];lobby_choice=ready
[15:51:00]HREF: 15:51 Artyuom (usr:Artyuom) || Artyuom src=[0x3000038];lobby_choice=late_join
[15:51:00]HREF: 15:51 NIKIGO (usr:NIKIGO) || NIKIGO src=[0x300003a];lobby_choice=manifest
[15:51:01]HREF: 15:51 EngineerConager (usr:Dell Conrad) || _=1592052659268
[15:51:01]HREF: 15:51 EngineerConager (usr:Dell Conrad) || _=1592052659269
[15:51:01]HREF: 15:51 Artyuom (usr:Artyuom) || Artyuom src=[0x3000038];lobby_choice=SelectedJob;job_selected=Doctor
[15:51:15]HREF: 15:51 NIKIGO (usr:NIKIGO) || NIKIGO src=[0x300003a];lobby_choice=late_join
[15:51:18]HREF: 15:51 NIKIGO (usr:NIKIGO) || NIKIGO src=[0x300003a];lobby_choice=SelectedJob;job_selected=Vehicle%20Crewman
[15:51:19]HREF: 15:51 Sewa (usr:Kelvin Focell) || Mr. Johnson Telovin src=[0x3000004];item=eyes
[15:51:22]HREF: 15:51 BlackCrystalic (usr:Blacky 'GG' Crysis) || /datum/nanoui src=[0x21005c9a];vend=7
[15:51:26]HREF: 15:51 EngineerConager (usr:Dell Conrad) || /datum/nanoui src=[0x21005ca9];vend=16
[15:51:26]HREF: 15:51 Sewa (usr:Kelvin Focell) || Mr. Johnson Telovin src=[0x3000004];item=jacket
[15:51:26]HREF: 15:51 Artyuom (usr:Johnny Vietnam) || _=1592052682844
[15:51:26]HREF: 15:51 Artyuom (usr:Johnny Vietnam) || _=1592052682845
[15:51:27]HREF: 15:51 Artyuom (usr:Johnny Vietnam) || /datum/nanoui src=[0x21005cc5];vend=5;cat=0
[15:51:28]HREF: 15:51 Artyuom (usr:Johnny Vietnam) || /datum/nanoui src=[0x21005cc5];vend=5;cat=0
[15:51:34]HREF: 15:51 EngineerConager (usr:Dell Conrad) || /datum/nanoui src=[0x21005ca9];vend=26
[15:51:35]HREF: 15:51 BlackCrystalic (usr:Blacky 'GG' Crysis) || /datum/nanoui src=[0x21005c9a];vend=15
[15:51:36]HREF: 15:51 BlackCrystalic (usr:Blacky 'GG' Crysis) || /datum/nanoui src=[0x21005c9a];vend=15
[15:51:36]HREF: 15:51 BlackCrystalic (usr:Blacky 'GG' Crysis) || /datum/nanoui src=[0x21005c9a];vend=15
[15:51:36]HREF: 15:51 BlackCrystalic (usr:Blacky 'GG' Crysis) || /datum/nanoui src=[0x21005c9a];vend=15
[15:51:37]HREF: 15:51 BlackCrystalic (usr:Blacky 'GG' Crysis) || /datum/nanoui src=[0x21005c9a];vend=15
[15:52:12]HREF: 15:52 BlackCrystalic (usr:Blacky 'GG' Crysis) || _=1592052732430
[15:52:12]HREF: 15:52 BlackCrystalic (usr:Blacky 'GG' Crysis) || _=1592052732431
[15:52:18]HREF: 15:52 EngineerConager (usr:Dell Conrad) || _=1592052736687
[15:52:18]HREF: 15:52 EngineerConager (usr:Dell Conrad) || _=1592052736688
[15:52:21]HREF: 15:52 EngineerConager (usr:Dell Conrad) || /datum/nanoui src=[0x21005b23];vend=19;cat=0
[15:52:35]HREF: 15:52 EngineerConager (usr:Dell Conrad) || /datum/nanoui src=[0x21005b23];vend=5;cat=0
[15:52:36]HREF: 15:52 BlackCrystalic (usr:Blacky 'GG' Crysis) || /datum/nanoui src=[0x21005ca9];vend=40;cat=0
[15:52:36]HREF: 15:52 BlackCrystalic (usr:Blacky 'GG' Crysis) || /datum/nanoui src=[0x21005ca9];vend=40;cat=0
[15:52:37]HREF: 15:52 BlackCrystalic (usr:Blacky 'GG' Crysis) || /datum/nanoui src=[0x21005ca9];vend=40;cat=0
[15:52:37]HREF: 15:52 BlackCrystalic (usr:Blacky 'GG' Crysis) || /datum/nanoui src=[0x21005ca9];vend=40;cat=0
[15:52:43]HREF: 15:52 EngineerConager (usr:Dell Conrad) || _=1592052761749
[15:52:43]HREF: 15:52 EngineerConager (usr:Dell Conrad) || _=1592052761750
[15:53:00]HREF: 15:53 EngineerConager (usr:Dell Conrad) || _=1592052778345
[15:53:00]HREF: 15:53 EngineerConager (usr:Dell Conrad) || _=1592052778346
[15:53:12]HREF: 15:53 EngineerConager (usr:Dell Conrad) || /datum/nanoui src=[0x21005d14];vend=18
[15:53:12]HREF: 15:53 Gfitkiilt (usr:Gfitkiilt) || Gfitkiilt src=[0x3000065];lobby_choice=manifest
[15:53:53]HREF: 15:53 EngineerConager (usr:Dell Conrad) || _=1592052831857
[15:53:53]HREF: 15:53 EngineerConager (usr:Dell Conrad) || _=1592052831858
[15:54:05]HREF: 15:54 EngineerConager (usr:Dell Conrad) || _=1592052843595
[15:54:05]HREF: 15:54 EngineerConager (usr:Dell Conrad) || _=1592052843596
[15:54:22]HREF: 15:54 EngineerConager (usr:Dell Conrad) || /datum/nanoui src=[0x21005d15];vend=42;cat=0
[15:54:24]HREF: 15:54 EngineerConager (usr:Dell Conrad) || /datum/nanoui src=[0x21005d15];vend=42;cat=0
[15:54:25]HREF: 15:54 EngineerConager (usr:Dell Conrad) || /datum/nanoui src=[0x21005d15];vend=42;cat=0
[15:54:25]HREF: 15:54 EngineerConager (usr:Dell Conrad) || /datum/nanoui src=[0x21005d15];vend=42;cat=0
[15:54:52]HREF: 15:54 Sewa (usr:Kelvin Focell) || _=1592052893241
[15:54:52]HREF: 15:54 Sewa (usr:Kelvin Focell) || _=1592052893242
[15:54:53]HREF: 15:54 Sewa (usr:Kelvin Focell) || /datum/nanoui src=[0x21005d27];online=1
[15:54:53]HREF: 15:54 Sewa (usr:Kelvin Focell) || /datum/nanoui src=[0x21005d27];cmode=1
[15:54:54]HREF: 15:54 Sewa (usr:Kelvin Focell) || _=1592052896159
[15:54:54]HREF: 15:54 Sewa (usr:Kelvin Focell) || _=1592052896160
[15:54:55]HREF: 15:54 Sewa (usr:Kelvin Focell) || /datum/nanoui src=[0x21005d26];cmode=1
[15:54:56]HREF: 15:54 Sewa (usr:Kelvin Focell) || _=1592052897922
[15:54:56]HREF: 15:54 Sewa (usr:Kelvin Focell) || _=1592052897923
[15:54:57]HREF: 15:54 Sewa (usr:Kelvin Focell) || /datum/nanoui src=[0x21005d28];cmode=1
[15:54:58]HREF: 15:54 Sewa (usr:Kelvin Focell) || /datum/nanoui src=[0x21005d28];online=1
[15:54:59]HREF: 15:54 Sewa (usr:Kelvin Focell) || _=1592052901061
[15:54:59]HREF: 15:54 Sewa (usr:Kelvin Focell) || _=1592052901062
[15:55:00]HREF: 15:55 Sewa (usr:Kelvin Focell) || /datum/nanoui src=[0x21005d26];input=max
[15:55:01]HREF: 15:55 Sewa (usr:Kelvin Focell) || _=1592052902491
[15:55:01]HREF: 15:55 Sewa (usr:Kelvin Focell) || _=1592052902492
[15:55:02]HREF: 15:55 Sewa (usr:Kelvin Focell) || _=1592052903276
[15:55:02]HREF: 15:55 Sewa (usr:Kelvin Focell) || _=1592052903277
[15:55:02]HREF: 15:55 Sewa (usr:Kelvin Focell) || /datum/nanoui src=[0x21005d28];input=max
[15:55:02]HREF: 15:55 Sewa (usr:Kelvin Focell) || _=1592052904098
[15:55:02]HREF: 15:55 Sewa (usr:Kelvin Focell) || _=1592052904099
[15:55:02]HREF: 15:55 EngineerConager (usr:Dell Conrad) || _=1592052901126
[15:55:02]HREF: 15:55 EngineerConager (usr:Dell Conrad) || _=1592052901127
[15:55:04]HREF: 15:55 Sewa (usr:Kelvin Focell) || _=1592052905573
[15:55:04]HREF: 15:55 Sewa (usr:Kelvin Focell) || _=1592052905574
[15:55:04]HREF: 15:55 EngineerConager (usr:Dell Conrad) || /datum/nanoui src=[0x21005d29];vend=39;cat=0
[15:55:04]HREF: 15:55 EngineerConager (usr:Dell Conrad) || /datum/nanoui src=[0x21005d29];vend=39;cat=0
[15:55:06]HREF: 15:55 Sewa (usr:Kelvin Focell) || /datum/nanoui src=[0x21005d26];online=1
[15:55:07]HREF: 15:55 Sewa (usr:Kelvin Focell) || _=1592052908870
[15:55:07]HREF: 15:55 Sewa (usr:Kelvin Focell) || _=1592052908871
[15:55:08]HREF: 15:55 Sewa (usr:Kelvin Focell) || /datum/nanoui src=[0x21005d27];input=max
[15:55:08]HREF: 15:55 Sewa (usr:Kelvin Focell) || _=1592052910191
[15:55:08]HREF: 15:55 Sewa (usr:Kelvin Focell) || _=1592052910192
[15:55:11]HREF: 15:55 EngineerConager (usr:Dell Conrad) || _=1592052910132
[15:55:11]HREF: 15:55 EngineerConager (usr:Dell Conrad) || _=1592052910133
[15:55:14]HREF: 15:55 EngineerConager (usr:Dell Conrad) || /datum/nanoui src=[0x21005d29];vend=39;cat=0
[15:55:16]HREF: 15:55 EngineerConager (usr:Dell Conrad) || /datum/nanoui src=[0x21005d29];vend=42;cat=0
[15:55:17]HREF: 15:55 EngineerConager (usr:Dell Conrad) || /datum/nanoui src=[0x21005d29];vend=42;cat=0
[15:55:17]HREF: 15:55 EngineerConager (usr:Dell Conrad) || /datum/nanoui src=[0x21005d29];vend=42;cat=0
[15:55:18]HREF: 15:55 EngineerConager (usr:Dell Conrad) || /datum/nanoui src=[0x21005d29];vend=42;cat=0
[15:55:19]HREF: 15:55 BlackCrystalic (usr:Blacky 'GG' Crysis) || _=1592052919603
[15:55:19]HREF: 15:55 BlackCrystalic (usr:Blacky 'GG' Crysis) || _=1592052919604
[15:55:32]HREF: 15:55 EngineerConager (usr:Dell Conrad) || _=1592052930376
[15:55:32]HREF: 15:55 EngineerConager (usr:Dell Conrad) || _=1592052930377
[15:55:34]HREF: 15:55 EngineerConager (usr:Dell Conrad) || _=1592052932502
[15:55:34]HREF: 15:55 EngineerConager (usr:Dell Conrad) || _=1592052932503
[15:55:35]HREF: 15:55 BlackCrystalic (usr:Blacky 'GG' Crysis) || _=1592052935640
[15:55:35]HREF: 15:55 BlackCrystalic (usr:Blacky 'GG' Crysis) || _=1592052935641
[15:55:42]HREF: 15:55 BlackCrystalic (usr:Blacky 'GG' Crysis) || /datum/nanoui src=[0x21005d23];vend=42;cat=0
[15:55:51]HREF: 15:55 EngineerConager (usr:Dell Conrad) || /datum/nanoui src=[0x21005d1b];vend=14;cat=0
[15:56:08]HREF: 15:56 EngineerConager (usr:Dell Conrad) || /datum/nanoui src=[0x21005d1b];vend=9;cat=0
[15:56:17]HREF: 15:56 EngineerConager (usr:Dell Conrad) || /datum/nanoui src=[0x21005d1b];vend=12;cat=0
[15:56:22]HREF: 15:56 Gfitkiilt (usr:Gfitkiilt) || Gfitkiilt src=[0x300006a];lobby_choice=show_preferences
[15:56:24]HREF: 15:56 Gfitkiilt (usr:Gfitkiilt) || Gfitkiilt src=[0x300006a];lobby_choice=show_preferences
[15:56:24]HREF: 15:56 EngineerConager (usr:Dell Conrad) || /datum/nanoui src=[0x21005d1b];vend=17;cat=0
[15:56:37]HREF: 15:56 EngineerConager (usr:Dell Conrad) || /datum/nanoui src=[0x21005d1b];vend=2;cat=0
[15:56:45]HREF: 15:56 Sewa (usr:Kelvin Focell) || _=1592053005825
[15:56:45]HREF: 15:56 Sewa (usr:Kelvin Focell) || _=1592053005826
[15:56:53]HREF: 15:56 Sewa (usr:Kelvin Focell) || Communications Relay APC src=[0x2005cee];pulse=4
[15:56:56]HREF: 15:56 EngineerConager (usr:Dell Conrad) || _=1592053013785
[15:56:56]HREF: 15:56 EngineerConager (usr:Dell Conrad) || _=1592053013786
[15:56:56]HREF: 15:56 Sewa (usr:Kelvin Focell) || /datum/nanoui src=[0x21005d1b];lock=1
[15:57:02]HREF: 15:57 EngineerConager (usr:Dell Conrad) || /datum/nanoui src=[0x21005c98];vend=50;cat=0
[15:57:03]HREF: 15:57 EngineerConager (usr:Dell Conrad) || /datum/nanoui src=[0x21005c98];vend=50;cat=0
[15:57:08]HREF: 15:57 EngineerConager (usr:Dell Conrad) || /datum/nanoui src=[0x21005c98];vend=47;cat=0
[15:57:09]HREF: 15:57 EngineerConager (usr:Dell Conrad) || /datum/nanoui src=[0x21005c98];vend=45;cat=0
[15:57:17]HREF: 15:57 Sewa (usr:Kelvin Focell) || /datum/nanoui src=[0x21005d1b];lgt=2
[15:57:18]HREF: 15:57 Sewa (usr:Kelvin Focell) || /datum/nanoui src=[0x21005d1b];lgt=3
[15:57:25]HREF: 15:57 Sewa (usr:Kelvin Focell) || _=1592053046455
[15:57:25]HREF: 15:57 Sewa (usr:Kelvin Focell) || _=1592053046456
[15:57:28]HREF: 15:57 Sewa (usr:Kelvin Focell) || /datum/nanoui src=[0x21005d1b];vend=14;cat=0
[15:57:31]HREF: 15:57 EngineerConager (usr:Dell Conrad) || _=1592053049788
[15:57:31]HREF: 15:57 EngineerConager (usr:Dell Conrad) || _=1592053049789
[15:57:33]HREF: 15:57 Sewa (usr:Kelvin Focell) || Tool Storage Machine src=[0x2005b9d];pulsewire=4
[15:57:38]HREF: 15:57 Sewa (usr:Kelvin Focell) || /datum/nanoui src=[0x21005d1b];vend=14;cat=0
[15:57:40]HREF: 15:57 Sewa (usr:Kelvin Focell) || Tool Storage Machine src=[0x2005b9d];pulsewire=4
[15:57:42]HREF: 15:57 Sewa (usr:Kelvin Focell) || Tool Storage Machine src=[0x2005b9d];pulsewire=3
[15:57:44]HREF: 15:57 Sewa (usr:Kelvin Focell) || /datum/nanoui src=[0x21005d1b];vend=14;cat=0
[15:57:46]HREF: 15:57 Sewa (usr:Kelvin Focell) || Tool Storage Machine src=[0x2005b9d];pulsewire=3
[15:57:46]HREF: 15:57 EngineerConager (usr:Dell Conrad) || /datum/nanoui src=[0x21005d83];vend=15;cat=0
[15:57:47]HREF: 15:57 Sewa (usr:Kelvin Focell) || Tool Storage Machine src=[0x2005b9d];pulsewire=2
[15:57:50]HREF: 15:57 EngineerConager (usr:Dell Conrad) || /datum/nanoui src=[0x21005d83];vend=12;cat=0
[15:57:51]HREF: 15:57 Sewa (usr:Kelvin Focell) || /datum/nanoui src=[0x21005d1b];vend=14;cat=0
[15:57:53]HREF: 15:57 Sewa (usr:Kelvin Focell) || Tool Storage Machine src=[0x2005b9d];pulsewire=1
[15:57:55]HREF: 15:57 Sewa (usr:Kelvin Focell) || /datum/nanoui src=[0x21005d1b];vend=14;cat=0
[15:57:59]HREF: 15:57 Sewa (usr:Kelvin Focell) || Tool Storage Machine src=[0x2005b9d];cutwire=4
[15:58:01]HREF: 15:58 Sewa (usr:Kelvin Focell) || /datum/nanoui src=[0x21005d1b];vend=14;cat=0
[15:58:03]HREF: 15:58 Sewa (usr:Kelvin Focell) || Tool Storage Machine src=[0x2005b9d];cutwire=4
[15:58:04]HREF: 15:58 Sewa (usr:Kelvin Focell) || Tool Storage Machine src=[0x2005b9d];cutwire=3
[15:58:05]HREF: 15:58 Sewa (usr:Kelvin Focell) || /datum/nanoui src=[0x21005d1b];vend=14;cat=0
[15:58:06]HREF: 15:58 Sewa (usr:Kelvin Focell) || Tool Storage Machine src=[0x2005b9d];cutwire=3
[15:58:07]HREF: 15:58 Sewa (usr:Kelvin Focell) || Tool Storage Machine src=[0x2005b9d];cutwire=2
[15:58:08]HREF: 15:58 Sewa (usr:Kelvin Focell) || /datum/nanoui src=[0x21005d1b];vend=14;cat=0
[15:59:56]HREF: 15:59 Artyuom (usr:Johnny Vietnam) || _=1592053192274
[15:59:56]HREF: 15:59 Artyuom (usr:Johnny Vietnam) || _=1592053192275
[15:59:59]HREF: 15:59 Artyuom (usr:Johnny Vietnam) || _=1592053195483
[15:59:59]HREF: 15:59 Artyuom (usr:Johnny Vietnam) || _=1592053195484
[16:00:02]HREF: 16:00 Artyuom (usr:Johnny Vietnam) || Medical Records src=[0x200d8d4];scan=1
[16:00:04]HREF: 16:00 Artyuom (usr:Johnny Vietnam) || Medical Records src=[0x200d8d4];login=1
[16:00:06]HREF: 16:00 Artyuom (usr:Johnny Vietnam) || Medical Records src=[0x200d8d4];search=1
[16:00:08]HREF: 16:00 Artyuom (usr:Johnny Vietnam) || Medical Records src=[0x200d8d4];screen=2
[16:00:09]HREF: 16:00 Artyuom (usr:Johnny Vietnam) || Medical Records src=[0x200d8d4];d_rec=[0x21005c68]
[16:00:17]HREF: 16:00 Artyuom (usr:Johnny Vietnam) || Medical Records src=[0x200d8d4];screen=2
[16:00:19]HREF: 16:00 Artyuom (usr:Johnny Vietnam) || Medical Records src=[0x200d8d4];d_rec=[0x21005c47]
[16:00:23]HREF: 16:00 Artyuom (usr:Johnny Vietnam) || Medical Records src=[0x200d8d4];screen=2
[16:00:24]HREF: 16:00 Artyuom (usr:Johnny Vietnam) || Medical Records src=[0x200d8d4];d_rec=[0x21005c89]
[16:00:27]HREF: 16:00 Artyuom (usr:Johnny Vietnam) || Medical Records src=[0x200d8d4];screen=2
[16:00:28]HREF: 16:00 Artyuom (usr:Johnny Vietnam) || Medical Records src=[0x200d8d4];d_rec=[0x21005cee]
[16:00:32]HREF: 16:00 Artyuom (usr:Johnny Vietnam) || Medical Records src=[0x200d8d4];screen=2
[16:00:40]HREF: 16:00 Artyuom (usr:Johnny Vietnam) || Medical Records src=[0x200d8d4];scan=1
[16:00:47]HREF: 16:00 Artyuom (usr:Johnny Vietnam) || _=1592053243778
[16:00:47]HREF: 16:00 Artyuom (usr:Johnny Vietnam) || _=1592053243779
[16:00:48]HREF: 16:00 Artyuom (usr:Johnny Vietnam) || /datum/nanoui src=[0x21005d81];vend=5;cat=0
[16:00:49]HREF: 16:00 Artyuom (usr:Johnny Vietnam) || /datum/nanoui src=[0x21005d81];vend=5;cat=0
[16:00:52]HREF: 16:00 Artyuom (usr:Johnny Vietnam) || /datum/nanoui src=[0x21005d81];vend=1;cat=0
[16:00:52]HREF: 16:00 Artyuom (usr:Johnny Vietnam) || /datum/nanoui src=[0x21005d81];vend=1;cat=0
[16:02:27]HREF: 16:02 Das228 (usr:Osmund Howard) || _=1592053343625
[16:02:27]HREF: 16:02 Das228 (usr:Osmund Howard) || _=1592053343626
[16:02:30]HREF: 16:02 Das228 (usr:Osmund Howard) || _=1592053346603
[16:02:30]HREF: 16:02 Das228 (usr:Osmund Howard) || _=1592053346604
[16:02:32]HREF: 16:02 Das228 (usr:Osmund Howard) || /datum/nanoui src=[0x21005d87];equip_interact=1
[16:02:34]HREF: 16:02 Das228 (usr:Osmund Howard) || /datum/nanoui src=[0x21005d87];deselect=1
[16:02:40]HREF: 16:02 Das228 (usr:Osmund Howard) || _=1592053356566
[16:02:40]HREF: 16:02 Das228 (usr:Osmund Howard) || _=1592053356567
[16:02:55]HREF: 16:02 Artyuom (usr:Johnny Vietnam) || _=1592053371739
[16:02:55]HREF: 16:02 Artyuom (usr:Johnny Vietnam) || _=1592053371740
[16:02:57]HREF: 16:02 Artyuom (usr:Johnny Vietnam) || /datum/nanoui src=[0x21005d87];vend=27;cat=0
[16:02:57]HREF: 16:02 Artyuom (usr:Johnny Vietnam) || /datum/nanoui src=[0x21005d87];vend=27;cat=0
[16:04:08]HREF: 16:04 Sewa (usr:Kelvin Focell) || _=1592053449053
[16:04:08]HREF: 16:04 Sewa (usr:Kelvin Focell) || _=1592053449054
[16:04:11]HREF: 16:04 Sewa (usr:Kelvin Focell) || _=1592053452838
[16:04:11]HREF: 16:04 Sewa (usr:Kelvin Focell) || _=1592053452839
[16:04:14]HREF: 16:04 Sewa (usr:Kelvin Focell) || _=1592053455355
[16:04:14]HREF: 16:04 Sewa (usr:Kelvin Focell) || _=1592053455356
[16:04:21]HREF: 16:04 Das228 (usr:Osmund Howard) || _=1592053457728
[16:04:21]HREF: 16:04 Das228 (usr:Osmund Howard) || _=1592053457729
[16:04:28]HREF: 16:04 Das228 (usr:Osmund Howard) || /datum/nanoui src=[0x21005a43];optimize=1
[16:04:34]HREF: 16:04 Das228 (usr:Osmund Howard) || /datum/nanoui src=[0x21005a43];fire_mission=1
[16:04:35]HREF: 16:04 Das228 (usr:Osmund Howard) || /datum/nanoui src=[0x21005a43];fire_mission=1
[16:04:52]HREF: 16:04 Das228 (usr:Osmund Howard) || _=1592053489217
[16:04:52]HREF: 16:04 Das228 (usr:Osmund Howard) || _=1592053489218
[16:04:57]HREF: 16:04 Das228 (usr:Osmund Howard) || /datum/nanoui src=[0x21005d88];move=1
[16:05:18]HREF: 16:05 Das228 (usr:Osmund Howard) || _=1592053514609
[16:05:18]HREF: 16:05 Das228 (usr:Osmund Howard) || _=1592053514610
[16:05:19]HREF: 16:05 Sewa (usr:Kelvin Focell) || _=1592053520249
[16:05:19]HREF: 16:05 Sewa (usr:Kelvin Focell) || _=1592053520250
[16:05:21]HREF: 16:05 Das228 (usr:Osmund Howard) || /datum/nanoui src=[0x21005d87];equip_interact=7
[16:05:21]HREF: 16:05 Sewa (usr:Kelvin Focell) || _=1592053523094
[16:05:22]HREF: 16:05 Sewa (usr:Kelvin Focell) || _=1592053523095
[16:05:23]HREF: 16:05 Sewa (usr:Kelvin Focell) || /datum/nanoui src=[0x21005d88];online=1
[16:05:23]HREF: 16:05 Sewa (usr:Kelvin Focell) || /datum/nanoui src=[0x21005d88];online=1
[16:05:24]HREF: 16:05 Das228 (usr:Osmund Howard) || /datum/nanoui src=[0x21005d87];deselect=1
[16:05:26]HREF: 16:05 Sewa (usr:Kelvin Focell) || _=1592053527226
[16:05:26]HREF: 16:05 Sewa (usr:Kelvin Focell) || _=1592053527227
[16:05:26]HREF: 16:05 Das228 (usr:Osmund Howard) || /datum/nanoui src=[0x21005d87];equip_interact=3
[16:05:29]HREF: 16:05 Das228 (usr:Osmund Howard) || /datum/nanoui src=[0x21005d87];deselect=1
[16:05:29]HREF: 16:05 Das228 (usr:Osmund Howard) || /datum/nanoui src=[0x21005d87];equip_interact=2
[16:05:30]HREF: 16:05 Das228 (usr:Osmund Howard) || /datum/nanoui src=[0x21005d87];deselect=1
[16:05:35]HREF: 16:05 Das228 (usr:Osmund Howard) || _=1592053531356
[16:05:35]HREF: 16:05 Das228 (usr:Osmund Howard) || _=1592053531357
[16:06:14]HREF: 16:06 Das228 (usr:Osmund Howard) || _=1592053570268
[16:06:14]HREF: 16:06 Das228 (usr:Osmund Howard) || _=1592053570269
[16:06:17]HREF: 16:06 Das228 (usr:Osmund Howard) || /datum/nanoui src=[0x21005dc6];fire_mission=1
[16:06:28]HREF: 16:06 Sewa (usr:Kelvin Focell) || The power monitoring computer src=[0x20148e1];update=1
[16:06:29]HREF: 16:06 Sewa (usr:Kelvin Focell) || The power monitoring computer src=[0x20148e1];update=1
[16:06:29]HREF: 16:06 Sewa (usr:Kelvin Focell) || The power monitoring computer src=[0x20148e1];update=1
[16:06:30]HREF: 16:06 Sewa (usr:Kelvin Focell) || The power monitoring computer src=[0x20148e1];update=1
[16:06:31]HREF: 16:06 Sewa (usr:Kelvin Focell) || The power monitoring computer src=[0x20148e1];update=1
[16:07:21]HREF: 16:07 Das228 (usr:Osmund Howard) || _=1592053637684
[16:07:21]HREF: 16:07 Das228 (usr:Osmund Howard) || _=1592053637685
[16:07:22]HREF: 16:07 Das228 (usr:Osmund Howard) || /datum/nanoui src=[0x21005dca];side%20door=1;right%20side=0
[16:07:23]HREF: 16:07 Das228 (usr:Osmund Howard) || /datum/nanoui src=[0x21005dca];side%20door=1;right%20side=1
[16:07:23]HREF: 16:07 Das228 (usr:Osmund Howard) || /datum/nanoui src=[0x21005dca];rear%20door=1
[16:07:46]HREF: 16:07 Das228 (usr:Osmund Howard) || _=1592053662334
[16:07:46]HREF: 16:07 Das228 (usr:Osmund Howard) || _=1592053662335
[16:07:47]HREF: 16:07 Das228 (usr:Osmund Howard) || /datum/nanoui src=[0x21005dcc];equip_interact=2
[16:08:12]HREF: 16:08 Random12234 (usr:Random12234) || Random12234 src=[0x300006d];lobby_choice=show_preferences
[16:08:25]HREF: 16:08 NIKIGO (usr:Colten Stange) || _=1592053707059
[16:08:25]HREF: 16:08 NIKIGO (usr:Colten Stange) || _=1592053707060
[16:08:28]HREF: 16:08 NIKIGO (usr:Colten Stange) || /datum/nanoui src=[0x21005dd2];vend=26;cat=0
[16:08:30]HREF: 16:08 NIKIGO (usr:Colten Stange) || /datum/nanoui src=[0x21005dd2];vend=26;cat=0
[16:08:37]HREF: 16:08 Das228 (usr:Osmund Howard) || _=1592053713293
[16:08:37]HREF: 16:08 Das228 (usr:Osmund Howard) || _=1592053713294
[16:08:48]HREF: 16:08 NIKIGO (usr:Colten Stange) || _=1592053730011
[16:08:48]HREF: 16:08 NIKIGO (usr:Colten Stange) || _=1592053730012
[16:08:52]HREF: 16:08 NIKIGO (usr:Colten Stange) || /datum/nanoui src=[0x21005dde];vend=21;cat=0
[16:09:46]HREF: 16:09 Random12234 (usr:Random12234) || Random12234 src=[0x300006d];lobby_choice=manifest
[16:09:53]HREF: 16:09 Random12234 (usr:Random12234) || Random12234 src=[0x300006d];lobby_choice=late_join_xeno
[16:09:58]HREF: 16:09 Random12234 (usr:Random12234) || Random12234 src=[0x300006d];lobby_choice=late_join_xeno
[16:16:39]HREF: 16:16 CM.RU (usr:CM.RU) || CM.RU src=[0x3000041];lobby_choice=observe
[16:19:23]HREF: 16:19 Gaper (usr:Gaper) || Gaper src=[0x300007b];lobby_choice=late_join
[16:19:24]HREF: 16:19 Gaper (usr:Gaper) || Gaper src=[0x300007c];lobby_choice=late_join
[16:19:34]HREF: 16:19 Gaper (usr:Gaper) || Gaper src=[0x300007c];lobby_choice=SelectedJob;job_selected=Military%20Police
[16:19:41]HREF: 16:19 Gaper (usr:Alim Ali Khan San Sikh) || Gaper src=[0x300007c];lobby_choice=SelectedJob;job_selected=Military%20Police
[16:20:44]HREF: 16:20 Gaper (usr:Alim Ali Khan San Sikh) || _=1592054444619
[16:20:44]HREF: 16:20 Gaper (usr:Alim Ali Khan San Sikh) || _=1592054444620
[16:20:46]HREF: 16:20 Gaper (usr:Alim Ali Khan San Sikh) || /datum/nanoui src=[0x21005ec6];move=1
[16:20:48]HREF: 16:20 Gaper (usr:Alim Ali Khan San Sikh) || _=1592054448265
[16:20:48]HREF: 16:20 Gaper (usr:Alim Ali Khan San Sikh) || _=1592054448266
[16:20:58]HREF: 16:20 Das228 (usr:Osmund Howard) || /datum/nanoui src=[0x21005dcc];deselect=1
[16:20:59]HREF: 16:20 Das228 (usr:Osmund Howard) || /datum/nanoui src=[0x21005dcc];equip_interact=1
[16:21:00]HREF: 16:21 Das228 (usr:Osmund Howard) || /datum/nanoui src=[0x21005dcc];deselect=1
[16:21:03]HREF: 16:21 Das228 (usr:Osmund Howard) || /datum/nanoui src=[0x21005dcc];equip_interact=3
[16:21:05]HREF: 16:21 Das228 (usr:Osmund Howard) || /datum/nanoui src=[0x21005dcc];deselect=1
[16:21:05]HREF: 16:21 Das228 (usr:Osmund Howard) || /datum/nanoui src=[0x21005dcc];equip_interact=2
[16:21:07]HREF: 16:21 Das228 (usr:Osmund Howard) || /datum/nanoui src=[0x21005dcc];deselect=1
[16:21:08]HREF: 16:21 Das228 (usr:Osmund Howard) || /datum/nanoui src=[0x21005dcc];equip_interact=7
[16:21:08]HREF: 16:21 Das228 (usr:Osmund Howard) || /datum/nanoui src=[0x21005dcc];deselect=1
[16:21:10]HREF: 16:21 Das228 (usr:Osmund Howard) || /datum/nanoui src=[0x21005dcc];equip_interact=1
[16:21:16]HREF: 16:21 Das228 (usr:Osmund Howard) || /datum/nanoui src=[0x21005dcc];deselect=1
[16:21:17]HREF: 16:21 Das228 (usr:Osmund Howard) || /datum/nanoui src=[0x21005dcc];equip_interact=1
[16:21:18]HREF: 16:21 Das228 (usr:Osmund Howard) || /datum/nanoui src=[0x21005dcc];deselect=1
[16:21:21]HREF: 16:21 Das228 (usr:Osmund Howard) || /datum/nanoui src=[0x21005dcc];equip_interact=1
[16:21:27]HREF: 16:21 Das228 (usr:Osmund Howard) || /datum/nanoui src=[0x21005dcc];deselect=1
[16:21:29]HREF: 16:21 Das228 (usr:Osmund Howard) || /datum/nanoui src=[0x21005dcc];equip_interact=2
[16:21:30]HREF: 16:21 Das228 (usr:Osmund Howard) || /datum/nanoui src=[0x21005dcc];deselect=1
[16:21:32]HREF: 16:21 Das228 (usr:Osmund Howard) || _=1592054491591
[16:21:32]HREF: 16:21 Das228 (usr:Osmund Howard) || _=1592054491592
[16:21:48]HREF: 16:21 Das228 (usr:Osmund Howard) || /datum/nanoui src=[0x21005dcc];equip_interact=2
[16:21:50]HREF: 16:21 Das228 (usr:Osmund Howard) || /datum/nanoui src=[0x21005dcc];deselect=1
[16:22:24]HREF: 16:22 Gaper (usr:Alim Ali Khan San Sikh) || _=1592054543958
[16:22:24]HREF: 16:22 Gaper (usr:Alim Ali Khan San Sikh) || _=1592054543959
[16:22:42]HREF: 16:22 Das228 (usr:Osmund Howard) || /datum/nanoui src=[0x21005dcc];equip_interact=2
[16:22:44]HREF: 16:22 Das228 (usr:Osmund Howard) || /datum/nanoui src=[0x21005dcc];deselect=1
[16:22:45]HREF: 16:22 Das228 (usr:Osmund Howard) || /datum/nanoui src=[0x21005dcc];equip_interact=7
[16:22:47]HREF: 16:22 Das228 (usr:Osmund Howard) || /datum/nanoui src=[0x21005dcc];deselect=1
[16:22:53]HREF: 16:22 Das228 (usr:Osmund Howard) || _=1592054573124
[16:22:53]HREF: 16:22 Das228 (usr:Osmund Howard) || _=1592054573125
[16:22:54]HREF: 16:22 Alot (usr:Alot) || Alot src=[0x3000080];lobby_choice=manifest
[16:22:57]HREF: 16:22 Das228 (usr:Osmund Howard) || /datum/nanoui src=[0x21005dcc];fire_mission=1
[16:23:03]HREF: 16:23 Das228 (usr:Osmund Howard) || _=1592054582982
[16:23:03]HREF: 16:23 Das228 (usr:Osmund Howard) || _=1592054582983
[16:23:04]HREF: 16:23 Das228 (usr:Osmund Howard) || /datum/nanoui src=[0x210023ab];fire_mission=1
[16:23:11]HREF: 16:23 Gaper (usr:Alim Ali Khan San Sikh) || _=1592054591536
[16:23:11]HREF: 16:23 Gaper (usr:Alim Ali Khan San Sikh) || _=1592054591537
[16:23:17]HREF: 16:23 Gaper (usr:Alim Ali Khan San Sikh) || _=1592054597104
[16:23:17]HREF: 16:23 Gaper (usr:Alim Ali Khan San Sikh) || _=1592054597105
[16:23:20]HREF: 16:23 Gaper (usr:Alim Ali Khan San Sikh) || _=1592054600617
[16:23:20]HREF: 16:23 Gaper (usr:Alim Ali Khan San Sikh) || _=1592054600618
[16:23:23]HREF: 16:23 Das228 (usr:Osmund Howard) || _=1592054602719
[16:23:23]HREF: 16:23 Das228 (usr:Osmund Howard) || _=1592054602720
[16:23:24]HREF: 16:23 Das228 (usr:Osmund Howard) || /datum/nanoui src=[0x210022f0];side%20door=1;right%20side=0
[16:23:24]HREF: 16:23 Das228 (usr:Osmund Howard) || /datum/nanoui src=[0x210022f0];side%20door=1;right%20side=1
[16:23:25]HREF: 16:23 Das228 (usr:Osmund Howard) || /datum/nanoui src=[0x210022f0];rear%20door=1
[16:23:35]HREF: 16:23 Gaper (usr:Alim Ali Khan San Sikh) || _=1592054614753
[16:23:35]HREF: 16:23 Gaper (usr:Alim Ali Khan San Sikh) || _=1592054614754
[16:23:40]HREF: 16:23 Gaper (usr:Alim Ali Khan San Sikh) || _=1592054620492
[16:23:40]HREF: 16:23 Gaper (usr:Alim Ali Khan San Sikh) || _=1592054620493
[16:23:44]HREF: 16:23 Gaper (usr:Alim Ali Khan San Sikh) || _=1592054624176
[16:23:44]HREF: 16:23 Gaper (usr:Alim Ali Khan San Sikh) || _=1592054624177
[16:23:48]HREF: 16:23 Gaper (usr:Alim Ali Khan San Sikh) || _=1592054628129
[16:23:48]HREF: 16:23 Gaper (usr:Alim Ali Khan San Sikh) || _=1592054628130
[16:23:51]HREF: 16:23 Gaper (usr:Alim Ali Khan San Sikh) || _=1592054630911
[16:23:51]HREF: 16:23 Gaper (usr:Alim Ali Khan San Sikh) || _=1592054630912
[16:23:52]HREF: 16:23 Gaper (usr:Alim Ali Khan San Sikh) || /datum/nanoui src=[0x21005ec9];move=1
[16:23:54]HREF: 16:23 Gaper (usr:Alim Ali Khan San Sikh) || /datum/nanoui src=[0x21005ec9];move=1
[16:23:58]HREF: 16:23 Gaper (usr:Alim Ali Khan San Sikh) || _=1592054637890
[16:23:58]HREF: 16:23 Gaper (usr:Alim Ali Khan San Sikh) || _=1592054637891
[16:23:59]HREF: 16:23 Gaper (usr:Alim Ali Khan San Sikh) || /datum/nanoui src=[0x21005ee4];move=1
[16:24:00]HREF: 16:24 Das228 (usr:Osmund Howard) || _=1592054639487
[16:24:00]HREF: 16:24 Das228 (usr:Osmund Howard) || _=1592054639488
[16:24:00]HREF: 16:24 Gaper (usr:Alim Ali Khan San Sikh) || /datum/nanoui src=[0x21005ee4];move=1
[16:24:53]HREF: 16:24 Gaper (usr:Alim Ali Khan San Sikh) || _=1592054693332
[16:24:53]HREF: 16:24 Gaper (usr:Alim Ali Khan San Sikh) || _=1592054693333
[16:24:58]HREF: 16:24 Gaper (usr:Alim Ali Khan San Sikh) || _=1592054697853
[16:24:58]HREF: 16:24 Gaper (usr:Alim Ali Khan San Sikh) || _=1592054697854
[16:26:18]HREF: 16:26 Das228 (usr:Osmund Howard) || _=1592054778308
[16:26:18]HREF: 16:26 Das228 (usr:Osmund Howard) || _=1592054778309
[16:26:19]HREF: 16:26 Das228 (usr:Osmund Howard) || /datum/nanoui src=[0x21005fed];side%20door=1;right%20side=0
[16:26:20]HREF: 16:26 Das228 (usr:Osmund Howard) || /datum/nanoui src=[0x21005fed];side%20door=1;right%20side=1
[16:26:20]HREF: 16:26 Das228 (usr:Osmund Howard) || /datum/nanoui src=[0x21005fed];rear%20door=1
[16:26:23]HREF: 16:26 Das228 (usr:Osmund Howard) || _=1592054782546
[16:26:23]HREF: 16:26 Das228 (usr:Osmund Howard) || _=1592054782547
[16:27:46]HREF: 16:27 Das228 (usr:Osmund Howard) || _=1592054865985
[16:27:46]HREF: 16:27 Das228 (usr:Osmund Howard) || _=1592054865986
[16:28:31]HREF: 16:28 Alot (usr:Alot) || Alot src=[0x3000090];lobby_choice=manifest
[16:28:36]HREF: 16:28 BlackCrystalic (usr:Blacky 'GG' Crysis) || /datum/controller/vote src=[0x21000002];vote=custom
[16:28:41]HREF: 16:28 Alot (usr:Alot) || Alot src=[0x3000090];lobby_choice=show_preferences
[16:28:46]HREF: 16:28 Alot (usr:Alot) || Alot src=[0x3000090];lobby_choice=observe
[16:28:57]HREF: 16:28 Das228 (usr:Osmund Howard) || _=1592054936441
[16:28:57]HREF: 16:28 Das228 (usr:Osmund Howard) || _=1592054936442
[16:29:00]HREF: 16:29 Das228 (usr:Osmund Howard) || /datum/nanoui src=[0x2100600f];move=1
[16:30:19]HREF: 16:30 Random12234 (usr:Random12234) || Random12234 src=[0x300006d];lobby_choice=late_join_xeno
[16:30:22]HREF: 16:30 Random12234 (usr:Random12234) || Random12234 src=[0x300006d];lobby_choice=late_join_xeno
[16:30:25]HREF: 16:30 Das228 (usr:Osmund Howard) || _=1592055024560
[16:30:25]HREF: 16:30 Das228 (usr:Osmund Howard) || _=1592055024561
[16:31:12]HREF: 16:31 Alot (usr:Sarah 'Phantom' Black) || Sarah 'Phantom' Black src=[0x3000092];track=[0x3000003]
[16:31:18]HREF: 16:31 NIKIGO (usr:Colten Stange) || /datum/controller/vote src=[0x21000002];vote=close
[16:31:19]HREF: 16:31 NIKIGO (usr:Colten Stange) || Colten Stange src=[0x3000091];track=[0x300005b]
[16:31:36]HREF: 16:31 EngineerConager (usr:Dell Conrad) || Dell Conrad src=[0x300008a];track=[0x3000003]
[16:31:49]HREF: 16:31 Das228 (usr:Osmund Howard) || Suit Storage Unit src=[0x200af7e];toggle_open=1
[16:31:51]HREF: 16:31 Das228 (usr:Osmund Howard) || Suit Storage Unit src=[0x200af7e];dispense_helmet=1
[16:31:51]HREF: 16:31 Das228 (usr:Osmund Howard) || Suit Storage Unit src=[0x200af7e];dispense_mask=1
[16:31:52]HREF: 16:31 Das228 (usr:Osmund Howard) || Suit Storage Unit src=[0x200af7e];dispense_tank=1
[16:32:11]HREF: 16:32 Das228 (usr:Osmund Howard) || Suit Storage Unit src=[0x200af7e];dispense_suit=1
[16:34:47]HREF: 16:34 Das228 (usr:Osmund Howard) || _=1592055287283
[16:34:47]HREF: 16:34 Das228 (usr:Osmund Howard) || _=1592055287284
[16:34:50]HREF: 16:34 Das228 (usr:Osmund Howard) || _=1592055289892
[16:34:50]HREF: 16:34 Das228 (usr:Osmund Howard) || _=1592055289893
[16:35:00]HREF: 16:35 Das228 (usr:Osmund Howard) || _=1592055299834
[16:35:00]HREF: 16:35 Das228 (usr:Osmund Howard) || _=1592055299835
[16:35:21]HREF: 16:35 Danik_10p (usr:Elder Queen) || _=1592055319945
[16:35:22]HREF: 16:35 Danik_10p (usr:Elder Queen) || _=1592055319946
[16:35:25]HREF: 16:35 Danik_10p (usr:Elder Queen) || /datum/nanoui src=[0x21005ffc];move=1
[16:36:41]HREF: 16:36 Danik_10p (usr:Elder Queen) || _=1592055397762
[16:36:42]HREF: 16:36 Danik_10p (usr:Elder Queen) || _=1592055397763
[16:36:44]HREF: 16:36 Das228 (usr:Osmund Howard) || _=1592055403990
[16:36:44]HREF: 16:36 Das228 (usr:Osmund Howard) || _=1592055403991
[16:36:46]HREF: 16:36 Das228 (usr:Osmund Howard) || Umbilical Starboard APC src=[0x200e8d0];apcwires=1
[16:36:48]HREF: 16:36 Das228 (usr:Osmund Howard) || Umbilical Starboard APC src=[0x200e8d0];apcwires=2
[16:36:49]HREF: 16:36 Das228 (usr:Osmund Howard) || Umbilical Starboard APC src=[0x200e8d0];apcwires=3
[16:36:49]HREF: 16:36 Das228 (usr:Osmund Howard) || Umbilical Starboard APC src=[0x200e8d0];apcwires=4
[16:36:57]HREF: 16:36 Das228 (usr:Osmund Howard) || _=1592055416744
[16:36:57]HREF: 16:36 Das228 (usr:Osmund Howard) || _=1592055416745
[16:37:02]HREF: 16:37 Das228 (usr:Osmund Howard) || _=1592055422173
[16:37:02]HREF: 16:37 Das228 (usr:Osmund Howard) || _=1592055422174
[16:38:06]HREF: 16:38 Random12234 (usr:Random12234) || Random12234 src=[0x3000096];lobby_choice=late_join_xeno
[16:38:09]HREF: 16:38 Random12234 (usr:Random12234) || Random12234 src=[0x3000096];lobby_choice=late_join_xeno
[16:38:16]HREF: 16:38 Danik_10p (usr:Elder Queen) || _=1592055496259
[16:38:16]HREF: 16:38 Danik_10p (usr:Elder Queen) || _=1592055496260
[16:38:17]HREF: 16:38 Danik_10p (usr:Elder Queen) || /datum/nanoui src=[0x21005ce6];move=1
[16:38:37]HREF: 16:38 Random12234 (usr:Random12234) || Random12234 src=[0x3000096];lobby_choice=show_preferences
[16:39:02]HREF: 16:39 Random12234 (usr:Random12234) || Random12234 src=[0x3000096];lobby_choice=late_join_xeno
[16:39:04]HREF: 16:39 Random12234 (usr:Random12234) || Random12234 src=[0x3000096];lobby_choice=late_join_xeno
[16:39:05]HREF: 16:39 Random12234 (usr:Random12234) || Random12234 src=[0x3000096];lobby_choice=late_join_xeno
[16:39:46]HREF: 16:39 Random12234 (usr:Random12234) || Random12234 src=[0x3000096];lobby_choice=late_join_xeno
[16:39:51]HREF: 16:39 Random12234 (usr:Random12234) || Random12234 src=[0x3000096];lobby_choice=late_join_xeno
[16:40:12]HREF: 16:40 Random12234 (usr:Random12234) || Random12234 src=[0x3000096];lobby_choice=late_join
[16:40:43]HREF: 16:40 Random12234 (usr:Random12234) || Random12234 src=[0x3000096];lobby_choice=manifest
[16:40:56]HREF: 16:40 Random12234 (usr:Random12234) || Random12234 src=[0x3000096];lobby_choice=late_join_xeno
[16:40:59]HREF: 16:40 Random12234 (usr:Random12234) || Random12234 src=[0x3000096];lobby_choice=late_join_xeno
[16:41:36]HREF: 16:41 Random12234 (usr:Random12234) || Random12234 src=[0x3000096];lobby_choice=late_join_xeno
[16:41:38]HREF: 16:41 Random12234 (usr:Random12234) || Random12234 src=[0x3000096];lobby_choice=late_join_xeno
[16:42:56]HREF: 16:42 EngineerConager (usr:Dell Conrad) || /datum/admins src=[0x21003453];togmutate=[0x300005b];block=23
[16:43:36]HREF: 16:43 BlackCrystalic (usr:Blacky 'GG' Crysis) || /datum/controller/vote src=[0x21000002];vote=1
[16:43:36]HREF: 16:43 BlackCrystalic (usr:Blacky 'GG' Crysis) || /datum/controller/vote src=[0x21000002];vote=1
[16:43:38]HREF: 16:43 BlackCrystalic (usr:Blacky 'GG' Crysis) || /datum/controller/vote src=[0x21000002];vote=2
[16:43:38]HREF: 16:43 BlackCrystalic (usr:Blacky 'GG' Crysis) || /datum/controller/vote src=[0x21000002];vote=1
[16:43:39]HREF: 16:43 BlackCrystalic (usr:Blacky 'GG' Crysis) || /datum/controller/vote src=[0x21000002];vote=3
[16:43:39]HREF: 16:43 BlackCrystalic (usr:Blacky 'GG' Crysis) || /datum/controller/vote src=[0x21000002];vote=1
[16:43:40]HREF: 16:43 BlackCrystalic (usr:Blacky 'GG' Crysis) || /datum/controller/vote src=[0x21000002];vote=1
[16:43:41]HREF: 16:43 BlackCrystalic (usr:Blacky 'GG' Crysis) || /datum/controller/vote src=[0x21000002];vote=close
[16:43:43]HREF: 16:43 BlackCrystalic (usr:Blacky 'GG' Crysis) || /datum/controller/vote src=[0x21000002];vote=1
[16:43:43]HREF: 16:43 BlackCrystalic (usr:Blacky 'GG' Crysis) || /datum/controller/vote src=[0x21000002];vote=2
[16:43:43]HREF: 16:43 BlackCrystalic (usr:Blacky 'GG' Crysis) || /datum/controller/vote src=[0x21000002];vote=1
[16:43:44]HREF: 16:43 BlackCrystalic (usr:Blacky 'GG' Crysis) || /datum/controller/vote src=[0x21000002];vote=2
[16:43:44]HREF: 16:43 BlackCrystalic (usr:Blacky 'GG' Crysis) || /datum/controller/vote src=[0x21000002];vote=1
[16:43:45]HREF: 16:43 BlackCrystalic (usr:Blacky 'GG' Crysis) || /datum/controller/vote src=[0x21000002];vote=2
[16:43:45]HREF: 16:43 BlackCrystalic (usr:Blacky 'GG' Crysis) || /datum/controller/vote src=[0x21000002];vote=3
[16:43:46]HREF: 16:43 BlackCrystalic (usr:Blacky 'GG' Crysis) || /datum/controller/vote src=[0x21000002];vote=1
[16:43:46]HREF: 16:43 BlackCrystalic (usr:Blacky 'GG' Crysis) || /datum/controller/vote src=[0x21000002];vote=2
[16:43:48]HREF: 16:43 BlackCrystalic (usr:Blacky 'GG' Crysis) || /datum/controller/vote src=[0x21000002];vote=1
[16:43:52]HREF: 16:43 BlackCrystalic (usr:Blacky 'GG' Crysis) || /datum/controller/vote src=[0x21000002];vote=1
[16:43:52]HREF: 16:43 BlackCrystalic (usr:Blacky 'GG' Crysis) || /datum/controller/vote src=[0x21000002];vote=2
[16:43:52]HREF: 16:43 BlackCrystalic (usr:Blacky 'GG' Crysis) || /datum/controller/vote src=[0x21000002];vote=1
[16:43:54]HREF: 16:43 Artyuom (usr:Johnny Vietnam) || /datum/controller/vote src=[0x21000002];vote=1
[16:44:05]HREF: 16:44 BlackCrystalic (usr:Blacky 'GG' Crysis) || /datum/controller/vote src=[0x21000002];vote=1
[16:44:05]HREF: 16:44 BlackCrystalic (usr:Blacky 'GG' Crysis) || /datum/controller/vote src=[0x21000002];vote=2
[16:44:07]HREF: 16:44 BlackCrystalic (usr:Blacky 'GG' Crysis) || /datum/controller/vote src=[0x21000002];vote=1
[16:44:09]HREF: 16:44 Random12234 (usr:Random12234) || Random12234 src=[0x3000096];lobby_choice=observe
[16:44:09]HREF: 16:44 Artyuom (usr:Johnny Vietnam) || /datum/controller/vote src=[0x21000002];vote=1
[16:44:10]HREF: 16:44 Artyuom (usr:Johnny Vietnam) || /datum/controller/vote src=[0x21000002];vote=close
[16:44:15]HREF: 16:44 Sewa (usr:Kelvin Focell) || /datum/controller/vote src=[0x21000002];vote=close
[16:44:23]HREF: 16:44 BlackCrystalic (usr:Blacky 'GG' Crysis) || /datum/controller/vote src=[0x21000002];vote=1
[16:44:43]HREF: 16:44 BlackCrystalic (usr:Blacky 'GG' Crysis) || /datum/controller/vote src=[0x21000002];vote=1
[16:44:45]HREF: 16:44 BlackCrystalic (usr:Blacky 'GG' Crysis) || /datum/controller/vote src=[0x21000002];vote=close
