

Starting up round 18:05:51
---------------------
[18:16:26]ATTACK: Chaburek/(Queen) has spat on [Eta Lab Lockdown] with corrosive acid (Unknown Area (51, 58, 1))
[18:16:26]ATTACK: Queen (chaburek) spat acid on the Eta Lab Lockdown.
[18:17:56]ATTACK: Chaburek/(Queen) has spat on [Eta Lab Lockdown] with corrosive acid (Unknown Area (52, 60, 1))
[18:17:56]ATTACK: Queen (chaburek) spat acid on the Eta Lab Lockdown.
[18:21:12]ATTACK: Chaburek/(Queen) has spat on [Virology Lockdown] with corrosive acid (Northwest Colony Grounds (36, 141, 1))
[18:21:12]ATTACK: Queen (chaburek) spat acid on the Virology Lockdown.
[18:22:38]ATTACK: Chaburek/(Queen) has spat on [Virology Lockdown] with corrosive acid (Virology Lab (34, 141, 1))
[18:22:38]ATTACK: Queen (chaburek) spat acid on the Virology Lockdown.
[18:24:26]ATTACK: Chaburek/(Queen) has grabbed *no key*/(monkey (90)) (NEWHP: 100)  (Virology Lab (30, 133, 1))
[18:24:26]ATTACK: Chaburek/(Queen) схватил *no key*/(monkey (90))
[18:24:33]ATTACK: Chaburek/(Queen) has grabbed *no key*/(monkey (90)) (NEWHP: 100)  (Virology Lab (29, 133, 1))
[18:24:33]ATTACK: Chaburek/(Queen) схватил *no key*/(monkey (90))
[18:24:40]ATTACK: Chaburek/(Queen) has grabbed *no key*/(monkey (879)) (NEWHP: 100)  (Virology Lab (30, 133, 1))
[18:24:40]ATTACK: Chaburek/(Queen) схватил *no key*/(monkey (879))
[18:24:47]ATTACK: Chaburek/(Queen) has grabbed *no key*/(monkey (116)) (NEWHP: 100)  (Virology Lab (31, 132, 1))
[18:24:47]ATTACK: Chaburek/(Queen) схватил *no key*/(monkey (116))
[18:54:12]ATTACK: Alot/(Threatek) has injected Alot/(Threatek) with [unusual crysal] Reagents: thwei (NEWHP: -2.19999)  (Hallway Port (181, 133, 3))
[18:54:12]ATTACK: Unknown (alot) injected Unknown (Alot) with unusual crysal. Reagents: thwei (INTENT: HELP) (<A HREF='?_src_=holder;adminplayerobservecoodjump=1;X=181;Y=133;Z=3'>JMP</a>)
[18:54:16]ATTACK: Alot/(Threatek) has injected Alot/(Threatek) with [unusual crysal] Reagents: thwei (NEWHP: -1.69999)  (Hallway Port (181, 135, 3))
[18:54:16]ATTACK: Unknown (alot) injected Unknown (Alot) with unusual crysal. Reagents: thwei (INTENT: HELP) (<A HREF='?_src_=holder;adminplayerobservecoodjump=1;X=181;Y=135;Z=3'>JMP</a>)
[18:54:58]ATTACK: Alot/(Threatek) has injected Alot/(Threatek) with [unusual crysal] Reagents: thwei (NEWHP: 12.4)  (Hallway Port (160, 138, 3))
[18:54:58]ATTACK: Unknown (alot) injected Unknown (Alot) with unusual crysal. Reagents: thwei (INTENT: HELP) (<A HREF='?_src_=holder;adminplayerobservecoodjump=1;X=160;Y=138;Z=3'>JMP</a>)
[18:56:08]ATTACK: Alot/(Threatek) has injected Alot/(Threatek) with [unusual crysal] Reagents: thwei (NEWHP: 29.5)  (Hull Lower (140, 128, 3))
[18:56:08]ATTACK: Unknown (alot) injected Unknown (Alot) with unusual crysal. Reagents: thwei (INTENT: HELP) (<A HREF='?_src_=holder;adminplayerobservecoodjump=1;X=140;Y=128;Z=3'>JMP</a>)
[18:58:55]ATTACK: Alot/(Threatek) has injected Alot/(Threatek) with [unusual crysal] Reagents: thwei (NEWHP: 78.2)  (Hallway Port (136, 138, 3))
[18:58:55]ATTACK: Unknown (alot) injected Unknown (Alot) with unusual crysal. Reagents: thwei (INTENT: HELP) (<A HREF='?_src_=holder;adminplayerobservecoodjump=1;X=136;Y=138;Z=3'>JMP</a>)
[19:01:11]ATTACK: Alot/(Threatek) has injected Alot/(Threatek) with [Dexalin Plus autoinjector] Reagents: Dexalin Plus (NEWHP: 97)  (Medical Lower (110, 150, 3))
[19:01:11]ATTACK: Unknown (alot) injected Unknown (Alot) with Dexalin Plus autoinjector. Reagents: Dexalin Plus (INTENT: HELP) (<A HREF='?_src_=holder;adminplayerobservecoodjump=1;X=110;Y=150;Z=3'>JMP</a>)
[19:02:35]ATTACK: Chaburek/(Elder Queen) has grabbed ZyberCpechnaz/(Mature Warrior (993)) (NEWHP: 225)  (Engineering Workshop (237, 152, 3))
[19:02:35]ATTACK: Chaburek/(Elder Queen) схватил ZyberCpechnaz/(Mature Warrior (993))
[19:05:28]ATTACK: Alot/(Threatek) has injected Alot/(Threatek) with [unusual crysal] Reagents: thwei (NEWHP: 49.2)  (Hallway Port (189, 139, 3))
[19:05:28]ATTACK: Unknown (alot) injected Unknown (Alot) with unusual crysal. Reagents: thwei (INTENT: HELP) (<A HREF='?_src_=holder;adminplayerobservecoodjump=1;X=189;Y=139;Z=3'>JMP</a>)
[19:05:52]ATTACK: Alot/(Threatek) has attacked ZyberCpechnaz/(Young Praetorian (993)) with [Crucible sword] (INTENT: HELP) (DAMTYE: BRUTE) (NEWHP: 250)  (Hallway Port (200, 138, 3))
[19:05:52]ATTACK: Alot/(Threatek) attacked ZyberCpechnaz/(Young Praetorian (993)) with Crucible sword (INTENT: HELP) (DAMTYE: BRUTE)
[19:06:00]ATTACK: ZyberCpechnaz/(Young Praetorian (993)) has slashed Alot/(Threatek) (NEWHP: 58.7)  (Hallway Port (202, 139, 3))
[19:06:01]ATTACK: ZyberCpechnaz/(Young Praetorian (993)) has slashed Alot/(Threatek) (NEWHP: 58.7)  (Hallway Port (200, 139, 3))
[19:06:02]ATTACK: Unknown (alot) primed a smart-disc (<A HREF='?_src_=holder;adminplayerobservecoodjump=1;X=199;Y=140;Z=3'>JMP</a>)
[19:06:03]ATTACK: Alot/(Threatek) has hit ZyberCpechnaz/(Young Praetorian (993)) with [smart-disc] (thrown) (NEWHP: 206.687)  (Hallway Port (200, 140, 3))
[19:06:03]ATTACK: Young Praetorian (993) (zybercpechnaz) was hit by a the smart-disc, thrown by Unknown (alot) (<A HREF='?_src_=holder;adminplayerobservecoodjump=1;X=198;Y=139;Z=3'>JMP</a>)
[19:06:05]ATTACK: ZyberCpechnaz/(Young Praetorian (993)) has slashed *no key*/(smart-disc) (NEWHP: 60)  (Hallway Port (197, 138, 3))
[19:06:08]ATTACK: ZyberCpechnaz/(Young Praetorian (993)) has slashed *no key*/(smart-disc) (NEWHP: 41)  (Hallway Port (197, 138, 3))
[19:06:08]ATTACK: *no key*/(smart-disc) has attacked ZyberCpechnaz/(Young Praetorian (993)) (NEWHP: 187.687)  (Hallway Port (198, 138, 3))
[19:06:08]ATTACK: *no key*/(smart-disc) has attacked ZyberCpechnaz/(Young Praetorian (993)) (NEWHP: 164.687)  (Hallway Port (198, 138, 3))
[19:06:09]ATTACK: ZyberCpechnaz/(Young Praetorian (993)) has slashed *no key*/(smart-disc) (NEWHP: 26)  (Hallway Port (197, 138, 3))
[19:06:10]ATTACK: Alot/(Threatek) has injected Alot/(Threatek) with [unusual crysal] Reagents: thwei (NEWHP: 58.825)  (Hallway Port (204, 139, 3))
[19:06:10]ATTACK: Unknown (alot) injected Unknown (Alot) with unusual crysal. Reagents: thwei (INTENT: HELP) (<A HREF='?_src_=holder;adminplayerobservecoodjump=1;X=204;Y=139;Z=3'>JMP</a>)
[19:06:10]ATTACK: *no key*/(smart-disc) has attacked ZyberCpechnaz/(Young Praetorian (993)) (NEWHP: 141.687)  (Hallway Port (198, 138, 3))
[19:06:10]ATTACK: *no key*/(smart-disc) has attacked ZyberCpechnaz/(Young Praetorian (993)) (NEWHP: 118.687)  (Hallway Port (198, 138, 3))
[19:06:10]ATTACK: ZyberCpechnaz/(Young Praetorian (993)) has slashed *no key*/(smart-disc) (NEWHP: 3)  (Hallway Port (197, 138, 3))
[19:06:11]ATTACK: ZyberCpechnaz/(Young Praetorian (993)) has slashed *no key*/(smart-disc) (NEWHP: 0)  (Hallway Port (197, 138, 3))
[19:06:12]ATTACK: ZyberCpechnaz/(Young Praetorian (993)) has slashed *no key*/(smart-disc) (NEWHP: 0)  (Hallway Port (197, 138, 3))
[19:06:16]ATTACK: Alot/(Threatek) has attacked ZyberCpechnaz/(Young Praetorian (993)) with [Crucible sword] (INTENT: HELP) (DAMTYE: BRUTE) (NEWHP: 120.031)  (Hallway Port (199, 140, 3))
[19:06:16]ATTACK: Alot/(Threatek) attacked ZyberCpechnaz/(Young Praetorian (993)) with Crucible sword (INTENT: HELP) (DAMTYE: BRUTE)
[19:06:18]ATTACK: Alot/(Threatek) has attacked ZyberCpechnaz/(Young Praetorian (993)) with [Crucible sword] (INTENT: HELP) (DAMTYE: BRUTE) (NEWHP: 93.0307)  (Hallway Port (197, 141, 3))
[19:06:18]ATTACK: Alot/(Threatek) attacked ZyberCpechnaz/(Young Praetorian (993)) with Crucible sword (INTENT: HELP) (DAMTYE: BRUTE)
[19:06:19]ATTACK: Alot/(Threatek) has attacked ZyberCpechnaz/(Young Praetorian (993)) with [Crucible sword] (INTENT: HELP) (DAMTYE: BRUTE) (NEWHP: 66.0307)  (Hallway Port (196, 139, 3))
[19:06:19]ATTACK: Alot/(Threatek) attacked ZyberCpechnaz/(Young Praetorian (993)) with Crucible sword (INTENT: HELP) (DAMTYE: BRUTE)
[19:06:49]ATTACK: Alot/(Threatek) has injected Alot/(Threatek) with [unusual crysal] Reagents: thwei (NEWHP: 68.4)  (Hallway Port (179, 140, 3))
[19:06:49]ATTACK: Unknown (alot) injected Unknown (Alot) with unusual crysal. Reagents: thwei (INTENT: HELP) (<A HREF='?_src_=holder;adminplayerobservecoodjump=1;X=179;Y=140;Z=3'>JMP</a>)
[19:08:27]ATTACK: artyuom/(Johnny Vietnam) has shot ZyberCpechnaz/(Young Praetorian (993)) with [smartgun bullet] (NEWHP: 204)  (USS Almayer Evac 3 (188, 231, 3))
[19:08:27]ATTACK: Johnny Vietnam (artyuom) shot Young Praetorian (993) (zybercpechnaz) with a smartgun bullet in USS Almayer Evac 3 (<A HREF='?_src_=holder;adminplayerobservecoodjump=1;X=188;Y=231;Z=3'>JMP</a>)
[19:08:27]ATTACK: artyuom/(Johnny Vietnam) has shot ZyberCpechnaz/(Young Praetorian (993)) with [smartgun bullet] (NEWHP: 183)  (USS Almayer Evac 3 (188, 231, 3))
[19:08:27]ATTACK: Johnny Vietnam (artyuom) shot Young Praetorian (993) (zybercpechnaz) with a smartgun bullet in USS Almayer Evac 3 (<A HREF='?_src_=holder;adminplayerobservecoodjump=1;X=188;Y=231;Z=3'>JMP</a>)
[19:08:27]ATTACK: artyuom/(Johnny Vietnam) has shot ZyberCpechnaz/(Young Praetorian (993)) with [smartgun bullet] (NEWHP: 162)  (USS Almayer Evac 3 (188, 231, 3))
[19:08:27]ATTACK: Johnny Vietnam (artyuom) shot Young Praetorian (993) (zybercpechnaz) with a smartgun bullet in USS Almayer Evac 3 (<A HREF='?_src_=holder;adminplayerobservecoodjump=1;X=188;Y=231;Z=3'>JMP</a>)
[19:08:35]ATTACK: artyuom/(Johnny Vietnam) has shot ZyberCpechnaz/(Young Praetorian (993)) with [smartgun bullet] (NEWHP: 133)  (USS Almayer Evac 3 (188, 232, 3))
[19:08:35]ATTACK: Johnny Vietnam (artyuom) shot Young Praetorian (993) (zybercpechnaz) with a smartgun bullet in USS Almayer Evac 3 (<A HREF='?_src_=holder;adminplayerobservecoodjump=1;X=188;Y=232;Z=3'>JMP</a>)
[19:08:35]ATTACK: artyuom/(Johnny Vietnam) has shot ZyberCpechnaz/(Young Praetorian (993)) with [smartgun bullet] (NEWHP: 109)  (USS Almayer Evac 3 (188, 232, 3))
[19:08:35]ATTACK: Johnny Vietnam (artyuom) shot Young Praetorian (993) (zybercpechnaz) with a smartgun bullet in USS Almayer Evac 3 (<A HREF='?_src_=holder;adminplayerobservecoodjump=1;X=188;Y=232;Z=3'>JMP</a>)
[19:08:59]ATTACK: artyuom/(Johnny Vietnam) has shot ZyberCpechnaz/(Young Praetorian (993)) with [smartgun bullet] (NEWHP: 193.29)  (USS Almayer Evac 3 (190, 232, 3))
[19:08:59]ATTACK: Johnny Vietnam (artyuom) shot Young Praetorian (993) (zybercpechnaz) with a smartgun bullet in USS Almayer Evac 3 (<A HREF='?_src_=holder;adminplayerobservecoodjump=1;X=190;Y=232;Z=3'>JMP</a>)
[19:08:59]ATTACK: artyuom/(Johnny Vietnam) has shot ZyberCpechnaz/(Young Praetorian (993)) with [smartgun bullet] (NEWHP: 170.29)  (USS Almayer Evac 3 (190, 232, 3))
[19:08:59]ATTACK: Johnny Vietnam (artyuom) shot Young Praetorian (993) (zybercpechnaz) with a smartgun bullet in USS Almayer Evac 3 (<A HREF='?_src_=holder;adminplayerobservecoodjump=1;X=190;Y=232;Z=3'>JMP</a>)
[19:08:59]ATTACK: artyuom/(Johnny Vietnam) has shot ZyberCpechnaz/(Young Praetorian (993)) with [smartgun bullet] (NEWHP: 148.29)  (USS Almayer Evac 3 (190, 232, 3))
[19:08:59]ATTACK: Johnny Vietnam (artyuom) shot Young Praetorian (993) (zybercpechnaz) with a smartgun bullet in USS Almayer Evac 3 (<A HREF='?_src_=holder;adminplayerobservecoodjump=1;X=190;Y=232;Z=3'>JMP</a>)
[19:09:00]ATTACK: artyuom/(Johnny Vietnam) has shot ZyberCpechnaz/(Young Praetorian (993)) with [smartgun bullet] (NEWHP: 125.29)  (USS Almayer Evac 3 (189, 232, 3))
[19:09:00]ATTACK: Johnny Vietnam (artyuom) shot Young Praetorian (993) (zybercpechnaz) with a smartgun bullet in USS Almayer Evac 3 (<A HREF='?_src_=holder;adminplayerobservecoodjump=1;X=189;Y=232;Z=3'>JMP</a>)
[19:09:13]ATTACK: [M56D mounted smartgun] has shot Chaburek/(Elder Queen) with [machinegun bullet] (NEWHP: 400)  (USS Almayer Evac 3 (188, 230, 3))
[19:09:13]ATTACK: M56D mounted smartgun shot Elder Queen (chaburek) with a the machinegun bullet (<A HREF='?_src_=holder;adminplayerobservecoodjump=1;X=188;Y=230;Z=3'>JMP</a>)
[19:09:14]ATTACK: Chaburek/(Elder Queen) has spat on [razorwire obstacle] with corrosive acid (Hallway Aft (184, 230, 3))
[19:09:14]ATTACK: Elder Queen (chaburek) spat acid on the razorwire obstacle.
[19:09:14]ATTACK: Chaburek/(Elder Queen) has spat on [razorwire obstacle] with corrosive acid (Hallway Aft (184, 230, 3))
[19:09:14]ATTACK: Elder Queen (chaburek) spat acid on the razorwire obstacle.
[19:09:14]ATTACK: Chaburek/(Elder Queen) has spat on [razorwire obstacle] with corrosive acid (Hallway Aft (184, 230, 3))
[19:09:14]ATTACK: Elder Queen (chaburek) spat acid on the razorwire obstacle.
[19:09:14]ATTACK: [M56D mounted smartgun] has shot Chaburek/(Elder Queen) with [machinegun bullet] (NEWHP: 360)  (USS Almayer Evac 3 (188, 230, 3))
[19:09:14]ATTACK: M56D mounted smartgun shot Elder Queen (chaburek) with a the machinegun bullet (<A HREF='?_src_=holder;adminplayerobservecoodjump=1;X=188;Y=230;Z=3'>JMP</a>)
[19:09:15]ATTACK: [M56D mounted smartgun] has shot Chaburek/(Elder Queen) with [machinegun bullet] (NEWHP: 318)  (USS Almayer Evac 3 (188, 230, 3))
[19:09:15]ATTACK: M56D mounted smartgun shot Elder Queen (chaburek) with a the machinegun bullet (<A HREF='?_src_=holder;adminplayerobservecoodjump=1;X=188;Y=230;Z=3'>JMP</a>)
[19:09:15]ATTACK: [M56D mounted smartgun] has shot Chaburek/(Elder Queen) with [machinegun bullet] (NEWHP: 268)  (USS Almayer Evac 3 (188, 230, 3))
[19:09:15]ATTACK: M56D mounted smartgun shot Elder Queen (chaburek) with a the machinegun bullet (<A HREF='?_src_=holder;adminplayerobservecoodjump=1;X=188;Y=230;Z=3'>JMP</a>)
[19:09:15]ATTACK: ALex13t/(Reno 'Slowflake' Flake) has shot Chaburek/(Elder Queen) with [A19 high velocity bullet] (NEWHP: 219)  (USS Almayer Evac 3 (188, 232, 3))
[19:09:15]ATTACK: Reno 'Slowflake' Flake (alex13t) shot Elder Queen (chaburek) with A19 high velocity bullet in USS Almayer Evac 3 (<A HREF='?_src_=holder;adminplayerobservecoodjump=1;X=188;Y=232;Z=3'>JMP</a>)
[19:09:29]ATTACK: ALex13t/(Reno 'Slowflake' Flake) has shot ZyberCpechnaz/(Young Praetorian (993)) with [A19 high velocity bullet] (NEWHP: 75.87)  (USS Almayer Evac 3 (187, 230, 3))
[19:09:29]ATTACK: Reno 'Slowflake' Flake (alex13t) shot Young Praetorian (993) (zybercpechnaz) with A19 high velocity bullet in USS Almayer Evac 3 (<A HREF='?_src_=holder;adminplayerobservecoodjump=1;X=187;Y=230;Z=3'>JMP</a>)
[19:09:32]ATTACK: ALex13t/(Reno 'Slowflake' Flake) has shot ZyberCpechnaz/(Young Praetorian (993)) with [A19 high velocity bullet] (NEWHP: -12.88)  (USS Almayer Evac 3 (187, 230, 3))
[19:09:32]ATTACK: Reno 'Slowflake' Flake (alex13t) shot Young Praetorian (993) (zybercpechnaz) with A19 high velocity bullet in USS Almayer Evac 3 (<A HREF='?_src_=holder;adminplayerobservecoodjump=1;X=187;Y=230;Z=3'>JMP</a>)
[19:09:33]ATTACK: Chaburek/(Elder Queen) has grabbed ZyberCpechnaz/(Young Praetorian (993)) (NEWHP: -56.63)  (Hallway Aft (183, 229, 3))
[19:09:33]ATTACK: Chaburek/(Elder Queen) схватил ZyberCpechnaz/(Young Praetorian (993))
[19:09:33]ATTACK: ALex13t/(Reno 'Slowflake' Flake) has shot ZyberCpechnaz/(Young Praetorian (993)) with [A19 high velocity bullet] (NEWHP: -56.63)  (USS Almayer Evac 3 (187, 230, 3))
[19:09:33]ATTACK: Reno 'Slowflake' Flake (alex13t) shot Young Praetorian (993) (zybercpechnaz) with A19 high velocity bullet in USS Almayer Evac 3 (<A HREF='?_src_=holder;adminplayerobservecoodjump=1;X=187;Y=230;Z=3'>JMP</a>)
[19:09:41]ATTACK: [M56D mounted smartgun] has shot ALex13t/(Reno 'Slowflake' Flake) with [machinegun bullet] (NEWHP: 100)  (USS Almayer Evac 3 (188, 230, 3))
[19:09:41]ATTACK: M56D mounted smartgun shot Reno 'Slowflake' Flake (alex13t) with a the machinegun bullet (<A HREF='?_src_=holder;adminplayerobservecoodjump=1;X=188;Y=230;Z=3'>JMP</a>)
[19:09:41]ATTACK: [M56D mounted smartgun] has shot ALex13t/(Reno 'Slowflake' Flake) with [machinegun bullet] (NEWHP: 50)  (USS Almayer Evac 3 (188, 230, 3))
[19:09:41]ATTACK: M56D mounted smartgun shot Reno 'Slowflake' Flake (alex13t) with a the machinegun bullet (<A HREF='?_src_=holder;adminplayerobservecoodjump=1;X=188;Y=230;Z=3'>JMP</a>)
[19:09:41]ATTACK: [M56D mounted smartgun] has shot ALex13t/(Reno 'Slowflake' Flake) with [machinegun bullet] (NEWHP: 4)  (USS Almayer Evac 3 (188, 230, 3))
[19:09:41]ATTACK: M56D mounted smartgun shot Reno 'Slowflake' Flake (alex13t) with a the machinegun bullet (<A HREF='?_src_=holder;adminplayerobservecoodjump=1;X=188;Y=230;Z=3'>JMP</a>)
[19:09:45]ATTACK: [M56D mounted smartgun] has shot Chaburek/(Elder Queen) with [machinegun bullet] (NEWHP: 332.06)  (USS Almayer Evac 3 (188, 230, 3))
[19:09:45]ATTACK: M56D mounted smartgun shot Elder Queen (chaburek) with a the machinegun bullet (<A HREF='?_src_=holder;adminplayerobservecoodjump=1;X=188;Y=230;Z=3'>JMP</a>)
[19:09:56]ATTACK: artyuom/(Johnny Vietnam) has injected ALex13t/(Reno 'Slowflake' Flake) with [Bicaridine autoinjector] Reagents: Bicaridine (NEWHP: -58)  (USS Almayer Evac 3 (191, 232, 3))
[19:09:56]ATTACK: Johnny Vietnam (artyuom) injected Reno 'Slowflake' Flake (ALex13t) with Bicaridine autoinjector. Reagents: Bicaridine (INTENT: HELP) (<A HREF='?_src_=holder;adminplayerobservecoodjump=1;X=191;Y=232;Z=3'>JMP</a>)
[19:10:09]ATTACK: artyuom/(Johnny Vietnam) has grabbed ALex13t/(Reno 'Slowflake' Flake) (NEWHP: -79)  (USS Almayer Evac 3 (191, 231, 3))
[19:10:09]ATTACK: artyuom/(Johnny Vietnam) схватил ALex13t/(Reno 'Slowflake' Flake)
[19:11:34]ATTACK: Chaburek/(Elder Queen) has spat on [flare] with corrosive acid (Hallway Aft (181, 232, 3))
[19:11:34]ATTACK: Elder Queen (chaburek) spat acid on the flare.
[19:11:34]ATTACK: Chaburek/(Elder Queen) has spat on [flare] with corrosive acid (Hallway Aft (181, 232, 3))
[19:11:34]ATTACK: Elder Queen (chaburek) spat acid on the flare.
[19:12:00]ATTACK: artyuom/(Johnny Vietnam) has shot Chaburek/(Elder Queen) with [smartgun bullet] (NEWHP: 400)  (USS Almayer Evac 3 (188, 232, 3))
[19:12:00]ATTACK: Johnny Vietnam (artyuom) shot Elder Queen (chaburek) with a smartgun bullet in USS Almayer Evac 3 (<A HREF='?_src_=holder;adminplayerobservecoodjump=1;X=188;Y=232;Z=3'>JMP</a>)
[19:12:00]ATTACK: artyuom/(Johnny Vietnam) has shot Chaburek/(Elder Queen) with [smartgun bullet] (NEWHP: 381)  (USS Almayer Evac 3 (188, 232, 3))
[19:12:00]ATTACK: Johnny Vietnam (artyuom) shot Elder Queen (chaburek) with a smartgun bullet in USS Almayer Evac 3 (<A HREF='?_src_=holder;adminplayerobservecoodjump=1;X=188;Y=232;Z=3'>JMP</a>)
[19:12:01]ATTACK: artyuom/(Johnny Vietnam) has shot Chaburek/(Elder Queen) with [smartgun bullet] (NEWHP: 363)  (USS Almayer Evac 3 (188, 232, 3))
[19:12:01]ATTACK: Johnny Vietnam (artyuom) shot Elder Queen (chaburek) with a smartgun bullet in USS Almayer Evac 3 (<A HREF='?_src_=holder;adminplayerobservecoodjump=1;X=188;Y=232;Z=3'>JMP</a>)
[19:12:01]ATTACK: artyuom/(Johnny Vietnam) has shot Chaburek/(Elder Queen) with [smartgun bullet] (NEWHP: 345)  (USS Almayer Evac 3 (188, 232, 3))
[19:12:01]ATTACK: Johnny Vietnam (artyuom) shot Elder Queen (chaburek) with a smartgun bullet in USS Almayer Evac 3 (<A HREF='?_src_=holder;adminplayerobservecoodjump=1;X=188;Y=232;Z=3'>JMP</a>)
[19:12:02]ATTACK: artyuom/(Johnny Vietnam) has shot Chaburek/(Elder Queen) with [smartgun bullet] (NEWHP: 325)  (USS Almayer Evac 3 (188, 232, 3))
[19:12:02]ATTACK: Johnny Vietnam (artyuom) shot Elder Queen (chaburek) with a smartgun bullet in USS Almayer Evac 3 (<A HREF='?_src_=holder;adminplayerobservecoodjump=1;X=188;Y=232;Z=3'>JMP</a>)
[19:12:17]ATTACK: artyuom/(Johnny Vietnam) has shot Chaburek/(Elder Queen) with [smartgun bullet] (NEWHP: 352.355)  (USS Almayer Evac 3 (188, 232, 3))
[19:12:17]ATTACK: Johnny Vietnam (artyuom) shot Elder Queen (chaburek) with a smartgun bullet in USS Almayer Evac 3 (<A HREF='?_src_=holder;adminplayerobservecoodjump=1;X=188;Y=232;Z=3'>JMP</a>)
[19:14:16]ATTACK: Alot/(Threatek) has injected Alot/(Threatek) with [unusual crysal] Reagents: thwei (NEWHP: 100)  (Hull Upper (172, 235, 3))
[19:14:16]ATTACK: Unknown (alot) injected Unknown (Alot) with unusual crysal. Reagents: thwei (INTENT: HELP) (<A HREF='?_src_=holder;adminplayerobservecoodjump=1;X=172;Y=235;Z=3'>JMP</a>)
[19:15:42]ATTACK: artyuom/(Johnny Vietnam) has shot Alot/(Threatek) with [smartgun bullet] (NEWHP: 100)  (USS Almayer Evac 3 (188, 232, 3))
[19:15:42]ATTACK: Johnny Vietnam (artyuom) shot Unknown (alot) with a smartgun bullet in USS Almayer Evac 3 (<A HREF='?_src_=holder;adminplayerobservecoodjump=1;X=188;Y=232;Z=3'>JMP</a>)
[19:15:42]ATTACK: artyuom/(Johnny Vietnam) has shot Alot/(Threatek) with [smartgun bullet] (NEWHP: 100)  (USS Almayer Evac 3 (188, 232, 3))
[19:15:42]ATTACK: Johnny Vietnam (artyuom) shot Unknown (alot) with a smartgun bullet in USS Almayer Evac 3 (<A HREF='?_src_=holder;adminplayerobservecoodjump=1;X=188;Y=232;Z=3'>JMP</a>)
[19:16:52]ATTACK: Chaburek/(Elder Queen) has spat on [flare] with corrosive acid (Hallway Aft (181, 232, 3))
[19:16:52]ATTACK: Elder Queen (chaburek) spat acid on the flare.
[19:16:52]ATTACK: Chaburek/(Elder Queen) has spat on [flare] with corrosive acid (Hallway Aft (181, 232, 3))
[19:16:52]ATTACK: Elder Queen (chaburek) spat acid on the flare.
[19:17:17]ATTACK: Unknown (alot) primed a smart-disc (<A HREF='?_src_=holder;adminplayerobservecoodjump=1;X=183;Y=226;Z=3'>JMP</a>)
[19:17:19]ATTACK: cmru/(Crush Ahmed) has grabbed *no key*/(Reno 'Slowflake' Flake) (NEWHP: -100)  (USS Almayer Evac 3 (191, 231, 3))
[19:17:19]ATTACK: cmru/(Crush Ahmed) схватил *no key*/(Reno 'Slowflake' Flake)
[19:17:44]ATTACK: Unknown (alot) primed a smart-disc (<A HREF='?_src_=holder;adminplayerobservecoodjump=1;X=182;Y=225;Z=3'>JMP</a>)
[19:17:52]ATTACK: Chaburek/(Elder Queen) has spat on [razorwire obstacle] with corrosive acid (USS Almayer Evac 3 (184, 231, 3))
[19:17:52]ATTACK: Elder Queen (chaburek) spat acid on the razorwire obstacle.
[19:17:53]ATTACK: [M56D mounted smartgun] has shot Chaburek/(Elder Queen) with [machinegun bullet] (NEWHP: 400)  (USS Almayer Evac 3 (188, 230, 3))
[19:17:53]ATTACK: M56D mounted smartgun shot Elder Queen (chaburek) with a the machinegun bullet (<A HREF='?_src_=holder;adminplayerobservecoodjump=1;X=188;Y=230;Z=3'>JMP</a>)
[19:17:54]ATTACK: [M56D mounted smartgun] has shot Chaburek/(Elder Queen) with [machinegun bullet] (NEWHP: 353.5)  (USS Almayer Evac 3 (188, 230, 3))
[19:17:54]ATTACK: M56D mounted smartgun shot Elder Queen (chaburek) with a the machinegun bullet (<A HREF='?_src_=holder;adminplayerobservecoodjump=1;X=188;Y=230;Z=3'>JMP</a>)
[19:17:54]ATTACK: Chaburek/(Elder Queen) has spat on [razorwire obstacle] with corrosive acid (USS Almayer Evac 3 (184, 231, 3))
[19:17:54]ATTACK: Elder Queen (chaburek) spat acid on the razorwire obstacle.
[19:17:54]ATTACK: [M56D mounted smartgun] has shot Chaburek/(Elder Queen) with [machinegun bullet] (NEWHP: 316.265)  (USS Almayer Evac 3 (188, 230, 3))
[19:17:54]ATTACK: M56D mounted smartgun shot Elder Queen (chaburek) with a the machinegun bullet (<A HREF='?_src_=holder;adminplayerobservecoodjump=1;X=188;Y=230;Z=3'>JMP</a>)
[19:17:54]ATTACK: Chaburek/(Elder Queen) has spat on [razorwire obstacle] with corrosive acid (USS Almayer Evac 3 (184, 231, 3))
[19:17:54]ATTACK: Elder Queen (chaburek) spat acid on the razorwire obstacle.
[19:18:12]ATTACK: Chaburek/(Elder Queen) has shot artyuom/(Johnny Vietnam) with [acid spatter] (NEWHP: 100)  (Hallway Aft (183, 230, 3))
[19:18:12]ATTACK: Elder Queen (chaburek) shot Johnny Vietnam (artyuom) with an acid spatter in Hallway Aft (<A HREF='?_src_=holder;adminplayerobservecoodjump=1;X=183;Y=230;Z=3'>JMP</a>)
[19:18:16]ATTACK: [M56D mounted smartgun] has shot Chaburek/(Elder Queen) with [machinegun bullet] (NEWHP: 322.15)  (USS Almayer Evac 3 (188, 230, 3))
[19:18:16]ATTACK: M56D mounted smartgun shot Elder Queen (chaburek) with a the machinegun bullet (<A HREF='?_src_=holder;adminplayerobservecoodjump=1;X=188;Y=230;Z=3'>JMP</a>)
[19:18:38]ATTACK: Unknown (alot) primed a smart-disc (<A HREF='?_src_=holder;adminplayerobservecoodjump=1;X=183;Y=226;Z=3'>JMP</a>)
[19:18:48]ATTACK: artyuom/(Johnny Vietnam) has injected artyuom/(Johnny Vietnam) with [Kelotane autoinjector] Reagents: Kelotane (NEWHP: 83.9)  (USS Almayer Evac 3 (192, 230, 3))
[19:18:48]ATTACK: Johnny Vietnam (artyuom) injected Johnny Vietnam (artyuom) with Kelotane autoinjector. Reagents: Kelotane (INTENT: HELP) (<A HREF='?_src_=holder;adminplayerobservecoodjump=1;X=192;Y=230;Z=3'>JMP</a>)
[19:18:51]ATTACK: Chaburek/(Elder Queen) has shot Alot/(Threatek) with [acid spatter] (NEWHP: 100)  (Hallway Aft (183, 232, 3))
[19:18:51]ATTACK: Elder Queen (chaburek) shot Unknown (alot) with an acid spatter in Hallway Aft (<A HREF='?_src_=holder;adminplayerobservecoodjump=1;X=183;Y=232;Z=3'>JMP</a>)
[19:18:53]ATTACK: Unknown (alot) primed a smart-disc (<A HREF='?_src_=holder;adminplayerobservecoodjump=1;X=182;Y=226;Z=3'>JMP</a>)
[19:18:54]ATTACK: Chaburek/(Elder Queen) has shot Alot/(Threatek) with [acid spatter] (NEWHP: 100)  (Hallway Aft (182, 234, 3))
[19:18:54]ATTACK: Elder Queen (chaburek) shot Unknown (alot) with an acid spatter in Hallway Aft (<A HREF='?_src_=holder;adminplayerobservecoodjump=1;X=182;Y=234;Z=3'>JMP</a>)
[19:18:55]ATTACK: Alot/(Threatek) has hit Chaburek/(Elder Queen) with [smart-disc] (thrown) (NEWHP: 339.095)  (Hallway Aft (182, 227, 3))
[19:18:55]ATTACK: Elder Queen (chaburek) was hit by a the smart-disc, thrown by Unknown (alot) (<A HREF='?_src_=holder;adminplayerobservecoodjump=1;X=182;Y=234;Z=3'>JMP</a>)
[19:18:56]ATTACK: artyuom/(Johnny Vietnam) has grabbed *no key*/(МилкиВей) (NEWHP: 2.14748e+009)  (USS Almayer Evac 3 (188, 231, 3))
[19:18:56]ATTACK: artyuom/(Johnny Vietnam) схватил *no key*/(МилкиВей)
[19:19:00]ATTACK: Chaburek/(Elder Queen) has slashed *no key*/(smart-disc) (NEWHP: 60)  (Hallway Aft (183, 238, 3))
[19:19:01]ATTACK: *no key*/(smart-disc) has attacked Chaburek/(Elder Queen) (NEWHP: 341.39)  (Hallway Aft (183, 237, 3))
[19:19:01]ATTACK: *no key*/(smart-disc) has attacked Chaburek/(Elder Queen) (NEWHP: 315.39)  (Hallway Aft (183, 237, 3))
[19:19:01]ATTACK: Chaburek/(Elder Queen) has slashed *no key*/(smart-disc) (NEWHP: 11)  (Hallway Aft (183, 238, 3))
[19:19:03]ATTACK: Chaburek/(Elder Queen) has slashed *no key*/(smart-disc) (NEWHP: 0)  (Hallway Aft (183, 238, 3))
[19:19:22]ATTACK: Alot/(Threatek) has shot Chaburek/(Elder Queen) with [plasma bolt] (NEWHP: 362.745)  (Hallway Aft (183, 224, 3))
[19:19:22]ATTACK: Unknown (alot) shot Elder Queen (chaburek) with a plasma bolt in Hallway Aft (<A HREF='?_src_=holder;adminplayerobservecoodjump=1;X=183;Y=224;Z=3'>JMP</a>)
[19:19:30]ATTACK: [M56D mounted smartgun] has shot Chaburek/(Elder Queen) with [machinegun bullet] (NEWHP: 383.04)  (USS Almayer Evac 3 (188, 230, 3))
[19:19:30]ATTACK: M56D mounted smartgun shot Elder Queen (chaburek) with a the machinegun bullet (<A HREF='?_src_=holder;adminplayerobservecoodjump=1;X=188;Y=230;Z=3'>JMP</a>)
[19:19:30]ATTACK: [M56D mounted smartgun] has shot Chaburek/(Elder Queen) with [machinegun bullet] (NEWHP: 337.04)  (USS Almayer Evac 3 (188, 230, 3))
[19:19:30]ATTACK: M56D mounted smartgun shot Elder Queen (chaburek) with a the machinegun bullet (<A HREF='?_src_=holder;adminplayerobservecoodjump=1;X=188;Y=230;Z=3'>JMP</a>)
[19:20:04]ATTACK: Alot/(Threatek) has hit Chaburek/(Elder Queen) with [smart-disc] (thrown) (NEWHP: 388.015)  (Hallway Aft (181, 243, 3))
[19:20:04]ATTACK: Elder Queen (chaburek) was hit by a the smart-disc, thrown by Unknown (alot) (<A HREF='?_src_=holder;adminplayerobservecoodjump=1;X=183;Y=238;Z=3'>JMP</a>)
[19:20:04]ATTACK: Chaburek/(Elder Queen) has shot Alot/(Threatek) with [acid spatter] (NEWHP: 100)  (Hallway Aft (183, 238, 3))
[19:20:04]ATTACK: Elder Queen (chaburek) shot Unknown (alot) with an acid spatter in Hallway Aft (<A HREF='?_src_=holder;adminplayerobservecoodjump=1;X=183;Y=238;Z=3'>JMP</a>)
[19:20:07]ATTACK: Chaburek/(Elder Queen) has shot Alot/(Threatek) with [acid spatter] (NEWHP: 100)  (Hallway Aft (183, 238, 3))
[19:20:07]ATTACK: Elder Queen (chaburek) shot Unknown (alot) with an acid spatter in Hallway Aft (<A HREF='?_src_=holder;adminplayerobservecoodjump=1;X=183;Y=238;Z=3'>JMP</a>)
[19:20:54]ATTACK: Chaburek/(Elder Queen) has shot Alot/(Threatek) with [acid spatter] (NEWHP: 92.365)  (Hallway Aft (180, 244, 3))
[19:20:54]ATTACK: Elder Queen (chaburek) shot Unknown (alot) with an acid spatter in Hallway Aft (<A HREF='?_src_=holder;adminplayerobservecoodjump=1;X=180;Y=244;Z=3'>JMP</a>)
[19:21:10]ATTACK: Alot/(Threatek) has injected Alot/(Threatek) with [unusual crysal] Reagents: thwei (NEWHP: 96.065)  (Hull Upper (172, 230, 3))
[19:21:10]ATTACK: Unknown (alot) injected Unknown (Alot) with unusual crysal. Reagents: thwei (INTENT: HELP) (<A HREF='?_src_=holder;adminplayerobservecoodjump=1;X=172;Y=230;Z=3'>JMP</a>)
[19:22:20]ATTACK: Chaburek/(Elder Queen) has shot Alot/(Threatek) with [acid spatter] (NEWHP: 100)  (Hallway Aft (183, 237, 3))
[19:22:20]ATTACK: Elder Queen (chaburek) shot Unknown (alot) with an acid spatter in Hallway Aft (<A HREF='?_src_=holder;adminplayerobservecoodjump=1;X=183;Y=237;Z=3'>JMP</a>)
[19:22:26]ATTACK: Chaburek/(Elder Queen) has shot Alot/(Threatek) with [acid spatter] (NEWHP: 100)  (Hallway Aft (182, 239, 3))
[19:22:26]ATTACK: Elder Queen (chaburek) shot Unknown (alot) with an acid spatter in Hallway Aft (<A HREF='?_src_=holder;adminplayerobservecoodjump=1;X=182;Y=239;Z=3'>JMP</a>)
[19:22:30]ATTACK: Alot/(Threatek) has attacked Chaburek/(Elder Queen) with [Crucible sword] (INTENT: HELP) (DAMTYE: BRUTE) (NEWHP: 400)  (Hallway Aft (183, 234, 3))
[19:22:30]ATTACK: Alot/(Threatek) attacked Chaburek/(Elder Queen) with Crucible sword (INTENT: HELP) (DAMTYE: BRUTE)
[19:22:30]ATTACK: Chaburek/(Elder Queen) has shot Alot/(Threatek) with [acid spatter] (NEWHP: 100)  (Hallway Aft (182, 235, 3))
[19:22:30]ATTACK: Elder Queen (chaburek) shot Unknown (alot) with an acid spatter in Hallway Aft (<A HREF='?_src_=holder;adminplayerobservecoodjump=1;X=182;Y=235;Z=3'>JMP</a>)
[19:22:33]ATTACK: Alot/(Threatek) has attacked Chaburek/(Elder Queen) with [Crucible sword] (INTENT: HELP) (DAMTYE: BRUTE) (NEWHP: 376.765)  (Hallway Aft (183, 234, 3))
[19:22:33]ATTACK: Alot/(Threatek) attacked Chaburek/(Elder Queen) with Crucible sword (INTENT: HELP) (DAMTYE: BRUTE)
[19:22:45]ATTACK: Alot/(Threatek) has attacked Chaburek/(Elder Queen) with [Crucible sword] (INTENT: HELP) (DAMTYE: BRUTE) (NEWHP: 380.59)  (Hallway Aft (183, 233, 3))
[19:22:45]ATTACK: Alot/(Threatek) attacked Chaburek/(Elder Queen) with Crucible sword (INTENT: HELP) (DAMTYE: BRUTE)
[19:22:46]ATTACK: Chaburek/(Elder Queen) has slashed Alot/(Threatek) (NEWHP: 100)  (Hallway Aft (182, 236, 3))
[19:22:49]ATTACK: Chaburek/(Elder Queen) has shot Alot/(Threatek) with [neurotoxic spatter] (NEWHP: 89.58)  (Hallway Aft (182, 236, 3))
[19:22:49]ATTACK: Elder Queen (chaburek) shot Unknown (alot) with a neurotoxic spatter in Hallway Aft (<A HREF='?_src_=holder;adminplayerobservecoodjump=1;X=182;Y=236;Z=3'>JMP</a>)
[19:22:51]ATTACK: Alot/(Threatek) has attacked Chaburek/(Elder Queen) with [Crucible sword] (INTENT: HELP) (DAMTYE: BRUTE) (NEWHP: 357.355)  (Hallway Aft (183, 235, 3))
[19:22:51]ATTACK: Alot/(Threatek) attacked Chaburek/(Elder Queen) with Crucible sword (INTENT: HELP) (DAMTYE: BRUTE)
[19:22:53]ATTACK: Alot/(Threatek) has attacked Chaburek/(Elder Queen) with [Crucible sword] (INTENT: HELP) (DAMTYE: BRUTE) (NEWHP: 334.12)  (Hallway Aft (183, 235, 3))
[19:22:53]ATTACK: Alot/(Threatek) attacked Chaburek/(Elder Queen) with Crucible sword (INTENT: HELP) (DAMTYE: BRUTE)
[19:22:54]ATTACK: Chaburek/(Elder Queen) has shot Alot/(Threatek) with [neurotoxic spatter] (NEWHP: 90.58)  (Hallway Aft (182, 236, 3))
[19:22:54]ATTACK: Elder Queen (chaburek) shot Unknown (alot) with a neurotoxic spatter in Hallway Aft (<A HREF='?_src_=holder;adminplayerobservecoodjump=1;X=182;Y=236;Z=3'>JMP</a>)
[19:22:56]ATTACK: Alot/(Threatek) has attacked Chaburek/(Elder Queen) with [Crucible sword] (INTENT: HELP) (DAMTYE: BRUTE) (NEWHP: 310.885)  (Hallway Aft (183, 236, 3))
[19:22:56]ATTACK: Alot/(Threatek) attacked Chaburek/(Elder Queen) with Crucible sword (INTENT: HELP) (DAMTYE: BRUTE)
[19:22:56]ATTACK: Chaburek/(Elder Queen) has slashed Alot/(Threatek) (NEWHP: 91.18)  (Hallway Aft (182, 236, 3))
[19:22:57]ATTACK: Alot/(Threatek) has attacked Chaburek/(Elder Queen) with [Crucible sword] (INTENT: HELP) (DAMTYE: BRUTE) (NEWHP: 280.885)  (Hallway Aft (183, 235, 3))
[19:22:57]ATTACK: Alot/(Threatek) attacked Chaburek/(Elder Queen) with Crucible sword (INTENT: HELP) (DAMTYE: BRUTE)
[19:22:59]ATTACK: Alot/(Threatek) has attacked Chaburek/(Elder Queen) with [Crucible sword] (INTENT: HELP) (DAMTYE: BRUTE) (NEWHP: 250.885)  (Hallway Aft (183, 237, 3))
[19:22:59]ATTACK: Alot/(Threatek) attacked Chaburek/(Elder Queen) with Crucible sword (INTENT: HELP) (DAMTYE: BRUTE)
[19:23:03]ATTACK: Unknown (alot) primed a smart-disc (<A HREF='?_src_=holder;adminplayerobservecoodjump=1;X=182;Y=239;Z=3'>JMP</a>)
[19:23:07]ATTACK: Chaburek/(Elder Queen) has slashed Alot/(Threatek) (NEWHP: 93.38)  (Hallway Aft (182, 240, 3))
[19:23:08]ATTACK: Chaburek/(Elder Queen) has slashed Alot/(Threatek) (NEWHP: 93.38)  (Hallway Aft (182, 240, 3))
[19:23:12]ATTACK: Chaburek/(Elder Queen) has slashed *no key*/(smart-disc) (NEWHP: 60)  (Hallway Aft (182, 244, 3))
[19:23:13]ATTACK: Alot/(Threatek) has injected Alot/(Threatek) with [unusual crysal] Reagents: thwei (NEWHP: 87.12)  (Hallway Aft (182, 239, 3))
[19:23:13]ATTACK: Unknown (alot) injected Unknown (Alot) with unusual crysal. Reagents: thwei (INTENT: HELP) (<A HREF='?_src_=holder;adminplayerobservecoodjump=1;X=182;Y=239;Z=3'>JMP</a>)
[19:23:13]ATTACK: *no key*/(smart-disc) has attacked Chaburek/(Elder Queen) (NEWHP: 250.24)  (Hallway Aft (182, 243, 3))
[19:23:13]ATTACK: *no key*/(smart-disc) has attacked Chaburek/(Elder Queen) (NEWHP: 220.24)  (Hallway Aft (182, 243, 3))
[19:23:14]ATTACK: Chaburek/(Elder Queen) has slashed *no key*/(smart-disc) (NEWHP: 20)  (Hallway Aft (182, 244, 3))
[19:23:15]ATTACK: Chaburek/(Elder Queen) has slashed *no key*/(smart-disc) (NEWHP: 0)  (Hallway Aft (182, 244, 3))
[19:23:19]ATTACK: Chaburek/(Elder Queen) has slashed Alot/(Threatek) (NEWHP: 91.12)  (Hallway Aft (182, 239, 3))
[19:23:20]ATTACK: Alot/(Threatek) has attacked Chaburek/(Elder Queen) with [Crucible sword] (INTENT: HELP) (DAMTYE: BRUTE) (NEWHP: 240.535)  (Hallway Aft (181, 238, 3))
[19:23:20]ATTACK: Alot/(Threatek) attacked Chaburek/(Elder Queen) with Crucible sword (INTENT: HELP) (DAMTYE: BRUTE)
[19:23:21]ATTACK: Chaburek/(Elder Queen) has slashed Alot/(Threatek) (NEWHP: 91.12)  (Hallway Aft (182, 238, 3))
[19:23:21]ATTACK: Alot/(Threatek) has attacked Chaburek/(Elder Queen) with [Crucible sword] (INTENT: HELP) (DAMTYE: BRUTE) (NEWHP: 210.535)  (Hallway Aft (181, 238, 3))
[19:23:21]ATTACK: Alot/(Threatek) attacked Chaburek/(Elder Queen) with Crucible sword (INTENT: HELP) (DAMTYE: BRUTE)
[19:23:23]ATTACK: Chaburek/(Elder Queen) has slashed Alot/(Threatek) (NEWHP: 75.45)  (Hallway Aft (182, 239, 3))
[19:23:36]ATTACK: Chaburek/(Elder Queen) has slashed Alot/(Threatek) (NEWHP: 77.45)  (Hallway Aft (182, 239, 3))
[19:23:39]ATTACK: Alot/(Threatek) has shot Chaburek/(Elder Queen) with [plasma bolt] (NEWHP: 241.42)  (Hallway Aft (183, 237, 3))
[19:23:39]ATTACK: Unknown (alot) shot Elder Queen (chaburek) with a plasma bolt in Hallway Aft (<A HREF='?_src_=holder;adminplayerobservecoodjump=1;X=183;Y=237;Z=3'>JMP</a>)
[19:23:39]ATTACK: Chaburek/(Elder Queen) has slashed Alot/(Threatek) (NEWHP: 70.5)  (Hallway Aft (182, 238, 3))
[19:23:40]ATTACK: cmru/(Crush Ahmed) has shot Chaburek/(Elder Queen) with [light explosive submachinegun bullet] (NEWHP: 248.185)  (USS Almayer Evac 3 (182, 233, 3))
[19:23:40]ATTACK: Crush Ahmed (cmru) shot Elder Queen (chaburek) with a light explosive submachinegun bullet in USS Almayer Evac 3 (<A HREF='?_src_=holder;adminplayerobservecoodjump=1;X=182;Y=233;Z=3'>JMP</a>)
[19:23:41]ATTACK: artyuom/(Johnny Vietnam) has shot Alot/(Threatek) with [smartgun bullet] (NEWHP: -6.17)  (USS Almayer Evac 3 (183, 231, 3))
[19:23:41]ATTACK: Johnny Vietnam (artyuom) shot Unknown (alot) with a smartgun bullet in USS Almayer Evac 3 (<A HREF='?_src_=holder;adminplayerobservecoodjump=1;X=183;Y=231;Z=3'>JMP</a>)
[19:23:41]ATTACK: artyuom/(Johnny Vietnam) has shot Alot/(Threatek) with [smartgun bullet] (NEWHP: -6.83)  (USS Almayer Evac 3 (183, 231, 3))
[19:23:41]ATTACK: Johnny Vietnam (artyuom) shot Unknown (alot) with a smartgun bullet in USS Almayer Evac 3 (<A HREF='?_src_=holder;adminplayerobservecoodjump=1;X=183;Y=231;Z=3'>JMP</a>)
[19:23:42]ATTACK: artyuom/(Johnny Vietnam) has shot Alot/(Threatek) with [smartgun bullet] (NEWHP: -7.16)  (USS Almayer Evac 3 (183, 231, 3))
[19:23:42]ATTACK: Johnny Vietnam (artyuom) shot Unknown (alot) with a smartgun bullet in USS Almayer Evac 3 (<A HREF='?_src_=holder;adminplayerobservecoodjump=1;X=183;Y=231;Z=3'>JMP</a>)
[19:23:42]ATTACK: cmru/(Crush Ahmed) has shot Alot/(Threatek) with [light explosive submachinegun bullet] (NEWHP: -7.16)  (USS Almayer Evac 3 (183, 234, 3))
[19:23:42]ATTACK: Crush Ahmed (cmru) shot Unknown (alot) with a light explosive submachinegun bullet in USS Almayer Evac 3 (<A HREF='?_src_=holder;adminplayerobservecoodjump=1;X=183;Y=234;Z=3'>JMP</a>)
[19:23:43]ATTACK: artyuom/(Johnny Vietnam) has shot Chaburek/(Elder Queen) with [smartgun bullet] (NEWHP: 185.815)  (USS Almayer Evac 3 (181, 232, 3))
[19:23:43]ATTACK: Johnny Vietnam (artyuom) shot Elder Queen (chaburek) with a smartgun bullet in USS Almayer Evac 3 (<A HREF='?_src_=holder;adminplayerobservecoodjump=1;X=181;Y=232;Z=3'>JMP</a>)
[19:23:43]ATTACK: artyuom/(Johnny Vietnam) has shot Chaburek/(Elder Queen) with [smartgun bullet] (NEWHP: 165.815)  (USS Almayer Evac 3 (181, 232, 3))
[19:23:43]ATTACK: Johnny Vietnam (artyuom) shot Elder Queen (chaburek) with a smartgun bullet in USS Almayer Evac 3 (<A HREF='?_src_=holder;adminplayerobservecoodjump=1;X=181;Y=232;Z=3'>JMP</a>)
[19:23:43]ATTACK: artyuom/(Johnny Vietnam) has shot Chaburek/(Elder Queen) with [smartgun bullet] (NEWHP: 154.815)  (USS Almayer Evac 3 (181, 232, 3))
[19:23:43]ATTACK: Johnny Vietnam (artyuom) shot Elder Queen (chaburek) with a smartgun bullet in USS Almayer Evac 3 (<A HREF='?_src_=holder;adminplayerobservecoodjump=1;X=181;Y=232;Z=3'>JMP</a>)
[19:23:44]ATTACK: artyuom/(Johnny Vietnam) has shot Chaburek/(Elder Queen) with [smartgun bullet] (NEWHP: 152.445)  (USS Almayer Evac 3 (181, 234, 3))
[19:23:44]ATTACK: Johnny Vietnam (artyuom) shot Elder Queen (chaburek) with a smartgun bullet in USS Almayer Evac 3 (<A HREF='?_src_=holder;adminplayerobservecoodjump=1;X=181;Y=234;Z=3'>JMP</a>)
[19:23:44]ATTACK: artyuom/(Johnny Vietnam) has shot Chaburek/(Elder Queen) with [smartgun bullet] (NEWHP: 122.445)  (USS Almayer Evac 3 (181, 234, 3))
[19:23:44]ATTACK: Johnny Vietnam (artyuom) shot Elder Queen (chaburek) with a smartgun bullet in USS Almayer Evac 3 (<A HREF='?_src_=holder;adminplayerobservecoodjump=1;X=181;Y=234;Z=3'>JMP</a>)
[19:23:45]ATTACK: artyuom/(Johnny Vietnam) has shot Alot/(Threatek) with [smartgun bullet] (NEWHP: -79.81)  (USS Almayer Evac 3 (181, 234, 3))
[19:23:45]ATTACK: Johnny Vietnam (artyuom) shot Unknown (alot) with a smartgun bullet in USS Almayer Evac 3 (<A HREF='?_src_=holder;adminplayerobservecoodjump=1;X=181;Y=234;Z=3'>JMP</a>)
[19:23:45]ATTACK: artyuom/(Johnny Vietnam) has shot Alot/(Threatek) with [smartgun bullet] (NEWHP: -79.81)  (USS Almayer Evac 3 (181, 234, 3))
[19:23:45]ATTACK: Johnny Vietnam (artyuom) shot Unknown (alot) with a smartgun bullet in USS Almayer Evac 3 (<A HREF='?_src_=holder;adminplayerobservecoodjump=1;X=181;Y=234;Z=3'>JMP</a>)
[19:23:46]ATTACK: artyuom/(Johnny Vietnam) has shot Alot/(Threatek) with [smartgun bullet] (NEWHP: -80.47)  (USS Almayer Evac 3 (181, 235, 3))
[19:23:46]ATTACK: Johnny Vietnam (artyuom) shot Unknown (alot) with a smartgun bullet in USS Almayer Evac 3 (<A HREF='?_src_=holder;adminplayerobservecoodjump=1;X=181;Y=235;Z=3'>JMP</a>)
[19:23:46]ATTACK: artyuom/(Johnny Vietnam) has shot Alot/(Threatek) with [smartgun bullet] (NEWHP: -80.47)  (USS Almayer Evac 3 (181, 235, 3))
[19:23:46]ATTACK: Johnny Vietnam (artyuom) shot Unknown (alot) with a smartgun bullet in USS Almayer Evac 3 (<A HREF='?_src_=holder;adminplayerobservecoodjump=1;X=181;Y=235;Z=3'>JMP</a>)
[19:23:46]ATTACK: artyuom/(Johnny Vietnam) has shot Alot/(Threatek) with [smartgun bullet] (NEWHP: -80.8)  (USS Almayer Evac 3 (181, 235, 3))
[19:23:46]ATTACK: Johnny Vietnam (artyuom) shot Unknown (alot) with a smartgun bullet in USS Almayer Evac 3 (<A HREF='?_src_=holder;adminplayerobservecoodjump=1;X=181;Y=235;Z=3'>JMP</a>)
[19:23:47]ATTACK: artyuom/(Johnny Vietnam) has shot Alot/(Threatek) with [smartgun bullet] (NEWHP: -81.62)  (USS Almayer Evac 3 (181, 236, 3))
[19:23:47]ATTACK: Johnny Vietnam (artyuom) shot Unknown (alot) with a smartgun bullet in USS Almayer Evac 3 (<A HREF='?_src_=holder;adminplayerobservecoodjump=1;X=181;Y=236;Z=3'>JMP</a>)
[19:23:48]ATTACK: artyuom/(Johnny Vietnam) has shot Alot/(Threatek) with [smartgun bullet] (NEWHP: -91.52)  (USS Almayer Evac 3 (181, 236, 3))
[19:23:48]ATTACK: Johnny Vietnam (artyuom) shot Unknown (alot) with a smartgun bullet in USS Almayer Evac 3 (<A HREF='?_src_=holder;adminplayerobservecoodjump=1;X=181;Y=236;Z=3'>JMP</a>)
[19:23:48]ATTACK: artyuom/(Johnny Vietnam) has shot Alot/(Threatek) with [smartgun bullet] (NEWHP: -91.52)  (USS Almayer Evac 3 (181, 236, 3))
[19:23:48]ATTACK: Johnny Vietnam (artyuom) shot Unknown (alot) with a smartgun bullet in USS Almayer Evac 3 (<A HREF='?_src_=holder;adminplayerobservecoodjump=1;X=181;Y=236;Z=3'>JMP</a>)
[19:23:48]ATTACK: artyuom/(Johnny Vietnam) has shot Alot/(Threatek) with [smartgun bullet] (NEWHP: -91.52)  (USS Almayer Evac 3 (181, 236, 3))
[19:23:48]ATTACK: Johnny Vietnam (artyuom) shot Unknown (alot) with a smartgun bullet in USS Almayer Evac 3 (<A HREF='?_src_=holder;adminplayerobservecoodjump=1;X=181;Y=236;Z=3'>JMP</a>)
[19:23:49]ATTACK: artyuom/(Johnny Vietnam) has shot Alot/(Threatek) with [smartgun bullet] (NEWHP: -91.68)  (USS Almayer Evac 3 (181, 236, 3))
[19:23:49]ATTACK: Johnny Vietnam (artyuom) shot Unknown (alot) with a smartgun bullet in USS Almayer Evac 3 (<A HREF='?_src_=holder;adminplayerobservecoodjump=1;X=181;Y=236;Z=3'>JMP</a>)
[19:23:49]ATTACK: artyuom/(Johnny Vietnam) has shot Alot/(Threatek) with [smartgun bullet] (NEWHP: -92.01)  (USS Almayer Evac 3 (181, 236, 3))
[19:23:49]ATTACK: Johnny Vietnam (artyuom) shot Unknown (alot) with a smartgun bullet in USS Almayer Evac 3 (<A HREF='?_src_=holder;adminplayerobservecoodjump=1;X=181;Y=236;Z=3'>JMP</a>)
[19:23:49]ATTACK: artyuom/(Johnny Vietnam) has shot Alot/(Threatek) with [smartgun bullet] (NEWHP: -92.34)  (USS Almayer Evac 3 (181, 236, 3))
[19:23:49]ATTACK: Johnny Vietnam (artyuom) shot Unknown (alot) with a smartgun bullet in USS Almayer Evac 3 (<A HREF='?_src_=holder;adminplayerobservecoodjump=1;X=181;Y=236;Z=3'>JMP</a>)
[19:23:50]ATTACK: artyuom/(Johnny Vietnam) has shot Alot/(Threatek) with [smartgun bullet] (NEWHP: -152.07)  (USS Almayer Evac 3 (181, 236, 3))
[19:23:50]ATTACK: Johnny Vietnam (artyuom) shot Unknown (alot) with a smartgun bullet in USS Almayer Evac 3 (<A HREF='?_src_=holder;adminplayerobservecoodjump=1;X=181;Y=236;Z=3'>JMP</a>)
[19:23:50]ATTACK: artyuom/(Johnny Vietnam) has shot Alot/(Threatek) with [smartgun bullet] (NEWHP: -236.22)  (USS Almayer Evac 3 (181, 236, 3))
[19:23:50]ATTACK: Johnny Vietnam (artyuom) shot Unknown (alot) with a smartgun bullet in USS Almayer Evac 3 (<A HREF='?_src_=holder;adminplayerobservecoodjump=1;X=181;Y=236;Z=3'>JMP</a>)
[19:23:51]ATTACK: artyuom/(Johnny Vietnam) has shot Alot/(Threatek) with [smartgun bullet] (NEWHP: -236.55)  (USS Almayer Evac 3 (181, 236, 3))
[19:23:51]ATTACK: Johnny Vietnam (artyuom) shot Unknown (alot) with a smartgun bullet in USS Almayer Evac 3 (<A HREF='?_src_=holder;adminplayerobservecoodjump=1;X=181;Y=236;Z=3'>JMP</a>)
[19:23:56]ATTACK: artyuom/(Johnny Vietnam) has shot Alot/(Threatek) with [smartgun bullet] (NEWHP: -397.935)  (USS Almayer Evac 3 (181, 238, 3))
[19:23:56]ATTACK: Johnny Vietnam (artyuom) shot Unknown (alot) with a smartgun bullet in USS Almayer Evac 3 (<A HREF='?_src_=holder;adminplayerobservecoodjump=1;X=181;Y=238;Z=3'>JMP</a>)
[19:23:56]ATTACK: artyuom/(Johnny Vietnam) has shot Alot/(Threatek) with [smartgun bullet] (NEWHP: -397.935)  (USS Almayer Evac 3 (181, 238, 3))
[19:23:56]ATTACK: Johnny Vietnam (artyuom) shot Unknown (alot) with a smartgun bullet in USS Almayer Evac 3 (<A HREF='?_src_=holder;adminplayerobservecoodjump=1;X=181;Y=238;Z=3'>JMP</a>)
[19:23:56]ATTACK: artyuom/(Johnny Vietnam) has shot Alot/(Threatek) with [smartgun bullet] (NEWHP: -397.935)  (USS Almayer Evac 3 (181, 238, 3))
[19:23:56]ATTACK: Johnny Vietnam (artyuom) shot Unknown (alot) with a smartgun bullet in USS Almayer Evac 3 (<A HREF='?_src_=holder;adminplayerobservecoodjump=1;X=181;Y=238;Z=3'>JMP</a>)
[19:23:57]ATTACK: artyuom/(Johnny Vietnam) has shot Alot/(Threatek) with [smartgun bullet] (NEWHP: -397.935)  (USS Almayer Evac 3 (181, 238, 3))
[19:23:57]ATTACK: Johnny Vietnam (artyuom) shot Unknown (alot) with a smartgun bullet in USS Almayer Evac 3 (<A HREF='?_src_=holder;adminplayerobservecoodjump=1;X=181;Y=238;Z=3'>JMP</a>)
[19:24:06]ATTACK: artyuom/(Johnny Vietnam) has grabbed Alot/(Threatek) (NEWHP: -397.935)  (USS Almayer Evac 3 (182, 239, 3))
[19:24:06]ATTACK: artyuom/(Johnny Vietnam) схватил Alot/(Threatek)
[19:24:35]ATTACK: Chaburek/(Elder Queen) has spat on [table] with corrosive acid (Atmospherics Port (193, 239, 3))
[19:24:35]ATTACK: Elder Queen (chaburek) spat acid on the table.
[19:24:57]ATTACK: Chaburek/(Elder Queen) has spat on [flare] with corrosive acid (USS Almayer Evac 3 (183, 232, 3))
[19:24:57]ATTACK: Elder Queen (chaburek) spat acid on the flare.
[19:24:57]ATTACK: Chaburek/(Elder Queen) has spat on [flare] with corrosive acid (Hallway Aft (183, 232, 3))
[19:24:57]ATTACK: Elder Queen (chaburek) spat acid on the flare.
[19:25:01]ATTACK: [M56D mounted smartgun] has shot Chaburek/(Elder Queen) with [machinegun bullet] (NEWHP: 353.9)  (USS Almayer Evac 3 (188, 230, 3))
[19:25:01]ATTACK: M56D mounted smartgun shot Elder Queen (chaburek) with a the machinegun bullet (<A HREF='?_src_=holder;adminplayerobservecoodjump=1;X=188;Y=230;Z=3'>JMP</a>)
[19:25:03]ATTACK: [M56D mounted smartgun] has shot Chaburek/(Elder Queen) with [machinegun bullet] (NEWHP: 316.165)  (USS Almayer Evac 3 (188, 230, 3))
[19:25:03]ATTACK: M56D mounted smartgun shot Elder Queen (chaburek) with a the machinegun bullet (<A HREF='?_src_=holder;adminplayerobservecoodjump=1;X=188;Y=230;Z=3'>JMP</a>)
[19:27:05]ATTACK: [M56D mounted smartgun] has shot artyuom/(Johnny Vietnam) with [machinegun bullet] (NEWHP: 100)  (USS Almayer Evac 3 (188, 230, 3))
[19:27:05]ATTACK: M56D mounted smartgun shot Johnny Vietnam (artyuom) with a the machinegun bullet (<A HREF='?_src_=holder;adminplayerobservecoodjump=1;X=188;Y=230;Z=3'>JMP</a>)
[19:27:07]ATTACK: [M56D mounted smartgun] has shot artyuom/(Johnny Vietnam) with [machinegun bullet] (NEWHP: 48.5)  (USS Almayer Evac 3 (188, 230, 3))
[19:27:07]ATTACK: M56D mounted smartgun shot Johnny Vietnam (artyuom) with a the machinegun bullet (<A HREF='?_src_=holder;adminplayerobservecoodjump=1;X=188;Y=230;Z=3'>JMP</a>)
[19:27:07]ATTACK: [M56D mounted smartgun] has shot artyuom/(Johnny Vietnam) with [machinegun bullet] (NEWHP: 5.5)  (USS Almayer Evac 3 (188, 230, 3))
[19:27:07]ATTACK: M56D mounted smartgun shot Johnny Vietnam (artyuom) with a the machinegun bullet (<A HREF='?_src_=holder;adminplayerobservecoodjump=1;X=188;Y=230;Z=3'>JMP</a>)
[19:27:08]ATTACK: [M56D mounted smartgun] has shot artyuom/(Johnny Vietnam) with [machinegun bullet] (NEWHP: -18)  (USS Almayer Evac 3 (188, 230, 3))
[19:27:08]ATTACK: M56D mounted smartgun shot Johnny Vietnam (artyuom) with a the machinegun bullet (<A HREF='?_src_=holder;adminplayerobservecoodjump=1;X=188;Y=230;Z=3'>JMP</a>)
[19:28:36]ATTACK: Chaburek/(Elder Queen) has spat on [razorwire obstacle] with corrosive acid (Hallway Aft (184, 230, 3))
[19:28:36]ATTACK: Elder Queen (chaburek) spat acid on the razorwire obstacle.
[19:28:40]ATTACK: [M56D mounted smartgun] has shot Chaburek/(Elder Queen) with [machinegun bullet] (NEWHP: 400)  (USS Almayer Evac 3 (188, 230, 3))
[19:28:40]ATTACK: M56D mounted smartgun shot Elder Queen (chaburek) with a the machinegun bullet (<A HREF='?_src_=holder;adminplayerobservecoodjump=1;X=188;Y=230;Z=3'>JMP</a>)
[19:28:41]ATTACK: [M56D mounted smartgun] has shot Chaburek/(Elder Queen) with [machinegun bullet] (NEWHP: 378)  (USS Almayer Evac 3 (188, 230, 3))
[19:28:41]ATTACK: M56D mounted smartgun shot Elder Queen (chaburek) with a the machinegun bullet (<A HREF='?_src_=holder;adminplayerobservecoodjump=1;X=188;Y=230;Z=3'>JMP</a>)
[19:28:41]ATTACK: Chaburek/(Elder Queen) has spat on [razorwire obstacle] with corrosive acid (Hallway Aft (184, 230, 3))
[19:28:41]ATTACK: Elder Queen (chaburek) spat acid on the razorwire obstacle.
[19:28:41]ATTACK: [M56D mounted smartgun] has shot Chaburek/(Elder Queen) with [machinegun bullet] (NEWHP: 332)  (USS Almayer Evac 3 (188, 230, 3))
[19:28:41]ATTACK: M56D mounted smartgun shot Elder Queen (chaburek) with a the machinegun bullet (<A HREF='?_src_=holder;adminplayerobservecoodjump=1;X=188;Y=230;Z=3'>JMP</a>)
[19:28:42]ATTACK: [M56D mounted smartgun] has shot Chaburek/(Elder Queen) with [machinegun bullet] (NEWHP: 281)  (USS Almayer Evac 3 (188, 230, 3))
[19:28:42]ATTACK: M56D mounted smartgun shot Elder Queen (chaburek) with a the machinegun bullet (<A HREF='?_src_=holder;adminplayerobservecoodjump=1;X=188;Y=230;Z=3'>JMP</a>)
[19:28:56]ATTACK: artyuom/(Johnny Vietnam) has shot Chaburek/(Elder Queen) with [smartgun bullet] (NEWHP: 260.56)  (USS Almayer Evac 3 (188, 231, 3))
[19:28:56]ATTACK: Johnny Vietnam (artyuom) shot Elder Queen (chaburek) with a smartgun bullet in USS Almayer Evac 3 (<A HREF='?_src_=holder;adminplayerobservecoodjump=1;X=188;Y=231;Z=3'>JMP</a>)
[19:28:56]ATTACK: artyuom/(Johnny Vietnam) has shot Chaburek/(Elder Queen) with [smartgun bullet] (NEWHP: 240.56)  (USS Almayer Evac 3 (188, 231, 3))
[19:28:56]ATTACK: Johnny Vietnam (artyuom) shot Elder Queen (chaburek) with a smartgun bullet in USS Almayer Evac 3 (<A HREF='?_src_=holder;adminplayerobservecoodjump=1;X=188;Y=231;Z=3'>JMP</a>)
[19:28:56]ATTACK: artyuom/(Johnny Vietnam) has shot Chaburek/(Elder Queen) with [smartgun bullet] (NEWHP: 222.56)  (USS Almayer Evac 3 (188, 231, 3))
[19:28:56]ATTACK: Johnny Vietnam (artyuom) shot Elder Queen (chaburek) with a smartgun bullet in USS Almayer Evac 3 (<A HREF='?_src_=holder;adminplayerobservecoodjump=1;X=188;Y=231;Z=3'>JMP</a>)
[19:28:56]ATTACK: [M56D mounted smartgun] has shot Chaburek/(Elder Queen) with [machinegun bullet] (NEWHP: 202.56)  (USS Almayer Evac 3 (188, 230, 3))
[19:28:56]ATTACK: M56D mounted smartgun shot Elder Queen (chaburek) with a the machinegun bullet (<A HREF='?_src_=holder;adminplayerobservecoodjump=1;X=188;Y=230;Z=3'>JMP</a>)
[19:29:07]ATTACK: artyuom/(Johnny Vietnam) has shot *no key*/(Threatek) with [smartgun bullet] (NEWHP: -397.935)  (USS Almayer Evac 3 (189, 231, 3))
[19:29:07]ATTACK: Johnny Vietnam (artyuom) shot Unknown () with a smartgun bullet in USS Almayer Evac 3 (<A HREF='?_src_=holder;adminplayerobservecoodjump=1;X=189;Y=231;Z=3'>JMP</a>)
[19:29:08]ATTACK: artyuom/(Johnny Vietnam) has shot *no key*/(Threatek) with [smartgun bullet] (NEWHP: -397.935)  (USS Almayer Evac 3 (189, 231, 3))
[19:29:08]ATTACK: Johnny Vietnam (artyuom) shot Unknown () with a smartgun bullet in USS Almayer Evac 3 (<A HREF='?_src_=holder;adminplayerobservecoodjump=1;X=189;Y=231;Z=3'>JMP</a>)
[19:29:08]ATTACK: artyuom/(Johnny Vietnam) has shot *no key*/(Threatek) with [smartgun bullet] (NEWHP: -398.265)  (USS Almayer Evac 3 (189, 231, 3))
[19:29:08]ATTACK: Johnny Vietnam (artyuom) shot Unknown () with a smartgun bullet in USS Almayer Evac 3 (<A HREF='?_src_=holder;adminplayerobservecoodjump=1;X=189;Y=231;Z=3'>JMP</a>)
[19:29:08]ATTACK: artyuom/(Johnny Vietnam) has shot *no key*/(Threatek) with [smartgun bullet] (NEWHP: -398.265)  (USS Almayer Evac 3 (189, 231, 3))
[19:29:08]ATTACK: Johnny Vietnam (artyuom) shot Unknown () with a smartgun bullet in USS Almayer Evac 3 (<A HREF='?_src_=holder;adminplayerobservecoodjump=1;X=189;Y=231;Z=3'>JMP</a>)
[19:31:06]ATTACK: Chaburek/(Elder Queen) has spat on [portable air pump] with corrosive acid (Atmospherics Port (194, 238, 3))
[19:31:06]ATTACK: Elder Queen (chaburek) spat acid on the portable air pump.
[19:31:29]ATTACK: Chaburek/(Elder Queen) has spat on [flare] with corrosive acid (Hallway Aft (182, 232, 3))
[19:31:29]ATTACK: Elder Queen (chaburek) spat acid on the flare.
[19:31:29]ATTACK: Chaburek/(Elder Queen) has spat on [flare] with corrosive acid (Hallway Aft (182, 232, 3))
[19:31:29]ATTACK: Elder Queen (chaburek) spat acid on the flare.
[19:31:35]ATTACK: artyuom/(Johnny Vietnam) has shot Chaburek/(Elder Queen) with [smartgun bullet] (NEWHP: 400)  (USS Almayer Evac 3 (190, 231, 3))
[19:31:35]ATTACK: Johnny Vietnam (artyuom) shot Elder Queen (chaburek) with a smartgun bullet in USS Almayer Evac 3 (<A HREF='?_src_=holder;adminplayerobservecoodjump=1;X=190;Y=231;Z=3'>JMP</a>)
[19:31:35]ATTACK: [M56D mounted smartgun] has shot Chaburek/(Elder Queen) with [machinegun bullet] (NEWHP: 393)  (USS Almayer Evac 3 (188, 230, 3))
[19:31:35]ATTACK: M56D mounted smartgun shot Elder Queen (chaburek) with a the machinegun bullet (<A HREF='?_src_=holder;adminplayerobservecoodjump=1;X=188;Y=230;Z=3'>JMP</a>)
[19:31:35]ATTACK: [M56D mounted smartgun] has shot Chaburek/(Elder Queen) with [machinegun bullet] (NEWHP: 344)  (USS Almayer Evac 3 (188, 230, 3))
[19:31:35]ATTACK: M56D mounted smartgun shot Elder Queen (chaburek) with a the machinegun bullet (<A HREF='?_src_=holder;adminplayerobservecoodjump=1;X=188;Y=230;Z=3'>JMP</a>)
[19:31:36]ATTACK: [M56D mounted smartgun] has shot Chaburek/(Elder Queen) with [machinegun bullet] (NEWHP: 300)  (USS Almayer Evac 3 (188, 230, 3))
[19:31:36]ATTACK: M56D mounted smartgun shot Elder Queen (chaburek) with a the machinegun bullet (<A HREF='?_src_=holder;adminplayerobservecoodjump=1;X=188;Y=230;Z=3'>JMP</a>)
[19:31:36]ATTACK: Chaburek/(Elder Queen) has spat on [combat flashlight] with corrosive acid (USS Almayer Evac 3 (185, 231, 3))
[19:31:36]ATTACK: Elder Queen (chaburek) spat acid on the combat flashlight.
[19:31:36]ATTACK: artyuom/(Johnny Vietnam) has shot Chaburek/(Elder Queen) with [smartgun bullet] (NEWHP: 253)  (USS Almayer Evac 3 (190, 231, 3))
[19:31:36]ATTACK: Johnny Vietnam (artyuom) shot Elder Queen (chaburek) with a smartgun bullet in USS Almayer Evac 3 (<A HREF='?_src_=holder;adminplayerobservecoodjump=1;X=190;Y=231;Z=3'>JMP</a>)
[19:31:36]ATTACK: artyuom/(Johnny Vietnam) has shot Chaburek/(Elder Queen) with [smartgun bullet] (NEWHP: 225)  (USS Almayer Evac 3 (190, 231, 3))
[19:31:36]ATTACK: Johnny Vietnam (artyuom) shot Elder Queen (chaburek) with a smartgun bullet in USS Almayer Evac 3 (<A HREF='?_src_=holder;adminplayerobservecoodjump=1;X=190;Y=231;Z=3'>JMP</a>)
[19:31:36]ATTACK: artyuom/(Johnny Vietnam) has shot Chaburek/(Elder Queen) with [smartgun bullet] (NEWHP: 218)  (USS Almayer Evac 3 (190, 231, 3))
[19:31:36]ATTACK: Johnny Vietnam (artyuom) shot Elder Queen (chaburek) with a smartgun bullet in USS Almayer Evac 3 (<A HREF='?_src_=holder;adminplayerobservecoodjump=1;X=190;Y=231;Z=3'>JMP</a>)
[19:31:36]ATTACK: Chaburek/(Elder Queen) has spat on [combat flashlight] with corrosive acid (USS Almayer Evac 3 (185, 231, 3))
[19:31:36]ATTACK: Elder Queen (chaburek) spat acid on the combat flashlight.
[19:31:36]ATTACK: [M56D mounted smartgun] has shot Chaburek/(Elder Queen) with [machinegun bullet] (NEWHP: 204)  (USS Almayer Evac 3 (188, 230, 3))
[19:31:36]ATTACK: M56D mounted smartgun shot Elder Queen (chaburek) with a the machinegun bullet (<A HREF='?_src_=holder;adminplayerobservecoodjump=1;X=188;Y=230;Z=3'>JMP</a>)
[19:31:37]ATTACK: [M56D mounted smartgun] has shot Chaburek/(Elder Queen) with [machinegun bullet] (NEWHP: 159)  (USS Almayer Evac 3 (188, 230, 3))
[19:31:37]ATTACK: M56D mounted smartgun shot Elder Queen (chaburek) with a the machinegun bullet (<A HREF='?_src_=holder;adminplayerobservecoodjump=1;X=188;Y=230;Z=3'>JMP</a>)
[19:31:37]ATTACK: [M56D mounted smartgun] has shot Chaburek/(Elder Queen) with [machinegun bullet] (NEWHP: 114)  (USS Almayer Evac 3 (188, 230, 3))
[19:31:37]ATTACK: M56D mounted smartgun shot Elder Queen (chaburek) with a the machinegun bullet (<A HREF='?_src_=holder;adminplayerobservecoodjump=1;X=188;Y=230;Z=3'>JMP</a>)
[19:31:37]ATTACK: artyuom/(Johnny Vietnam) has shot Chaburek/(Elder Queen) with [smartgun bullet] (NEWHP: 66.5)  (USS Almayer Evac 3 (189, 231, 3))
[19:31:37]ATTACK: Johnny Vietnam (artyuom) shot Elder Queen (chaburek) with a smartgun bullet in USS Almayer Evac 3 (<A HREF='?_src_=holder;adminplayerobservecoodjump=1;X=189;Y=231;Z=3'>JMP</a>)
[19:31:37]ATTACK: artyuom/(Johnny Vietnam) has shot Chaburek/(Elder Queen) with [smartgun bullet] (NEWHP: 51.5)  (USS Almayer Evac 3 (189, 231, 3))
[19:31:37]ATTACK: Johnny Vietnam (artyuom) shot Elder Queen (chaburek) with a smartgun bullet in USS Almayer Evac 3 (<A HREF='?_src_=holder;adminplayerobservecoodjump=1;X=189;Y=231;Z=3'>JMP</a>)
[19:32:35]ATTACK: Chaburek/(Elder Queen) has spat on [Portable Air Scrubber] with corrosive acid (Atmospherics Port (195, 238, 3))
[19:32:35]ATTACK: Elder Queen (chaburek) spat acid on Portable Air Scrubber.
[19:33:18]ATTACK: [M56D mounted smartgun] has shot Chaburek/(Elder Queen) with [machinegun bullet] (NEWHP: 400)  (USS Almayer Evac 3 (188, 230, 3))
[19:33:18]ATTACK: M56D mounted smartgun shot Elder Queen (chaburek) with a the machinegun bullet (<A HREF='?_src_=holder;adminplayerobservecoodjump=1;X=188;Y=230;Z=3'>JMP</a>)
[19:33:18]ATTACK: [M56D mounted smartgun] has shot Chaburek/(Elder Queen) with [machinegun bullet] (NEWHP: 351)  (USS Almayer Evac 3 (188, 230, 3))
[19:33:18]ATTACK: M56D mounted smartgun shot Elder Queen (chaburek) with a the machinegun bullet (<A HREF='?_src_=holder;adminplayerobservecoodjump=1;X=188;Y=230;Z=3'>JMP</a>)
[19:33:19]ATTACK: Chaburek/(Elder Queen) has spat on [razorwire obstacle] with corrosive acid (Hallway Aft (184, 231, 3))
[19:33:19]ATTACK: Elder Queen (chaburek) spat acid on the razorwire obstacle.
[19:33:19]ATTACK: Chaburek/(Elder Queen) has spat on [razorwire obstacle] with corrosive acid (Hallway Aft (184, 231, 3))
[19:33:19]ATTACK: Elder Queen (chaburek) spat acid on the razorwire obstacle.
[19:33:20]ATTACK: Chaburek/(Elder Queen) has spat on [razorwire obstacle] with corrosive acid (Hallway Aft (184, 231, 3))
[19:33:20]ATTACK: Elder Queen (chaburek) spat acid on the razorwire obstacle.
[19:33:20]ATTACK: Chaburek/(Elder Queen) has spat on [razorwire obstacle] with corrosive acid (Hallway Aft (184, 231, 3))
[19:33:20]ATTACK: Elder Queen (chaburek) spat acid on the razorwire obstacle.
[19:33:20]ATTACK: Chaburek/(Elder Queen) has spat on [razorwire obstacle] with corrosive acid (Hallway Aft (184, 231, 3))
[19:33:20]ATTACK: Elder Queen (chaburek) spat acid on the razorwire obstacle.
[19:34:58]ATTACK: [M56D mounted smartgun] has shot Chaburek/(Elder Queen) with [machinegun bullet] (NEWHP: 400)  (USS Almayer Evac 3 (188, 230, 3))
[19:34:58]ATTACK: M56D mounted smartgun shot Elder Queen (chaburek) with a the machinegun bullet (<A HREF='?_src_=holder;adminplayerobservecoodjump=1;X=188;Y=230;Z=3'>JMP</a>)
[19:34:58]ATTACK: [M56D mounted smartgun] has shot Chaburek/(Elder Queen) with [machinegun bullet] (NEWHP: 352.5)  (USS Almayer Evac 3 (188, 230, 3))
[19:34:58]ATTACK: M56D mounted smartgun shot Elder Queen (chaburek) with a the machinegun bullet (<A HREF='?_src_=holder;adminplayerobservecoodjump=1;X=188;Y=230;Z=3'>JMP</a>)
[19:34:58]ATTACK: [M56D mounted smartgun] has shot Chaburek/(Elder Queen) with [machinegun bullet] (NEWHP: 310.5)  (USS Almayer Evac 3 (188, 230, 3))
[19:34:58]ATTACK: M56D mounted smartgun shot Elder Queen (chaburek) with a the machinegun bullet (<A HREF='?_src_=holder;adminplayerobservecoodjump=1;X=188;Y=230;Z=3'>JMP</a>)
[19:34:59]ATTACK: [M56D mounted smartgun] has shot Chaburek/(Elder Queen) with [machinegun bullet] (NEWHP: 267.265)  (USS Almayer Evac 3 (188, 230, 3))
[19:34:59]ATTACK: M56D mounted smartgun shot Elder Queen (chaburek) with a the machinegun bullet (<A HREF='?_src_=holder;adminplayerobservecoodjump=1;X=188;Y=230;Z=3'>JMP</a>)
[19:34:59]ATTACK: [M56D mounted smartgun] has shot Chaburek/(Elder Queen) with [machinegun bullet] (NEWHP: 218.265)  (USS Almayer Evac 3 (188, 230, 3))
[19:34:59]ATTACK: M56D mounted smartgun shot Elder Queen (chaburek) with a the machinegun bullet (<A HREF='?_src_=holder;adminplayerobservecoodjump=1;X=188;Y=230;Z=3'>JMP</a>)
[19:34:59]ATTACK: [M56D mounted smartgun] has shot Chaburek/(Elder Queen) with [machinegun bullet] (NEWHP: 170.265)  (USS Almayer Evac 3 (188, 230, 3))
[19:34:59]ATTACK: M56D mounted smartgun shot Elder Queen (chaburek) with a the machinegun bullet (<A HREF='?_src_=holder;adminplayerobservecoodjump=1;X=188;Y=230;Z=3'>JMP</a>)
[19:37:04]ATTACK: artyuom/(Johnny Vietnam) has attacked *no key*/(Reno 'Slowflake' Flake) with [Crucible sword] (INTENT: HELP) (DAMTYE: BRUTE) (NEWHP: -100)  (USS Almayer Evac 3 (190, 231, 3))
[19:37:04]ATTACK: artyuom/(Johnny Vietnam) attacked *no key*/(Reno 'Slowflake' Flake) with Crucible sword (INTENT: HELP) (DAMTYE: BRUTE)
[19:37:06]ATTACK: artyuom/(Johnny Vietnam) has attacked *no key*/(Reno 'Slowflake' Flake) with [Crucible sword] (INTENT: HELP) (DAMTYE: BRUTE) (NEWHP: -115)  (USS Almayer Evac 3 (190, 231, 3))
[19:37:06]ATTACK: artyuom/(Johnny Vietnam) attacked *no key*/(Reno 'Slowflake' Flake) with Crucible sword (INTENT: HELP) (DAMTYE: BRUTE)
[19:39:13]ATTACK: artyuom/(Johnny Vietnam) has attempted to remove [body mesh] (body) *no key*/(Threatek) (NEWHP: -398.265)  (USS Almayer Evac 3 (191, 230, 3))
[19:39:31]ATTACK: artyuom/(Johnny Vietnam) has attempted to remove [clan mask] (face) *no key*/(Threatek) (NEWHP: -398.265)  (USS Almayer Evac 3 (191, 230, 3))
[19:39:38]ATTACK: [M56D mounted smartgun] has shot Chaburek/(Elder Queen) with [machinegun bullet] (NEWHP: 400)  (USS Almayer Evac 3 (188, 230, 3))
[19:39:38]ATTACK: M56D mounted smartgun shot Elder Queen (chaburek) with a the machinegun bullet (<A HREF='?_src_=holder;adminplayerobservecoodjump=1;X=188;Y=230;Z=3'>JMP</a>)
[19:39:38]ATTACK: [M56D mounted smartgun] has shot Chaburek/(Elder Queen) with [machinegun bullet] (NEWHP: 357.5)  (USS Almayer Evac 3 (188, 230, 3))
[19:39:38]ATTACK: M56D mounted smartgun shot Elder Queen (chaburek) with a the machinegun bullet (<A HREF='?_src_=holder;adminplayerobservecoodjump=1;X=188;Y=230;Z=3'>JMP</a>)
[19:39:38]ATTACK: Chaburek/(Elder Queen) has spat on [flare] with corrosive acid (Hallway Aft (183, 232, 3))
[19:39:38]ATTACK: Elder Queen (chaburek) spat acid on the flare.
[19:39:39]ATTACK: [M56D mounted smartgun] has shot Chaburek/(Elder Queen) with [machinegun bullet] (NEWHP: 310)  (USS Almayer Evac 3 (188, 230, 3))
[19:39:39]ATTACK: M56D mounted smartgun shot Elder Queen (chaburek) with a the machinegun bullet (<A HREF='?_src_=holder;adminplayerobservecoodjump=1;X=188;Y=230;Z=3'>JMP</a>)
[19:39:39]ATTACK: [M56D mounted smartgun] has shot Chaburek/(Elder Queen) with [machinegun bullet] (NEWHP: 265)  (USS Almayer Evac 3 (188, 230, 3))
[19:39:39]ATTACK: M56D mounted smartgun shot Elder Queen (chaburek) with a the machinegun bullet (<A HREF='?_src_=holder;adminplayerobservecoodjump=1;X=188;Y=230;Z=3'>JMP</a>)
[19:39:39]ATTACK: [M56D mounted smartgun] has shot Chaburek/(Elder Queen) with [machinegun bullet] (NEWHP: 215)  (USS Almayer Evac 3 (188, 230, 3))
[19:39:39]ATTACK: M56D mounted smartgun shot Elder Queen (chaburek) with a the machinegun bullet (<A HREF='?_src_=holder;adminplayerobservecoodjump=1;X=188;Y=230;Z=3'>JMP</a>)
[19:40:03]ATTACK: cmru/(Crush Ahmed) has punched cmru/(Crush Ahmed) (NEWHP: 100)  (USS Almayer Evac 3 (189, 230, 3))
[19:40:03]ATTACK: cmru/(Crush Ahmed) punched cmru/(Crush Ahmed)
[19:40:37]ATTACK: [M56D mounted smartgun] has shot Chaburek/(Elder Queen) with [machinegun bullet] (NEWHP: 341.125)  (USS Almayer Evac 3 (188, 230, 3))
[19:40:37]ATTACK: M56D mounted smartgun shot Elder Queen (chaburek) with a the machinegun bullet (<A HREF='?_src_=holder;adminplayerobservecoodjump=1;X=188;Y=230;Z=3'>JMP</a>)
[19:40:38]ATTACK: artyuom/(Johnny Vietnam) has attempted to remove [clan sword] (back) *no key*/(Threatek) (NEWHP: -398.265)  (USS Almayer Evac 3 (191, 230, 3))
[19:40:44]ATTACK: [M56D mounted smartgun] has shot Chaburek/(Elder Queen) with [machinegun bullet] (NEWHP: 316.92)  (USS Almayer Evac 3 (188, 230, 3))
[19:40:44]ATTACK: M56D mounted smartgun shot Elder Queen (chaburek) with a the machinegun bullet (<A HREF='?_src_=holder;adminplayerobservecoodjump=1;X=188;Y=230;Z=3'>JMP</a>)
[19:41:04]ATTACK: Crush Ahmed (cmru) primed M40 HEDP grenade (<A HREF='?_src_=holder;adminplayerobservecoodjump=1;X=188;Y=231;Z=3'>JMP</a>)
[19:41:10]ATTACK: Crush Ahmed (cmru) primed M40 HIDP incendiary grenade (<A HREF='?_src_=holder;adminplayerobservecoodjump=1;X=188;Y=231;Z=3'>JMP</a>)
[19:41:24]ATTACK: cmru/(Crush Ahmed) has hit Chaburek/(Elder Queen) with [M40 HEDP grenade] (thrown) (NEWHP: 395.09)  (USS Almayer Evac 3 (188, 231, 3))
[19:41:24]ATTACK: Elder Queen (chaburek) was hit by a M40 HEDP grenade, thrown by Crush Ahmed (cmru) (<A HREF='?_src_=holder;adminplayerobservecoodjump=1;X=184;Y=231;Z=3'>JMP</a>)
[19:41:29]ATTACK: Chaburek/(Elder Queen) has spat on [razorwire obstacle] with corrosive acid (USS Almayer Evac 3 (184, 231, 3))
[19:41:29]ATTACK: Elder Queen (chaburek) spat acid on the razorwire obstacle.
[19:41:30]ATTACK: cmru/(Crush Ahmed) has hit Chaburek/(Elder Queen) with [M40 HEDP grenade] (thrown) (NEWHP: 372.49)  (USS Almayer Evac 3 (188, 231, 3))
[19:41:30]ATTACK: Elder Queen (chaburek) was hit by a M40 HEDP grenade, thrown by Crush Ahmed (cmru) (<A HREF='?_src_=holder;adminplayerobservecoodjump=1;X=184;Y=231;Z=3'>JMP</a>)
[19:41:31]ATTACK: cmru/(Crush Ahmed) has hit Chaburek/(Elder Queen) with [M40 HEDP grenade] (thrown) (NEWHP: 371.89)  (USS Almayer Evac 3 (188, 231, 3))
[19:41:31]ATTACK: Elder Queen (chaburek) was hit by a M40 HEDP grenade, thrown by Crush Ahmed (cmru) (<A HREF='?_src_=holder;adminplayerobservecoodjump=1;X=183;Y=231;Z=3'>JMP</a>)
[19:41:33]ATTACK: Crush Ahmed (cmru) primed M40 HIDP incendiary grenade (<A HREF='?_src_=holder;adminplayerobservecoodjump=1;X=188;Y=231;Z=3'>JMP</a>)
[19:42:03]ATTACK: Crush Ahmed (cmru) primed M40 HIDP incendiary grenade (<A HREF='?_src_=holder;adminplayerobservecoodjump=1;X=188;Y=231;Z=3'>JMP</a>)
[19:42:38]ATTACK: Crush Ahmed (cmru) primed M40 HEDP grenade (<A HREF='?_src_=holder;adminplayerobservecoodjump=1;X=188;Y=231;Z=3'>JMP</a>)
[19:42:41]ATTACK: Crush Ahmed (cmru) primed M40 HIDP incendiary grenade (<A HREF='?_src_=holder;adminplayerobservecoodjump=1;X=188;Y=231;Z=3'>JMP</a>)
[19:42:44]ATTACK: Crush Ahmed (cmru) primed M40 HIDP incendiary grenade (<A HREF='?_src_=holder;adminplayerobservecoodjump=1;X=188;Y=231;Z=3'>JMP</a>)
[19:43:23]ATTACK: artyuom/(Johnny Vietnam) has grabbed *no key*/(МилкиВей) (NEWHP: 2.14748e+009)  (USS Almayer Evac 3 (188, 232, 3))
[19:43:23]ATTACK: artyuom/(Johnny Vietnam) схватил *no key*/(МилкиВей)
[19:43:34]ATTACK: [M56D mounted smartgun] has shot Chaburek/(Elder Empress) with [machinegun bullet] (NEWHP: 500)  (USS Almayer Evac 3 (188, 230, 3))
[19:43:34]ATTACK: M56D mounted smartgun shot Elder Empress (chaburek) with a the machinegun bullet (<A HREF='?_src_=holder;adminplayerobservecoodjump=1;X=188;Y=230;Z=3'>JMP</a>)
[19:43:34]ATTACK: [M56D mounted smartgun] has shot Chaburek/(Elder Empress) with [machinegun bullet] (NEWHP: 451)  (USS Almayer Evac 3 (188, 230, 3))
[19:43:34]ATTACK: M56D mounted smartgun shot Elder Empress (chaburek) with a the machinegun bullet (<A HREF='?_src_=holder;adminplayerobservecoodjump=1;X=188;Y=230;Z=3'>JMP</a>)
[19:43:50]ATTACK: Chaburek/(Elder Empress) has spat on [flare] with corrosive acid (Hallway Aft (182, 232, 3))
[19:43:50]ATTACK: Elder Empress (chaburek) spat acid on the flare.
[19:43:51]ATTACK: Chaburek/(Elder Empress) has spat on [flare] with corrosive acid (Hallway Aft (182, 232, 3))
[19:43:51]ATTACK: Elder Empress (chaburek) spat acid on the flare.
[19:43:53]ATTACK: [M56D mounted smartgun] has shot Chaburek/(Elder Empress) with [machinegun bullet] (NEWHP: 435.745)  (USS Almayer Evac 3 (188, 230, 3))
[19:43:53]ATTACK: M56D mounted smartgun shot Elder Empress (chaburek) with a the machinegun bullet (<A HREF='?_src_=holder;adminplayerobservecoodjump=1;X=188;Y=230;Z=3'>JMP</a>)
[19:43:53]ATTACK: [M56D mounted smartgun] has shot Chaburek/(Elder Empress) with [machinegun bullet] (NEWHP: 387.745)  (USS Almayer Evac 3 (188, 230, 3))
[19:43:53]ATTACK: M56D mounted smartgun shot Elder Empress (chaburek) with a the machinegun bullet (<A HREF='?_src_=holder;adminplayerobservecoodjump=1;X=188;Y=230;Z=3'>JMP</a>)
[19:43:57]ATTACK: [M56D mounted smartgun] has shot Chaburek/(Elder Empress) with [machinegun bullet] (NEWHP: 358.575)  (USS Almayer Evac 3 (188, 230, 3))
[19:43:57]ATTACK: M56D mounted smartgun shot Elder Empress (chaburek) with a the machinegun bullet (<A HREF='?_src_=holder;adminplayerobservecoodjump=1;X=188;Y=230;Z=3'>JMP</a>)
[19:43:57]ATTACK: [M56D mounted smartgun] has shot Chaburek/(Elder Empress) with [machinegun bullet] (NEWHP: 315.075)  (USS Almayer Evac 3 (188, 230, 3))
[19:43:57]ATTACK: M56D mounted smartgun shot Elder Empress (chaburek) with a the machinegun bullet (<A HREF='?_src_=holder;adminplayerobservecoodjump=1;X=188;Y=230;Z=3'>JMP</a>)
[19:44:11]ATTACK: Crush Ahmed (cmru) primed M40 HPDP grenade (<A HREF='?_src_=holder;adminplayerobservecoodjump=1;X=188;Y=231;Z=3'>JMP</a>)
[19:44:35]ATTACK: Chaburek/(Elder Empress) has spat on [M40 HPDP grenade] with corrosive acid (Hallway Aft (183, 232, 3))
[19:44:35]ATTACK: Elder Empress (chaburek) spat acid on M40 HPDP grenade.
[19:44:35]ATTACK: Crush Ahmed (cmru) primed M40 HPDP grenade (<A HREF='?_src_=holder;adminplayerobservecoodjump=1;X=190;Y=230;Z=3'>JMP</a>)
[19:44:38]ATTACK: Crush Ahmed (cmru) primed M40 HPDP grenade (<A HREF='?_src_=holder;adminplayerobservecoodjump=1;X=189;Y=230;Z=3'>JMP</a>)
[19:45:13]ATTACK: Chaburek/(Elder Empress) has spat on [plasteel barricade] with corrosive acid (USS Almayer Evac 3 (186, 231, 3))
[19:45:13]ATTACK: Elder Empress (chaburek) spat acid on the plasteel barricade.
[19:45:14]ATTACK: Chaburek/(Elder Empress) has spat on [plasteel barricade] with corrosive acid (USS Almayer Evac 3 (186, 231, 3))
[19:45:14]ATTACK: Elder Empress (chaburek) spat acid on the plasteel barricade.
[19:45:14]ATTACK: Chaburek/(Elder Empress) has spat on [plasteel barricade] with corrosive acid (USS Almayer Evac 3 (186, 231, 3))
[19:45:14]ATTACK: Elder Empress (chaburek) spat acid on the plasteel barricade.
[19:45:17]ATTACK: Chaburek/(Elder Empress) has slashed cmru/(Crush Ahmed) (NEWHP: 100)  (USS Almayer Evac 3 (187, 231, 3))
[19:45:19]ATTACK: Crush Ahmed (cmru) primed M40 HEDP grenade (<A HREF='?_src_=holder;adminplayerobservecoodjump=1;X=189;Y=230;Z=3'>JMP</a>)
[19:45:22]ATTACK: Crush Ahmed (cmru) primed M40 HIDP incendiary grenade (<A HREF='?_src_=holder;adminplayerobservecoodjump=1;X=189;Y=230;Z=3'>JMP</a>)
[19:45:56]ATTACK: Chaburek/(Elder Empress) has spat on [razorwire obstacle] with corrosive acid (Hallway Aft (184, 230, 3))
[19:45:57]ATTACK: Elder Empress (chaburek) spat acid on the razorwire obstacle.
[19:45:58]ATTACK: Chaburek/(Elder Empress) has spat on [razorwire obstacle] with corrosive acid (Hallway Aft (184, 230, 3))
[19:45:58]ATTACK: Elder Empress (chaburek) spat acid on the razorwire obstacle.
[19:45:59]ATTACK: cmru/(Crush Ahmed) has shot Chaburek/(Elder Empress) with [rifle bullet] (NEWHP: 500)  (USS Almayer Evac 3 (188, 230, 3))
[19:45:59]ATTACK: Crush Ahmed (cmru) shot Elder Empress (chaburek) with a rifle bullet in USS Almayer Evac 3 (<A HREF='?_src_=holder;adminplayerobservecoodjump=1;X=188;Y=230;Z=3'>JMP</a>)
[19:45:59]ATTACK: Chaburek/(Elder Empress) has spat on [razorwire obstacle] with corrosive acid (Hallway Aft (184, 230, 3))
[19:45:59]ATTACK: Elder Empress (chaburek) spat acid on the razorwire obstacle.
[19:46:10]ATTACK: cmru/(Crush Ahmed) has grabbed *no key*/(МилкиВей) (NEWHP: 2.14748e+009)  (USS Almayer Evac 3 (189, 230, 3))
[19:46:10]ATTACK: cmru/(Crush Ahmed) схватил *no key*/(МилкиВей)
[19:46:34]ATTACK: artyuom/(Johnny Vietnam) has shot Chaburek/(Elder Empress) with [smartgun bullet] (NEWHP: 500)  (USS Almayer Evac 3 (188, 231, 3))
[19:46:34]ATTACK: Johnny Vietnam (artyuom) shot Elder Empress (chaburek) with a smartgun bullet in USS Almayer Evac 3 (<A HREF='?_src_=holder;adminplayerobservecoodjump=1;X=188;Y=231;Z=3'>JMP</a>)
[19:46:34]ATTACK: artyuom/(Johnny Vietnam) has shot Chaburek/(Elder Empress) with [smartgun bullet] (NEWHP: 466)  (USS Almayer Evac 3 (188, 231, 3))
[19:46:34]ATTACK: Johnny Vietnam (artyuom) shot Elder Empress (chaburek) with a smartgun bullet in USS Almayer Evac 3 (<A HREF='?_src_=holder;adminplayerobservecoodjump=1;X=188;Y=231;Z=3'>JMP</a>)
[19:46:34]ATTACK: artyuom/(Johnny Vietnam) has shot Chaburek/(Elder Empress) with [smartgun bullet] (NEWHP: 449)  (USS Almayer Evac 3 (188, 231, 3))
[19:46:35]ATTACK: Johnny Vietnam (artyuom) shot Elder Empress (chaburek) with a smartgun bullet in USS Almayer Evac 3 (<A HREF='?_src_=holder;adminplayerobservecoodjump=1;X=188;Y=231;Z=3'>JMP</a>)
[19:46:36]ATTACK: artyuom/(Johnny Vietnam) has shot Chaburek/(Elder Empress) with [smartgun bullet] (NEWHP: 449)  (USS Almayer Evac 3 (189, 231, 3))
[19:46:36]ATTACK: Johnny Vietnam (artyuom) shot Elder Empress (chaburek) with a smartgun bullet in USS Almayer Evac 3 (<A HREF='?_src_=holder;adminplayerobservecoodjump=1;X=189;Y=231;Z=3'>JMP</a>)
[19:46:36]ATTACK: artyuom/(Johnny Vietnam) has shot Chaburek/(Elder Empress) with [smartgun bullet] (NEWHP: 430)  (USS Almayer Evac 3 (189, 231, 3))
[19:46:36]ATTACK: Johnny Vietnam (artyuom) shot Elder Empress (chaburek) with a smartgun bullet in USS Almayer Evac 3 (<A HREF='?_src_=holder;adminplayerobservecoodjump=1;X=189;Y=231;Z=3'>JMP</a>)
[19:46:37]ATTACK: artyuom/(Johnny Vietnam) has shot Chaburek/(Elder Empress) with [smartgun bullet] (NEWHP: 422)  (USS Almayer Evac 3 (189, 231, 3))
[19:46:37]ATTACK: Johnny Vietnam (artyuom) shot Elder Empress (chaburek) with a smartgun bullet in USS Almayer Evac 3 (<A HREF='?_src_=holder;adminplayerobservecoodjump=1;X=189;Y=231;Z=3'>JMP</a>)
[19:46:37]ATTACK: artyuom/(Johnny Vietnam) has shot Chaburek/(Elder Empress) with [smartgun bullet] (NEWHP: 405)  (USS Almayer Evac 3 (189, 231, 3))
[19:46:37]ATTACK: Johnny Vietnam (artyuom) shot Elder Empress (chaburek) with a smartgun bullet in USS Almayer Evac 3 (<A HREF='?_src_=holder;adminplayerobservecoodjump=1;X=189;Y=231;Z=3'>JMP</a>)
[19:46:37]ATTACK: artyuom/(Johnny Vietnam) has shot Chaburek/(Elder Empress) with [smartgun bullet] (NEWHP: 388)  (USS Almayer Evac 3 (189, 231, 3))
[19:46:38]ATTACK: Johnny Vietnam (artyuom) shot Elder Empress (chaburek) with a smartgun bullet in USS Almayer Evac 3 (<A HREF='?_src_=holder;adminplayerobservecoodjump=1;X=189;Y=231;Z=3'>JMP</a>)
[19:46:38]ATTACK: artyuom/(Johnny Vietnam) has shot Chaburek/(Elder Empress) with [smartgun bullet] (NEWHP: 380)  (USS Almayer Evac 3 (189, 231, 3))
[19:46:38]ATTACK: Johnny Vietnam (artyuom) shot Elder Empress (chaburek) with a smartgun bullet in USS Almayer Evac 3 (<A HREF='?_src_=holder;adminplayerobservecoodjump=1;X=189;Y=231;Z=3'>JMP</a>)
[19:46:39]ATTACK: artyuom/(Johnny Vietnam) has shot Chaburek/(Elder Empress) with [smartgun bullet] (NEWHP: 313)  (USS Almayer Evac 3 (189, 231, 3))
[19:46:39]ATTACK: Johnny Vietnam (artyuom) shot Elder Empress (chaburek) with a smartgun bullet in USS Almayer Evac 3 (<A HREF='?_src_=holder;adminplayerobservecoodjump=1;X=189;Y=231;Z=3'>JMP</a>)
[19:46:39]ATTACK: artyuom/(Johnny Vietnam) has shot Chaburek/(Elder Empress) with [smartgun bullet] (NEWHP: 296)  (USS Almayer Evac 3 (189, 231, 3))
[19:46:39]ATTACK: Johnny Vietnam (artyuom) shot Elder Empress (chaburek) with a smartgun bullet in USS Almayer Evac 3 (<A HREF='?_src_=holder;adminplayerobservecoodjump=1;X=189;Y=231;Z=3'>JMP</a>)
[19:46:40]ATTACK: cmru/(Crush Ahmed) has grabbed *no key*/(МилкиВей) (NEWHP: 2.14748e+009)  (USS Almayer Evac 3 (192, 232, 3))
[19:46:40]ATTACK: cmru/(Crush Ahmed) схватил *no key*/(МилкиВей)
[19:46:46]ATTACK: cmru/(Crush Ahmed) has grabbed *no key*/(Reno 'Slowflake' Flake) (NEWHP: -115)  (USS Almayer Evac 3 (192, 232, 3))
[19:46:46]ATTACK: cmru/(Crush Ahmed) схватил *no key*/(Reno 'Slowflake' Flake)
[19:46:48]ATTACK: artyuom/(Johnny Vietnam) has grabbed *no key*/(Threatek) (NEWHP: -398.265)  (USS Almayer Evac 3 (190, 230, 3))
[19:46:48]ATTACK: artyuom/(Johnny Vietnam) схватил *no key*/(Threatek)
[19:46:49]ATTACK: cmru/(Crush Ahmed) has grabbed *no key*/(МилкиВей) (NEWHP: 2.14748e+009)  (USS Almayer Evac 19 (194, 234, 3))
[19:46:49]ATTACK: cmru/(Crush Ahmed) схватил *no key*/(МилкиВей)
[19:46:57]ATTACK: Chaburek/(Elder Empress) has spat on [plasteel barricade] with corrosive acid (Hallway Aft (185, 230, 3))
[19:46:57]ATTACK: Elder Empress (chaburek) spat acid on the plasteel barricade.
[19:47:09]ATTACK: artyuom/(Johnny Vietnam) has grabbed *no key*/(Threatek) (NEWHP: -398.265)  (USS Almayer Evac 19 (193, 234, 3))
[19:47:09]ATTACK: artyuom/(Johnny Vietnam) схватил *no key*/(Threatek)
[19:47:19]ATTACK: Chaburek/(Elder Empress) has tail-stabbed artyuom/(Johnny Vietnam) (NEWHP: 100)  (USS Almayer Evac 19 (194, 234, 3))
[19:47:20]ATTACK: Chaburek/(Elder Empress) has slashed artyuom/(Johnny Vietnam) (NEWHP: 4)  (USS Almayer Evac 19 (194, 234, 3))
[19:47:23]ATTACK: Chaburek/(Elder Empress) has slashed cmru/(Crush Ahmed) (NEWHP: 100)  (USS Almayer Evac 19 (193, 234, 3))
[19:47:24]ATTACK: Chaburek/(Elder Empress) has slashed cmru/(Crush Ahmed) (NEWHP: 100)  (USS Almayer Evac 19 (193, 234, 3))
[19:47:25]ATTACK: Chaburek/(Elder Empress) has slashed cmru/(Crush Ahmed) (NEWHP: 100)  (USS Almayer Evac 19 (193, 234, 3))
[19:47:27]ATTACK: Chaburek/(Elder Empress) has slashed cmru/(Crush Ahmed) (NEWHP: 100)  (USS Almayer Evac 19 (193, 234, 3))
[19:47:28]ATTACK: Chaburek/(Elder Empress) has slashed cmru/(Crush Ahmed) (NEWHP: 100)  (USS Almayer Evac 19 (193, 234, 3))
[19:47:31]ATTACK: Chaburek/(Elder Empress) has shot cmru/(Crush Ahmed) with [neurotoxic spatter] (NEWHP: 100)  (USS Almayer Evac 19 (193, 234, 3))
[19:47:31]ATTACK: Elder Empress (chaburek) shot Crush Ahmed (cmru) with a neurotoxic spatter in USS Almayer Evac 19 (<A HREF='?_src_=holder;adminplayerobservecoodjump=1;X=193;Y=234;Z=3'>JMP</a>)
[19:47:32]ATTACK: Chaburek/(Elder Empress) has slashed cmru/(Crush Ahmed) (NEWHP: 100)  (USS Almayer Evac 19 (193, 234, 3))
[19:47:34]ATTACK: Chaburek/(Elder Empress) has slashed cmru/(Crush Ahmed) (NEWHP: 100)  (USS Almayer Evac 19 (193, 234, 3))
[19:47:35]ATTACK: Chaburek/(Elder Empress) has slashed cmru/(Crush Ahmed) (NEWHP: 100)  (USS Almayer Evac 19 (193, 234, 3))
[19:47:36]ATTACK: cmru/(Crush Ahmed) has bitten Chaburek/(Elder Empress) (NEWHP: 216.66)  (USS Almayer Evac 19 (194, 234, 3))
[19:47:37]ATTACK: Chaburek/(Elder Empress) has slashed cmru/(Crush Ahmed) (NEWHP: 100)  (USS Almayer Evac 19 (193, 234, 3))
[19:47:38]ATTACK: Chaburek/(Elder Empress) has shot cmru/(Crush Ahmed) with [neurotoxic spatter] (NEWHP: 100)  (USS Almayer Evac 19 (193, 234, 3))
[19:47:38]ATTACK: Elder Empress (chaburek) shot Crush Ahmed (cmru) with a neurotoxic spatter in USS Almayer Evac 19 (<A HREF='?_src_=holder;adminplayerobservecoodjump=1;X=193;Y=234;Z=3'>JMP</a>)
[19:47:39]ATTACK: Chaburek/(Elder Empress) has tail-stabbed cmru/(Crush Ahmed) (NEWHP: 100)  (USS Almayer Evac 19 (193, 234, 3))
[19:47:40]ATTACK: Chaburek/(Elder Empress) has tail-stabbed cmru/(Crush Ahmed) (NEWHP: 100)  (USS Almayer Evac 19 (193, 234, 3))
[19:47:42]ATTACK: Chaburek/(Elder Empress) has tail-stabbed cmru/(Crush Ahmed) (NEWHP: 100)  (USS Almayer Evac 19 (193, 234, 3))
[19:47:43]ATTACK: Chaburek/(Elder Empress) has slashed cmru/(Crush Ahmed) (NEWHP: 100)  (USS Almayer Evac 19 (193, 234, 3))
[19:48:47]ATTACK: Chaburek/(Elder Empress) has grabbed cmru/(Crush Ahmed) (NEWHP: 100)  (USS Almayer Evac 19 (193, 234, 3))
[19:48:47]ATTACK: Chaburek/(Elder Empress) схватил cmru/(Crush Ahmed)
[19:48:51]ATTACK: Chaburek/(Elder Empress) has grabbed cmru/(Crush Ahmed) (NEWHP: 100)  (USS Almayer Evac 19 (193, 234, 3))
[19:48:51]ATTACK: Chaburek/(Elder Empress) схватил cmru/(Crush Ahmed)
[19:49:03]ATTACK: Chaburek/(Elder Empress) has shot cmru/(Crush Ahmed) with [neurotoxic spatter] (NEWHP: 100)  (USS Almayer Evac 19 (193, 234, 3))
[19:49:03]ATTACK: Elder Empress (chaburek) shot Crush Ahmed (cmru) with a neurotoxic spatter in USS Almayer Evac 19 (<A HREF='?_src_=holder;adminplayerobservecoodjump=1;X=193;Y=234;Z=3'>JMP</a>)
[19:49:04]ATTACK: Chaburek/(Elder Empress) has grabbed cmru/(Crush Ahmed) (NEWHP: 100)  (USS Almayer Evac 19 (193, 234, 3))
[19:49:04]ATTACK: Chaburek/(Elder Empress) схватил cmru/(Crush Ahmed)
[19:49:07]ATTACK: Chaburek/(Elder Empress) has grabbed cmru/(Crush Ahmed) (NEWHP: 100)  (USS Almayer Evac 19 (193, 234, 3))
[19:49:07]ATTACK: Chaburek/(Elder Empress) схватил cmru/(Crush Ahmed)
[19:49:11]ATTACK: Chaburek/(Elder Empress) has shot cmru/(Crush Ahmed) with [neurotoxic spatter] (NEWHP: 100)  (USS Almayer Evac 19 (193, 233, 3))
[19:49:11]ATTACK: Elder Empress (chaburek) shot Crush Ahmed (cmru) with a neurotoxic spatter in USS Almayer Evac 19 (<A HREF='?_src_=holder;adminplayerobservecoodjump=1;X=193;Y=233;Z=3'>JMP</a>)
[19:49:17]ATTACK: Chaburek/(Elder Empress) has shot cmru/(Crush Ahmed) with [neurotoxic spatter] (NEWHP: 100)  (USS Almayer Evac 19 (193, 233, 3))
[19:49:17]ATTACK: Elder Empress (chaburek) shot Crush Ahmed (cmru) with a neurotoxic spatter in USS Almayer Evac 19 (<A HREF='?_src_=holder;adminplayerobservecoodjump=1;X=193;Y=233;Z=3'>JMP</a>)
[19:49:29]ATTACK: Chaburek/(Elder Empress) has spat on [Mateba autorevolver special] with corrosive acid (USS Almayer Evac 19 (193, 234, 3))
[19:49:29]ATTACK: Elder Empress (chaburek) spat acid on Mateba autorevolver special.
[19:49:29]ATTACK: Chaburek/(Elder Empress) has spat on [Mateba autorevolver special] with corrosive acid (USS Almayer Evac 19 (193, 234, 3))
[19:49:29]ATTACK: Elder Empress (chaburek) spat acid on Mateba autorevolver special.
[19:50:32]ATTACK: Chaburek/(Elder Empress) has grabbed @Artyuom/(Johnny Vietnam) (NEWHP: -168.85)  (USS Almayer Evac 19 (192, 234, 3))
[19:50:32]ATTACK: Chaburek/(Elder Empress) схватил @Artyuom/(Johnny Vietnam)
[19:52:26]ATTACK: Chaburek/(Elder Empress) has grabbed cmru/(Crush Ahmed) (NEWHP: 60.4)  (USS Almayer Evac 19 (194, 234, 3))
[19:52:26]ATTACK: Chaburek/(Elder Empress) схватил cmru/(Crush Ahmed)
[19:52:48]ATTACK: Chaburek/(Elder Empress) has shot cmru/(Crush Ahmed) with [neurotoxic spatter] (NEWHP: 60.6)  (USS Almayer Evac 3 (188, 231, 3))
[19:52:48]ATTACK: Elder Empress (chaburek) shot Crush Ahmed (cmru) with a neurotoxic spatter in USS Almayer Evac 3 (<A HREF='?_src_=holder;adminplayerobservecoodjump=1;X=188;Y=231;Z=3'>JMP</a>)
[19:52:55]ATTACK: Chaburek/(Elder Empress) has shot cmru/(Crush Ahmed) with [neurotoxic spatter] (NEWHP: 60.6)  (Hallway Aft (183, 233, 3))
[19:52:55]ATTACK: Elder Empress (chaburek) shot Crush Ahmed (cmru) with a neurotoxic spatter in Hallway Aft (<A HREF='?_src_=holder;adminplayerobservecoodjump=1;X=183;Y=233;Z=3'>JMP</a>)
[19:53:01]ATTACK: Chaburek/(Elder Empress) has shot cmru/(Crush Ahmed) with [neurotoxic spatter] (NEWHP: 60.6)  (Hallway Aft (183, 241, 3))
[19:53:01]ATTACK: Elder Empress (chaburek) shot Crush Ahmed (cmru) with a neurotoxic spatter in Hallway Aft (<A HREF='?_src_=holder;adminplayerobservecoodjump=1;X=183;Y=241;Z=3'>JMP</a>)
[19:53:07]ATTACK: Chaburek/(Elder Empress) has shot cmru/(Crush Ahmed) with [neurotoxic spatter] (NEWHP: 60.7)  (Hallway Aft (189, 243, 3))
[19:53:07]ATTACK: Elder Empress (chaburek) shot Crush Ahmed (cmru) with a neurotoxic spatter in Hallway Aft (<A HREF='?_src_=holder;adminplayerobservecoodjump=1;X=189;Y=243;Z=3'>JMP</a>)
[19:53:14]ATTACK: Chaburek/(Elder Empress) has shot cmru/(Crush Ahmed) with [neurotoxic spatter] (NEWHP: 60.8)  (Hallway Stern (197, 243, 3))
[19:53:14]ATTACK: Elder Empress (chaburek) shot Crush Ahmed (cmru) with a neurotoxic spatter in Hallway Stern (<A HREF='?_src_=holder;adminplayerobservecoodjump=1;X=197;Y=243;Z=3'>JMP</a>)
[19:53:26]ATTACK: Chaburek/(Elder Empress) has shot cmru/(Crush Ahmed) with [neurotoxic spatter] (NEWHP: 55.1)  (Hallway Stern (198, 243, 3))
[19:53:26]ATTACK: Elder Empress (chaburek) shot Crush Ahmed (cmru) with a neurotoxic spatter in Hallway Stern (<A HREF='?_src_=holder;adminplayerobservecoodjump=1;X=198;Y=243;Z=3'>JMP</a>)
[19:53:27]ATTACK: Chaburek/(Elder Empress) has grabbed cmru/(Crush Ahmed) (NEWHP: 55.1)  (Hallway Stern (197, 243, 3))
[19:53:27]ATTACK: Chaburek/(Elder Empress) схватил cmru/(Crush Ahmed)
[19:53:34]ATTACK: Chaburek/(Elder Empress) has shot cmru/(Crush Ahmed) with [neurotoxic spatter] (NEWHP: 58.1)  (Hallway Stern (200, 243, 3))
[19:53:34]ATTACK: Elder Empress (chaburek) shot Crush Ahmed (cmru) with a neurotoxic spatter in Hallway Stern (<A HREF='?_src_=holder;adminplayerobservecoodjump=1;X=200;Y=243;Z=3'>JMP</a>)
[19:54:10]ATTACK: Chaburek/(Elder Empress) has shot cmru/(Crush Ahmed) with [neurotoxic spatter] (NEWHP: 58.9)  (Hallway Stern (253, 249, 3))
[19:54:10]ATTACK: Elder Empress (chaburek) shot Crush Ahmed (cmru) with a neurotoxic spatter in Hallway Stern (<A HREF='?_src_=holder;adminplayerobservecoodjump=1;X=253;Y=249;Z=3'>JMP</a>)
[19:54:15]ATTACK: Chaburek/(Elder Empress) has grabbed cmru/(Crush Ahmed) (NEWHP: 58.9)  (Self-Destruct Core Room (255, 249, 3))
[19:54:15]ATTACK: Chaburek/(Elder Empress) схватил cmru/(Crush Ahmed)
[19:54:17]ATTACK: Chaburek/(Elder Empress) has shot cmru/(Crush Ahmed) with [neurotoxic spatter] (NEWHP: 56)  (Self-Destruct Core Room (255, 248, 3))
[19:54:17]ATTACK: Elder Empress (chaburek) shot Crush Ahmed (cmru) with a neurotoxic spatter in Self-Destruct Core Room (<A HREF='?_src_=holder;adminplayerobservecoodjump=1;X=255;Y=248;Z=3'>JMP</a>)
[19:54:26]ATTACK: Chaburek/(Elder Empress) has shot cmru/(Crush Ahmed) with [neurotoxic spatter] (NEWHP: 56.2)  (Self-Destruct Core Room (257, 248, 3))
[19:54:26]ATTACK: Elder Empress (chaburek) shot Crush Ahmed (cmru) with a neurotoxic spatter in Self-Destruct Core Room (<A HREF='?_src_=holder;adminplayerobservecoodjump=1;X=257;Y=248;Z=3'>JMP</a>)
[19:54:34]ATTACK: Chaburek/(Elder Empress) has shot cmru/(Crush Ahmed) with [neurotoxic spatter] (NEWHP: 56.6)  (Self-Destruct Core Room (259, 250, 3))
[19:54:34]ATTACK: Elder Empress (chaburek) shot Crush Ahmed (cmru) with a neurotoxic spatter in Self-Destruct Core Room (<A HREF='?_src_=holder;adminplayerobservecoodjump=1;X=259;Y=250;Z=3'>JMP</a>)
[19:54:38]ATTACK: Chaburek/(Elder Empress) has grabbed cmru/(Crush Ahmed) (NEWHP: 56.6)  (Self-Destruct Core Room (259, 254, 3))
[19:54:38]ATTACK: Chaburek/(Elder Empress) схватил cmru/(Crush Ahmed)
[19:54:40]ATTACK: Chaburek/(Elder Empress) has shot cmru/(Crush Ahmed) with [neurotoxic spatter] (NEWHP: 59.6)  (Self-Destruct Core Room (259, 251, 3))
[19:54:40]ATTACK: Elder Empress (chaburek) shot Crush Ahmed (cmru) with a neurotoxic spatter in Self-Destruct Core Room (<A HREF='?_src_=holder;adminplayerobservecoodjump=1;X=259;Y=251;Z=3'>JMP</a>)
[19:55:08]ATTACK: cmru/(Crush Ahmed) cmru/(Crush Ahmed) committed suicide with [M46C pulse rifle (Wielded)] (Hallway Stern (253, 245, 3))
[19:56:20]ATTACK: Chaburek/(Elder Empress) has grabbed cmru/(Crush Ahmed) (NEWHP: -136.8)  (Hallway Stern (253, 246, 3))
[19:56:20]ATTACK: Chaburek/(Elder Empress) схватил cmru/(Crush Ahmed)
