

Starting up round 14:26:20
---------------------
[14:32:01]ATTACK: Danik_10p/(Danil Olympiskii) has attempted to remove [bulletproof vest] (jacket) *no key*/(Mr. Johnson Telovin) (NEWHP: 100)  (Internal Affairs (53, 31, 1))
[14:36:30]ATTACK: EngineerConager/(Dell Conrad) has attacked EngineerConager/(Dell Conrad) with [M46C ammo box (20x48mm)] (INTENT: HELP) (DAMTYE: BRUTE) (NEWHP: 100)  (Commander's Bunk (107, 269, 3))
[14:36:30]ATTACK: EngineerConager/(Dell Conrad) attacked EngineerConager/(Dell Conrad) with M46C ammo box (20x48mm) (INTENT: HELP) (DAMTYE: BRUTE)
[14:36:58]ATTACK: EngineerConager/(Dell Conrad) has attacked EngineerConager/(Dell Conrad) with [Zippo lighter] (INTENT: HELP) (DAMTYE: BRUTE) (NEWHP: 100)  (Combat Information Center (110, 254, 3))
[14:36:58]ATTACK: EngineerConager/(Dell Conrad) attacked EngineerConager/(Dell Conrad) with Zippo lighter (INTENT: HELP) (DAMTYE: BRUTE)
[14:43:20]ATTACK: Danik_10p/(Danil Olympiskii) has attempted to remove [Mr. Johnson Telovin's ID Card] (id) *no key*/(Mr. Johnson Telovin) (NEWHP: 100)  (Internal Affairs (52, 30, 1))
[14:46:24]ATTACK: M580 APC took 0 blunt damage from Dell Conrad (engineerconager).
[14:51:30]ATTACK: ZyberCpechnaz/(Zackary Braun) has grabbed NIKIGO/(Colten Stange) (NEWHP: 100)  (Dropship Alamo (91, 157, 3))
[14:51:30]ATTACK: ZyberCpechnaz/(Zackary Braun) схватил NIKIGO/(Colten Stange)
[14:57:33]ATTACK: Gerry Falko (cremp) primed M07 training grenade (<A HREF='?_src_=holder;adminplayerobservecoodjump=1;X=215;Y=178;Z=3'>JMP</a>)
[15:00:32]ATTACK: NIKIGO/(Colten Stange) has disarmed Artyuom/(Johnny Vietnam) (NEWHP: 100)  (Hangar (91, 139, 3))
[15:00:32]ATTACK: NIKIGO/(Colten Stange) disarmed Johnny Vietnam (artyuom)
[15:04:27]ATTACK: Artyuom/(Johnny Vietnam) has hit Ryterator/(Sergio Fiscina) with [M276 pattern M40 grenade rig] (thrown) (NEWHP: 99.6)  (Dropship Alamo Transit (70, 34, 4))
[15:04:27]ATTACK: Sergio Fiscina (ryterator) was hit by a M276 pattern M40 grenade rig, thrown by Johnny Vietnam (artyuom) (<A HREF='?_src_=holder;adminplayerobservecoodjump=1;X=71;Y=32;Z=4'>JMP</a>)
[15:04:29]ATTACK: ZyberCpechnaz/(Zackary Braun) has grabbed NIKIGO/(Colten Stange) (NEWHP: 100)  (Dropship Alamo Transit (68, 29, 4))
[15:04:29]ATTACK: ZyberCpechnaz/(Zackary Braun) схватил NIKIGO/(Colten Stange)
[15:05:43]ATTACK: NIKIGO/(Colten Stange) has hit Random12234/(Marko Huegs) with [flare pouch] (thrown) (NEWHP: 100)  (Main Hallway (103, 34, 1))
[15:05:43]ATTACK: Marko Huegs (random12234) was hit by a the flare pouch, thrown by Colten Stange (nikigo) (<A HREF='?_src_=holder;adminplayerobservecoodjump=1;X=110;Y=35;Z=1'>JMP</a>)
[15:06:43]ATTACK: ZyberCpechnaz/(Zackary Braun) has electrified [Corporate Dome] (Central W-Y Compound (53, 40, 1))
[15:07:32]ATTACK: NIKIGO/(Colten Stange) has grabbed *no key*/(Colonist Jed Willis) (NEWHP: 100)  (Northwest Jungle (22, 57, 1))
[15:07:32]ATTACK: NIKIGO/(Colten Stange) схватил *no key*/(Colonist Jed Willis)
[15:08:31]ATTACK: Ryterator/(Sergio Fiscina) has shot *no key*/(neaera (23)) with [smartgun bullet] (NEWHP: 100)  (Western Jungle (23, 39, 1))
[15:08:31]ATTACK: Sergio Fiscina (ryterator) shot the neaera (23) () with a smartgun bullet in Western Jungle (<A HREF='?_src_=holder;adminplayerobservecoodjump=1;X=23;Y=39;Z=1'>JMP</a>)
[15:08:31]ATTACK: ZyberCpechnaz/(Zackary Braun) has shot *no key*/(neaera (23)) with [additional flechette] (NEWHP: 70)  (Western Jungle (25, 44, 1))
[15:08:31]ATTACK: Zackary Braun (zybercpechnaz) shot the neaera (23) () with an additional flechette in Western Jungle (<A HREF='?_src_=holder;adminplayerobservecoodjump=1;X=25;Y=44;Z=1'>JMP</a>)
[15:08:32]ATTACK: Ryterator/(Sergio Fiscina) has shot SomikTV/(Elder Queen) with [smartgun bullet] (NEWHP: 400)  (Western Jungle (23, 42, 1))
[15:08:32]ATTACK: Sergio Fiscina (ryterator) shot Elder Queen (somiktv) with a smartgun bullet in Western Jungle (<A HREF='?_src_=holder;adminplayerobservecoodjump=1;X=23;Y=42;Z=1'>JMP</a>)
[15:08:32]ATTACK: Ryterator/(Sergio Fiscina) has shot SomikTV/(Elder Queen) with [smartgun bullet] (NEWHP: 383)  (Western Jungle (23, 42, 1))
[15:08:32]ATTACK: Sergio Fiscina (ryterator) shot Elder Queen (somiktv) with a smartgun bullet in Western Jungle (<A HREF='?_src_=holder;adminplayerobservecoodjump=1;X=23;Y=42;Z=1'>JMP</a>)
[15:08:32]ATTACK: Ryterator/(Sergio Fiscina) has shot SomikTV/(Elder Queen) with [smartgun bullet] (NEWHP: 364)  (Western Jungle (23, 42, 1))
[15:08:32]ATTACK: Sergio Fiscina (ryterator) shot Elder Queen (somiktv) with a smartgun bullet in Western Jungle (<A HREF='?_src_=holder;adminplayerobservecoodjump=1;X=23;Y=42;Z=1'>JMP</a>)
[15:08:32]ATTACK: ZyberCpechnaz/(Zackary Braun) has shot SomikTV/(Elder Queen) with [additional flechette] (NEWHP: 350)  (Western Jungle (25, 44, 1))
[15:08:32]ATTACK: Zackary Braun (zybercpechnaz) shot Elder Queen (somiktv) with an additional flechette in Western Jungle (<A HREF='?_src_=holder;adminplayerobservecoodjump=1;X=25;Y=44;Z=1'>JMP</a>)
[15:08:32]ATTACK: ZyberCpechnaz/(Zackary Braun) has shot SomikTV/(Elder Queen) with [additional flechette] (NEWHP: 321.8)  (Western Jungle (25, 44, 1))
[15:08:32]ATTACK: Zackary Braun (zybercpechnaz) shot Elder Queen (somiktv) with an additional flechette in Western Jungle (<A HREF='?_src_=holder;adminplayerobservecoodjump=1;X=25;Y=44;Z=1'>JMP</a>)
[15:08:33]ATTACK: Ryterator/(Sergio Fiscina) has shot SomikTV/(Elder Queen) with [smartgun bullet] (NEWHP: 294.8)  (Western Jungle (23, 44, 1))
[15:08:33]ATTACK: Sergio Fiscina (ryterator) shot Elder Queen (somiktv) with a smartgun bullet in Western Jungle (<A HREF='?_src_=holder;adminplayerobservecoodjump=1;X=23;Y=44;Z=1'>JMP</a>)
[15:08:33]ATTACK: Ryterator/(Sergio Fiscina) has shot SomikTV/(Elder Queen) with [smartgun bullet] (NEWHP: 290.8)  (Western Jungle (23, 44, 1))
[15:08:33]ATTACK: Sergio Fiscina (ryterator) shot Elder Queen (somiktv) with a smartgun bullet in Western Jungle (<A HREF='?_src_=holder;adminplayerobservecoodjump=1;X=23;Y=44;Z=1'>JMP</a>)
[15:08:35]ATTACK: Ryterator/(Sergio Fiscina) has shot *no key*/(neaera (23)) with [smartgun bullet] (NEWHP: 40)  (Western Jungle (23, 47, 1))
[15:08:35]ATTACK: Sergio Fiscina (ryterator) shot the neaera (23) () with a smartgun bullet in Western Jungle (<A HREF='?_src_=holder;adminplayerobservecoodjump=1;X=23;Y=47;Z=1'>JMP</a>)
[15:08:35]ATTACK: Ryterator/(Sergio Fiscina) has shot *no key*/(neaera (23)) with [smartgun bullet] (NEWHP: 10)  (Western Jungle (23, 47, 1))
[15:08:35]ATTACK: Sergio Fiscina (ryterator) shot the neaera (23) () with a smartgun bullet in Western Jungle (<A HREF='?_src_=holder;adminplayerobservecoodjump=1;X=23;Y=47;Z=1'>JMP</a>)
[15:08:35]ATTACK: Ryterator/(Sergio Fiscina) has shot *no key*/(neaera (23)) with [smartgun bullet] (NEWHP: -19)  (Western Jungle (23, 48, 1))
[15:08:35]ATTACK: Sergio Fiscina (ryterator) shot the neaera (23) () with a smartgun bullet in Western Jungle (<A HREF='?_src_=holder;adminplayerobservecoodjump=1;X=23;Y=48;Z=1'>JMP</a>)
[15:08:36]ATTACK: Ryterator/(Sergio Fiscina) has shot *no key*/(neaera (23)) with [smartgun bullet] (NEWHP: -47)  (Western Jungle (23, 48, 1))
[15:08:36]ATTACK: Sergio Fiscina (ryterator) shot the neaera (23) () with a smartgun bullet in Western Jungle (<A HREF='?_src_=holder;adminplayerobservecoodjump=1;X=23;Y=48;Z=1'>JMP</a>)
[15:08:36]ATTACK: Ryterator/(Sergio Fiscina) has shot *no key*/(neaera (23)) with [smartgun bullet] (NEWHP: -78)  (Western Jungle (23, 48, 1))
[15:08:36]ATTACK: Sergio Fiscina (ryterator) shot the neaera (23) () with a smartgun bullet in Western Jungle (<A HREF='?_src_=holder;adminplayerobservecoodjump=1;X=23;Y=48;Z=1'>JMP</a>)
[15:08:36]ATTACK: Ryterator/(Sergio Fiscina) has shot *no key*/(neaera (23)) with [smartgun bullet] (NEWHP: -100)  (Western Jungle (23, 48, 1))
[15:08:36]ATTACK: Sergio Fiscina (ryterator) shot the neaera (23) () with a smartgun bullet in Western Jungle (<A HREF='?_src_=holder;adminplayerobservecoodjump=1;X=23;Y=48;Z=1'>JMP</a>)
[15:08:37]ATTACK: Ryterator/(Sergio Fiscina) has shot *no key*/(neaera (23)) with [smartgun bullet] (NEWHP: -100)  (Western Jungle (23, 48, 1))
[15:08:37]ATTACK: Sergio Fiscina (ryterator) shot the neaera (23) () with a smartgun bullet in Western Jungle (<A HREF='?_src_=holder;adminplayerobservecoodjump=1;X=23;Y=48;Z=1'>JMP</a>)
[15:08:37]ATTACK: Ryterator/(Sergio Fiscina) has shot *no key*/(neaera (23)) with [smartgun bullet] (NEWHP: -100)  (Western Jungle (23, 48, 1))
[15:08:37]ATTACK: Sergio Fiscina (ryterator) shot the neaera (23) () with a smartgun bullet in Western Jungle (<A HREF='?_src_=holder;adminplayerobservecoodjump=1;X=23;Y=48;Z=1'>JMP</a>)
[15:08:37]ATTACK: ZyberCpechnaz/(Zackary Braun) has shot *no key*/(neaera (23)) with [additional flechette] (NEWHP: -100)  (Western Jungle (25, 44, 1))
[15:08:37]ATTACK: Zackary Braun (zybercpechnaz) shot the neaera (23) () with an additional flechette in Western Jungle (<A HREF='?_src_=holder;adminplayerobservecoodjump=1;X=25;Y=44;Z=1'>JMP</a>)
[15:08:37]ATTACK: ZyberCpechnaz/(Zackary Braun) has shot *no key*/(neaera (23)) with [additional flechette] (NEWHP: -100)  (Western Jungle (25, 44, 1))
[15:08:37]ATTACK: Zackary Braun (zybercpechnaz) shot the neaera (23) () with an additional flechette in Western Jungle (<A HREF='?_src_=holder;adminplayerobservecoodjump=1;X=25;Y=44;Z=1'>JMP</a>)
[15:08:37]ATTACK: ZyberCpechnaz/(Zackary Braun) has shot *no key*/(neaera (23)) with [shotgun flechette shell] (NEWHP: -100)  (Western Jungle (25, 44, 1))
[15:08:37]ATTACK: Zackary Braun (zybercpechnaz) shot the neaera (23) () with a shotgun flechette shell in Western Jungle (<A HREF='?_src_=holder;adminplayerobservecoodjump=1;X=25;Y=44;Z=1'>JMP</a>)
[15:08:56]ATTACK: Artyuom/(Johnny Vietnam) has shot SomikTV/(Elder Queen) with [shotgun flechette shell] (NEWHP: 276.8)  (Western River (25, 68, 1))
[15:08:56]ATTACK: Johnny Vietnam (artyuom) shot Elder Queen (somiktv) with a shotgun flechette shell in Western River (<A HREF='?_src_=holder;adminplayerobservecoodjump=1;X=25;Y=68;Z=1'>JMP</a>)
[15:08:56]ATTACK: Artyuom/(Johnny Vietnam) has shot SomikTV/(Elder Queen) with [additional flechette] (NEWHP: 229.8)  (Western River (25, 69, 1))
[15:08:56]ATTACK: Johnny Vietnam (artyuom) shot Elder Queen (somiktv) with an additional flechette in Western River (<A HREF='?_src_=holder;adminplayerobservecoodjump=1;X=25;Y=69;Z=1'>JMP</a>)
[15:08:56]ATTACK: Artyuom/(Johnny Vietnam) has shot SomikTV/(Elder Queen) with [additional flechette] (NEWHP: 207.1)  (Western River (25, 69, 1))
[15:08:56]ATTACK: Johnny Vietnam (artyuom) shot Elder Queen (somiktv) with an additional flechette in Western River (<A HREF='?_src_=holder;adminplayerobservecoodjump=1;X=25;Y=69;Z=1'>JMP</a>)
[15:08:56]ATTACK: Artyuom/(Johnny Vietnam) has shot SomikTV/(Elder Queen) with [shotgun flechette shell] (NEWHP: 186.8)  (Western River (25, 69, 1))
[15:08:56]ATTACK: Johnny Vietnam (artyuom) shot Elder Queen (somiktv) with a shotgun flechette shell in Western River (<A HREF='?_src_=holder;adminplayerobservecoodjump=1;X=25;Y=69;Z=1'>JMP</a>)
[15:08:57]ATTACK: Artyuom/(Johnny Vietnam) has shot SomikTV/(Elder Queen) with [additional flechette] (NEWHP: 133.8)  (Western River (25, 68, 1))
[15:08:57]ATTACK: Johnny Vietnam (artyuom) shot Elder Queen (somiktv) with an additional flechette in Western River (<A HREF='?_src_=holder;adminplayerobservecoodjump=1;X=25;Y=68;Z=1'>JMP</a>)
[15:08:57]ATTACK: Artyuom/(Johnny Vietnam) has shot SomikTV/(Elder Queen) with [additional flechette] (NEWHP: 106.8)  (Western River (25, 68, 1))
[15:08:57]ATTACK: Johnny Vietnam (artyuom) shot Elder Queen (somiktv) with an additional flechette in Western River (<A HREF='?_src_=holder;adminplayerobservecoodjump=1;X=25;Y=68;Z=1'>JMP</a>)
[15:08:57]ATTACK: Artyuom/(Johnny Vietnam) has shot SomikTV/(Elder Queen) with [shotgun flechette shell] (NEWHP: 81.8)  (Western River (25, 68, 1))
[15:08:57]ATTACK: Johnny Vietnam (artyuom) shot Elder Queen (somiktv) with a shotgun flechette shell in Western River (<A HREF='?_src_=holder;adminplayerobservecoodjump=1;X=25;Y=68;Z=1'>JMP</a>)
[15:08:58]ATTACK: Artyuom/(Johnny Vietnam) has shot SomikTV/(Elder Queen) with [additional flechette] (NEWHP: 33.8)  (Western River (25, 68, 1))
[15:08:58]ATTACK: Johnny Vietnam (artyuom) shot Elder Queen (somiktv) with an additional flechette in Western River (<A HREF='?_src_=holder;adminplayerobservecoodjump=1;X=25;Y=68;Z=1'>JMP</a>)
[15:08:58]ATTACK: Artyuom/(Johnny Vietnam) has shot SomikTV/(Elder Queen) with [shotgun flechette shell] (NEWHP: 22.6)  (Western River (25, 68, 1))
[15:08:58]ATTACK: Johnny Vietnam (artyuom) shot Elder Queen (somiktv) with a shotgun flechette shell in Western River (<A HREF='?_src_=holder;adminplayerobservecoodjump=1;X=25;Y=68;Z=1'>JMP</a>)
[15:08:58]ATTACK: Random12234/(Marko Huegs) has shot SomikTV/(Elder Queen) with [armor-piercing rifle bullet] (NEWHP: -28.4)  (Northwest Jungle (25, 61, 1))
[15:08:58]ATTACK: Marko Huegs (random12234) shot Elder Queen (somiktv) with an armor-piercing rifle bullet in Northwest Jungle (<A HREF='?_src_=holder;adminplayerobservecoodjump=1;X=25;Y=61;Z=1'>JMP</a>)
[15:08:58]ATTACK: Artyuom/(Johnny Vietnam) has shot SomikTV/(Elder Queen) with [additional flechette] (NEWHP: -57.4)  (Northwest Jungle (25, 67, 1))
[15:08:58]ATTACK: Johnny Vietnam (artyuom) shot Elder Queen (somiktv) with an additional flechette in Northwest Jungle (<A HREF='?_src_=holder;adminplayerobservecoodjump=1;X=25;Y=67;Z=1'>JMP</a>)
[15:08:58]ATTACK: Artyuom/(Johnny Vietnam) has shot SomikTV/(Elder Queen) with [shotgun flechette shell] (NEWHP: -78.4)  (Northwest Jungle (25, 67, 1))
[15:08:58]ATTACK: Johnny Vietnam (artyuom) shot Elder Queen (somiktv) with a shotgun flechette shell in Northwest Jungle (<A HREF='?_src_=holder;adminplayerobservecoodjump=1;X=25;Y=67;Z=1'>JMP</a>)
[15:08:58]ATTACK: Artyuom/(Johnny Vietnam) has shot SomikTV/(Elder Queen) with [additional flechette] (NEWHP: -129.4)  (Northwest Jungle (25, 67, 1))
[15:08:58]ATTACK: Johnny Vietnam (artyuom) shot Elder Queen (somiktv) with an additional flechette in Northwest Jungle (<A HREF='?_src_=holder;adminplayerobservecoodjump=1;X=25;Y=67;Z=1'>JMP</a>)
[15:08:59]ATTACK: ZyberCpechnaz/(Zackary Braun) has shot Artyuom/(Johnny Vietnam) with [rifle bullet] (NEWHP: 100)  (Northwest Jungle (21, 67, 1))
[15:08:59]ATTACK: Zackary Braun (zybercpechnaz) shot Johnny Vietnam (artyuom) with a rifle bullet in Northwest Jungle (<A HREF='?_src_=holder;adminplayerobservecoodjump=1;X=21;Y=67;Z=1'>JMP</a>) (<a href='?priv_msg=[0x5000007]'>PM</a>)
[15:08:59]ATTACK: ZyberCpechnaz/(Zackary Braun) has shot Artyuom/(Johnny Vietnam) with [rifle bullet] (NEWHP: 46)  (Northwest Jungle (21, 67, 1))
[15:08:59]ATTACK: Zackary Braun (zybercpechnaz) shot Johnny Vietnam (artyuom) with a rifle bullet in Northwest Jungle (<A HREF='?_src_=holder;adminplayerobservecoodjump=1;X=21;Y=67;Z=1'>JMP</a>) (<a href='?priv_msg=[0x5000007]'>PM</a>)
[15:09:00]ATTACK: ZyberCpechnaz/(Zackary Braun) has shot Artyuom/(Johnny Vietnam) with [rifle bullet] (NEWHP: 25)  (Northwest Jungle (21, 67, 1))
[15:09:00]ATTACK: Zackary Braun (zybercpechnaz) shot Johnny Vietnam (artyuom) with a rifle bullet in Northwest Jungle (<A HREF='?_src_=holder;adminplayerobservecoodjump=1;X=21;Y=67;Z=1'>JMP</a>) (<a href='?priv_msg=[0x5000007]'>PM</a>)
[15:09:03]ATTACK: ZyberCpechnaz/(Zackary Braun) has shot Artyuom/(Johnny Vietnam) with [rifle bullet] (NEWHP: 14)  (Western River (20, 67, 1))
[15:09:03]ATTACK: Zackary Braun (zybercpechnaz) shot Johnny Vietnam (artyuom) with a rifle bullet in Western River (<A HREF='?_src_=holder;adminplayerobservecoodjump=1;X=20;Y=67;Z=1'>JMP</a>) (<a href='?priv_msg=[0x5000007]'>PM</a>)
[15:09:03]ATTACK: ZyberCpechnaz/(Zackary Braun) has shot Artyuom/(Johnny Vietnam) with [rifle bullet] (NEWHP: -39)  (Western River (20, 67, 1))
[15:09:03]ATTACK: Zackary Braun (zybercpechnaz) shot Johnny Vietnam (artyuom) with a rifle bullet in Western River (<A HREF='?_src_=holder;adminplayerobservecoodjump=1;X=20;Y=67;Z=1'>JMP</a>) (<a href='?priv_msg=[0x5000007]'>PM</a>)
[15:09:03]ATTACK: ZyberCpechnaz/(Zackary Braun) has shot Artyuom/(Johnny Vietnam) with [rifle bullet] (NEWHP: -91)  (Western River (20, 67, 1))
[15:09:03]ATTACK: Zackary Braun (zybercpechnaz) shot Unknown (as Johnny Vietnam) (artyuom) with a rifle bullet in Western River (<A HREF='?_src_=holder;adminplayerobservecoodjump=1;X=20;Y=67;Z=1'>JMP</a>) (<a href='?priv_msg=[0x5000007]'>PM</a>)
[15:09:09]ATTACK: Cremp/(Gerry Falko) has grabbed *no key*/(Colonist Jed Willis) (NEWHP: 100)  (Almayer Dropship 2 (34, 43, 1))
[15:09:09]ATTACK: Cremp/(Gerry Falko) схватил *no key*/(Colonist Jed Willis)
[15:09:22]ATTACK: NIKIGO/(Colten Stange) has grabbed Artyuom/(Johnny Vietnam) (NEWHP: -145)  (Western River (25, 68, 1))
[15:09:22]ATTACK: NIKIGO/(Colten Stange) схватил Artyuom/(Johnny Vietnam)
[15:09:33]ATTACK: Danik_10p/(Danil Olympiskii) has attempted to remove [backpack] (back) *no key*/(Colonist Jed Willis) (NEWHP: 100)  (Almayer Dropship 2 (33, 42, 1))
[15:09:43]ATTACK: NIKIGO/(Colten Stange) has grabbed Artyuom/(Johnny Vietnam) (NEWHP: -145)  (Western River (21, 68, 1))
[15:09:43]ATTACK: NIKIGO/(Colten Stange) схватил Artyuom/(Johnny Vietnam)
[15:11:04]ATTACK: Random12234/(Marko Huegs) has grabbed SomikTV/(Elder Queen) (NEWHP: -143.7)  (Northwest Jungle (25, 64, 1))
[15:11:04]ATTACK: Random12234/(Marko Huegs) схватил SomikTV/(Elder Queen)
[15:13:37]ATTACK: Cremp/(Gerry Falko) has grabbed *no key*/(Johnny Vietnam) (NEWHP: -145)  (Dropship Normandy (72, 153, 3))
[15:13:37]ATTACK: Cremp/(Gerry Falko) схватил *no key*/(Johnny Vietnam)
[15:15:20]ATTACK: NIKIGO/(Colten Stange) has grabbed SomikTV/(Elder Queen) (NEWHP: -143.7)  (Main Hallway (121, 38, 1))
[15:15:20]ATTACK: NIKIGO/(Colten Stange) схватил SomikTV/(Elder Queen)
[15:15:51]ATTACK: NIKIGO/(Colten Stange) has grabbed SomikTV/(Elder Queen) (NEWHP: -143.7)  (Main Hallway (130, 35, 1))
[15:15:51]ATTACK: NIKIGO/(Colten Stange) схватил SomikTV/(Elder Queen)
[15:16:01]ATTACK: Sewa/(Queen) has grabbed *no key*/(farwa (4)) (NEWHP: 100)  (Central Jungle (62, 40, 1))
[15:16:01]ATTACK: Sewa/(Queen) схватил *no key*/(farwa (4))
[15:16:19]ATTACK: Sewa/(Queen) has grabbed *no key*/(farwa (4)) (NEWHP: 93)  (Central Jungle (62, 35, 1))
[15:16:19]ATTACK: Sewa/(Queen) схватил *no key*/(farwa (4))
[15:16:53]ATTACK: Sewa/(Queen) has grabbed *no key*/(farwa (4)) (NEWHP: 86)  (Southwest W-Y Compound (53, 14, 1))
[15:16:53]ATTACK: Sewa/(Queen) схватил *no key*/(farwa (4))
[15:17:17]ATTACK: Cremp/(Gerry Falko) has injected *no key*/(Johnny Vietnam) with [Bicaridine autoinjector] Reagents: Bicaridine (NEWHP: -145)  (Medical Lower (108, 151, 3))
[15:17:17]ATTACK: Gerry Falko (cremp) injected Unknown (as Johnny Vietnam) () with Bicaridine autoinjector. Reagents: Bicaridine (INTENT: HELP) (<A HREF='?_src_=holder;adminplayerobservecoodjump=1;X=108;Y=151;Z=3'>JMP</a>)
[15:18:14]ATTACK: Ryterator/(Sergio Fiscina) has punched Ryterator/(Sergio Fiscina) (NEWHP: 100)  (Almayer Dropship 1 (155, 37, 1))
[15:18:14]ATTACK: Ryterator/(Sergio Fiscina) punched Ryterator/(Sergio Fiscina)
[15:18:27]ATTACK: Sewa/(Queen) has grabbed *no key*/(farwa (4)) (NEWHP: 86)  (Southwest Jungle (10, 13, 1))
[15:18:27]ATTACK: Sewa/(Queen) схватил *no key*/(farwa (4))
[15:18:37]ATTACK: Sewa/(Queen) has grabbed *no key*/(neaera (79)) (NEWHP: 100)  (Southwest Jungle (9, 14, 1))
[15:18:37]ATTACK: Sewa/(Queen) схватил *no key*/(neaera (79))
[15:18:39]ATTACK: Sewa/(Queen) has grabbed *no key*/(neaera (79)) (NEWHP: 100)  (Southwest Jungle (10, 14, 1))
[15:18:40]ATTACK: Sewa/(Queen) схватил *no key*/(neaera (79))
[15:19:07]ATTACK: Sewa/(Queen) has grabbed *no key*/(farwa (433)) (NEWHP: 100)  (Southwest Jungle (21, 18, 1))
[15:19:07]ATTACK: Sewa/(Queen) схватил *no key*/(farwa (433))
[15:26:19]ATTACK: ZyberCpechnaz/(Zackary Braun) has electrified [Nexus Dome] (Main Hallway (140, 35, 1))
[15:30:52]ATTACK: EngineerConager/(Dell Conrad) has attacked EngineerConager/(Dell Conrad) with [marine commander beret] (INTENT: HELP) (DAMTYE: BRUTE) (NEWHP: 100)  (Engine Reactor Monitoring (254, 146, 3))
[15:30:52]ATTACK: EngineerConager/(Dell Conrad) attacked EngineerConager/(Dell Conrad) with marine commander beret (INTENT: HELP) (DAMTYE: BRUTE)
[15:30:54]ATTACK: NIKIGO/(Colten Stange) has attacked NIKIGO/(Colten Stange) with [M5 'Night Raider' survival knife] (INTENT: HELP) (DAMTYE: BRUTE) (NEWHP: 100)  (Central Caves (108, 154, 1))
[15:30:54]ATTACK: NIKIGO/(Colten Stange) attacked NIKIGO/(Colten Stange) with M5 'Night Raider' survival knife (INTENT: HELP) (DAMTYE: BRUTE)
[15:35:02]ATTACK: GhostPokolenie/(Young Defender (19)) has grabbed *no key*/(farwa (4)) (NEWHP: 85)  (Southwest Jungle (9, 14, 1))
[15:35:02]ATTACK: GhostPokolenie/(Young Defender (19)) схватил *no key*/(farwa (4))
[15:35:06]ATTACK: GhostPokolenie/(Young Defender (19)) has grabbed *no key*/(farwa (433)) (NEWHP: 99)  (Southwest Jungle (10, 13, 1))
[15:35:06]ATTACK: GhostPokolenie/(Young Defender (19)) схватил *no key*/(farwa (433))
[15:35:09]ATTACK: Artyuom/(Young Runner (719)) has grabbed *no key*/(farwa (705)) (NEWHP: 100)  (Main Hallway (120, 17, 1))
[15:35:09]ATTACK: Artyuom/(Young Runner (719)) схватил *no key*/(farwa (705))
[15:35:14]ATTACK: GhostPokolenie/(Young Defender (19)) has grabbed *no key*/(neaera (79)) (NEWHP: 100)  (Southwest Jungle (11, 13, 1))
[15:35:14]ATTACK: GhostPokolenie/(Young Defender (19)) схватил *no key*/(neaera (79))
[15:35:22]ATTACK: GhostPokolenie/(Young Defender (19)) has grabbed *no key*/(neaera (79)) (NEWHP: 100)  (Southwest Jungle (12, 13, 1))
[15:35:22]ATTACK: GhostPokolenie/(Young Defender (19)) схватил *no key*/(neaera (79))
[15:36:33]ATTACK: Artyuom/(Young Runner (719)) has grabbed *no key*/(farwa (705)) (NEWHP: 100)  (Southwest Jungle (11, 13, 1))
[15:36:33]ATTACK: Artyuom/(Young Runner (719)) схватил *no key*/(farwa (705))
[15:37:24]ATTACK: GhostPokolenie/(Young Defender (19)) has grabbed *no key*/(monkey (144)) (NEWHP: 100)  (Western Jungle (16, 45, 1))
[15:37:24]ATTACK: GhostPokolenie/(Young Defender (19)) схватил *no key*/(monkey (144))
[15:37:45]ATTACK: GhostPokolenie/(Young Defender (19)) has grabbed *no key*/(monkey (890)) (NEWHP: 100)  (Northwest Jungle (13, 53, 1))
[15:37:45]ATTACK: GhostPokolenie/(Young Defender (19)) схватил *no key*/(monkey (890))
[15:38:40]ATTACK: GhostPokolenie/(Mature Defender (19)) has grabbed *no key*/(farwa (870)) (NEWHP: 100)  (Western Jungle (7, 38, 1))
[15:38:40]ATTACK: GhostPokolenie/(Mature Defender (19)) схватил *no key*/(farwa (870))
[15:38:59]ATTACK: Artyuom/(Mature Runner (719)) has grabbed *no key*/(neaera (982)) (NEWHP: 100)  (Southeast Jungle (145, 13, 1))
[15:38:59]ATTACK: Artyuom/(Mature Runner (719)) схватил *no key*/(neaera (982))
[15:39:22]ATTACK: GhostPokolenie/(Mature Defender (19)) has grabbed *no key*/(monkey (144)) (NEWHP: 100)  (Southwest Jungle (11, 13, 1))
[15:39:22]ATTACK: GhostPokolenie/(Mature Defender (19)) схватил *no key*/(monkey (144))
[15:39:32]ATTACK: Sewa/(Queen) has grabbed *no key*/(monkey (144)) (NEWHP: 100)  (Southwest Jungle (10, 14, 1))
[15:39:32]ATTACK: Sewa/(Queen) схватил *no key*/(monkey (144))
[15:39:53]ATTACK: GhostPokolenie/(Mature Defender (19)) has grabbed *no key*/(monkey (890)) (NEWHP: 100)  (Western Jungle (7, 37, 1))
[15:39:53]ATTACK: GhostPokolenie/(Mature Defender (19)) схватил *no key*/(monkey (890))
[15:40:02]ATTACK: GhostPokolenie/(Mature Defender (19)) has grabbed *no key*/(neaera (464)) (NEWHP: 100)  (Western Jungle (6, 38, 1))
[15:40:03]ATTACK: GhostPokolenie/(Mature Defender (19)) схватил *no key*/(neaera (464))
[15:40:35]ATTACK: Artyuom/(Mature Runner (719)) has grabbed *no key*/(neaera (982)) (NEWHP: 100)  (Southwest Jungle (8, 14, 1))
[15:40:35]ATTACK: Artyuom/(Mature Runner (719)) схватил *no key*/(neaera (982))
[15:40:43]ATTACK: GhostPokolenie/(Mature Defender (19)) has grabbed *no key*/(monkey (890)) (NEWHP: 100)  (Southwest Jungle (10, 12, 1))
[15:40:43]ATTACK: GhostPokolenie/(Mature Defender (19)) схватил *no key*/(monkey (890))
[15:40:52]ATTACK: GhostPokolenie/(Mature Defender (19)) has grabbed *no key*/(farwa (4)) (NEWHP: 85)  (Southwest Jungle (9, 12, 1))
[15:40:52]ATTACK: GhostPokolenie/(Mature Defender (19)) схватил *no key*/(farwa (4))
[15:40:57]ATTACK: GhostPokolenie/(Mature Defender (19)) has grabbed *no key*/(farwa (433)) (NEWHP: 99)  (Southwest Jungle (10, 12, 1))
[15:40:57]ATTACK: GhostPokolenie/(Mature Defender (19)) схватил *no key*/(farwa (433))
[15:41:03]ATTACK: GhostPokolenie/(Mature Defender (19)) has grabbed *no key*/(neaera (79)) (NEWHP: 100)  (Southwest Jungle (12, 13, 1))
[15:41:03]ATTACK: GhostPokolenie/(Mature Defender (19)) схватил *no key*/(neaera (79))
[15:41:14]ATTACK: EngineerConager/(Dell Conrad) has injected EngineerConager/(Dell Conrad) with [Oxycodone (EXTREME PAINKILLER) autoinjector] Reagents: Oxycodone (NEWHP: 100)  (Medical Lower (110, 152, 3))
[15:41:14]ATTACK: Dell Conrad (engineerconager) injected Dell Conrad (EngineerConager) with Oxycodone (EXTREME PAINKILLER) autoinjector. Reagents: Oxycodone (INTENT: HELP) (<A HREF='?_src_=holder;adminplayerobservecoodjump=1;X=110;Y=152;Z=3'>JMP</a>)
[15:42:37]ATTACK: GhostPokolenie/(Young Warrior (19)) has grabbed *no key*/(monkey (207)) (NEWHP: 100)  (Northwest Jungle (57, 77, 1))
[15:42:37]ATTACK: GhostPokolenie/(Young Warrior (19)) схватил *no key*/(monkey (207))
[15:43:02]ATTACK: Ryterator/(Sergio Fiscina) has shot Artyuom/(Mature Runner (719)) with [smartgun bullet] (NEWHP: 120)  (Cargo Bay (134, 43, 1))
[15:43:02]ATTACK: Sergio Fiscina (ryterator) shot Mature Runner (719) (artyuom) with a smartgun bullet in Cargo Bay (<A HREF='?_src_=holder;adminplayerobservecoodjump=1;X=134;Y=43;Z=1'>JMP</a>)
[15:43:20]ATTACK: GhostPokolenie/(Young Warrior (19)) has grabbed *no key*/(neaera (59)) (NEWHP: 100)  (Western River (20, 66, 1))
[15:43:20]ATTACK: GhostPokolenie/(Young Warrior (19)) схватил *no key*/(neaera (59))
[15:44:44]ATTACK: Artyuom/(Elder Runner (719)) has grabbed Ryterator/(Sergio Fiscina) (NEWHP: 100)  (Main Hallway (135, 39, 1))
[15:44:44]ATTACK: Artyuom/(Elder Runner (719)) схватил Ryterator/(Sergio Fiscina)
[15:45:39]ATTACK: Artyuom/(Elder Runner (719)) has slashed Random12234/(Marko Huegs) (NEWHP: 100)  (Female Dorm (130, 48, 1))
[15:45:39]ATTACK: Artyuom/(Elder Runner (719)) has slashed Random12234/(Marko Huegs) (NEWHP: 81)  (Female Dorm (130, 48, 1))
[15:45:42]ATTACK: Artyuom/(Elder Runner (719)) has tail-stabbed Random12234/(Marko Huegs) (NEWHP: 81)  (Female Dorm (130, 50, 1))
[15:45:43]ATTACK: Artyuom/(Elder Runner (719)) has tail-stabbed Random12234/(Marko Huegs) (NEWHP: 81)  (Female Dorm (130, 49, 1))
[15:45:44]ATTACK: Artyuom/(Elder Runner (719)) has slashed Random12234/(Marko Huegs) (NEWHP: 51)  (Female Dorm (131, 47, 1))
[15:45:51]ATTACK: Random12234/(Marko Huegs) has shot Artyuom/(Elder Runner (719)) with [armor-piercing rifle bullet] (NEWHP: 150)  (Female Dorm (131, 50, 1))
[15:45:51]ATTACK: Marko Huegs (random12234) shot Elder Runner (719) (artyuom) with an armor-piercing rifle bullet in Female Dorm (<A HREF='?_src_=holder;adminplayerobservecoodjump=1;X=131;Y=50;Z=1'>JMP</a>)
[15:45:51]ATTACK: Random12234/(Marko Huegs) has shot Artyuom/(Elder Runner (719)) with [armor-piercing rifle bullet] (NEWHP: 118)  (Female Dorm (131, 50, 1))
[15:45:51]ATTACK: Marko Huegs (random12234) shot Elder Runner (719) (artyuom) with an armor-piercing rifle bullet in Female Dorm (<A HREF='?_src_=holder;adminplayerobservecoodjump=1;X=131;Y=50;Z=1'>JMP</a>)
[15:45:52]ATTACK: Artyuom/(Elder Runner (719)) has slashed Random12234/(Marko Huegs) (NEWHP: 11.2)  (Female Dorm (130, 50, 1))
[15:45:52]ATTACK: Random12234/(Marko Huegs) has shot Artyuom/(Elder Runner (719)) with [armor-piercing rifle bullet] (NEWHP: 83)  (Female Dorm (131, 50, 1))
[15:45:52]ATTACK: Unknown (as Marko Huegs) (random12234) shot Elder Runner (719) (artyuom) with an armor-piercing rifle bullet in Female Dorm (<A HREF='?_src_=holder;adminplayerobservecoodjump=1;X=131;Y=50;Z=1'>JMP</a>)
[15:45:52]ATTACK: Artyuom/(Elder Runner (719)) has slashed Random12234/(Marko Huegs) (NEWHP: 3.7)  (Female Dorm (130, 50, 1))
[15:46:07]ATTACK: NIKIGO/(Colten Stange) has shot Artyuom/(Elder Runner (719)) with [A19 high velocity bullet] (NEWHP: 101)  (Main Hallway (134, 37, 1))
[15:46:07]ATTACK: Colten Stange (nikigo) shot Elder Runner (719) (artyuom) with A19 high velocity bullet in Main Hallway (<A HREF='?_src_=holder;adminplayerobservecoodjump=1;X=134;Y=37;Z=1'>JMP</a>)
[15:46:12]ATTACK: NIKIGO/(Colten Stange) has shot Random12234/(Marko Huegs) with [A19 high velocity incendiary bullet] (NEWHP: -15.3)  (Main Hallway (135, 37, 1))
[15:46:12]ATTACK: Colten Stange (nikigo) shot Unknown (as Marko Huegs) (random12234) with A19 high velocity incendiary bullet in Main Hallway (<A HREF='?_src_=holder;adminplayerobservecoodjump=1;X=135;Y=37;Z=1'>JMP</a>) (<a href='?priv_msg=[0x5000003]'>PM</a>)
[15:46:24]ATTACK: ZyberCpechnaz/(Zackary Braun) has grabbed Random12234/(Marko Huegs) (NEWHP: -85.3)  (Cargo Bay (136, 44, 1))
[15:46:24]ATTACK: ZyberCpechnaz/(Zackary Braun) схватил Random12234/(Marko Huegs)
[15:46:32]ATTACK: NIKIGO/(Colten Stange) has grabbed Random12234/(Marko Huegs) (NEWHP: -106.3)  (Main Hallway (134, 38, 1))
[15:46:32]ATTACK: NIKIGO/(Colten Stange) схватил Random12234/(Marko Huegs)
[15:46:32]ATTACK: ZyberCpechnaz/(Zackary Braun) has grabbed Random12234/(Marko Huegs) (NEWHP: -106.3)  (Main Hallway (135, 37, 1))
[15:46:32]ATTACK: ZyberCpechnaz/(Zackary Braun) схватил Random12234/(Marko Huegs)
[15:47:45]ATTACK: Sewa/(Elder Queen) has grabbed *no key*/(neaera (464)) (NEWHP: 100)  (Southwest Jungle (10, 14, 1))
[15:47:45]ATTACK: Sewa/(Elder Queen) схватил *no key*/(neaera (464))
[15:48:27]ATTACK: NIKIGO/(Colten Stange) has shot Artyuom/(Elder Runner (719)) with [A19 high velocity bullet] (NEWHP: 150)  (Main Hallway (140, 37, 1))
[15:48:27]ATTACK: Colten Stange (nikigo) shot Elder Runner (719) (artyuom) with A19 high velocity bullet in Main Hallway (<A HREF='?_src_=holder;adminplayerobservecoodjump=1;X=140;Y=37;Z=1'>JMP</a>)
[15:48:28]ATTACK: NIKIGO/(Colten Stange) has shot Artyuom/(Elder Runner (719)) with [A19 high velocity bullet] (NEWHP: 104)  (Main Hallway (140, 37, 1))
[15:48:28]ATTACK: Colten Stange (nikigo) shot Elder Runner (719) (artyuom) with A19 high velocity bullet in Main Hallway (<A HREF='?_src_=holder;adminplayerobservecoodjump=1;X=140;Y=37;Z=1'>JMP</a>)
[15:49:27]ATTACK: NIKIGO/(Colten Stange) has shot GhostPokolenie/(Young Warrior (19)) with [A19 high velocity impact bullet] (NEWHP: 190)  (Main Hallway (140, 38, 1))
[15:49:27]ATTACK: Colten Stange (nikigo) shot Young Warrior (19) (ghostpokolenie) with A19 high velocity impact bullet in Main Hallway (<A HREF='?_src_=holder;adminplayerobservecoodjump=1;X=140;Y=38;Z=1'>JMP</a>)
[15:49:28]ATTACK: ZyberCpechnaz/(Zackary Braun) has grabbed *no key*/(Marko Huegs) (NEWHP: -122.3)  (Dropship Alamo (93, 153, 3))
[15:49:28]ATTACK: ZyberCpechnaz/(Zackary Braun) схватил *no key*/(Marko Huegs)
[15:49:29]ATTACK: NIKIGO/(Colten Stange) has shot GhostPokolenie/(Young Warrior (19)) with [A19 high velocity impact bullet] (NEWHP: 148)  (Main Hallway (140, 38, 1))
[15:49:29]ATTACK: Colten Stange (nikigo) shot Young Warrior (19) (ghostpokolenie) with A19 high velocity impact bullet in Main Hallway (<A HREF='?_src_=holder;adminplayerobservecoodjump=1;X=140;Y=38;Z=1'>JMP</a>)
[15:49:37]ATTACK: Danik_10p/(Danil Olympiskii) has attacked Danik_10p/(Danil Olympiskii) with [plant analyzer] (INTENT: HELP) (DAMTYE: BRUTE) (NEWHP: 76.5)  (Medical Research laboratories (156, 256, 3))
[15:49:37]ATTACK: Danik_10p/(Danil Olympiskii) attacked Danik_10p/(Danil Olympiskii) with plant analyzer (INTENT: HELP) (DAMTYE: BRUTE)
[15:49:56]ATTACK: ZyberCpechnaz/(Zackary Braun) has grabbed *no key*/(Marko Huegs) (NEWHP: -122.3)  (Medical Lower (106, 150, 3))
[15:49:56]ATTACK: ZyberCpechnaz/(Zackary Braun) схватил *no key*/(Marko Huegs)
[15:50:21]ATTACK: Ryterator/(Sergio Fiscina) has shot Random12234/(Young Sentinel (140)) with [smartgun bullet] (NEWHP: 130)  (Main Hallway (140, 38, 1))
[15:50:21]ATTACK: Sergio Fiscina (ryterator) shot Young Sentinel (140) (random12234) with a smartgun bullet in Main Hallway (<A HREF='?_src_=holder;adminplayerobservecoodjump=1;X=140;Y=38;Z=1'>JMP</a>)
[15:50:21]ATTACK: Ryterator/(Sergio Fiscina) has shot Random12234/(Young Sentinel (140)) with [smartgun bullet] (NEWHP: 102)  (Main Hallway (140, 38, 1))
[15:50:21]ATTACK: Sergio Fiscina (ryterator) shot Young Sentinel (140) (random12234) with a smartgun bullet in Main Hallway (<A HREF='?_src_=holder;adminplayerobservecoodjump=1;X=140;Y=38;Z=1'>JMP</a>)
[15:50:21]ATTACK: Ryterator/(Sergio Fiscina) has shot Random12234/(Young Sentinel (140)) with [smartgun bullet] (NEWHP: 73)  (Main Hallway (140, 38, 1))
[15:50:21]ATTACK: Sergio Fiscina (ryterator) shot Young Sentinel (140) (random12234) with a smartgun bullet in Main Hallway (<A HREF='?_src_=holder;adminplayerobservecoodjump=1;X=140;Y=38;Z=1'>JMP</a>)
[15:50:22]ATTACK: Ryterator/(Sergio Fiscina) has shot Random12234/(Young Sentinel (140)) with [smartgun bullet] (NEWHP: 43)  (Main Hallway (140, 38, 1))
[15:50:22]ATTACK: Sergio Fiscina (ryterator) shot Young Sentinel (140) (random12234) with a smartgun bullet in Main Hallway (<A HREF='?_src_=holder;adminplayerobservecoodjump=1;X=140;Y=38;Z=1'>JMP</a>)
[15:50:22]ATTACK: Ryterator/(Sergio Fiscina) has shot Random12234/(Young Sentinel (140)) with [smartgun bullet] (NEWHP: 16)  (Main Hallway (140, 38, 1))
[15:50:22]ATTACK: Sergio Fiscina (ryterator) shot Young Sentinel (140) (random12234) with a smartgun bullet in Main Hallway (<A HREF='?_src_=holder;adminplayerobservecoodjump=1;X=140;Y=38;Z=1'>JMP</a>)
[15:50:22]ATTACK: Ryterator/(Sergio Fiscina) has shot Random12234/(Young Sentinel (140)) with [smartgun bullet] (NEWHP: -13)  (Main Hallway (140, 38, 1))
[15:50:22]ATTACK: Sergio Fiscina (ryterator) shot Young Sentinel (140) (random12234) with a smartgun bullet in Main Hallway (<A HREF='?_src_=holder;adminplayerobservecoodjump=1;X=140;Y=38;Z=1'>JMP</a>)
[15:50:25]ATTACK: Ryterator/(Sergio Fiscina) has shot Artyuom/(Elder Runner (719)) with [smartgun bullet] (NEWHP: 150)  (Main Hallway (141, 38, 1))
[15:50:25]ATTACK: Sergio Fiscina (ryterator) shot Elder Runner (719) (artyuom) with a smartgun bullet in Main Hallway (<A HREF='?_src_=holder;adminplayerobservecoodjump=1;X=141;Y=38;Z=1'>JMP</a>)
[15:50:26]ATTACK: GhostPokolenie/(Young Warrior (19)) has grabbed Random12234/(Young Sentinel (140)) (NEWHP: -46)  (Main Hallway (129, 35, 1))
[15:50:26]ATTACK: GhostPokolenie/(Young Warrior (19)) схватил Random12234/(Young Sentinel (140))
[15:50:28]ATTACK: GhostPokolenie/(Young Warrior (19)) has grabbed Random12234/(Young Sentinel (140)) (NEWHP: -48.5)  (Main Hallway (129, 35, 1))
[15:50:28]ATTACK: GhostPokolenie/(Young Warrior (19)) схватил Random12234/(Young Sentinel (140))
[15:50:39]ATTACK: Ryterator/(Sergio Fiscina) has shot NIKIGO/(Colten Stange) with [smartgun bullet] (NEWHP: 100)  (Main Hallway (143, 37, 1))
[15:50:40]ATTACK: Sergio Fiscina (ryterator) shot Colten Stange (nikigo) with a smartgun bullet in Main Hallway (<A HREF='?_src_=holder;adminplayerobservecoodjump=1;X=143;Y=37;Z=1'>JMP</a>) (<a href='?priv_msg=[0x500000c]'>PM</a>)
[15:50:41]ATTACK: Ryterator/(Sergio Fiscina) has shot NIKIGO/(Colten Stange) with [smartgun bullet] (NEWHP: 83)  (Main Hallway (143, 37, 1))
[15:50:41]ATTACK: Sergio Fiscina (ryterator) shot Colten Stange (nikigo) with a smartgun bullet in Main Hallway (<A HREF='?_src_=holder;adminplayerobservecoodjump=1;X=143;Y=37;Z=1'>JMP</a>) (<a href='?priv_msg=[0x500000c]'>PM</a>)
[15:50:41]ATTACK: Ryterator/(Sergio Fiscina) has shot NIKIGO/(Colten Stange) with [smartgun bullet] (NEWHP: 66)  (Main Hallway (143, 37, 1))
[15:50:41]ATTACK: Sergio Fiscina (ryterator) shot Colten Stange (nikigo) with a smartgun bullet in Main Hallway (<A HREF='?_src_=holder;adminplayerobservecoodjump=1;X=143;Y=37;Z=1'>JMP</a>) (<a href='?priv_msg=[0x500000c]'>PM</a>)
[15:50:41]ATTACK: Ryterator/(Sergio Fiscina) has shot NIKIGO/(Colten Stange) with [smartgun bullet] (NEWHP: 56)  (Main Hallway (143, 37, 1))
[15:50:41]ATTACK: Sergio Fiscina (ryterator) shot Colten Stange (nikigo) with a smartgun bullet in Main Hallway (<A HREF='?_src_=holder;adminplayerobservecoodjump=1;X=143;Y=37;Z=1'>JMP</a>) (<a href='?priv_msg=[0x500000c]'>PM</a>)
[15:50:42]ATTACK: Ryterator/(Sergio Fiscina) has shot Artyuom/(Elder Runner (719)) with [smartgun bullet] (NEWHP: 110)  (Main Hallway (144, 38, 1))
[15:50:42]ATTACK: Sergio Fiscina (ryterator) shot Elder Runner (719) (artyuom) with a smartgun bullet in Main Hallway (<A HREF='?_src_=holder;adminplayerobservecoodjump=1;X=144;Y=38;Z=1'>JMP</a>)
[15:50:42]ATTACK: Ryterator/(Sergio Fiscina) has shot Artyuom/(Elder Runner (719)) with [smartgun bullet] (NEWHP: 80)  (Main Hallway (144, 38, 1))
[15:50:42]ATTACK: Sergio Fiscina (ryterator) shot Elder Runner (719) (artyuom) with a smartgun bullet in Main Hallway (<A HREF='?_src_=holder;adminplayerobservecoodjump=1;X=144;Y=38;Z=1'>JMP</a>)
[15:50:42]ATTACK: Ryterator/(Sergio Fiscina) has shot Artyuom/(Elder Runner (719)) with [smartgun bullet] (NEWHP: 51)  (Main Hallway (144, 38, 1))
[15:50:42]ATTACK: Sergio Fiscina (ryterator) shot Elder Runner (719) (artyuom) with a smartgun bullet in Main Hallway (<A HREF='?_src_=holder;adminplayerobservecoodjump=1;X=144;Y=38;Z=1'>JMP</a>)
[15:50:49]ATTACK: NIKIGO/(Colten Stange) has injected NIKIGO/(Colten Stange) with [First-aid autoinjector] Reagents: Tricordrazine (NEWHP: 40.3)  (Main Hallway (145, 33, 1))
[15:50:49]ATTACK: Colten Stange (nikigo) injected Colten Stange (NIKIGO) with First-aid autoinjector. Reagents: Tricordrazine (INTENT: HELP) (<A HREF='?_src_=holder;adminplayerobservecoodjump=1;X=145;Y=33;Z=1'>JMP</a>)
[15:50:52]ATTACK: NIKIGO/(Colten Stange) has injected NIKIGO/(Colten Stange) with [Pain-stop autoinjector] Reagents: Tramadol (NEWHP: 40.4)  (Main Hallway (145, 34, 1))
[15:50:52]ATTACK: Colten Stange (nikigo) injected Colten Stange (NIKIGO) with Pain-stop autoinjector. Reagents: Tramadol (INTENT: HELP) (<A HREF='?_src_=holder;adminplayerobservecoodjump=1;X=145;Y=34;Z=1'>JMP</a>)
[15:50:57]ATTACK: NIKIGO/(Colten Stange) has injected NIKIGO/(Colten Stange) with [Bicaridine autoinjector] Reagents: Bicaridine (NEWHP: 41.7)  (Main Hallway (145, 35, 1))
[15:50:57]ATTACK: Colten Stange (nikigo) injected Colten Stange (NIKIGO) with Bicaridine autoinjector. Reagents: Bicaridine (INTENT: HELP) (<A HREF='?_src_=holder;adminplayerobservecoodjump=1;X=145;Y=35;Z=1'>JMP</a>)
[15:51:17]ATTACK: Ryterator/(Sergio Fiscina) has injected NIKIGO/(Colten Stange) with [Tricordrazine autoinjector] Reagents: Tricordrazine (NEWHP: 55.4)  (Main Hallway (145, 38, 1))
[15:51:17]ATTACK: Sergio Fiscina (ryterator) injected Colten Stange (NIKIGO) with Tricordrazine autoinjector. Reagents: Tricordrazine (INTENT: HELP) (<A HREF='?_src_=holder;adminplayerobservecoodjump=1;X=145;Y=38;Z=1'>JMP</a>)
[15:51:23]ATTACK: Cremp/(Gerry Falko) has injected *no key*/(Marko Huegs) with [Oxycodone (EXTREME PAINKILLER) autoinjector] Reagents: Oxycodone (NEWHP: -122.3)  (Medical Lower (107, 152, 3))
[15:51:23]ATTACK: Gerry Falko (cremp) injected Unknown (as Marko Huegs) () with Oxycodone (EXTREME PAINKILLER) autoinjector. Reagents: Oxycodone (INTENT: HELP) (<A HREF='?_src_=holder;adminplayerobservecoodjump=1;X=107;Y=152;Z=3'>JMP</a>)
[15:51:27]ATTACK: Cremp/(Gerry Falko) has injected *no key*/(Marko Huegs) with [Tricordrazine autoinjector] Reagents: Tricordrazine (NEWHP: -122.3)  (Medical Lower (107, 152, 3))
[15:51:27]ATTACK: Gerry Falko (cremp) injected Unknown (as Marko Huegs) () with Tricordrazine autoinjector. Reagents: Tricordrazine (INTENT: HELP) (<A HREF='?_src_=holder;adminplayerobservecoodjump=1;X=107;Y=152;Z=3'>JMP</a>)
[15:51:32]ATTACK: Artyuom/(Elder Runner (719)) has tail-stabbed NIKIGO/(Colten Stange) (NEWHP: 67.2)  (Alamo Landing Zone (147, 40, 1))
[15:51:33]ATTACK: Artyuom/(Elder Runner (719)) has slashed NIKIGO/(Colten Stange) (NEWHP: 68.5)  (Alamo Landing Zone (147, 40, 1))
[15:51:42]ATTACK: Ryterator/(Sergio Fiscina) has shot Artyuom/(Elder Runner (719)) with [smartpistol bullet] (NEWHP: 130.298)  (Main Hallway (145, 38, 1))
[15:51:42]ATTACK: Sergio Fiscina (ryterator) shot Elder Runner (719) (artyuom) with a smartpistol bullet in Main Hallway (<A HREF='?_src_=holder;adminplayerobservecoodjump=1;X=145;Y=38;Z=1'>JMP</a>)
[15:51:47]ATTACK: Ryterator/(Sergio Fiscina) has shot Artyuom/(Elder Runner (719)) with [smartpistol bullet] (NEWHP: 130.298)  (Main Hallway (140, 38, 1))
[15:51:47]ATTACK: Sergio Fiscina (ryterator) shot Elder Runner (719) (artyuom) with a smartpistol bullet in Main Hallway (<A HREF='?_src_=holder;adminplayerobservecoodjump=1;X=140;Y=38;Z=1'>JMP</a>)
[15:51:48]ATTACK: Ryterator/(Sergio Fiscina) has shot Artyuom/(Elder Runner (719)) with [smartpistol bullet] (NEWHP: 130.298)  (Main Hallway (140, 38, 1))
[15:51:48]ATTACK: Sergio Fiscina (ryterator) shot Elder Runner (719) (artyuom) with a smartpistol bullet in Main Hallway (<A HREF='?_src_=holder;adminplayerobservecoodjump=1;X=140;Y=38;Z=1'>JMP</a>)
[15:51:48]ATTACK: NIKIGO/(Colten Stange) has shot Artyuom/(Elder Runner (719)) with [A19 high velocity bullet] (NEWHP: 130.298)  (Alamo Landing Zone (146, 33, 1))
[15:51:48]ATTACK: Colten Stange (nikigo) shot Elder Runner (719) (artyuom) with A19 high velocity bullet in Alamo Landing Zone (<A HREF='?_src_=holder;adminplayerobservecoodjump=1;X=146;Y=33;Z=1'>JMP</a>)
[15:51:48]ATTACK: Artyuom/(Elder Runner (719)) has slashed Ryterator/(Sergio Fiscina) (NEWHP: 80)  (Main Hallway (141, 38, 1))
[15:51:49]ATTACK: NIKIGO/(Colten Stange) has shot Artyuom/(Elder Runner (719)) with [A19 high velocity bullet] (NEWHP: 92.2979)  (Alamo Landing Zone (146, 33, 1))
[15:51:49]ATTACK: Colten Stange (nikigo) shot Elder Runner (719) (artyuom) with A19 high velocity bullet in Alamo Landing Zone (<A HREF='?_src_=holder;adminplayerobservecoodjump=1;X=146;Y=33;Z=1'>JMP</a>)
[15:51:49]ATTACK: Artyuom/(Elder Runner (719)) has slashed Ryterator/(Sergio Fiscina) (NEWHP: 67.5)  (Main Hallway (141, 39, 1))
[15:51:49]ATTACK: NIKIGO/(Colten Stange) has shot Artyuom/(Elder Runner (719)) with [A19 high velocity bullet] (NEWHP: 55.2979)  (Alamo Landing Zone (146, 33, 1))
[15:51:49]ATTACK: Colten Stange (nikigo) shot Elder Runner (719) (artyuom) with A19 high velocity bullet in Alamo Landing Zone (<A HREF='?_src_=holder;adminplayerobservecoodjump=1;X=146;Y=33;Z=1'>JMP</a>)
[15:52:35]ATTACK: Artyuom/(Elder Runner (719)) has slashed NIKIGO/(Colten Stange) (NEWHP: 97.3)  (Main Hallway (141, 36, 1))
[15:52:41]ATTACK: Ryterator/(Sergio Fiscina) has shot Artyuom/(Elder Runner (719)) with [smartgun bullet] (NEWHP: 142.388)  (Main Hallway (144, 38, 1))
[15:52:41]ATTACK: Sergio Fiscina (ryterator) shot Elder Runner (719) (artyuom) with a smartgun bullet in Main Hallway (<A HREF='?_src_=holder;adminplayerobservecoodjump=1;X=144;Y=38;Z=1'>JMP</a>)
[15:52:41]ATTACK: Ryterator/(Sergio Fiscina) has shot Artyuom/(Elder Runner (719)) with [smartgun bullet] (NEWHP: 114.388)  (Main Hallway (144, 38, 1))
[15:52:41]ATTACK: Sergio Fiscina (ryterator) shot Elder Runner (719) (artyuom) with a smartgun bullet in Main Hallway (<A HREF='?_src_=holder;adminplayerobservecoodjump=1;X=144;Y=38;Z=1'>JMP</a>)
[15:52:41]ATTACK: Ryterator/(Sergio Fiscina) has shot Artyuom/(Elder Runner (719)) with [smartgun bullet] (NEWHP: 85.3879)  (Main Hallway (142, 38, 1))
[15:52:41]ATTACK: Sergio Fiscina (ryterator) shot Elder Runner (719) (artyuom) with a smartgun bullet in Main Hallway (<A HREF='?_src_=holder;adminplayerobservecoodjump=1;X=142;Y=38;Z=1'>JMP</a>)
[15:52:42]ATTACK: Ryterator/(Sergio Fiscina) has shot Artyuom/(Elder Runner (719)) with [smartgun bullet] (NEWHP: 54.3879)  (Main Hallway (140, 38, 1))
[15:52:42]ATTACK: Sergio Fiscina (ryterator) shot Elder Runner (719) (artyuom) with a smartgun bullet in Main Hallway (<A HREF='?_src_=holder;adminplayerobservecoodjump=1;X=140;Y=38;Z=1'>JMP</a>)
[15:52:42]ATTACK: Ryterator/(Sergio Fiscina) has shot Artyuom/(Elder Runner (719)) with [smartgun bullet] (NEWHP: 26.3879)  (Main Hallway (140, 38, 1))
[15:52:42]ATTACK: Sergio Fiscina (ryterator) shot Elder Runner (719) (artyuom) with a smartgun bullet in Main Hallway (<A HREF='?_src_=holder;adminplayerobservecoodjump=1;X=140;Y=38;Z=1'>JMP</a>)
[15:52:42]ATTACK: Ryterator/(Sergio Fiscina) has shot Artyuom/(Elder Runner (719)) with [smartgun bullet] (NEWHP: -1.61209)  (Main Hallway (140, 38, 1))
[15:52:42]ATTACK: Sergio Fiscina (ryterator) shot Elder Runner (719) (artyuom) with a smartgun bullet in Main Hallway (<A HREF='?_src_=holder;adminplayerobservecoodjump=1;X=140;Y=38;Z=1'>JMP</a>)
[15:53:18]ATTACK: ZyberCpechnaz/(Zackary Braun) has attempted to remove [M3 heavy armor] (jacket) *no key*/(Marko Huegs) (NEWHP: -122.3)  (Medical Lower (106, 150, 3))
[15:53:44]ATTACK: Cremp/(Gerry Falko) has fed EngineerConager/(Dell Conrad) with [pill] Reagents: tramadol(15u) (NEWHP: 100)  (Medical Lower (108, 151, 3))
[15:53:44]ATTACK: Gerry Falko (cremp) fed Dell Conrad (engineerconager) with pill Reagents: tramadol(15u) (INTENT: HELP) (<A HREF='?_src_=holder;adminplayerobservecoodjump=1;X=108;Y=151;Z=3'>JMP</a>)
[15:54:30]ATTACK: NIKIGO/(Colten Stange) has grabbed Ryterator/(Sergio Fiscina) (NEWHP: 82)  (Main Hallway (142, 38, 1))
[15:54:30]ATTACK: NIKIGO/(Colten Stange) схватил Ryterator/(Sergio Fiscina)
[15:54:47]ATTACK: Cremp/(Gerry Falko) has injected EngineerConager/(Dell Conrad) with [Oxycodone (EXTREME PAINKILLER) autoinjector] Reagents: Oxycodone (NEWHP: 100)  (Medical Lower (108, 151, 3))
[15:54:47]ATTACK: Gerry Falko (cremp) injected Dell Conrad (EngineerConager) with Oxycodone (EXTREME PAINKILLER) autoinjector. Reagents: Oxycodone (INTENT: HELP) (<A HREF='?_src_=holder;adminplayerobservecoodjump=1;X=108;Y=151;Z=3'>JMP</a>)
[15:54:49]ATTACK: Colten Stange (nikigo) primed M40 HIDP incendiary grenade (<A HREF='?_src_=holder;adminplayerobservecoodjump=1;X=156;Y=37;Z=1'>JMP</a>)
[15:54:51]ATTACK: ZyberCpechnaz/(Zackary Braun) has attempted to remove [Dell Conrad's ID Card (Commander)] (id) EngineerConager/(Dell Conrad) (NEWHP: 100)  (Medical Lower (106, 152, 3))
[15:54:58]ATTACK: Colten Stange (nikigo) primed M40 HPDP grenade (<A HREF='?_src_=holder;adminplayerobservecoodjump=1;X=140;Y=39;Z=1'>JMP</a>)
[15:55:03]ATTACK: Sergio Fiscina (ryterator) primed M40 HIDP incendiary grenade (<A HREF='?_src_=holder;adminplayerobservecoodjump=1;X=153;Y=29;Z=1'>JMP</a>)
[15:55:21]ATTACK: NIKIGO/(Colten Stange) has shot Ryterator/(Sergio Fiscina) with [A19 high velocity bullet] (NEWHP: 75.1)  (Almayer Dropship 1 (153, 33, 1))
[15:55:21]ATTACK: Colten Stange (nikigo) shot Sergio Fiscina (ryterator) with A19 high velocity bullet in the Almayer Dropship 1 (<A HREF='?_src_=holder;adminplayerobservecoodjump=1;X=153;Y=33;Z=1'>JMP</a>) (<a href='?priv_msg=[0x5000003]'>PM</a>)
[15:55:23]ATTACK: NIKIGO/(Colten Stange) has shot Artyuom/(Elder Runner (719)) with [A19 high velocity bullet] (NEWHP: 143)  (Almayer Dropship 1 (154, 36, 1))
[15:55:23]ATTACK: Colten Stange (nikigo) shot Elder Runner (719) (artyuom) with A19 high velocity bullet in the Almayer Dropship 1 (<A HREF='?_src_=holder;adminplayerobservecoodjump=1;X=154;Y=36;Z=1'>JMP</a>)
[15:55:24]ATTACK: NIKIGO/(Colten Stange) has shot Artyuom/(Elder Runner (719)) with [A19 high velocity bullet] (NEWHP: 93)  (Almayer Dropship 1 (154, 36, 1))
[15:55:24]ATTACK: Colten Stange (nikigo) shot Elder Runner (719) (artyuom) with A19 high velocity bullet in the Almayer Dropship 1 (<A HREF='?_src_=holder;adminplayerobservecoodjump=1;X=154;Y=36;Z=1'>JMP</a>)
[15:55:24]ATTACK: Ryterator/(Sergio Fiscina) has shot NIKIGO/(Colten Stange) with [smartgun bullet] (NEWHP: 100)  (Almayer Dropship 1 (152, 35, 1))
[15:55:24]ATTACK: Sergio Fiscina (ryterator) shot Colten Stange (nikigo) with a smartgun bullet in the Almayer Dropship 1 (<A HREF='?_src_=holder;adminplayerobservecoodjump=1;X=152;Y=35;Z=1'>JMP</a>) (<a href='?priv_msg=[0x500000c]'>PM</a>)
[15:55:24]ATTACK: Ryterator/(Sergio Fiscina) has shot NIKIGO/(Colten Stange) with [smartgun bullet] (NEWHP: 84)  (Almayer Dropship 1 (152, 35, 1))
[15:55:24]ATTACK: Sergio Fiscina (ryterator) shot Colten Stange (nikigo) with a smartgun bullet in the Almayer Dropship 1 (<A HREF='?_src_=holder;adminplayerobservecoodjump=1;X=152;Y=35;Z=1'>JMP</a>) (<a href='?priv_msg=[0x500000c]'>PM</a>)
[15:55:25]ATTACK: Ryterator/(Sergio Fiscina) has shot NIKIGO/(Colten Stange) with [smartgun bullet] (NEWHP: 68)  (Almayer Dropship 1 (152, 35, 1))
[15:55:25]ATTACK: Sergio Fiscina (ryterator) shot Colten Stange (nikigo) with a smartgun bullet in the Almayer Dropship 1 (<A HREF='?_src_=holder;adminplayerobservecoodjump=1;X=152;Y=35;Z=1'>JMP</a>) (<a href='?priv_msg=[0x500000c]'>PM</a>)
[15:55:48]ATTACK: Colten Stange (nikigo) primed M40 HIDP incendiary grenade (<A HREF='?_src_=holder;adminplayerobservecoodjump=1;X=160;Y=39;Z=1'>JMP</a>)
[15:55:56]ATTACK: Cremp/(Gerry Falko) has grabbed *no key*/(Marko Huegs) (NEWHP: -122.3)  (Medical Lower (106, 151, 3))
[15:55:56]ATTACK: Cremp/(Gerry Falko) схватил *no key*/(Marko Huegs)
[15:57:09]ATTACK: Cremp/(Gerry Falko) has grabbed EngineerConager/(Dell Conrad) (NEWHP: 100)  (Medical Lower (107, 151, 3))
[15:57:09]ATTACK: Cremp/(Gerry Falko) схватил EngineerConager/(Dell Conrad)
[15:57:19]ATTACK: Cremp/(Gerry Falko) has grabbed EngineerConager/(Dell Conrad) (NEWHP: 100)  (Medical Lower (108, 151, 3))
[15:57:19]ATTACK: Cremp/(Gerry Falko) схватил EngineerConager/(Dell Conrad)
[15:57:26]ATTACK: Ryterator/(Sergio Fiscina) has hit NIKIGO/(Colten Stange) with [HF2 health analyzer] (thrown) (NEWHP: 70.6)  (Dropship Alamo Transit (69, 28, 4))
[15:57:26]ATTACK: Colten Stange (nikigo) was hit by a HF2 health analyzer, thrown by Sergio Fiscina (ryterator) (<A HREF='?_src_=holder;adminplayerobservecoodjump=1;X=69;Y=27;Z=4'>JMP</a>)
[15:57:31]ATTACK: Sewa/(Elder Queen) has spat on [metal barricade] with corrosive acid (Alamo Landing Zone (147, 37, 1))
[15:57:31]ATTACK: Elder Queen (sewa) spat acid on the metal barricade.
[15:57:32]ATTACK: Sewa/(Elder Queen) has spat on [metal barricade] with corrosive acid (Alamo Landing Zone (147, 37, 1))
[15:57:32]ATTACK: Elder Queen (sewa) spat acid on the metal barricade.
[15:57:32]ATTACK: Random12234/(Mature Sentinel (140)) has grabbed *no key*/(stok (383)) (NEWHP: 100)  (Southeast Jungle (125, 13, 1))
[15:57:32]ATTACK: Random12234/(Mature Sentinel (140)) схватил *no key*/(stok (383))
[15:57:42]ATTACK: Sewa/(Elder Queen) has spat on [metal barricade] with corrosive acid (Alamo Landing Zone (147, 34, 1))
[15:57:42]ATTACK: Elder Queen (sewa) spat acid on the metal barricade.
[15:57:44]ATTACK: Sewa/(Elder Queen) has spat on [metal barricade] with corrosive acid (Alamo Landing Zone (147, 34, 1))
[15:57:44]ATTACK: Elder Queen (sewa) spat acid on the metal barricade.
[15:57:45]ATTACK: Sewa/(Elder Queen) has spat on [metal barricade] with corrosive acid (Alamo Landing Zone (147, 34, 1))
[15:57:45]ATTACK: Elder Queen (sewa) spat acid on the metal barricade.
[15:57:54]ATTACK: Sewa/(Elder Queen) has spat on [metal barricade] with corrosive acid (Alamo Landing Zone (147, 34, 1))
[15:57:54]ATTACK: Elder Queen (sewa) spat acid on the metal barricade.
[15:58:03]ATTACK: Sewa/(Elder Queen) has spat on [metal barricade] with corrosive acid (Main Hallway (142, 34, 1))
[15:58:03]ATTACK: Elder Queen (sewa) spat acid on the metal barricade.
[15:58:04]ATTACK: Sewa/(Elder Queen) has spat on [metal barricade] with corrosive acid (Main Hallway (142, 34, 1))
[15:58:04]ATTACK: Elder Queen (sewa) spat acid on the metal barricade.
[15:58:05]ATTACK: Sewa/(Elder Queen) has spat on [metal barricade] with corrosive acid (Main Hallway (142, 34, 1))
[15:58:05]ATTACK: Elder Queen (sewa) spat acid on the metal barricade.
[15:58:11]ATTACK: Sewa/(Elder Queen) has spat on [metal barricade] with corrosive acid (Main Hallway (141, 35, 1))
[15:58:11]ATTACK: Elder Queen (sewa) spat acid on the metal barricade.
[15:58:12]ATTACK: Sewa/(Elder Queen) has spat on [metal barricade] with corrosive acid (Main Hallway (141, 35, 1))
[15:58:12]ATTACK: Elder Queen (sewa) spat acid on the metal barricade.
[15:58:13]ATTACK: Sewa/(Elder Queen) has spat on [metal barricade] with corrosive acid (Main Hallway (141, 35, 1))
[15:58:13]ATTACK: Elder Queen (sewa) spat acid on the metal barricade.
[15:58:14]ATTACK: Sewa/(Elder Queen) has spat on [metal barricade] with corrosive acid (Main Hallway (141, 35, 1))
[15:58:14]ATTACK: Elder Queen (sewa) spat acid on the metal barricade.
[15:58:18]ATTACK: Cremp/(Gerry Falko) has grabbed EngineerConager/(Dell Conrad) (NEWHP: 100)  (Medical Lower (111, 143, 3))
[15:58:18]ATTACK: Cremp/(Gerry Falko) схватил EngineerConager/(Dell Conrad)
[15:58:22]ATTACK: Sewa/(Elder Queen) has spat on [metal barricade] with corrosive acid (Main Hallway (141, 38, 1))
[15:58:22]ATTACK: Elder Queen (sewa) spat acid on the metal barricade.
[15:58:24]ATTACK: Sewa/(Elder Queen) has spat on [metal barricade] with corrosive acid (Main Hallway (141, 38, 1))
[15:58:24]ATTACK: Elder Queen (sewa) spat acid on the metal barricade.
[15:58:31]ATTACK: Sewa/(Elder Queen) has spat on [metal barricade] with corrosive acid (Main Hallway (141, 39, 1))
[15:58:31]ATTACK: Elder Queen (sewa) spat acid on the metal barricade.
[15:58:34]ATTACK: Random12234/(Mature Sentinel (140)) has grabbed *no key*/(stok (383)) (NEWHP: 100)  (South Central Caves (65, 134, 1))
[15:58:34]ATTACK: Random12234/(Mature Sentinel (140)) схватил *no key*/(stok (383))
[15:58:48]ATTACK: Sewa/(Elder Queen) has spat on [metal barricade] with corrosive acid (Alamo Landing Zone (146, 39, 1))
[15:58:48]ATTACK: Elder Queen (sewa) spat acid on the metal barricade.
[15:58:49]ATTACK: Sewa/(Elder Queen) has spat on [metal barricade] with corrosive acid (Alamo Landing Zone (146, 39, 1))
[15:58:49]ATTACK: Elder Queen (sewa) spat acid on the metal barricade.
[15:58:49]ATTACK: Sewa/(Elder Queen) has spat on [plasteel] with corrosive acid (Alamo Landing Zone (146, 39, 1))
[15:58:49]ATTACK: Elder Queen (sewa) spat acid on the plasteel.
[15:58:50]ATTACK: Sewa/(Elder Queen) has spat on [metal barricade] with corrosive acid (Alamo Landing Zone (146, 39, 1))
[15:58:50]ATTACK: Elder Queen (sewa) spat acid on the metal barricade.
[15:58:52]ATTACK: Sewa/(Elder Queen) has spat on [metal barricade] with corrosive acid (Alamo Landing Zone (146, 39, 1))
[15:58:52]ATTACK: Elder Queen (sewa) spat acid on the metal barricade.
[15:58:52]ATTACK: ZyberCpechnaz/(Zackary Braun) has grabbed EngineerConager/(Dell Conrad) (NEWHP: 100)  (Medical Lower (117, 145, 3))
[15:58:52]ATTACK: ZyberCpechnaz/(Zackary Braun) схватил EngineerConager/(Dell Conrad)
[15:59:01]ATTACK: Sewa/(Elder Queen) has spat on [emergency defibrillator] with corrosive acid (Main Hallway (142, 39, 1))
[15:59:01]ATTACK: Elder Queen (sewa) spat acid on the emergency defibrillator.
[15:59:03]ATTACK: ZyberCpechnaz/(Zackary Braun) has grabbed EngineerConager/(Dell Conrad) (NEWHP: 100)  (Medical Lower (117, 145, 3))
[15:59:03]ATTACK: ZyberCpechnaz/(Zackary Braun) схватил EngineerConager/(Dell Conrad)
[15:59:05]ATTACK: Sewa/(Elder Queen) has spat on [M41A pulse rifle MK2] with corrosive acid (Main Hallway (143, 39, 1))
[15:59:05]ATTACK: Elder Queen (sewa) spat acid on M41A pulse rifle MK2.
[15:59:09]ATTACK: Sewa/(Elder Queen) has spat on [advanced trauma kit] with corrosive acid (Main Hallway (144, 37, 1))
[15:59:09]ATTACK: Elder Queen (sewa) spat acid on the advanced trauma kit.
[15:59:16]ATTACK: Sewa/(Elder Queen) has spat on [fueltank] with corrosive acid (Main Hallway (145, 37, 1))
[15:59:16]ATTACK: Elder Queen (sewa) spat acid on the fueltank.
[15:59:52]ATTACK: NIKIGO/(Colten Stange) has attacked NIKIGO/(Colten Stange) with [M5 'Night Raider' survival knife] (INTENT: HELP) (DAMTYE: BRUTE) (NEWHP: 87.3)  (Medical Lower (107, 157, 3))
[15:59:52]ATTACK: NIKIGO/(Colten Stange) attacked NIKIGO/(Colten Stange) with M5 'Night Raider' survival knife (INTENT: HELP) (DAMTYE: BRUTE)
[16:00:29]ATTACK: Sewa/(Elder Queen) has spat on [stasis bag] with corrosive acid (Main Hallway (143, 39, 1))
[16:00:29]ATTACK: Elder Queen (sewa) spat acid on the stasis bag.
[16:00:30]ATTACK: Sewa/(Elder Queen) has spat on [stasis bag] with corrosive acid (Main Hallway (143, 39, 1))
[16:00:30]ATTACK: Elder Queen (sewa) spat acid on the stasis bag.
[16:00:32]ATTACK: Sewa/(Elder Queen) has spat on [stasis bag] with corrosive acid (Main Hallway (143, 39, 1))
[16:00:32]ATTACK: Elder Queen (sewa) spat acid on the stasis bag.
[16:01:01]ATTACK: Sewa/(Elder Queen) has spat on [metal barricade] with corrosive acid (Alamo Landing Zone (147, 34, 1))
[16:01:01]ATTACK: Elder Queen (sewa) spat acid on the metal barricade.
[16:01:19]ATTACK: GhostPokolenie/(Mature Warrior (19)) has grabbed *no key*/(stok (383)) (NEWHP: 100)  (Main Hallway (142, 37, 1))
[16:01:19]ATTACK: GhostPokolenie/(Mature Warrior (19)) схватил *no key*/(stok (383))
[16:01:42]ATTACK: Random12234/(Elder Sentinel (140)) has grabbed *no key*/(stok (383)) (NEWHP: 100)  (Main Hallway (143, 37, 1))
[16:01:42]ATTACK: Random12234/(Elder Sentinel (140)) схватил *no key*/(stok (383))
[16:02:13]ATTACK: ZyberCpechnaz/(Zackary Braun) has injected @EngineerConager/(Dell Conrad) with [Oxycodone (EXTREME PAINKILLER) autoinjector] Reagents: Oxycodone (NEWHP: 100)  (Medical Lower (110, 156, 3))
[16:02:13]ATTACK: Zackary Braun (zybercpechnaz) injected Dell Conrad (@EngineerConager) with Oxycodone (EXTREME PAINKILLER) autoinjector. Reagents: Oxycodone (INTENT: GRAB) (<A HREF='?_src_=holder;adminplayerobservecoodjump=1;X=110;Y=156;Z=3'>JMP</a>)
[16:02:21]ATTACK: Sewa/(Elder Queen) has grabbed Artyuom/(Ancient Runner (719)) (NEWHP: 200)  (Alamo Landing Zone (146, 35, 1))
[16:02:21]ATTACK: Sewa/(Elder Queen) схватил Artyuom/(Ancient Runner (719))
[16:02:23]ATTACK: ZyberCpechnaz/(Zackary Braun) has grabbed @EngineerConager/(Dell Conrad) (NEWHP: 100)  (Medical Lower (110, 156, 3))
[16:02:23]ATTACK: ZyberCpechnaz/(Zackary Braun) схватил @EngineerConager/(Dell Conrad)
[16:02:39]ATTACK: Sewa/(Elder Queen) has grabbed *no key*/(stok (383)) (NEWHP: 100)  (Alamo Landing Zone (146, 38, 1))
[16:02:39]ATTACK: Sewa/(Elder Queen) схватил *no key*/(stok (383))
[16:02:46]ATTACK: Danik_10p/(Danil Olympiskii) has attempted to remove [alpha squad gloves] (hands) *no key*/(Marko Huegs) (NEWHP: -122.3)  (Medical Upper (139, 246, 3))
[16:02:46]ATTACK: Cremp/(Gerry Falko) has grabbed Ryterator/(Sergio Fiscina) (NEWHP: 96.5)  (Medical Lower (109, 150, 3))
[16:02:46]ATTACK: Cremp/(Gerry Falko) схватил Ryterator/(Sergio Fiscina)
[16:02:51]ATTACK: Danik_10p/(Danil Olympiskii) has attempted to remove [marine alpha radio headset] (wear_ear) *no key*/(Marko Huegs) (NEWHP: -122.3)  (Medical Upper (139, 246, 3))
[16:02:59]ATTACK: Danik_10p/(Danil Olympiskii) has attempted to remove [marine combat boots] (feet) *no key*/(Marko Huegs) (NEWHP: -122.3)  (Medical Upper (139, 246, 3))
[16:03:05]ATTACK: Danik_10p/(Danil Olympiskii) has attempted to remove [M10 pattern marine helmet] (head) *no key*/(Marko Huegs) (NEWHP: -122.3)  (Medical Upper (139, 246, 3))
[16:03:11]ATTACK: Sewa/(Elder Queen) has spat on [M40 HPDP grenade] with corrosive acid (Almayer Dropship 1 (153, 30, 1))
[16:03:11]ATTACK: Elder Queen (sewa) spat acid on M40 HPDP grenade.
[16:03:16]ATTACK: Sewa/(Elder Queen) has spat on [M276 pattern lifesaver bag] with corrosive acid (Almayer Dropship 1 (153, 32, 1))
[16:03:16]ATTACK: Elder Queen (sewa) spat acid on M276 pattern lifesaver bag.
[16:03:17]ATTACK: Sewa/(Elder Queen) has spat on [advanced first-aid kit] with corrosive acid (Almayer Dropship 1 (153, 32, 1))
[16:03:17]ATTACK: Elder Queen (sewa) spat acid on the advanced first-aid kit.
[16:03:42]ATTACK: Danik_10p/(Danil Olympiskii) has grabbed *no key*/(Marko Huegs) (NEWHP: -122.3)  (Medical Upper (139, 246, 3))
[16:03:42]ATTACK: Danik_10p/(Danil Olympiskii) схватил *no key*/(Marko Huegs)
[16:03:54]ATTACK: Danik_10p/(Danil Olympiskii) has attempted to remove [M3 heavy armor] (jacket) *no key*/(Johnny Vietnam) (NEWHP: -145)  (Medical Upper (139, 247, 3))
[16:03:55]ATTACK: Cremp/(Gerry Falko) has grabbed Ryterator/(Sergio Fiscina) (NEWHP: 92.5)  (Medical Lower (115, 145, 3))
[16:03:55]ATTACK: Cremp/(Gerry Falko) схватил Ryterator/(Sergio Fiscina)
[16:04:17]ATTACK: Danik_10p/(Danil Olympiskii) has attempted to remove [USCM medic fatigues] (body) *no key*/(Johnny Vietnam) (NEWHP: -145)  (Medical Upper (139, 247, 3))
[16:04:31]ATTACK: Danik_10p/(Danil Olympiskii) has attempted to remove [USCM uniform] (body) *no key*/(Marko Huegs) (NEWHP: -122.3)  (Medical Upper (140, 247, 3))
[16:04:41]ATTACK: ZyberCpechnaz/(Zackary Braun) has injected EngineerConager/(Dell Conrad) with [Hypervene autoinjector] Reagents: Hypervene (NEWHP: 100)  (Medical Lower (110, 153, 3))
[16:04:41]ATTACK: Zackary Braun (zybercpechnaz) injected Dell Conrad (EngineerConager) with Hypervene autoinjector. Reagents: Hypervene (INTENT: GRAB) (<A HREF='?_src_=holder;adminplayerobservecoodjump=1;X=110;Y=153;Z=3'>JMP</a>)
[16:05:07]ATTACK: Danik_10p/(Danil Olympiskii) has attempted to remove [M276 pattern lifesaver bag] (waist) *no key*/(Johnny Vietnam) (NEWHP: -145)  (Medical Upper (139, 247, 3))
[16:05:35]ATTACK: ZyberCpechnaz/(Zackary Braun) has injected EngineerConager/(Dell Conrad) with [Oxycodone (EXTREME PAINKILLER) autoinjector] Reagents: Oxycodone (NEWHP: 100)  (Medical Lower (110, 153, 3))
[16:05:35]ATTACK: Zackary Braun (zybercpechnaz) injected Dell Conrad (EngineerConager) with Oxycodone (EXTREME PAINKILLER) autoinjector. Reagents: Oxycodone (INTENT: GRAB) (<A HREF='?_src_=holder;adminplayerobservecoodjump=1;X=110;Y=153;Z=3'>JMP</a>)
[16:05:52]ATTACK: Danik_10p/(Danil Olympiskii) has attempted to remove [USCM medic backpack] (back) *no key*/(Johnny Vietnam) (NEWHP: -145)  (Medical Upper (139, 246, 3))
[16:06:13]ATTACK: Cremp/(Gerry Falko) has grabbed Ryterator/(Sergio Fiscina) (NEWHP: 80.5)  (Medical Lower (108, 144, 3))
[16:06:13]ATTACK: Cremp/(Gerry Falko) схватил Ryterator/(Sergio Fiscina)
[16:06:35]ATTACK: EngineerConager/(Dell Conrad) has grabbed Danik_10p/(Danil Olympiskii) (NEWHP: 57)  (Medical Lower (115, 142, 3))
[16:06:35]ATTACK: EngineerConager/(Dell Conrad) схватил Danik_10p/(Danil Olympiskii)
[16:06:38]ATTACK: ZyberCpechnaz/(Zackary Braun) has grabbed EngineerConager/(Dell Conrad) (NEWHP: 100)  (Medical Lower (114, 142, 3))
[16:06:38]ATTACK: ZyberCpechnaz/(Zackary Braun) схватил EngineerConager/(Dell Conrad)
[16:06:39]ATTACK: ZyberCpechnaz/(Zackary Braun) has grabbed EngineerConager/(Dell Conrad) (NEWHP: 100)  (Medical Upper (138, 244, 3))
[16:06:39]ATTACK: ZyberCpechnaz/(Zackary Braun) схватил EngineerConager/(Dell Conrad)
[16:06:42]ATTACK: ZyberCpechnaz/(Zackary Braun) has grabbed EngineerConager/(Dell Conrad) (NEWHP: 100)  (Medical Upper (137, 244, 3))
[16:06:42]ATTACK: ZyberCpechnaz/(Zackary Braun) схватил EngineerConager/(Dell Conrad)
[16:06:58]ATTACK: Cremp/(Gerry Falko) has grabbed Ryterator/(Sergio Fiscina) (NEWHP: 57.5)  (Medical Lower (115, 144, 3))
[16:06:58]ATTACK: Cremp/(Gerry Falko) схватил Ryterator/(Sergio Fiscina)
[16:07:02]ATTACK: Cremp/(Gerry Falko) has grabbed Ryterator/(Sergio Fiscina) (NEWHP: 55.5)  (Medical Upper (139, 244, 3))
[16:07:02]ATTACK: Cremp/(Gerry Falko) схватил Ryterator/(Sergio Fiscina)
[16:07:09]ATTACK: Danik_10p/(Danil Olympiskii) has injected Danik_10p/(Danil Olympiskii) with [Dylovene (anti-tox) autoinjector] Reagents: Dylovene (NEWHP: 57)  (Medical Lower (110, 151, 3))
[16:07:09]ATTACK: Danil Olympiskii (danik10p) injected Danil Olympiskii (Danik_10p) with Dylovene (anti-tox) autoinjector. Reagents: Dylovene (INTENT: HELP) (<A HREF='?_src_=holder;adminplayerobservecoodjump=1;X=110;Y=151;Z=3'>JMP</a>)
[16:07:32]ATTACK: Cremp/(Gerry Falko) has grabbed Ryterator/(Sergio Fiscina) (NEWHP: 52.5)  (Medical Upper (139, 245, 3))
[16:07:32]ATTACK: Cremp/(Gerry Falko) схватил Ryterator/(Sergio Fiscina)
[16:07:43]ATTACK: Danik_10p/(Danil Olympiskii) has injected Danik_10p/(Danil Olympiskii) with [Oxycodone (EXTREME PAINKILLER) autoinjector] Reagents: Oxycodone (NEWHP: 73)  (Medical Lower (110, 148, 3))
[16:07:43]ATTACK: Danil Olympiskii (danik10p) injected Danil Olympiskii (Danik_10p) with Oxycodone (EXTREME PAINKILLER) autoinjector. Reagents: Oxycodone (INTENT: HELP) (<A HREF='?_src_=holder;adminplayerobservecoodjump=1;X=110;Y=148;Z=3'>JMP</a>)
[16:07:48]ATTACK: Danik_10p/(Danil Olympiskii) has injected Danik_10p/(Danil Olympiskii) with [Tricordrazine autoinjector] Reagents: Tricordrazine (NEWHP: 75)  (Medical Lower (110, 144, 3))
[16:07:48]ATTACK: Danil Olympiskii (danik10p) injected Danil Olympiskii (Danik_10p) with Tricordrazine autoinjector. Reagents: Tricordrazine (INTENT: HELP) (<A HREF='?_src_=holder;adminplayerobservecoodjump=1;X=110;Y=144;Z=3'>JMP</a>)
[16:08:18]ATTACK: ZyberCpechnaz/(Zackary Braun) has grabbed EngineerConager/(Dell Conrad) (NEWHP: 100)  (Combat Information Center (100, 253, 3))
[16:08:18]ATTACK: ZyberCpechnaz/(Zackary Braun) схватил EngineerConager/(Dell Conrad)
[16:08:28]ATTACK: ZyberCpechnaz/(Zackary Braun) has grabbed EngineerConager/(Dell Conrad) (NEWHP: 100)  (Combat Information Center (99, 254, 3))
[16:08:28]ATTACK: ZyberCpechnaz/(Zackary Braun) схватил EngineerConager/(Dell Conrad)
[16:08:59]ATTACK: Chaburek/(Haidee Baxter) has grabbed EngineerConager/(Dell Conrad) (NEWHP: 100)  (Combat Information Center (101, 254, 3))
[16:08:59]ATTACK: Chaburek/(Haidee Baxter) схватил EngineerConager/(Dell Conrad)
[16:09:31]ATTACK: Chaburek/(Haidee Baxter) has grabbed @EngineerConager/(Dell Conrad) (NEWHP: 100)  (Astronavigational Deck (42, 154, 3))
[16:09:31]ATTACK: Chaburek/(Haidee Baxter) схватил @EngineerConager/(Dell Conrad)
[16:11:03]ATTACK: Sewa/(Elder Queen) has spat on [South East Ladders Shutters] with corrosive acid (Hallway Port (180, 122, 3))
[16:11:03]ATTACK: Elder Queen (sewa) spat acid on the South East Ladders Shutters.
[16:11:03]ATTACK: Sewa/(Elder Queen) has spat on [South East Ladders Shutters] with corrosive acid (Hallway Port (180, 122, 3))
[16:11:03]ATTACK: Elder Queen (sewa) spat acid on the South East Ladders Shutters.
[16:11:11]ATTACK: Sewa/(Elder Queen) has spat on [South East Ladders Shutters] with corrosive acid (Hallway Port (182, 122, 3))
[16:11:11]ATTACK: Elder Queen (sewa) spat acid on the South East Ladders Shutters.
[16:11:31]ATTACK: ZyberCpechnaz/(Zackary Braun) has grabbed EngineerConager/(Dell Conrad) (NEWHP: 100)  (USS Almayer Evac 5 (128, 127, 3))
[16:11:31]ATTACK: ZyberCpechnaz/(Zackary Braun) схватил EngineerConager/(Dell Conrad)
[16:12:17]ATTACK: Chaburek/(Haidee Baxter) has hit ZyberCpechnaz/(Zackary Braun) with [barbed wire] (thrown) (NEWHP: 100)  (Hallway Port (126, 127, 3))
[16:12:17]ATTACK: Zackary Braun (zybercpechnaz) was hit by a the barbed wire, thrown by Haidee Baxter (chaburek) (<A HREF='?_src_=holder;adminplayerobservecoodjump=1;X=125;Y=127;Z=3'>JMP</a>)
