

Starting up round 14:26:20
---------------------
[14:26:20]MISC: Saved mode is 'Hunter Games'
[14:26:21]ADMIN: Loading jobban_rank
[14:26:21]ADMIN: Loading Banlist
[14:26:21]DEBUG: Error setting up jobs, blank title job: /datum/job/captain.
[14:26:21]DEBUG: Error setting up jobs, blank title job: /datum/job/hop.
[14:26:21]DEBUG: Error setting up jobs, blank title job: /datum/job/assistant.
[14:26:21]DEBUG: Error setting up jobs, blank title job: /datum/job/bartender.
[14:26:21]DEBUG: Error setting up jobs, blank title job: /datum/job/chef.
[14:26:21]DEBUG: Error setting up jobs, blank title job: /datum/job/hydro.
[14:26:21]DEBUG: Error setting up jobs, blank title job: /datum/job/mining.
[14:26:21]DEBUG: Error setting up jobs, blank title job: /datum/job/janitor.
[14:26:21]DEBUG: Error setting up jobs, blank title job: /datum/job/librarian.
[14:26:21]DEBUG: Error setting up jobs, blank title job: /datum/job/lawyer.
[14:26:21]DEBUG: Error setting up jobs, blank title job: /datum/job/chaplain.
[14:26:21]DEBUG: Error setting up jobs, blank title job: /datum/job/qm.
[14:26:21]DEBUG: Error setting up jobs, blank title job: /datum/job/cargo_tech.
[14:26:21]DEBUG: Error setting up jobs, blank title job: /datum/job/chief_engineer.
[14:26:21]DEBUG: Error setting up jobs, blank title job: /datum/job/engineer.
[14:26:21]DEBUG: Error setting up jobs, blank title job: /datum/job/atmos.
[14:26:21]DEBUG: Error setting up jobs, blank title job: /datum/job/cmo.
[14:26:21]DEBUG: Error setting up jobs, blank title job: /datum/job/doctor.
[14:26:21]DEBUG: Error setting up jobs, blank title job: /datum/job/chemist.
[14:26:21]DEBUG: Error setting up jobs, blank title job: /datum/job/geneticist.
[14:26:21]DEBUG: Error setting up jobs, blank title job: /datum/job/psychiatrist.
[14:26:21]DEBUG: Error setting up jobs, blank title job: /datum/job/rd.
[14:26:21]DEBUG: Error setting up jobs, blank title job: /datum/job/scientist.
[14:26:21]DEBUG: Error setting up jobs, blank title job: /datum/job/roboticist.
[14:26:21]DEBUG: Error setting up jobs, blank title job: /datum/job/hos.
[14:26:21]DEBUG: Error setting up jobs, blank title job: /datum/job/warden.
[14:26:21]DEBUG: Error setting up jobs, blank title job: /datum/job/detective.
[14:26:21]DEBUG: Error setting up jobs, blank title job: /datum/job/officer.
[14:26:29]DEBUG: Next event in 42.812 minutes.
[14:26:30]ACCESS: Login: CM.RU/(CM.RU) from 80.240.253.147-3990586367 || BYOND v513.1513
[14:26:30]ACCESS: Login: ZyberCpechnaz/(ZyberCpechnaz) from 80.240.253.147-3990586367 || BYOND v513.1513
[14:26:30]ACCESS: Notice: ZyberCpechnaz/(ZyberCpechnaz) has the same IP (80.240.253.147) and ID (3990586367) as CM.RU/(CM.RU).
[14:26:30]ACCESS: Login: BlackCrystalic/(BlackCrystalic) from 80.240.253.147-3990586367 || BYOND v513.1513
[14:26:30]ACCESS: Notice: BlackCrystalic/(BlackCrystalic) has the same IP (80.240.253.147) and ID (3990586367) as CM.RU/(CM.RU).
[14:26:30]ACCESS: Notice: BlackCrystalic/(BlackCrystalic) has the same IP (80.240.253.147) and ID (3990586367) as ZyberCpechnaz/(ZyberCpechnaz).
[14:26:30]ACCESS: Login: SomikTV/(SomikTV) from 92.38.72.136-1578703627 || BYOND v513.1525
[14:26:30]ACCESS: Login: Cremp/(Cremp) from 176.214.40.54-492914678 || BYOND v513.1513
[14:26:30]ACCESS: Login: EngineerConager/(EngineerConager) from 176.32.153.98-2402443160 || BYOND v513.1525
[14:26:31]ACCESS: Login: Sewa/(Sewa) from 188.18.247.192-1345515308 || BYOND v513.1525
[14:26:31]ACCESS: Login: Danik_10p/(Danik_10p) from 188.163.54.53-2119476545 || BYOND v513.1522
[14:26:31]ACCESS: Logout: CM.RU/(CM.RU)
[14:26:32]ACCESS: Logout: ZyberCpechnaz/(ZyberCpechnaz)
[14:26:32]ACCESS: Logout: BlackCrystalic/(BlackCrystalic)
[14:26:32]ACCESS: Login: CM.RU/(CM.RU) from 127.0.0.1-3990586367 || BYOND v513.1513
[14:26:33]ACCESS: Logout: Sewa/(Sewa)
[14:26:33]ACCESS: Logout: SomikTV/(SomikTV)
[14:26:33]ACCESS: Logout: Danik_10p/(Danik_10p)
[14:26:33]ACCESS: Logout: EngineerConager/(EngineerConager)
[14:26:33]ACCESS: Logout: Cremp/(Cremp)
[14:26:34]DEBUG: ERROR CODE EV1.5: could not find door in USS Almayer Evac 22.
[14:26:34]DEBUG: ERROR CODE EV1.5: could not find door in USS Almayer Evac 9.
[14:26:34]DEBUG: ERROR CODE EV1.5: could not find door in USS Almayer Evac 3.
[14:26:35]ACCESS: Login: Cremp/(Cremp) from 176.214.40.54-492914678 || BYOND v513.1513
[14:26:35]ACCESS: Login: BlackCrystalic/(BlackCrystalic) from 80.240.253.147-3990586367 || BYOND v513.1513
[14:26:35]ACCESS: Notice: BlackCrystalic/(BlackCrystalic) has the same ID (3990586367) as CM.RU/(CM.RU).
[14:26:36]ACCESS: Login: Danik_10p/(Danik_10p) from 188.163.54.53-2119476545 || BYOND v513.1522
[14:26:36]ACCESS: Login: SomikTV/(SomikTV) from 92.38.72.136-1578703627 || BYOND v513.1525
[14:26:37]ACCESS: Login: Sewa/(Sewa) from 188.18.247.192-1345515308 || BYOND v513.1525
[14:26:37]ACCESS: Login: EngineerConager/(EngineerConager) from 176.32.153.98-2402443160 || BYOND v513.1525
[14:26:59]ACCESS: Login: ZyberCpechnaz/(ZyberCpechnaz) from 127.0.0.1-3990586367 || BYOND v513.1513
[14:26:59]ACCESS: Notice: ZyberCpechnaz/(ZyberCpechnaz) has the same IP (127.0.0.1) and ID (3990586367) as CM.RU/(CM.RU).
[14:26:59]ACCESS: Notice: ZyberCpechnaz/(ZyberCpechnaz) has the same ID (3990586367) as BlackCrystalic/(BlackCrystalic).
[14:27:15]ACCESS: Logout: Cremp/(Cremp)
[14:27:23]ACCESS: Login: Cremp/(Cremp) from 176.214.40.54-492914678 || BYOND v513.1513
[14:27:25]ACCESS: Logout: Cremp/(Cremp)
[14:27:29]ACCESS: Login: Cremp/(Cremp) from 176.214.40.54-492914678 || BYOND v513.1513
[14:27:37]ADMIN: BlackCrystalic/(BlackCrystalic) delayed the game.
[14:27:40]ADMIN: BlackCrystalic/(BlackCrystalic) set the mode as Distress Signal.
[14:28:30]ACCESS: Logout: Cremp/(Cremp)
[14:28:44]ADMIN: BlackCrystalic/(BlackCrystalic) removed the delay.
[14:29:05]ACCESS: Login: Cremp/(Cremp) from 176.214.40.54-839358001 || BYOND v513.1513
[14:29:06]ACCESS: Logout: Cremp/(Cremp)
[14:29:09]ACCESS: Login: Cremp/(Cremp) from 176.214.40.54-839358001 || BYOND v513.1513
[14:30:40]DEBUG: Danik_10p had Alien enabled, so we are drafting them.
[14:30:40]DEBUG: SomikTV had Alien enabled, so we are drafting them.
[14:30:40]DEBUG: Danik_10p had Survivor enabled, so we are drafting them.
[14:30:40]DEBUG: Sewa had Survivor enabled, so we are drafting them.
[14:30:40]DEBUG: SomikTV had Survivor enabled, so we are drafting them.
[14:30:41]ACCESS: Logout: *no key*/(Danik_10p)
[14:30:41]ACCESS: Login: Danik_10p/(Danil Olympiskii) from 188.163.54.53-2119476545 || BYOND v513.1522
[14:30:41]ACCESS: Logout: *no key*/(SomikTV)
[14:30:41]ACCESS: Login: SomikTV/(Eugenia Quirin) from 92.38.72.136-1578703627 || BYOND v513.1525
[14:30:41]ACCESS: Logout: *no key*/(EngineerConager)
[14:30:41]ACCESS: Login: EngineerConager/(Dell Conrad) from 176.32.153.98-2402443160 || BYOND v513.1525
[14:30:41]ACCESS: Logout: *no key*/(Eugenia Quirin)
[14:30:41]ACCESS: Login: SomikTV/(Queen) from 92.38.72.136-1578703627 || BYOND v513.1525
[14:30:50]SAY: Danik_10p/(Danil Olympiskii) "Р њмм" (Internal Affairs (49, 35, 1))
[14:30:55]ACCESS: Login: NIKIGO/(NIKIGO) from 79.104.200.2-1951049353 || BYOND v513.1525
[14:31:08]ACCESS: Logout: NIKIGO/(NIKIGO)
[14:31:15]ACCESS: Login: NIKIGO/(NIKIGO) from 79.104.200.2-1951049353 || BYOND v513.1525
[14:31:41]ACCESS: Logout: *no key*/(Sewa)
[14:31:41]ACCESS: Login: Sewa/(Kelvin Focell) from 188.18.247.192-1345515308 || BYOND v513.1525
[14:31:47]SAY: *no key*/(corgi) "Bark!" (Commandant's Quarters (106, 26, 1))
[14:31:58]ACCESS: Logout: *no key*/(ZyberCpechnaz)
[14:31:58]ACCESS: Login: ZyberCpechnaz/(Zackary Braun) from 127.0.0.1-3990586367 || BYOND v513.1513
[14:31:58]ACCESS: Notice: ZyberCpechnaz/(Zackary Braun) has the same IP (127.0.0.1) and ID (3990586367) as CM.RU/(CM.RU).
[14:31:58]ACCESS: Notice: ZyberCpechnaz/(Zackary Braun) has the same ID (3990586367) as BlackCrystalic/(BlackCrystalic).
[14:31:58]ADMIN: ZyberCpechnaz/(Zackary Braun) has been assigned as Alpha Squad Leader
[14:32:30]ACCESS: Login: GhostPokolenie/(GhostPokolenie) from 95.215.48.242-300637069 || BYOND v513.1524
[14:32:33]ACCESS: Logout: *no key*/(Cremp)
[14:32:33]ACCESS: Login: Cremp/(Gerry Falko) from 176.214.40.54-839358001 || BYOND v513.1513
[14:32:34]ACCESS: Logout: GhostPokolenie/(GhostPokolenie)
[14:32:39]ACCESS: Login: GhostPokolenie/(GhostPokolenie) from 95.215.48.242-300637069 || BYOND v513.1524
[14:33:59]ADMIN: Announce: BlackCrystalic/(BlackCrystalic) : Для всех кто будет задавать лишний вопрос про отряды - отряд теперь только 1, альфа, т.к. вчера был трабл из-за 2 отрядов. овер много отярдов для онлайна 10 - 20 человек
[14:34:36]ACCESS: Logout: *no key*/(BlackCrystalic)
[14:34:36]ACCESS: Login: BlackCrystalic/(Blacky 'GG' Crysis) from 80.240.253.147-3990586367 || BYOND v513.1513
[14:34:36]ACCESS: Notice: BlackCrystalic/(Blacky 'GG' Crysis) has the same ID (3990586367) as CM.RU/(CM.RU).
[14:34:36]ACCESS: Notice: BlackCrystalic/(Blacky 'GG' Crysis) has the same ID (3990586367) as ZyberCpechnaz/(Zackary Braun).
[14:34:50]SAY: EngineerConager/(Dell Conrad) (Command Announcement) "Command Announcement - Добрый день морпехи 
Брифинг назначен на 12:15 
 - Dell Conrad (Commander)" (Combat Information Center (100, 252, 3))
[14:35:56]ACCESS: Logout: *no key*/(GhostPokolenie)
[14:35:56]ACCESS: Login: GhostPokolenie/(Abel Luna) from 95.215.48.242-300637069 || BYOND v513.1524
[14:36:03]ACCESS: Logout: GhostPokolenie/(Abel Luna)
[14:36:04]ACCESS: Logout: *no key*/(NIKIGO)
[14:36:04]ACCESS: Login: NIKIGO/(Colten Stange) from 79.104.200.2-1951049353 || BYOND v513.1525
[14:36:04]ADMIN: NIKIGO/(Colten Stange) has been assigned as Alpha Squad Specialist
[14:36:50]ACCESS: Login: GhostPokolenie/(Abel Luna) from 95.215.48.242-300637069 || BYOND v513.1524
[14:36:52]ACCESS: Logout: GhostPokolenie/(Abel Luna)
[14:36:56]ACCESS: Login: GhostPokolenie/(Abel Luna) from 95.215.48.242-300637069 || BYOND v513.1524
[14:37:00]SAY: ZyberCpechnaz/(Zackary Braun) "Р ‘ери" (Squad Alpha Cargo (207, 178, 3))
[14:37:03]SAY: ZyberCpechnaz/(Zackary Braun) "Р ‘БЕРИ" (Squad Alpha Cargo (207, 178, 3))
[14:37:06]SAY: ZyberCpechnaz/(Zackary Braun) "Р ‘Бери" (Squad Alpha Cargo (207, 178, 3))
[14:37:28]SAY: ZyberCpechnaz/(Zackary Braun) "Р ўакс, тебе что-то нужно?" (Squad Alpha Cargo (205, 176, 3))
[14:37:33]SAY: ZyberCpechnaz/(Zackary Braun) "Р ”елаем всё бытро" (Squad Alpha Cargo (205, 176, 3))
[14:37:42]SAY: NIKIGO/(Colten Stange) "Р ’роде нет" (Squad Alpha Cargo (205, 179, 3))
[14:37:43]SAY: Sewa/(Kelvin Focell) (ghost) "f" (North Central Caves (76, 212, 1))
[14:37:46]SAY: Sewa/(Kelvin Focell) (ghost) "в" (North Central Caves (76, 212, 1))
[14:37:56]ADMIN: Danik_10p/(Danil Olympiskii) used a megaphone to say: >Р ђА<
[14:38:00]SAY: Sewa/(Kelvin Focell) (ghost) "ф" (North Central Caves (76, 212, 1))
[14:38:22]SAY: Sewa/(Kelvin Focell) (ghost) "йцукенгшщзхъэждлорпавыфюбьтимсч (North Central Caves (76, 210, 1))
[14:39:06]EMOTE: SomikTV/(Queen) <B>The Queen</B> roars! (North Western Caves (48, 185, 1))
[14:39:25]SAY: *no key*/(corgi) "Woof!" (Commandant's Quarters (104, 26, 1))
[14:39:32]ACCESS: Logout: NIKIGO/(Colten Stange)
[14:39:36]EMOTE: SomikTV/(Queen) <B>The Queen</B> roars! (Western Caves (41, 166, 1))
[14:40:21]ACCESS: Login: NIKIGO/(Colten Stange) from 79.104.200.2-1951049353 || BYOND v513.1525
[14:40:23]ACCESS: Logout: NIKIGO/(Colten Stange)
[14:40:27]ACCESS: Login: NIKIGO/(Colten Stange) from 79.104.200.2-1951049353 || BYOND v513.1525
[14:40:58]ACCESS: Login: Artyuom/(Artyuom) from 95.174.127.234-114134526 || BYOND v512.1488
[14:41:00]ACCESS: Logout: Artyuom/(Artyuom)
[14:41:03]ACCESS: Login: Artyuom/(Artyuom) from 95.174.127.234-114134526 || BYOND v512.1488
[14:41:07]ACCESS: Logout: Artyuom/(Artyuom)
[14:41:12]SAY: *no key*/(corgi) "AUUUUUU" (Commandant's Quarters (105, 26, 1))
[14:41:42]ACCESS: Login: Artyuom/(Artyuom) from 95.174.127.234-114134526 || BYOND v513.1517
[14:41:44]ACCESS: Logout: Artyuom/(Artyuom)
[14:41:48]ACCESS: Login: Artyuom/(Artyuom) from 95.174.127.234-114134526 || BYOND v513.1517
[14:42:16]ACCESS: Logout: *no key*/(Artyuom)
[14:42:16]ACCESS: Login: Artyuom/(Johnny Vietnam) from 95.174.127.234-114134526 || BYOND v513.1517
[14:42:16]ADMIN: Artyuom/(Johnny Vietnam) has been assigned as Alpha Squad Medic
[14:42:58]SAY: Danik_10p/(Danil Olympiskii) "Р ђло" (Internal Affairs (51, 31, 1))
[14:43:09]SAY: Danik_10p/(Danil Olympiskii) "Р •сть кто живой?" (Internal Affairs (51, 31, 1))
[14:44:09]SAY: *no key*/(corgi) "Bark!" (Commandant's Quarters (106, 26, 1))
[14:44:10]SAY: Danik_10p/(Danil Olympiskii) "Р ђло ало" (Internal Affairs (52, 31, 1))
[14:45:01]SAY: Danik_10p/(Danil Olympiskii) "Р ђло" (Internal Affairs (53, 30, 1))
[14:45:06]SAY: Danik_10p/(Danil Olympiskii) "Р °ааа АЛО" (Internal Affairs (53, 30, 1))
[14:45:58]EMOTE: SomikTV/(Queen) <B>The Queen</B> roars! (North Central Caves (116, 199, 1))
[14:45:58]SAY: Artyuom/(Johnny Vietnam) "Р јагнетик харнест и кит с драбовиком" (Squad Alpha Cargo (175, 176, 3))
[14:46:11]EMOTE: SomikTV/(Queen) <B>The Queen</B> roars! (North Eastern Caves (141, 199, 1))
[14:46:34]EMOTE: SomikTV/(Queen) <B>The Queen</B> roars! (Eastern Caves (143, 168, 1))
[14:46:41]SAY: NIKIGO/(Colten Stange) "Р §то у нас по мремени высадки ?" (Squad Alpha Cargo (178, 173, 3))
[14:47:09]SAY: *no key*/(МилкиВей) "HSSSSS" (Commander's Bunk (96, 270, 3))
[14:47:20]EMOTE: SomikTV/(Queen) <B>The Queen</B> roars! (Central Caves (109, 151, 1))
[14:47:33]EMOTE: SomikTV/(Queen) <B>The Queen</B> roars! (Central Caves (86, 166, 1))
[14:47:58]SAY: *no key*/(МилкиВей) "HSSSSS" (Commander's Bunk (96, 270, 3))
[14:47:59]EMOTE: SomikTV/(Queen) <B>The Queen</B> roars! (North Central Barrens (93, 135, 1))
[14:48:10]EMOTE: SomikTV/(Queen) <B>The Queen</B> roars! (Central Caves (107, 146, 1))
[14:48:17]EMOTE: SomikTV/(Queen) <B>The Queen</B> roars! (North Central Barrens (107, 139, 1))
[14:48:29]SAY: ZyberCpechnaz/(Zackary Braun) "Р ђЛЬФА" (Hallway Starboard (180, 162, 3))
[14:48:31]SAY: NIKIGO/(Colten Stange) "Р ’ какое врему нас высадка" (Hallway Starboard (149, 163, 3))
[14:48:35]SAY: EngineerConager/(Dell Conrad) "РЎ‹ Чего сидим ?" (Briefing Area (170, 156, 3))
[14:48:38]SAY: ZyberCpechnaz/(Zackary Braun) "Р ђЛЬФА, СТРОЙС&У БРИФИНГА" (Hallway Starboard (180, 162, 3))
[14:48:45]SAY: EngineerConager/(Dell Conrad) "Р ° Бегом на Аламо !" (Briefing Area (170, 156, 3))
[14:48:55]SAY: EngineerConager/(Dell Conrad) "Р ‘ Быстро" (Briefing Area (170, 159, 3))
[14:48:56]EMOTE: SomikTV/(Queen) <B>The Queen</B> roars! (North Eastern Barrens (119, 133, 1))
[14:49:04]SAY: ZyberCpechnaz/(Zackary Braun) "Р ’СЕ БЕГОМ НА АЛАМО, ТАМ БУДЕТ РАСЧЁТ!" (Briefing Area (171, 158, 3))
[14:49:13]SAY: ZyberCpechnaz/(Zackary Braun) "Р ’ВСЕ" (Briefing Area (173, 157, 3))
[14:49:14]SAY: NIKIGO/(Colten Stange) "Р ґа емае" (Briefing Area (172, 156, 3))
[14:49:19]ADMIN: EngineerConager/(Dell Conrad) used a megaphone to say: >Р  так господа<
[14:49:28]SAY: EngineerConager/(Dell Conrad) "Р љ Куда ?!" (Hull Lower (174, 152, 3))
[14:49:35]EMOTE: EngineerConager/(Dell Conrad) <B>CDR Dell Conrad</B> Вздох (Briefing Area (169, 155, 3))
[14:50:35]ACCESS: Login: Random12234/(Random12234) from 91.216.61.199-3230727184 || BYOND v513.1517
[14:50:38]ACCESS: Logout: Random12234/(Random12234)
[14:50:42]ACCESS: Login: Random12234/(Random12234) from 91.216.61.199-3230727184 || BYOND v513.1517
[14:50:55]ACCESS: Login: Ryterator/(Ryterator) from 5.165.213.165-213703965 || BYOND v513.1525
[14:51:01]ACCESS: Logout: Ryterator/(Ryterator)
[14:51:21]ACCESS: Login: Ryterator/(Ryterator) from 5.165.213.165-213703965 || BYOND v513.1525
[14:51:34]SAY: EngineerConager/(Dell Conrad) "Р ’сем морпеха проследовать на Аламо и приготовитск высадке !" (Dropship Alamo (89, 153, 3))
[14:52:00]ACCESS: Logout: *no key*/(Random12234)
[14:52:00]ACCESS: Login: Random12234/(Marko Huegs) from 91.216.61.199-3230727184 || BYOND v513.1517
[14:52:08]ACCESS: Logout: *no key*/(Ryterator)
[14:52:08]ACCESS: Login: Ryterator/(Sergio Fiscina) from 5.165.213.165-213703965 || BYOND v513.1525
[14:52:08]ADMIN: Ryterator/(Sergio Fiscina) has been assigned as Alpha Squad Smartgunner
[14:52:30]ACCESS: Logout: Ryterator/(Sergio Fiscina)
[14:52:47]ACCESS: Login: Ryterator/(Sergio Fiscina) from 5.165.213.165-213703965 || BYOND v513.1525
[14:52:49]ACCESS: Logout: Ryterator/(Sergio Fiscina)
[14:52:52]ACCESS: Login: Ryterator/(Sergio Fiscina) from 5.165.213.165-213703965 || BYOND v513.1525
[14:53:25]ACCESS: Logout: Ryterator/(Sergio Fiscina)
[14:53:36]SAY: *no key*/(corgi) "YAP" (Commandant's Quarters (106, 23, 1))
[14:53:39]ACCESS: Login: Ryterator/(Sergio Fiscina) from 5.165.213.165-213703965 || BYOND v513.1525
[14:53:41]ACCESS: Logout: Ryterator/(Sergio Fiscina)
[14:53:44]ACCESS: Login: Ryterator/(Sergio Fiscina) from 5.165.213.165-213703965 || BYOND v513.1525
[14:54:10]SAY: EngineerConager/(Dell Conrad) (Command Announcement) "Command Announcement - Из-за задержки пробуждениначало операций откладываетсна 12:35  - Dell Conrad (Commander)" (Combat Information Center (100, 252, 3))
[14:56:03]SAY: *no key*/(corgi) "YAP" (Commandant's Quarters (105, 25, 1))
[14:56:36]SAY: Artyuom/(Johnny Vietnam) "Р јмммм" (Lounge (140, 132, 3))
[14:56:39]SAY: Artyuom/(Johnny Vietnam) "Р ±л (Lounge (140, 132, 3))
[14:57:09]SAY: Random12234/(Marko Huegs) "Р •бать" (Squad Alpha Cargo (207, 175, 3))
[14:57:11]SAY: Random12234/(Marko Huegs) "Р џальба" (Squad Alpha Cargo (207, 175, 3))
[14:57:50]SAY: EngineerConager/(Dell Conrad) (Command Announcement) "Command Announcement - 5 минут до начала операций    - Dell Conrad (Commander)" (Combat Information Center (100, 252, 3))
[14:58:03]ACCESS: Login: Nekitosik1/(Nekitosik1) from 37.212.54.93-1169161188 || BYOND v513.1524
[14:58:05]ACCESS: Logout: Nekitosik1/(Nekitosik1)
[14:58:09]ACCESS: Login: Nekitosik1/(Nekitosik1) from 37.212.54.93-1169161188 || BYOND v513.1524
[14:58:55]SAY: NIKIGO/(Colten Stange) "Р њарины топайте на аламо" (Dropship Alamo (90, 154, 3))
[15:00:15]SAY: NIKIGO/(Colten Stange) "Р Ўмартганер, ты где" (Dropship Alamo (94, 151, 3))
[15:00:47]SAY: *no key*/(МилкиВей) "Esp!" (Commander's Bunk (94, 267, 3))
[15:00:49]SAY: NIKIGO/(Colten Stange) "Р В СљС‹ РїРѕС‚РµСЂяР»Рё СЃРјР°СЂС‚РіР°РЅРµСЂР°, РІР°Р»РёРј" (Dropship Alamo (92, 155, 3))
[15:01:07]SAY: ZyberCpechnaz/(Zackary Braun) "Р В С™РўРћ РҐРћР§Р•Рў РјРѕРґРёС„РёРєР°С†РёСЋ РґР»РѕСЂСѓР¶Рёя?" (Dropship Alamo (92, 156, 3))
[15:01:08]ACCESS: Logout: *no key*/(Nekitosik1)
[15:01:08]ACCESS: Login: Nekitosik1/(Bert Ellis) from 37.212.54.93-1169161188 || BYOND v513.1524
[15:01:12]EMOTE: SomikTV/(Elder Queen) <B>The Elder Queen</B> roars! (Main Hallway (119, 41, 1))
[15:01:24]EMOTE: SomikTV/(Elder Queen) <B>The Elder Queen</B> roars! (Main Hallway (138, 37, 1))
[15:01:40]SAY: Ryterator/(Sergio Fiscina) "Р љто видел замхута" (Dropship Alamo (90, 152, 3))
[15:02:12]EMOTE: SomikTV/(Elder Queen) <B>The Elder Queen</B> roars! (Main Hallway (131, 37, 1))
[15:02:24]SAY: NIKIGO/(Colten Stange) "&тут поелетели" (Dropship Alamo (89, 154, 3))
[15:02:33]SAY: EngineerConager/(Dell Conrad) (Command Announcement) "Command Announcement - Начало операций      - Dell Conrad (Commander)" (Combat Information Center (100, 252, 3))
[15:02:36]ADMIN: Dell Conrad (EngineerConager) launched a shuttle from 'Alamo' dropship console
[15:02:46]EMOTE: SomikTV/(Elder Queen) <B>The Elder Queen</B> roars! (Central W-Y Compound (80, 43, 1))
[15:03:09]SAY: ZyberCpechnaz/(Zackary Braun) "Р Ісем НА ПРАВУЮ СТОРОНУ ОТ МЕН&ПЕРЕСЕСТЬ!" (Dropship Alamo Transit (69, 35, 4))
[15:03:25]ACCESS: Logout: Nekitosik1/(Bert Ellis)
[15:03:27]SAY: *no key*/(corgi) "AUUUUUU" (Commandant's Quarters (105, 23, 1))
[15:03:27]SAY: ZyberCpechnaz/(Zackary Braun) "Р џройди ко всем марин" (Dropship Alamo Transit (70, 28, 4))
[15:03:28]SAY: Artyuom/(Johnny Vietnam) "РЎ„осфорки" (Dropship Alamo Transit (70, 34, 4))
[15:03:31]SAY: ZyberCpechnaz/(Zackary Braun) "Р ќа совещани (Dropship Alamo Transit (70, 28, 4))
[15:03:39]SAY: *no key*/(corgi) "YAP" (Commandant's Quarters (105, 24, 1))
[15:03:51]SAY: NIKIGO/(Colten Stange) "РЎѓ маринов проблемы с ориентацией" (Dropship Alamo Transit (69, 35, 4))
[15:03:57]SAY: ZyberCpechnaz/(Zackary Braun) "Р ‘ывает" (Dropship Alamo Transit (72, 34, 4))
[15:04:04]SAY: Random12234/(Marko Huegs) "Р ”а есть не много" (Dropship Alamo Transit (72, 30, 4))
[15:04:18]SAY: ZyberCpechnaz/(Zackary Braun) "Р ќа другую, на левую" (Dropship Alamo Transit (68, 34, 4))
[15:04:20]SAY: Danik_10p/(Danil Olympiskii) "Р ђло" (Internal Affairs (53, 30, 1))
[15:04:23]SAY: Danik_10p/(Danil Olympiskii) "Р ђА ало" (Internal Affairs (53, 30, 1))
[15:04:31]SAY: NIKIGO/(Colten Stange) "Р ° значит проблемы у сла" (Dropship Alamo Transit (70, 25, 4))
[15:04:40]SAY: ZyberCpechnaz/(Zackary Braun) "Р —НАЧИТ ТАК, НАША ЗАДАЧА ИДТИ ЗА МНОЙ И СЛУШАТЬС&МЕН& (Almayer Dropship 1 (154, 36, 1))
[15:04:49]ADMIN: Elder Queen (SomikTV) launched a shuttle from 'Normandy' dropship console
[15:04:52]SAY: ZyberCpechnaz/(Zackary Braun) "Р •ПАТЬ" (Main Hallway (141, 38, 1))
[15:05:24]SAY: ZyberCpechnaz/(Zackary Braun) "РЎЃтой" (Main Hallway (120, 39, 1))
[15:05:28]SAY: ZyberCpechnaz/(Zackary Braun) "Р ’ключи свет на броне" (Main Hallway (120, 39, 1))
[15:06:08]EMOTE: SomikTV/(Elder Queen) <B>The Elder Queen</B> roars! (Central W-Y Compound (30, 38, 1))
[15:06:16]GAME: ZyberCpechnaz/(Zackary Braun) planted plastic explosives on Corporate Dome Blast Door at (53,39,1) with 10 second fuse
[15:06:20]SAY: ZyberCpechnaz/(Zackary Braun) "Р ћТОЙДИТЕ" (Central W-Y Compound (52, 42, 1))
[15:06:26]GAME: Explosion with size (-1, -1, 2) in area Internal Affairs 
[15:06:36]SAY: NIKIGO/(Colten Stange) "Р ўАМ" (Central W-Y Compound (48, 45, 1))
[15:06:45]SAY: NIKIGO/(Colten Stange) "3 МЕТРОВА&ХУЙН& (Central W-Y Compound (48, 45, 1))
[15:06:48]SAY: Danik_10p/(Danil Olympiskii) "Р —даров" (Internal Affairs (54, 38, 1))
[15:07:13]SAY: Danik_10p/(Danil Olympiskii) "Р •ее" (Central W-Y Compound (44, 43, 1))
[15:07:13]SAY: Random12234/(Marko Huegs) "Р њерзость" (Central W-Y Compound (45, 44, 1))
[15:07:23]SAY: ZyberCpechnaz/(Zackary Braun) "Р ’ыживший" (Central W-Y Compound (43, 43, 1))
[15:07:27]SAY: ZyberCpechnaz/(Zackary Braun) "Р §то тут случилось?" (Central W-Y Compound (43, 43, 1))
[15:07:37]SAY: ZyberCpechnaz/(Zackary Braun) "Р њы видели какуе-то странную хуйню" (Central W-Y Compound (43, 43, 1))
[15:07:45]SAY: Danik_10p/(Danil Olympiskii) "&бункере сидел" (Central W-Y Compound (44, 40, 1))
[15:07:49]ACCESS: Logout: *no key*/(Kelvin Focell)
[15:07:49]ACCESS: Login: Sewa/(Larva (601)) from 188.18.247.192-1345515308 || BYOND v513.1525
[15:07:49]ADMIN: Sewa has joined as the Larva (601).
[15:07:56]SAY: ZyberCpechnaz/(Zackary Braun) "Р ћдин морпех с выжившим - на нормандию" (Central W-Y Compound (44, 42, 1))
[15:08:06]HIVEMIND: Sewa/(Larva (601)) "Р ° привет МА-МА" (Western Caves (43, 165, 1))
[15:08:11]SAY: Cremp/(Gerry Falko) "Р •сть, сер" (Central W-Y Compound (46, 43, 1))
[15:08:22]SAY: SomikTV/(Elder Queen) (psychic whisper to Ryterator/(Sergio Fiscina)) "бРЫСЬ!" (Western Jungle (25, 40, 1))
[15:08:31]SAY: Cremp/(Gerry Falko) "Р њда..." (Almayer Dropship 2 (39, 42, 1))
[15:08:32]EMOTE: SomikTV/(Elder Queen) <B>The Elder Queen</B> hisses. (Western Jungle (25, 51, 1))
[15:08:32]EMOTE: SomikTV/(Elder Queen) <B>The Elder Queen</B> roars! (Western Jungle (25, 51, 1))
[15:08:55]HIVEMIND: Sewa/(Mature Larva (601)) "Р ° кем мне быть?" (Western Caves (50, 123, 1))
[15:08:58]EMOTE: SomikTV/(Elder Queen) <B>The Elder Queen</B> hisses. (Northwest Jungle (25, 65, 1))
[15:08:59]EMOTE: Artyuom/(Johnny Vietnam) <B>CPL Johnny Vietnam</B> screams! (Western River (25, 68, 1))
[15:09:01]EMOTE: Artyuom/(Johnny Vietnam) <B>CPL Johnny Vietnam</B> screams! (Western River (25, 68, 1))
[15:09:03]EMOTE: Artyuom/(Johnny Vietnam) <B>CPL Johnny Vietnam</B> screams! (Western River (25, 68, 1))
[15:09:03]EMOTE: Artyuom/(Johnny Vietnam) <B>CPL Unknown (as Johnny Vietnam)</B> screams! (Western River (25, 68, 1))
[15:09:05]EMOTE: Artyuom/(Johnny Vietnam) <B>CPL Unknown (as Johnny Vietnam)</B> screams! (Western River (26, 68, 1))
[15:09:05]EMOTE: Artyuom/(Johnny Vietnam) <B>CPL Unknown (as Johnny Vietnam)</B> screams! (Western River (26, 68, 1))
[15:09:15]SAY: GhostPokolenie/(Abel Luna) (ghost) "лох" (Northwest Jungle (25, 65, 1))
[15:09:18]SAY: ZyberCpechnaz/(Zackary Braun) "Р њЕДИК УМЕР" (Northwest Jungle (25, 67, 1))
[15:09:18]DEBUG: Next event in 36.718 minutes.
[15:09:20]SAY: Cremp/(Gerry Falko) "Р џомер" (Almayer Dropship 2 (35, 43, 1))
[15:09:26]ACCESS: Logout: *no key*/(Mature Larva (601))
[15:09:26]ACCESS: Login: Sewa/(Drone) from 188.18.247.192-1345515308 || BYOND v513.1525
[15:09:37]SAY: Danik_10p/(Danil Olympiskii) "Р ќу тогда мне нужнее" (Almayer Dropship 2 (33, 42, 1))
[15:09:41]SAY: ZyberCpechnaz/(Zackary Braun) "Р В вЂР»яС‚СЊР±СЊ" (Northwest Jungle (23, 67, 1))
[15:09:45]SAY: ZyberCpechnaz/(Zackary Braun) "F" (Northwest Jungle (21, 67, 1))
[15:09:48]SAY: Sewa/(Young Drone (601)) "HERE WE GO AGAIN" (Western Caves (46, 140, 1))
[15:09:50]SAY: NIKIGO/(Colten Stange) "Р љак это работает" (Western River (21, 68, 1))
[15:09:58]SAY: ZyberCpechnaz/(Zackary Braun) "Р ћн мертв" (Northwest Jungle (21, 67, 1))
[15:10:03]SAY: NIKIGO/(Colten Stange) "Р °ааа" (Western River (21, 68, 1))
[15:10:09]SAY: Cremp/(Gerry Falko) "Р ”алеко улетел..." (Almayer Dropship 2 (35, 43, 1))
[15:10:26]ACCESS: Logout: SomikTV/(Elder Queen)
[15:10:27]SAY: *no key*/(corgi) "Bark!" (Commandant's Quarters (104, 26, 1))
[15:10:34]SAY: ZyberCpechnaz/(Zackary Braun) "Р њедик мёртв, вы его тащите в медбэй, срочнО!" (Almayer Dropship 2 (33, 43, 1))
[15:10:50]SAY: ZyberCpechnaz/(Zackary Braun) "Р Ісе марины, за мной" (Almayer Dropship 2 (40, 43, 1))
[15:11:05]SAY: ZyberCpechnaz/(Zackary Braun) "Р —А МНОЙ" (Almayer Dropship 2 (36, 40, 1))
[15:11:09]SAY: NIKIGO/(Colten Stange) "пойду" (Almayer Dropship 2 (35, 42, 1))
[15:11:14]ADMIN: Zackary Braun (ZyberCpechnaz) launched a shuttle from 'Normandy' dropship console
[15:11:48]ADMIN: EngineerConager/(Dell Conrad) changed their view range to 128.
[15:11:48]SAY: Random12234/(Marko Huegs) "Р В СћяР¶РѕР»Р°С‚РІР°СЂСЊ" (Central W-Y Compound (29, 36, 1))
[15:11:57]ADMIN: EngineerConager/(Dell Conrad) changed their view range to 7.
[15:12:01]ADMIN: EngineerConager/(Dell Conrad) changed their view range to 8.
[15:12:04]ACCESS: Logout: *no key*/(Young Drone (601))
[15:12:04]ACCESS: Login: Sewa/(Queen) from 188.18.247.192-1345515308 || BYOND v513.1525
[15:12:05]ADMIN: EngineerConager/(Dell Conrad) changed their view range to 7.
[15:12:08]ADMIN: EngineerConager/(Dell Conrad) changed their view range to 10.
[15:12:12]ADMIN: EngineerConager/(Dell Conrad) changed their view range to 7.
[15:12:14]ADMIN: EngineerConager/(Dell Conrad) changed their view range to 9.
[15:12:15]ADMIN: EngineerConager/(Dell Conrad) changed their view range to 7.
[15:12:22]ADMIN: EngineerConager/(Dell Conrad) changed their view range to 12.
[15:12:38]ADMIN: Sewa/(Queen) создал отчет Word of the Королевы:
[15:12:38]ADMIN: <br><h2 class='alert'>Слова королевы звучат в твоей голове...</h2><br><span class='alert'>HERE WE GO AGAIN!</span><br>
[15:12:40]ADMIN: EngineerConager/(Dell Conrad) changed their view range to 7.
[15:12:51]ACCESS: Logout: *no key*/(Johnny Vietnam)
[15:12:51]ACCESS: Login: Artyuom/(Johnny Vietnam) from 95.174.127.234-114134526 || BYOND v513.1517
[15:13:08]SAY: ZyberCpechnaz/(Zackary Braun) "Р ћтступаем" (Western Caves (39, 132, 1))
[15:13:26]SAY: Random12234/(Marko Huegs) "Р Јф" (Southwest W-Y Compound (74, 28, 1))
[15:13:35]SAY: Cremp/(Gerry Falko) "Р В вЂР»яС‚СЊ" (Dropship Normandy (72, 153, 3))
[15:13:42]SAY: Random12234/(Marko Huegs) "Р њда..." (Southwest W-Y Compound (77, 29, 1))
[15:13:43]ACCESS: Logout: *no key*/(Johnny Vietnam)
[15:13:43]ACCESS: Login: Artyuom/(Johnny Vietnam) from 95.174.127.234-114134526 || BYOND v513.1517
[15:14:22]SAY: ZyberCpechnaz/(Zackary Braun) "РЎЃвежее" (Central River (105, 94, 1))
[15:14:22]ACCESS: Logout: *no key*/(Johnny Vietnam)
[15:14:22]ACCESS: Login: Artyuom/(Johnny Vietnam) from 95.174.127.234-114134526 || BYOND v513.1517
[15:14:51]SAY: EngineerConager/(Dell Conrad) "Р ” Добры день" (Hangar (98, 158, 3))
[15:14:56]SAY: NIKIGO/(Colten Stange) "Р єуда" (Northeast W-Y Compound (120, 68, 1))
[15:15:00]SAY: Danik_10p/(Danil Olympiskii) "Р — Здрасте" (Hangar (99, 157, 3))
[15:15:01]SAY: EngineerConager/(Dell Conrad) "Р • Если можно назвать его добрым" (Hangar (98, 158, 3))
[15:15:16]SAY: NIKIGO/(Colten Stange) "РЎЃл ебанулсчтоли" (Main Hallway (121, 38, 1))
[15:15:17]SAY: ZyberCpechnaz/(Zackary Braun) "Р ґАВАЙ" (Main Hallway (122, 38, 1))
[15:15:18]SAY: Random12234/(Marko Huegs) "Р ЈХ" (Main Hallway (123, 38, 1))
[15:15:19]SAY: EngineerConager/(Dell Conrad) "Р ќе против пройти за мной длпары вопросов ?" (Hangar (98, 158, 3))
[15:15:22]EMOTE: Sewa/(Queen) <B>The Queen</B> roars! (Northern W-Y Compound (104, 69, 1))
[15:15:26]SAY: ZyberCpechnaz/(Zackary Braun) "Р ’Ы ЭТО СЛЫШАЛИ?" (Main Hallway (125, 37, 1))
[15:15:28]SAY: ZyberCpechnaz/(Zackary Braun) "Р §ТО!?" (Main Hallway (125, 37, 1))
[15:15:30]SAY: NIKIGO/(Colten Stange) "РЎ‡то" (Main Hallway (129, 35, 1))
[15:15:30]SAY: Danik_10p/(Danil Olympiskii) "Р ќ Ну да" (Hangar (99, 157, 3))
[15:15:43]SAY: ZyberCpechnaz/(Zackary Braun) "Р ‘ЕГИТЕ К АЛАМО, НАДО ОПОВЕСТИТЬ ВСЕХ ЧТО НОВА&ТВАРЬ" (Main Hallway (122, 39, 1))
[15:16:10]SAY: EngineerConager/(Dell Conrad) "Р І Прошу присаживайтесь" (Combat Information Center (106, 253, 3))
[15:16:19]SAY: Cremp/(Gerry Falko) "Р В вЂР»яС‚СЊ" (Medical Lower (108, 151, 3))
[15:16:24]SAY: Cremp/(Gerry Falko) "Р љажись всё..." (Medical Lower (108, 151, 3))
[15:16:26]SAY: NIKIGO/(Colten Stange) "РЎ‡исто все" (Main Hallway (143, 35, 1))
[15:16:34]SAY: EngineerConager/(Dell Conrad) "Чай,кофе ?" (Combat Information Center (100, 255, 3))
[15:16:38]SAY: Danik_10p/(Danil Olympiskii) "Р §ай" (Combat Information Center (105, 254, 3))
[15:16:41]ACCESS: Logout: *no key*/(Johnny Vietnam)
[15:16:41]ACCESS: Login: Artyuom/(Johnny Vietnam) from 95.174.127.234-114134526 || BYOND v513.1517
[15:16:44]SAY: EngineerConager/(Dell Conrad) "Р Ґ Хорошо" (Combat Information Center (99, 255, 3))
[15:17:03]SAY: NIKIGO/(Colten Stange) "на лв 2 схожу" (Main Hallway (129, 37, 1))
[15:17:17]ACCESS: Logout: *no key*/(Johnny Vietnam)
[15:17:17]ACCESS: Login: Artyuom/(Johnny Vietnam) from 95.174.127.234-114134526 || BYOND v513.1517
[15:17:58]SAY: Cremp/(Gerry Falko) "Р ‘л (Medical Lower (108, 151, 3))
[15:18:00]SAY: EngineerConager/(Dell Conrad) "РЎ„ И так… Можете представитс?" (Combat Information Center (103, 253, 3))
[15:18:22]SAY: Cremp/(Gerry Falko) "Р ќу всё" (Medical Lower (108, 151, 3))
[15:18:25]SAY: NIKIGO/(Colten Stange) "Р Ѕа лв 2 нету нормандии" (Main Hallway (140, 37, 1))
[15:18:29]SAY: Cremp/(Gerry Falko) "Р —емлтебе пухом" (Medical Lower (108, 151, 3))
[15:18:46]EMOTE: Cremp/(Gerry Falko) <B>PFC Gerry Falko</B> отдал честь (Medical Lower (108, 151, 3))
[15:19:06]ACCESS: Login: ALex13t/(ALex13t) from 176.36.139.205-647948570 || BYOND v513.1525
[15:19:06]SAY: EngineerConager/(Dell Conrad) "&яСЃРЅРѕ, Рё С‚Р°Рє РјРёСЃС‚РµСЂ РѕР»РёРјРїРёРє РјРѕР¶РµС‚Рµ РѕРїРёСЃР°С‚СЊ РїСЂРѕРёР·РѕС€РµРґС€РёР№ РЅР° РєРѕР»РѕРЅРёР№ СЃРѕР±С‹С‚Рё?" (Combat Information Center (103, 253, 3))
[15:19:10]ACCESS: Logout: ALex13t/(ALex13t)
[15:19:13]ACCESS: Logout: *no key*/(Johnny Vietnam)
[15:19:13]ACCESS: Login: Artyuom/(Johnny Vietnam) from 95.174.127.234-114134526 || BYOND v513.1517
[15:19:14]ACCESS: Login: ALex13t/(ALex13t) from 176.36.139.205-647948570 || BYOND v513.1525
[15:19:17]SAY: Danik_10p/(Danil Olympiskii) "Р ќу" (Combat Information Center (105, 254, 3))
[15:19:18]SAY: Random12234/(Marko Huegs) "Р В РЋСЌСЂ РєР°РєРѕРІС‹ РїСЂРёРєР°Р·С‹ СЃС‚РѕяС‚СЊ РЅР° С„РѕР±Рµ?" (Main Hallway (139, 38, 1))
[15:19:25]ACCESS: Logout: *no key*/(Johnny Vietnam)
[15:19:25]ACCESS: Login: Artyuom/(Johnny Vietnam) from 95.174.127.234-114134526 || BYOND v513.1517
[15:19:37]SAY: Danik_10p/(Danil Olympiskii) "Р ў Там что то произошло и кто-то начал убивать всех" (Combat Information Center (105, 254, 3))
[15:19:42]SAY: Danik_10p/(Danil Olympiskii) "Р  или что-то" (Combat Information Center (105, 254, 3))
[15:19:43]SAY: ZyberCpechnaz/(Zackary Braun) "Р Ўтроить фоб" (Main Hallway (140, 34, 1))
[15:19:47]SAY: ZyberCpechnaz/(Zackary Braun) "Р  ждать подкрепление" (Main Hallway (140, 34, 1))
[15:19:52]SAY: ZyberCpechnaz/(Zackary Braun) "Р  остальных маринов" (Main Hallway (140, 34, 1))
[15:19:56]SAY: *no key*/(corgi) "YAP" (Commandant's Quarters (105, 23, 1))
[15:20:02]SAY: Danik_10p/(Danil Olympiskii) "Р ќ Ну забежал в тот бункер около лз и сидел там себе" (Combat Information Center (105, 254, 3))
[15:20:09]SAY: Cremp/(Gerry Falko) "Р ќу и что мне теперь делать?" (Hangar (77, 140, 3))
[15:20:20]ACCESS: Logout: ALex13t/(ALex13t)
[15:20:29]SAY: EngineerConager/(Dell Conrad) "Р І Что на счёт крови на вашей одежде ?" (Combat Information Center (103, 253, 3))
[15:20:35]ACCESS: Login: ALex13t/(ALex13t) from 176.36.139.205-647948570 || BYOND v513.1525
[15:20:37]ACCESS: Logout: ALex13t/(ALex13t)
[15:20:39]ACCESS: Login: ALex13t/(ALex13t) from 176.36.139.205-647948570 || BYOND v513.1525
[15:20:46]SAY: Danik_10p/(Danil Olympiskii) "Р ђ А в бункере лежал бармен" (Combat Information Center (105, 254, 3))
[15:21:03]SAY: Danik_10p/(Danil Olympiskii) "Р • Его может задел кто-то вот он там и помер от кровотичение" (Combat Information Center (105, 254, 3))
[15:21:20]ACCESS: Logout: ALex13t/(ALex13t)
[15:21:22]SAY: Danik_10p/(Danil Olympiskii) "Р њ Может он ограбил кого-то просто нашол там примерно 1200 долларов" (Combat Information Center (105, 254, 3))
[15:21:32]ACCESS: Login: ALex13t/(ALex13t) from 176.36.139.205-647948570 || BYOND v513.1525
[15:21:33]ACCESS: Logout: ALex13t/(ALex13t)
[15:21:35]ACCESS: Login: ALex13t/(ALex13t) from 176.36.139.205-647948570 || BYOND v513.1525
[15:21:41]SAY: Danik_10p/(Danil Olympiskii) "Р В РЋРЅяР» Р±СЂРѕРЅРѕР¶РёР»РµС‚ Рё РІСЃРµ" (Combat Information Center (105, 254, 3))
[15:21:46]ACCESS: Logout: ALex13t/(ALex13t)
[15:21:56]SAY: EngineerConager/(Dell Conrad) "РЎ„ Хорошо… Полагаю на этом всё" (Combat Information Center (103, 253, 3))
[15:22:04]ACCESS: Login: ALex13t/(ALex13t) from 176.36.139.205-647948570 || BYOND v513.1525
[15:22:07]ACCESS: Logout: ALex13t/(ALex13t)
[15:22:11]ACCESS: Login: ALex13t/(ALex13t) from 176.36.139.205-647948570 || BYOND v513.1525
[15:22:18]SAY: EngineerConager/(Dell Conrad) "РЎ„ На времпроведени«Зачистки» вы останетесь на борту" (Combat Information Center (103, 253, 3))
[15:22:21]SAY: NIKIGO/(Colten Stange) "ниче не нашел" (Main Hallway (137, 36, 1))
[15:22:35]SAY: Cremp/(Gerry Falko) "Р ќе длэтого менучили..." (Dropship Normandy (72, 154, 3))
[15:22:50]SAY: EngineerConager/(Dell Conrad) "Р РЋвЂ№ РўР°РєР¶Рµ РІС‹ РѕР±яР·Р°РЅС‹ СЃРґР°С‚СЊ РІСЃС‘ СЃРЅР°СЂяР¶РµРЅРёРµ Рё РѕСЂСѓР¶РёРµ РЅР°Р№РґРµРЅРЅРѕРµ РЅР° РєРѕР»РѕРЅРёР№" (Combat Information Center (103, 253, 3))
[15:22:50]SAY: NIKIGO/(Colten Stange) "Р јожет нам слетать за остальными ?" (Main Hallway (144, 37, 1))
[15:22:53]SAY: Danik_10p/(Danil Olympiskii) "Р Ј Угу" (Combat Information Center (105, 254, 3))
[15:22:59]SAY: Cremp/(Gerry Falko) "Р В СљРµРЅРѕС‚РїСЂР°РІяС‚ РѕР±СЂР°С‚РЅРѕ?" (Dropship Normandy (72, 154, 3))
[15:23:04]SAY: NIKIGO/(Colten Stange) "Р ° че  (Main Hallway (141, 36, 1))
[15:23:10]SAY: EngineerConager/(Dell Conrad) "РЎ‹ Начнём с оружи (Combat Information Center (103, 254, 3))
[15:23:22]SAY: Danik_10p/(Danil Olympiskii) "Р ’се" (Combat Information Center (105, 254, 3))
[15:23:34]SAY: EngineerConager/(Dell Conrad) "РЎѓф..." (Combat Information Center (104, 254, 3))
[15:23:45]SAY: EngineerConager/(Dell Conrad) "Р џрошу вас юда" (Combat Information Center (103, 255, 3))
[15:23:48]SAY: EngineerConager/(Dell Conrad) "Р љхм Сюда" (Combat Information Center (103, 255, 3))
[15:23:54]SAY: Random12234/(Marko Huegs) "Р Јдобно" (Main Hallway (140, 37, 1))
[15:24:09]SAY: EngineerConager/(Dell Conrad) "Р І Ладно идём дальше..." (Combat Information Center (101, 255, 3))
[15:24:22]SAY: EngineerConager/(Dell Conrad) "РЎ‹ Прошу вашу карту" (Combat Information Center (97, 251, 3))
[15:24:33]SAY: Danik_10p/(Danil Olympiskii) "Р ’ Вот" (Combat Information Center (98, 250, 3))
[15:24:43]ADMIN: <a href='?priv_msg=[0x5000006]'>EngineerConager</a>/(Dell Conrad) gave the ID of Danil Olympiskii the assignment Passenger.
[15:24:53]SAY: EngineerConager/(Dell Conrad) "Р љ Кхм" (Combat Information Center (97, 250, 3))
[15:24:59]SAY: EngineerConager/(Dell Conrad) "Р џ Прошу вас не трогать" (Combat Information Center (97, 250, 3))
[15:25:27]SAY: Danik_10p/(Danil Olympiskii) "&смотрел где был" (Combat Information Center (100, 247, 3))
[15:25:47]SAY: Danik_10p/(Danil Olympiskii) "&&был в интернал афарисе" (Combat Information Center (99, 247, 3))
[15:25:59]SAY: EngineerConager/(Dell Conrad) "Р В Р† РњРѕР¶РµС‚Рµ РїСЂРёРЅяС‚СЊ РґСѓС€ Рё РѕС‚РґРѕС…РЅСѓС‚СЊ, РїСЂРёяС‚РЅРѕРіРѕ РїСЂРµР±С‹РІР°РЅРёРЅР° Р®СЃСЃ РђР»РјР°РµСЂ" (Combat Information Center (98, 247, 3))
[15:26:05]SAY: Danik_10p/(Danil Olympiskii) "Р ђ разве" (Combat Information Center (98, 250, 3))
[15:26:11]SAY: Danik_10p/(Danil Olympiskii) "Р Ј У вас нет ботаники?" (Combat Information Center (98, 250, 3))
[15:26:16]SAY: NIKIGO/(Colten Stange) "Р јда" (Main Hallway (139, 37, 1))
[15:26:24]SAY: NIKIGO/(Colten Stange) "Р їластали че совсем нема ?" (Main Hallway (139, 37, 1))
[15:26:32]SAY: ZyberCpechnaz/(Zackary Braun) "Р ґА" (Main Hallway (140, 37, 1))
[15:26:36]SAY: EngineerConager/(Dell Conrad) "РЎ‹ Однако…. Да есть" (Combat Information Center (103, 249, 3))
[15:26:40]ADMIN: A bioscan/Queen Mother message has completed. Humans: 4 on the planet and 3 on the ship. Xenos: 1 on the planet and 0 on the ship.
[15:26:41]SAY: Cremp/(Gerry Falko) "Р В СљРµРЅРѕС‚РїСЂР°РІяС‚ РѕР±СЂР°С‚РЅРѕ?" (Dropship Normandy (72, 154, 3))
[15:26:43]SAY: EngineerConager/(Dell Conrad) "Р ’ Вы ботаник да" (Combat Information Center (103, 249, 3))
[15:26:45]SAY: Random12234/(Marko Huegs) "Р џанимаю" (Main Hallway (140, 39, 1))
[15:26:50]SAY: Danik_10p/(Danil Olympiskii) "Р ќу дайте там работать" (Combat Information Center (98, 250, 3))
[15:26:55]SAY: EngineerConager/(Dell Conrad) "Р Ґ Хорошо" (Combat Information Center (97, 251, 3))
[15:26:59]SAY: Random12234/(Marko Huegs) "Р Ѕайдем может последнюю тварь?" (Main Hallway (140, 39, 1))
[15:27:00]SAY: NIKIGO/(Colten Stange) "Р їодождите" (Main Hallway (139, 37, 1))
[15:27:06]SAY: Cremp/(Gerry Falko) "Р В СљРµРЅРѕС‚РїСЂР°РІяС‚ РѕР±СЂР°С‚РЅРѕ?" (Dropship Normandy (71, 156, 3))
[15:27:35]SAY: ZyberCpechnaz/(Zackary Braun) "Р ґавай" (Main Hallway (140, 38, 1))
[15:27:38]SAY: ZyberCpechnaz/(Zackary Braun) "Р Ѕо ссыкло" (Main Hallway (140, 38, 1))
[15:27:38]SAY: NIKIGO/(Colten Stange) "РЎЂазве не сказано что оно на корабле" (Main Hallway (139, 37, 1))
[15:27:47]SAY: ZyberCpechnaz/(Zackary Braun) "Р Ѕет" (Main Hallway (140, 37, 1))
[15:27:53]SAY: NIKIGO/(Colten Stange) "РЎ‚очно?" (Main Hallway (142, 36, 1))
[15:27:55]SAY: EngineerConager/(Dell Conrad) "Р ґоступ выдан" (Combat Information Center (97, 251, 3))
[15:27:58]SAY: Cremp/(Gerry Falko) "Р ’сем похер" (Dropship Normandy (73, 153, 3))
[15:27:58]SAY: Danik_10p/(Danil Olympiskii) "Р  И где у вас тут ботаника?" (Combat Information Center (98, 250, 3))
[15:28:07]SAY: EngineerConager/(Dell Conrad) "Р џ прошу" (Combat Information Center (100, 249, 3))
[15:28:11]SAY: NIKIGO/(Colten Stange) "РЎЃл" (Main Hallway (140, 37, 1))
[15:28:15]SAY: NIKIGO/(Colten Stange) "Р ґавай слетаем" (Main Hallway (140, 37, 1))
[15:28:23]SAY: NIKIGO/(Colten Stange) "РЎЃл" (Main Hallway (122, 38, 1))
[15:28:30]SAY: NIKIGO/(Colten Stange) "Р јожет слетаем на алмаер" (Main Hallway (123, 37, 1))
[15:28:34]SAY: NIKIGO/(Colten Stange) "Р ґа бл (Main Hallway (118, 38, 1))
[15:28:39]SAY: Danik_10p/(Danil Olympiskii) "Р • Еее" (Medical Research laboratories (159, 256, 3))
[15:28:40]SAY: EngineerConager/(Dell Conrad) "Р Ј Удачной работы" (Medical Research laboratories (162, 254, 3))
[15:29:08]SAY: EngineerConager/(Dell Conrad) "Р І Проверьте доступ" (Medical Research laboratories (156, 256, 3))
[15:29:19]SAY: EngineerConager/(Dell Conrad) "Р ” дам..." (Medical Research laboratories (157, 256, 3))
[15:29:23]EMOTE: Cremp/(Gerry Falko) <B>PFC Gerry Falko</B> вздыхает (Medical Lower (108, 150, 3))
[15:29:28]SAY: EngineerConager/(Dell Conrad) "Р љ Карту..." (Medical Research laboratories (161, 254, 3))
[15:29:31]SAY: Cremp/(Gerry Falko) "Р њда..." (Medical Lower (109, 150, 3))
[15:30:12]SAY: Cremp/(Gerry Falko) "Р В СљРµРЅРѕС‚РїСЂР°РІяС‚ РѕР±СЂР°С‚РЅРѕ РЅР° РїР»Р°РЅРµС‚Сѓ?" (Dropship Normandy (71, 156, 3))
[15:32:06]ACCESS: Login: Protectorzz/(Protectorzz) from 46.250.2.33-3318082173 || BYOND v513.1524
[15:32:09]ACCESS: Logout: *no key*/(Johnny Vietnam)
[15:32:09]ACCESS: Login: Artyuom/(Bloody Larva (0)) from 95.174.127.234-114134526 || BYOND v513.1517
[15:32:09]ADMIN: Artyuom has joined as the Bloody Larva (0).
[15:32:10]ACCESS: Logout: Protectorzz/(Protectorzz)
[15:32:16]ACCESS: Login: Protectorzz/(Protectorzz) from 46.250.2.33-3318082173 || BYOND v513.1524
[15:32:46]SAY: Cremp/(Gerry Falko) "Р ќу и что делать?" (Hangar (98, 162, 3))
[15:33:01]ACCESS: Logout: *no key*/(Abel Luna)
[15:33:01]ACCESS: Login: GhostPokolenie/(Bloody Larva (19)) from 95.215.48.242-300637069 || BYOND v513.1524
[15:33:01]ADMIN: GhostPokolenie has joined as the Bloody Larva (19).
[15:33:11]SAY: GhostPokolenie/(Bloody Larva (19)) "Р Іиииии" (Southwest Jungle (13, 13, 1))
[15:33:19]SAY: Cremp/(Gerry Falko) "Р В С™ С‡РµРјСѓ Р±Р»яС‚СЊ РіРѕС‚РѕРІРёР»СЃя?" (Medical Lower (107, 156, 3))
[15:33:26]SAY: Cremp/(Gerry Falko) "Р љ ожиданию на базе?" (Medical Lower (107, 156, 3))
[15:33:46]SAY: GhostPokolenie/(Larva (19)) "РЎ…м" (Southwest Jungle (11, 13, 1))
[15:33:54]SAY: *no key*/(corgi) "AUUUUUU" (Commandant's Quarters (106, 25, 1))
[15:33:57]SAY: GhostPokolenie/(Larva (19)) ".ку" (Southwest Jungle (11, 13, 1))
[15:34:02]ACCESS: Logout: *no key*/(Mature Larva (719))
[15:34:02]ACCESS: Login: Artyuom/(Runner) from 95.174.127.234-114134526 || BYOND v513.1517
[15:34:11]SAY: GhostPokolenie/(Larva (19)) ".Ох мать" (Southwest Jungle (11, 13, 1))
[15:34:14]ACCESS: Logout: Protectorzz/(Protectorzz)
[15:34:18]ACCESS: Logout: *no key*/(ALex13t)
[15:34:18]ACCESS: Login: ALex13t/(Reno 'Slowflake' Flake) from 176.36.139.205-647948570 || BYOND v513.1525
[15:34:20]SAY: ALex13t/(Reno 'Slowflake' Flake) (ghost) "*warcry" (Hull Lower (173, 151, 3))
[15:34:24]SAY: ALex13t/(Reno 'Slowflake' Flake) (ghost) "*warcry" (Hull Lower (173, 151, 3))
[15:34:27]ACCESS: Login: Protectorzz/(Protectorzz) from 46.250.2.33-3318082173 || BYOND v513.1524
[15:34:32]ACCESS: Logout: Protectorzz/(Protectorzz)
[15:34:36]ACCESS: Login: Protectorzz/(Protectorzz) from 46.250.2.33-3318082173 || BYOND v513.1524
[15:34:39]ACCESS: Logout: *no key*/(Mature Larva (19))
[15:34:39]ACCESS: Login: GhostPokolenie/(Defender) from 95.215.48.242-300637069 || BYOND v513.1524
[15:34:40]SAY: ALex13t/(Reno 'Slowflake' Flake) (ghost) "*warcry" (Briefing Area (181, 155, 3))
[15:34:45]SAY: ALex13t/(Reno 'Slowflake' Flake) (ghost) "*warcry" (Hallway Starboard (114, 164, 3))
[15:34:47]SAY: ALex13t/(Reno 'Slowflake' Flake) (ghost) "*warcry" (Medical Lower (103, 142, 3))
[15:34:49]SAY: ALex13t/(Reno 'Slowflake' Flake) (ghost) "*warcry" (Hangar (83, 141, 3))
[15:34:56]ACCESS: Logout: Protectorzz/(Protectorzz)
[15:34:57]SAY: NIKIGO/(Colten Stange) "Р —ападные пещеры чисты" (Main Hallway (143, 36, 1))
[15:35:01]SAY: ALex13t/(Reno 'Slowflake' Flake) (ghost) "*warcry" (Medical Surgical Hallway (124, 160, 3))
[15:35:06]SAY: ALex13t/(Reno 'Slowflake' Flake) (ghost) "*warcry" (Hallway Starboard (178, 162, 3))
[15:35:09]SAY: NIKIGO/(Colten Stange) "Р Іообще никого не видел" (Main Hallway (142, 39, 1))
[15:35:12]SAY: ALex13t/(Reno 'Slowflake' Flake) (ghost) "*warcry" (USS Almayer Evac 21 (173, 116, 3))
[15:35:13]SAY: ALex13t/(Reno 'Slowflake' Flake) (ghost) "*warcry" (Squad Delta Preparation (187, 122, 3))
[15:35:19]SAY: ALex13t/(Reno 'Slowflake' Flake) (ghost) "*warcry" (Hallway Port (114, 139, 3))
[15:35:21]SAY: ALex13t/(Reno 'Slowflake' Flake) (ghost) "*warcry" (Hangar (80, 140, 3))
[15:35:31]SAY: ALex13t/(Reno 'Slowflake' Flake) (ghost) "*warcry" (Hull Lower (83, 129, 3))
[15:35:31]SAY: NIKIGO/(Colten Stange) "РЎЌх" (Main Hallway (140, 37, 1))
[15:35:33]SAY: Sewa/(Queen) "Р В СРѕР¶РµС€СЊ РёРґС‚Рё РёСЃРєР°С‚СЊ РѕР±РµР·СЊяРЅРѕРє РґР»СЃРѕР·РґР°РЅРёРїРѕС‚РѕРјСЃС‚РІР°" (Southwest Jungle (10, 14, 1))
[15:35:47]SAY: GhostPokolenie/(Young Defender (19)) ".А почему а не ранер?" (Southwest Jungle (8, 15, 1))
[15:35:53]SAY: ALex13t/(Reno 'Slowflake' Flake) (ghost) "*warcry" (Medical Upper (139, 245, 3))
[15:35:54]SAY: ALex13t/(Reno 'Slowflake' Flake) (ghost) "*warcry" (Medical Upper (139, 245, 3))
[15:35:54]SAY: Sewa/(Queen) "Р ѕн тоже" (Southwest Jungle (10, 14, 1))
[15:36:00]HIVEMIND: GhostPokolenie/(Young Defender (19)) "Р ћх" (Southwest Jungle (9, 15, 1))
[15:36:11]HIVEMIND: GhostPokolenie/(Young Defender (19)) ".окей" (Southwest Jungle (9, 15, 1))
[15:36:12]SAY: NIKIGO/(Colten Stange) "Р Іы же вроде хотели пойти на разведку" (Main Hallway (141, 37, 1))
[15:36:26]SAY: NIKIGO/(Colten Stange) "РЎ‡е молчим" (Main Hallway (141, 37, 1))
[15:36:41]ACCESS: Login: Chaburek/(Chaburek) from 178.46.63.9-2047396774 || BYOND v513.1513
[15:36:43]ACCESS: Logout: Chaburek/(Chaburek)
[15:36:46]ACCESS: Login: Chaburek/(Chaburek) from 178.46.63.9-2047396774 || BYOND v513.1513
[15:37:33]SAY: Random12234/(Marko Huegs) "Р ўАМ" (Main Hallway (140, 36, 1))
[15:37:35]SAY: Random12234/(Marko Huegs) "Р ўВАРЬ" (Main Hallway (140, 36, 1))
[15:37:39]SAY: Random12234/(Marko Huegs) "Р џРОБЕЖАЛА" (Main Hallway (140, 36, 1))
[15:37:41]SAY: Random12234/(Marko Huegs) "Р љРАСНА& (Main Hallway (140, 36, 1))
[15:37:42]SAY: NIKIGO/(Colten Stange) "Р Ѕе вижу" (Main Hallway (141, 37, 1))
[15:38:04]SAY: Artyuom/(Mature Runner (719)) "Р °" (Main Hallway (162, 28, 1))
[15:38:14]SAY: ALex13t/(Reno 'Slowflake' Flake) (ghost) "*salute" (Main Hallway (126, 36, 1))
[15:38:21]SAY: Cremp/(Gerry Falko) "Р В СљРµРЅРѕС‚РїСЂР°РІяС‚ СЃ Р·Р°Р±С‹?" (Hangar (74, 151, 3))
[15:38:21]HIVEMIND: Artyuom/(Mature Runner (719)) "Р ја" (Main Hallway (163, 33, 1))
[15:38:33]HIVEMIND: GhostPokolenie/(Mature Defender (19)) ".сука у менлап не хватает!" (Western Jungle (8, 38, 1))
[15:39:07]HIVEMIND: Sewa/(Queen) "Р їотом вернись за ними" (Southwest Jungle (10, 14, 1))
[15:39:14]SAY: *no key*/(МилкиВей) "HSSSSS" (Commander's Bunk (97, 268, 3))
[15:39:15]SAY: Danik_10p/(Danil Olympiskii) "Р њ" (Medical Research laboratories (151, 259, 3))
[15:39:50]SAY: NIKIGO/(Colten Stange) "Р Ѕет там никого" (Main Hallway (136, 36, 1))
[15:40:03]SAY: Random12234/(Marko Huegs) "Р ўак она успела уже 5 раз себать...." (Main Hallway (140, 36, 1))
[15:40:10]SAY: NIKIGO/(Colten Stange) "Р єуда ?" (Main Hallway (137, 34, 1))
[15:40:15]SAY: Random12234/(Marko Huegs) "Р ’верх" (Main Hallway (140, 36, 1))
[15:40:16]SAY: Danik_10p/(Danil Olympiskii) "LET ME OUUUUUUUUT!!!" (Medical Research laboratories (161, 254, 3))
[15:40:21]SAY: NIKIGO/(Colten Stange) "Р јожет север ?" (Main Hallway (137, 34, 1))
[15:40:27]SAY: Random12234/(Marko Huegs) "Р ”а" (Main Hallway (140, 36, 1))
[15:40:30]EMOTE: EngineerConager/(Dell Conrad) <B>CDR Dell Conrad</B> is having trouble keeping their eyes open. (Hallway Starboard (117, 162, 3))
[15:41:17]SAY: Random12234/(Marko Huegs) "Р В С›РџяРўР¬" (Main Hallway (140, 36, 1))
[15:41:19]SAY: GhostPokolenie/(Mature Defender (19)) ".&утсал" (Southwest Jungle (8, 12, 1))
[15:41:20]SAY: Random12234/(Marko Huegs) "Р ќА СЕВЕР" (Main Hallway (140, 36, 1))
[15:41:24]SAY: Random12234/(Marko Huegs) "Р џОБЕЖАЛА" (Main Hallway (140, 36, 1))
[15:41:32]SAY: Cremp/(Gerry Falko) "Р В СљРµРЅРѕС‚РїСЂР°РІяС‚ РѕР±СЂР°С‚РЅРѕ РЅР° РїР»Р°РЅРµС‚Сѓ?" (Medical Lower (107, 156, 3))
[15:41:45]ACCESS: Logout: *no key*/(Mature Defender (19))
[15:41:45]ACCESS: Login: GhostPokolenie/(Warrior) from 95.215.48.242-300637069 || BYOND v513.1524
[15:41:46]ACCESS: Logout: *no key*/(Chaburek)
[15:41:46]ACCESS: Login: Chaburek/(Haidee Baxter) from 178.46.63.9-2047396774 || BYOND v513.1513
[15:41:46]ADMIN: Chaburek/(Haidee Baxter) has been assigned as Alpha Squad Engineer
[15:41:49]SAY: Ryterator/(Sergio Fiscina) "Р ўам краснай хуй огромный такой" (Main Hallway (138, 39, 1))
[15:41:50]SAY: GhostPokolenie/(Young Warrior (19)) ".Вии" (Southwest Jungle (8, 12, 1))
[15:41:51]SAY: Random12234/(Marko Huegs) "Р ўАМ" (Main Hallway (140, 36, 1))
[15:42:47]SAY: NIKIGO/(Colten Stange) "уже успел до лв 2 сходить но так и не увидел" (Main Hallway (136, 39, 1))
[15:43:03]EMOTE: Cremp/(Gerry Falko) <B>PFC Gerry Falko</B> С‚яР¶РµР»Рѕ РІР·РґС‹С…Р°РµС‚ (Medical Lower (107, 145, 3))
[15:43:06]SAY: NIKIGO/(Colten Stange) "Р Іы так и будете ?" (Main Hallway (136, 38, 1))
[15:43:12]SAY: NIKIGO/(Colten Stange) "РЎ‡его" (Main Hallway (136, 38, 1))
[15:43:18]EMOTE: EngineerConager/(Dell Conrad) <B>CDR Dell Conrad</B> is having trouble keeping their eyes open. (Medical Lower (110, 150, 3))
[15:43:25]SAY: Danik_10p/(Danil Olympiskii) "Р ђ Аааа!" (Medical Research laboratories (155, 260, 3))
[15:43:37]SAY: Danik_10p/(Danil Olympiskii) "Р ’ Выпустите из ботаники" (Medical Research laboratories (155, 260, 3))
[15:43:49]HIVEMIND: Sewa/(Elder Queen) "Р В В° Р±РѕР»СЊС€Рµ РѕР±РµР·СЊяРЅ РЅРµ РЅР°РґРѕ" (Southwest Jungle (10, 14, 1))
[15:44:04]ADMIN: EngineerConager/(Dell Conrad) admin ghosted.
[15:44:04]ACCESS: Logout: *no key*/(Dell Conrad)
[15:44:04]ACCESS: Login: EngineerConager/(Dell Conrad) from 176.32.153.98-2402443160 || BYOND v513.1525
[15:44:14]HIVEMIND: GhostPokolenie/(Young Warrior (19)) ".Сука а что мне с этими жмурами делать?" (Northwest Jungle (13, 58, 1))
[15:44:21]EMOTE: @EngineerConager/(Dell Conrad) <B>CDR Dell Conrad</B>  is having trouble standing. (Medical Lower (107, 151, 3))
[15:44:27]HIVEMIND: Sewa/(Elder Queen) "Р ѕставь" (Southwest Jungle (10, 14, 1))
[15:44:28]SAY: Cremp/(Gerry Falko) "Р §то с вами?" (Medical Lower (107, 150, 3))
[15:44:38]ACCESS: Logout: *no key*/(Dell Conrad)
[15:44:38]ACCESS: Login: EngineerConager/(Dell Conrad) from 176.32.153.98-2402443160 || BYOND v513.1525
[15:44:42]SAY: EngineerConager/(Dell Conrad) "Р Ј Р-Ух.." (Medical Lower (107, 151, 3))
[15:44:58]SAY: EngineerConager/(Dell Conrad) "Р І Чем умудрилсР-Р-отравитс?" (Medical Lower (107, 151, 3))
[15:45:22]SAY: Cremp/(Gerry Falko) "Р §ем же вы таким отравились?" (Medical Lower (107, 150, 3))
[15:45:39]SAY: EngineerConager/(Dell Conrad) "Р-РЎ‹ Да хер его Р-знает, не чаем же" (Medical Lower (107, 151, 3))
[15:45:45]EMOTE: Random12234/(Marko Huegs) <B>PFC Marko Huegs</B> screams! (Female Dorm (130, 50, 1))
[15:45:45]EMOTE: Random12234/(Marko Huegs) <B>PFC Marko Huegs</B> screams! (Female Dorm (130, 50, 1))
[15:45:48]SAY: Cremp/(Gerry Falko) "Р њожет и чаем..." (Medical Lower (107, 150, 3))
[15:45:51]EMOTE: Artyuom/(Elder Runner (719)) <B>The Elder Runner (719)</B> hisses. (Female Dorm (130, 50, 1))
[15:45:53]SAY: EngineerConager/(Dell Conrad) "РЎѓ Р-Да..." (Medical Lower (107, 151, 3))
[15:45:56]EMOTE: Random12234/(Marko Huegs) <B>PFC Unknown (as Marko Huegs)</B> screams in pain and drops what they were holding in their right hand! (Female Dorm (131, 50, 1))
[15:46:02]DEBUG: Next event in 43.0595 minutes.
[15:46:07]EMOTE: Artyuom/(Elder Runner (719)) <B>The Elder Runner (719)</B> hisses. (Main Hallway (133, 37, 1))
[15:46:12]EMOTE: Random12234/(Marko Huegs) <B>PFC Unknown (as Marko Huegs)</B> screams! (Cargo Bay (135, 47, 1))
[15:46:12]EMOTE: Random12234/(Marko Huegs) <B>PFC Unknown (as Marko Huegs)</B> screams! (Cargo Bay (135, 47, 1))
[15:46:13]HIVEMIND: GhostPokolenie/(Young Warrior (19)) "Р ђгресывные" (Central W-Y Compound (97, 37, 1))
[15:46:15]SAY: Cremp/(Gerry Falko) "Р ђ менотправили обратно чтобы привёз выжившего и теперь сижу тут" (Medical Lower (107, 150, 3))
[15:46:23]HIVEMIND: GhostPokolenie/(Young Warrior (19)) ".Агнесивные" (Central W-Y Compound (97, 37, 1))
[15:46:27]EMOTE: Random12234/(Marko Huegs) <B>PFC Unknown (as Marko Huegs)</B> gasps! (Main Hallway (136, 40, 1))
[15:46:30]SAY: EngineerConager/(Dell Conrad) "РЎ‹ Р-Он С-С-сейчас в ботаники…" (Medical Lower (107, 151, 3))
[15:46:39]SAY: Danik_10p/(Danil Olympiskii) "Р ђ" (Medical Research laboratories (157, 256, 3))
[15:46:42]SAY: EngineerConager/(Dell Conrad) "&amp;-&amp;хотел дать ему Р-ключь" (Medical Lower (107, 151, 3))
[15:46:42]ACCESS: Logout: *no key*/(Marko Huegs)
[15:46:42]ACCESS: Login: Random12234/(Marko Huegs) from 91.216.61.199-3230727184 || BYOND v513.1517
[15:46:45]SAY: EngineerConager/(Dell Conrad) "Р-Р ќо С-тут С-это" (Medical Lower (107, 151, 3))
[15:46:49]HIVEMIND: GhostPokolenie/(Young Warrior (19)) ".л (Central W-Y Compound (95, 37, 1))
[15:46:51]ACCESS: Logout: *no key*/(Marko Huegs)
[15:46:51]ACCESS: Login: Random12234/(Bloody Larva (140)) from 91.216.61.199-3230727184 || BYOND v513.1517
[15:46:51]ADMIN: Random12234 has joined as the Bloody Larva (140).
[15:47:03]SAY: Random12234/(Bloody Larva (140)) "Р њама" (Southwest Jungle (11, 13, 1))
[15:47:03]ADMIN: Zackary Braun (ZyberCpechnaz) launched a shuttle from 'Alamo' flight controls
[15:47:08]SAY: Random12234/(Bloody Larva (140)) "&родилс (Southwest Jungle (11, 13, 1))
[15:47:09]SAY: Danik_10p/(Danil Olympiskii) "Р Є Хм" (Medical Research laboratories (155, 256, 3))
[15:47:12]SAY: Danik_10p/(Danil Olympiskii) "Р ’ ВВВОООО" (Medical Research laboratories (155, 256, 3))
[15:47:17]SAY: Sewa/(Elder Queen) "Р єто угодно кроме дрона" (Southwest Jungle (10, 14, 1))
[15:47:23]SAY: NIKIGO/(Colten Stange) "Р їиздец" (Main Hallway (142, 37, 1))
[15:47:27]SAY: Random12234/(Bloody Larva (140)) "Р Ґорошо" (Southwest Jungle (12, 13, 1))
[15:47:33]HIVEMIND: Artyuom/(Elder Runner (719)) "Р ја" (Northeast W-Y Compound (120, 68, 1))
[15:47:34]SAY: EngineerConager/(Dell Conrad) "Р ­ Р-Р-Эти идиоты ещё и врача убили" (Medical Lower (107, 151, 3))
[15:47:40]SAY: EngineerConager/(Dell Conrad) "Р-Р-Р ќ Ну что за пиздец ?" (Medical Lower (107, 151, 3))
[15:47:51]EMOTE: Danik_10p/(Danil Olympiskii) <B>Danil Olympiskii</B> twitches. (Medical Research laboratories (154, 260, 3))
[15:47:52]SAY: ZyberCpechnaz/(Zackary Braun) "Р љОМАНДИР" (Dropship Alamo Transit (70, 37, 4))
[15:47:56]SAY: ZyberCpechnaz/(Zackary Braun) "Р љОМАНДИР" (Dropship Alamo Transit (70, 37, 4))
[15:47:57]SAY: Danik_10p/(Danil Olympiskii) "Р µ ееее!!" (Medical Research laboratories (151, 259, 3))
[15:47:57]SAY: Cremp/(Gerry Falko) "Р ћдного марина тоже смертильно ранили" (Medical Lower (107, 150, 3))
[15:47:58]EMOTE: Danik_10p/(Danil Olympiskii) <B>Danil Olympiskii</B> twitches. (Medical Research laboratories (151, 255, 3))
[15:47:59]ACCESS: Logout: Chaburek/(Haidee Baxter)
[15:48:01]SAY: ZyberCpechnaz/(Zackary Braun) "Р В СџРР—Р”Рђ, Р¤РћР‘ РџРћРўР•Р яРќ" (Dropship Alamo Transit (70, 37, 4))
[15:48:07]HIVEMIND: GhostPokolenie/(Young Warrior (19)) ".Сделай менлидером" (Main Hallway (104, 37, 1))
[15:48:08]SAY: ZyberCpechnaz/(Zackary Braun) "ТОЛЬКО СПАС& (Dropship Alamo Transit (70, 37, 4))
[15:48:17]SAY: EngineerConager/(Dell Conrad) "Р § Р-Что С-там у вас ?!" (Medical Lower (107, 151, 3))
[15:48:24]SAY: Cremp/(Gerry Falko) "Р §ёрт..." (Medical Lower (107, 149, 3))
[15:48:28]EMOTE: Artyuom/(Elder Runner (719)) <B>The Elder Runner (719)</B> hisses. (Main Hallway (128, 37, 1))
[15:48:41]ACCESS: Logout: *no key*/(Mature Larva (140))
[15:48:41]ACCESS: Login: Random12234/(Sentinel) from 91.216.61.199-3230727184 || BYOND v513.1517
[15:48:44]HIVEMIND: GhostPokolenie/(Young Warrior (19)) ".ох мать" (Northeast W-Y Compound (119, 65, 1))
[15:48:45]SAY: NIKIGO/(Colten Stange) "Р ·ащищай еблан" (Main Hallway (144, 34, 1))
[15:48:47]HIVEMIND: Sewa/(Elder Queen) "Р °ккуратнее там" (Southwest Jungle (10, 14, 1))
[15:48:48]SAY: NIKIGO/(Colten Stange) "стоить буду" (Main Hallway (144, 34, 1))
[15:48:48]HIVEMIND: GhostPokolenie/(Young Warrior (19)) ".тебе хуево" (Northeast W-Y Compound (119, 65, 1))
[15:48:56]ACCESS: Login: Chaburek/(Haidee Baxter) from 178.46.63.9-2047396774 || BYOND v512.1488
[15:48:57]ACCESS: Logout: Chaburek/(Haidee Baxter)
[15:49:00]ACCESS: Login: Chaburek/(Haidee Baxter) from 178.46.63.9-2047396774 || BYOND v512.1488
[15:49:02]SAY: Cremp/(Gerry Falko) "Р ’ам лучше?" (Medical Lower (106, 149, 3))
[15:49:08]SAY: Random12234/(Young Sentinel (140)) "Р Ўейчас накоплю плазмы и пойду" (Southwest Jungle (11, 12, 1))
[15:49:23]SAY: ZyberCpechnaz/(Zackary Braun) "РЎЃрочно реанимировать, марина!" (Dropship Alamo (92, 158, 3))
[15:49:31]HIVEMIND: GhostPokolenie/(Young Warrior (19)) ".Че они таке злые" (Main Hallway (126, 35, 1))
[15:49:41]SAY: Cremp/(Gerry Falko) "Р Ј нас нет докторов..." (Medical Lower (104, 152, 3))
[15:50:05]SAY: EngineerConager/(Dell Conrad) "Р-Р ” Р-Дам..." (Medical Lower (107, 151, 3))
[15:50:06]ACCESS: Logout: Chaburek/(Haidee Baxter)
[15:50:06]HIVEMIND: GhostPokolenie/(Young Warrior (19)) ".Брать ивыми иле убивать?" (Main Hallway (122, 31, 1))
[15:50:17]SAY: EngineerConager/(Dell Conrad) "Р ’ Всё Р-лутше Р-Р-и Р-Р-лутше" (Medical Lower (107, 151, 3))
[15:50:22]EMOTE: Random12234/(Young Sentinel (140)) <B>The Young Sentinel (140)</B> hisses. (Main Hallway (131, 38, 1))
[15:50:25]ACCESS: Login: Chaburek/(Haidee Baxter) from 178.46.63.9-2047396774 || BYOND v513.1513
[15:50:26]ACCESS: Logout: Chaburek/(Haidee Baxter)
[15:50:30]ACCESS: Login: Chaburek/(Haidee Baxter) from 178.46.63.9-2047396774 || BYOND v513.1513
[15:50:41]EMOTE: NIKIGO/(Colten Stange) <B>SGT Colten Stange</B> screams! (Main Hallway (144, 38, 1))
[15:50:41]OOC: (LOCAL) Young Sentinel (140)/Random12234 : Ух быстро они)
[15:50:42]SAY: *no key*/(corgi) "YAP" (Commandant's Quarters (106, 26, 1))
[15:50:44]SAY: NIKIGO/(Colten Stange) "РЎ‡сука" (Main Hallway (142, 37, 1))
[15:50:49]HIVEMIND: Sewa/(Elder Queen) "Р °такуйте со стороны Аламо" (Southwest Jungle (10, 14, 1))
[15:50:55]SAY: Cremp/(Gerry Falko) "Р ‘л (Medical Lower (106, 152, 3))
[15:50:58]HIVEMIND: GhostPokolenie/(Young Warrior (19)) ".у нас потери!" (Northeast W-Y Compound (119, 67, 1))
[15:50:59]ADMIN: EngineerConager/(Dell Conrad) admin ghosted.
[15:50:59]ACCESS: Logout: *no key*/(Dell Conrad)
[15:50:59]ACCESS: Login: EngineerConager/(Dell Conrad) from 176.32.153.98-2402443160 || BYOND v513.1525
[15:51:07]ACCESS: Logout: *no key*/(Dell Conrad)
[15:51:07]ACCESS: Login: EngineerConager/(Dell Conrad) from 176.32.153.98-2402443160 || BYOND v513.1525
[15:51:12]OOC: (LOCAL) Young Warrior (19)/GhostPokolenie : Ты иви
[15:51:33]SAY: NIKIGO/(Colten Stange) "Р °ааа" (Alamo Landing Zone (146, 40, 1))
[15:51:34]HIVEMIND: GhostPokolenie/(Mature Warrior (19)) ".Мама подлечи хорчу" (Northeast W-Y Compound (119, 65, 1))
[15:51:37]ADMIN: Zackary Braun (ZyberCpechnaz) launched a shuttle from 'Alamo' dropship console
[15:51:38]GAME: NIKIGO/(Colten Stange) shot fueltank at Alamo Landing Zone (146,37,1).
[15:51:51]SAY: EngineerConager/(Dell Conrad) "Р-Р ћооох" (Medical Lower (107, 151, 3))
[15:51:55]SAY: Danik_10p/(Danil Olympiskii) "Р • ЕЕЕЕ!!!!!!!" (Medical Research laboratories (153, 254, 3))
[15:52:10]SAY: Cremp/(Gerry Falko) "&РЅРµ СѓРјРµСЋ РёСЃРїРѕР»СЊР·РѕРІР°С‚СЊ РґРµС„СЂРёР±СЂР»яС‚РѕСЂ" (Medical Lower (106, 152, 3))
[15:52:37]SAY: ZyberCpechnaz/(Zackary Braun) "Р ћТЧЁТ, КТО ЖИВ?" (Dropship Alamo (89, 159, 3))
[15:52:56]SAY: Cremp/(Gerry Falko) "&ничего не смог сделать" (Medical Lower (109, 152, 3))
[15:53:05]SAY: Cremp/(Gerry Falko) "&РЅРµ СѓРјРµСЋ РїРѕР»СЊР·РѕРІР°С‚СЊСЃРґРµС„СЂРёР±СЂРёР»яС‚РѕСЂРѕРј" (Medical Lower (109, 152, 3))
[15:53:12]SAY: Random12234/(Young Sentinel (140)) "Р —лые они..." (Northeast W-Y Compound (119, 67, 1))
[15:53:14]SAY: EngineerConager/(Dell Conrad) "Р-Р-Р ­ Р-Эх" (Medical Lower (107, 151, 3))
[15:53:20]SAY: Artyuom/(Elder Runner (719)) "РЎ‚ам зади зайти можно" (Northeast W-Y Compound (118, 67, 1))
[15:53:25]HIVEMIND: Artyuom/(Elder Runner (719)) "Vf" (Northeast W-Y Compound (118, 67, 1))
[15:53:29]SAY: ZyberCpechnaz/(Zackary Braun) "&ТОЖЕ" (Medical Lower (106, 150, 3))
[15:53:32]SAY: ZyberCpechnaz/(Zackary Braun) "&ОВОЩЬ" (Medical Lower (106, 150, 3))
[15:53:50]ADMIN: EngineerConager/(Dell Conrad) admin ghosted.
[15:53:50]ACCESS: Logout: *no key*/(Dell Conrad)
[15:53:50]ACCESS: Login: EngineerConager/(Dell Conrad) from 176.32.153.98-2402443160 || BYOND v513.1525
[15:53:59]SAY: Cremp/(Gerry Falko) "Р ’ам лучше?" (Medical Lower (107, 152, 3))
[15:54:08]SAY: NIKIGO/(Colten Stange) "Р џрием" (Almayer Dropship 1 (155, 38, 1))
[15:54:13]SAY: Cremp/(Gerry Falko) "Р џриём" (Medical Lower (107, 152, 3))
[15:54:13]ADMIN: HELP: Chaburek/(Haidee Baxter): РџСЂРѕС€Сѓ РїСЂРѕС‰РµРЅРёя: РЅР°РІРµСЂРЅРѕРµ СЌС‚Рѕ РіР»СѓРїС‹Р№ РІРѕРїСЂРѕСЃ. РќРѕ  РїРѕ СЃРІРѕРµР№ РЅРµРІРЅРёРјР°С‚РµР»СЊРЅРѕСЃС‚Рё, РЅРёРєР°Рє РЅРµ РјРѕРіСѓ РїРѕРЅяС‚СЊ - РєР°РєР°РІРµСЂСЃРёByond РЅСѓР¶РЅР°. &Р·Р°С€РµР» РЅР° 513, РЅРѕ С‚СѓС‚ РµСЃС‚СЊ РёРµСЂРѕРіР»РёС„С‹ Сѓ Р»СЋРґРµР№. РќР° 512 С‚Р°РєР°Р¶Рµ РїСЂРѕР±Р»РµРјР°. РќРµ РјРѕРіР»Рё Р±С‹ РІС‹, РїРѕР¶Р°Р»СѓР№СЃС‚Р°, РїРѕРјРѕС‡СЊ РјРЅРµ СЃ СЌС‚РѕР№ РїСЂРѕР±Р»РµРјРѕР№? - heard by 3 non-AFK admins.
[15:54:15]SAY: GhostPokolenie/(Mature Warrior (19)) "РЎѓйди" (Main Hallway (139, 37, 1))
[15:54:15]ACCESS: Logout: *no key*/(Dell Conrad)
[15:54:15]ACCESS: Login: EngineerConager/(Dell Conrad) from 176.32.153.98-2402443160 || BYOND v513.1525
[15:54:42]ADMIN: PM: BlackCrystalic/(Blacky 'GG' Crysis)->Chaburek/(Haidee Baxter): Это проблема в билде, в некст раунде всё уже должно работать
[15:54:53]HIVEMIND: Sewa/(Elder Queen) "Р іотовьтесь мы отомстим за прошьлую королеву" (Southwest Jungle (10, 14, 1))
[15:54:59]ADMIN: PM: Chaburek/(Haidee Baxter)->BlackCrystalic/(Blacky 'GG' Crysis): РџРѕРЅяС‚РЅРѕ. РўРѕРіРґР° РЅСѓР¶РЅР° 513, РІРµСЂРЅРѕ? Р‘Р»Р°РіРѕРґР°СЂСЋ Р·Р° РѕС‚РІРµС‚
[15:55:01]SAY: Cremp/(Gerry Falko) "Р ’ам лучше?" (Medical Lower (108, 151, 3))
[15:55:06]SAY: EngineerConager/(Dell Conrad) "Р ”-да" (Medical Lower (107, 151, 3))
[15:55:06]ADMIN: PM: BlackCrystalic/(Blacky 'GG' Crysis)->Chaburek/(Haidee Baxter): +
[15:55:08]GAME: Explosion with size (-4, -4, 8) in area Cargo Bay 
[15:55:13]SAY: EngineerConager/(Dell Conrad) "Р ќ Но это временно.." (Medical Lower (107, 151, 3))
[15:55:17]SAY: Cremp/(Gerry Falko) "Р ”а..." (Medical Lower (108, 152, 3))
[15:55:22]EMOTE: Ryterator/(Sergio Fiscina) <B>LCPL Sergio Fiscina</B> screams! (Almayer Dropship 1 (154, 35, 1))
[15:55:24]HIVEMIND: Random12234/(Mature Sentinel (140)) "Р јам рости можно?" (Cargo Bay Area (139, 61, 1))
[15:55:30]SAY: NIKIGO/(Colten Stange) "Р В С‘РЅРІР°Р»РёРґС‹ Р±Р»яС‚СЊ" (Almayer Dropship 1 (154, 37, 1))
[15:55:36]SAY: Ryterator/(Sergio Fiscina) "Р Ўука" (Almayer Dropship 1 (156, 36, 1))
[15:55:38]SAY: Ryterator/(Sergio Fiscina) "Р В вЂР»яС‚СЊ" (Almayer Dropship 1 (156, 36, 1))
[15:55:39]SAY: NIKIGO/(Colten Stange) "Р Іыключи ебаный френдли фаер" (Almayer Dropship 1 (154, 37, 1))
[15:55:40]HIVEMIND: GhostPokolenie/(Mature Warrior (19)) ".Ага" (Northeast W-Y Compound (118, 64, 1))
[15:55:41]EMOTE: NIKIGO/(Colten Stange) <B>SGT Colten Stange</B> ы (Almayer Dropship 1 (154, 37, 1))
[15:55:44]SAY: EngineerConager/(Dell Conrad) "Р В С™С‚Рѕ РІР·яР» РјРѕСЋ РєР°СЂС‚Сѓ ?!" (Medical Lower (107, 151, 3))
[15:55:47]ADMIN: Zackary Braun (ZyberCpechnaz) launched a shuttle from 'Alamo' dropship console
[15:55:52]SAY: Cremp/(Gerry Falko) "Р В вЂєРёРґРµСЂ РѕС‚СЂяРґР° РђР»СЊС„Р°" (Medical Lower (106, 151, 3))
[15:55:57]SAY: EngineerConager/(Dell Conrad) "&&яСЃРЅРѕ" (Medical Lower (107, 151, 3))
[15:56:03]SAY: NIKIGO/(Colten Stange) "РЎѓра" (Dropship Alamo Transit (67, 30, 4))
[15:56:07]SAY: NIKIGO/(Colten Stange) "РЎ‡е сломал тебе ?" (Dropship Alamo Transit (67, 30, 4))
[15:56:09]SAY: ZyberCpechnaz/(Zackary Braun) "отдолжил" (Hangar (67, 162, 3))
[15:56:13]SAY: EngineerConager/(Dell Conrad) "Р І &amp;-&amp;-&amp;Р-ещё и нихуне вижу" (Medical Lower (108, 151, 3))
[15:56:16]SAY: EngineerConager/(Dell Conrad) "Р-Р Ў С-су" (Medical Lower (108, 151, 3))
[15:56:17]HIVEMIND: Random12234/(Mature Sentinel (140)) "Р ¶елезнакоробка улетела" (Cargo Bay (144, 47, 1))
[15:56:19]SAY: EngineerConager/(Dell Conrad) "Р В С’РђРђР°Р° Р-Р±Р» (Medical Lower (108, 151, 3))
[15:56:23]EMOTE: Ryterator/(Sergio Fiscina) <B>LCPL Sergio Fiscina</B> is having trouble keeping their eyes open. (Dropship Alamo Transit (71, 28, 4))
[15:56:36]SAY: Cremp/(Gerry Falko) "Р ќу всё..." (Medical Lower (110, 150, 3))
[15:56:42]ADMIN: A bioscan/Queen Mother message has completed. Humans: 2 on the planet and 7 on the ship. Xenos: 2 on the planet and 0 on the ship.
[15:56:44]SAY: Cremp/(Gerry Falko) "Р ”ействие оксикодона прошло..." (Medical Lower (110, 150, 3))
[15:56:52]SAY: Cremp/(Gerry Falko) "Р љто-то летит на Аламо" (Medical Lower (109, 150, 3))
[15:56:57]SAY: Danik_10p/(Danil Olympiskii) "LET ME OUUUUUT!!!" (Medical Research laboratories (155, 260, 3))
[15:57:04]SAY: Danik_10p/(Danil Olympiskii) "AAAAAAAAAAAAAAAAAAAAAAAAAAAAAAA!!!!!!!!!!!!!!!!" (Medical Research laboratories (155, 260, 3))
[15:57:14]SAY: Cremp/(Gerry Falko) "Р ўак лучше" (Medical Lower (106, 152, 3))
[15:57:22]HIVEMIND: GhostPokolenie/(Mature Warrior (19)) ".РҐРѕСЂС‰Р° С‚С‹ Р¶РёРІРёя?" (Alamo Landing Zone (146, 35, 1))
[15:57:35]SAY: ZyberCpechnaz/(Zackary Braun) "&БЕГУ" (Commander's Bunk (104, 264, 3))
[15:57:56]SAY: NIKIGO/(Colten Stange) "РЎЃл ты еблан, мы чуть не сдохли" (Dropship Alamo (89, 148, 3))
[15:58:02]SAY: Danik_10p/(Danil Olympiskii) "Р џ ПАМИРАЮ!! АААА!!!" (Medical Research laboratories (155, 259, 3))
[15:58:07]HIVEMIND: GhostPokolenie/(Mature Warrior (19)) ".Ма давай штл" (Alamo Landing Zone (146, 39, 1))
[15:58:14]SAY: *no key*/(МилкиВей) "Meow!" (Commander's Bunk (95, 268, 3))
[15:58:23]SAY: NIKIGO/(Colten Stange) ":че у вас" (Medical Lower (107, 151, 3))
[15:58:32]SAY: Cremp/(Gerry Falko) "Р •бать" (Medical Lower (116, 144, 3))
[15:58:36]SAY: NIKIGO/(Colten Stange) "Р Ўл че происходит" (Medical Lower (107, 151, 3))
[15:58:37]SAY: Sewa/(Elder Queen) "Р іде третий?" (Main Hallway (141, 39, 1))
[15:58:42]SAY: EngineerConager/(Dell Conrad) "Р-Р-Р Јуух" (Medical Lower (116, 145, 3))
[15:58:44]SAY: Cremp/(Gerry Falko) "Р Ј него глаза" (Medical Lower (116, 144, 3))
[15:58:47]HIVEMIND: GhostPokolenie/(Mature Warrior (19)) ".Третий ты гдле" (Main Hallway (144, 38, 1))
[15:58:52]SAY: Cremp/(Gerry Falko) "Р ћчень сильно ранены" (Medical Lower (115, 144, 3))
[15:58:55]SAY: EngineerConager/(Dell Conrad) "Р › Ладно что у Р-вас ?-?" (Medical Lower (116, 145, 3))
[15:58:59]SAY: NIKIGO/(Colten Stange) "Р В С”Р°Рє Р±Р»яС‚СЊ" (Medical Lower (115, 145, 3))
[15:59:04]SAY: NIKIGO/(Colten Stange) "Р ·аебись нахуй" (Medical Lower (115, 145, 3))
[15:59:10]HIVEMIND: Random12234/(Mature Sentinel (140)) "Р ‘егу" (Central River (113, 102, 1))
[15:59:10]SAY: NIKIGO/(Colten Stange) "Р РЋРѓРјР°СЂС‚РіР°РЅРµСЂ СЃС‚СЂРµР»яР» РІ РјРµРЅ (Medical Lower (115, 145, 3))
[15:59:14]SAY: NIKIGO/(Colten Stange) "в него" (Medical Lower (115, 145, 3))
[15:59:27]SAY: NIKIGO/(Colten Stange) "Р ° еще мне плохо" (Medical Lower (108, 146, 3))
[15:59:27]SAY: ZyberCpechnaz/(Zackary Braun) "Р џЛАНЕТА ОКУПИРОВАНА" (Medical Lower (109, 152, 3))
[15:59:33]SAY: Cremp/(Gerry Falko) "Р ‘л (Medical Lower (110, 156, 3))
[15:59:33]SAY: NIKIGO/(Colten Stange) "РЎ‚ам две твари" (Medical Lower (106, 151, 3))
[15:59:40]SAY: Chaburek/(Haidee Baxter) "Р ћх." (Medical Lower (110, 158, 3))
[15:59:44]SAY: Danik_10p/(Danil Olympiskii) "LET ME OUUUUUUUT!!!!" (Medical Upper (144, 250, 3))
[15:59:45]SAY: Chaburek/(Haidee Baxter) "Р  медиков нет, да?" (Medical Lower (110, 158, 3))
[15:59:48]HIVEMIND: Sewa/(Elder Queen) "РЎЃпиттер ты где?" (Main Hallway (145, 38, 1))
[15:59:49]SAY: Cremp/(Gerry Falko) "Р ќет" (Medical Lower (112, 158, 3))
[15:59:51]SAY: Danik_10p/(Danil Olympiskii) "Р ђ АААААААААААА!!!!!!!" (Medical Upper (144, 250, 3))
[15:59:52]SAY: Chaburek/(Haidee Baxter) "Р Јжасно." (Medical Lower (110, 158, 3))
[15:59:57]SAY: Random12234/(Mature Sentinel (140)) "Р ўута" (Main Hallway (141, 38, 1))
[16:00:05]SAY: Chaburek/(Haidee Baxter) "Р ›идер, что нам делать?" (Medical Lower (110, 158, 3))
[16:00:06]SAY: Sewa/(Elder Queen) "Р ±удем здесь ждать" (Main Hallway (144, 38, 1))
[16:00:10]ADMIN: Elder Queen (Sewa) launched a shuttle from 'Alamo' dropship console
[16:00:17]SAY: EngineerConager/(Dell Conrad) "Р-РЎ‹ &amp;Р-Р-обожаю эту работу" (Medical Lower (110, 157, 3))
[16:00:18]SAY: Chaburek/(Haidee Baxter) "Р љорабль летит..." (Medical Lower (110, 158, 3))
[16:00:21]SAY: ZyberCpechnaz/(Zackary Braun) "YA НЕ ЗНАЮ!" (Hallway Starboard (126, 162, 3))
[16:00:24]SAY: Random12234/(Mature Sentinel (140)) "Р  ости можно?" (Main Hallway (143, 36, 1))
[16:00:24]SAY: Cremp/(Gerry Falko) "Р људа?" (Medical Lower (109, 157, 3))
[16:00:27]ACCESS: Logout: Ryterator/(Sergio Fiscina)
[16:00:30]SAY: Chaburek/(Haidee Baxter) "Р љорабль улетел." (Medical Lower (110, 158, 3))
[16:00:45]SAY: Chaburek/(Haidee Baxter) "Р В С’ РєС‚Рѕ РёРј СѓРїСЂР°РІР»яРµС‚-С‚Рѕ?" (Medical Lower (110, 158, 3))
[16:00:53]SAY: Danik_10p/(Danil Olympiskii) "Р ’ ВЫПУСТИТЕ МЕН&!!!" (Medical Upper (144, 250, 3))
[16:00:55]SAY: Cremp/(Gerry Falko) "Р мидазолин нужен" (Medical Lower (110, 156, 3))
[16:00:59]SAY: EngineerConager/(Dell Conrad) "Р-Р § Ч-что С-С-там у вас ?-?" (Medical Lower (110, 157, 3))
[16:01:00]SAY: Danik_10p/(Danil Olympiskii) "Р ђ &ЩАС СДОХНУ!!! АААё!!!!" (Medical Upper (144, 250, 3))
[16:01:06]SAY: Cremp/(Gerry Falko) "Р •му нужен имидазолин" (Medical Lower (110, 156, 3))
[16:01:15]SAY: Danik_10p/(Danil Olympiskii) "Р ђАААА" (Medical Upper (145, 247, 3))
[16:01:18]SAY: Cremp/(Gerry Falko) "&РЅРµ Р·РЅР°СЋ РіРґРµ РµРіРѕ РІР·яС‚СЊ" (Medical Lower (110, 156, 3))
[16:01:19]SAY: Chaburek/(Haidee Baxter) "Р Ј него мозговатравма?" (Medical Lower (108, 157, 3))
[16:01:22]SAY: Danik_10p/(Danil Olympiskii) "Р Ў СПАСИТЕ!!" (Medical Upper (145, 247, 3))
[16:01:23]EMOTE: EngineerConager/(Dell Conrad) <B>CDR Dell Conrad</B> Вздох (Medical Lower (110, 157, 3))
[16:01:25]SAY: Cremp/(Gerry Falko) "Р “лазна (Medical Lower (110, 156, 3))
[16:01:33]SAY: Cremp/(Gerry Falko) "Р ћчень сильнаглазнатравма" (Medical Lower (110, 156, 3))
[16:01:37]ADMIN: EngineerConager/(Dell Conrad) admin ghosted.
[16:01:37]ACCESS: Logout: *no key*/(Dell Conrad)
[16:01:37]ACCESS: Login: EngineerConager/(Dell Conrad) from 176.32.153.98-2402443160 || BYOND v513.1525
[16:01:41]SAY: Chaburek/(Haidee Baxter) "Р ђ, сваркой пользовались?" (Medical Lower (108, 157, 3))
[16:01:44]HIVEMIND: GhostPokolenie/(Mature Warrior (19)) ".нене" (Main Hallway (141, 36, 1))
[16:01:48]SAY: Chaburek/(Haidee Baxter) "Р ђ хирургически не вариант?" (Medical Lower (108, 157, 3))
[16:01:48]HIVEMIND: GhostPokolenie/(Mature Warrior (19)) ".Он мой" (Main Hallway (141, 36, 1))
[16:01:52]SAY: Cremp/(Gerry Falko) "Р ’ариант" (Medical Lower (110, 153, 3))
[16:01:56]SAY: Chaburek/(Haidee Baxter) "Р ќо медиков нет..." (Medical Lower (108, 157, 3))
[16:01:57]SAY: Cremp/(Gerry Falko) "&не  хирург" (Medical Lower (110, 153, 3))
[16:02:07]SAY: Random12234/(Elder Sentinel (140)) "Р ћПА" (Main Hallway (145, 37, 1))
[16:02:10]SAY: Cremp/(Gerry Falko) "Р ђ что с этим то?" (Medical Lower (109, 153, 3))
[16:02:14]SAY: Chaburek/(Haidee Baxter) "Р ўак кто на корабле улетел?" (Medical Lower (108, 157, 3))
[16:02:27]ACCESS: Logout: *no key*/(Dell Conrad)
[16:02:27]ACCESS: Login: EngineerConager/(Dell Conrad) from 176.32.153.98-2402443160 || BYOND v513.1525
[16:02:29]SAY: NIKIGO/(Colten Stange) "&в крио" (Cryo Cells (224, 156, 3))
[16:02:34]ACCESS: Logout: NIKIGO/(Colten Stange)
[16:02:44]SAY: Cremp/(Gerry Falko) "Р •у него перелом" (Medical Lower (110, 151, 3))
[16:02:56]SAY: Chaburek/(Haidee Baxter) "Р •сли никто не отвечает, то наш корабль угнали?" (Medical Lower (110, 149, 3))
[16:02:56]SAY: EngineerConager/(Dell Conrad) "Р Јже лутше" (Medical Lower (110, 154, 3))
[16:02:59]SAY: EngineerConager/(Dell Conrad) "Р ќо..." (Medical Lower (110, 154, 3))
[16:03:01]SAY: EngineerConager/(Dell Conrad) "Р “ Глаза !" (Medical Lower (110, 154, 3))
[16:03:25]SAY: Chaburek/(Haidee Baxter) "Р ўак, что мне делать?" (Medical Lower (110, 150, 3))
[16:03:26]HIVEMIND: GhostPokolenie/(Mature Warrior (19)) ".Ма их брать живыми?" (Almayer Dropship 1 (155, 39, 1))
[16:04:14]SAY: ZyberCpechnaz/(Zackary Braun) "Р Ѕе трогайте его" (Medical Lower (110, 153, 3))
[16:04:18]SAY: ZyberCpechnaz/(Zackary Braun) "Р ќЕЕ ТРОГАЙТЕ ЕГО" (Medical Lower (110, 153, 3))
[16:04:33]SAY: Cremp/(Gerry Falko) "Р ћ, встал" (Medical Lower (108, 152, 3))
[16:04:34]SAY: Chaburek/(Haidee Baxter) "Р ќу, раз вы знаете, что делаете, то ладно." (Medical Lower (110, 151, 3))
[16:04:37]EMOTE: EngineerConager/(Dell Conrad) <B>CDR Dell Conrad</B> can no longer stand, collapsing! (Medical Lower (110, 154, 3))
[16:04:39]SAY: Chaburek/(Haidee Baxter) "Р Јпал." (Medical Lower (110, 151, 3))
[16:04:58]SAY: Random12234/(Elder Sentinel (140)) "&эволюционирую" (Almayer Dropship 1 (154, 41, 1))
[16:05:00]SAY: Cremp/(Gerry Falko) "Р •му оксикодон на минуты две помогает" (Medical Lower (108, 152, 3))
[16:05:04]SAY: Chaburek/(Haidee Baxter) "Р ћн болеет вирусом, что его нельзтрогать?" (Medical Lower (110, 151, 3))
[16:05:06]SAY: Cremp/(Gerry Falko) "Р Ј него ужаснаболь от глаз" (Medical Lower (108, 152, 3))
[16:05:07]ACCESS: Logout: *no key*/(Elder Sentinel (140))
[16:05:07]ACCESS: Login: Random12234/(Spitter) from 91.216.61.199-3230727184 || BYOND v513.1517
[16:05:08]SAY: Sewa/(Elder Queen) "РЎ…орошо" (Almayer Dropship 1 (153, 43, 1))
[16:05:14]HIVEMIND: GhostPokolenie/(Mature Warrior (19)) ".Давай" (Almayer Dropship 1 (153, 42, 1))
[16:05:17]ADMIN: Elder Queen (Sewa) launched a shuttle from 'Alamo' flight controls
[16:05:23]HIVEMIND: GhostPokolenie/(Mature Warrior (19)) ".&скоро тоже буду эво" (Almayer Dropship 1 (153, 42, 1))
[16:05:24]ADMIN: EngineerConager/(Dell Conrad) toggled LOOC.
[16:05:24]SAY: Sewa/(Elder Queen) "Р ’ПЕРЁД" (Almayer Dropship 1 (153, 43, 1))
[16:05:24]SAY: Cremp/(Gerry Falko) "Р ‘л (Medical Lower (108, 152, 3))
[16:05:26]SAY: EngineerConager/(Dell Conrad) "Р В Р’В РЎСџ Р -Р -Р СџРЎР‚Р С•РЎРѓРЎвЂљР С• Р С—Р С•Р В»Р С•Р яР С‘ Р СР ВµР Р… (Medical Lower (110, 154, 3))
[16:05:26]SAY: Chaburek/(Haidee Baxter) "Р  что теперь делать?" (Medical Lower (110, 151, 3))
[16:05:28]SAY: Cremp/(Gerry Falko) "Р ©ас упаёт" (Medical Lower (108, 152, 3))
[16:05:29]SAY: Random12234/(Young Spitter (140)) "Р —А РОЙ" (Almayer Dropship 1 (154, 41, 1))
[16:05:37]SAY: Chaburek/(Haidee Baxter) "Р дем куда-нибудь?" (Medical Lower (110, 151, 3))
[16:05:42]SAY: Chaburek/(Haidee Baxter) "Р ќа мостик там?:" (Medical Lower (110, 151, 3))
[16:05:50]SAY: Cremp/(Gerry Falko) "Р ќадо идти" (Medical Lower (109, 153, 3))
[16:05:51]SAY: EngineerConager/(Dell Conrad) "Р Ј ух" (Medical Lower (110, 154, 3))
[16:06:19]SAY: Chaburek/(Haidee Baxter) "Р ’ы медик?" (USS Almayer Evac 3 (137, 241, 3))
[16:06:20]SAY: EngineerConager/(Dell Conrad) "РЎ‚ Тащи мен!" (Medical Lower (114, 142, 3))
[16:06:20]SAY: ZyberCpechnaz/(Zackary Braun) "Р ’ВСЕ ЗА МНОЙ" (Medical Lower (114, 144, 3))
[16:06:21]SAY: Danik_10p/(Danil Olympiskii) "Р Ё Шо" (USS Almayer Evac 3 (137, 242, 3))
[16:06:22]HIVEMIND: GhostPokolenie/(Elder Warrior (19)) ".Ну мама скажи брать живыми или нет?" (Dropship Alamo Transit (69, 36, 4))
[16:06:24]SAY: Danik_10p/(Danil Olympiskii) "Р ќе не" (USS Almayer Evac 3 (137, 242, 3))
[16:06:34]SAY: ZyberCpechnaz/(Zackary Braun) "Р В вЂ™Р’РЎР• Р—Рђ РњРќРћР™! Р‘Р›яРўР¬, Р’ РџРЈР”Р«!" (Medical Lower (114, 144, 3))
[16:06:34]HIVEMIND: Sewa/(Elder Queen) "Р ЈВИДИТЕ ДВУНОГО УБИВАЙТЕ СРАЗУ" (Dropship Alamo Transit (69, 37, 4))
[16:06:41]SAY: Sewa/(Elder Queen) "Р Ѕет" (Dropship Alamo Transit (69, 37, 4))
[16:06:42]SAY: Danik_10p/(Danil Olympiskii) "&помра." (Medical Lower (116, 142, 3))
[16:06:46]SAY: Danik_10p/(Danil Olympiskii) "Р њ Мне хуево" (Medical Lower (116, 142, 3))
[16:07:08]SAY: EngineerConager/(Dell Conrad) "Р-Р Јууух" (USS Almayer Evac 3 (128, 248, 3))
[16:07:10]SAY: Cremp/(Gerry Falko) "Р ћх ебать!" (Medical Upper (140, 245, 3))
[16:07:15]SAY: EngineerConager/(Dell Conrad) "Р ў Р-Тащи менна мостик !-!" (USS Almayer Evac 3 (128, 248, 3))
[16:07:18]ADMIN: EngineerConager/(Dell Conrad) admin ghosted.
[16:07:18]ACCESS: Logout: *no key*/(Dell Conrad)
[16:07:18]ACCESS: Login: EngineerConager/(Dell Conrad) from 176.32.153.98-2402443160 || BYOND v513.1525
[16:07:18]SAY: Cremp/(Gerry Falko) "Р ­то кто?!" (Medical Upper (140, 245, 3))
[16:07:20]ACCESS: Logout: *no key*/(Dell Conrad)
[16:07:20]ACCESS: Login: EngineerConager/(Dell Conrad) from 176.32.153.98-2402443160 || BYOND v513.1525
[16:07:42]SAY: Cremp/(Gerry Falko) "Р људа идти?" (USS Almayer Evac 3 (143, 242, 3))
[16:07:54]SAY: Chaburek/(Haidee Baxter) "Р ‘аррикадировать?" (Combat Information Center (103, 250, 3))
[16:07:57]SAY: EngineerConager/(Dell Conrad) "Р-Р ђ Свет ?-?-?" (Combat Information Center (100, 252, 3))
[16:07:58]SAY: ZyberCpechnaz/(Zackary Braun) "Р Ѕет" (Combat Information Center (100, 250, 3))
[16:07:59]EMOTE: EngineerConager/(Dell Conrad) <B>CDR Dell Conrad</B> can no longer stand, collapsing! (Combat Information Center (100, 252, 3))
[16:07:59]SAY: EngineerConager/(Dell Conrad) "Р-Р џ Р-Р-Пффф" (Combat Information Center (100, 252, 3))
[16:08:03]SAY: ZyberCpechnaz/(Zackary Braun) "Р ‘ЕГИ К ПУДАМ НА СЕВЕРЕ" (Combat Information Center (100, 250, 3))
[16:08:06]SAY: EngineerConager/(Dell Conrad) "Р ќ Р-Ну С-удачи Р-Р-вам" (Combat Information Center (100, 252, 3))
[16:08:09]SAY: ZyberCpechnaz/(Zackary Braun) "Р ќА 2 ЭТАЩЕ" (Combat Information Center (100, 250, 3))
[16:08:14]SAY: Cremp/(Gerry Falko) "Р ђ дальше?" (USS Almayer Evac 3 (190, 243, 3))
[16:08:19]HIVEMIND: GhostPokolenie/(Elder Warrior (19)) ".Ма у тебесть родительские права?" (Dropship Alamo Transit (69, 36, 4))
[16:08:27]SAY: EngineerConager/(Dell Conrad) "Р-Р-Р ‘ Р-Бери Р-карту" (Combat Information Center (99, 255, 3))
[16:08:29]ACCESS: Logout: *no key*/(Elder Warrior (19))
[16:08:29]ACCESS: Login: GhostPokolenie/(Crusher) from 95.215.48.242-300637069 || BYOND v513.1524
[16:08:31]SAY: EngineerConager/(Dell Conrad) "Р  Р-делай !-!" (Combat Information Center (100, 254, 3))
[16:08:37]SAY: Random12234/(Young Spitter (140)) "Р џОГНАЛИ" (Dropship Alamo Transit (70, 35, 4))
[16:08:38]HIVEMIND: Sewa/(Elder Queen) "РЎ‡то за глупый вопрос" (Dropship Alamo Transit (69, 37, 4))
[16:08:39]ADMIN: BlackCrystalic/(Blacky 'GG' Crysis) called an evacuation.
[16:08:40]SAY: Danik_10p/(Danil Olympiskii) "Р ђАА" (Combat Information Center (111, 253, 3))
[16:08:41]GAME: Explosion with size (0, 5, 10) in area Space 
[16:08:41]GAME: Explosion with size (0, 5, 10) in area Hull Upper 
[16:08:41]GAME: Explosion with size (0, 0, 3) in area Upper Engineering 
[16:08:41]GAME: Explosion with size (0, 0, 3) in area Upper Engineering 
[16:08:42]GAME: Explosion with size (0, 5, 10) in area Upper Engineering 
[16:08:42]GAME: Explosion with size (0, 5, 10) in area Hull Upper 
[16:08:42]GAME: Explosion with size (0, 5, 10) in area Hallway Stern 
[16:08:43]GAME: Explosion with size (0, 5, 10) in area Space 
[16:08:43]GAME: Explosion with size (0, 5, 10) in area Hull Upper 
[16:08:43]EMOTE: Cremp/(Gerry Falko) <B>PFC Gerry Falko</B> screams! (Hallway Stern (235, 243, 3))
[16:08:43]EMOTE: Cremp/(Gerry Falko) <B>PFC Gerry Falko</B> screams! (Hallway Stern (235, 243, 3))
[16:08:43]GAME: Explosion with size (0, 5, 10) in area Hull Upper 
[16:08:44]GAME: Explosion with size (0, 5, 10) in area Space 
[16:08:44]SAY: Chaburek/(Haidee Baxter) "Р џочинил свет." (Combat Information Center (99, 250, 3))
[16:08:44]GAME: Explosion with size (0, 5, 10) in area Upper Engineering 
[16:08:48]ADMIN: EngineerConager/(Dell Conrad) admin ghosted.
[16:08:48]ACCESS: Logout: *no key*/(Dell Conrad)
[16:08:48]ACCESS: Login: EngineerConager/(Dell Conrad) from 176.32.153.98-2402443160 || BYOND v513.1525
[16:08:55]ACCESS: Logout: *no key*/(Dell Conrad)
[16:08:55]ACCESS: Login: EngineerConager/(Dell Conrad) from 176.32.153.98-2402443160 || BYOND v513.1525
[16:08:57]SAY: EngineerConager/(Dell Conrad) "&amp;-&amp;-&amp;&amp;!-!-!" (Combat Information Center (100, 254, 3))
[16:08:59]SAY: EngineerConager/(Dell Conrad) "Р-Р ў Р-Р-Тащи !-!" (Combat Information Center (100, 254, 3))
[16:09:00]SAY: Artyuom/(Ancient Runner (719)) "Р °хахахах" (Hallway Stern (234, 244, 3))
[16:09:01]SAY: Danik_10p/(Danil Olympiskii) "Р’  СПАСИТЕ" (Hallway Aft (119, 250, 3))
[16:09:03]SAY: EngineerConager/(Dell Conrad) "Р њ Медаль дам !-!" (Combat Information Center (107, 254, 3))
[16:09:03]SAY: Artyuom/(Ancient Runner (719)) "Р °хахаха" (Hallway Stern (234, 244, 3))
[16:09:04]SAY: ZyberCpechnaz/(Zackary Braun) "Nfv jyb" (Combat Information Center (105, 255, 3))
[16:09:08]SAY: ZyberCpechnaz/(Zackary Braun) "Р ўТАМ ОНИ" (Combat Information Center (105, 255, 3))
[16:09:10]ACCESS: Logout: *no key*/(Gerry Falko)
[16:09:10]ACCESS: Login: Cremp/(Gerry Falko) from 176.214.40.54-839358001 || BYOND v513.1513
[16:09:10]SAY: Danik_10p/(Danil Olympiskii) "Р џОМОГИТЕ" (Hallway Aft (119, 250, 3))
[16:09:14]SAY: EngineerConager/(Dell Conrad) "Р ў Р-ТАМЩИ Р-В НИЗ" (Combat Information Center (103, 254, 3))
[16:09:15]SAY: Artyuom/(Ancient Runner (719)) "Р јы 2 раздвили" (Hull Upper (232, 262, 3))
[16:09:17]SAY: EngineerConager/(Dell Conrad) "Р љ КАРТУ Р-Р-БЕРИ" (Combat Information Center (97, 255, 3))
[16:09:21]ADMIN: EngineerConager/(Dell Conrad) admin ghosted.
[16:09:21]ACCESS: Logout: *no key*/(Dell Conrad)
[16:09:21]ACCESS: Login: EngineerConager/(Dell Conrad) from 176.32.153.98-2402443160 || BYOND v513.1525
[16:09:22]SAY: Danik_10p/(Danil Olympiskii) "Р ‚ ААА" (Combat Information Center (109, 255, 3))
[16:09:31]SAY: Danik_10p/(Danil Olympiskii) "C СПАСИТЕ" (Combat Information Center (109, 255, 3))
[16:09:58]EMOTE: GhostPokolenie/(Young Crusher (19)) <B>The Young Crusher (19)</B> roars! (Hallway Stern (212, 243, 3))
[16:10:21]ACCESS: Logout: *no key*/(Dell Conrad)
[16:10:21]ACCESS: Login: EngineerConager/(Dell Conrad) from 176.32.153.98-2402443160 || BYOND v513.1525
[16:10:23]ACCESS: Login: Ryterator/(Sergio Fiscina) from 5.165.213.165-213703965 || BYOND v513.1525
[16:10:26]ACCESS: Logout: Ryterator/(Sergio Fiscina)
[16:10:30]SAY: EngineerConager/(Dell Conrad) "Р-Р-Р › Р-ЛутшаС-работа" (Hallway Port (128, 138, 3))
[16:10:30]ACCESS: Login: Ryterator/(Sergio Fiscina) from 5.165.213.165-213703965 || BYOND v513.1525
[16:10:40]SAY: EngineerConager/(Dell Conrad) "&amp;-&amp;&amp;-&amp;-&amp;ебал эту С-работу" (USS Almayer Evac 5 (128, 127, 3))
[16:10:42]ACCESS: Logout: *no key*/(Sergio Fiscina)
[16:10:43]ACCESS: Login: Ryterator/(Sergio Fiscina) from 5.165.213.165-213703965 || BYOND v513.1525
[16:10:50]SAY: EngineerConager/(Dell Conrad) "Р-Р-Р ’ Р-Валим" (USS Almayer Evac 5 (129, 127, 3))
[16:10:54]SAY: ZyberCpechnaz/(Zackary Braun) "Р ћСТАЛЬНЫХ ЖДАТЬ" (Hallway Port (126, 127, 3))
[16:10:58]SAY: ZyberCpechnaz/(Zackary Braun) "Р ЎТРОЙ УКРЕПЛЕНИ& (Hallway Port (125, 126, 3))
[16:11:36]HIVEMIND: GhostPokolenie/(Young Crusher (19)) ".Ма моно в низ?" (Medical Upper (141, 244, 3))
[16:12:00]ADMIN: EngineerConager/(Dell Conrad) admin ghosted.
[16:12:00]ACCESS: Logout: *no key*/(Dell Conrad)
[16:12:00]ACCESS: Login: EngineerConager/(Dell Conrad) from 176.32.153.98-2402443160 || BYOND v513.1525
[16:12:09]EMOTE: GhostPokolenie/(Young Crusher (19)) <B>The Young Crusher (19)</B> roars! (Hangar (83, 150, 3))
[16:12:46]SAY: Cremp/(Gerry Falko) (ghost) "Мда" (Unknown (28, 142, 2))
[16:12:55]GAME: Xenomorph Minor Victory
Game mode: Distress Signal
Round time: 1:46
End round player population: 13
Total xenos spawned: 6
Total Preds spawned: 0
Total humans spawned: 10
[16:12:55]GAME: Antagonists at round end were...
[16:12:55]GAME: Survivors: Danil Olympiskii(Danik_10p).
[16:12:55]GAME: Xenomorphs: Elder Queen(SomikTV), Elder Queen(Sewa), Ancient Runner (719)(Artyuom), Young Crusher (19)(GhostPokolenie), Mature Spitter (140)(Random12234).
[16:13:14]SAY: *no key*/(МилкиВей) "Esp!" (Commander's Bunk (94, 267, 3))
[16:13:22]ACCESS: Logout: GhostPokolenie/(Young Crusher (19))
[16:13:27]VOTE: Custom vote started by BlackCrystalic.
Next Map (Ooc>vote)
[16:13:27]ACCESS: Logout: ALex13t/(Reno 'Slowflake' Flake)
[16:13:37]ACCESS: Logout: Random12234/(Mature Spitter (140))
[16:14:15]ACCESS: Logout: Sewa/(Elder Queen)
[16:14:19]ACCESS: Logout: Cremp/(Gerry Falko)
[16:14:28]VOTE: <b>Vote Result: Decalm Slay</b>
[16:14:37]GAME: <a href='?priv_msg=[0x500000d]'>Chaburek</a>/(Haidee Baxter) has ghosted.
[16:14:37]ACCESS: Logout: *no key*/(Haidee Baxter)
[16:14:37]ACCESS: Login: Chaburek/(Haidee Baxter) from 178.46.63.9-2047396774 || BYOND v513.1513
[16:14:46]ACCESS: Login: ALex13t/(Reno 'Slowflake' Flake) from 176.36.139.205-647948570 || BYOND v513.1525
[16:14:50]ACCESS: Logout: ALex13t/(Reno 'Slowflake' Flake)
[16:14:51]ACCESS: Login: GhostPokolenie/(Young Crusher (19)) from 95.215.48.242-300637069 || BYOND v513.1524
[16:14:54]ACCESS: Login: ALex13t/(Reno 'Slowflake' Flake) from 176.36.139.205-647948570 || BYOND v513.1525
[16:14:54]ACCESS: Logout: GhostPokolenie/(Young Crusher (19))
[16:14:59]ACCESS: Login: GhostPokolenie/(Young Crusher (19)) from 95.215.48.242-300637069 || BYOND v513.1524
[16:15:00]ACCESS: Logout: CM.RU/(CM.RU)
[16:15:00]ACCESS: Logout: BlackCrystalic/(Blacky 'GG' Crysis)
[16:15:00]ACCESS: Logout: Ryterator/(Sergio Fiscina)
[16:15:00]ACCESS: Logout: ALex13t/(Reno 'Slowflake' Flake)
[16:15:00]ACCESS: Logout: Danik_10p/(Danil Olympiskii)
[16:15:00]ACCESS: Logout: EngineerConager/(Dell Conrad)
[16:15:00]ACCESS: Logout: ZyberCpechnaz/(Zackary Braun)
[16:15:00]ACCESS: Logout: GhostPokolenie/(Young Crusher (19))
[16:15:00]ACCESS: Logout: Artyuom/(Ancient Runner (719))
[16:15:00]ACCESS: Logout: Chaburek/(Haidee Baxter)
