

Starting up round 16:45:38
---------------------
[16:45:38]MISC: Saved mode is 'Distress Signal'
[16:45:38]ADMIN: Loading jobban_rank
[16:45:38]ADMIN: Loading Banlist
[16:45:38]DEBUG: Error setting up jobs, blank title job: /datum/job/captain.
[16:45:38]DEBUG: Error setting up jobs, blank title job: /datum/job/hop.
[16:45:38]DEBUG: Error setting up jobs, blank title job: /datum/job/assistant.
[16:45:38]DEBUG: Error setting up jobs, blank title job: /datum/job/bartender.
[16:45:38]DEBUG: Error setting up jobs, blank title job: /datum/job/chef.
[16:45:38]DEBUG: Error setting up jobs, blank title job: /datum/job/hydro.
[16:45:38]DEBUG: Error setting up jobs, blank title job: /datum/job/mining.
[16:45:38]DEBUG: Error setting up jobs, blank title job: /datum/job/janitor.
[16:45:38]DEBUG: Error setting up jobs, blank title job: /datum/job/librarian.
[16:45:38]DEBUG: Error setting up jobs, blank title job: /datum/job/lawyer.
[16:45:38]DEBUG: Error setting up jobs, blank title job: /datum/job/chaplain.
[16:45:38]DEBUG: Error setting up jobs, blank title job: /datum/job/qm.
[16:45:38]DEBUG: Error setting up jobs, blank title job: /datum/job/cargo_tech.
[16:45:38]DEBUG: Error setting up jobs, blank title job: /datum/job/chief_engineer.
[16:45:38]DEBUG: Error setting up jobs, blank title job: /datum/job/engineer.
[16:45:38]DEBUG: Error setting up jobs, blank title job: /datum/job/atmos.
[16:45:38]DEBUG: Error setting up jobs, blank title job: /datum/job/cmo.
[16:45:38]DEBUG: Error setting up jobs, blank title job: /datum/job/doctor.
[16:45:38]DEBUG: Error setting up jobs, blank title job: /datum/job/chemist.
[16:45:38]DEBUG: Error setting up jobs, blank title job: /datum/job/geneticist.
[16:45:38]DEBUG: Error setting up jobs, blank title job: /datum/job/psychiatrist.
[16:45:38]DEBUG: Error setting up jobs, blank title job: /datum/job/rd.
[16:45:38]DEBUG: Error setting up jobs, blank title job: /datum/job/scientist.
[16:45:38]DEBUG: Error setting up jobs, blank title job: /datum/job/roboticist.
[16:45:38]DEBUG: Error setting up jobs, blank title job: /datum/job/hos.
[16:45:38]DEBUG: Error setting up jobs, blank title job: /datum/job/warden.
[16:45:38]DEBUG: Error setting up jobs, blank title job: /datum/job/detective.
[16:45:38]DEBUG: Error setting up jobs, blank title job: /datum/job/officer.
[16:45:44]DEBUG: Next event in 43.288 minutes.
[16:45:45]ACCESS: Login: EngineerConager/(EngineerConager) from 176.32.153.98-2402443160 || BYOND v513.1525
[16:45:45]ACCESS: Login: Sewa/(Sewa) from 188.19.160.117-1345515308 || BYOND v513.1525
[16:45:46]ACCESS: Login: Danik_10p/(Danik_10p) from 188.163.54.53-2119476545 || BYOND v513.1522
[16:45:46]ACCESS: Login: BlackCrystalic/(BlackCrystalic) from 127.0.0.1-3990586367 || BYOND v513.1513
[16:45:46]ACCESS: Login: ZyberCpechnaz/(ZyberCpechnaz) from 80.240.253.147-3990586367 || BYOND v513.1513
[16:45:46]ACCESS: Notice: ZyberCpechnaz/(ZyberCpechnaz) has the same ID (3990586367) as BlackCrystalic/(BlackCrystalic).
[16:45:46]ACCESS: Login: CM.RU/(CM.RU) from 80.240.253.147-3990586367 || BYOND v513.1513
[16:45:46]ACCESS: Notice: CM.RU/(CM.RU) has the same ID (3990586367) as BlackCrystalic/(BlackCrystalic).
[16:45:46]ACCESS: Notice: CM.RU/(CM.RU) has the same IP (80.240.253.147) and ID (3990586367) as ZyberCpechnaz/(ZyberCpechnaz).
[16:45:46]ACCESS: Login: Das228/(Das228) from 188.123.231.53-2235160672 || BYOND v513.1525
[16:45:46]ACCESS: Login: Random12234/(Random12234) from 91.216.61.199-3230727184 || BYOND v513.1517
[16:45:46]ACCESS: Login: Artyuom/(Artyuom) from 95.174.127.234-114134526 || BYOND v513.1517
[16:45:47]ACCESS: Login: Alot/(Alot) from 85.141.70.207-2303950589 || BYOND v513.1513
[16:45:47]ACCESS: Logout: EngineerConager/(EngineerConager)
[16:45:47]ACCESS: Logout: Sewa/(Sewa)
[16:45:47]ACCESS: Logout: BlackCrystalic/(BlackCrystalic)
[16:45:49]ACCESS: Logout: ZyberCpechnaz/(ZyberCpechnaz)
[16:45:49]ACCESS: Logout: Das228/(Das228)
[16:45:49]ACCESS: Logout: CM.RU/(CM.RU)
[16:45:49]ACCESS: Logout: Danik_10p/(Danik_10p)
[16:45:49]ACCESS: Logout: Artyuom/(Artyuom)
[16:45:49]ACCESS: Logout: Alot/(Alot)
[16:45:50]DEBUG: ERROR CODE EV1.5: could not find door in USS Almayer Evac 22.
[16:45:50]DEBUG: ERROR CODE EV1.5: could not find door in USS Almayer Evac 9.
[16:45:50]DEBUG: ERROR CODE EV1.5: could not find door in USS Almayer Evac 3.
[16:45:50]ACCESS: Logout: Random12234/(Random12234)
[16:45:51]ACCESS: Login: ZyberCpechnaz/(ZyberCpechnaz) from 80.240.253.147-3990586367 || BYOND v513.1513
[16:45:51]ACCESS: Login: Das228/(Das228) from 188.123.231.53-2235160672 || BYOND v513.1525
[16:45:51]ACCESS: Login: CM.RU/(CM.RU) from 80.240.253.147-3990586367 || BYOND v513.1513
[16:45:51]ACCESS: Notice: CM.RU/(CM.RU) has the same IP (80.240.253.147) and ID (3990586367) as ZyberCpechnaz/(ZyberCpechnaz).
[16:45:52]ACCESS: Login: Sewa/(Sewa) from 188.19.160.117-1345515308 || BYOND v513.1525
[16:45:52]ACCESS: Login: Alot/(Alot) from 85.141.70.207-2303950589 || BYOND v513.1513
[16:45:52]ACCESS: Login: Danik_10p/(Danik_10p) from 188.163.54.53-2119476545 || BYOND v513.1522
[16:45:53]ACCESS: Login: Artyuom/(Artyuom) from 95.174.127.234-114134526 || BYOND v513.1517
[16:45:54]ACCESS: Login: Random12234/(Random12234) from 91.216.61.199-3230727184 || BYOND v513.1517
[16:46:09]OOC: Alot/(Alot) "Зачем сменили билд?" (start area (8, 8, 2))
[16:46:16]OOC: Alot/(Alot) "Какие плюсы?" (start area (8, 8, 2))
[16:46:31]OOC: Alot/(Alot) "Просто интересно" (start area (8, 8, 2))
[16:46:36]ACCESS: Login: EngineerConager/(EngineerConager) from 176.32.153.98-2402443160 || BYOND v513.1525
[16:47:11]OOC: ZyberCpechnaz/(ZyberCpechnaz) "Р‘РёР»Рґ С‚СѓС‚ РјРµРЅяР»Рё?" (start area (8, 8, 2))
[16:47:40]ACCESS: Login: BlackCrystalic/(BlackCrystalic) from 127.0.0.1-3990586367 || BYOND v513.1513
[16:47:40]ACCESS: Notice: BlackCrystalic/(BlackCrystalic) has the same ID (3990586367) as ZyberCpechnaz/(ZyberCpechnaz).
[16:47:40]ACCESS: Notice: BlackCrystalic/(BlackCrystalic) has the same ID (3990586367) as CM.RU/(CM.RU).
[16:48:48]DEBUG: Random12234 had Alien enabled, so we are drafting them.
[16:48:48]DEBUG: Sewa had Survivor enabled, so we are drafting them.
[16:48:48]ACCESS: Logout: *no key*/(ZyberCpechnaz)
[16:48:48]ACCESS: Login: ZyberCpechnaz/(Cletus Rogers) from 80.240.253.147-3990586367 || BYOND v513.1513
[16:48:48]ACCESS: Notice: ZyberCpechnaz/(Cletus Rogers) has the same IP (80.240.253.147) and ID (3990586367) as CM.RU/(CM.RU).
[16:48:48]ACCESS: Notice: ZyberCpechnaz/(Cletus Rogers) has the same ID (3990586367) as BlackCrystalic/(BlackCrystalic).
[16:48:48]ACCESS: Logout: *no key*/(Das228)
[16:48:48]ACCESS: Login: Das228/(Osmund Howard) from 188.123.231.53-2235160672 || BYOND v513.1525
[16:48:48]ACCESS: Logout: *no key*/(Sewa)
[16:48:48]ACCESS: Login: Sewa/(Kelvin Focell) from 188.19.160.117-1345515308 || BYOND v513.1525
[16:48:49]ACCESS: Logout: *no key*/(Random12234)
[16:48:49]ACCESS: Login: Random12234/(Trip Woodward) from 91.216.61.199-3230727184 || BYOND v513.1517
[16:48:49]ACCESS: Logout: *no key*/(EngineerConager)
[16:48:49]ACCESS: Login: EngineerConager/(Dell Conrad) from 176.32.153.98-2402443160 || BYOND v513.1525
[16:48:49]ADMIN: ZyberCpechnaz/(Cletus Rogers) has been assigned as Bravo Squad Leader
[16:48:49]ADMIN: Das228/(Osmund Howard) has been assigned as Alpha Squad Smartgunner
[16:48:49]ACCESS: Logout: *no key*/(Trip Woodward)
[16:48:49]ACCESS: Login: Random12234/(Bloody Larva (0)) from 91.216.61.199-3230727184 || BYOND v513.1517
[16:49:16]ACCESS: Logout: *no key*/(Alot)
[16:49:16]ACCESS: Login: Alot/(Sarah 'Phantom' Black) from 85.141.70.207-2303950589 || BYOND v513.1513
[16:49:16]ADMIN: Alot/(Sarah 'Phantom' Black) has been assigned as Bravo Squad Specialist
[16:49:46]SAY: Random12234/(Larva (848)) "Р њда" (Lambda Lab (196, 145, 1))
[16:49:49]ACCESS: Logout: *no key*/(BlackCrystalic)
[16:49:49]ACCESS: Login: BlackCrystalic/(Blacky 'GG' Crysis) from 127.0.0.1-3990586367 || BYOND v513.1513
[16:49:49]ACCESS: Notice: BlackCrystalic/(Blacky 'GG' Crysis) has the same ID (3990586367) as CM.RU/(CM.RU).
[16:49:49]ACCESS: Notice: BlackCrystalic/(Blacky 'GG' Crysis) has the same ID (3990586367) as ZyberCpechnaz/(Cletus Rogers).
[16:49:51]SAY: Random12234/(Larva (848)) "&буду мамой значит" (Lambda Lab (196, 145, 1))
[16:50:28]ACCESS: Logout: *no key*/(Artyuom)
[16:50:28]ACCESS: Login: Artyuom/(Johnny Vietnam) from 95.174.127.234-114134526 || BYOND v513.1517
[16:50:28]ADMIN: Artyuom/(Johnny Vietnam) has been assigned as Alpha Squad Medic
[16:50:59]ACCESS: Logout: *no key*/(Mature Larva (848))
[16:50:59]ACCESS: Login: Random12234/(Drone) from 91.216.61.199-3230727184 || BYOND v513.1517
[16:52:19]ACCESS: Logout: *no key*/(Young Drone (848))
[16:52:19]ACCESS: Login: Random12234/(Queen) from 91.216.61.199-3230727184 || BYOND v513.1517
[16:54:09]ACCESS: Login: Fogusin/(Fogusin) from 188.122.233.11-1633234977 || BYOND v513.1520
[16:54:13]ACCESS: Logout: Fogusin/(Fogusin)
[16:54:18]ACCESS: Login: Fogusin/(Fogusin) from 188.122.233.11-1633234977 || BYOND v513.1520
[16:54:27]ACCESS: Logout: Fogusin/(Fogusin)
[16:54:28]SAY: Alot/(Sarah 'Phantom' Black) "Р њне бы прицел" (Squad Bravo Preparation (175, 170, 3))
[16:54:31]SAY: ZyberCpechnaz/(Cletus Rogers) "Р ЎЛЕДУЮЩИЙ" (Squad Bravo Preparation (173, 171, 3))
[16:54:56]SAY: Artyuom/(Johnny Vietnam) "Р јагнетик харнест кит с тактикал дробовиком" (Squad Bravo Preparation (175, 171, 3))
[16:55:02]SAY: Alot/(Sarah 'Phantom' Black) "Р ќе тот прицел" (Squad Bravo Preparation (179, 171, 3))
[16:55:36]SAY: Alot/(Sarah 'Phantom' Black) "Р њне нужен был s4 2x" (Squad Bravo Preparation (178, 171, 3))
[16:55:50]SAY: Alot/(Sarah 'Phantom' Black) "Р ђ это s8!" (Squad Bravo Preparation (177, 170, 3))
[16:56:12]SAY: Alot/(Sarah 'Phantom' Black) "S4" (Squad Bravo Preparation (175, 171, 3))
[16:56:25]SAY: Alot/(Sarah 'Phantom' Black) "Р Ўпасибо" (Squad Bravo Preparation (175, 168, 3))
[16:57:31]SAY: ZyberCpechnaz/(Cletus Rogers) "Р ‘рифинга кажисьн е будет" (Briefing Area (178, 152, 3))
[16:57:55]SAY: Alot/(Sarah 'Phantom' Black) "Nохоже нa тo" (Briefing Area (174, 155, 3))
[16:58:26]EMOTE: ZyberCpechnaz/(Cletus Rogers) <B>SSGT Cletus Rogers</B> Дал пощёчену (Hull Lower (167, 161, 3))
[17:00:42]SAY: ZyberCpechnaz/(Cletus Rogers) "Р ЎКОРУЮ, АЛЬФЫ БЕСИТС& (Medical Lower (102, 153, 3))
[17:00:52]SAY: ZyberCpechnaz/(Cletus Rogers) "Р ЎКОРУЮ, МЕДИК АЛЬФА БЕСИТС& (Medical Lower (102, 153, 3))
[17:01:56]SAY: ZyberCpechnaz/(Cletus Rogers) "РЎЃпасите" (Dropship Alamo (92, 158, 3))
[17:02:02]SAY: ZyberCpechnaz/(Cletus Rogers) "Р њЕН&МЕДИК АЛЬФЫ ХОЧЕТ УБИТЬ" (Dropship Alamo (92, 158, 3))
[17:02:34]SAY: Artyuom/(Johnny Vietnam) "Z браво лидер чёкнутый" (Dropship Alamo (92, 151, 3))
[17:02:50]SAY: ZyberCpechnaz/(Cletus Rogers) "Р ЎПАСИТЕ, МЕДИК АЛЬФА БЕШЕНЫЙ" (Dropship Alamo (92, 158, 3))
[17:02:52]SAY: EngineerConager/(Dell Conrad) "Р њне нужен стрелок" (Dropship Alamo (89, 149, 3))
[17:02:57]SAY: ZyberCpechnaz/(Cletus Rogers) "Р ќЕСИТЕ СНАТВОРНОЕ" (Dropship Alamo (92, 158, 3))
[17:03:03]SAY: EngineerConager/(Dell Conrad) "Р – Желающие ?" (Dropship Alamo (89, 149, 3))
[17:03:13]SAY: Artyuom/(Johnny Vietnam) " (APC_1 Interior (18, 67, 4))
[17:03:14]ADMIN: Cletus Rogers (ZyberCpechnaz) launched a shuttle from 'Alamo' flight controls
[17:03:21]SAY: EngineerConager/(Dell Conrad) "C отлично" (APC_1 Interior (18, 69, 4))
[17:05:25]ADMIN: EngineerConager/(Dell Conrad) used a apc megaphone to say: >Р Ўпек давай к нам<
[17:05:36]SAY: ZyberCpechnaz/(Cletus Rogers) "Р ’СЕМ ПОРСТРОИТС&У СТЕНЫ" (Space Port (29, 182, 1))
[17:05:44]ADMIN: EngineerConager/(Dell Conrad) used a apc megaphone to say: >Р В вЂќ Р”РІРёРіР°Р№ Р±Р»яС‚СЊ !<
[17:05:47]SAY: ZyberCpechnaz/(Cletus Rogers) "Р ЎСТРОЙСЙА У СТЕНЫ!" (Space Port (29, 182, 1))
[17:05:56]SAY: ZyberCpechnaz/(Cletus Rogers) "Р ’ СТРОЙ!" (Space Port (29, 182, 1))
[17:05:57]ADMIN: EngineerConager/(Dell Conrad) used a apc megaphone to say: >Р ” Двигай сука !<
[17:06:13]ADMIN: EngineerConager/(Dell Conrad) used a apc megaphone to say: >Р  идиот<
[17:06:19]SAY: Alot/(Sarah 'Phantom' Black) "Р ђ это что за хер?" (Space Port (28, 179, 1))
[17:06:21]SAY: Sewa/(Kelvin Focell) "Р їривет!" (Space Port (26, 182, 1))
[17:06:32]SAY: ZyberCpechnaz/(Cletus Rogers) "РЎ‚Ы КТО?" (Space Port (26, 180, 1))
[17:06:34]SAY: Alot/(Sarah 'Phantom' Black) "Р Ѕу привет" (Space Port (28, 179, 1))
[17:06:35]SAY: Sewa/(Kelvin Focell) "учёный" (Space Port (26, 182, 1))
[17:06:42]SAY: Alot/(Sarah 'Phantom' Black) "Yчёный?" (Space Port (28, 179, 1))
[17:06:44]SAY: ZyberCpechnaz/(Cletus Rogers) "РЎ‚ты кто?" (Space Port (26, 180, 1))
[17:06:45]SAY: Sewa/(Kelvin Focell) "Р °га" (Space Port (26, 182, 1))
[17:06:50]SAY: Random12234/(Queen) "Р ”оча?" (Lambda Lab (196, 136, 1))
[17:06:54]SAY: EngineerConager/(Dell Conrad) "Р “де медик ?" (APC_1 Interior (18, 69, 4))
[17:06:55]SAY: Random12234/(Queen) "Р ґоча кхм" (Lambda Lab (196, 136, 1))
[17:06:57]SAY: ZyberCpechnaz/(Cletus Rogers) "Р В СџРѕРЅяР»" (Space Port (26, 181, 1))
[17:06:58]SAY: Random12234/(Queen) "Р љхм" (Lambda Lab (196, 136, 1))
[17:07:02]SAY: *no key*/(corgi) "Woof!" (Lambda Lab (168, 161, 1))
[17:07:07]SAY: ZyberCpechnaz/(Cletus Rogers) "Р §что тут случилось?" (Space Port (28, 181, 1))
[17:07:12]SAY: Das228/(Osmund Howard) "Р ќ На судне" (APC_1 Interior (15, 70, 4))
[17:07:14]ACCESS: Logout: *no key*/(Danik_10p)
[17:07:14]ACCESS: Login: Danik_10p/(Bloody Larva (179)) from 188.163.54.53-2119476545 || BYOND v513.1522
[17:07:14]ADMIN: Danik_10p has joined as the Bloody Larva (179).
[17:07:15]SAY: Sewa/(Kelvin Focell) "РЎ…м" (Space Port (27, 182, 1))
[17:07:19]SAY: EngineerConager/(Dell Conrad) "Р ’ Вот сука уроды" (APC_1 Interior (20, 69, 4))
[17:07:21]SAY: Danik_10p/(Bloody Larva (179)) "Р ¬ф" (Lambda Lab (198, 137, 1))
[17:07:22]SAY: Sewa/(Kelvin Focell) "Р Ѕу это долго" (Space Port (27, 182, 1))
[17:07:26]SAY: Danik_10p/(Bloody Larva (179)) "Р ўЬф" (Lambda Lab (198, 137, 1))
[17:07:26]SAY: Sewa/(Kelvin Focell) "Р єороче" (Space Port (27, 182, 1))
[17:07:29]SAY: ZyberCpechnaz/(Cletus Rogers) "Р ›ладно" (Space Port (28, 181, 1))
[17:07:33]SAY: Danik_10p/(Bloody Larva (179)) "Ma" (Lambda Lab (197, 142, 1))
[17:07:36]SAY: Random12234/(Queen) "Р ћ" (Lambda Lab (197, 143, 1))
[17:07:37]SAY: Danik_10p/(Bloody Larva (179)) "Р јАМА" (Lambda Lab (197, 142, 1))
[17:07:37]SAY: Sewa/(Kelvin Focell) "Р їришельцы всё разьебали" (Space Port (27, 182, 1))
[17:07:41]SAY: Random12234/(Queen) "Р џривет" (Lambda Lab (197, 143, 1))
[17:07:48]SAY: Danik_10p/(Bloody Larva (179)) "Ia rodinlsa" (Lambda Lab (197, 142, 1))
[17:07:51]OOC: (LOCAL) Queen/Random12234 : Тоже чат лагает?
[17:08:03]OOC: (LOCAL) Bloody Larva (179)/Danik_10p : Eto bag na etu katku
[17:08:11]OOC: (LOCAL) Bloody Larva (179)/Danik_10p : Nado govorit kak ia
[17:08:19]SAY: Danik_10p/(Larva (179)) "Kem mne bit?" (Lambda Lab (198, 144, 1))
[17:08:27]HIVEMIND: Danik_10p/(Larva (179)) "Ava" (Lambda Lab (198, 144, 1))
[17:08:34]SAY: Random12234/(Queen) "Runera" (Lambda Lab (196, 145, 1))
[17:08:40]SAY: Danik_10p/(Larva (179)) "Okay" (Lambda Lab (195, 143, 1))
[17:08:54]SAY: Alot/(Sarah 'Phantom' Black) "Р В вЂР»яРґСЊ" (Northwest Colony Grounds (64, 171, 1))
[17:09:34]SAY: Danik_10p/(Mature Larva (179)) "Ne ochen horochoe mesto" (Lambda Lab (195, 143, 1))
[17:09:45]SAY: Danik_10p/(Mature Larva (179)) "EEE" (Lambda Lab (195, 143, 1))
[17:09:45]ACCESS: Logout: *no key*/(Mature Larva (179))
[17:09:45]ACCESS: Login: Danik_10p/(Runner) from 188.163.54.53-2119476545 || BYOND v513.1522
[17:09:49]SAY: Alot/(Sarah 'Phantom' Black) "&знала" (Marshall Offices (85, 170, 1))
[17:09:51]SAY: Alot/(Sarah 'Phantom' Black) "Р ­то тупо" (Marshall Offices (85, 170, 1))
[17:09:52]ADMIN: EngineerConager/(Dell Conrad) used a apc megaphone to say: >Р Ј Упс...<
[17:09:56]SAY: Sewa/(Kelvin Focell) "РЎЌто..." (Marshall Offices (84, 171, 1))
[17:10:04]SAY: Sewa/(Kelvin Focell) "РЎЌто как вообще?" (Marshall Offices (84, 171, 1))
[17:10:07]SAY: Random12234/(Queen) "Tak" (Lambda Lab (198, 144, 1))
[17:10:08]SAY: Alot/(Sarah 'Phantom' Black) "Vы дебилы! Кто думал что это хорошаиде" (Marshall Offices (85, 170, 1))
[17:10:15]SAY: EngineerConager/(Dell Conrad) "Р ”ам.." (Marshall Offices (91, 168, 1))
[17:10:33]SAY: EngineerConager/(Dell Conrad) "Р ­ это... Проблема" (Marshall Offices (91, 168, 1))
[17:10:42]EMOTE: ZyberCpechnaz/(Cletus Rogers) <B>SSGT Cletus Rogers</B> screams! (Marshall Offices (87, 168, 1))
[17:11:01]SAY: Random12234/(Queen) "Tachi suda makak itd" (Lambda Lab (198, 144, 1))
[17:11:08]ADMIN: EngineerConager/(Dell Conrad) used a apc megaphone to say: >Р љ Кыш !<
[17:12:02]SAY: EngineerConager/(Dell Conrad) "Р џ Пиздец.." (Space Port (42, 179, 1))
[17:12:38]SAY: Random12234/(Queen) "Xule lejim?" (Lambda Lab (198, 144, 1))
[17:12:57]SAY: EngineerConager/(Dell Conrad) "Р ­х.." (Space Port (43, 180, 1))
[17:13:05]SAY: EngineerConager/(Dell Conrad) "Р ’ Пиздец БТРу" (Space Port (43, 180, 1))
[17:13:20]SAY: Alot/(Sarah 'Phantom' Black) "Yмный в гору не пойдёт! Умный гору обойдёт... Но ты не умный" (Northwest Colony Grounds (43, 177, 1))
[17:13:25]SAY: Alot/(Sarah 'Phantom' Black) "Р В вЂР»яРґСЊ" (Northwest Colony Grounds (43, 177, 1))
[17:13:35]SAY: Alot/(Sarah 'Phantom' Black) "Р ­то было охуенно" (Northwest Colony Grounds (43, 177, 1))
[17:13:53]SAY: Das228/(Osmund Howard) "РЎЃ сидим тут" (APC_1 Interior (13, 68, 4))
[17:14:15]SAY: EngineerConager/(Dell Conrad) "Р ќ Ну... Вот и всё" (APC_1 Interior (19, 69, 4))
[17:14:21]SAY: EngineerConager/(Dell Conrad) "Р ± БТРу пиздец" (APC_1 Interior (19, 69, 4))
[17:14:26]SAY: Alot/(Sarah 'Phantom' Black) "Р ќу что?" (Space Port (43, 178, 1))
[17:14:33]ACCESS: Login: Hodonn/(Hodonn) from 79.105.188.88-4055163619 || BYOND v513.1525
[17:14:35]ACCESS: Logout: Hodonn/(Hodonn)
[17:14:40]ACCESS: Login: Hodonn/(Hodonn) from 79.105.188.88-4055163619 || BYOND v513.1525
[17:14:45]SAY: EngineerConager/(Dell Conrad) "Р ­ Эх" (Space Port (35, 183, 1))
[17:14:49]SAY: EngineerConager/(Dell Conrad) "Р ­ Это много работы" (Space Port (35, 183, 1))
[17:15:09]SAY: Alot/(Sarah 'Phantom' Black) "Р ›идер" (Northwest Colony Grounds (41, 175, 1))
[17:15:13]HIVEMIND: Random12234/(Queen) "A xm nemogy cmotret ja toboy" (Lambda Lab (198, 144, 1))
[17:15:15]SAY: Alot/(Sarah 'Phantom' Black) "Р ќам нахер танк не нужен" (Northwest Colony Grounds (41, 175, 1))
[17:15:17]SAY: Alot/(Sarah 'Phantom' Black) "Р дём" (Northwest Colony Grounds (41, 175, 1))
[17:15:44]ACCESS: Logout: Hodonn/(Hodonn)
[17:16:01]HIVEMIND: Danik_10p/(Mature Runner (179)) "Kak tak" (Lambda Lab (186, 150, 1))
[17:16:17]EMOTE: ZyberCpechnaz/(Cletus Rogers) <B>SSGT Cletus Rogers</B> screams! (Space Port (43, 183, 1))
[17:16:17]EMOTE: ZyberCpechnaz/(Cletus Rogers) <B>SSGT Cletus Rogers</B> screams! (Space Port (43, 183, 1))
[17:16:25]SAY: EngineerConager/(Dell Conrad) "Р ҐВАТИТ !" (Space Port (43, 179, 1))
[17:16:30]SAY: EngineerConager/(Dell Conrad) "Р В Сџ РџР РР”РЈР РљР Р‘Р›яРўР¬ !" (Space Port (44, 180, 1))
[17:16:32]HIVEMIND: Random12234/(Queen) "Vo est" (Lambda Lab (198, 144, 1))
[17:16:39]OOC: (LOCAL) Sarah 'Phantom' Black/Alot : Cто за пиздец?
[17:17:02]SAY: EngineerConager/(Dell Conrad) "Р В СљРѕСЂРїРµС…Рё, РІС‹ РїРѕРєР° СѓРєСЂРµРїР»яР№С‚РµСЃСЊ" (Space Port (42, 179, 1))
[17:17:03]OOC: (LOCAL) Osmund Howard/Das228 : РєРѕРѕРї С…РµСЂРЅ[17:17:10]HIVEMIND: Danik_10p/(Mature Runner (179)) "Ia mogu evk\ilve" (Lambda Lab (189, 141, 1))
[17:17:16]HIVEMIND: Danik_10p/(Mature Runner (179)) "Evoluchivat" (Lambda Lab (191, 141, 1))
[17:17:23]HIVEMIND: Danik_10p/(Mature Runner (179)) "Nado?" (Lambda Lab (198, 143, 1))
[17:17:31]SAY: Random12234/(Queen) "Da" (Lambda Lab (197, 140, 1))
[17:17:32]ACCESS: Logout: *no key*/(Mature Runner (179))
[17:17:32]ACCESS: Login: Danik_10p/(Lurker) from 188.163.54.53-2119476545 || BYOND v513.1522
[17:18:52]HIVEMIND: Danik_10p/(Young Lurker (179)) "Nashol klad" (Lambda Lab (186, 146, 1))
[17:18:54]SAY: *no key*/(МилкиВей) "Esp!" (Commander's Bunk (95, 269, 3))
[17:19:01]HIVEMIND: Danik_10p/(Young Lurker (179)) "Stroi bolshe gnezd" (Lambda Lab (186, 146, 1))
[17:19:40]ACCESS: Login: Fogusin/(Fogusin) from 188.122.232.160-1633234977 || BYOND v512.1488
[17:19:44]ACCESS: Logout: Fogusin/(Fogusin)
[17:19:52]ACCESS: Login: Fogusin/(Fogusin) from 188.122.232.160-1633234977 || BYOND v512.1488
[17:19:56]ACCESS: Logout: Fogusin/(Fogusin)
[17:20:53]HIVEMIND: Danik_10p/(Young Lurker (179)) "Mne nuzna tvoia kislota" (Lambda Lab (182, 167, 1))
[17:21:26]ADMIN: Dell Conrad (EngineerConager) launched a shuttle from 'Alamo' flight controls
[17:21:37]SAY: Danik_10p/(Young Lurker (179)) "Tam" (Lambda Lab (188, 162, 1))
[17:21:59]SAY: ZyberCpechnaz/(Cletus Rogers) "Р В вЂР›яРўРўР¬Р¬" (Hospital (64, 155, 1))
[17:22:02]SAY: ZyberCpechnaz/(Cletus Rogers) "Р њЕН&ЗАБЫЛИ" (Hospital (64, 155, 1))
[17:22:04]SAY: ZyberCpechnaz/(Cletus Rogers) "Р ђАААААААААААА!" (Hospital (64, 155, 1))
[17:22:13]SAY: ZyberCpechnaz/(Cletus Rogers) "Р њЕН&ЗАБЫЛИ" (Hospital (67, 160, 1))
[17:22:23]SAY: Artyuom/(Johnny Vietnam) "Р ѕткрывай" (Dropship Alamo Transit (69, 35, 4))
[17:22:26]SAY: Artyuom/(Johnny Vietnam) "Р їодарки" (Dropship Alamo Transit (69, 35, 4))
[17:22:43]ACCESS: Login: NIKIGO/(NIKIGO) from 79.104.200.2-1951049353 || BYOND v513.1525
[17:22:45]ACCESS: Logout: NIKIGO/(NIKIGO)
[17:22:49]ACCESS: Login: NIKIGO/(NIKIGO) from 79.104.200.2-1951049353 || BYOND v513.1525
[17:22:56]SAY: ZyberCpechnaz/(Cletus Rogers) "Р јенйа! СУКА ЗАБЫЛИ!" (Northwest Colony Grounds (53, 173, 1))
[17:23:13]SAY: Alot/(Sarah 'Phantom' Black) "Р ўак" (Space Port (43, 179, 1))
[17:23:28]SAY: Alot/(Sarah 'Phantom' Black) "Ya уже думала вы улетели" (Space Port (43, 180, 1))
[17:24:49]SAY: EngineerConager/(Dell Conrad) "Р ­х... Это будет долго" (Vehicle Storage (47, 163, 3))
[17:25:40]SAY: Alot/(Sarah 'Phantom' Black) "Pочему мы просто не пошли без бтра?" (Space Port (43, 178, 1))
[17:25:47]ACCESS: Logout: *no key*/(NIKIGO)
[17:25:47]ACCESS: Login: NIKIGO/(Colten Stange) from 79.104.200.2-1951049353 || BYOND v513.1525
[17:25:53]SAY: ZyberCpechnaz/(Cletus Rogers) "Р їОШЛИ на разведк" (Northwest Colony Grounds (43, 176, 1))
[17:27:09]OOC: (LOCAL) Mature Lurker (179)/Danik_10p : ia shozu vinesu musor
[17:27:19]GAME: ZyberCpechnaz/(Cletus Rogers) planted plastic explosives on Lambda Lab Lockdown at (163,129,1) with 10 second fuse
[17:27:23]OOC: (LOCAL) Mature Lurker (179)/Danik_10p : ti davai ne umirai bez menia
[17:27:29]GAME: Explosion with size (-1, -1, 2) in area Lambda Lab 
[17:27:32]OOC: (LOCAL) Elder Queen/Random12234 : Aga)
[17:27:39]SAY: ZyberCpechnaz/(Cletus Rogers) "Р µсть с4?" (Lambda Lab (163, 129, 1))
[17:27:46]SAY: Alot/(Sarah 'Phantom' Black) "Est" (Eastern Colony Grounds (160, 127, 1))
[17:27:50]SAY: ZyberCpechnaz/(Cletus Rogers) "Р ґавай" (Lambda Lab (163, 129, 1))
[17:27:59]SAY: *no key*/(МилкиВей) "Esp!" (Commander's Bunk (96, 268, 3))
[17:28:01]GAME: ZyberCpechnaz/(Cletus Rogers) planted plastic explosives on Lambda Lab Lockdown at (165,129,1) with 10 second fuse
[17:28:07]SAY: Alot/(Sarah 'Phantom' Black) "Р •щё есть клейморы" (Eastern Colony Grounds (160, 127, 1))
[17:28:11]GAME: Explosion with size (-1, -1, 2) in area Lambda Lab 
[17:28:40]EMOTE: Sewa/(Kelvin Focell) <B>Kelvin Focell</B> cries out in pain! (Medical Lower (101, 152, 3))
[17:28:44]SAY: Alot/(Sarah 'Phantom' Black) "Chto tam?" (Eastern Colony Grounds (159, 129, 1))
[17:28:56]SAY: ZyberCpechnaz/(Cletus Rogers) "Р ўам была" (Unknown Area (169, 128, 1))
[17:28:59]SAY: ZyberCpechnaz/(Cletus Rogers) "Р ѕгромнахуйн (Unknown Area (169, 128, 1))
[17:29:03]DEBUG: Next event in 40.9548 minutes.
[17:29:21]SAY: ZyberCpechnaz/(Cletus Rogers) "Р Јшло" (Lambda Lab (170, 129, 1))
[17:29:25]SAY: ZyberCpechnaz/(Cletus Rogers) "Р ёдём дальше" (Lambda Lab (170, 129, 1))
[17:29:33]SAY: EngineerConager/(Dell Conrad) "Р ” Дружище !" (Vehicle Storage (49, 155, 3))
[17:29:34]SAY: Alot/(Sarah 'Phantom' Black) "Esli chto ya ego uebu" (Lambda Lab (168, 129, 1))
[17:29:34]SAY: NIKIGO/(Colten Stange) "Р В СџРѕС‡РµРјСѓ Р±Р»яС‚СЊ РЅР° РїРѕР»РѕРІРёРЅСѓ" (Vehicle Storage (48, 154, 3))
[17:29:39]SAY: EngineerConager/(Dell Conrad) "Р ђааа..." (Vehicle Storage (49, 154, 3))
[17:29:45]SAY: EngineerConager/(Dell Conrad) "Р ” Да... Знаешь" (Vehicle Storage (49, 154, 3))
[17:29:50]SAY: EngineerConager/(Dell Conrad) "Р ‘ Бывает" (Vehicle Storage (49, 155, 3))
[17:29:56]SAY: EngineerConager/(Dell Conrad) "Р ” Давай делать танк" (Vehicle Storage (49, 155, 3))
[17:30:08]SAY: NIKIGO/(Colten Stange) "Р ·ачем нам танк" (Vehicle Storage (49, 158, 3))
[17:30:43]SAY: NIKIGO/(Colten Stange) "РЎ‡е за нахуй" (Vehicle Storage (45, 157, 3))
[17:30:44]SAY: ZyberCpechnaz/(Cletus Rogers) "Р ДЛИ СЮДА" (Lambda Lab (187, 154, 1))
[17:30:49]EMOTE: Sewa/(Kelvin Focell) <B>Kelvin Focell</B> screams! (Hangar (57, 146, 3))
[17:30:49]SAY: ZyberCpechnaz/(Cletus Rogers) "Р ДИ СЮДА БЫСТРО" (Lambda Lab (187, 154, 1))
[17:30:49]EMOTE: Sewa/(Kelvin Focell) <B>Kelvin Focell</B> screams! (Hangar (57, 145, 3))
[17:30:50]EMOTE: Sewa/(Kelvin Focell) <B>Kelvin Focell</B> screams! (Hangar (57, 144, 3))
[17:30:50]EMOTE: Sewa/(Kelvin Focell) <B>Kelvin Focell</B> screams! (Hangar (57, 144, 3))
[17:30:51]EMOTE: Sewa/(Kelvin Focell) <B>Kelvin Focell</B> screams! (Hangar (57, 143, 3))
[17:30:51]EMOTE: Sewa/(Kelvin Focell) <B>Kelvin Focell</B> screams! (Hangar (57, 143, 3))
[17:30:56]SAY: ZyberCpechnaz/(Cletus Rogers) "Р ‘ЫСТРО" (Lambda Lab (187, 151, 1))
[17:30:57]SAY: ZyberCpechnaz/(Cletus Rogers) "Р —А МНОЙ" (Lambda Lab (187, 151, 1))
[17:30:58]SAY: NIKIGO/(Colten Stange) "Р РЋвЂЎС‚Рѕ Р·Р° Р±Р»яС‚СЊ" (Hangar (56, 147, 3))
[17:30:59]SAY: EngineerConager/(Dell Conrad) "Р Ў Сукен сын !" (Hangar (59, 145, 3))
[17:31:16]SAY: Alot/(Sarah 'Phantom' Black) "FIRING ROCKET LAUNCHER!" (Lambda Lab (186, 141, 1))
[17:31:16]GAME: Explosion with size (-1, 1, 4) in area Lambda Lab 
[17:31:17]EMOTE: Random12234/(Elder Queen) <B>The Elder Queen</B> hisses. (Lambda Lab (193, 140, 1))
[17:32:02]SAY: Alot/(Sarah 'Phantom' Black) "WATCH OUT BEHIND THERE!" (Lambda Lab (188, 140, 1))
[17:32:02]GAME: Explosion with size (-1, 1, 2) in area Lambda Lab 
[17:32:02]EMOTE: ZyberCpechnaz/(Cletus Rogers) <B>SSGT Cletus Rogers</B> screams! (Lambda Lab (191, 141, 1))
[17:32:04]SAY: NIKIGO/(Colten Stange) "Р В С”Р°Рє Р±Р»яС‚СЊ РјРѕР¶РЅРѕ Р±С‹Р»Рѕ СЃР»РѕРјР°С‚СЊ РІСЃРµ" (Vehicle Storage (48, 159, 3))
[17:32:27]SAY: ZyberCpechnaz/(Cletus Rogers) "Р В В±Р»яС‚СЊ?" (Lambda Lab (174, 129, 1))
[17:32:30]ACCESS: Logout: *no key*/(Kelvin Focell)
[17:32:30]ACCESS: Login: Sewa/(Kelvin Focell) from 188.19.160.117-1345515308 || BYOND v513.1525
[17:32:39]SAY: EngineerConager/(Dell Conrad) "Р І Вот высадишьсувидишь что там за ад и этот вопрос сам пропадёт у тебиз головы" (Vehicle Storage (50, 159, 3))
[17:32:40]SAY: ZyberCpechnaz/(Cletus Rogers) " (Eastern Colony Grounds (153, 129, 1))
[17:32:42]SAY: ZyberCpechnaz/(Cletus Rogers) "Р ·ады" (Eastern Colony Grounds (148, 129, 1))
[17:32:45]SAY: ZyberCpechnaz/(Cletus Rogers) "РЎ…аюсь..." (Eastern Colony Grounds (144, 129, 1))
[17:32:47]SAY: ZyberCpechnaz/(Cletus Rogers) "Р В В±Р»яС‚СЊ" (Eastern Colony Grounds (139, 129, 1))
[17:32:50]SAY: ZyberCpechnaz/(Cletus Rogers) "Р єислород!" (Eastern Colony Grounds (134, 129, 1))
[17:32:52]SAY: ZyberCpechnaz/(Cletus Rogers) "РЎЃука!" (Eastern Colony Grounds (131, 129, 1))
[17:32:56]SAY: NIKIGO/(Colten Stange) "РЎ‚ы будешь чинить ?" (Vehicle Storage (45, 162, 3))
[17:33:01]SAY: EngineerConager/(Dell Conrad) "Р ђ а да-да" (Vehicle Storage (48, 162, 3))
[17:33:03]EMOTE: ZyberCpechnaz/(Cletus Rogers) <B>SSGT Cletus Rogers</B> is having trouble keeping their eyes open. (Central Colony Grounds (111, 129, 1))
[17:33:34]SAY: NIKIGO/(Colten Stange) "Р їиздец" (Vehicle Storage (47, 163, 3))
[17:33:38]SAY: NIKIGO/(Colten Stange) "РЎ‡е с автоматом" (Vehicle Storage (47, 163, 3))
[17:33:41]SAY: EngineerConager/(Dell Conrad) "Р — Знаю" (Vehicle Storage (49, 163, 3))
[17:33:46]SAY: NIKIGO/(Colten Stange) "Р ѕн завис" (Vehicle Storage (47, 163, 3))
[17:33:59]ACCESS: Logout: *no key*/(Kelvin Focell)
[17:33:59]ACCESS: Login: Sewa/(Bloody Larva (79)) from 188.19.160.117-1345515308 || BYOND v513.1525
[17:33:59]ADMIN: Sewa has joined as the Bloody Larva (79).
[17:34:06]EMOTE: ZyberCpechnaz/(Cletus Rogers) <B>SSGT Cletus Rogers</B>  is having trouble standing. (Marshall Offices (77, 169, 1))
[17:34:08]SAY: EngineerConager/(Dell Conrad) "РЎ„ Давай просто возьмём танк и не будем ебать мозг ?" (Vehicle Storage (49, 162, 3))
[17:34:16]SAY: NIKIGO/(Colten Stange) "Р Ѕу иди делай" (Vehicle Storage (47, 163, 3))
[17:34:18]SAY: NIKIGO/(Colten Stange) "че" (Vehicle Storage (47, 163, 3))
[17:34:22]SAY: Random12234/(Elder Queen) "Р џРИВЕТ!" (Lambda Lab (190, 140, 1))
[17:34:34]SAY: Sewa/(Bloody Larva (79)) "Р ї привет ма-ма" (Lambda Lab (191, 140, 1))
[17:34:34]SAY: EngineerConager/(Dell Conrad) "Р Јф..." (Vehicle Storage (45, 141, 3))
[17:34:39]SAY: EngineerConager/(Dell Conrad) "Р ­ Это будет долго" (Vehicle Storage (45, 141, 3))
[17:34:53]SAY: Random12234/(Elder Queen) "Р ’ дефендера давай" (Lambda Lab (189, 140, 1))
[17:35:05]SAY: Sewa/(Larva (79)) "Р ї хорошо!" (Lambda Lab (192, 140, 1))
[17:35:16]SAY: ZyberCpechnaz/(Cletus Rogers) "Р-Р ќЕТ" (Space Port (41, 181, 1))
[17:35:18]SAY: ZyberCpechnaz/(Cletus Rogers) "Р-Р ЁАТЛ" (Space Port (38, 181, 1))
[17:35:20]SAY: ZyberCpechnaz/(Cletus Rogers) "Р -Р В Р’В РІР‚ВР вЂєяР СћР В¬" (Space Port (36, 181, 1))
[17:35:22]SAY: ZyberCpechnaz/(Cletus Rogers) "Р-Р ќАС Р-Р-БРОСИЛИ" (Space Port (35, 181, 1))
[17:35:27]SAY: ZyberCpechnaz/(Cletus Rogers) "Р-Р-Р ЁАТЛ Р-НУЖНО Р-ВЫЗВАТЬ" (Space Port (35, 181, 1))
[17:35:30]SAY: ZyberCpechnaz/(Cletus Rogers) "Р њЫ Р-НИКОМУ НЕ НУЖНЫ" (Space Port (35, 181, 1))
[17:35:30]SAY: Alot/(Sarah 'Phantom' Black) "&найду медикаменты" (Space Port (34, 181, 1))
[17:35:33]SAY: ZyberCpechnaz/(Cletus Rogers) "&amp;-&amp;ЩАС УМРУ" (Space Port (35, 181, 1))
[17:35:38]ACCESS: Logout: Sewa/(Mature Larva (79))
[17:35:42]ADMIN: Das228/(Osmund Howard) put a the beaker into the cryo cell, containing ;Cryoxadone at (103,156,3).
[17:35:43]ADMIN: Das228/(Osmund Howard) put a the beaker into the cryo cell, containing ;Cryoxadone at (104,156,3).
[17:36:27]ACCESS: Login: Sewa/(Mature Larva (79)) from 188.19.160.117-1345515308 || BYOND v513.1525
[17:36:29]ACCESS: Logout: Sewa/(Mature Larva (79))
[17:36:32]ACCESS: Login: Sewa/(Mature Larva (79)) from 188.19.160.117-1345515308 || BYOND v513.1525
[17:36:33]ADMIN: Cletus Rogers (ZyberCpechnaz) launched a shuttle from 'Alamo' dropship console
[17:36:38]SAY: EngineerConager/(Dell Conrad) "Р РЋвЂ№ РџРѕС‡РµРјСѓ РЅР°С€Р° С‚РµС…РЅРёРєР° РІ С‚Р°РєРѕРј СЃРѕСЃС‚РѕяРЅРёР№ ?" (Vehicle Storage (44, 142, 3))
[17:36:45]ACCESS: Logout: *no key*/(Mature Larva (79))
[17:36:45]ACCESS: Login: Sewa/(Defender) from 188.19.160.117-1345515308 || BYOND v513.1525
[17:36:47]SAY: NIKIGO/(Colten Stange) "РЎЃто лет тут пердела" (Vehicle Storage (42, 145, 3))
[17:37:03]SAY: EngineerConager/(Dell Conrad) "4 Ну оно и видно" (Vehicle Storage (44, 142, 3))
[17:37:03]SAY: Random12234/(Elder Queen) "Р ўак" (Lambda Lab (199, 143, 1))
[17:37:13]SAY: Random12234/(Elder Queen) "Р ўут на нас нападали двуногип" (Lambda Lab (199, 143, 1))
[17:37:17]SAY: ZyberCpechnaz/(Cletus Rogers) "Р-Р ЁАТЛ" (Space Port (46, 180, 1))
[17:37:22]SAY: ZyberCpechnaz/(Cletus Rogers) "SH-SHUTTLE" (Space Port (46, 180, 1))
[17:37:28]SAY: Random12234/(Elder Queen) "Р В С›РЅРё СЂР°Р·РЅРµСЃР»Рё С‚СѓС‚ РІСЃРµ Рє С‡РµСЂС‚яРј" (Lambda Lab (199, 143, 1))
[17:37:36]SAY: Random12234/(Elder Queen) "Р ќо отогнала их" (Lambda Lab (199, 143, 1))
[17:37:46]SAY: Random12234/(Elder Queen) "Р ‘удь начеку" (Lambda Lab (199, 143, 1))
[17:38:03]SAY: Sewa/(Young Defender (79)) "Р ѕ хорошо мамочка" (Lambda Lab (199, 141, 1))
[17:38:32]SAY: Alot/(Sarah 'Phantom' Black) "Р ›учше?" (Space Port (47, 180, 1))
[17:38:35]SAY: ZyberCpechnaz/(Cletus Rogers) "Lf" (Space Port (46, 180, 1))
[17:38:37]SAY: ZyberCpechnaz/(Cletus Rogers) "Da" (Space Port (46, 180, 1))
[17:38:40]SAY: NIKIGO/(Colten Stange) "Р Ѕу" (Vehicle Storage (41, 145, 3))
[17:38:46]SAY: NIKIGO/(Colten Stange) "РЎ‡е ставить будем" (Vehicle Storage (41, 145, 3))
[17:39:02]SAY: ZyberCpechnaz/(Cletus Rogers) "Р Јх" (Space Port (46, 180, 1))
[17:39:06]SAY: ZyberCpechnaz/(Cletus Rogers) "EУх" (Space Port (46, 180, 1))
[17:39:08]SAY: ZyberCpechnaz/(Cletus Rogers) "Р Јх" (Space Port (46, 180, 1))
[17:39:11]SAY: ZyberCpechnaz/(Cletus Rogers) "&жив" (Space Port (46, 180, 1))
[17:39:13]SAY: EngineerConager/(Dell Conrad) "Р ’ Нам нужен пулемёт" (Vehicle Storage (42, 145, 3))
[17:39:20]SAY: EngineerConager/(Dell Conrad) "РЎ‹ Мелкие проходы" (Vehicle Storage (42, 145, 3))
[17:39:26]OOC: (LOCAL) Young Defender (79)/Sewa : а люркер АФК?
[17:39:36]SAY: Alot/(Sarah 'Phantom' Black) "Dумаю вас зацепило пламенем от ракеты. Мовина" (Space Port (44, 182, 1))
[17:39:46]SAY: Random12234/(Elder Queen) "Р В ВРґРё РїСЂРѕРіСѓР»яР№СЃРЅР°Р№РґРё С‚РµС… РїРѕРґРѕРЅРєРѕРІ" (Lambda Lab (186, 142, 1))
[17:39:47]SAY: ZyberCpechnaz/(Cletus Rogers) "Р В СћС‹ РїСЂяРј РІ РјРµРЅРїРѕРїР°Р»!" (Space Port (43, 181, 1))
[17:40:01]SAY: Random12234/(Elder Queen) "Р •сли их будет слишком много иди домой" (Lambda Lab (186, 142, 1))
[17:40:02]SAY: ZyberCpechnaz/(Cletus Rogers) "Ty прim v menya popal" (Space Port (43, 181, 1))
[17:40:07]SAY: Alot/(Sarah 'Phantom' Black) "EСЃР»РёР±С‹ РїСЂяРјРѕ РІР°СЃ С‚Рѕ РјС‹ Р±С‹ РЅРµ СЂР°Р·РіРѕРІР°СЂРёРІР°Р»Рё" (Space Port (44, 182, 1))
[17:40:15]SAY: ZyberCpechnaz/(Cletus Rogers) "Р њОгу де?\" (Space Port (43, 181, 1))
[17:40:34]SAY: NIKIGO/(Colten Stange) "вот думаю" (Vehicle Storage (41, 145, 3))
[17:40:42]SAY: Alot/(Sarah 'Phantom' Black) "EС‚Рѕ Р±С‹Р»Р° Р±СЂРѕРЅРёР±РѕР№РЅР°я. Р”СѓРјР°РµС‚Рµ РІС‹ Р±С‹ РїРµСЂРµР¶РёР»Рё С‚Рѕ С‡С‚Рѕ РјРѕР¶РµС‚ СЃР»РѕРјР°С‚СЊ С‚Р°РЅРє?" (Space Port (44, 182, 1))
[17:40:46]SAY: NIKIGO/(Colten Stange) "Р Ѕам боеприпасы заказывать нужно" (Vehicle Storage (42, 145, 3))
[17:40:48]SAY: NIKIGO/(Colten Stange) "Р ёли нет" (Vehicle Storage (42, 145, 3))
[17:40:51]SAY: Sewa/(Mature Defender (79)) "Р ° выходить ломанаши стены?" (Lambda Lab (186, 140, 1))
[17:40:54]SAY: EngineerConager/(Dell Conrad) ": Р‘Р»яС‚СЊ.." (Vehicle Storage (44, 142, 3))
[17:41:01]SAY: ZyberCpechnaz/(Cletus Rogers) "Р ќу как видешь" (Space Port (43, 181, 1))
[17:41:03]SAY: Random12234/(Elder Queen) "Р ”а они всеравно дешевые" (Lambda Lab (184, 141, 1))
[17:41:04]SAY: ZyberCpechnaz/(Cletus Rogers) "Р ”а" (Space Port (43, 181, 1))
[17:41:05]SAY: EngineerConager/(Dell Conrad) "Р ° В карго то у нас людей нет" (Vehicle Storage (44, 142, 3))
[17:41:07]SAY: NIKIGO/(Colten Stange) "Р јожно проверить на стенке" (Vehicle Storage (45, 141, 3))
[17:41:19]GAME: Explosion with size (-1, -1, 2) in area Eastern Colony Grounds 
[17:41:24]SAY: Alot/(Sarah 'Phantom' Black) "Р ћпа" (Space Port (44, 182, 1))
[17:41:26]SAY: Alot/(Sarah 'Phantom' Black) "Р њой c4" (Space Port (44, 182, 1))
[17:41:35]SAY: Random12234/(Elder Queen) "Р —аебал ержан" (Lambda Lab (195, 145, 1))
[17:41:40]SAY: Random12234/(Elder Queen) "Р ’ставай" (Lambda Lab (195, 145, 1))
[17:41:40]SAY: Alot/(Sarah 'Phantom' Black) "Oй! Клеймор!" (Space Port (44, 182, 1))
[17:41:43]SAY: NIKIGO/(Colten Stange) "Р ґа" (Vehicle Storage (47, 142, 3))
[17:41:47]SAY: Random12234/(Elder Queen) "Р ќа нас уже напасть успели" (Lambda Lab (195, 145, 1))
[17:41:57]ADMIN: NIKIGO/(Colten Stange) used a tank megaphone to say: >РЎѓгадай че<
[17:42:10]SAY: EngineerConager/(Dell Conrad) "Р љ Боеприпасов нет" (Vehicle Storage (47, 140, 3))
[17:42:37]SAY: ZyberCpechnaz/(Cletus Rogers) "Р ”авай" (Northwest Colony Grounds (42, 177, 1))
[17:42:43]SAY: ZyberCpechnaz/(Cletus Rogers) "РЎѓбьём" (Northwest Colony Grounds (42, 177, 1))
[17:42:48]SAY: Alot/(Sarah 'Phantom' Black) "Oна тут" (Space Port (42, 179, 1))
[17:42:58]SAY: Alot/(Sarah 'Phantom' Black) "Da?" (Space Port (42, 179, 1))
[17:43:00]SAY: ZyberCpechnaz/(Cletus Rogers) "Р љто?" (Northwest Colony Grounds (46, 174, 1))
[17:43:02]SAY: ZyberCpechnaz/(Cletus Rogers) "Р ќет" (Northwest Colony Grounds (46, 174, 1))
[17:43:11]SAY: *no key*/(corgi) "Woof!" (Lambda Lab (168, 161, 1))
[17:43:42]SAY: EngineerConager/(Dell Conrad) "РЎ‹ Что буем делать с БТРом ?" (Vehicle Storage (50, 157, 3))
[17:43:48]SAY: NIKIGO/(Colten Stange) "Р єататьс (Vehicle Storage (47, 154, 3))
[17:43:59]EMOTE: ZyberCpechnaz/(Cletus Rogers) <B>SSGT Cletus Rogers</B> screams! (Marshall Offices (75, 169, 1))
[17:43:59]SAY: Alot/(Sarah 'Phantom' Black) "MISSILE AWAY!" (Northwest Colony Grounds (63, 170, 1))
[17:44:00]GAME: Explosion with size (-1, 1, 2) in area Marshall Offices 
[17:44:00]EMOTE: ZyberCpechnaz/(Cletus Rogers) <B>SSGT Cletus Rogers</B> screams! (Marshall Offices (75, 169, 1))
[17:44:01]EMOTE: ZyberCpechnaz/(Cletus Rogers) <B>SSGT Cletus Rogers</B> screams! (Marshall Offices (75, 169, 1))
[17:44:22]EMOTE: ZyberCpechnaz/(Cletus Rogers) <B>SSGT Cletus Rogers</B> gasps! (Marshall Offices (75, 169, 1))
[17:44:31]ACCESS: Logout: *no key*/(Cletus Rogers)
[17:44:31]ACCESS: Login: ZyberCpechnaz/(Cletus Rogers) from 80.240.253.147-3990586367 || BYOND v513.1513
[17:44:31]ACCESS: Notice: ZyberCpechnaz/(Cletus Rogers) has the same IP (80.240.253.147) and ID (3990586367) as CM.RU/(CM.RU).
[17:44:31]ACCESS: Notice: ZyberCpechnaz/(Cletus Rogers) has the same ID (3990586367) as BlackCrystalic/(Blacky 'GG' Crysis).
[17:44:31]EMOTE: Sewa/(Mature Defender (79)) <B>The Mature Defender (79)</B> hisses. (Marshall Offices (81, 172, 1))
[17:44:37]SAY: EngineerConager/(Dell Conrad) "РЎ‹ Давай отдадим им БТР как передвижной мед блок" (Vehicle Storage (48, 161, 3))
[17:44:43]ACCESS: Login: Fogusin/(Fogusin) from 188.122.232.160-1633234977 || BYOND v513.1520
[17:44:46]SAY: NIKIGO/(Colten Stange) "Р ё че" (Vehicle Storage (49, 159, 3))
[17:44:51]SAY: Artyuom/(Johnny Vietnam) "РЎ‚анкиты аамо поднемите" (Medical Lower (110, 153, 3))
[17:44:52]ACCESS: Logout: Fogusin/(Fogusin)
[17:45:00]ACCESS: Login: Fogusin/(Fogusin) from 188.122.232.160-1633234977 || BYOND v513.1520
[17:45:05]HIVEMIND: Random12234/(Elder Queen) "Р ќу как двуногих не видно?" (Lambda Lab (194, 147, 1))
[17:45:08]EMOTE: Alot/(Sarah 'Phantom' Black) <B>SGT Sarah 'Phantom' Black</B> screams! (Dormitories (100, 159, 1))
[17:45:36]SAY: *no key*/(corgi) "AUUUUUU" (Lambda Lab (167, 161, 1))
[17:45:52]ADMIN: A bioscan/Queen Mother message has completed. Humans: 1 on the planet and 5 on the ship. Xenos: 5 on the planet and 0 on the ship.
[17:45:52]HIVEMIND: Random12234/(Elder Queen) "Р ћго они сильно теб (Lambda Lab (194, 147, 1))
[17:46:07]EMOTE: Alot/(Sarah 'Phantom' Black) <B>SGT Sarah 'Phantom' Black</B> is having trouble keeping their eyes open. (Marshall Offices (85, 169, 1))
[17:46:09]HIVEMIND: Random12234/(Elder Queen) "Р ди домой скорей" (Lambda Lab (194, 147, 1))
[17:46:15]SAY: Artyuom/(Johnny Vietnam) "Р °ламо поднемите" (Hangar (78, 144, 3))
[17:46:15]ADMIN: Dell Conrad (EngineerConager) launched a shuttle from 'Alamo' dropship console
[17:46:34]HIVEMIND: Danik_10p/(Mature Lurker (179)) "Ia prosnlsa" (Lambda Lab (193, 145, 1))
[17:46:37]HIVEMIND: Sewa/(Mature Defender (79)) "одного убил" (Northeast Colony Grounds (138, 150, 1))
[17:46:48]SAY: Random12234/(Elder Queen) "Р ўут пиздец" (Lambda Lab (194, 147, 1))
[17:46:54]SAY: Random12234/(Elder Queen) "Р Ѕа нас напали" (Lambda Lab (194, 147, 1))
[17:46:57]SAY: Artyuom/(Johnny Vietnam) "Р В В°Р»Р°РјРѕ РїРѕРґРЅяС‚СЊ" (Hangar (85, 142, 3))
[17:46:59]ADMIN: EngineerConager/(Dell Conrad) used a apc megaphone to say: >Р ’ Вон !<
[17:47:08]HIVEMIND: Sewa/(Mature Defender (79)) "Р ёх там 2 было" (Northeast Colony Grounds (129, 135, 1))
[17:47:10]EMOTE: Alot/(Sarah 'Phantom' Black) <B>SGT Sarah 'Phantom' Black</B>  is having trouble standing. (Northwest Colony Grounds (44, 173, 1))
[17:47:34]SAY: Random12234/(Elder Queen) "Р ›уркер иди помогать дефендеру" (Lambda Lab (194, 147, 1))
[17:48:49]ACCESS: Logout: *no key*/(Fogusin)
[17:48:49]ACCESS: Login: Fogusin/(Apple Dimeling) from 188.122.232.160-1633234977 || BYOND v513.1520
[17:49:02]HIVEMIND: Sewa/(Mature Defender (79)) "Р јне можно звёздочьку?" (Unknown Area (174, 134, 1))
[17:49:21]HIVEMIND: Random12234/(Elder Queen) "Р Ўейчас" (Lambda Lab (194, 147, 1))
[17:49:42]HIVEMIND: Random12234/(Elder Queen) "Р џовышен так сказать" (Lambda Lab (194, 147, 1))
[17:49:42]HIVEMIND: Sewa/(Elder Defender (79)) "РЎЃпасибо мамочька" (Unknown Area (174, 134, 1))
[17:50:25]ADMIN: Dell Conrad (EngineerConager) launched a shuttle from 'Alamo' flight controls
[17:50:36]ADMIN: BlackCrystalic/(Blacky 'GG' Crysis) has created a Queen Mother report: Пора отомстить за детей! Они слабы, уничтожте их в прах и обратите в новых!
[17:51:18]HIVEMIND: Random12234/(Elder Queen) "Р џора атаковать" (Lambda Lab (197, 146, 1))
[17:51:19]SAY: EngineerConager/(Dell Conrad) "Р ’сё таки успел хех, молодца" (Dropship Alamo Transit (69, 25, 4))
[17:52:00]GAME: Explosion with size (-1, -1, 2) in area Northwest Colony Grounds 
[17:52:24]SAY: Alot/(Sarah 'Phantom' Black) "Р-Р-Р Ўука!" (Space Port (40, 181, 1))
[17:52:40]ADMIN: EngineerConager/(Dell Conrad) used a apc megaphone to say: >Р Јх..<
[17:52:40]SAY: Alot/(Sarah 'Phantom' Black) "C-Cука!" (Space Port (40, 181, 1))
[17:52:47]ADMIN: NIKIGO/(Colten Stange) used a apc megaphone to say: >Р єруто вы кинули своих<
[17:52:49]ADMIN: EngineerConager/(Dell Conrad) used a apc megaphone to say: >Р ® Медик давай их сюда !<
[17:52:49]SAY: Alot/(Sarah 'Phantom' Black) "P-P-pомоги!" (Space Port (40, 181, 1))
[17:53:02]ADMIN: NIKIGO/(Colten Stange) used a apc megaphone to say: >Р Іперед<
[17:53:07]SAY: Random12234/(Elder Queen) "Р ўак" (Lambda Lab (192, 176, 1))
[17:53:11]ADMIN: NIKIGO/(Colten Stange) used a apc megaphone to say: >Р јда<
[17:53:12]SAY: Alot/(Sarah 'Phantom' Black) "K-Kуда вы пропали?" (APC_1 Interior (18, 70, 4))
[17:53:14]SAY: Danik_10p/(Mature Lurker (179)) "Chto?" (Lambda Lab (187, 176, 1))
[17:53:16]SAY: Random12234/(Elder Queen) "Р ќадо нападать" (Lambda Lab (192, 176, 1))
[17:53:21]SAY: Danik_10p/(Mature Lurker (179)) "Chto?" (Lambda Lab (187, 176, 1))
[17:53:21]ADMIN: NIKIGO/(Colten Stange) used a apc megaphone to say: >Р Іпреед !<
[17:53:45]SAY: Alot/(Sarah 'Phantom' Black) "Р-Р џомогите Р-ему" (APC_1 Interior (17, 71, 4))
[17:53:45]SAY: *no key*/(corgi) "AUUUUUU" (Lambda Lab (169, 164, 1))
[17:54:11]HIVEMIND: Random12234/(Elder Queen) "Р В СћР°Рє РґРµС‚РёС€РєРё СЂРµР±яС‚РёС€РєРё РЅРІС‡РёРЅР°Р№С‚Рµ Р°РєС‚РёРІРЅРѕ РёС… СѓР±РёРІР°С‚СЊ" (Lambda Lab (189, 176, 1))
[17:54:26]ACCESS: Login: Burzu/(Burzu) from 95.106.169.198-3799793055 || BYOND v513.1513
[17:54:34]ACCESS: Logout: Burzu/(Burzu)
[17:54:34]HIVEMIND: Danik_10p/(Elder Lurker (179)) "Gde" (Unknown Area (152, 173, 1))
[17:54:46]ACCESS: Login: Burzu/(Burzu) from 95.106.169.198-3799793055 || BYOND v513.1513
[17:54:50]SAY: Alot/(Sarah 'Phantom' Black) "Р ’ы помогли ему?" (APC_1 Interior (17, 71, 4))
[17:54:53]ADMIN: NIKIGO/(Colten Stange) used a apc megaphone to say: >Р јда<
[17:55:00]HIVEMIND: Random12234/(Elder Queen) "Р ґа сама не знаю спроси у дефендера он их впоследний раз видел" (Unknown Area (171, 188, 1))
[17:55:04]SAY: Artyuom/(Johnny Vietnam) "Р ѕн лечитсв авт одоке" (APC_1 Interior (14, 68, 4))
[17:55:06]ADMIN: NIKIGO/(Colten Stange) used a apc megaphone to say: >Р їочему сдали ?<
[17:55:14]HIVEMIND: Danik_10p/(Elder Lurker (179)) "Ia okolo bara" (Central Colony Grounds (114, 130, 1))
[17:55:21]HIVEMIND: Sewa/(Elder Defender (79)) "Р ёх стало больше" (Northwest Colony Grounds (47, 177, 1))
[17:55:36]HIVEMIND: Sewa/(Elder Defender (79)) "Р ±ольшачерепаха с ними" (Northwest Colony Grounds (47, 177, 1))
[17:55:43]ADMIN: NIKIGO/(Colten Stange) used a apc megaphone to say: >Р їочему тушу сл не заберете ?<
[17:55:54]ADMIN: EngineerConager/(Dell Conrad) used a apc megaphone to say: >Р ў ТАК<
[17:55:58]ADMIN: EngineerConager/(Dell Conrad) used a apc megaphone to say: >Р ­ ЭТО ЖОПА<
[17:56:03]HIVEMIND: Random12234/(Elder Queen) "Р ”ефендер сможешь вырости?" (Lambda Lab (173, 164, 1))
[17:56:05]ADMIN: NIKIGO/(Colten Stange) used a apc megaphone to say: >Р єуда<
[17:56:10]ADMIN: EngineerConager/(Dell Conrad) used a apc megaphone to say: >Р ў ТИХО !<
[17:56:27]ADMIN: NIKIGO/(Colten Stange) used a apc megaphone to say: >Р ґавай вперед<
[17:56:30]HIVEMIND: Sewa/(Elder Defender (79)) "Р Ѕужно эволюционировать на слизи" (Northwest Colony Grounds (47, 177, 1))
[17:56:48]HIVEMIND: Sewa/(Elder Defender (79)) "Р ё не могу" (Northwest Colony Grounds (47, 177, 1))
[17:56:50]SAY: Alot/(Sarah 'Phantom' Black) "Vы помогли ему?" (APC_1 Interior (17, 70, 4))
[17:57:09]HIVEMIND: Danik_10p/(Elder Lurker (179)) "Ia vrode mogu" (General Offices (121, 162, 1))
[17:57:10]ACCESS: Logout: *no key*/(Blacky 'GG' Crysis)
[17:57:10]ACCESS: Login: BlackCrystalic/(Mature Larva (27)) from 127.0.0.1-3990586367 || BYOND v513.1513
[17:57:10]ACCESS: Notice: BlackCrystalic/(Mature Larva (27)) has the same ID (3990586367) as CM.RU/(CM.RU).
[17:57:10]ACCESS: Notice: BlackCrystalic/(Mature Larva (27)) has the same ID (3990586367) as ZyberCpechnaz/(Cletus Rogers).
[17:57:10]ADMIN: BlackCrystalic has joined as the Mature Larva (27).
[17:57:17]ACCESS: Login: KiVts/(KiVts) from 73.43.36.119-2006983938 || BYOND v513.1525
[17:57:20]ACCESS: Logout: *no key*/(Elder Defender (79))
[17:57:20]ACCESS: Login: Sewa/(Elder Defender (79)) from 188.19.160.117-1345515308 || BYOND v513.1525
[17:57:20]ACCESS: Logout: KiVts/(KiVts)
[17:57:21]ACCESS: Logout: *no key*/(Mature Larva (27))
[17:57:21]ACCESS: Login: BlackCrystalic/(Drone) from 127.0.0.1-3990586367 || BYOND v513.1513
[17:57:21]ACCESS: Notice: BlackCrystalic/(Drone) has the same ID (3990586367) as CM.RU/(CM.RU).
[17:57:21]ACCESS: Notice: BlackCrystalic/(Drone) has the same ID (3990586367) as ZyberCpechnaz/(Cletus Rogers).
[17:57:23]ACCESS: Login: KiVts/(KiVts) from 73.43.36.119-2006983938 || BYOND v513.1525
[17:57:25]SAY: Artyuom/(Johnny Vietnam) "Р Ісё ты огурцом" (APC_1 Interior (17, 69, 4))
[17:57:25]HIVEMIND: Danik_10p/(Elder Lurker (179)) "Uh" (Dormitories (117, 155, 1))
[17:57:25]ACCESS: Logout: *no key*/(Elder Defender (79))
[17:57:25]ACCESS: Login: Sewa/(Mature Larva (321)) from 188.19.160.117-1345515308 || BYOND v513.1525
[17:57:25]ADMIN: Sewa has joined as the Mature Larva (321).
[17:57:29]SAY: Alot/(Sarah 'Phantom' Black) "Р ќет" (APC_1 Interior (16, 70, 4))
[17:57:31]SAY: Alot/(Sarah 'Phantom' Black) "Р ќет!" (APC_1 Interior (16, 70, 4))
[17:57:32]ACCESS: Logout: *no key*/(Cletus Rogers)
[17:57:32]ACCESS: Login: ZyberCpechnaz/(Mature Larva (554)) from 80.240.253.147-3990586367 || BYOND v513.1513
[17:57:32]ACCESS: Notice: ZyberCpechnaz/(Mature Larva (554)) has the same IP (80.240.253.147) and ID (3990586367) as CM.RU/(CM.RU).
[17:57:32]ACCESS: Notice: ZyberCpechnaz/(Mature Larva (554)) has the same ID (3990586367) as BlackCrystalic/(Young Drone (27)).
[17:57:32]ADMIN: ZyberCpechnaz has joined as the Mature Larva (554).
[17:57:37]SAY: Alot/(Sarah 'Phantom' Black) "Ya Не могла!" (APC_1 Interior (16, 70, 4))
[17:57:38]ACCESS: Logout: *no key*/(Burzu)
[17:57:38]ACCESS: Login: Burzu/(Mature Larva (68)) from 95.106.169.198-3799793055 || BYOND v513.1513
[17:57:38]ADMIN: Burzu has joined as the Mature Larva (68).
[17:57:39]SAY: NIKIGO/(Colten Stange) "Р јда" (Space Port (42, 180, 1))
[17:57:40]ACCESS: Logout: *no key*/(Mature Larva (554))
[17:57:40]ACCESS: Login: ZyberCpechnaz/(Defender) from 80.240.253.147-3990586367 || BYOND v513.1513
[17:57:40]ACCESS: Notice: ZyberCpechnaz/(Defender) has the same IP (80.240.253.147) and ID (3990586367) as CM.RU/(CM.RU).
[17:57:40]ACCESS: Notice: ZyberCpechnaz/(Defender) has the same ID (3990586367) as BlackCrystalic/(Young Drone (27)).
[17:57:46]SAY: Alot/(Sarah 'Phantom' Black) "Eto не может быть!" (APC_1 Interior (16, 70, 4))
[17:58:00]ACCESS: Logout: *no key*/(KiVts)
[17:58:00]ACCESS: Login: KiVts/(Kaden Blaine) from 73.43.36.119-2006983938 || BYOND v513.1525
[17:58:00]ADMIN: KiVts/(Kaden Blaine) has been assigned as Alpha Squad Specialist
[17:58:14]HIVEMIND: Random12234/(Elder Queen) "Р В СџРѕРјяРЅРµРј" (Eastern Colony Grounds (155, 129, 1))
[17:58:16]SAY: NIKIGO/(Colten Stange) "Р єруть" (Northwest Colony Grounds (41, 167, 1))
[17:58:21]HIVEMIND: Danik_10p/(Elder Lurker (179)) "Chego?" (Central Colony Grounds (87, 140, 1))
[17:58:24]SAY: NIKIGO/(Colten Stange) "СѓР±СЊРёР» С‚Сѓ РјРѕРЅСЃС‚СЂяРєСѓ" (Northwest Colony Grounds (41, 177, 1))
[17:58:24]ACCESS: Logout: *no key*/(Mature Larva (321))
[17:58:24]ACCESS: Login: Sewa/(Defender) from 188.19.160.117-1345515308 || BYOND v513.1525
[17:58:28]SAY: Alot/(Sarah 'Phantom' Black) "Р В С™Р°Рє Р¶Рµ СЂРµР°РЅРёРјР°С†Рёя?" (Space Port (38, 181, 1))
[17:58:33]SAY: Das228/(Osmund Howard) "РЎ‚ ты дебил" (Space Port (42, 180, 1))
[17:58:36]ACCESS: Logout: Burzu/(Mature Larva (68))
[17:58:38]SAY: Artyuom/(Johnny Vietnam) "Р ѕн всё" (Space Port (39, 179, 1))
[17:58:42]SAY: Alot/(Sarah 'Phantom' Black) "EГо нельзспасти?" (Space Port (39, 180, 1))
[17:58:49]SAY: Artyuom/(Johnny Vietnam) "Р Ѕет" (Space Port (37, 180, 1))
[17:58:50]SAY: NIKIGO/(Colten Stange) "Р В С—РѕРЅяС‚СЊ Р±С‹ РµС‰Рµ С‡Рµ РІС‹ РіРѕРІРѕСЂРёС‚Рµ" (Space Port (41, 180, 1))
[17:58:53]HIVEMIND: Random12234/(Elder Queen) "Pomanem" (Lambda Lab (167, 129, 1))
[17:58:58]ACCESS: Logout: Fogusin/(Apple Dimeling)
[17:59:01]SAY: NIKIGO/(Colten Stange) "РЎ‚руп в бтр" (Space Port (41, 180, 1))
[17:59:06]ACCESS: Logout: KiVts/(Kaden Blaine)
[17:59:10]HIVEMIND: Danik_10p/(Elder Lurker (179)) "Ia na ix baze" (Northwest Colony Grounds (52, 177, 1))
[17:59:13]ACCESS: Login: KiVts/(Kaden Blaine) from 73.43.36.119-2006983938 || BYOND v513.1525
[17:59:15]ACCESS: Logout: KiVts/(Kaden Blaine)
[17:59:19]ACCESS: Login: KiVts/(Kaden Blaine) from 73.43.36.119-2006983938 || BYOND v513.1525
[17:59:23]ADMIN: EngineerConager/(Dell Conrad) used a apc megaphone to say: >Р њ Может задавим ксено ?<
[17:59:24]SAY: Artyuom/(Johnny Vietnam) "Р ±ыл мужик и нет мужика" (APC_1 Interior (16, 69, 4))
[17:59:29]SAY: NIKIGO/(Colten Stange) "Р Ѕе знаю" (Space Port (41, 178, 1))
[17:59:29]HIVEMIND: Sewa/(Young Defender (321)) "Р ёх 3" (Northwest Colony Grounds (50, 177, 1))
[17:59:58]SAY: Alot/(Sarah 'Phantom' Black) "WATCH OUT!" (Northwest Colony Grounds (42, 172, 1))
[17:59:58]EMOTE: NIKIGO/(Colten Stange) <B>ENS Colten Stange</B> screams! (Northwest Colony Grounds (46, 174, 1))
[18:00:19]ACCESS: Logout: KiVts/(Kaden Blaine)
[18:00:19]HIVEMIND: Danik_10p/(Elder Lurker (179)) "LAGAET" (Northwest Colony Grounds (51, 151, 1))
[18:01:02]ACCESS: Logout: *no key*/(Colten Stange)
[18:01:02]ACCESS: Login: NIKIGO/(Colten Stange) from 79.104.200.2-1951049353 || BYOND v513.1525
[18:01:03]ACCESS: Login: KiVts/(Kaden Blaine) from 73.43.36.119-2006983938 || BYOND v513.1525
[18:01:05]ACCESS: Logout: KiVts/(Kaden Blaine)
[18:01:08]ACCESS: Login: KiVts/(Kaden Blaine) from 73.43.36.119-2006983938 || BYOND v513.1525
[18:01:40]ACCESS: Logout: *no key*/(Colten Stange)
[18:01:40]ACCESS: Login: NIKIGO/(Colten Stange) from 79.104.200.2-1951049353 || BYOND v513.1525
[18:01:45]EMOTE: NIKIGO/(Colten Stange) <B>ENS Colten Stange</B> gasps! (APC_1 Interior (17, 69, 4))
[18:01:59]EMOTE: NIKIGO/(Colten Stange) <B>ENS Colten Stange</B> gasps! (APC_1 Interior (17, 69, 4))
[18:02:08]SAY: BlackCrystalic/(Young Drone (27)) "Р Ўпасибо" (Northwest Colony Grounds (52, 172, 1))
[18:02:12]SAY: BlackCrystalic/(Young Drone (27)) "Р Ўестричка" (Northwest Colony Grounds (52, 172, 1))
[18:02:29]ACCESS: Logout: KiVts/(Kaden Blaine)
[18:02:32]ACCESS: Logout: *no key*/(Young Defender (554))
[18:02:32]ACCESS: Login: ZyberCpechnaz/(Young Defender (554)) from 80.240.253.147-3990586367 || BYOND v513.1513
[18:02:32]ACCESS: Notice: ZyberCpechnaz/(Young Defender (554)) has the same IP (80.240.253.147) and ID (3990586367) as CM.RU/(CM.RU).
[18:02:32]ACCESS: Notice: ZyberCpechnaz/(Young Defender (554)) has the same ID (3990586367) as BlackCrystalic/(Young Drone (27)).
[18:02:36]ACCESS: Login: KiVts/(Kaden Blaine) from 73.43.36.119-2006983938 || BYOND v513.1525
[18:02:38]SAY: Danik_10p/(Elder Lurker (179)) "Suka" (Northwest Colony Grounds (56, 176, 1))
[18:02:39]ACCESS: Logout: KiVts/(Kaden Blaine)
[18:02:41]SAY: Danik_10p/(Elder Lurker (179)) "Defender" (Northwest Colony Grounds (52, 176, 1))
[18:02:42]ACCESS: Login: KiVts/(Kaden Blaine) from 73.43.36.119-2006983938 || BYOND v513.1525
[18:02:53]EMOTE: NIKIGO/(Colten Stange) <B>ENS Colten Stange</B> gasps! (APC_1 Interior (17, 70, 4))
[18:02:59]SAY: EngineerConager/(Dell Conrad) "Р ў Там жарко" (APC_1 Interior (20, 69, 4))
[18:03:23]EMOTE: Alot/(Sarah 'Phantom' Black) <B>SGT Sarah 'Phantom' Black</B> screams! (Space Port (43, 178, 1))
[18:03:28]SAY: EngineerConager/(Dell Conrad) "Р ‘ Бл (Space Port (41, 179, 1))
[18:03:33]SAY: Alot/(Sarah 'Phantom' Black) "BACKBLAST AREA CLEAR!" (Space Port (43, 178, 1))
[18:03:45]HIVEMIND: Random12234/(Elder Queen) "Р ду к вам на передовую" (Hospital (68, 164, 1))
[18:03:57]SAY: *no key*/(corgi) "Woof!" (Lambda Lab (170, 162, 1))
[18:04:22]SAY: *no key*/(corgi) "Woof!" (Lambda Lab (170, 161, 1))
[18:04:23]SAY: Alot/(Sarah 'Phantom' Black) "Dай мне наркотиков" (APC_1 Interior (17, 68, 4))
[18:04:26]SAY: *no key*/(corgi) "Woof!" (Lambda Lab (170, 161, 1))
[18:04:44]SAY: Artyuom/(Johnny Vietnam) "Р Ѕеа" (APC_1 Interior (17, 70, 4))
[18:04:57]SAY: BlackCrystalic/(Young Drone (27)) "РЎѓХ" (Marshall Offices (70, 172, 1))
[18:05:16]ADMIN: NIKIGO/(Colten Stange) used a apc megaphone to say: >Р Іперед<
[18:05:24]SAY: Random12234/(Elder Queen) "Р ›ечись" (Northwest Colony Grounds (56, 178, 1))
[18:05:46]EMOTE: Sewa/(Young Defender (321)) <B>The Young Defender (321)</B> hisses. (Northwest Colony Grounds (41, 177, 1))
[18:05:47]DEBUG: RA: trashed the product instead of recycling. Current shelf length is: <b>40</b>
[18:05:47]DEBUG: RA: trashed the product instead of recycling. Current shelf length is: <b>41</b>
[18:05:47]DEBUG: Increasing RA shelf space. Current maximum space: <b>50</b>
[18:05:49]DEBUG: RA: trashed the product instead of recycling. Current shelf length is: <b>50</b>
[18:05:49]DEBUG: RA: trashed the product instead of recycling. Current shelf length is: <b>51</b>
[18:05:49]DEBUG: Increasing RA shelf space. Current maximum space: <b>60</b>
[18:05:51]DEBUG: RA: trashed the product instead of recycling. Current shelf length is: <b>60</b>
[18:05:51]DEBUG: RA: trashed the product instead of recycling. Current shelf length is: <b>61</b>
[18:05:51]DEBUG: Increasing RA shelf space. Current maximum space: <b>70</b>
[18:05:54]DEBUG: RA: trashed the product instead of recycling. Current shelf length is: <b>70</b>
[18:05:55]DEBUG: RA: trashed the product instead of recycling. Current shelf length is: <b>71</b>
[18:05:55]DEBUG: Increasing RA shelf space. Current maximum space: <b>80</b>
[18:05:59]SAY: *no key*/(МилкиВей) "Esp!" (Commander's Bunk (95, 270, 3))
[18:06:09]DEBUG: RA: trashed the product instead of recycling. Current shelf length is: <b>80</b>
[18:06:10]DEBUG: RA: trashed the product instead of recycling. Current shelf length is: <b>81</b>
[18:06:10]DEBUG: Increasing RA shelf space. Current maximum space: <b>90</b>
[18:06:17]DEBUG: RA: trashed the product instead of recycling. Current shelf length is: <b>90</b>
[18:06:17]DEBUG: RA: trashed the product instead of recycling. Current shelf length is: <b>91</b>
[18:06:17]DEBUG: Increasing RA shelf space. Current maximum space: <b>100</b>
[18:06:18]SAY: Artyuom/(Johnny Vietnam) "Yfv gbplf" (APC_1 Interior (15, 68, 4))
[18:06:19]DEBUG: RA: trashed the product instead of recycling. Current shelf length is: <b>100</b>
[18:06:19]DEBUG: RA: trashed the product instead of recycling. Current shelf length is: <b>101</b>
[18:06:19]DEBUG: Increasing RA shelf space. Current maximum space: <b>110</b>
[18:06:22]SAY: Das228/(Osmund Howard) "Р — ЗА ОРУЖИЕ !" (APC_1 Interior (13, 70, 4))
[18:06:22]DEBUG: RA: trashed the product instead of recycling. Current shelf length is: <b>110</b>
[18:06:22]DEBUG: RA: trashed the product instead of recycling. Current shelf length is: <b>111</b>
[18:06:22]DEBUG: Increasing RA shelf space. Current maximum space: <b>120</b>
[18:06:23]DEBUG: RA: trashed the product instead of recycling. Current shelf length is: <b>120</b>
[18:06:24]DEBUG: RA: trashed the product instead of recycling. Current shelf length is: <b>121</b>
[18:06:24]DEBUG: Increasing RA shelf space. Current maximum space: <b>130</b>
[18:06:26]SAY: Artyuom/(Johnny Vietnam) "Р Ѕам пизда" (APC_1 Interior (15, 69, 4))
[18:06:26]DEBUG: RA: trashed the product instead of recycling. Current shelf length is: <b>130</b>
[18:06:27]DEBUG: RA: trashed the product instead of recycling. Current shelf length is: <b>131</b>
[18:06:27]DEBUG: Increasing RA shelf space. Current maximum space: <b>140</b>
[18:06:29]DEBUG: RA: trashed the product instead of recycling. Current shelf length is: <b>140</b>
[18:06:30]DEBUG: RA: trashed the product instead of recycling. Current shelf length is: <b>141</b>
[18:06:30]DEBUG: Increasing RA shelf space. Current maximum space: <b>150</b>
[18:06:33]DEBUG: RA: trashed the product instead of recycling. Current shelf length is: <b>150</b>
[18:06:33]DEBUG: RA: trashed the product instead of recycling. Current shelf length is: <b>151</b>
[18:06:33]DEBUG: Increasing RA shelf space. Current maximum space: <b>160</b>
[18:06:36]ADMIN: NIKIGO/(Colten Stange) used a apc megaphone to say: >Р Іалим<
[18:06:50]EMOTE: Random12234/(Elder Queen) <B>The Elder Queen</B> roars! (Northwest Colony Grounds (44, 177, 1))
[18:06:56]ADMIN: NIKIGO/(Colten Stange) used a apc megaphone to say: >РЎЂазвернись сука<
[18:06:59]ADMIN: NIKIGO/(Colten Stange) used a apc megaphone to say: >Р їиздец<
[18:07:03]ADMIN: NIKIGO/(Colten Stange) used a apc megaphone to say: >Р јы могли встать там<
[18:07:14]ADMIN: NIKIGO/(Colten Stange) used a apc megaphone to say: >Р ё че<
[18:07:20]ADMIN: NIKIGO/(Colten Stange) used a apc megaphone to say: >Р їоехали<
[18:07:24]EMOTE: Random12234/(Elder Queen) <B>The Elder Queen</B> roars! (Space Port (24, 181, 1))
[18:07:26]SAY: Das228/(Osmund Howard) "Р ” Д - ДОЛБАЁБ" (APC_1 Interior (12, 70, 4))
[18:07:30]DEBUG: RA: trashed the product instead of recycling. Current shelf length is: <b>160</b>
[18:07:30]DEBUG: RA: trashed the product instead of recycling. Current shelf length is: <b>161</b>
[18:07:31]DEBUG: Increasing RA shelf space. Current maximum space: <b>170</b>
[18:07:35]SAY: *no key*/(corgi) "YAP" (Lambda Lab (171, 162, 1))
[18:07:48]DEBUG: RA: trashed the product instead of recycling. Current shelf length is: <b>170</b>
[18:07:49]DEBUG: RA: trashed the product instead of recycling. Current shelf length is: <b>171</b>
[18:07:49]DEBUG: Increasing RA shelf space. Current maximum space: <b>180</b>
[18:07:51]HIVEMIND: Random12234/(Elder Queen) "Р “де банка?" (Telecommunications (15, 183, 1))
[18:07:54]SAY: Alot/(Sarah 'Phantom' Black) "WATCH OUT BEHIND THERE!" (Dropship Alamo (31, 199, 1))
[18:07:54]GAME: Explosion with size (-1, 1, 4) in area Dropship Alamo 
[18:08:15]DEBUG: RA: trashed the product instead of recycling. Current shelf length is: <b>180</b>
[18:08:15]DEBUG: RA: trashed the product instead of recycling. Current shelf length is: <b>181</b>
[18:08:15]DEBUG: Increasing RA shelf space. Current maximum space: <b>190</b>
[18:08:18]DEBUG: RA: trashed the product instead of recycling. Current shelf length is: <b>190</b>
[18:08:18]DEBUG: RA: trashed the product instead of recycling. Current shelf length is: <b>191</b>
[18:08:18]DEBUG: Increasing RA shelf space. Current maximum space: <b>200</b>
[18:08:20]DEBUG: RA: trashed the product instead of recycling. Current shelf length is: <b>200</b>
[18:08:20]DEBUG: RA: trashed the product instead of recycling. Current shelf length is: <b>201</b>
[18:08:20]DEBUG: Increasing RA shelf space. Current maximum space: <b>210</b>
[18:08:22]DEBUG: RA: trashed the product instead of recycling. Current shelf length is: <b>210</b>
[18:08:22]DEBUG: RA: trashed the product instead of recycling. Current shelf length is: <b>211</b>
[18:08:22]DEBUG: Increasing RA shelf space. Current maximum space: <b>220</b>
[18:08:25]DEBUG: RA: trashed the product instead of recycling. Current shelf length is: <b>220</b>
[18:08:25]DEBUG: RA: trashed the product instead of recycling. Current shelf length is: <b>221</b>
[18:08:25]DEBUG: Increasing RA shelf space. Current maximum space: <b>230</b>
[18:08:28]DEBUG: RA: trashed the product instead of recycling. Current shelf length is: <b>230</b>
[18:08:28]DEBUG: RA: trashed the product instead of recycling. Current shelf length is: <b>231</b>
[18:08:28]DEBUG: Increasing RA shelf space. Current maximum space: <b>240</b>
[18:08:32]ADMIN: EngineerConager/(Dell Conrad) used a apc megaphone to say: >Р ђ АЛАМО ВЫЗЫВАЙ !<
[18:08:35]ADMIN: EngineerConager/(Dell Conrad) used a apc megaphone to say: >Р ‘ БЫСТРО<
[18:08:52]DEBUG: RA: trashed the product instead of recycling. Current shelf length is: <b>240</b>
[18:08:52]DEBUG: RA: trashed the product instead of recycling. Current shelf length is: <b>241</b>
[18:08:52]DEBUG: Increasing RA shelf space. Current maximum space: <b>250</b>
[18:08:56]DEBUG: RA: trashed the product instead of recycling. Current shelf length is: <b>250</b>
[18:08:56]DEBUG: RA: trashed the product instead of recycling. Current shelf length is: <b>251</b>
[18:08:56]DEBUG: Increasing RA shelf space. Current maximum space: <b>260</b>
[18:08:58]SAY: Random12234/(Elder Queen) "Р —лабанка" (Telecommunications (17, 178, 1))
[18:08:59]DEBUG: RA: trashed the product instead of recycling. Current shelf length is: <b>260</b>
[18:09:03]DEBUG: RA: trashed the product instead of recycling. Current shelf length is: <b>260</b>
[18:09:06]ADMIN: NIKIGO/(Colten Stange) used a apc megaphone to say: >Р “ДЕ АЛАМО<
[18:09:07]DEBUG: RA: trashed the product instead of recycling. Current shelf length is: <b>260</b>
[18:09:08]DEBUG: RA: trashed the product instead of recycling. Current shelf length is: <b>261</b>
[18:09:08]DEBUG: Increasing RA shelf space. Current maximum space: <b>270</b>
[18:09:12]DEBUG: RA: trashed the product instead of recycling. Current shelf length is: <b>270</b>
[18:09:13]DEBUG: RA: trashed the product instead of recycling. Current shelf length is: <b>271</b>
[18:09:13]DEBUG: Increasing RA shelf space. Current maximum space: <b>280</b>
[18:09:21]DEBUG: RA: trashed the product instead of recycling. Current shelf length is: <b>280</b>
[18:09:21]DEBUG: RA: trashed the product instead of recycling. Current shelf length is: <b>281</b>
[18:09:21]DEBUG: Increasing RA shelf space. Current maximum space: <b>290</b>
[18:09:25]ADMIN: NIKIGO/(Colten Stange) used a apc megaphone to say: >Р ќАЗАД<
[18:09:31]SAY: Alot/(Sarah 'Phantom' Black) "Net dostupa!" (Space Port (25, 182, 1))
[18:09:38]ADMIN: NIKIGO/(Colten Stange) used a apc megaphone to say: >Р џОВЕРНИ<
[18:09:39]SAY: Random12234/(Elder Queen) "Р ”олго будем так возитс (Telecommunications (16, 178, 1))
[18:09:42]ADMIN: NIKIGO/(Colten Stange) used a apc megaphone to say: >Р В вЂР›&я<
[18:09:50]ADMIN: NIKIGO/(Colten Stange) used a apc megaphone to say: >Р џИЗДА<
[18:09:56]DEBUG: RA: trashed the product instead of recycling. Current shelf length is: <b>290</b>
[18:09:56]DEBUG: RA: trashed the product instead of recycling. Current shelf length is: <b>291</b>
[18:09:56]DEBUG: Increasing RA shelf space. Current maximum space: <b>300</b>
[18:09:57]DEBUG: RA: trashed the product instead of recycling. Current shelf length is: <b>300</b>
[18:09:57]DEBUG: RA: trashed the product instead of recycling. Current shelf length is: <b>301</b>
[18:09:58]DEBUG: Increasing RA shelf space. Current maximum space: <b>310</b>
[18:09:58]DEBUG: RA: trashed the product instead of recycling. Current shelf length is: <b>310</b>
[18:09:58]DEBUG: RA: trashed the product instead of recycling. Current shelf length is: <b>311</b>
[18:09:59]DEBUG: Increasing RA shelf space. Current maximum space: <b>320</b>
[18:10:05]ADMIN: NIKIGO/(Colten Stange) used a apc megaphone to say: >Р “ДЕ АЛАМО<
[18:10:06]DEBUG: Next event in 32.5068 minutes.
[18:10:09]ADMIN: NIKIGO/(Colten Stange) used a apc megaphone to say: >Р —ДАЙ НАЗАД !<
[18:10:12]ADMIN: Johnny Vietnam (Artyuom) launched a shuttle from 'Alamo' dropship console
[18:10:13]ADMIN: EngineerConager/(Dell Conrad) used a apc megaphone to say: >Р ­ ЭТО ПИЗДЕЦ<
[18:10:16]ADMIN: NIKIGO/(Colten Stange) used a apc megaphone to say: >Р ќАЗАД<
[18:10:25]ADMIN: NIKIGO/(Colten Stange) used a apc megaphone to say: >Р В вЂќРђР™ РЎРњРђР РўР“РђРќР©РРљРЈ РЎРўР яР›яРўР¬<
[18:10:32]SAY: EngineerConager/(Dell Conrad) "Р ”" (APC_1 Interior (17, 67, 4))
[18:10:37]SAY: NIKIGO/(Colten Stange) "Р їиздец" (Alamo Landing Zone (23, 184, 1))
[18:10:44]SAY: NIKIGO/(Colten Stange) "Р В Р† РіСЂРѕР±Сѓ РІРёРґРµР» Р±Р»яС‚СЊ" (Space Port (23, 183, 1))
[18:10:49]SAY: Danik_10p/(Elder Lurker (179)) "Obxodim" (Space Port (20, 182, 1))
[18:10:50]SAY: NIKIGO/(Colten Stange) "Р ґел ну ты и пиздец" (Space Port (23, 183, 1))
[18:10:53]SAY: EngineerConager/(Dell Conrad) "РЎ…а-ха" (Space Port (23, 182, 1))
[18:10:54]SAY: NIKIGO/(Colten Stange) "Р РЋвЂљС‹ РјРѕРі РґР°С‚СЊ РёРј СЃС‚СЂРµР»яС‚СЊ !" (Space Port (23, 183, 1))
[18:11:01]SAY: EngineerConager/(Dell Conrad) "Р Ў Спасиб БТР.." (Space Port (23, 183, 1))
[18:11:11]SAY: Alot/(Sarah 'Phantom' Black) "FIRING ROCKET LAUNCHER!" (Space Port (19, 192, 1))
[18:11:12]GAME: Explosion with size (-1, 1, 4) in area Telecommunications 
[18:11:20]EMOTE: Random12234/(Elder Queen) <B>The Elder Queen</B> roars! (Dropship Alamo (31, 192, 1))
[18:11:35]DEBUG: RA: trashed the product instead of recycling. Current shelf length is: <b>320</b>
[18:11:38]DEBUG: RA: trashed the product instead of recycling. Current shelf length is: <b>320</b>
[18:11:49]DEBUG: RA: trashed the product instead of recycling. Current shelf length is: <b>320</b>
[18:11:49]DEBUG: RA: trashed the product instead of recycling. Current shelf length is: <b>320</b>
[18:11:52]EMOTE: Alot/(Sarah 'Phantom' Black) <B>SGT Sarah 'Phantom' Black</B> screams! (Space Port (36, 182, 1))
[18:11:54]DEBUG: RA: trashed the product instead of recycling. Current shelf length is: <b>320</b>
[18:11:55]DEBUG: RA: trashed the product instead of recycling. Current shelf length is: <b>320</b>
[18:11:56]DEBUG: RA: trashed the product instead of recycling. Current shelf length is: <b>320</b>
[18:11:57]DEBUG: RA: trashed the product instead of recycling. Current shelf length is: <b>320</b>
[18:11:58]DEBUG: RA: trashed the product instead of recycling. Current shelf length is: <b>320</b>
[18:11:59]DEBUG: RA: trashed the product instead of recycling. Current shelf length is: <b>320</b>
[18:11:59]DEBUG: RA: trashed the product instead of recycling. Current shelf length is: <b>320</b>
[18:12:00]DEBUG: RA: trashed the product instead of recycling. Current shelf length is: <b>320</b>
[18:12:00]EMOTE: Alot/(Sarah 'Phantom' Black) <B>SGT Sarah 'Phantom' Black</B> screams! (Space Port (33, 181, 1))
[18:12:01]DEBUG: RA: trashed the product instead of recycling. Current shelf length is: <b>320</b>
[18:12:01]DEBUG: RA: trashed the product instead of recycling. Current shelf length is: <b>320</b>
[18:12:07]SAY: KiVts/(Kaden Blaine) "Р ”ерьмо" (Dropship Alamo (87, 151, 3))
[18:12:10]DEBUG: RA: trashed the product instead of recycling. Current shelf length is: <b>320</b>
[18:12:11]DEBUG: RA: trashed the product instead of recycling. Current shelf length is: <b>320</b>
[18:12:11]DEBUG: RA: trashed the product instead of recycling. Current shelf length is: <b>320</b>
[18:12:12]DEBUG: RA: trashed the product instead of recycling. Current shelf length is: <b>320</b>
[18:12:13]DEBUG: RA: trashed the product instead of recycling. Current shelf length is: <b>320</b>
[18:12:13]EMOTE: Alot/(Sarah 'Phantom' Black) <B>SGT Sarah 'Phantom' Black</B> screams! (Alamo Landing Zone (27, 185, 1))
[18:12:14]DEBUG: RA: trashed the product instead of recycling. Current shelf length is: <b>320</b>
[18:12:14]DEBUG: RA: trashed the product instead of recycling. Current shelf length is: <b>320</b>
[18:12:16]DEBUG: RA: trashed the product instead of recycling. Current shelf length is: <b>321</b>
[18:12:16]DEBUG: Increasing RA shelf space. Current maximum space: <b>330</b>
[18:12:20]SAY: Artyuom/(Johnny Vietnam) "Р ±л (Southwest Colony Grounds (56, 70, 1))
[18:12:21]SAY: EngineerConager/(Dell Conrad) "Р ќ Есть ломик !" (Southwest Colony Grounds (54, 72, 1))
[18:12:21]EMOTE: NIKIGO/(Colten Stange) <B>ENS Colten Stange</B> screams! (Space Port (41, 181, 1))
[18:12:21]EMOTE: NIKIGO/(Colten Stange) <B>ENS Colten Stange</B> screams! (Space Port (41, 181, 1))
[18:12:23]SAY: Artyuom/(Johnny Vietnam) "Р Ѕет" (Southwest Colony Grounds (56, 70, 1))
[18:12:26]EMOTE: NIKIGO/(Colten Stange) <B>ENS Colten Stange</B> screams! (Space Port (41, 179, 1))
[18:12:27]HIVEMIND: Random12234/(Elder Queen) "Р ќА АЛАМО" (Dropship Alamo (28, 187, 1))
[18:12:30]ACCESS: Logout: *no key*/(Sarah 'Phantom' Black)
[18:12:30]ACCESS: Login: Alot/(Sarah 'Phantom' Black) from 85.141.70.207-2303950589 || BYOND v513.1513
[18:12:32]SAY: BlackCrystalic/(Mature Drone (27)) "Р ”ОБИТЬ НУЖНО" (Alamo Landing Zone (28, 184, 1))
[18:12:32]ACCESS: Logout: *no key*/(Colten Stange)
[18:12:32]ACCESS: Login: NIKIGO/(Colten Stange) from 79.104.200.2-1951049353 || BYOND v513.1525
[18:12:45]SAY: EngineerConager/(Dell Conrad) "Р ” ДА ГДЕ ?!" (Engineering Complex (52, 84, 1))
[18:12:46]HIVEMIND: Danik_10p/(Elder Lurker (179)) "Vse ubiti" (Space Port (41, 182, 1))
[18:12:52]SAY: Random12234/(Elder Queen) "Р ўАК" (Northwest Colony Grounds (42, 164, 1))
[18:12:56]SAY: Random12234/(Elder Queen) "Р демет" (Northwest Colony Grounds (41, 164, 1))
[18:13:00]HIVEMIND: BlackCrystalic/(Mature Drone (27)) "Р ќЕ ВСЕ" (Northwest Colony Grounds (40, 141, 1))
[18:13:01]SAY: Random12234/(Elder Queen) "Р ќа Банку" (Northwest Colony Grounds (41, 164, 1))
[18:13:06]HIVEMIND: BlackCrystalic/(Mature Drone (27)) "&ВИДЕЛ КАК ТРОЕ УБЕЖАЛИ" (Northwest Colony Grounds (40, 141, 1))
[18:13:13]SAY: Danik_10p/(Elder Lurker (179)) "Kuda eto" (Northwest Colony Grounds (42, 167, 1))
[18:13:15]ACCESS: Logout: NIKIGO/(Colten Stange)
[18:13:15]SAY: Random12234/(Elder Queen) "Р ›АДНО" (Northwest Colony Grounds (40, 166, 1))
[18:13:25]HIVEMIND: Danik_10p/(Elder Lurker (179)) "Kuda" (Northwest Colony Grounds (49, 141, 1))
[18:13:28]EMOTE: Random12234/(Elder Queen) <B>The Elder Queen</B> roars! (Northwest Colony Grounds (36, 144, 1))
[18:13:30]SAY: BlackCrystalic/(Mature Drone (27)) "Р љО МНЕ" (Central Colony Grounds (72, 109, 1))
[18:13:34]HIVEMIND: BlackCrystalic/(Mature Drone (27)) "Р љО МНЕ НА ЛЗ2" (Central Colony Grounds (72, 109, 1))
[18:13:44]EMOTE: Random12234/(Elder Queen) <B>The Elder Queen</B> roars! (Western Colony Grounds (39, 112, 1))
[18:13:48]HIVEMIND: Danik_10p/(Elder Lurker (179)) "Ia vizhu" (Cargo (42, 102, 1))
[18:13:50]SAY: Danik_10p/(Elder Lurker (179)) "Tut" (Cargo (43, 104, 1))
[18:13:53]EMOTE: Random12234/(Elder Queen) <B>The Elder Queen</B> roars! (Cargo (54, 103, 1))
[18:14:01]GAME: Danik_10p/(Elder Lurker (179)) Started ventcrawling (Cargo (59, 113, 1))
[18:14:14]SAY: BlackCrystalic/(Mature Drone (27)) "РЎЃюда" (Southern Colony Grounds (85, 97, 1))
[18:14:19]SAY: BlackCrystalic/(Mature Drone (27)) "Р ћНИ ТУТ" (Engineering Complex (85, 91, 1))
[18:14:56]SAY: EngineerConager/(Dell Conrad) "Р ђААА" (Southern Colony Grounds (94, 83, 1))
[18:14:57]EMOTE: EngineerConager/(Dell Conrad) <B>ENS Unknown (as Dell Conrad)</B> screams! (Southern Colony Grounds (94, 83, 1))
[18:14:58]EMOTE: EngineerConager/(Dell Conrad) <B>ENS Unknown (as Dell Conrad)</B> screams! (Southern Colony Grounds (94, 83, 1))
[18:14:59]EMOTE: EngineerConager/(Dell Conrad) <B>ENS Unknown (as Dell Conrad)</B> screams! (Southern Colony Grounds (94, 83, 1))
[18:15:04]ACCESS: Logout: *no key*/(Dell Conrad)
[18:15:04]ACCESS: Login: EngineerConager/(Dell Conrad) from 176.32.153.98-2402443160 || BYOND v513.1525
[18:15:05]SAY: Danik_10p/(Elder Lurker (179)) "Gotov" (Southern Colony Grounds (95, 84, 1))
[18:15:13]SAY: Danik_10p/(Elder Lurker (179)) "Uzhe troih ubil" (Southern Colony Grounds (94, 85, 1))
[18:15:20]HIVEMIND: Danik_10p/(Elder Lurker (179)) "Vse?" (Central Colony Grounds (94, 105, 1))
[18:15:23]EMOTE: Random12234/(Elder Queen) <B>The Elder Queen</B> roars! (Central Colony Grounds (95, 105, 1))
[18:15:32]EMOTE: Random12234/(Elder Queen) <B>The Elder Queen</B> roars! (Central Colony Grounds (80, 112, 1))
[18:15:34]HIVEMIND: BlackCrystalic/(Mature Drone (27)) "Р Ѕет" (Southern Colony Grounds (93, 94, 1))
[18:15:38]HIVEMIND: BlackCrystalic/(Mature Drone (27)) "Net" (Southern Colony Grounds (93, 94, 1))
[18:15:41]HIVEMIND: BlackCrystalic/(Mature Drone (27)) "Troe" (Southern Colony Grounds (93, 94, 1))
[18:15:43]EMOTE: Random12234/(Elder Queen) <B>The Elder Queen</B> roars! (Central Colony Grounds (72, 126, 1))
[18:15:44]HIVEMIND: BlackCrystalic/(Mature Drone (27)) "Eshe" (Southern Colony Grounds (93, 96, 1))
[18:15:45]EMOTE: Das228/(Osmund Howard) <B>LCPL Unknown (as Osmund Howard)</B> screams! (Northern Colony Grounds (125, 169, 1))
[18:15:45]EMOTE: Das228/(Osmund Howard) <B>LCPL Unknown (as Osmund Howard)</B> screams! (Northern Colony Grounds (125, 169, 1))
[18:15:46]ACCESS: Logout: *no key*/(Johnny Vietnam)
[18:15:46]ACCESS: Login: Artyuom/(Johnny Vietnam) from 95.174.127.234-114134526 || BYOND v513.1517
[18:15:56]ADMIN: A bioscan/Queen Mother message has completed. Humans: 1 on the planet and 2 on the ship. Xenos: 6 on the planet and 0 on the ship.
[18:16:01]HIVEMIND: Danik_10p/(Elder Lurker (179)) "1" (Space Port (40, 180, 1))
[18:16:22]ADMIN: BlackCrystalic/(Mature Drone (27)) admin ghosted.
[18:16:22]ACCESS: Logout: *no key*/(Mature Drone (27))
[18:16:22]ACCESS: Login: BlackCrystalic/(Mature Drone (27)) from 127.0.0.1-3990586367 || BYOND v513.1513
[18:16:22]ACCESS: Notice: BlackCrystalic/(Mature Drone (27)) has the same ID (3990586367) as CM.RU/(CM.RU).
[18:16:22]ACCESS: Notice: BlackCrystalic/(Mature Drone (27)) has the same ID (3990586367) as ZyberCpechnaz/(Young Defender (554)).
[18:16:41]ADMIN: BlackCrystalic/(Mature Drone (27)) dealt 22 amount of brute damage to Unknown (as Osmund Howard) 
[18:16:43]ACCESS: Logout: KiVts/(Kaden Blaine)
[18:16:44]ADMIN: BlackCrystalic/(Mature Drone (27)) dealt 33 amount of oxygen damage to Unknown (as Osmund Howard) 
[18:16:47]ADMIN: BlackCrystalic/(Mature Drone (27)) dealt 44 amount of oxygen damage to Unknown (as Osmund Howard) 
[18:16:50]GAME: Xenomorph Major Victory
Game mode: Distress Signal
Round time: 1:30
End round player population: 10
Total xenos spawned: 11
Total Preds spawned: 0
Total humans spawned: 10
[18:16:50]GAME: Antagonists at round end were...
[18:16:50]GAME: Survivors: Kelvin Focell(Sewa).
[18:16:50]GAME: Xenomorphs: Elder Queen(Random12234), Elder Lurker (179)(Danik_10p), Elder Defender (79)(Sewa), Mature Drone (27)(BlackCrystalic), Young Defender (321)(Sewa), Young Defender (554)(ZyberCpechnaz), Mature Larva (68)(Burzu).
[18:16:52]HIVEMIND: Random12234/(Elder Queen) "Р ќа аламо" (Space Port (27, 183, 1))
[18:16:53]ACCESS: Logout: *no key*/(Mature Drone (27))
[18:16:53]ACCESS: Login: BlackCrystalic/(Mature Drone (27)) from 127.0.0.1-3990586367 || BYOND v513.1513
[18:16:53]ACCESS: Notice: BlackCrystalic/(Mature Drone (27)) has the same ID (3990586367) as CM.RU/(CM.RU).
[18:16:53]ACCESS: Notice: BlackCrystalic/(Mature Drone (27)) has the same ID (3990586367) as ZyberCpechnaz/(Young Defender (554)).
[18:16:59]ACCESS: Logout: Das228/(Osmund Howard)
[18:17:25]VOTE: Custom vote started by BlackCrystalic.
Next Map OOC>VOTE
[18:17:38]SAY: Random12234/(Elder Empress) "Р Јххх" (Dropship Alamo (27, 195, 1))
[18:17:42]SAY: Danik_10p/(Elder Lurker (179)) "Cho" (Dropship Alamo (27, 193, 1))
[18:17:48]SAY: Random12234/(Elder Empress) "Р ”вуногие сасать" (Dropship Alamo (27, 195, 1))
[18:18:16]ADMIN: BlackCrystalic/(Mature Drone (27)) played sound `directed by robert b.8 sec.ogg` for 8 player(s). 1 player(s) have disabled admin midis.
[18:18:26]VOTE: <b>Vote Result: Lv</b>
[18:18:33]ACCESS: Logout: Random12234/(Elder Empress)
[18:18:50]ADMIN: BlackCrystalic/(Mature Drone (27)) played sound `Bwoink_dont_play.ogg` for 7 player(s). 1 player(s) have disabled admin midis.
[18:18:55]ACCESS: Logout: Sewa/(Mature Defender (321))
[18:18:55]ACCESS: Logout: ZyberCpechnaz/(Young Defender (554))
[18:18:55]ACCESS: Logout: Artyuom/(Johnny Vietnam)
[18:18:55]ACCESS: Logout: CM.RU/(CM.RU)
[18:18:55]ACCESS: Logout: Alot/(Sarah 'Phantom' Black)
[18:18:55]ACCESS: Logout: Danik_10p/(Elder Lurker (179))
[18:18:55]ACCESS: Logout: EngineerConager/(Dell Conrad)
[18:18:55]ACCESS: Logout: BlackCrystalic/(Mature Drone (27))
