

Starting up round 13:59:41
---------------------
[14:15:17]ATTACK: EngineerConager/(Dell Conrad) has punched EngineerConager/(Dell Conrad) (NEWHP: 100)  (Head of Personnel's Office (114, 23, 1))
[14:15:17]ATTACK: EngineerConager/(Dell Conrad) punched EngineerConager/(Dell Conrad)
[14:18:01]ATTACK: Harlex5435/(Nickolas Stone) has attempted to remove [colonial marshal uniform] (body) *no key*/(Deputy Edgar Nogi) (NEWHP: -275)  (North Eastern Barrens (125, 148, 1))
[14:26:45]ATTACK: Harlex5435/(Nickolas Stone) has hit EngineerConager/(Dell Conrad) with [spear] (thrown) (NEWHP: 91)  (Main Hallway (119, 27, 1))
[14:26:45]ATTACK:  (engineerconager) was hit by a the spear, thrown by Unknown (harlex5435) (<A HREF='?_src_=holder;adminplayerobservecoodjump=1;X=118;Y=22;Z=1'>JMP</a>)
[14:27:02]ATTACK: EngineerConager/(Dell Conrad) has hit Harlex5435/(Nickolas Stone) with [M11 throwing knife] (thrown) (NEWHP: 100)  (Main Hallway (118, 42, 1))
[14:27:02]ATTACK: Unknown (harlex5435) was hit by a M11 throwing knife, thrown by  (engineerconager) (<A HREF='?_src_=holder;adminplayerobservecoodjump=1;X=118;Y=44;Z=1'>JMP</a>)
[14:27:12]ATTACK: EngineerConager/(Dell Conrad) has hit Harlex5435/(Nickolas Stone) with [M11 throwing knife] (thrown) (NEWHP: 83.3)  (Main Hallway (118, 22, 1))
[14:27:12]ATTACK: Unknown (harlex5435) was hit by a M11 throwing knife, thrown by  (engineerconager) (<A HREF='?_src_=holder;adminplayerobservecoodjump=1;X=120;Y=18;Z=1'>JMP</a>)
[14:27:28]ATTACK: EngineerConager/(Dell Conrad) has attacked Harlex5435/(Nickolas Stone) with [katana] (INTENT: HURT) (DAMTYE: BRUTE) (NEWHP: 82.8)  (Main Hallway (118, 19, 1))
[14:27:28]ATTACK: EngineerConager/(Dell Conrad) attacked Harlex5435/(Nickolas Stone) with katana (INTENT: HURT) (DAMTYE: BRUTE)
[14:27:30]ATTACK: EngineerConager/(Dell Conrad) has attacked Harlex5435/(Nickolas Stone) with [katana] (INTENT: HURT) (DAMTYE: BRUTE) (NEWHP: 32.9)  (Main Hallway (118, 19, 1))
[14:27:30]ATTACK: EngineerConager/(Dell Conrad) attacked Harlex5435/(Nickolas Stone) with katana (INTENT: HURT) (DAMTYE: BRUTE)
[14:27:31]ATTACK: EngineerConager/(Dell Conrad) has attacked Harlex5435/(Nickolas Stone) with [katana] (INTENT: HURT) (DAMTYE: BRUTE) (NEWHP: -17.1)  (Main Hallway (118, 19, 1))
[14:27:31]ATTACK: EngineerConager/(Dell Conrad) attacked Harlex5435/(Nickolas Stone) with katana (INTENT: HURT) (DAMTYE: BRUTE)
[14:27:32]ATTACK: EngineerConager/(Dell Conrad) has attacked Harlex5435/(Nickolas Stone) with [katana] (INTENT: HURT) (DAMTYE: BRUTE) (NEWHP: -17.1)  (Main Hallway (118, 19, 1))
[14:27:32]ATTACK: EngineerConager/(Dell Conrad) attacked Harlex5435/(Nickolas Stone) with katana (INTENT: HURT) (DAMTYE: BRUTE)
[14:27:33]ATTACK: EngineerConager/(Dell Conrad) has attacked Harlex5435/(Nickolas Stone) with [katana] (INTENT: HURT) (DAMTYE: BRUTE) (NEWHP: -86.2)  (Main Hallway (118, 19, 1))
[14:27:33]ATTACK: EngineerConager/(Dell Conrad) attacked Harlex5435/(Nickolas Stone) with katana (INTENT: HURT) (DAMTYE: BRUTE)
[14:27:35]ATTACK: EngineerConager/(Dell Conrad) has attacked Harlex5435/(Nickolas Stone) with [katana] (INTENT: HURT) (DAMTYE: BRUTE) (NEWHP: -86.2)  (Main Hallway (118, 19, 1))
[14:27:35]ATTACK: EngineerConager/(Dell Conrad) attacked Harlex5435/(Nickolas Stone) with katana (INTENT: HURT) (DAMTYE: BRUTE)
[14:27:37]ATTACK: EngineerConager/(Dell Conrad) has attacked Harlex5435/(Nickolas Stone) with [katana] (INTENT: HURT) (DAMTYE: BRUTE) (NEWHP: -94.4)  (Main Hallway (118, 19, 1))
[14:27:37]ATTACK: EngineerConager/(Dell Conrad) attacked Harlex5435/(Nickolas Stone) with katana (INTENT: HURT) (DAMTYE: BRUTE)
[14:27:38]ATTACK: EngineerConager/(Dell Conrad) has attacked Harlex5435/(Nickolas Stone) with [katana] (INTENT: HURT) (DAMTYE: BRUTE) (NEWHP: -94.4)  (Main Hallway (118, 19, 1))
[14:27:38]ATTACK: EngineerConager/(Dell Conrad) attacked Harlex5435/(Nickolas Stone) with katana (INTENT: HURT) (DAMTYE: BRUTE)
[14:27:46]ATTACK: EngineerConager/(Dell Conrad) has grabbed Harlex5435/(Nickolas Stone) (NEWHP: -106.7)  (Main Hallway (118, 19, 1))
[14:27:46]ATTACK: EngineerConager/(Dell Conrad) схватил Harlex5435/(Nickolas Stone)
[14:28:35]ATTACK: EngineerConager/(Dell Conrad) has attacked EngineerConager/(Dell Conrad) with [katana] (INTENT: HURT) (DAMTYE: BRUTE) (NEWHP: 94.2)  (Main Hallway (117, 31, 1))
[14:28:35]ATTACK: EngineerConager/(Dell Conrad) attacked EngineerConager/(Dell Conrad) with katana (INTENT: HURT) (DAMTYE: BRUTE)
[14:29:00]ATTACK: EngineerConager/(Dell Conrad) has attacked EngineerConager/(Dell Conrad) with [katana] (INTENT: HURT) (DAMTYE: BRUTE) (NEWHP: 45.9)  (Main Hallway (117, 31, 1))
[14:29:01]ATTACK: EngineerConager/(Dell Conrad) attacked EngineerConager/(Dell Conrad) with katana (INTENT: HURT) (DAMTYE: BRUTE)
[14:29:02]ATTACK: EngineerConager/(Dell Conrad) has attacked EngineerConager/(Dell Conrad) with [katana] (INTENT: HURT) (DAMTYE: BRUTE) (NEWHP: -4)  (Main Hallway (117, 31, 1))
[14:29:02]ATTACK: EngineerConager/(Dell Conrad) attacked EngineerConager/(Dell Conrad) with katana (INTENT: HURT) (DAMTYE: BRUTE)
