

Starting up round 13:59:41
---------------------
runtime error: Cannot modify null.icon_state.
proc name: hud set order (/mob/living/carbon/human/proc/hud_set_order)
  source file: mob_hud.dm,557
  usr: (src)
  src: the unknown (/mob/living/carbon/human)
  src.loc: the floor (53,30,1) (/turf/open/floor)
  call stack:
the unknown (/mob/living/carbon/human): hud set order()
the unknown (/mob/living/carbon/human): prepare huds()
the unknown (/mob/living/carbon/human): New(the floor (53,30,1) (/turf/open/floor), null)
the unknown (/mob/living/carbon/human): New(the floor (53,30,1) (/turf/open/floor), null)
the unknown (/mob/living/carbon/human): New(the floor (53,30,1) (/turf/open/floor), null)
the unknown (/mob/living/carbon/human): New(the floor (53,30,1) (/turf/open/floor), null)
Mr. Johnson Telovin (/obj/effect/landmark/corpsespawner/bridgeofficer): createCorpse()
Mr. Johnson Telovin (/obj/effect/landmark/corpsespawner/bridgeofficer): initialize()
Objects (/datum/controller/process/objects): setup()
/datum/controller/processSched... (/datum/controller/processScheduler): addProcess(Objects (/datum/controller/process/objects))
/datum/controller/processSched... (/datum/controller/processScheduler): setup()
world: New()
runtime error: Cannot modify null.icon_state.
proc name: hud set order (/mob/living/carbon/human/proc/hud_set_order)
  source file: mob_hud.dm,557
  usr: (src)
  src: the unknown (/mob/living/carbon/human)
  src.loc: the floor (74,56,1) (/turf/open/floor)
  call stack:
the unknown (/mob/living/carbon/human): hud set order()
the unknown (/mob/living/carbon/human): prepare huds()
the unknown (/mob/living/carbon/human): New(the floor (74,56,1) (/turf/open/floor), null)
the unknown (/mob/living/carbon/human): New(the floor (74,56,1) (/turf/open/floor), null)
the unknown (/mob/living/carbon/human): New(the floor (74,56,1) (/turf/open/floor), null)
the unknown (/mob/living/carbon/human): New(the floor (74,56,1) (/turf/open/floor), null)
Colonist Jan Horris (/obj/effect/landmark/corpsespawner/scientist): createCorpse()
Colonist Jan Horris (/obj/effect/landmark/corpsespawner/scientist): initialize()
Objects (/datum/controller/process/objects): setup()
/datum/controller/processSched... (/datum/controller/processScheduler): addProcess(Objects (/datum/controller/process/objects))
/datum/controller/processSched... (/datum/controller/processScheduler): setup()
world: New()
runtime error: Cannot modify null.icon_state.
proc name: hud set order (/mob/living/carbon/human/proc/hud_set_order)
  source file: mob_hud.dm,557
  usr: (src)
  src: the unknown (/mob/living/carbon/human)
  src.loc: the river (21,58,1) (/turf/open/gm/river)
  call stack:
the unknown (/mob/living/carbon/human): hud set order()
the unknown (/mob/living/carbon/human): prepare huds()
the unknown (/mob/living/carbon/human): New(the river (21,58,1) (/turf/open/gm/river), null)
the unknown (/mob/living/carbon/human): New(the river (21,58,1) (/turf/open/gm/river), null)
the unknown (/mob/living/carbon/human): New(the river (21,58,1) (/turf/open/gm/river), null)
the unknown (/mob/living/carbon/human): New(the river (21,58,1) (/turf/open/gm/river), null)
Colonist Jed Willis (/obj/effect/landmark/corpsespawner/chef): createCorpse()
Colonist Jed Willis (/obj/effect/landmark/corpsespawner/chef): initialize()
Objects (/datum/controller/process/objects): setup()
/datum/controller/processSched... (/datum/controller/processScheduler): addProcess(Objects (/datum/controller/process/objects))
/datum/controller/processSched... (/datum/controller/processScheduler): setup()
world: New()
runtime error: Cannot modify null.icon_state.
proc name: hud set order (/mob/living/carbon/human/proc/hud_set_order)
  source file: mob_hud.dm,557
  usr: (src)
  src: the unknown (/mob/living/carbon/human)
  src.loc: the floor (73,65,1) (/turf/open/floor)
  call stack:
the unknown (/mob/living/carbon/human): hud set order()
the unknown (/mob/living/carbon/human): prepare huds()
the unknown (/mob/living/carbon/human): New(the floor (73,65,1) (/turf/open/floor), null)
the unknown (/mob/living/carbon/human): New(the floor (73,65,1) (/turf/open/floor), null)
the unknown (/mob/living/carbon/human): New(the floor (73,65,1) (/turf/open/floor), null)
the unknown (/mob/living/carbon/human): New(the floor (73,65,1) (/turf/open/floor), null)
Colonist Tevin Marks (/obj/effect/landmark/corpsespawner/scientist): createCorpse()
Colonist Tevin Marks (/obj/effect/landmark/corpsespawner/scientist): initialize()
Objects (/datum/controller/process/objects): setup()
/datum/controller/processSched... (/datum/controller/processScheduler): addProcess(Objects (/datum/controller/process/objects))
/datum/controller/processSched... (/datum/controller/processScheduler): setup()
world: New()
runtime error: Cannot modify null.icon_state.
proc name: hud set order (/mob/living/carbon/human/proc/hud_set_order)
  source file: mob_hud.dm,557
  usr: (src)
  src: the unknown (/mob/living/carbon/human)
  src.loc: the floor (59,105,1) (/turf/open/floor)
  call stack:
the unknown (/mob/living/carbon/human): hud set order()
the unknown (/mob/living/carbon/human): prepare huds()
the unknown (/mob/living/carbon/human): New(the floor (59,105,1) (/turf/open/floor), null)
the unknown (/mob/living/carbon/human): New(the floor (59,105,1) (/turf/open/floor), null)
the unknown (/mob/living/carbon/human): New(the floor (59,105,1) (/turf/open/floor), null)
the unknown (/mob/living/carbon/human): New(the floor (59,105,1) (/turf/open/floor), null)
Colonist Roester Kalin (/obj/effect/landmark/corpsespawner/miner): createCorpse()
Colonist Roester Kalin (/obj/effect/landmark/corpsespawner/miner): initialize()
Objects (/datum/controller/process/objects): setup()
/datum/controller/processSched... (/datum/controller/processScheduler): addProcess(Objects (/datum/controller/process/objects))
/datum/controller/processSched... (/datum/controller/processScheduler): setup()
world: New()
runtime error: Cannot modify null.icon_state.
proc name: hud set order (/mob/living/carbon/human/proc/hud_set_order)
  source file: mob_hud.dm,557
  usr: (src)
  src: the unknown (/mob/living/carbon/human)
  src.loc: the floor (124,147,1) (/turf/open/shuttle)
  call stack:
the unknown (/mob/living/carbon/human): hud set order()
the unknown (/mob/living/carbon/human): prepare huds()
the unknown (/mob/living/carbon/human): New(the floor (124,147,1) (/turf/open/shuttle), null)
the unknown (/mob/living/carbon/human): New(the floor (124,147,1) (/turf/open/shuttle), null)
the unknown (/mob/living/carbon/human): New(the floor (124,147,1) (/turf/open/shuttle), null)
the unknown (/mob/living/carbon/human): New(the floor (124,147,1) (/turf/open/shuttle), null)
Deputy Edgar Nogi (/obj/effect/landmark/corpsespawner/security): createCorpse()
Deputy Edgar Nogi (/obj/effect/landmark/corpsespawner/security): initialize()
Objects (/datum/controller/process/objects): setup()
/datum/controller/processSched... (/datum/controller/processScheduler): addProcess(Objects (/datum/controller/process/objects))
/datum/controller/processSched... (/datum/controller/processScheduler): setup()
world: New()
runtime error: Cannot modify null.icon_state.
proc name: hud set order (/mob/living/carbon/human/proc/hud_set_order)
  source file: mob_hud.dm,557
  usr: (src)
  src: the unknown (/mob/living/carbon/human)
  src.loc: the dirt (15,158,1) (/turf/open/gm/dirt)
  call stack:
the unknown (/mob/living/carbon/human): hud set order()
the unknown (/mob/living/carbon/human): prepare huds()
the unknown (/mob/living/carbon/human): New(the dirt (15,158,1) (/turf/open/gm/dirt), null)
the unknown (/mob/living/carbon/human): New(the dirt (15,158,1) (/turf/open/gm/dirt), null)
the unknown (/mob/living/carbon/human): New(the dirt (15,158,1) (/turf/open/gm/dirt), null)
the unknown (/mob/living/carbon/human): New(the dirt (15,158,1) (/turf/open/gm/dirt), null)
Colonist Innio Morris (/obj/effect/landmark/corpsespawner/scientist): createCorpse()
Colonist Innio Morris (/obj/effect/landmark/corpsespawner/scientist): initialize()
Objects (/datum/controller/process/objects): setup()
/datum/controller/processSched... (/datum/controller/processScheduler): addProcess(Objects (/datum/controller/process/objects))
/datum/controller/processSched... (/datum/controller/processScheduler): setup()
world: New()
runtime error: Cannot modify null.icon_state.
proc name: hud set order (/mob/living/carbon/human/proc/hud_set_order)
  source file: mob_hud.dm,557
  usr: (src)
  src: the unknown (/mob/living/carbon/human)
  src.loc: the dirt (17,158,1) (/turf/open/gm/dirt)
  call stack:
the unknown (/mob/living/carbon/human): hud set order()
the unknown (/mob/living/carbon/human): prepare huds()
the unknown (/mob/living/carbon/human): New(the dirt (17,158,1) (/turf/open/gm/dirt), null)
the unknown (/mob/living/carbon/human): New(the dirt (17,158,1) (/turf/open/gm/dirt), null)
the unknown (/mob/living/carbon/human): New(the dirt (17,158,1) (/turf/open/gm/dirt), null)
the unknown (/mob/living/carbon/human): New(the dirt (17,158,1) (/turf/open/gm/dirt), null)
Colonist Braxton Oxto (/obj/effect/landmark/corpsespawner/scientist): createCorpse()
Colonist Braxton Oxto (/obj/effect/landmark/corpsespawner/scientist): initialize()
Objects (/datum/controller/process/objects): setup()
/datum/controller/processSched... (/datum/controller/processScheduler): addProcess(Objects (/datum/controller/process/objects))
/datum/controller/processSched... (/datum/controller/processScheduler): setup()
world: New()
runtime error: Cannot modify null.icon_state.
proc name: hud set order (/mob/living/carbon/human/proc/hud_set_order)
  source file: mob_hud.dm,557
  usr: (src)
  src: the unknown (/mob/living/carbon/human)
  src.loc: the dirt (18,158,1) (/turf/open/gm/dirt)
  call stack:
the unknown (/mob/living/carbon/human): hud set order()
the unknown (/mob/living/carbon/human): prepare huds()
the unknown (/mob/living/carbon/human): New(the dirt (18,158,1) (/turf/open/gm/dirt), null)
the unknown (/mob/living/carbon/human): New(the dirt (18,158,1) (/turf/open/gm/dirt), null)
the unknown (/mob/living/carbon/human): New(the dirt (18,158,1) (/turf/open/gm/dirt), null)
the unknown (/mob/living/carbon/human): New(the dirt (18,158,1) (/turf/open/gm/dirt), null)
Colonist Kira Von (/obj/effect/landmark/corpsespawner/miner): createCorpse()
Colonist Kira Von (/obj/effect/landmark/corpsespawner/miner): initialize()
Objects (/datum/controller/process/objects): setup()
/datum/controller/processSched... (/datum/controller/processScheduler): addProcess(Objects (/datum/controller/process/objects))
/datum/controller/processSched... (/datum/controller/processScheduler): setup()
world: New()
runtime error: Cannot modify null.icon_state.
proc name: hud set order (/mob/living/carbon/human/proc/hud_set_order)
  source file: mob_hud.dm,557
  usr: (src)
  src: the unknown (/mob/living/carbon/human)
  src.loc: the dirt (19,158,1) (/turf/open/gm/dirt)
  call stack:
the unknown (/mob/living/carbon/human): hud set order()
the unknown (/mob/living/carbon/human): prepare huds()
the unknown (/mob/living/carbon/human): New(the dirt (19,158,1) (/turf/open/gm/dirt), null)
the unknown (/mob/living/carbon/human): New(the dirt (19,158,1) (/turf/open/gm/dirt), null)
the unknown (/mob/living/carbon/human): New(the dirt (19,158,1) (/turf/open/gm/dirt), null)
the unknown (/mob/living/carbon/human): New(the dirt (19,158,1) (/turf/open/gm/dirt), null)
Colonist Bren Foras (/obj/effect/landmark/corpsespawner/miner): createCorpse()
Colonist Bren Foras (/obj/effect/landmark/corpsespawner/miner): initialize()
Objects (/datum/controller/process/objects): setup()
/datum/controller/processSched... (/datum/controller/processScheduler): addProcess(Objects (/datum/controller/process/objects))
/datum/controller/processSched... (/datum/controller/processScheduler): setup()
world: New()
runtime error: Cannot modify null.icon_state.
proc name: hud set order (/mob/living/carbon/human/proc/hud_set_order)
  source file: mob_hud.dm,557
  usr: (src)
  src: the unknown (/mob/living/carbon/human)
  src.loc: the dirt (20,158,1) (/turf/open/gm/dirt)
  call stack:
the unknown (/mob/living/carbon/human): hud set order()
the unknown (/mob/living/carbon/human): prepare huds()
the unknown (/mob/living/carbon/human): New(the dirt (20,158,1) (/turf/open/gm/dirt), null)
the unknown (/mob/living/carbon/human): New(the dirt (20,158,1) (/turf/open/gm/dirt), null)
the unknown (/mob/living/carbon/human): New(the dirt (20,158,1) (/turf/open/gm/dirt), null)
the unknown (/mob/living/carbon/human): New(the dirt (20,158,1) (/turf/open/gm/dirt), null)
Colonist Fors Ilin (/obj/effect/landmark/corpsespawner/security): createCorpse()
Colonist Fors Ilin (/obj/effect/landmark/corpsespawner/security): initialize()
Objects (/datum/controller/process/objects): setup()
/datum/controller/processSched... (/datum/controller/processScheduler): addProcess(Objects (/datum/controller/process/objects))
/datum/controller/processSched... (/datum/controller/processScheduler): setup()
world: New()
runtime error: Cannot modify null.icon_state.
proc name: hud set order (/mob/living/carbon/human/proc/hud_set_order)
  source file: mob_hud.dm,557
  usr: (src)
  src: the unknown (/mob/living/carbon/human)
  src.loc: the dirt (15,159,1) (/turf/open/gm/dirt)
  call stack:
the unknown (/mob/living/carbon/human): hud set order()
the unknown (/mob/living/carbon/human): prepare huds()
the unknown (/mob/living/carbon/human): New(the dirt (15,159,1) (/turf/open/gm/dirt), null)
the unknown (/mob/living/carbon/human): New(the dirt (15,159,1) (/turf/open/gm/dirt), null)
the unknown (/mob/living/carbon/human): New(the dirt (15,159,1) (/turf/open/gm/dirt), null)
the unknown (/mob/living/carbon/human): New(the dirt (15,159,1) (/turf/open/gm/dirt), null)
Colonist Olin Berus (/obj/effect/landmark/corpsespawner/security): createCorpse()
Colonist Olin Berus (/obj/effect/landmark/corpsespawner/security): initialize()
Objects (/datum/controller/process/objects): setup()
/datum/controller/processSched... (/datum/controller/processScheduler): addProcess(Objects (/datum/controller/process/objects))
/datum/controller/processSched... (/datum/controller/processScheduler): setup()
world: New()
runtime error: Cannot modify null.icon_state.
proc name: hud set order (/mob/living/carbon/human/proc/hud_set_order)
  source file: mob_hud.dm,557
  usr: (src)
  src: the unknown (/mob/living/carbon/human)
  src.loc: the dirt (20,159,1) (/turf/open/gm/dirt)
  call stack:
the unknown (/mob/living/carbon/human): hud set order()
the unknown (/mob/living/carbon/human): prepare huds()
the unknown (/mob/living/carbon/human): New(the dirt (20,159,1) (/turf/open/gm/dirt), null)
the unknown (/mob/living/carbon/human): New(the dirt (20,159,1) (/turf/open/gm/dirt), null)
the unknown (/mob/living/carbon/human): New(the dirt (20,159,1) (/turf/open/gm/dirt), null)
the unknown (/mob/living/carbon/human): New(the dirt (20,159,1) (/turf/open/gm/dirt), null)
Deputy Maxwell Ligis (/obj/effect/landmark/corpsespawner/security): createCorpse()
Deputy Maxwell Ligis (/obj/effect/landmark/corpsespawner/security): initialize()
Objects (/datum/controller/process/objects): setup()
/datum/controller/processSched... (/datum/controller/processScheduler): addProcess(Objects (/datum/controller/process/objects))
/datum/controller/processSched... (/datum/controller/processScheduler): setup()
world: New()
runtime error: Cannot modify null.icon_state.
proc name: hud set order (/mob/living/carbon/human/proc/hud_set_order)
  source file: mob_hud.dm,557
  usr: (src)
  src: the unknown (/mob/living/carbon/human)
  src.loc: the dirt (15,160,1) (/turf/open/gm/dirt)
  call stack:
the unknown (/mob/living/carbon/human): hud set order()
the unknown (/mob/living/carbon/human): prepare huds()
the unknown (/mob/living/carbon/human): New(the dirt (15,160,1) (/turf/open/gm/dirt), null)
the unknown (/mob/living/carbon/human): New(the dirt (15,160,1) (/turf/open/gm/dirt), null)
the unknown (/mob/living/carbon/human): New(the dirt (15,160,1) (/turf/open/gm/dirt), null)
the unknown (/mob/living/carbon/human): New(the dirt (15,160,1) (/turf/open/gm/dirt), null)
Colonist Marko Quin (/obj/effect/landmark/corpsespawner/scientist): createCorpse()
Colonist Marko Quin (/obj/effect/landmark/corpsespawner/scientist): initialize()
Objects (/datum/controller/process/objects): setup()
/datum/controller/processSched... (/datum/controller/processScheduler): addProcess(Objects (/datum/controller/process/objects))
/datum/controller/processSched... (/datum/controller/processScheduler): setup()
world: New()
runtime error: Cannot modify null.icon_state.
proc name: hud set order (/mob/living/carbon/human/proc/hud_set_order)
  source file: mob_hud.dm,557
  usr: (src)
  src: the unknown (/mob/living/carbon/human)
  src.loc: the dirt (20,160,1) (/turf/open/gm/dirt)
  call stack:
the unknown (/mob/living/carbon/human): hud set order()
the unknown (/mob/living/carbon/human): prepare huds()
the unknown (/mob/living/carbon/human): New(the dirt (20,160,1) (/turf/open/gm/dirt), null)
the unknown (/mob/living/carbon/human): New(the dirt (20,160,1) (/turf/open/gm/dirt), null)
the unknown (/mob/living/carbon/human): New(the dirt (20,160,1) (/turf/open/gm/dirt), null)
the unknown (/mob/living/carbon/human): New(the dirt (20,160,1) (/turf/open/gm/dirt), null)
Colonist Jackson Martin (/obj/effect/landmark/corpsespawner/scientist): createCorpse()
Colonist Jackson Martin (/obj/effect/landmark/corpsespawner/scientist): initialize()
Objects (/datum/controller/process/objects): setup()
/datum/controller/processSched... (/datum/controller/processScheduler): addProcess(Objects (/datum/controller/process/objects))
/datum/controller/processSched... (/datum/controller/processScheduler): setup()
world: New()
runtime error: Cannot modify null.icon_state.
proc name: hud set order (/mob/living/carbon/human/proc/hud_set_order)
  source file: mob_hud.dm,557
  usr: (src)
  src: the unknown (/mob/living/carbon/human)
  src.loc: the dirt (15,162,1) (/turf/open/gm/dirt)
  call stack:
the unknown (/mob/living/carbon/human): hud set order()
the unknown (/mob/living/carbon/human): prepare huds()
the unknown (/mob/living/carbon/human): New(the dirt (15,162,1) (/turf/open/gm/dirt), null)
the unknown (/mob/living/carbon/human): New(the dirt (15,162,1) (/turf/open/gm/dirt), null)
the unknown (/mob/living/carbon/human): New(the dirt (15,162,1) (/turf/open/gm/dirt), null)
the unknown (/mob/living/carbon/human): New(the dirt (15,162,1) (/turf/open/gm/dirt), null)
Colonist Terrin Yin (/obj/effect/landmark/corpsespawner/miner): createCorpse()
Colonist Terrin Yin (/obj/effect/landmark/corpsespawner/miner): initialize()
Objects (/datum/controller/process/objects): setup()
/datum/controller/processSched... (/datum/controller/processScheduler): addProcess(Objects (/datum/controller/process/objects))
/datum/controller/processSched... (/datum/controller/processScheduler): setup()
world: New()
runtime error: Cannot modify null.icon_state.
proc name: hud set order (/mob/living/carbon/human/proc/hud_set_order)
  source file: mob_hud.dm,557
runtime error: Cannot modify null.icon_state.
proc name: hud set order (/mob/living/carbon/human/proc/hud_set_order)
  source file: mob_hud.dm,557
runtime error: Cannot modify null.icon_state.
proc name: hud set order (/mob/living/carbon/human/proc/hud_set_order)
  source file: mob_hud.dm,557
runtime error: Cannot modify null.icon_state.
proc name: hud set order (/mob/living/carbon/human/proc/hud_set_order)
  source file: mob_hud.dm,557
runtime error: Cannot modify null.icon_state.
proc name: hud set order (/mob/living/carbon/human/proc/hud_set_order)
  source file: mob_hud.dm,557
runtime error: Cannot modify null.icon_state.
proc name: hud set order (/mob/living/carbon/human/proc/hud_set_order)
  source file: mob_hud.dm,557
runtime error: Cannot modify null.icon_state.
proc name: hud set order (/mob/living/carbon/human/proc/hud_set_order)
  source file: mob_hud.dm,557
runtime error: Cannot modify null.icon_state.
proc name: hud set order (/mob/living/carbon/human/proc/hud_set_order)
  source file: mob_hud.dm,557
runtime error: Cannot modify null.icon_state.
proc name: hud set order (/mob/living/carbon/human/proc/hud_set_order)
  source file: mob_hud.dm,557
runtime error: Cannot modify null.icon_state.
proc name: hud set order (/mob/living/carbon/human/proc/hud_set_order)
  source file: mob_hud.dm,557
runtime error: Cannot modify null.icon_state.
proc name: hud set order (/mob/living/carbon/human/proc/hud_set_order)
  source file: mob_hud.dm,557
runtime error: Cannot modify null.icon_state.
proc name: hud set order (/mob/living/carbon/human/proc/hud_set_order)
  source file: mob_hud.dm,557
runtime error: Cannot modify null.icon_state.
proc name: hud set order (/mob/living/carbon/human/proc/hud_set_order)
  source file: mob_hud.dm,557
runtime error: Cannot modify null.icon_state.
proc name: hud set order (/mob/living/carbon/human/proc/hud_set_order)
  source file: mob_hud.dm,557
runtime error: Cannot modify null.icon_state.
proc name: hud set order (/mob/living/carbon/human/proc/hud_set_order)
  source file: mob_hud.dm,557
runtime error: Cannot modify null.icon_state.
proc name: hud set order (/mob/living/carbon/human/proc/hud_set_order)
  source file: mob_hud.dm,557
runtime error: Cannot modify null.icon_state.
proc name: hud set order (/mob/living/carbon/human/proc/hud_set_order)
  source file: mob_hud.dm,557
runtime error: Cannot modify null.icon_state.
proc name: hud set order (/mob/living/carbon/human/proc/hud_set_order)
  source file: mob_hud.dm,557
runtime error: Cannot modify null.icon_state.
proc name: hud set order (/mob/living/carbon/human/proc/hud_set_order)
  source file: mob_hud.dm,557
runtime error: Cannot read null.x
proc name: New (/datum/shuttle/ferry/hangar/New)
  source file: shuttle_hangar.dm,25
runtime error: Cannot read null.x
proc name: New (/datum/shuttle/ferry/hangar/New)
  source file: shuttle_hangar.dm,25
runtime error: Cannot modify null.icon_state.
proc name: hud set order (/mob/living/carbon/human/proc/hud_set_order)
  source file: mob_hud.dm,557
runtime error: filter argument border not found

proc name: backdrop (/obj/screen/plane_master/game_world/backdrop)
  source file: plane_master.dm,18
runtime error: filter argument border not found

proc name: backdrop (/obj/screen/plane_master/game_world/backdrop)
  source file: plane_master.dm,18
runtime error: Cannot modify null.icon_state.
proc name: hud set order (/mob/living/carbon/human/proc/hud_set_order)
  source file: mob_hud.dm,557
runtime error: filter argument border not found

proc name: backdrop (/obj/screen/plane_master/game_world/backdrop)
  source file: plane_master.dm,18
runtime error: filter argument border not found

proc name: backdrop (/obj/screen/plane_master/game_world/backdrop)
  source file: plane_master.dm,18
runtime error: Cannot read null.prefs
proc name: Login (/mob/dead/observer/Login)
  source file: observer.dm,32
runtime error: Cannot read null.prefs
proc name: Login (/mob/dead/observer/Login)
  source file: observer.dm,32
runtime error: Cannot read null.prefs
proc name: Login (/mob/dead/observer/Login)
  source file: observer.dm,32
runtime error: Cannot read null.prefs
proc name: Login (/mob/dead/observer/Login)
  source file: observer.dm,32
