

Starting up round 09:11:35
---------------------
[09:11:35]MISC: Saved mode is 'Distress Signal'
[09:11:35]ADMIN: Loading jobban_rank
[09:11:35]ADMIN: Loading Banlist
[09:11:36]DEBUG: Error setting up jobs, blank title job: /datum/job/captain.
[09:11:36]DEBUG: Error setting up jobs, blank title job: /datum/job/hop.
[09:11:36]DEBUG: Error setting up jobs, blank title job: /datum/job/assistant.
[09:11:36]DEBUG: Error setting up jobs, blank title job: /datum/job/bartender.
[09:11:36]DEBUG: Error setting up jobs, blank title job: /datum/job/chef.
[09:11:36]DEBUG: Error setting up jobs, blank title job: /datum/job/hydro.
[09:11:36]DEBUG: Error setting up jobs, blank title job: /datum/job/mining.
[09:11:36]DEBUG: Error setting up jobs, blank title job: /datum/job/janitor.
[09:11:36]DEBUG: Error setting up jobs, blank title job: /datum/job/librarian.
[09:11:36]DEBUG: Error setting up jobs, blank title job: /datum/job/lawyer.
[09:11:36]DEBUG: Error setting up jobs, blank title job: /datum/job/chaplain.
[09:11:36]DEBUG: Error setting up jobs, blank title job: /datum/job/qm.
[09:11:36]DEBUG: Error setting up jobs, blank title job: /datum/job/cargo_tech.
[09:11:36]DEBUG: Error setting up jobs, blank title job: /datum/job/chief_engineer.
[09:11:36]DEBUG: Error setting up jobs, blank title job: /datum/job/engineer.
[09:11:36]DEBUG: Error setting up jobs, blank title job: /datum/job/atmos.
[09:11:36]DEBUG: Error setting up jobs, blank title job: /datum/job/cmo.
[09:11:36]DEBUG: Error setting up jobs, blank title job: /datum/job/doctor.
[09:11:36]DEBUG: Error setting up jobs, blank title job: /datum/job/chemist.
[09:11:36]DEBUG: Error setting up jobs, blank title job: /datum/job/geneticist.
[09:11:36]DEBUG: Error setting up jobs, blank title job: /datum/job/psychiatrist.
[09:11:36]DEBUG: Error setting up jobs, blank title job: /datum/job/rd.
[09:11:36]DEBUG: Error setting up jobs, blank title job: /datum/job/scientist.
[09:11:36]DEBUG: Error setting up jobs, blank title job: /datum/job/roboticist.
[09:11:36]DEBUG: Error setting up jobs, blank title job: /datum/job/hos.
[09:11:36]DEBUG: Error setting up jobs, blank title job: /datum/job/warden.
[09:11:36]DEBUG: Error setting up jobs, blank title job: /datum/job/detective.
[09:11:36]DEBUG: Error setting up jobs, blank title job: /datum/job/officer.
[09:11:45]DEBUG: Next event in 26.79 minutes.
