

Starting up round 14:05:16
---------------------
[14:18:48]ATTACK: ZyberCpechnaz/(Marvin Rathens) has hit Danik_10p/(Danil Olympiskii) with [glass shard] (thrown) (NEWHP: 96.8)  (Main Hallway (124, 35, 1))
[14:18:48]ATTACK: Unknown (danik10p) was hit by a the glass shard, thrown by  (zybercpechnaz) (<A HREF='?_src_=holder;adminplayerobservecoodjump=1;X=131;Y=35;Z=1'>JMP</a>)
[14:18:52]ATTACK: ZyberCpechnaz/(Marvin Rathens) has hit Danik_10p/(Danil Olympiskii) with [M11 throwing knife] (thrown) (NEWHP: 68.9)  (Main Hallway (131, 35, 1))
[14:18:52]ATTACK: Unknown (danik10p) was hit by a M11 throwing knife, thrown by  (zybercpechnaz) (<A HREF='?_src_=holder;adminplayerobservecoodjump=1;X=134;Y=35;Z=1'>JMP</a>)
[14:19:21]ATTACK: ZyberCpechnaz/(Marvin Rathens) has hit Danik_10p/(Danil Olympiskii) with [M11 throwing knife] (thrown) (NEWHP: 36.3)  (Main Hallway (116, 40, 1))
[14:19:21]ATTACK: Unknown (danik10p) was hit by a M11 throwing knife, thrown by  (zybercpechnaz) (<A HREF='?_src_=holder;adminplayerobservecoodjump=1;X=120;Y=38;Z=1'>JMP</a>)
[14:19:24]ATTACK: Danik_10p/(Danil Olympiskii) has hit ZyberCpechnaz/(Marvin Rathens) with [M11 throwing knife] (thrown) (NEWHP: 72)  (Main Hallway (125, 38, 1))
[14:19:24]ATTACK:  (zybercpechnaz) was hit by a M11 throwing knife, thrown by Unknown (danik10p) (<A HREF='?_src_=holder;adminplayerobservecoodjump=1;X=121;Y=38;Z=1'>JMP</a>)
[14:19:24]ATTACK: ZyberCpechnaz/(Marvin Rathens) has hit Danik_10p/(Danil Olympiskii) with [M11 throwing knife] (thrown) (NEWHP: 22.5)  (Main Hallway (121, 38, 1))
[14:19:24]ATTACK: Unknown (danik10p) was hit by a M11 throwing knife, thrown by  (zybercpechnaz) (<A HREF='?_src_=holder;adminplayerobservecoodjump=1;X=125;Y=38;Z=1'>JMP</a>)
[14:19:28]ATTACK: ZyberCpechnaz/(Marvin Rathens) has hit Danik_10p/(Danil Olympiskii) with [M11 throwing knife] (thrown) (NEWHP: 6.7)  (Main Hallway (120, 36, 1))
[14:19:28]ATTACK: Unknown (danik10p) was hit by a M11 throwing knife, thrown by  (zybercpechnaz) (<A HREF='?_src_=holder;adminplayerobservecoodjump=1;X=122;Y=40;Z=1'>JMP</a>)
[14:19:31]ATTACK: ZyberCpechnaz/(Marvin Rathens) has hit Danik_10p/(Danil Olympiskii) with [M11 throwing knife] (thrown) (NEWHP: -21.3)  (Main Hallway (121, 39, 1))
[14:19:31]ATTACK: Unknown (danik10p) was hit by a M11 throwing knife, thrown by  (zybercpechnaz) (<A HREF='?_src_=holder;adminplayerobservecoodjump=1;X=122;Y=42;Z=1'>JMP</a>)
[14:19:34]ATTACK: ZyberCpechnaz/(Marvin Rathens) has attacked Danik_10p/(Danil Olympiskii) with [katana] (INTENT: HURT) (DAMTYE: BRUTE) (NEWHP: -21.3)  (Quartermasters (123, 43, 1))
[14:19:34]ATTACK: ZyberCpechnaz/(Marvin Rathens) attacked Danik_10p/(Danil Olympiskii) with katana (INTENT: HURT) (DAMTYE: BRUTE)
[14:19:35]ATTACK: ZyberCpechnaz/(Marvin Rathens) has attacked Danik_10p/(Danil Olympiskii) with [katana] (INTENT: HURT) (DAMTYE: BRUTE) (NEWHP: -90.4)  (Quartermasters (123, 43, 1))
[14:19:35]ATTACK: ZyberCpechnaz/(Marvin Rathens) attacked Danik_10p/(Danil Olympiskii) with katana (INTENT: HURT) (DAMTYE: BRUTE)
[14:19:36]ATTACK: ZyberCpechnaz/(Marvin Rathens) has attacked Danik_10p/(Danil Olympiskii) with [katana] (INTENT: HURT) (DAMTYE: BRUTE) (NEWHP: -119.5)  (Quartermasters (123, 43, 1))
[14:19:36]ATTACK: ZyberCpechnaz/(Marvin Rathens) attacked Danik_10p/(Danil Olympiskii) with katana (INTENT: HURT) (DAMTYE: BRUTE)
[14:19:38]ATTACK: ZyberCpechnaz/(Marvin Rathens) has attacked Danik_10p/(Danil Olympiskii) with [katana] (INTENT: HURT) (DAMTYE: BRUTE) (NEWHP: -169.6)  (Quartermasters (123, 43, 1))
[14:19:38]ATTACK: ZyberCpechnaz/(Marvin Rathens) attacked Danik_10p/(Danil Olympiskii) with katana (INTENT: HURT) (DAMTYE: BRUTE)
[14:19:39]ATTACK: ZyberCpechnaz/(Marvin Rathens) has attacked Danik_10p/(Danil Olympiskii) with [katana] (INTENT: HURT) (DAMTYE: BRUTE) (NEWHP: -219.7)  (Quartermasters (123, 43, 1))
[14:19:39]ATTACK: ZyberCpechnaz/(Marvin Rathens) attacked Danik_10p/(Danil Olympiskii) with katana (INTENT: HURT) (DAMTYE: BRUTE)
[14:19:40]ATTACK: ZyberCpechnaz/(Marvin Rathens) has attacked Danik_10p/(Danil Olympiskii) with [katana] (INTENT: HURT) (DAMTYE: BRUTE) (NEWHP: -229.6)  (Quartermasters (123, 43, 1))
[14:19:40]ATTACK: ZyberCpechnaz/(Marvin Rathens) attacked Danik_10p/(Danil Olympiskii) with katana (INTENT: HURT) (DAMTYE: BRUTE)
[14:19:42]ATTACK: ZyberCpechnaz/(Marvin Rathens) has attempted to remove [M8 pattern armored balaclava] (face) Danik_10p/(Danil Olympiskii) (NEWHP: -279.7)  (Quartermasters (123, 43, 1))
[14:19:51]ATTACK: ZyberCpechnaz/(Marvin Rathens) has attempted to remove [PMC fatigues] (body) Danik_10p/(Danil Olympiskii) (NEWHP: -279.7)  (Quartermasters (123, 43, 1))
[14:22:34]ATTACK:  (engineerconager) primed M40 HIDP incendiary grenade (<A HREF='?_src_=holder;adminplayerobservecoodjump=1;X=121;Y=37;Z=1'>JMP</a>)
[14:22:35]ATTACK: Unknown (zybercpechnaz) primed M40 HEDP grenade (<A HREF='?_src_=holder;adminplayerobservecoodjump=1;X=118;Y=42;Z=1'>JMP</a>)
[14:22:36]ATTACK: EngineerConager/(Dell Conrad) has hit ZyberCpechnaz/(Marvin Rathens) with [M40 HIDP incendiary grenade] (thrown) (NEWHP: 58.4)  (Main Hallway (121, 38, 1))
[14:22:36]ATTACK: Unknown (zybercpechnaz) was hit by a M40 HIDP incendiary grenade, thrown by  (engineerconager) (<A HREF='?_src_=holder;adminplayerobservecoodjump=1;X=118;Y=41;Z=1'>JMP</a>)
[14:22:44]ATTACK: EngineerConager/(Dell Conrad) has attacked ZyberCpechnaz/(Marvin Rathens) with [combat sword] (INTENT: HURT) (DAMTYE: BRUTE) (NEWHP: 2.95)  (Main Hallway (125, 37, 1))
[14:22:44]ATTACK: EngineerConager/(Dell Conrad) attacked ZyberCpechnaz/(Marvin Rathens) with combat sword (INTENT: HURT) (DAMTYE: BRUTE)
[14:22:45]ATTACK: EngineerConager/(Dell Conrad) has attacked ZyberCpechnaz/(Marvin Rathens) with [combat sword] (INTENT: HURT) (DAMTYE: BRUTE) (NEWHP: -36.05)  (Main Hallway (125, 37, 1))
[14:22:45]ATTACK: EngineerConager/(Dell Conrad) attacked ZyberCpechnaz/(Marvin Rathens) with combat sword (INTENT: HURT) (DAMTYE: BRUTE)
[14:22:47]ATTACK: EngineerConager/(Dell Conrad) has attacked ZyberCpechnaz/(Marvin Rathens) with [combat sword] (INTENT: HURT) (DAMTYE: BRUTE) (NEWHP: -75.05)  (Main Hallway (125, 37, 1))
[14:22:47]ATTACK: EngineerConager/(Dell Conrad) attacked ZyberCpechnaz/(Marvin Rathens) with combat sword (INTENT: HURT) (DAMTYE: BRUTE)
[14:22:48]ATTACK: EngineerConager/(Dell Conrad) has attacked ZyberCpechnaz/(Marvin Rathens) with [combat sword] (INTENT: HURT) (DAMTYE: BRUTE) (NEWHP: -118.05)  (Main Hallway (125, 37, 1))
[14:22:48]ATTACK: EngineerConager/(Dell Conrad) attacked ZyberCpechnaz/(Marvin Rathens) with combat sword (INTENT: HURT) (DAMTYE: BRUTE)
[14:22:49]ATTACK: EngineerConager/(Dell Conrad) has attacked ZyberCpechnaz/(Marvin Rathens) with [combat sword] (INTENT: HURT) (DAMTYE: BRUTE) (NEWHP: -157.05)  (Main Hallway (125, 37, 1))
[14:22:49]ATTACK: EngineerConager/(Dell Conrad) attacked ZyberCpechnaz/(Marvin Rathens) with combat sword (INTENT: HURT) (DAMTYE: BRUTE)
[14:23:40]ATTACK: EngineerConager/(Dell Conrad) has attacked Sewa/(Kelvin Focell) with [katana] (INTENT: HURT) (DAMTYE: BRUTE) (NEWHP: 100)  (Main Hallway (120, 41, 1))
[14:23:40]ATTACK: EngineerConager/(Dell Conrad) attacked Sewa/(Kelvin Focell) with katana (INTENT: HURT) (DAMTYE: BRUTE)
[14:23:50]ATTACK: Sewa/(Kelvin Focell) has injected Sewa/(Kelvin Focell) with [Dexalin Plus autoinjector] Reagents: Dexalin Plus (NEWHP: 50)  (Main Hallway (121, 52, 1))
[14:23:50]ATTACK: Kelvin Focell (sewa) injected Kelvin Focell (Sewa) with Dexalin Plus autoinjector. Reagents: Dexalin Plus (INTENT: HURT) (<A HREF='?_src_=holder;adminplayerobservecoodjump=1;X=121;Y=52;Z=1'>JMP</a>)
[14:23:54]ATTACK: Sewa/(Kelvin Focell) has injected Sewa/(Kelvin Focell) with [Oxycodone (EXTREME PAINKILLER) autoinjector] Reagents: Oxycodone (NEWHP: 50)  (Main Hallway (121, 53, 1))
[14:23:54]ATTACK: Kelvin Focell (sewa) injected Kelvin Focell (Sewa) with Oxycodone (EXTREME PAINKILLER) autoinjector. Reagents: Oxycodone (INTENT: HURT) (<A HREF='?_src_=holder;adminplayerobservecoodjump=1;X=121;Y=53;Z=1'>JMP</a>)
[14:23:59]ATTACK: EngineerConager/(Dell Conrad) has attacked Sewa/(Kelvin Focell) with [katana] (INTENT: HURT) (DAMTYE: BRUTE) (NEWHP: 50)  (Main Hallway (122, 51, 1))
[14:23:59]ATTACK: EngineerConager/(Dell Conrad) attacked Sewa/(Kelvin Focell) with katana (INTENT: HURT) (DAMTYE: BRUTE)
[14:24:01]ATTACK: EngineerConager/(Dell Conrad) has attacked Sewa/(Kelvin Focell) with [katana] (INTENT: HURT) (DAMTYE: BRUTE) (NEWHP: 25)  (Main Hallway (122, 51, 1))
[14:24:01]ATTACK: EngineerConager/(Dell Conrad) attacked Sewa/(Kelvin Focell) with katana (INTENT: HURT) (DAMTYE: BRUTE)
[14:24:02]ATTACK: EngineerConager/(Dell Conrad) has attacked Sewa/(Kelvin Focell) with [katana] (INTENT: HURT) (DAMTYE: BRUTE) (NEWHP: -25)  (Main Hallway (122, 51, 1))
[14:24:02]ATTACK: EngineerConager/(Dell Conrad) attacked Sewa/(Kelvin Focell) with katana (INTENT: HURT) (DAMTYE: BRUTE)
[14:24:03]ATTACK: EngineerConager/(Dell Conrad) has attacked Sewa/(Kelvin Focell) with [katana] (INTENT: HURT) (DAMTYE: BRUTE) (NEWHP: -94.1)  (Main Hallway (122, 51, 1))
[14:24:03]ATTACK: EngineerConager/(Dell Conrad) attacked Sewa/(Kelvin Focell) with katana (INTENT: HURT) (DAMTYE: BRUTE)
[14:24:05]ATTACK: EngineerConager/(Dell Conrad) has attacked Sewa/(Kelvin Focell) with [combat sword] (INTENT: HURT) (DAMTYE: BRUTE) (NEWHP: -144.1)  (Main Hallway (122, 51, 1))
[14:24:05]ATTACK: EngineerConager/(Dell Conrad) attacked Sewa/(Kelvin Focell) with combat sword (INTENT: HURT) (DAMTYE: BRUTE)
[14:24:46]ATTACK: EngineerConager/(Dell Conrad) has attacked Sewa/(Kelvin Focell) with [fire axe (Wielded)] (INTENT: HURT) (DAMTYE: BRUTE) (NEWHP: -148.2)  (Main Hallway (121, 51, 1))
[14:24:46]ATTACK: EngineerConager/(Dell Conrad) attacked Sewa/(Kelvin Focell) with fire axe (Wielded) (INTENT: HURT) (DAMTYE: BRUTE)
[14:24:47]ATTACK: EngineerConager/(Dell Conrad) has attacked Sewa/(Kelvin Focell) with [fire axe (Wielded)] (INTENT: HURT) (DAMTYE: BRUTE) (NEWHP: -193.2)  (Main Hallway (121, 51, 1))
[14:24:47]ATTACK: EngineerConager/(Dell Conrad) attacked Sewa/(Kelvin Focell) with fire axe (Wielded) (INTENT: HURT) (DAMTYE: BRUTE)
[14:24:48]ATTACK: EngineerConager/(Dell Conrad) has attacked Sewa/(Kelvin Focell) with [fire axe (Wielded)] (INTENT: HURT) (DAMTYE: BRUTE) (NEWHP: -238.3)  (Main Hallway (121, 51, 1))
[14:24:48]ATTACK: EngineerConager/(Dell Conrad) attacked Sewa/(Kelvin Focell) with fire axe (Wielded) (INTENT: HURT) (DAMTYE: BRUTE)
[14:24:50]ATTACK: EngineerConager/(Dell Conrad) has attacked Sewa/(Kelvin Focell) with [fire axe (Wielded)] (INTENT: HURT) (DAMTYE: BRUTE) (NEWHP: -263.2)  (Main Hallway (121, 51, 1))
[14:24:50]ATTACK: EngineerConager/(Dell Conrad) attacked Sewa/(Kelvin Focell) with fire axe (Wielded) (INTENT: HURT) (DAMTYE: BRUTE)
[14:24:51]ATTACK: EngineerConager/(Dell Conrad) has attacked Sewa/(Kelvin Focell) with [fire axe (Wielded)] (INTENT: HURT) (DAMTYE: BRUTE) (NEWHP: -308.3)  (Main Hallway (121, 51, 1))
[14:24:51]ATTACK: EngineerConager/(Dell Conrad) attacked Sewa/(Kelvin Focell) with fire axe (Wielded) (INTENT: HURT) (DAMTYE: BRUTE)
[14:24:52]ATTACK: EngineerConager/(Dell Conrad) has attacked Sewa/(Kelvin Focell) with [fire axe (Wielded)] (INTENT: HURT) (DAMTYE: BRUTE) (NEWHP: -353.4)  (Main Hallway (121, 51, 1))
[14:24:52]ATTACK: EngineerConager/(Dell Conrad) attacked Sewa/(Kelvin Focell) with fire axe (Wielded) (INTENT: HURT) (DAMTYE: BRUTE)
[14:24:53]ATTACK: EngineerConager/(Dell Conrad) has attacked Sewa/(Kelvin Focell) with [fire axe (Wielded)] (INTENT: HURT) (DAMTYE: BRUTE) (NEWHP: -353.4)  (Main Hallway (121, 51, 1))
[14:24:53]ATTACK: EngineerConager/(Dell Conrad) attacked Sewa/(Kelvin Focell) with fire axe (Wielded) (INTENT: HURT) (DAMTYE: BRUTE)
[14:24:54]ATTACK: EngineerConager/(Dell Conrad) has attacked Sewa/(Kelvin Focell) with [fire axe (Wielded)] (INTENT: HURT) (DAMTYE: BRUTE) (NEWHP: -398.5)  (Main Hallway (121, 51, 1))
[14:24:54]ATTACK: EngineerConager/(Dell Conrad) attacked Sewa/(Kelvin Focell) with fire axe (Wielded) (INTENT: HURT) (DAMTYE: BRUTE)
[14:25:22]ATTACK: EngineerConager/(Dell Conrad) has attempted to remove [PMC fatigues] (body) *no key*/(Marvin Rathens) (NEWHP: -196.05)  (Main Hallway (123, 36, 1))
[14:25:29]ATTACK: EngineerConager/(Dell Conrad) has grabbed *no key*/(Marvin Rathens) (NEWHP: -196.05)  (Main Hallway (123, 36, 1))
[14:25:29]ATTACK: EngineerConager/(Dell Conrad) схватил *no key*/(Marvin Rathens)
[14:25:32]ATTACK: EngineerConager/(Dell Conrad) has attacked *no key*/(Marvin Rathens) with [katana] (INTENT: GRAB) (DAMTYE: BRUTE) (NEWHP: -196.05)  (Main Hallway (122, 33, 1))
[14:25:32]ATTACK: EngineerConager/(Dell Conrad) attacked *no key*/(Marvin Rathens) with katana (INTENT: GRAB) (DAMTYE: BRUTE)
[14:25:33]ATTACK: EngineerConager/(Dell Conrad) has attacked *no key*/(Marvin Rathens) with [katana] (INTENT: GRAB) (DAMTYE: BRUTE) (NEWHP: -209.55)  (Main Hallway (122, 31, 1))
[14:25:33]ATTACK: EngineerConager/(Dell Conrad) attacked *no key*/(Marvin Rathens) with katana (INTENT: GRAB) (DAMTYE: BRUTE)
[14:25:34]ATTACK: EngineerConager/(Dell Conrad) has attacked *no key*/(Marvin Rathens) with [katana] (INTENT: GRAB) (DAMTYE: BRUTE) (NEWHP: -234.55)  (Main Hallway (122, 28, 1))
[14:25:34]ATTACK: EngineerConager/(Dell Conrad) attacked *no key*/(Marvin Rathens) with katana (INTENT: GRAB) (DAMTYE: BRUTE)
