[14:21:17]HREF: 14:21 NIKIGO (usr:NIKIGO) || NIKIGO src=[0x3000069];lobby_choice=ready
[14:21:17]HREF: 14:21 NIKIGO (usr:NIKIGO) || NIKIGO src=[0x3000069];lobby_choice=ready
[14:21:18]HREF: 14:21 Artyuom (usr:Artyuom) || Artyuom src=[0x300006c];lobby_choice=show_preferences
[14:21:59]HREF: 14:21 Artyuom (usr:Artyuom) || Artyuom src=[0x300006c];lobby_choice=show_preferences
[14:22:08]HREF: 14:22 Artyuom (usr:Artyuom) || Artyuom src=[0x300006c];lobby_choice=ready
[14:22:17]HREF: 14:22 NIKIGO (usr:NIKIGO) || NIKIGO src=[0x300006e];lobby_choice=show_preferences
[14:22:18]HREF: 14:22 NIKIGO (usr:NIKIGO) || NIKIGO src=[0x300006e];lobby_choice=show_preferences
[14:22:18]HREF: 14:22 NIKIGO (usr:NIKIGO) || NIKIGO src=[0x300006e];lobby_choice=show_preferences
[14:22:49]HREF: 14:22 Artyuom (usr:Artyuom) || Artyuom src=[0x3000070];lobby_choice=ready
[14:23:16]HREF: 14:23 BlackCrystalic (usr:) || /datum/controller/vote src=[0x21000002];vote=custom
[14:23:33]HREF: 14:23 EngineerConager (usr:EngineerConager) || EngineerConager src=[0x3000074];lobby_choice=late_join
[14:23:38]HREF: 14:23 NIKIGO (usr:NIKIGO) || NIKIGO src=[0x3000073];lobby_choice=observe
[14:23:39]HREF: 14:23 NIKIGO (usr:NIKIGO) || NIKIGO src=[0x3000073];lobby_choice=observe
[14:23:39]HREF: 14:23 NIKIGO (usr:NIKIGO) || NIKIGO src=[0x3000073];lobby_choice=observe
[14:23:40]HREF: 14:23 NIKIGO (usr:NIKIGO) || NIKIGO src=[0x3000073];lobby_choice=observe
[14:23:43]HREF: 14:23 EngineerConager (usr:EngineerConager) || EngineerConager src=[0x3000075];lobby_choice=observe
[14:23:44]HREF: 14:23 EngineerConager (usr:EngineerConager) || EngineerConager src=[0x3000075];lobby_choice=observe
[14:23:44]HREF: 14:23 EngineerConager (usr:EngineerConager) || EngineerConager src=[0x3000075];lobby_choice=observe
[14:23:48]HREF: 14:23 EngineerConager (usr:EngineerConager) || EngineerConager src=[0x3000075];lobby_choice=observe
[14:23:49]HREF: 14:23 EngineerConager (usr:EngineerConager) || EngineerConager src=[0x3000075];lobby_choice=observe
[14:24:04]HREF: 14:24 BlackCrystalic (usr:) || /datum/controller/vote src=[0x21000002];vote=close
[14:24:10]HREF: 14:24 EngineerConager (usr:EngineerConager) || EngineerConager src=[0x3000075];lobby_choice=observe
[14:24:10]HREF: 14:24 EngineerConager (usr:EngineerConager) || EngineerConager src=[0x3000075];lobby_choice=observe
[14:24:10]HREF: 14:24 EngineerConager (usr:EngineerConager) || EngineerConager src=[0x3000075];lobby_choice=observe
[14:24:26]HREF: 14:24 EngineerConager (usr:Dell Conrad) || EngineerConager src=[0x3000075];lobby_choice=observe
[14:24:26]HREF: 14:24 EngineerConager (usr:Dell Conrad) || EngineerConager src=[0x3000075];lobby_choice=observe
