

Starting up round 16:13:31
---------------------
[16:25:36]ATTACK: Chaburek/(Young Drone (171)) has spat on [Strange Temple] with corrosive acid (Eastern Caves (145, 134, 1))
[16:25:36]ATTACK: Young Drone (171) (chaburek) spat acid on Strange Temple.
[16:26:09]ATTACK: Sewa/(Kelvin Focell) has attacked *no key*/(monkey (413)) with [butcher's cleaver] (INTENT: HURT) (DAMTYE: BRUTE) (NEWHP: 100)  (Central W-Y Compound (60, 45, 1))
[16:26:09]ATTACK: Sewa/(Kelvin Focell) attacked *no key*/(monkey (413)) with butcher's cleaver (INTENT: HURT) (DAMTYE: BRUTE)
[16:26:10]ATTACK: Sewa/(Kelvin Focell) has attacked *no key*/(monkey (413)) with [butcher's cleaver] (INTENT: HURT) (DAMTYE: BRUTE) (NEWHP: 90)  (Central W-Y Compound (60, 45, 1))
[16:26:10]ATTACK: Sewa/(Kelvin Focell) attacked *no key*/(monkey (413)) with butcher's cleaver (INTENT: HURT) (DAMTYE: BRUTE)
[16:26:11]ATTACK: Sewa/(Kelvin Focell) has attacked *no key*/(monkey (413)) with [butcher's cleaver] (INTENT: HURT) (DAMTYE: BRUTE) (NEWHP: 80)  (Central W-Y Compound (60, 45, 1))
[16:26:11]ATTACK: Sewa/(Kelvin Focell) attacked *no key*/(monkey (413)) with butcher's cleaver (INTENT: HURT) (DAMTYE: BRUTE)
[16:26:12]ATTACK: Sewa/(Kelvin Focell) has attacked *no key*/(monkey (413)) with [butcher's cleaver] (INTENT: HURT) (DAMTYE: BRUTE) (NEWHP: 70)  (Central W-Y Compound (60, 45, 1))
[16:26:12]ATTACK: Sewa/(Kelvin Focell) attacked *no key*/(monkey (413)) with butcher's cleaver (INTENT: HURT) (DAMTYE: BRUTE)
[16:26:15]ATTACK: Sewa/(Kelvin Focell) has attacked *no key*/(monkey (413)) with [butcher's cleaver] (INTENT: HURT) (DAMTYE: BRUTE) (NEWHP: 60)  (Central W-Y Compound (60, 45, 1))
[16:26:15]ATTACK: Sewa/(Kelvin Focell) attacked *no key*/(monkey (413)) with butcher's cleaver (INTENT: HURT) (DAMTYE: BRUTE)
[16:26:16]ATTACK: Sewa/(Kelvin Focell) has attacked *no key*/(monkey (413)) with [butcher's cleaver] (INTENT: HURT) (DAMTYE: BRUTE) (NEWHP: 50)  (Central W-Y Compound (61, 45, 1))
[16:26:16]ATTACK: Sewa/(Kelvin Focell) attacked *no key*/(monkey (413)) with butcher's cleaver (INTENT: HURT) (DAMTYE: BRUTE)
[16:26:18]ATTACK: Sewa/(Kelvin Focell) has attacked *no key*/(monkey (413)) with [butcher's cleaver] (INTENT: HURT) (DAMTYE: BRUTE) (NEWHP: 40)  (Central W-Y Compound (61, 45, 1))
[16:26:18]ATTACK: Sewa/(Kelvin Focell) attacked *no key*/(monkey (413)) with butcher's cleaver (INTENT: HURT) (DAMTYE: BRUTE)
[16:26:19]ATTACK: Sewa/(Kelvin Focell) has attacked *no key*/(monkey (413)) with [butcher's cleaver] (INTENT: HURT) (DAMTYE: BRUTE) (NEWHP: 30)  (Central W-Y Compound (61, 45, 1))
[16:26:19]ATTACK: Sewa/(Kelvin Focell) attacked *no key*/(monkey (413)) with butcher's cleaver (INTENT: HURT) (DAMTYE: BRUTE)
[16:26:21]ATTACK: Sewa/(Kelvin Focell) has attacked *no key*/(monkey (413)) with [butcher's cleaver] (INTENT: HURT) (DAMTYE: BRUTE) (NEWHP: 20)  (Central W-Y Compound (61, 45, 1))
[16:26:21]ATTACK: Sewa/(Kelvin Focell) attacked *no key*/(monkey (413)) with butcher's cleaver (INTENT: HURT) (DAMTYE: BRUTE)
[16:26:22]ATTACK: Sewa/(Kelvin Focell) has attacked *no key*/(monkey (413)) with [butcher's cleaver] (INTENT: HURT) (DAMTYE: BRUTE) (NEWHP: 10)  (Central W-Y Compound (61, 45, 1))
[16:26:22]ATTACK: Sewa/(Kelvin Focell) attacked *no key*/(monkey (413)) with butcher's cleaver (INTENT: HURT) (DAMTYE: BRUTE)
[16:26:23]ATTACK: Sewa/(Kelvin Focell) has attacked *no key*/(monkey (413)) with [butcher's cleaver] (INTENT: HURT) (DAMTYE: BRUTE) (NEWHP: 0)  (Central W-Y Compound (61, 45, 1))
[16:26:23]ATTACK: Sewa/(Kelvin Focell) attacked *no key*/(monkey (413)) with butcher's cleaver (INTENT: HURT) (DAMTYE: BRUTE)
[16:30:11]ATTACK: M580-M APC took 0 blunt damage from Dell Conrad (engineerconager).
[16:40:19]ATTACK: Sewa/(Kelvin Focell) has attacked *no key*/(stok (265)) with [butcher's cleaver] (INTENT: HURT) (DAMTYE: BRUTE) (NEWHP: 100)  (Southeast W-Y Compound (103, 14, 1))
[16:40:19]ATTACK: Sewa/(Kelvin Focell) attacked *no key*/(stok (265)) with butcher's cleaver (INTENT: HURT) (DAMTYE: BRUTE)
[16:40:20]ATTACK: Sewa/(Kelvin Focell) has attacked *no key*/(stok (265)) with [butcher's cleaver] (INTENT: HURT) (DAMTYE: BRUTE) (NEWHP: 90)  (Southeast W-Y Compound (103, 14, 1))
[16:40:20]ATTACK: Sewa/(Kelvin Focell) attacked *no key*/(stok (265)) with butcher's cleaver (INTENT: HURT) (DAMTYE: BRUTE)
[16:40:21]ATTACK: Sewa/(Kelvin Focell) has attacked *no key*/(stok (265)) with [butcher's cleaver] (INTENT: HURT) (DAMTYE: BRUTE) (NEWHP: 80)  (Southeast W-Y Compound (103, 14, 1))
[16:40:21]ATTACK: Sewa/(Kelvin Focell) attacked *no key*/(stok (265)) with butcher's cleaver (INTENT: HURT) (DAMTYE: BRUTE)
[16:40:23]ATTACK: Sewa/(Kelvin Focell) has attacked *no key*/(stok (265)) with [butcher's cleaver] (INTENT: HURT) (DAMTYE: BRUTE) (NEWHP: 70)  (Southeast W-Y Compound (103, 14, 1))
[16:40:23]ATTACK: Sewa/(Kelvin Focell) attacked *no key*/(stok (265)) with butcher's cleaver (INTENT: HURT) (DAMTYE: BRUTE)
[16:40:24]ATTACK: Sewa/(Kelvin Focell) has attacked *no key*/(stok (265)) with [butcher's cleaver] (INTENT: HURT) (DAMTYE: BRUTE) (NEWHP: 60)  (Southeast W-Y Compound (103, 14, 1))
[16:40:24]ATTACK: Sewa/(Kelvin Focell) attacked *no key*/(stok (265)) with butcher's cleaver (INTENT: HURT) (DAMTYE: BRUTE)
[16:40:28]ATTACK: Sewa/(Kelvin Focell) has attacked *no key*/(stok (265)) with [butcher's cleaver] (INTENT: HURT) (DAMTYE: BRUTE) (NEWHP: 50)  (Southeast W-Y Compound (103, 15, 1))
[16:40:28]ATTACK: Sewa/(Kelvin Focell) attacked *no key*/(stok (265)) with butcher's cleaver (INTENT: HURT) (DAMTYE: BRUTE)
[16:40:29]ATTACK: Sewa/(Kelvin Focell) has attacked *no key*/(stok (265)) with [butcher's cleaver] (INTENT: HURT) (DAMTYE: BRUTE) (NEWHP: 40)  (Southeast W-Y Compound (103, 16, 1))
[16:40:29]ATTACK: Sewa/(Kelvin Focell) attacked *no key*/(stok (265)) with butcher's cleaver (INTENT: HURT) (DAMTYE: BRUTE)
[16:40:30]ATTACK: Sewa/(Kelvin Focell) has attacked *no key*/(stok (265)) with [butcher's cleaver] (INTENT: HURT) (DAMTYE: BRUTE) (NEWHP: 30)  (Southeast W-Y Compound (103, 16, 1))
[16:40:30]ATTACK: Sewa/(Kelvin Focell) attacked *no key*/(stok (265)) with butcher's cleaver (INTENT: HURT) (DAMTYE: BRUTE)
[16:40:31]ATTACK: Sewa/(Kelvin Focell) has attacked *no key*/(stok (265)) with [butcher's cleaver] (INTENT: HURT) (DAMTYE: BRUTE) (NEWHP: 20)  (Southeast W-Y Compound (103, 16, 1))
[16:40:31]ATTACK: Sewa/(Kelvin Focell) attacked *no key*/(stok (265)) with butcher's cleaver (INTENT: HURT) (DAMTYE: BRUTE)
[16:40:32]ATTACK: Sewa/(Kelvin Focell) has attacked *no key*/(stok (265)) with [butcher's cleaver] (INTENT: HURT) (DAMTYE: BRUTE) (NEWHP: 10)  (Southeast W-Y Compound (103, 16, 1))
[16:40:32]ATTACK: Sewa/(Kelvin Focell) attacked *no key*/(stok (265)) with butcher's cleaver (INTENT: HURT) (DAMTYE: BRUTE)
[16:40:34]ATTACK: Sewa/(Kelvin Focell) has attacked *no key*/(stok (265)) with [butcher's cleaver] (INTENT: HURT) (DAMTYE: BRUTE) (NEWHP: 0)  (Southeast W-Y Compound (103, 16, 1))
[16:40:34]ATTACK: Sewa/(Kelvin Focell) attacked *no key*/(stok (265)) with butcher's cleaver (INTENT: HURT) (DAMTYE: BRUTE)
[16:40:35]ATTACK: Sewa/(Kelvin Focell) has attacked *no key*/(stok (265)) with [butcher's cleaver] (INTENT: HURT) (DAMTYE: BRUTE) (NEWHP: -10)  (Southeast W-Y Compound (103, 16, 1))
[16:40:35]ATTACK: Sewa/(Kelvin Focell) attacked *no key*/(stok (265)) with butcher's cleaver (INTENT: HURT) (DAMTYE: BRUTE)
[16:40:36]ATTACK: Sewa/(Kelvin Focell) has attacked *no key*/(stok (265)) with [butcher's cleaver] (INTENT: HURT) (DAMTYE: BRUTE) (NEWHP: -20)  (Southeast W-Y Compound (103, 16, 1))
[16:40:36]ATTACK: Sewa/(Kelvin Focell) attacked *no key*/(stok (265)) with butcher's cleaver (INTENT: HURT) (DAMTYE: BRUTE)
[16:40:51]ATTACK: Sewa/(Kelvin Focell) has attacked *no key*/(stok (265)) with [butcher's cleaver] (INTENT: HURT) (DAMTYE: BRUTE) (NEWHP: -62)  (Southeast W-Y Compound (104, 16, 1))
[16:40:51]ATTACK: Sewa/(Kelvin Focell) attacked *no key*/(stok (265)) with butcher's cleaver (INTENT: HURT) (DAMTYE: BRUTE)
[16:40:53]ATTACK: Sewa/(Kelvin Focell) has attacked *no key*/(stok (265)) with [butcher's cleaver] (INTENT: HURT) (DAMTYE: BRUTE) (NEWHP: -72)  (Southeast W-Y Compound (104, 16, 1))
[16:40:53]ATTACK: Sewa/(Kelvin Focell) attacked *no key*/(stok (265)) with butcher's cleaver (INTENT: HURT) (DAMTYE: BRUTE)
[16:40:54]ATTACK: Sewa/(Kelvin Focell) has attacked *no key*/(stok (265)) with [butcher's cleaver] (INTENT: HURT) (DAMTYE: BRUTE) (NEWHP: -90)  (Southeast W-Y Compound (104, 16, 1))
[16:40:54]ATTACK: Sewa/(Kelvin Focell) attacked *no key*/(stok (265)) with butcher's cleaver (INTENT: HURT) (DAMTYE: BRUTE)
[16:40:55]ATTACK: Sewa/(Kelvin Focell) has attacked *no key*/(stok (265)) with [butcher's cleaver] (INTENT: HURT) (DAMTYE: BRUTE) (NEWHP: -100)  (Southeast W-Y Compound (104, 16, 1))
[16:40:55]ATTACK: Sewa/(Kelvin Focell) attacked *no key*/(stok (265)) with butcher's cleaver (INTENT: HURT) (DAMTYE: BRUTE)
[16:40:56]ATTACK: Sewa/(Kelvin Focell) has attacked *no key*/(stok (265)) with [butcher's cleaver] (INTENT: HURT) (DAMTYE: BRUTE) (NEWHP: -110)  (Southeast W-Y Compound (104, 16, 1))
[16:40:56]ATTACK: Sewa/(Kelvin Focell) attacked *no key*/(stok (265)) with butcher's cleaver (INTENT: HURT) (DAMTYE: BRUTE)
[16:41:04]ATTACK: Johnny Vietnam (artyuom) primed M07 training grenade (<A HREF='?_src_=holder;adminplayerobservecoodjump=1;X=211;Y=167;Z=3'>JMP</a>)
[16:41:06]ATTACK: Artyuom/(Johnny Vietnam) has hit EngineerConager/(Dell Conrad) with [M07 training grenade] (thrown) (NEWHP: 100)  (Hallway Starboard (209, 164, 3))
[16:41:06]ATTACK: Dell Conrad (engineerconager) was hit by a M07 training grenade, thrown by Johnny Vietnam (artyuom) (<A HREF='?_src_=holder;adminplayerobservecoodjump=1;X=203;Y=164;Z=3'>JMP</a>)
[16:41:23]ATTACK: Johnny Vietnam (artyuom) primed M07 training grenade (<A HREF='?_src_=holder;adminplayerobservecoodjump=1;X=175;Y=163;Z=3'>JMP</a>)
[16:41:25]ATTACK: Artyuom/(Johnny Vietnam) has hit EngineerConager/(Dell Conrad) with [M07 training grenade] (thrown) (NEWHP: 99.7)  (Hallway Starboard (182, 163, 3))
[16:41:25]ATTACK: Dell Conrad (engineerconager) was hit by a M07 training grenade, thrown by Johnny Vietnam (artyuom) (<A HREF='?_src_=holder;adminplayerobservecoodjump=1;X=187;Y=164;Z=3'>JMP</a>)
[16:41:34]ATTACK: Sewa/(Kelvin Focell) has electrified [Nexus Dome Canteen] (Main Hallway (122, 29, 1))
[16:41:57]ATTACK: EngineerConager/(Dell Conrad) has shot ZyberCpechnaz/(Javier Ahmed) with [armor-piercing pistol bullet] (NEWHP: 100)  (Hallway Port (215, 140, 3))
[16:41:57]ATTACK: Dell Conrad (engineerconager) shot Javier Ahmed (zybercpechnaz) with an armor-piercing pistol bullet in Hallway Port (<A HREF='?_src_=holder;adminplayerobservecoodjump=1;X=215;Y=140;Z=3'>JMP</a>) (<a href='?priv_msg=[0x5000006]'>PM</a>)
[16:42:25]ATTACK: Artyuom/(Johnny Vietnam) has fed EngineerConager/(Dell Conrad) with [pill] Reagents: bicaridine(15u) (NEWHP: -3.55)  (Hallway Port (211, 140, 3))
[16:42:25]ATTACK: Johnny Vietnam (artyuom) fed Dell Conrad (engineerconager) with pill Reagents: bicaridine(15u) (INTENT: HELP) (<A HREF='?_src_=holder;adminplayerobservecoodjump=1;X=211;Y=140;Z=3'>JMP</a>)
[16:42:29]ATTACK: Artyuom/(Johnny Vietnam) has fed EngineerConager/(Dell Conrad) with [pill] Reagents: quickclot(10u) (NEWHP: 100)  (Hallway Port (211, 140, 3))
[16:42:29]ATTACK: Johnny Vietnam (artyuom) fed Dell Conrad (engineerconager) with pill Reagents: quickclot(10u) (INTENT: HELP) (<A HREF='?_src_=holder;adminplayerobservecoodjump=1;X=211;Y=140;Z=3'>JMP</a>)
[16:43:05]ATTACK: Sewa/(Kelvin Focell) has electrified [Nexus Dome Armory] (Security (106, 28, 1))
[16:43:09]ATTACK: EngineerConager/(Dell Conrad) has shot Artyuom/(Johnny Vietnam) with [shotgun slug] (NEWHP: 100)  (Hallway Port (196, 140, 3))
[16:43:09]ATTACK: Dell Conrad (engineerconager) shot Johnny Vietnam (artyuom) with a shotgun slug in Hallway Port (<A HREF='?_src_=holder;adminplayerobservecoodjump=1;X=196;Y=140;Z=3'>JMP</a>) (<a href='?priv_msg=[0x5000006]'>PM</a>)
[16:43:14]ATTACK: Artyuom/(Johnny Vietnam) has shot EngineerConager/(Dell Conrad) with [additional flechette] (NEWHP: 100)  (Hallway Port (188, 139, 3))
[16:43:14]ATTACK: Johnny Vietnam (artyuom) shot Dell Conrad (engineerconager) with an additional flechette in Hallway Port (<A HREF='?_src_=holder;adminplayerobservecoodjump=1;X=188;Y=139;Z=3'>JMP</a>) (<a href='?priv_msg=[0x5000003]'>PM</a>)
[16:43:14]ATTACK: EngineerConager/(Dell Conrad) has shot Artyuom/(Johnny Vietnam) with [shotgun slug] (NEWHP: 34)  (Hallway Port (193, 141, 3))
[16:43:14]ATTACK: Dell Conrad (engineerconager) shot Johnny Vietnam (artyuom) with a shotgun slug in Hallway Port (<A HREF='?_src_=holder;adminplayerobservecoodjump=1;X=193;Y=141;Z=3'>JMP</a>) (<a href='?priv_msg=[0x5000006]'>PM</a>)
[16:43:25]ATTACK: Artyuom/(Johnny Vietnam) has shot EngineerConager/(Dell Conrad) with [additional flechette] (NEWHP: 76.9)  (Hallway Port (187, 140, 3))
[16:43:25]ATTACK: Johnny Vietnam (artyuom) shot Dell Conrad (engineerconager) with an additional flechette in Hallway Port (<A HREF='?_src_=holder;adminplayerobservecoodjump=1;X=187;Y=140;Z=3'>JMP</a>) (<a href='?priv_msg=[0x5000003]'>PM</a>)
[16:43:26]ATTACK: Artyuom/(Johnny Vietnam) has shot EngineerConager/(Dell Conrad) with [incendiary slug] (NEWHP: 48.1)  (Hallway Port (188, 140, 3))
[16:43:26]ATTACK: Johnny Vietnam (artyuom) shot Dell Conrad (engineerconager) with an incendiary slug in Hallway Port (<A HREF='?_src_=holder;adminplayerobservecoodjump=1;X=188;Y=140;Z=3'>JMP</a>) (<a href='?priv_msg=[0x5000003]'>PM</a>)
[16:43:26]ATTACK: Artyuom/(Johnny Vietnam) has shot EngineerConager/(Dell Conrad) with [shotgun flechette shell] (NEWHP: 31.1)  (Hallway Port (189, 140, 3))
[16:43:26]ATTACK: Johnny Vietnam (artyuom) shot Dell Conrad (engineerconager) with a shotgun flechette shell in Hallway Port (<A HREF='?_src_=holder;adminplayerobservecoodjump=1;X=189;Y=140;Z=3'>JMP</a>) (<a href='?priv_msg=[0x5000003]'>PM</a>)
[16:43:27]ATTACK: Artyuom/(Johnny Vietnam) has shot EngineerConager/(Dell Conrad) with [incendiary slug] (NEWHP: -26.9)  (Hallway Port (190, 140, 3))
[16:43:27]ATTACK: Johnny Vietnam (artyuom) shot Dell Conrad (engineerconager) with an incendiary slug in Hallway Port (<A HREF='?_src_=holder;adminplayerobservecoodjump=1;X=190;Y=140;Z=3'>JMP</a>) (<a href='?priv_msg=[0x5000003]'>PM</a>)
[16:50:52]ATTACK: Sewa/(Kelvin Focell) has attacked Sewa/(Kelvin Focell) with [flashbang] (INTENT: HELP) (DAMTYE: BRUTE) (NEWHP: 100)  (Security (110, 30, 1))
[16:50:52]ATTACK: Sewa/(Kelvin Focell) attacked Sewa/(Kelvin Focell) with flashbang (INTENT: HELP) (DAMTYE: BRUTE)
[16:51:02]ATTACK: Sewa/(Kelvin Focell) has attacked Sewa/(Kelvin Focell) with [flashbang] (INTENT: HELP) (DAMTYE: BRUTE) (NEWHP: 100)  (Security (110, 29, 1))
[16:51:02]ATTACK: Sewa/(Kelvin Focell) attacked Sewa/(Kelvin Focell) with flashbang (INTENT: HELP) (DAMTYE: BRUTE)
[16:51:06]ATTACK: Sewa/(Kelvin Focell) has attacked Sewa/(Kelvin Focell) with [flashbang] (INTENT: HELP) (DAMTYE: BRUTE) (NEWHP: 100)  (Security (110, 29, 1))
[16:51:06]ATTACK: Sewa/(Kelvin Focell) attacked Sewa/(Kelvin Focell) with flashbang (INTENT: HELP) (DAMTYE: BRUTE)
[16:52:42]ATTACK: Chaburek/(Queen) has shot *no key*/(stok (252)) with [acid spatter] (NEWHP: 100)  (South Eastern Barrens (149, 106, 1))
[16:52:42]ATTACK: Queen (chaburek) shot the stok (252) () with an acid spatter in South Eastern Barrens (<A HREF='?_src_=holder;adminplayerobservecoodjump=1;X=149;Y=106;Z=1'>JMP</a>)
[16:52:45]ATTACK: Chaburek/(Queen) has shot *no key*/(stok (252)) with [acid spatter] (NEWHP: 73.9)  (South Eastern Barrens (150, 102, 1))
[16:52:45]ATTACK: Queen (chaburek) shot the stok (252) () with an acid spatter in South Eastern Barrens (<A HREF='?_src_=holder;adminplayerobservecoodjump=1;X=150;Y=102;Z=1'>JMP</a>)
[16:52:46]ATTACK: Chaburek/(Queen) has grabbed *no key*/(stok (252)) (NEWHP: 43.7)  (South Eastern Barrens (150, 102, 1))
[16:52:46]ATTACK: Chaburek/(Queen) схватил *no key*/(stok (252))
[16:53:24]ATTACK: Chaburek/(Queen) has shot *no key*/(stok (252)) with [acid spatter] (NEWHP: 65.7)  (North Eastern Barrens (125, 137, 1))
[16:53:24]ATTACK: Queen (chaburek) shot the stok (252) () with an acid spatter in North Eastern Barrens (<A HREF='?_src_=holder;adminplayerobservecoodjump=1;X=125;Y=137;Z=1'>JMP</a>)
[16:53:37]ATTACK: Chaburek/(Queen) has grabbed *no key*/(stok (252)) (NEWHP: 49.3)  (North Eastern Barrens (126, 137, 1))
[16:53:37]ATTACK: Chaburek/(Queen) схватил *no key*/(stok (252))
[16:53:55]ATTACK: Chaburek/(Queen) has grabbed *no key*/(stok (252)) (NEWHP: 49.3)  (North Eastern Barrens (125, 138, 1))
[16:53:55]ATTACK: Chaburek/(Queen) схватил *no key*/(stok (252))
[16:55:08]ATTACK: M580-M APC took 20 blunt damage from the Nexus Dome.
[16:55:08]ATTACK: M580-M APC took 10 blunt damage from the window frame.
[16:55:08]ATTACK: M580-M APC took 20 blunt damage from the Nexus Dome.
[16:55:23]ATTACK: M580-M APC took 15 blunt damage from the wall.
[16:55:23]ATTACK: M580-M APC took 15 blunt damage from the wall.
[16:55:23]ATTACK: M580-M APC took 15 blunt damage from the wall.
[16:55:23]ATTACK: M580-M APC took 15 blunt damage from the wall.
[16:55:23]ATTACK: M580-M APC took 15 blunt damage from the wall.
[16:55:23]ATTACK: M580-M APC took 15 blunt damage from the wall.
[16:55:23]ATTACK: M580-M APC took 15 blunt damage from the wall.
[16:55:23]ATTACK: M580-M APC took 15 blunt damage from the wall.
[16:55:32]ATTACK: M580-M APC took 20 blunt damage from the Nexus Dome.
[16:55:32]ATTACK: M580-M APC took 10 blunt damage from the window frame.
[16:55:32]ATTACK: M580-M APC took 20 blunt damage from the Nexus Dome.
[16:55:47]ATTACK: M580-M APC took 10 blunt damage from the window frame.
[16:55:47]ATTACK: M580-M APC took 20 blunt damage from the Leisure Dome.
[16:55:47]ATTACK: M580-M APC took 10 blunt damage from the window frame.
[16:55:50]ATTACK: M580-M APC took 10 blunt damage from the window frame.
[16:55:50]ATTACK: M580-M APC took 20 blunt damage from the Leisure Dome.
[16:55:50]ATTACK: M580-M APC took 10 blunt damage from the window frame.
[16:55:55]ATTACK: M580-M APC took 10 blunt damage from the window frame.
[16:55:55]ATTACK: M580-M APC took 20 blunt damage from the Hydroponics Dome.
[16:55:55]ATTACK: M580-M APC took 10 blunt damage from the window frame.
[16:55:59]ATTACK: M580-M APC took 10 blunt damage from the window frame.
[16:55:59]ATTACK: M580-M APC took 20 blunt damage from the Hydroponics Dome.
[16:55:59]ATTACK: M580-M APC took 10 blunt damage from the window frame.
[16:57:15]ATTACK: M580-M APC took 15 blunt damage from the wall.
[16:57:15]ATTACK: M580-M APC took 15 blunt damage from the wall.
[16:57:15]ATTACK: M580-M APC took 15 blunt damage from the wall.
[16:57:15]ATTACK: M580-M APC took 15 blunt damage from the wall.
[16:57:15]ATTACK: M580-M APC took 15 blunt damage from the wall.
[16:57:15]ATTACK: M580-M APC took 15 blunt damage from the wall.
[16:57:15]ATTACK: M580-M APC took 15 blunt damage from the wall.
[16:57:15]ATTACK: M580-M APC took 15 blunt damage from the wall.
[16:57:16]ATTACK: M580-M APC took 15 blunt damage from the wall.
[16:57:16]ATTACK: M580-M APC took 15 blunt damage from the wall.
[16:57:16]ATTACK: M580-M APC took 15 blunt damage from the wall.
[16:57:16]ATTACK: M580-M APC took 15 blunt damage from the wall.
[16:57:16]ATTACK: M580-M APC took 15 blunt damage from the wall.
[16:57:16]ATTACK: M580-M APC took 15 blunt damage from the wall.
[16:57:16]ATTACK: M580-M APC took 15 blunt damage from the wall.
[16:57:16]ATTACK: M580-M APC took 15 blunt damage from the wall.
[16:57:16]ATTACK: M580-M APC took 15 blunt damage from the wall.
[16:57:16]ATTACK: M580-M APC took 15 blunt damage from the wall.
[16:57:16]ATTACK: M580-M APC took 15 blunt damage from the wall.
[16:57:16]ATTACK: M580-M APC took 15 blunt damage from the wall.
[16:57:16]ATTACK: M580-M APC took 15 blunt damage from the wall.
[16:57:16]ATTACK: M580-M APC took 15 blunt damage from the wall.
[16:57:16]ATTACK: M580-M APC took 15 blunt damage from the wall.
[16:57:16]ATTACK: M580-M APC took 15 blunt damage from the wall.
[16:57:16]ATTACK: M580-M APC took 15 blunt damage from the wall.
[16:57:16]ATTACK: M580-M APC took 15 blunt damage from the wall.
[16:57:16]ATTACK: M580-M APC took 15 blunt damage from the wall.
[16:57:16]ATTACK: M580-M APC took 15 blunt damage from the wall.
[16:57:16]ATTACK: M580-M APC took 15 blunt damage from the wall.
[16:57:16]ATTACK: M580-M APC took 15 blunt damage from the wall.
[16:57:16]ATTACK: M580-M APC took 15 blunt damage from the wall.
[16:57:16]ATTACK: M580-M APC took 15 blunt damage from the wall.
[16:57:47]ATTACK: M580-M APC took 15 blunt damage from the wall.
[16:57:47]ATTACK: M580-M APC took 15 blunt damage from the wall.
[16:57:47]ATTACK: M580-M APC took 15 blunt damage from the wall.
[16:57:47]ATTACK: M580-M APC took 15 blunt damage from the wall.
[16:57:47]ATTACK: M580-M APC took 15 blunt damage from the wall.
[16:57:47]ATTACK: M580-M APC took 15 blunt damage from the wall.
[16:57:47]ATTACK: M580-M APC took 15 blunt damage from the wall.
[16:57:47]ATTACK: M580-M APC took 15 blunt damage from the wall.
[16:57:47]ATTACK: M580-M APC took 15 blunt damage from the wall.
[16:57:47]ATTACK: M580-M APC took 15 blunt damage from the wall.
[16:57:47]ATTACK: M580-M APC took 15 blunt damage from the wall.
[16:57:47]ATTACK: M580-M APC took 15 blunt damage from the wall.
[16:57:47]ATTACK: M580-M APC took 15 blunt damage from the wall.
[16:57:47]ATTACK: M580-M APC took 15 blunt damage from the wall.
[16:57:47]ATTACK: M580-M APC took 15 blunt damage from the wall.
[16:57:47]ATTACK: M580-M APC took 15 blunt damage from the wall.
[16:57:47]ATTACK: M580-M APC took 15 blunt damage from the wall.
[16:57:47]ATTACK: M580-M APC took 15 blunt damage from the wall.
[16:57:47]ATTACK: M580-M APC took 15 blunt damage from the wall.
[16:57:47]ATTACK: M580-M APC took 15 blunt damage from the wall.
[16:57:47]ATTACK: M580-M APC took 15 blunt damage from the wall.
[16:57:47]ATTACK: M580-M APC took 15 blunt damage from the wall.
[16:57:47]ATTACK: M580-M APC took 15 blunt damage from the wall.
[16:57:47]ATTACK: M580-M APC took 15 blunt damage from the wall.
[16:59:15]ATTACK: M580-M APC took 15 blunt damage from the wall.
[16:59:15]ATTACK: M580-M APC took 15 blunt damage from the wall.
[16:59:15]ATTACK: M580-M APC took 15 blunt damage from the wall.
[16:59:15]ATTACK: M580-M APC took 15 blunt damage from the wall.
[16:59:15]ATTACK: M580-M APC took 15 blunt damage from the wall.
[16:59:15]ATTACK: M580-M APC took 15 blunt damage from the wall.
[16:59:15]ATTACK: M580-M APC took 15 blunt damage from the wall.
[16:59:16]ATTACK: M580-M APC took 15 blunt damage from the wall.
[16:59:16]ATTACK: M580-M APC took 15 blunt damage from the wall.
[16:59:16]ATTACK: M580-M APC took 15 blunt damage from the wall.
[16:59:20]ATTACK: M580-M APC took 15 blunt damage from the wall.
[16:59:20]ATTACK: M580-M APC took 15 blunt damage from the wall.
[16:59:20]ATTACK: M580-M APC took 15 blunt damage from the wall.
[16:59:20]ATTACK: M580-M APC took 15 blunt damage from the wall.
[16:59:20]ATTACK: M580-M APC took 15 blunt damage from the wall.
[16:59:20]ATTACK: M580-M APC took 15 blunt damage from the wall.
[16:59:20]ATTACK: M580-M APC took 15 blunt damage from the wall.
[16:59:20]ATTACK: M580-M APC took 15 blunt damage from the wall.
[16:59:20]ATTACK: M580-M APC took 15 blunt damage from the wall.
[16:59:20]ATTACK: M580-M APC took 15 blunt damage from the wall.
[16:59:20]ATTACK: M580-M APC took 15 blunt damage from the wall.
[16:59:20]ATTACK: M580-M APC took 15 blunt damage from the wall.
[16:59:20]ATTACK: M580-M APC took 15 blunt damage from the wall.
[16:59:20]ATTACK: M580-M APC took 15 blunt damage from the wall.
[16:59:20]ATTACK: M580-M APC took 15 blunt damage from the wall.
[16:59:20]ATTACK: M580-M APC took 15 blunt damage from the wall.
[16:59:20]ATTACK: M580-M APC took 15 blunt damage from the wall.
[16:59:20]ATTACK: M580-M APC took 15 blunt damage from the wall.
[16:59:20]ATTACK: M580-M APC took 15 blunt damage from the wall.
[16:59:20]ATTACK: M580-M APC took 15 blunt damage from the wall.
[16:59:20]ATTACK: M580-M APC took 15 blunt damage from the wall.
[16:59:20]ATTACK: M580-M APC took 15 blunt damage from the wall.
[16:59:20]ATTACK: M580-M APC took 15 blunt damage from the wall.
[16:59:20]ATTACK: M580-M APC took 15 blunt damage from the wall.
[17:01:31]ATTACK: M580-M APC took 15 blunt damage from the wall.
[17:01:31]ATTACK: M580-M APC took 15 blunt damage from the wall.
[17:01:31]ATTACK: M580-M APC took 15 blunt damage from the wall.
[17:01:31]ATTACK: M580-M APC took 15 blunt damage from the wall.
[17:01:31]ATTACK: M580-M APC took 15 blunt damage from the wall.
[17:01:31]ATTACK: M580-M APC took 15 blunt damage from the wall.
[17:01:31]ATTACK: M580-M APC took 15 blunt damage from the wall.
[17:01:31]ATTACK: M580-M APC took 15 blunt damage from the wall.
[17:01:31]ATTACK: M580-M APC took 15 blunt damage from the wall.
[17:01:31]ATTACK: M580-M APC took 15 blunt damage from the wall.
[17:01:31]ATTACK: M580-M APC took 15 blunt damage from the wall.
[17:01:31]ATTACK: M580-M APC took 15 blunt damage from the wall.
[17:01:31]ATTACK: M580-M APC took 15 blunt damage from the wall.
[17:01:31]ATTACK: M580-M APC took 15 blunt damage from the wall.
[17:01:31]ATTACK: M580-M APC took 15 blunt damage from the wall.
[17:01:31]ATTACK: M580-M APC took 15 blunt damage from the wall.
[17:01:32]ATTACK: M580-M APC took 15 blunt damage from the wall.
[17:01:32]ATTACK: M580-M APC took 15 blunt damage from the wall.
[17:01:32]ATTACK: M580-M APC took 15 blunt damage from the wall.
[17:01:32]ATTACK: M580-M APC took 15 blunt damage from the wall.
[17:01:32]ATTACK: M580-M APC took 15 blunt damage from the wall.
[17:01:32]ATTACK: M580-M APC took 15 blunt damage from the wall.
[17:01:32]ATTACK: M580-M APC took 15 blunt damage from the wall.
[17:01:32]ATTACK: M580-M APC took 15 blunt damage from the wall.
[17:01:32]ATTACK: M580-M APC took 15 blunt damage from the wall.
[17:01:32]ATTACK: M580-M APC took 15 blunt damage from the wall.
[17:01:32]ATTACK: M580-M APC took 15 blunt damage from the wall.
[17:01:32]ATTACK: M580-M APC took 15 blunt damage from the wall.
[17:01:32]ATTACK: M580-M APC took 15 blunt damage from the wall.
[17:01:32]ATTACK: M580-M APC took 15 blunt damage from the wall.
[17:01:33]ATTACK: M580-M APC took 15 blunt damage from the wall.
[17:01:33]ATTACK: M580-M APC took 15 blunt damage from the wall.
[17:01:33]ATTACK: M580-M APC took 15 blunt damage from the wall.
[17:01:33]ATTACK: M580-M APC took 15 blunt damage from the wall.
[17:01:33]ATTACK: M580-M APC took 15 blunt damage from the wall.
[17:01:33]ATTACK: M580-M APC took 15 blunt damage from the wall.
[17:03:14]ATTACK: Chaburek/(Elder Queen) has spat on [flare] with corrosive acid (South Central Barrens (107, 107, 1))
[17:03:14]ATTACK: Elder Queen (chaburek) spat acid on the flare.
[17:03:29]ATTACK: EngineerConager/(Dell Conrad) has grabbed Sewa/(Kelvin Focell) (NEWHP: 100)  (Main Hallway (123, 35, 1))
[17:03:29]ATTACK: EngineerConager/(Dell Conrad) схватил Sewa/(Kelvin Focell)
[17:03:35]ATTACK: EngineerConager/(Dell Conrad) has grabbed Sewa/(Kelvin Focell) (NEWHP: 100)  (APC_1 Interior (18, 67, 4))
[17:03:35]ATTACK: EngineerConager/(Dell Conrad) схватил Sewa/(Kelvin Focell)
[17:03:36]ATTACK: Chaburek/(Elder Queen) has spat on [flare] with corrosive acid (South Central Barrens (97, 105, 1))
[17:03:36]ATTACK: Elder Queen (chaburek) spat acid on the flare.
[17:03:51]ATTACK: Artyuom/(Johnny Vietnam) has grabbed Sewa/(Kelvin Focell) (NEWHP: 100)  (APC_1 Interior (17, 69, 4))
[17:03:51]ATTACK: Artyuom/(Johnny Vietnam) схватил Sewa/(Kelvin Focell)
[17:03:53]ATTACK: Chaburek/(Elder Queen) has spat on [flare] with corrosive acid (Central Barrens (103, 118, 1))
[17:03:53]ATTACK: Elder Queen (chaburek) spat acid on the flare.
[17:05:57]ATTACK: EngineerConager/(Dell Conrad) has grabbed Benjeman/(Jakob Beach) (NEWHP: 100)  (Main Hallway (117, 34, 1))
[17:05:57]ATTACK: EngineerConager/(Dell Conrad) схватил Benjeman/(Jakob Beach)
[17:06:12]ATTACK: EngineerConager/(Dell Conrad) has grabbed Benjeman/(Jakob Beach) (NEWHP: 100)  (APC_1 Interior (18, 67, 4))
[17:06:12]ATTACK: EngineerConager/(Dell Conrad) схватил Benjeman/(Jakob Beach)
[17:07:55]ATTACK: Chaburek/(Elder Queen) has spat on [flare] with corrosive acid (Central Barrens (98, 118, 1))
[17:07:55]ATTACK: Elder Queen (chaburek) spat acid on the flare.
[17:07:59]ATTACK: Chaburek/(Elder Queen) has spat on [flare] with corrosive acid (Central Barrens (97, 116, 1))
[17:07:59]ATTACK: Elder Queen (chaburek) spat acid on the flare.
[17:08:07]ATTACK: Chaburek/(Elder Queen) has spat on [flare] with corrosive acid (Central Barrens (94, 122, 1))
[17:08:07]ATTACK: Elder Queen (chaburek) spat acid on the flare.
[17:08:42]ATTACK: Chaburek/(Elder Queen) has spat on [flare] with corrosive acid (North Central Barrens (81, 128, 1))
[17:08:42]ATTACK: Elder Queen (chaburek) spat acid on the flare.
[17:08:43]ATTACK: Chaburek/(Elder Queen) has spat on [flare] with corrosive acid (North Central Barrens (81, 128, 1))
[17:08:43]ATTACK: Elder Queen (chaburek) spat acid on the flare.
[17:08:50]ATTACK: Chaburek/(Elder Queen) has spat on [flare] with corrosive acid (North Central Barrens (73, 126, 1))
[17:08:50]ATTACK: Elder Queen (chaburek) spat acid on the flare.
[17:08:58]ATTACK: Chaburek/(Elder Queen) has spat on [flare] with corrosive acid (Central Barrens (73, 119, 1))
[17:08:58]ATTACK: Elder Queen (chaburek) spat acid on the flare.
[17:08:58]ATTACK: Chaburek/(Elder Queen) has spat on [flare] with corrosive acid (Central Barrens (73, 119, 1))
[17:08:58]ATTACK: Elder Queen (chaburek) spat acid on the flare.
[17:09:08]ATTACK: Chaburek/(Elder Queen) has spat on [flare] with corrosive acid (Central Barrens (66, 120, 1))
[17:09:08]ATTACK: Elder Queen (chaburek) spat acid on the flare.
[17:09:38]ATTACK: Chaburek/(Elder Queen) has spat on [flare] with corrosive acid (North Western Barrens (63, 111, 1))
[17:09:38]ATTACK: Elder Queen (chaburek) spat acid on the flare.
[17:09:44]ATTACK: Chaburek/(Elder Queen) has spat on [flare] with corrosive acid (Central Barrens (70, 113, 1))
[17:09:44]ATTACK: Elder Queen (chaburek) spat acid on the flare.
[17:10:07]ATTACK: Chaburek/(Elder Queen) has spat on [flare] with corrosive acid (North Western Barrens (53, 112, 1))
[17:10:07]ATTACK: Elder Queen (chaburek) spat acid on the flare.
[17:10:08]ATTACK: Chaburek/(Elder Queen) has spat on [flare] with corrosive acid (North Western Barrens (53, 112, 1))
[17:10:08]ATTACK: Elder Queen (chaburek) spat acid on the flare.
[17:10:37]ATTACK: Chaburek/(Elder Queen) has spat on [flare] with corrosive acid (Western Caves (49, 110, 1))
[17:10:37]ATTACK: Elder Queen (chaburek) spat acid on the flare.
[17:10:51]ATTACK: Chaburek/(Elder Queen) has spat on [flare] with corrosive acid (Western Caves (46, 110, 1))
[17:10:51]ATTACK: Elder Queen (chaburek) spat acid on the flare.
[17:11:46]ATTACK: Chaburek/(Elder Queen) has spat on [flare] with corrosive acid (Central Barrens (84, 121, 1))
[17:11:46]ATTACK: Elder Queen (chaburek) spat acid on the flare.
[17:13:47]ATTACK: Artyuom/(Johnny Vietnam) has grabbed Sewa/(Kelvin Focell) (NEWHP: 100)  (APC_1 Interior (13, 69, 4))
[17:13:47]ATTACK: Artyuom/(Johnny Vietnam) схватил Sewa/(Kelvin Focell)
[17:13:50]ATTACK: Chaburek/(Elder Queen) has spat on [flare] with corrosive acid (Central River (101, 92, 1))
[17:13:50]ATTACK: Elder Queen (chaburek) spat acid on the flare.
[17:13:55]ATTACK: Artyuom/(Johnny Vietnam) has grabbed Sewa/(Kelvin Focell) (NEWHP: 100)  (Vehicle Storage (47, 158, 3))
[17:13:55]ATTACK: Artyuom/(Johnny Vietnam) схватил Sewa/(Kelvin Focell)
[17:13:59]ATTACK: ZyberCpechnaz/(Javier Ahmed) has grabbed Sewa/(Kelvin Focell) (NEWHP: 100)  (Vehicle Storage (47, 157, 3))
[17:13:59]ATTACK: ZyberCpechnaz/(Javier Ahmed) схватил Sewa/(Kelvin Focell)
[17:14:06]ATTACK: ZyberCpechnaz/(Javier Ahmed) has disarmed Artyuom/(Johnny Vietnam) (NEWHP: 100)  (Vehicle Storage (46, 154, 3))
[17:14:06]ATTACK: ZyberCpechnaz/(Javier Ahmed) disarmed Johnny Vietnam (artyuom)
[17:14:18]ATTACK: ZyberCpechnaz/(Javier Ahmed) has disarmed Artyuom/(Johnny Vietnam) (NEWHP: 100)  (Vehicle Storage (45, 152, 3))
[17:14:18]ATTACK: ZyberCpechnaz/(Javier Ahmed) disarmed Johnny Vietnam (artyuom)
[17:14:20]ATTACK: ZyberCpechnaz/(Javier Ahmed) has disarmed Artyuom/(Johnny Vietnam) (NEWHP: 100)  (Vehicle Storage (47, 155, 3))
[17:14:20]ATTACK: ZyberCpechnaz/(Javier Ahmed) disarmed Johnny Vietnam (artyuom)
[17:14:21]ATTACK: ZyberCpechnaz/(Javier Ahmed) has disarmed Artyuom/(Johnny Vietnam) (NEWHP: 100)  (Vehicle Storage (45, 156, 3))
[17:14:21]ATTACK: ZyberCpechnaz/(Javier Ahmed) disarmed Johnny Vietnam (artyuom)
[17:14:23]ATTACK: ZyberCpechnaz/(Javier Ahmed) has grabbed Sewa/(Kelvin Focell) (NEWHP: 100)  (Vehicle Storage (45, 154, 3))
[17:14:23]ATTACK: ZyberCpechnaz/(Javier Ahmed) схватил Sewa/(Kelvin Focell)
[17:14:34]ATTACK: ZyberCpechnaz/(Javier Ahmed) has grabbed Sewa/(Kelvin Focell) (NEWHP: 100)  (Vehicle Storage (43, 146, 3))
[17:14:34]ATTACK: ZyberCpechnaz/(Javier Ahmed) схватил Sewa/(Kelvin Focell)
[17:14:44]ATTACK: Artyuom/(Johnny Vietnam) has grabbed Benjeman/(Jakob Beach) (NEWHP: 100)  (APC_1 Interior (14, 69, 4))
[17:14:44]ATTACK: Artyuom/(Johnny Vietnam) схватил Benjeman/(Jakob Beach)
[17:15:01]ATTACK: Artyuom/(Johnny Vietnam) has grabbed Benjeman/(Jakob Beach) (NEWHP: 100)  (Vehicle Storage (47, 158, 3))
[17:15:01]ATTACK: Artyuom/(Johnny Vietnam) схватил Benjeman/(Jakob Beach)
[17:15:04]ATTACK: ZyberCpechnaz/(Javier Ahmed) has disarmed Artyuom/(Johnny Vietnam) (NEWHP: 100)  (Vehicle Storage (48, 156, 3))
[17:15:04]ATTACK: ZyberCpechnaz/(Javier Ahmed) disarmed Johnny Vietnam (artyuom)
[17:15:06]ATTACK: ZyberCpechnaz/(Javier Ahmed) has grabbed Benjeman/(Jakob Beach) (NEWHP: 100)  (Vehicle Storage (47, 155, 3))
[17:15:06]ATTACK: ZyberCpechnaz/(Javier Ahmed) схватил Benjeman/(Jakob Beach)
[17:15:11]ATTACK: Artyuom/(Johnny Vietnam) has grabbed ZyberCpechnaz/(Javier Ahmed) (NEWHP: 100)  (Vehicle Storage (46, 147, 3))
[17:15:11]ATTACK: Artyuom/(Johnny Vietnam) схватил ZyberCpechnaz/(Javier Ahmed)
[17:15:16]ATTACK: ZyberCpechnaz/(Javier Ahmed) has disarmed Artyuom/(Johnny Vietnam) (NEWHP: 100)  (Vehicle Storage (48, 148, 3))
[17:15:16]ATTACK: ZyberCpechnaz/(Javier Ahmed) disarmed Johnny Vietnam (artyuom)
[17:15:21]ATTACK: ZyberCpechnaz/(Javier Ahmed) has disarmed Artyuom/(Johnny Vietnam) (NEWHP: 100)  (Vehicle Storage (46, 145, 3))
[17:15:21]ATTACK: ZyberCpechnaz/(Javier Ahmed) disarmed Johnny Vietnam (artyuom)
[17:15:22]ATTACK: Artyuom/(Johnny Vietnam) has disarmed ZyberCpechnaz/(Javier Ahmed) (NEWHP: 100)  (Vehicle Storage (45, 148, 3))
[17:15:22]ATTACK: Artyuom/(Johnny Vietnam) disarmed Javier Ahmed (zybercpechnaz)
[17:15:25]ATTACK: ZyberCpechnaz/(Javier Ahmed) has grabbed Benjeman/(Jakob Beach) (NEWHP: 100)  (Vehicle Storage (47, 147, 3))
[17:15:25]ATTACK: ZyberCpechnaz/(Javier Ahmed) схватил Benjeman/(Jakob Beach)
[17:15:26]ATTACK: Artyuom/(Johnny Vietnam) has disarmed Benjeman/(Jakob Beach) (NEWHP: 100)  (Vehicle Storage (46, 148, 3))
[17:15:26]ATTACK: Artyuom/(Johnny Vietnam) disarmed Jakob Beach (benjeman)
[17:15:28]ATTACK: Artyuom/(Johnny Vietnam) has disarmed ZyberCpechnaz/(Javier Ahmed) (NEWHP: 100)  (Vehicle Storage (46, 147, 3))
[17:15:28]ATTACK: Artyuom/(Johnny Vietnam) disarmed Javier Ahmed (zybercpechnaz)
[17:15:30]ATTACK: Artyuom/(Johnny Vietnam) has disarmed ZyberCpechnaz/(Javier Ahmed) (NEWHP: 100)  (Vehicle Storage (46, 147, 3))
[17:15:30]ATTACK: Artyuom/(Johnny Vietnam) disarmed Javier Ahmed (zybercpechnaz)
[17:15:30]ATTACK: ZyberCpechnaz/(Javier Ahmed) has disarmed Artyuom/(Johnny Vietnam) (NEWHP: 100)  (Vehicle Storage (47, 146, 3))
[17:15:30]ATTACK: ZyberCpechnaz/(Javier Ahmed) disarmed Johnny Vietnam (artyuom)
[17:15:32]ATTACK: ZyberCpechnaz/(Javier Ahmed) has disarmed Artyuom/(Johnny Vietnam) (NEWHP: 100)  (Vehicle Storage (47, 147, 3))
[17:15:32]ATTACK: ZyberCpechnaz/(Javier Ahmed) disarmed Johnny Vietnam (artyuom)
[17:15:32]ATTACK: Artyuom/(Johnny Vietnam) has disarmed ZyberCpechnaz/(Javier Ahmed) (NEWHP: 100)  (Vehicle Storage (46, 148, 3))
[17:15:32]ATTACK: Artyuom/(Johnny Vietnam) disarmed Javier Ahmed (zybercpechnaz)
[17:15:34]ATTACK: Artyuom/(Johnny Vietnam) has disarmed ZyberCpechnaz/(Javier Ahmed) (NEWHP: 100)  (Vehicle Storage (46, 148, 3))
[17:15:34]ATTACK: Artyuom/(Johnny Vietnam) disarmed Javier Ahmed (zybercpechnaz)
[17:15:39]ATTACK: ZyberCpechnaz/(Javier Ahmed) has grabbed Benjeman/(Jakob Beach) (NEWHP: 100)  (Vehicle Storage (47, 148, 3))
[17:15:39]ATTACK: ZyberCpechnaz/(Javier Ahmed) схватил Benjeman/(Jakob Beach)
[17:15:41]ATTACK: Artyuom/(Johnny Vietnam) has disarmed ZyberCpechnaz/(Javier Ahmed) (NEWHP: 100)  (Vehicle Storage (49, 148, 3))
[17:15:41]ATTACK: Artyuom/(Johnny Vietnam) disarmed Javier Ahmed (zybercpechnaz)
[17:15:47]ATTACK: ZyberCpechnaz/(Javier Ahmed) has disarmed Artyuom/(Johnny Vietnam) (NEWHP: 100)  (Vehicle Storage (48, 149, 3))
[17:15:47]ATTACK: ZyberCpechnaz/(Javier Ahmed) disarmed Johnny Vietnam (artyuom)
[17:15:49]ATTACK: ZyberCpechnaz/(Javier Ahmed) has punched Artyuom/(Johnny Vietnam) (NEWHP: 100)  (Vehicle Storage (48, 148, 3))
[17:15:49]ATTACK: ZyberCpechnaz/(Javier Ahmed) punched Artyuom/(Johnny Vietnam)
[17:15:52]ATTACK: ZyberCpechnaz/(Javier Ahmed) has disarmed Artyuom/(Johnny Vietnam) (NEWHP: 100)  (Vehicle Storage (48, 147, 3))
[17:15:52]ATTACK: ZyberCpechnaz/(Javier Ahmed) disarmed Johnny Vietnam (artyuom)
[17:15:55]ATTACK: ZyberCpechnaz/(Javier Ahmed) has disarmed Artyuom/(Johnny Vietnam) (NEWHP: 100)  (Vehicle Storage (48, 148, 3))
[17:15:55]ATTACK: ZyberCpechnaz/(Javier Ahmed) disarmed Johnny Vietnam (artyuom)
[17:15:56]ATTACK: Artyuom/(Johnny Vietnam) has disarmed ZyberCpechnaz/(Javier Ahmed) (NEWHP: 100)  (Vehicle Storage (47, 147, 3))
[17:15:56]ATTACK: Artyuom/(Johnny Vietnam) disarmed Javier Ahmed (zybercpechnaz)
[17:16:02]ATTACK: ZyberCpechnaz/(Javier Ahmed) has shot Artyuom/(Johnny Vietnam) with [light explosive submachinegun bullet] (NEWHP: 100)  (Vehicle Storage (48, 148, 3))
[17:16:02]ATTACK: Javier Ahmed (zybercpechnaz) shot Johnny Vietnam (artyuom) with a light explosive submachinegun bullet in Vehicle Storage (<A HREF='?_src_=holder;adminplayerobservecoodjump=1;X=48;Y=148;Z=3'>JMP</a>) (<a href='?priv_msg=[0x5000000]'>PM</a>)
[17:16:12]ATTACK: ZyberCpechnaz/(Javier Ahmed) has grabbed Benjeman/(Jakob Beach) (NEWHP: 100)  (Vehicle Storage (48, 149, 3))
[17:16:12]ATTACK: ZyberCpechnaz/(Javier Ahmed) схватил Benjeman/(Jakob Beach)
[17:16:18]ATTACK: ZyberCpechnaz/(Javier Ahmed) has grabbed Benjeman/(Jakob Beach) (NEWHP: 100)  (Vehicle Storage (51, 144, 3))
[17:16:18]ATTACK: ZyberCpechnaz/(Javier Ahmed) схватил Benjeman/(Jakob Beach)
[17:16:33]ATTACK: M46 "Stingray" Tank took 40.125 bullet damage from Johnny Vietnam (artyuom).
[17:16:33]ATTACK: M46 "Stingray" Tank took 39.375 bullet damage from Johnny Vietnam (artyuom).
[17:16:33]ATTACK: M46 "Stingray" Tank took 65 bullet damage from Johnny Vietnam (artyuom).
[17:17:17]ATTACK: ZyberCpechnaz/(Javier Ahmed) has grabbed Artyuom/(Johnny Vietnam) (NEWHP: -250.075)  (Vehicle Storage (49, 147, 3))
[17:17:17]ATTACK: ZyberCpechnaz/(Javier Ahmed) схватил Artyuom/(Johnny Vietnam)
[17:17:29]ATTACK: Artyuom/(Johnny Vietnam) has grabbed Benjeman/(Jakob Beach) (NEWHP: 100)  (Vehicle Storage (51, 145, 3))
[17:17:29]ATTACK: Artyuom/(Johnny Vietnam) схватил Benjeman/(Jakob Beach)
[17:17:32]ATTACK: ZyberCpechnaz/(Javier Ahmed) has grabbed Benjeman/(Jakob Beach) (NEWHP: 100)  (Vehicle Storage (51, 145, 3))
[17:17:32]ATTACK: ZyberCpechnaz/(Javier Ahmed) схватил Benjeman/(Jakob Beach)
[17:17:40]ATTACK: Artyuom/(Johnny Vietnam) has grabbed Benjeman/(Jakob Beach) (NEWHP: 100)  (Vehicle Storage (52, 143, 3))
[17:17:40]ATTACK: Artyuom/(Johnny Vietnam) схватил Benjeman/(Jakob Beach)
[17:17:41]ATTACK: ZyberCpechnaz/(Javier Ahmed) has grabbed Benjeman/(Jakob Beach) (NEWHP: 100)  (Vehicle Storage (51, 143, 3))
[17:17:41]ATTACK: ZyberCpechnaz/(Javier Ahmed) схватил Benjeman/(Jakob Beach)
[17:17:48]ATTACK: ZyberCpechnaz/(Javier Ahmed) has disarmed Artyuom/(Johnny Vietnam) (NEWHP: 100)  (Vehicle Storage (44, 146, 3))
[17:17:48]ATTACK: ZyberCpechnaz/(Javier Ahmed) disarmed Johnny Vietnam (artyuom)
[17:17:51]ATTACK: ZyberCpechnaz/(Javier Ahmed) has disarmed Artyuom/(Johnny Vietnam) (NEWHP: 100)  (Vehicle Storage (44, 145, 3))
[17:17:51]ATTACK: ZyberCpechnaz/(Javier Ahmed) disarmed Johnny Vietnam (artyuom)
[17:17:51]ATTACK: Artyuom/(Johnny Vietnam) has grabbed Sewa/(Kelvin Focell) (NEWHP: 100)  (Vehicle Storage (44, 146, 3))
[17:17:51]ATTACK: Artyuom/(Johnny Vietnam) схватил Sewa/(Kelvin Focell)
[17:17:54]ATTACK: ZyberCpechnaz/(Javier Ahmed) has disarmed Sewa/(Kelvin Focell) (NEWHP: 100)  (Vehicle Storage (47, 146, 3))
[17:17:54]ATTACK: ZyberCpechnaz/(Javier Ahmed) disarmed Kelvin Focell (sewa)
[17:17:56]ATTACK: ZyberCpechnaz/(Javier Ahmed) has disarmed Artyuom/(Johnny Vietnam) (NEWHP: 100)  (Vehicle Storage (50, 146, 3))
[17:17:56]ATTACK: ZyberCpechnaz/(Javier Ahmed) disarmed Johnny Vietnam (artyuom)
[17:17:59]ATTACK: ZyberCpechnaz/(Javier Ahmed) has grabbed Sewa/(Kelvin Focell) (NEWHP: 100)  (Vehicle Storage (49, 146, 3))
[17:17:59]ATTACK: ZyberCpechnaz/(Javier Ahmed) схватил Sewa/(Kelvin Focell)
[17:18:04]ATTACK: Artyuom/(Johnny Vietnam) has grabbed Alot/(Sarah 'Phantom' Black) (NEWHP: 100)  (Vehicle Storage (46, 146, 3))
[17:18:04]ATTACK: Artyuom/(Johnny Vietnam) схватил Alot/(Sarah 'Phantom' Black)
[17:18:10]ATTACK: Artyuom/(Johnny Vietnam) has grabbed Benjeman/(Jakob Beach) (NEWHP: 100)  (Vehicle Storage (51, 145, 3))
[17:18:10]ATTACK: Artyuom/(Johnny Vietnam) схватил Benjeman/(Jakob Beach)
[17:18:12]ATTACK: ZyberCpechnaz/(Javier Ahmed) has disarmed Artyuom/(Johnny Vietnam) (NEWHP: 100)  (Vehicle Storage (50, 145, 3))
[17:18:12]ATTACK: ZyberCpechnaz/(Javier Ahmed) disarmed Johnny Vietnam (artyuom)
[17:18:13]ATTACK: ZyberCpechnaz/(Javier Ahmed) has disarmed Artyuom/(Johnny Vietnam) (NEWHP: 100)  (Vehicle Storage (50, 146, 3))
[17:18:13]ATTACK: ZyberCpechnaz/(Javier Ahmed) disarmed Johnny Vietnam (artyuom)
[17:18:14]ATTACK: ZyberCpechnaz/(Javier Ahmed) has disarmed Artyuom/(Johnny Vietnam) (NEWHP: 100)  (Vehicle Storage (50, 146, 3))
[17:18:14]ATTACK: ZyberCpechnaz/(Javier Ahmed) disarmed Johnny Vietnam (artyuom)
[17:18:21]ATTACK: ZyberCpechnaz/(Javier Ahmed) has disarmed Artyuom/(Johnny Vietnam) (NEWHP: 100)  (Vehicle Storage (46, 146, 3))
[17:18:21]ATTACK: ZyberCpechnaz/(Javier Ahmed) disarmed Johnny Vietnam (artyuom)
[17:18:23]ATTACK: ZyberCpechnaz/(Javier Ahmed) has disarmed Artyuom/(Johnny Vietnam) (NEWHP: 100)  (Vehicle Storage (48, 147, 3))
[17:18:23]ATTACK: ZyberCpechnaz/(Javier Ahmed) disarmed Johnny Vietnam (artyuom)
[17:18:25]ATTACK: Artyuom/(Johnny Vietnam) has disarmed ZyberCpechnaz/(Javier Ahmed) (NEWHP: 100)  (Vehicle Storage (48, 144, 3))
[17:18:25]ATTACK: Artyuom/(Johnny Vietnam) disarmed Javier Ahmed (zybercpechnaz)
[17:18:26]ATTACK: ZyberCpechnaz/(Javier Ahmed) has disarmed Artyuom/(Johnny Vietnam) (NEWHP: 100)  (Vehicle Storage (48, 145, 3))
[17:18:26]ATTACK: ZyberCpechnaz/(Javier Ahmed) disarmed Johnny Vietnam (artyuom)
[17:18:27]ATTACK: Artyuom/(Johnny Vietnam) has disarmed ZyberCpechnaz/(Javier Ahmed) (NEWHP: 100)  (Vehicle Storage (49, 144, 3))
[17:18:27]ATTACK: Artyuom/(Johnny Vietnam) disarmed Javier Ahmed (zybercpechnaz)
[17:18:35]ATTACK: ZyberCpechnaz/(Javier Ahmed) has grabbed Benjeman/(Jakob Beach) (NEWHP: 100)  (Vehicle Storage (48, 145, 3))
[17:18:35]ATTACK: ZyberCpechnaz/(Javier Ahmed) схватил Benjeman/(Jakob Beach)
[17:19:01]ATTACK: Artyuom/(Johnny Vietnam) has grabbed Benjeman/(Jakob Beach) (NEWHP: 100)  (Vehicle Storage (51, 144, 3))
[17:19:01]ATTACK: Artyuom/(Johnny Vietnam) схватил Benjeman/(Jakob Beach)
[17:19:04]ATTACK: ZyberCpechnaz/(Javier Ahmed) has disarmed Artyuom/(Johnny Vietnam) (NEWHP: 100)  (Vehicle Storage (50, 146, 3))
[17:19:04]ATTACK: ZyberCpechnaz/(Javier Ahmed) disarmed Johnny Vietnam (artyuom)
[17:19:06]ATTACK: ZyberCpechnaz/(Javier Ahmed) has disarmed Artyuom/(Johnny Vietnam) (NEWHP: 100)  (Vehicle Storage (50, 146, 3))
[17:19:06]ATTACK: ZyberCpechnaz/(Javier Ahmed) disarmed Johnny Vietnam (artyuom)
[17:19:07]ATTACK: ZyberCpechnaz/(Javier Ahmed) has disarmed Artyuom/(Johnny Vietnam) (NEWHP: 100)  (Vehicle Storage (49, 145, 3))
[17:19:07]ATTACK: ZyberCpechnaz/(Javier Ahmed) disarmed Johnny Vietnam (artyuom)
[17:19:09]ATTACK: ZyberCpechnaz/(Javier Ahmed) has disarmed Artyuom/(Johnny Vietnam) (NEWHP: 100)  (Vehicle Storage (50, 143, 3))
[17:19:09]ATTACK: ZyberCpechnaz/(Javier Ahmed) disarmed Johnny Vietnam (artyuom)
[17:19:12]ATTACK: ZyberCpechnaz/(Javier Ahmed) has disarmed Artyuom/(Johnny Vietnam) (NEWHP: 100)  (Vehicle Storage (51, 142, 3))
[17:19:12]ATTACK: ZyberCpechnaz/(Javier Ahmed) disarmed Johnny Vietnam (artyuom)
[17:19:16]ATTACK: ZyberCpechnaz/(Javier Ahmed) has disarmed Artyuom/(Johnny Vietnam) (NEWHP: 100)  (Vehicle Storage (47, 146, 3))
[17:19:16]ATTACK: ZyberCpechnaz/(Javier Ahmed) disarmed Johnny Vietnam (artyuom)
[17:19:16]ATTACK: Artyuom/(Johnny Vietnam) has disarmed ZyberCpechnaz/(Javier Ahmed) (NEWHP: 100)  (Vehicle Storage (47, 149, 3))
[17:19:17]ATTACK: Artyuom/(Johnny Vietnam) disarmed Javier Ahmed (zybercpechnaz)
[17:19:20]ATTACK: Artyuom/(Johnny Vietnam) has disarmed ZyberCpechnaz/(Javier Ahmed) (NEWHP: 100)  (Vehicle Storage (50, 150, 3))
[17:19:20]ATTACK: Artyuom/(Johnny Vietnam) disarmed Javier Ahmed (zybercpechnaz)
[17:19:21]ATTACK: ZyberCpechnaz/(Javier Ahmed) has disarmed Artyuom/(Johnny Vietnam) (NEWHP: 100)  (Vehicle Storage (50, 150, 3))
[17:19:21]ATTACK: ZyberCpechnaz/(Javier Ahmed) disarmed Johnny Vietnam (artyuom)
[17:19:24]ATTACK: ZyberCpechnaz/(Javier Ahmed) has disarmed Artyuom/(Johnny Vietnam) (NEWHP: 100)  (Vehicle Storage (49, 146, 3))
[17:19:24]ATTACK: ZyberCpechnaz/(Javier Ahmed) disarmed Johnny Vietnam (artyuom)
[17:19:29]ATTACK: Artyuom/(Johnny Vietnam) has disarmed EngineerConager/(Dell Conrad) (NEWHP: 100)  (Vehicle Storage (48, 150, 3))
[17:19:29]ATTACK: Artyuom/(Johnny Vietnam) disarmed Dell Conrad (engineerconager)
[17:20:10]ATTACK: EngineerConager/(Dell Conrad) has grabbed Artyuom/(Johnny Vietnam) (NEWHP: 100)  (APC_1 Interior (19, 69, 4))
[17:20:10]ATTACK: EngineerConager/(Dell Conrad) схватил Artyuom/(Johnny Vietnam)
[17:22:22]ATTACK: ZyberCpechnaz/(Javier Ahmed) has disarmed Artyuom/(Johnny Vietnam) (NEWHP: 100)  (Hallway Starboard (121, 162, 3))
[17:22:22]ATTACK: ZyberCpechnaz/(Javier Ahmed) disarmed Johnny Vietnam (artyuom)
[17:22:33]ATTACK: Dell Conrad (engineerconager) primed M07 training grenade (<A HREF='?_src_=holder;adminplayerobservecoodjump=1;X=192;Y=163;Z=3'>JMP</a>)
[17:23:39]ATTACK: ZyberCpechnaz/(Javier Ahmed) has disarmed Artyuom/(Johnny Vietnam) (NEWHP: 100)  (Medical Lower (111, 143, 3))
[17:23:39]ATTACK: ZyberCpechnaz/(Javier Ahmed) disarmed Johnny Vietnam (artyuom)
[17:23:47]ATTACK: ZyberCpechnaz/(Javier Ahmed) has disarmed Artyuom/(Johnny Vietnam) (NEWHP: 100)  (Medical Lower (114, 143, 3))
[17:23:47]ATTACK: ZyberCpechnaz/(Javier Ahmed) disarmed Johnny Vietnam (artyuom)
[17:24:20]ATTACK: ZyberCpechnaz/(Javier Ahmed) has disarmed Artyuom/(Johnny Vietnam) (NEWHP: 100)  (Dropship Alamo (91, 150, 3))
[17:24:20]ATTACK: ZyberCpechnaz/(Javier Ahmed) disarmed Johnny Vietnam (artyuom)
[17:24:38]ATTACK: ZyberCpechnaz/(Javier Ahmed) has disarmed Artyuom/(Johnny Vietnam) (NEWHP: 100)  (Dropship Alamo (93, 151, 3))
[17:24:38]ATTACK: ZyberCpechnaz/(Javier Ahmed) disarmed Johnny Vietnam (artyuom)
[17:24:41]ATTACK: ZyberCpechnaz/(Javier Ahmed) has disarmed Artyuom/(Johnny Vietnam) (NEWHP: 100)  (Dropship Alamo (93, 152, 3))
[17:24:41]ATTACK: ZyberCpechnaz/(Javier Ahmed) disarmed Johnny Vietnam (artyuom)
[17:24:43]ATTACK: ZyberCpechnaz/(Javier Ahmed) has disarmed Artyuom/(Johnny Vietnam) (NEWHP: 100)  (Dropship Alamo (93, 152, 3))
[17:24:43]ATTACK: ZyberCpechnaz/(Javier Ahmed) disarmed Johnny Vietnam (artyuom)
[17:24:44]ATTACK: ZyberCpechnaz/(Javier Ahmed) has disarmed Artyuom/(Johnny Vietnam) (NEWHP: 100)  (Dropship Alamo (93, 152, 3))
[17:24:44]ATTACK: ZyberCpechnaz/(Javier Ahmed) disarmed Johnny Vietnam (artyuom)
[17:26:09]ATTACK: Chaburek/(Elder Queen) has spat on [flare] with corrosive acid (Main Hallway (129, 38, 1))
[17:26:09]ATTACK: Elder Queen (chaburek) spat acid on the flare.
[17:26:15]ATTACK: Chaburek/(Elder Queen) has spat on [flare] with corrosive acid (Main Hallway (132, 34, 1))
[17:26:15]ATTACK: Elder Queen (chaburek) spat acid on the flare.
[17:26:41]ATTACK: Chaburek/(Elder Queen) has spat on [flare] with corrosive acid (Main Hallway (141, 36, 1))
[17:26:41]ATTACK: Elder Queen (chaburek) spat acid on the flare.
[17:26:42]ATTACK: Chaburek/(Elder Queen) has spat on [flare] with corrosive acid (Main Hallway (141, 36, 1))
[17:26:43]ATTACK: Elder Queen (chaburek) spat acid on the flare.
[17:27:40]ATTACK: Alot/(Sarah 'Phantom' Black) has shot Chaburek/(Elder Queen) with [armor-piercing pistol bullet] (NEWHP: 400)  (Almayer Dropship 1 (155, 31, 1))
[17:27:40]ATTACK: Sarah 'Phantom' Black (alot) shot Elder Queen (chaburek) with an armor-piercing pistol bullet in the Almayer Dropship 1 (<A HREF='?_src_=holder;adminplayerobservecoodjump=1;X=155;Y=31;Z=1'>JMP</a>)
[17:27:48]ATTACK: ZyberCpechnaz/(Javier Ahmed) has shot Chaburek/(Elder Queen) with [light explosive submachinegun bullet] (NEWHP: 390)  (Almayer Dropship 1 (152, 39, 1))
[17:27:48]ATTACK: Javier Ahmed (zybercpechnaz) shot Elder Queen (chaburek) with a light explosive submachinegun bullet in the Almayer Dropship 1 (<A HREF='?_src_=holder;adminplayerobservecoodjump=1;X=152;Y=39;Z=1'>JMP</a>)
[17:27:51]ATTACK: Chaburek/(Elder Queen) has slashed ZyberCpechnaz/(Javier Ahmed) (NEWHP: 100)  (Almayer Dropship 1 (151, 39, 1))
[17:27:52]ATTACK: Chaburek/(Elder Queen) has slashed ZyberCpechnaz/(Javier Ahmed) (NEWHP: 100)  (Almayer Dropship 1 (151, 39, 1))
[17:27:54]ATTACK: Chaburek/(Elder Queen) has slashed ZyberCpechnaz/(Javier Ahmed) (NEWHP: 79.5)  (Almayer Dropship 1 (151, 39, 1))
[17:27:55]ATTACK: Chaburek/(Elder Queen) has slashed ZyberCpechnaz/(Javier Ahmed) (NEWHP: 56.5)  (Almayer Dropship 1 (151, 39, 1))
[17:27:56]ATTACK: Chaburek/(Elder Queen) has slashed ZyberCpechnaz/(Javier Ahmed) (NEWHP: 56.5)  (Almayer Dropship 1 (151, 39, 1))
[17:27:57]ATTACK: Chaburek/(Elder Queen) has slashed ZyberCpechnaz/(Javier Ahmed) (NEWHP: 34.5)  (Almayer Dropship 1 (151, 39, 1))
[17:27:58]ATTACK: Chaburek/(Elder Queen) has slashed ZyberCpechnaz/(Javier Ahmed) (NEWHP: 34.5)  (Almayer Dropship 1 (151, 39, 1))
[17:27:59]ATTACK: Chaburek/(Elder Queen) has slashed ZyberCpechnaz/(Javier Ahmed) (NEWHP: 34.5)  (Almayer Dropship 1 (151, 39, 1))
[17:28:01]ATTACK: Chaburek/(Elder Queen) has slashed ZyberCpechnaz/(Javier Ahmed) (NEWHP: 34.5)  (Almayer Dropship 1 (151, 38, 1))
[17:28:02]ATTACK: Chaburek/(Elder Queen) has slashed ZyberCpechnaz/(Javier Ahmed) (NEWHP: 34.5)  (Almayer Dropship 1 (151, 38, 1))
[17:28:03]ATTACK: Chaburek/(Elder Queen) has slashed ZyberCpechnaz/(Javier Ahmed) (NEWHP: 12.5)  (Almayer Dropship 1 (151, 38, 1))
[17:28:05]ATTACK: Chaburek/(Elder Queen) has slashed ZyberCpechnaz/(Javier Ahmed) (NEWHP: -11)  (Almayer Dropship 1 (151, 40, 1))
[17:28:13]ATTACK: ZyberCpechnaz/(Javier Ahmed) has injected ZyberCpechnaz/(Javier Ahmed) with [Oxycodone (EXTREME PAINKILLER) autoinjector] Reagents: Oxycodone (NEWHP: -11)  (Almayer Dropship 1 (155, 36, 1))
[17:28:13]ATTACK: Unknown (as Javier Ahmed) (zybercpechnaz) injected Unknown (as Javier Ahmed) (ZyberCpechnaz) with Oxycodone (EXTREME PAINKILLER) autoinjector. Reagents: Oxycodone (INTENT: HURT) (<A HREF='?_src_=holder;adminplayerobservecoodjump=1;X=155;Y=36;Z=1'>JMP</a>)
[17:28:18]ATTACK: Chaburek/(Elder Queen) has spat on [M39 submachinegun] with corrosive acid (Almayer Dropship 1 (151, 38, 1))
[17:28:18]ATTACK: Elder Queen (chaburek) spat acid on M39 submachinegun.
[17:28:59]ATTACK: Alot/(Sarah 'Phantom' Black) has shot Chaburek/(Elder Queen) with [sniper bullet] (NEWHP: 400)  (Alamo Landing Zone (153, 27, 1))
[17:28:59]ATTACK: Sarah 'Phantom' Black (alot) shot Elder Queen (chaburek) with a sniper bullet in Alamo Landing Zone (<A HREF='?_src_=holder;adminplayerobservecoodjump=1;X=153;Y=27;Z=1'>JMP</a>)
[17:29:12]ATTACK: Alot/(Sarah 'Phantom' Black) has grabbed ZyberCpechnaz/(Javier Ahmed) (NEWHP: -17)  (Almayer Dropship 1 (154, 33, 1))
[17:29:12]ATTACK: Alot/(Sarah 'Phantom' Black) схватил ZyberCpechnaz/(Javier Ahmed)
[17:29:24]ATTACK: Alot/(Sarah 'Phantom' Black) has injected ZyberCpechnaz/(Javier Ahmed) with [Oxycodone (EXTREME PAINKILLER) autoinjector] Reagents: Oxycodone (NEWHP: -17)  (Main Hallway (154, 23, 1))
[17:29:24]ATTACK: Sarah 'Phantom' Black (alot) injected Unknown (as Javier Ahmed) (ZyberCpechnaz) with Oxycodone (EXTREME PAINKILLER) autoinjector. Reagents: Oxycodone (INTENT: HELP) (<A HREF='?_src_=holder;adminplayerobservecoodjump=1;X=154;Y=23;Z=1'>JMP</a>)
[17:29:29]ATTACK: Chaburek/(Elder Queen) has shot ZyberCpechnaz/(Javier Ahmed) with [acid spatter] (NEWHP: -14)  (Almayer Dropship 1 (152, 28, 1))
[17:29:30]ATTACK: Elder Queen (chaburek) shot Unknown (as Javier Ahmed) (zybercpechnaz) with an acid spatter in the Almayer Dropship 1 (<A HREF='?_src_=holder;adminplayerobservecoodjump=1;X=152;Y=28;Z=1'>JMP</a>)
[17:29:33]ATTACK: Chaburek/(Elder Queen) has shot ZyberCpechnaz/(Javier Ahmed) with [acid spatter] (NEWHP: -24.3)  (Alamo Landing Zone (154, 26, 1))
[17:29:33]ATTACK: Elder Queen (chaburek) shot Unknown (as Javier Ahmed) (zybercpechnaz) with an acid spatter in Alamo Landing Zone (<A HREF='?_src_=holder;adminplayerobservecoodjump=1;X=154;Y=26;Z=1'>JMP</a>)
[17:29:33]ATTACK: Alot/(Sarah 'Phantom' Black) has shot Chaburek/(Elder Queen) with [sniper bullet] (NEWHP: 354.507)  (Main Hallway (151, 21, 1))
[17:29:33]ATTACK: Sarah 'Phantom' Black (alot) shot Elder Queen (chaburek) with a sniper bullet in Main Hallway (<A HREF='?_src_=holder;adminplayerobservecoodjump=1;X=151;Y=21;Z=1'>JMP</a>)
[17:29:36]ATTACK: Alot/(Sarah 'Phantom' Black) has shot Chaburek/(Elder Queen) with [sniper bullet] (NEWHP: 284.507)  (Main Hallway (151, 21, 1))
[17:29:36]ATTACK: Sarah 'Phantom' Black (alot) shot Elder Queen (chaburek) with a sniper bullet in Main Hallway (<A HREF='?_src_=holder;adminplayerobservecoodjump=1;X=151;Y=21;Z=1'>JMP</a>)
[17:29:42]ATTACK: Alot/(Sarah 'Phantom' Black) has shot Chaburek/(Elder Queen) with [sniper bullet] (NEWHP: 214.609)  (Main Hallway (152, 22, 1))
[17:29:42]ATTACK: Sarah 'Phantom' Black (alot) shot Elder Queen (chaburek) with a sniper bullet in Main Hallway (<A HREF='?_src_=holder;adminplayerobservecoodjump=1;X=152;Y=22;Z=1'>JMP</a>)
[17:30:48]ATTACK: ZyberCpechnaz/(Javier Ahmed) has shot Alot/(Sarah 'Phantom' Black) with [rifle bullet] (NEWHP: 100)  (Alamo Landing Zone (154, 24, 1))
[17:30:48]ATTACK: Unknown (as Javier Ahmed) (zybercpechnaz) shot Sarah 'Phantom' Black (alot) with a rifle bullet in Alamo Landing Zone (<A HREF='?_src_=holder;adminplayerobservecoodjump=1;X=154;Y=24;Z=1'>JMP</a>) (<a href='?priv_msg=[0x5000000]'>PM</a>)
[17:30:48]ATTACK: ZyberCpechnaz/(Javier Ahmed) has shot Alot/(Sarah 'Phantom' Black) with [rifle bullet] (NEWHP: 74)  (Alamo Landing Zone (154, 24, 1))
[17:30:48]ATTACK: Unknown (as Javier Ahmed) (zybercpechnaz) shot Sarah 'Phantom' Black (alot) with a rifle bullet in Alamo Landing Zone (<A HREF='?_src_=holder;adminplayerobservecoodjump=1;X=154;Y=24;Z=1'>JMP</a>) (<a href='?priv_msg=[0x5000000]'>PM</a>)
[17:31:15]ATTACK: Chaburek/(Elder Queen) has tail-stabbed Alot/(Sarah 'Phantom' Black) (NEWHP: 24)  (Main Hallway (162, 25, 1))
[17:31:16]ATTACK: Chaburek/(Elder Queen) has slashed Alot/(Sarah 'Phantom' Black) (NEWHP: -46)  (Main Hallway (162, 25, 1))
[17:31:17]ATTACK: Chaburek/(Elder Queen) has slashed Alot/(Sarah 'Phantom' Black) (NEWHP: -73.5)  (Main Hallway (162, 25, 1))
[17:31:19]ATTACK: Chaburek/(Elder Queen) has slashed Alot/(Sarah 'Phantom' Black) (NEWHP: -97.5)  (Main Hallway (162, 25, 1))
[17:31:21]ATTACK: Chaburek/(Elder Queen) has slashed Alot/(Sarah 'Phantom' Black) (NEWHP: -101.5)  (Main Hallway (162, 25, 1))
[17:31:36]ATTACK: Chaburek/(Elder Queen) has grabbed ZyberCpechnaz/(Javier Ahmed) (NEWHP: 9.09998)  (Main Hallway (156, 23, 1))
[17:31:36]ATTACK: Chaburek/(Elder Queen) схватил ZyberCpechnaz/(Javier Ahmed)
[17:31:38]ATTACK: Bobadoba/(Charlie Whittier) has attacked Bobadoba/(Charlie Whittier) with [stasis bag] (INTENT: HELP) (DAMTYE: BRUTE) (NEWHP: 100)  (Medical Lower (106, 148, 3))
[17:31:38]ATTACK: Bobadoba/(Charlie Whittier) attacked Bobadoba/(Charlie Whittier) with stasis bag (INTENT: HELP) (DAMTYE: BRUTE)
[17:31:42]ATTACK: Chaburek/(Elder Queen) has shot ZyberCpechnaz/(Javier Ahmed) with [neurotoxic spatter] (NEWHP: 7.19997)  (Alamo Landing Zone (154, 27, 1))
[17:31:42]ATTACK: Elder Queen (chaburek) shot Unknown (as Javier Ahmed) (zybercpechnaz) with a neurotoxic spatter in Alamo Landing Zone (<A HREF='?_src_=holder;adminplayerobservecoodjump=1;X=154;Y=27;Z=1'>JMP</a>)
[17:32:04]ATTACK: Chaburek/(Elder Queen) has shot ZyberCpechnaz/(Javier Ahmed) with [neurotoxic spatter] (NEWHP: 31.1)  (Almayer Dropship 1 (152, 41, 1))
[17:32:04]ATTACK: Elder Queen (chaburek) shot Unknown (as Javier Ahmed) (zybercpechnaz) with a neurotoxic spatter in the Almayer Dropship 1 (<A HREF='?_src_=holder;adminplayerobservecoodjump=1;X=152;Y=41;Z=1'>JMP</a>)
[17:32:10]ATTACK: Chaburek/(Elder Queen) has shot ZyberCpechnaz/(Javier Ahmed) with [neurotoxic spatter] (NEWHP: 34.9)  (Almayer Dropship 1 (152, 41, 1))
[17:32:10]ATTACK: Elder Queen (chaburek) shot Unknown (as Javier Ahmed) (zybercpechnaz) with a neurotoxic spatter in the Almayer Dropship 1 (<A HREF='?_src_=holder;adminplayerobservecoodjump=1;X=152;Y=41;Z=1'>JMP</a>)
[17:32:13]ATTACK: Chaburek/(Elder Queen) has grabbed ZyberCpechnaz/(Javier Ahmed) (NEWHP: 32.2)  (Almayer Dropship 1 (151, 41, 1))
[17:32:13]ATTACK: Chaburek/(Elder Queen) схватил ZyberCpechnaz/(Javier Ahmed)
[17:32:21]ATTACK: EngineerConager/(Dell Conrad) has attempted to remove [premium cigar] (face) Artyuom/(Johnny Vietnam) (NEWHP: 100)  (Hangar (85, 151, 3))
[17:32:31]ATTACK: Chaburek/(Elder Queen) has grabbed ZyberCpechnaz/(Javier Ahmed) (NEWHP: 37.6)  (Almayer Dropship 1 (152, 41, 1))
[17:32:31]ATTACK: Chaburek/(Elder Queen) схватил ZyberCpechnaz/(Javier Ahmed)
[17:34:46]ATTACK: M580-M APC took 0 blunt damage from Charlie Whittier (bobadoba).
[17:47:01]ATTACK: EngineerConager/(Dell Conrad) has grabbed Artyuom/(Johnny Vietnam) (NEWHP: 100)  (Medical Lower (108, 150, 3))
[17:47:01]ATTACK: EngineerConager/(Dell Conrad) схватил Artyuom/(Johnny Vietnam)
[17:47:09]ATTACK: EngineerConager/(Dell Conrad) has grabbed Artyuom/(Johnny Vietnam) (NEWHP: 100)  (APC_1 Interior (18, 67, 4))
[17:47:09]ATTACK: EngineerConager/(Dell Conrad) схватил Artyuom/(Johnny Vietnam)
[17:57:50]ATTACK: Armored Vehicle drove over/bumped into Young Lurker (392)(alot).
[17:57:50]ATTACK: Armored Vehicle drove over/bumped into Young Lurker (392)(alot).
[17:57:50]ATTACK: Armored Vehicle drove over/bumped into Young Lurker (392)(alot).
[17:57:50]ATTACK: Armored Vehicle drove over/bumped into Young Lurker (392)(alot).
[17:57:50]ATTACK: Armored Vehicle drove over/bumped into Young Lurker (392)(alot).
[17:57:50]ATTACK: Armored Vehicle drove over/bumped into Young Lurker (392)(alot).
[17:57:50]ATTACK: Armored Vehicle drove over/bumped into Young Lurker (392)(alot).
[17:57:50]ATTACK: Armored Vehicle drove over/bumped into Young Lurker (392)(alot).
[17:57:50]ATTACK: Armored Vehicle drove over/bumped into Young Lurker (392)(alot).
[17:57:50]ATTACK: Armored Vehicle drove over/bumped into Young Lurker (392)(alot).
[17:57:50]ATTACK: Armored Vehicle drove over/bumped into Young Lurker (392)(alot).
[17:57:50]ATTACK: Armored Vehicle drove over/bumped into Young Lurker (392)(alot).
[17:57:50]ATTACK: Armored Vehicle drove over/bumped into Young Lurker (392)(alot).
[17:57:50]ATTACK: Armored Vehicle drove over/bumped into Young Lurker (392)(alot).
[17:57:50]ATTACK: Armored Vehicle drove over/bumped into Young Lurker (392)(alot).
[17:57:50]ATTACK: Armored Vehicle drove over/bumped into Young Lurker (392)(alot).
[17:57:50]ATTACK: Armored Vehicle drove over/bumped into Young Lurker (392)(alot).
[17:57:50]ATTACK: Armored Vehicle drove over/bumped into Young Lurker (392)(alot).
[17:57:50]ATTACK: Armored Vehicle drove over/bumped into Young Lurker (392)(alot).
[17:57:50]ATTACK: Armored Vehicle drove over/bumped into Young Lurker (392)(alot).
[17:57:50]ATTACK: Armored Vehicle drove over/bumped into Young Lurker (392)(alot).
[17:57:50]ATTACK: Armored Vehicle drove over/bumped into Young Lurker (392)(alot).
[17:57:50]ATTACK: Armored Vehicle drove over/bumped into Young Lurker (392)(alot).
[17:57:50]ATTACK: Armored Vehicle drove over/bumped into Young Lurker (392)(alot).
[17:57:50]ATTACK: [M580-M APC] has shot Alot/(Young Lurker (392)) with [autocannon round] (NEWHP: 150)  (Hallway Port (140, 139, 3))
[17:57:50]ATTACK: M580-M APC shot Young Lurker (392) (alot) with a the autocannon round (<A HREF='?_src_=holder;adminplayerobservecoodjump=1;X=140;Y=139;Z=3'>JMP</a>)
[17:58:48]ATTACK: M580-M APC took 26 slash damage from Young Lurker (392) (alot).
[17:58:49]ATTACK: M580-M APC took 27 slash damage from Young Lurker (392) (alot).
[17:58:50]ATTACK: M580-M APC took 20 slash damage from Young Lurker (392) (alot).
[17:58:51]ATTACK: Armored Vehicle drove over/bumped into Young Lurker (392)(alot).
[17:58:51]ATTACK: Armored Vehicle drove over/bumped into Young Lurker (392)(alot).
[17:58:51]ATTACK: Armored Vehicle drove over/bumped into Young Lurker (392)(alot).
[17:58:51]ATTACK: Armored Vehicle drove over/bumped into Young Lurker (392)(alot).
[17:58:51]ATTACK: Armored Vehicle drove over/bumped into Young Lurker (392)(alot).
[17:58:51]ATTACK: Armored Vehicle drove over/bumped into Young Lurker (392)(alot).
[17:58:51]ATTACK: M580-M APC took 24 slash damage from Young Lurker (392) (alot).
[17:58:51]ATTACK: Armored Vehicle drove over/bumped into Young Lurker (392)(alot).
[17:58:51]ATTACK: Armored Vehicle drove over/bumped into Young Lurker (392)(alot).
[17:58:51]ATTACK: Armored Vehicle drove over/bumped into Young Lurker (392)(alot).
[17:58:51]ATTACK: Armored Vehicle drove over/bumped into Young Lurker (392)(alot).
[17:58:51]ATTACK: Armored Vehicle drove over/bumped into Young Lurker (392)(alot).
[17:58:51]ATTACK: Armored Vehicle drove over/bumped into Young Lurker (392)(alot).
[17:58:51]ATTACK: Armored Vehicle drove over/bumped into Young Lurker (392)(alot).
[17:58:51]ATTACK: Armored Vehicle drove over/bumped into Young Lurker (392)(alot).
[17:58:51]ATTACK: Armored Vehicle drove over/bumped into Young Lurker (392)(alot).
[17:58:51]ATTACK: Armored Vehicle drove over/bumped into Young Lurker (392)(alot).
[17:58:51]ATTACK: Armored Vehicle drove over/bumped into Young Lurker (392)(alot).
[17:58:51]ATTACK: Armored Vehicle drove over/bumped into Young Lurker (392)(alot).
[17:58:52]ATTACK: Armored Vehicle drove over/bumped into Young Lurker (392)(alot).
[17:58:52]ATTACK: Armored Vehicle drove over/bumped into Young Lurker (392)(alot).
[17:58:52]ATTACK: Armored Vehicle drove over/bumped into Young Lurker (392)(alot).
[17:58:52]ATTACK: Armored Vehicle drove over/bumped into Young Lurker (392)(alot).
[17:58:52]ATTACK: Armored Vehicle drove over/bumped into Young Lurker (392)(alot).
[17:58:52]ATTACK: Armored Vehicle drove over/bumped into Young Lurker (392)(alot).
[17:58:53]ATTACK: M580-M APC took 29 slash damage from Young Lurker (392) (alot).
[17:58:56]ATTACK: M580-M APC took 25 slash damage from Young Lurker (392) (alot).
[17:58:57]ATTACK: [M580-M APC] has shot Chaburek/(Elder Empress) with [frontcannon bullet] (NEWHP: 500)  (Hallway Port (112, 139, 3))
[17:58:57]ATTACK: M580-M APC shot Elder Empress (chaburek) with a the frontcannon bullet (<A HREF='?_src_=holder;adminplayerobservecoodjump=1;X=112;Y=139;Z=3'>JMP</a>)
[17:58:57]ATTACK: [M580-M APC] has shot Chaburek/(Elder Empress) with [frontcannon bullet] (NEWHP: 500)  (Hallway Port (113, 139, 3))
[17:58:57]ATTACK: M580-M APC shot Elder Empress (chaburek) with a the frontcannon bullet (<A HREF='?_src_=holder;adminplayerobservecoodjump=1;X=113;Y=139;Z=3'>JMP</a>)
[17:58:57]ATTACK: Armored Vehicle drove over/bumped into Elder Empress(chaburek).
[17:58:57]ATTACK: Armored Vehicle drove over/bumped into Elder Empress(chaburek).
[17:58:57]ATTACK: Armored Vehicle drove over/bumped into Elder Empress(chaburek).
[17:58:57]ATTACK: Armored Vehicle drove over/bumped into Elder Empress(chaburek).
[17:58:57]ATTACK: Armored Vehicle drove over/bumped into Elder Empress(chaburek).
[17:58:57]ATTACK: Armored Vehicle drove over/bumped into Elder Empress(chaburek).
[17:58:57]ATTACK: Armored Vehicle drove over/bumped into Elder Empress(chaburek).
[17:58:57]ATTACK: Armored Vehicle drove over/bumped into Elder Empress(chaburek).
[17:58:57]ATTACK: M580-M APC took 20 slash damage from Young Lurker (392) (alot).
[17:58:58]ATTACK: [M580-M APC] has shot Chaburek/(Elder Empress) with [frontcannon bullet] (NEWHP: 500)  (Hallway Port (114, 139, 3))
[17:58:58]ATTACK: M580-M APC shot Elder Empress (chaburek) with a the frontcannon bullet (<A HREF='?_src_=holder;adminplayerobservecoodjump=1;X=114;Y=139;Z=3'>JMP</a>)
[17:58:58]ATTACK: Armored Vehicle drove over/bumped into Elder Empress(chaburek).
[17:58:58]ATTACK: Armored Vehicle drove over/bumped into Elder Empress(chaburek).
[17:58:58]ATTACK: Armored Vehicle drove over/bumped into Elder Empress(chaburek).
[17:58:58]ATTACK: Armored Vehicle drove over/bumped into Elder Empress(chaburek).
[17:58:58]ATTACK: Armored Vehicle drove over/bumped into Elder Empress(chaburek).
[17:58:58]ATTACK: Armored Vehicle drove over/bumped into Elder Empress(chaburek).
[17:58:58]ATTACK: Armored Vehicle drove over/bumped into Elder Empress(chaburek).
[17:58:58]ATTACK: Armored Vehicle drove over/bumped into Elder Empress(chaburek).
[17:58:58]ATTACK: [M580-M APC] has shot Chaburek/(Elder Empress) with [frontcannon bullet] (NEWHP: 500)  (Hallway Port (114, 139, 3))
[17:58:58]ATTACK: M580-M APC shot Elder Empress (chaburek) with a the frontcannon bullet (<A HREF='?_src_=holder;adminplayerobservecoodjump=1;X=114;Y=139;Z=3'>JMP</a>)
[17:58:58]ATTACK: [M580-M APC] has shot Chaburek/(Elder Empress) with [frontcannon bullet] (NEWHP: 500)  (Hallway Port (115, 139, 3))
[17:58:58]ATTACK: M580-M APC shot Elder Empress (chaburek) with a the frontcannon bullet (<A HREF='?_src_=holder;adminplayerobservecoodjump=1;X=115;Y=139;Z=3'>JMP</a>)
[17:58:59]ATTACK: M580-M APC took 27 slash damage from Young Lurker (392) (alot).
[17:59:02]ATTACK: M580-M APC took 29 slash damage from Young Lurker (392) (alot).
[17:59:05]ATTACK: M580-M APC took 52 slash damage from Elder Empress (chaburek).
[17:59:06]ATTACK: M580-M APC took 26 slash damage from Young Lurker (392) (alot).
[17:59:06]ATTACK: M580-M APC took 52 slash damage from Elder Empress (chaburek).
[17:59:07]ATTACK: M580-M APC took 57 slash damage from Elder Empress (chaburek).
[17:59:07]ATTACK: M580-M APC took 30 slash damage from Young Lurker (392) (alot).
[17:59:07]ATTACK: Armored Vehicle drove over/bumped into Young Lurker (392)(alot).
[17:59:07]ATTACK: Armored Vehicle drove over/bumped into Young Lurker (392)(alot).
[17:59:07]ATTACK: Armored Vehicle drove over/bumped into Elder Empress(chaburek).
[17:59:07]ATTACK: Armored Vehicle drove over/bumped into Elder Empress(chaburek).
[17:59:08]ATTACK: Armored Vehicle drove over/bumped into Young Lurker (392)(alot).
[17:59:08]ATTACK: Armored Vehicle drove over/bumped into Young Lurker (392)(alot).
[17:59:08]ATTACK: Armored Vehicle drove over/bumped into Elder Empress(chaburek).
[17:59:08]ATTACK: Armored Vehicle drove over/bumped into Elder Empress(chaburek).
[17:59:08]ATTACK: Armored Vehicle drove over/bumped into Young Lurker (392)(alot).
[17:59:08]ATTACK: Armored Vehicle drove over/bumped into Young Lurker (392)(alot).
[17:59:08]ATTACK: Armored Vehicle drove over/bumped into Elder Empress(chaburek).
[17:59:08]ATTACK: Armored Vehicle drove over/bumped into Elder Empress(chaburek).
[17:59:09]ATTACK: M580-M APC took 25 slash damage from Young Lurker (392) (alot).
[17:59:10]ATTACK: M580-M APC took 29 slash damage from Young Lurker (392) (alot).
[17:59:11]ATTACK: M580-M APC took 24.525 acid damage from Elder Empress (chaburek).
[17:59:11]ATTACK: M580-M APC took 26 slash damage from Young Lurker (392) (alot).
[17:59:12]ATTACK: M580-M APC took 21 slash damage from Young Lurker (392) (alot).
[17:59:13]ATTACK: M580-M APC took 22 slash damage from Young Lurker (392) (alot).
[17:59:14]ATTACK: M580-M APC took 25 slash damage from Young Lurker (392) (alot).
[17:59:15]ATTACK: M580-M APC took 26 slash damage from Young Lurker (392) (alot).
[17:59:16]ATTACK: M580-M APC took 25 slash damage from Young Lurker (392) (alot).
[17:59:17]ATTACK: M580-M APC took 21 slash damage from Young Lurker (392) (alot).
[17:59:18]ATTACK: M580-M APC took 26 slash damage from Young Lurker (392) (alot).
[17:59:19]ATTACK: M580-M APC took 20 slash damage from Young Lurker (392) (alot).
[17:59:24]ATTACK: [M580-M APC] has shot Alot/(Young Lurker (392)) with [frontcannon bullet] (NEWHP: 144.01)  (Hallway Port (179, 139, 3))
[17:59:24]ATTACK: M580-M APC shot Young Lurker (392) (alot) with a the frontcannon bullet (<A HREF='?_src_=holder;adminplayerobservecoodjump=1;X=179;Y=139;Z=3'>JMP</a>)
[17:59:24]ATTACK: [M580-M APC] has shot Alot/(Young Lurker (392)) with [frontcannon bullet] (NEWHP: 128.21)  (Hallway Port (181, 139, 3))
[17:59:24]ATTACK: M580-M APC shot Young Lurker (392) (alot) with a the frontcannon bullet (<A HREF='?_src_=holder;adminplayerobservecoodjump=1;X=181;Y=139;Z=3'>JMP</a>)
[17:59:26]ATTACK: [M580-M APC] has shot Alot/(Young Lurker (392)) with [frontcannon bullet] (NEWHP: 112.01)  (Hallway Port (189, 139, 3))
[17:59:26]ATTACK: M580-M APC shot Young Lurker (392) (alot) with a the frontcannon bullet (<A HREF='?_src_=holder;adminplayerobservecoodjump=1;X=189;Y=139;Z=3'>JMP</a>)
[17:59:26]ATTACK: M580-M APC took 28 slash damage from Young Lurker (392) (alot).
[17:59:29]ATTACK: Armored Vehicle drove over/bumped into Young Lurker (392)(alot).
[17:59:29]ATTACK: Armored Vehicle drove over/bumped into Young Lurker (392)(alot).
[17:59:29]ATTACK: Armored Vehicle drove over/bumped into Young Lurker (392)(alot).
[17:59:29]ATTACK: Armored Vehicle drove over/bumped into Young Lurker (392)(alot).
[17:59:29]ATTACK: Armored Vehicle drove over/bumped into Young Lurker (392)(alot).
[17:59:29]ATTACK: Armored Vehicle drove over/bumped into Young Lurker (392)(alot).
[17:59:29]ATTACK: Armored Vehicle drove over/bumped into Young Lurker (392)(alot).
[17:59:29]ATTACK: Armored Vehicle drove over/bumped into Young Lurker (392)(alot).
[17:59:29]ATTACK: M580-M APC took 30 slash damage from Young Lurker (392) (alot).
[17:59:33]ATTACK: [M580-M APC] has shot Alot/(Young Lurker (392)) with [frontcannon bullet] (NEWHP: 93.41)  (Hallway Port (203, 139, 3))
[17:59:33]ATTACK: M580-M APC shot Young Lurker (392) (alot) with a the frontcannon bullet (<A HREF='?_src_=holder;adminplayerobservecoodjump=1;X=203;Y=139;Z=3'>JMP</a>)
[18:00:14]ATTACK: M580-M APC took 26 slash damage from Young Lurker (392) (alot).
[18:00:15]ATTACK: M580-M APC took 15 blunt damage from the hull.
[18:00:15]ATTACK: M580-M APC took 15 blunt damage from the hull.
[18:00:15]ATTACK: Armored Vehicle drove over/bumped into Young Lurker (392)(alot).
[18:00:15]ATTACK: Armored Vehicle drove over/bumped into Young Lurker (392)(alot).
[18:00:15]ATTACK: M580-M APC took 15 blunt damage from the hull.
[18:00:15]ATTACK: M580-M APC took 15 blunt damage from the hull.
[18:00:15]ATTACK: Armored Vehicle drove over/bumped into Young Lurker (392)(alot).
[18:00:15]ATTACK: Armored Vehicle drove over/bumped into Young Lurker (392)(alot).
[18:00:15]ATTACK: M580-M APC took 15 blunt damage from the hull.
[18:00:15]ATTACK: M580-M APC took 15 blunt damage from the hull.
[18:00:15]ATTACK: Armored Vehicle drove over/bumped into Young Lurker (392)(alot).
[18:00:15]ATTACK: Armored Vehicle drove over/bumped into Young Lurker (392)(alot).
[18:00:15]ATTACK: M580-M APC took 15 blunt damage from the hull.
[18:00:15]ATTACK: M580-M APC took 15 blunt damage from the hull.
[18:00:15]ATTACK: Armored Vehicle drove over/bumped into Young Lurker (392)(alot).
[18:00:15]ATTACK: Armored Vehicle drove over/bumped into Young Lurker (392)(alot).
[18:00:15]ATTACK: M580-M APC took 27 slash damage from Young Lurker (392) (alot).
[18:00:16]ATTACK: M580-M APC took 24 slash damage from Young Lurker (392) (alot).
[18:00:17]ATTACK: M580-M APC took 23 slash damage from Young Lurker (392) (alot).
[18:00:17]ATTACK: M580-M APC took 58 slash damage from Elder Empress (chaburek).
[18:00:18]ATTACK: M580-M APC took 21 slash damage from Young Lurker (392) (alot).
[18:00:18]ATTACK: M580-M APC took 53 slash damage from Elder Empress (chaburek).
[18:00:19]ATTACK: M580-M APC took 29 slash damage from Young Lurker (392) (alot).
[18:00:19]ATTACK: M580-M APC took 55 slash damage from Elder Empress (chaburek).
[18:00:20]ATTACK: M580-M APC took 26 slash damage from Young Lurker (392) (alot).
[18:00:21]ATTACK: M580-M APC took 23 slash damage from Young Lurker (392) (alot).
[18:00:21]ATTACK: M580-M APC took 56 slash damage from Elder Empress (chaburek).
[18:00:22]ATTACK: M580-M APC took 28 slash damage from Young Lurker (392) (alot).
[18:00:22]ATTACK: M580-M APC took 53 slash damage from Elder Empress (chaburek).
[18:00:23]ATTACK: M580-M APC took 30 slash damage from Young Lurker (392) (alot).
[18:00:23]ATTACK: M580-M APC took 60 slash damage from Elder Empress (chaburek).
[18:00:24]ATTACK: M580-M APC took 21 slash damage from Young Lurker (392) (alot).
[18:00:24]ATTACK: M580-M APC took 56 slash damage from Elder Empress (chaburek).
[18:00:25]ATTACK: M580-M APC took 20 slash damage from Young Lurker (392) (alot).
[18:00:25]ATTACK: M580-M APC took 55 slash damage from Elder Empress (chaburek).
[18:00:26]ATTACK: M580-M APC took 29 slash damage from Young Lurker (392) (alot).
[18:00:27]ATTACK: M580-M APC took 29 slash damage from Young Lurker (392) (alot).
[18:00:27]ATTACK: M580-M APC took 54 slash damage from Elder Empress (chaburek).
[18:00:27]ATTACK: M580-M APC took 26 slash damage from Young Lurker (392) (alot).
[18:00:28]ATTACK: M580-M APC took 60 slash damage from Elder Empress (chaburek).
[18:00:28]ATTACK: M580-M APC took 26 slash damage from Young Lurker (392) (alot).
[18:00:29]ATTACK: M580-M APC took 21 slash damage from Young Lurker (392) (alot).
[18:00:31]ATTACK: M580-M APC took 30 slash damage from Young Lurker (392) (alot).
[18:00:31]ATTACK: M580-M APC took 24.525 acid damage from Elder Empress (chaburek).
[18:00:32]ATTACK: M580-M APC took 26 slash damage from Young Lurker (392) (alot).
[18:00:32]ATTACK: M580-M APC took 55 slash damage from Elder Empress (chaburek).
[18:00:32]ATTACK: M580-M APC took 27 slash damage from Young Lurker (392) (alot).
[18:00:33]ATTACK: M580-M APC took 28 slash damage from Young Lurker (392) (alot).
[18:00:34]ATTACK: M580-M APC took 27 slash damage from Young Lurker (392) (alot).
[18:00:35]ATTACK: M580-M APC took 30 slash damage from Young Lurker (392) (alot).
[18:00:36]ATTACK: M580-M APC took 60 slash damage from Elder Empress (chaburek).
[18:00:37]ATTACK: M580-M APC took 53 slash damage from Elder Empress (chaburek).
[18:00:39]ATTACK: M580-M APC took 58 slash damage from Elder Empress (chaburek).
[18:00:40]ATTACK: M580-M APC took 55 slash damage from Elder Empress (chaburek).
[18:00:42]ATTACK: M580-M APC took 54 slash damage from Elder Empress (chaburek).
[18:00:43]ATTACK: M580-M APC took 53 slash damage from Elder Empress (chaburek).
[18:00:45]ATTACK: M580-M APC took 53 slash damage from Elder Empress (chaburek).
[18:01:05]ATTACK: Alot/(Young Lurker (392)) has tail-stabbed Artyuom/(Johnny Vietnam) (NEWHP: 100)  (Hull Lower (168, 121, 3))
[18:01:06]ATTACK: Alot/(Young Lurker (392)) has slashed Artyuom/(Johnny Vietnam) (NEWHP: 50)  (Hull Lower (168, 121, 3))
[18:01:07]ATTACK: Alot/(Young Lurker (392)) has slashed Artyuom/(Johnny Vietnam) (NEWHP: 36.6)  (Hull Lower (168, 121, 3))
[18:01:08]ATTACK: Alot/(Young Lurker (392)) has slashed Artyuom/(Johnny Vietnam) (NEWHP: 15.6)  (Hull Lower (168, 121, 3))
[18:01:09]ATTACK: Alot/(Young Lurker (392)) has slashed Artyuom/(Johnny Vietnam) (NEWHP: 1.1)  (Hull Lower (168, 121, 3))
[18:01:13]ATTACK: Alot/(Young Lurker (392)) has slashed Artyuom/(Johnny Vietnam) (NEWHP: 1.3)  (Hallway Port (171, 121, 3))
[18:01:14]ATTACK: Artyuom/(Johnny Vietnam) has bitten Alot/(Young Lurker (392)) (NEWHP: 150)  (Hallway Port (171, 121, 3))
[18:01:15]ATTACK: Alot/(Young Lurker (392)) has tail-stabbed Artyuom/(Johnny Vietnam) (NEWHP: -23.7)  (Hallway Port (171, 121, 3))
[18:01:16]ATTACK: Artyuom/(Johnny Vietnam) has bitten Alot/(Young Lurker (392)) (NEWHP: 150)  (Hallway Port (171, 121, 3))
[18:01:18]ATTACK: Alot/(Young Lurker (392)) has slashed Artyuom/(Johnny Vietnam) (NEWHP: -23.7)  (Hallway Port (173, 121, 3))
[18:01:19]ATTACK: Alot/(Young Lurker (392)) has tail-stabbed Artyuom/(Johnny Vietnam) (NEWHP: -23.7)  (Hallway Port (173, 121, 3))
[18:01:20]ATTACK: Alot/(Young Lurker (392)) has slashed Artyuom/(Johnny Vietnam) (NEWHP: -23.7)  (Hallway Port (173, 121, 3))
[18:01:21]ATTACK: Alot/(Young Lurker (392)) has slashed Artyuom/(Johnny Vietnam) (NEWHP: -34.7)  (Hallway Port (173, 121, 3))
[18:01:22]ATTACK: Alot/(Young Lurker (392)) has slashed Artyuom/(Johnny Vietnam) (NEWHP: -47.7)  (Hallway Port (173, 121, 3))
[18:01:25]ATTACK: Alot/(Young Lurker (392)) has slashed Artyuom/(Johnny Vietnam) (NEWHP: -47.7)  (Hallway Port (175, 121, 3))
[18:01:26]ATTACK: Alot/(Young Lurker (392)) has slashed Artyuom/(Johnny Vietnam) (NEWHP: -69.7)  (Hallway Port (175, 121, 3))
[18:01:27]ATTACK: Alot/(Young Lurker (392)) has slashed Artyuom/(Johnny Vietnam) (NEWHP: -73.7)  (Hallway Port (175, 121, 3))
[18:01:28]ATTACK: Alot/(Young Lurker (392)) has slashed Artyuom/(Johnny Vietnam) (NEWHP: -73.7)  (Hallway Port (175, 121, 3))
[18:01:29]ATTACK: Alot/(Young Lurker (392)) has slashed Artyuom/(Johnny Vietnam) (NEWHP: -88.7)  (Hallway Port (175, 121, 3))
[18:01:30]ATTACK: Alot/(Young Lurker (392)) has slashed Artyuom/(Johnny Vietnam) (NEWHP: -116.7)  (Hallway Port (175, 121, 3))
[18:02:13]ATTACK: [M56D mounted smartgun] has shot Chaburek/(Elder Empress) with [machinegun bullet] (NEWHP: 500)  (USS Almayer Evac 3 (189, 231, 3))
[18:02:13]ATTACK: M56D mounted smartgun shot Elder Empress (chaburek) with a the machinegun bullet (<A HREF='?_src_=holder;adminplayerobservecoodjump=1;X=189;Y=231;Z=3'>JMP</a>)
[18:02:14]ATTACK: Chaburek/(Elder Empress) has spat on [metal barricade] with corrosive acid (Hallway Aft (185, 231, 3))
[18:02:14]ATTACK: Elder Empress (chaburek) spat acid on the metal barricade.
[18:02:14]ATTACK: [M56D mounted smartgun] has shot Chaburek/(Elder Empress) with [machinegun bullet] (NEWHP: 479.5)  (USS Almayer Evac 3 (189, 231, 3))
[18:02:14]ATTACK: M56D mounted smartgun shot Elder Empress (chaburek) with a the machinegun bullet (<A HREF='?_src_=holder;adminplayerobservecoodjump=1;X=189;Y=231;Z=3'>JMP</a>)
[18:02:14]ATTACK: [M56D mounted smartgun] has shot Chaburek/(Elder Empress) with [machinegun bullet] (NEWHP: 438.5)  (USS Almayer Evac 3 (189, 231, 3))
[18:02:14]ATTACK: M56D mounted smartgun shot Elder Empress (chaburek) with a the machinegun bullet (<A HREF='?_src_=holder;adminplayerobservecoodjump=1;X=189;Y=231;Z=3'>JMP</a>)
[18:02:14]ATTACK: [M56D mounted smartgun] has shot Chaburek/(Elder Empress) with [machinegun bullet] (NEWHP: 399)  (USS Almayer Evac 3 (189, 231, 3))
[18:02:14]ATTACK: M56D mounted smartgun shot Elder Empress (chaburek) with a the machinegun bullet (<A HREF='?_src_=holder;adminplayerobservecoodjump=1;X=189;Y=231;Z=3'>JMP</a>)
[18:02:15]ATTACK: [M56D mounted smartgun] has shot Chaburek/(Elder Empress) with [machinegun bullet] (NEWHP: 357.5)  (USS Almayer Evac 3 (189, 231, 3))
[18:02:15]ATTACK: M56D mounted smartgun shot Elder Empress (chaburek) with a the machinegun bullet (<A HREF='?_src_=holder;adminplayerobservecoodjump=1;X=189;Y=231;Z=3'>JMP</a>)
[18:03:15]ATTACK: [M56D mounted smartgun] has shot Alot/(Mature Lurker (392)) with [machinegun bullet] (NEWHP: 170)  (USS Almayer Evac 3 (189, 231, 3))
[18:03:15]ATTACK: M56D mounted smartgun shot Mature Lurker (392) (alot) with a the machinegun bullet (<A HREF='?_src_=holder;adminplayerobservecoodjump=1;X=189;Y=231;Z=3'>JMP</a>)
[18:03:16]ATTACK: [M56D mounted smartgun] has shot Alot/(Mature Lurker (392)) with [machinegun bullet] (NEWHP: 128.5)  (USS Almayer Evac 3 (189, 231, 3))
[18:03:16]ATTACK: M56D mounted smartgun shot Mature Lurker (392) (alot) with a the machinegun bullet (<A HREF='?_src_=holder;adminplayerobservecoodjump=1;X=189;Y=231;Z=3'>JMP</a>)
[18:03:18]ATTACK: [M56D mounted smartgun] has shot Alot/(Mature Lurker (392)) with [machinegun bullet] (NEWHP: 84.5)  (USS Almayer Evac 3 (189, 231, 3))
[18:03:18]ATTACK: M56D mounted smartgun shot Mature Lurker (392) (alot) with a the machinegun bullet (<A HREF='?_src_=holder;adminplayerobservecoodjump=1;X=189;Y=231;Z=3'>JMP</a>)
[18:03:18]ATTACK: [M56D mounted smartgun] has shot Alot/(Mature Lurker (392)) with [machinegun bullet] (NEWHP: 39.5)  (USS Almayer Evac 3 (189, 231, 3))
[18:03:18]ATTACK: M56D mounted smartgun shot Mature Lurker (392) (alot) with a the machinegun bullet (<A HREF='?_src_=holder;adminplayerobservecoodjump=1;X=189;Y=231;Z=3'>JMP</a>)
[18:03:20]ATTACK: [M56D mounted smartgun] has shot Alot/(Mature Lurker (392)) with [machinegun bullet] (NEWHP: -2.5)  (USS Almayer Evac 3 (189, 231, 3))
[18:03:20]ATTACK: M56D mounted smartgun shot Mature Lurker (392) (alot) with a the machinegun bullet (<A HREF='?_src_=holder;adminplayerobservecoodjump=1;X=189;Y=231;Z=3'>JMP</a>)
[18:03:20]ATTACK: [M56D mounted smartgun] has shot Alot/(Mature Lurker (392)) with [machinegun bullet] (NEWHP: -48.5)  (USS Almayer Evac 3 (189, 231, 3))
[18:03:20]ATTACK: M56D mounted smartgun shot Mature Lurker (392) (alot) with a the machinegun bullet (<A HREF='?_src_=holder;adminplayerobservecoodjump=1;X=189;Y=231;Z=3'>JMP</a>)
[18:03:21]ATTACK: [M56D mounted smartgun] has shot Alot/(Mature Lurker (392)) with [machinegun bullet] (NEWHP: -103)  (USS Almayer Evac 3 (189, 231, 3))
[18:03:21]ATTACK: M56D mounted smartgun shot Mature Lurker (392) (alot) with a the machinegun bullet (<A HREF='?_src_=holder;adminplayerobservecoodjump=1;X=189;Y=231;Z=3'>JMP</a>)
[18:03:21]ATTACK: [M56D mounted smartgun] has shot Alot/(Mature Lurker (392)) with [machinegun bullet] (NEWHP: -103)  (USS Almayer Evac 3 (189, 231, 3))
[18:03:21]ATTACK: M56D mounted smartgun shot Mature Lurker (392) (alot) with a the machinegun bullet (<A HREF='?_src_=holder;adminplayerobservecoodjump=1;X=189;Y=231;Z=3'>JMP</a>)
[18:05:10]ATTACK: Chaburek/(Elder Empress) has spat on [plasteel barricade] with corrosive acid (Hallway Aft (186, 231, 3))
[18:05:10]ATTACK: Elder Empress (chaburek) spat acid on the plasteel barricade.
[18:05:11]ATTACK: Chaburek/(Elder Empress) has spat on [flare] with corrosive acid (Hallway Aft (186, 231, 3))
[18:05:11]ATTACK: Elder Empress (chaburek) spat acid on the flare.
[18:05:11]ATTACK: Chaburek/(Elder Empress) has spat on [plasteel barricade] with corrosive acid (Hallway Aft (186, 231, 3))
[18:05:11]ATTACK: Elder Empress (chaburek) spat acid on the plasteel barricade.
[18:05:12]ATTACK: Chaburek/(Elder Empress) has spat on [flare] with corrosive acid (Hallway Aft (186, 231, 3))
[18:05:12]ATTACK: Elder Empress (chaburek) spat acid on the flare.
[18:05:12]ATTACK: Chaburek/(Elder Empress) has spat on [plasteel barricade] with corrosive acid (Hallway Aft (186, 231, 3))
[18:05:12]ATTACK: Elder Empress (chaburek) spat acid on the plasteel barricade.
[18:05:13]ATTACK: Chaburek/(Elder Empress) has spat on [metal barricade] with corrosive acid (Hallway Aft (186, 231, 3))
[18:05:13]ATTACK: Elder Empress (chaburek) spat acid on the metal barricade.
[18:05:13]ATTACK: Chaburek/(Elder Empress) has spat on [metal barricade] with corrosive acid (Hallway Aft (186, 231, 3))
[18:05:13]ATTACK: Elder Empress (chaburek) spat acid on the metal barricade.
[18:05:13]ATTACK: Chaburek/(Elder Empress) has spat on [metal barricade] with corrosive acid (Hallway Aft (186, 231, 3))
[18:05:13]ATTACK: Elder Empress (chaburek) spat acid on the metal barricade.
