

Starting up round 16:13:31
---------------------
[16:13:31]MISC: Saved mode is 'Distress Signal'
[16:13:31]ADMIN: Loading jobban_rank
[16:13:31]ADMIN: Loading Banlist
[16:13:31]DEBUG: Error setting up jobs, blank title job: /datum/job/captain.
[16:13:31]DEBUG: Error setting up jobs, blank title job: /datum/job/hop.
[16:13:31]DEBUG: Error setting up jobs, blank title job: /datum/job/assistant.
[16:13:31]DEBUG: Error setting up jobs, blank title job: /datum/job/bartender.
[16:13:31]DEBUG: Error setting up jobs, blank title job: /datum/job/chef.
[16:13:31]DEBUG: Error setting up jobs, blank title job: /datum/job/hydro.
[16:13:31]DEBUG: Error setting up jobs, blank title job: /datum/job/mining.
[16:13:31]DEBUG: Error setting up jobs, blank title job: /datum/job/janitor.
[16:13:31]DEBUG: Error setting up jobs, blank title job: /datum/job/librarian.
[16:13:31]DEBUG: Error setting up jobs, blank title job: /datum/job/lawyer.
[16:13:31]DEBUG: Error setting up jobs, blank title job: /datum/job/chaplain.
[16:13:31]DEBUG: Error setting up jobs, blank title job: /datum/job/qm.
[16:13:31]DEBUG: Error setting up jobs, blank title job: /datum/job/cargo_tech.
[16:13:31]DEBUG: Error setting up jobs, blank title job: /datum/job/chief_engineer.
[16:13:31]DEBUG: Error setting up jobs, blank title job: /datum/job/engineer.
[16:13:31]DEBUG: Error setting up jobs, blank title job: /datum/job/atmos.
[16:13:31]DEBUG: Error setting up jobs, blank title job: /datum/job/cmo.
[16:13:31]DEBUG: Error setting up jobs, blank title job: /datum/job/doctor.
[16:13:31]DEBUG: Error setting up jobs, blank title job: /datum/job/chemist.
[16:13:31]DEBUG: Error setting up jobs, blank title job: /datum/job/geneticist.
[16:13:31]DEBUG: Error setting up jobs, blank title job: /datum/job/psychiatrist.
[16:13:31]DEBUG: Error setting up jobs, blank title job: /datum/job/rd.
[16:13:31]DEBUG: Error setting up jobs, blank title job: /datum/job/scientist.
[16:13:31]DEBUG: Error setting up jobs, blank title job: /datum/job/roboticist.
[16:13:31]DEBUG: Error setting up jobs, blank title job: /datum/job/hos.
[16:13:31]DEBUG: Error setting up jobs, blank title job: /datum/job/warden.
[16:13:31]DEBUG: Error setting up jobs, blank title job: /datum/job/detective.
[16:13:31]DEBUG: Error setting up jobs, blank title job: /datum/job/officer.
[16:13:39]DEBUG: Next event in 29.222 minutes.
[16:13:40]ACCESS: Login: BlackCrystalic/(BlackCrystalic) from 127.0.0.1-3990586367 || BYOND v513.1513
[16:13:40]ACCESS: Login: ZyberCpechnaz/(ZyberCpechnaz) from 127.0.0.1-3990586367 || BYOND v513.1513
[16:13:40]ACCESS: Notice: ZyberCpechnaz/(ZyberCpechnaz) has the same IP (127.0.0.1) and ID (3990586367) as BlackCrystalic/(BlackCrystalic).
[16:13:40]ACCESS: Login: Artyuom/(Artyuom) from 95.174.127.234-114134526 || BYOND v513.1517
[16:13:40]ACCESS: Login: EngineerConager/(EngineerConager) from 176.32.154.191-2402443160 || BYOND v513.1525
[16:13:40]ACCESS: Login: Bobadoba/(Bobadoba) from 217.77.215.165-1393982353 || BYOND v513.1525
[16:13:41]ACCESS: Login: Chaburek/(Chaburek) from 178.46.63.9-2047396774 || BYOND v513.1513
[16:13:41]ACCESS: Login: CM.RU/(CM.RU) from 80.240.253.147-3990586367 || BYOND v513.1513
[16:13:41]ACCESS: Notice: CM.RU/(CM.RU) has the same ID (3990586367) as BlackCrystalic/(BlackCrystalic).
[16:13:41]ACCESS: Notice: CM.RU/(CM.RU) has the same ID (3990586367) as ZyberCpechnaz/(ZyberCpechnaz).
[16:13:41]ACCESS: Login: Drooper/(Drooper) from 178.49.120.109-144915930 || BYOND v513.1513
[16:13:41]ACCESS: Logout: BlackCrystalic/(BlackCrystalic)
[16:13:41]ACCESS: Logout: ZyberCpechnaz/(ZyberCpechnaz)
[16:13:41]ACCESS: Login: ZyberCpechnaz/(ZyberCpechnaz) from 127.0.0.1-3990586367 || BYOND v513.1513
[16:13:41]ACCESS: Notice: ZyberCpechnaz/(ZyberCpechnaz) has the same ID (3990586367) as CM.RU/(CM.RU).
[16:13:41]ACCESS: Login: BlackCrystalic/(BlackCrystalic) from 127.0.0.1-3990586367 || BYOND v513.1513
[16:13:41]ACCESS: Notice: BlackCrystalic/(BlackCrystalic) has the same ID (3990586367) as CM.RU/(CM.RU).
[16:13:41]ACCESS: Notice: BlackCrystalic/(BlackCrystalic) has the same IP (127.0.0.1) and ID (3990586367) as ZyberCpechnaz/(ZyberCpechnaz).
[16:13:41]ACCESS: Logout: Artyuom/(Artyuom)
[16:13:43]ACCESS: Logout: CM.RU/(CM.RU)
[16:13:43]ACCESS: Logout: Chaburek/(Chaburek)
[16:13:43]ACCESS: Logout: EngineerConager/(EngineerConager)
[16:13:43]ACCESS: Logout: Drooper/(Drooper)
[16:13:43]ACCESS: Logout: Bobadoba/(Bobadoba)
[16:13:44]DEBUG: ERROR CODE EV1.5: could not find door in USS Almayer Evac 22.
[16:13:44]DEBUG: ERROR CODE EV1.5: could not find door in USS Almayer Evac 9.
[16:13:44]DEBUG: ERROR CODE EV1.5: could not find door in USS Almayer Evac 3.
[16:13:45]ACCESS: Login: CM.RU/(CM.RU) from 80.240.253.147-3990586367 || BYOND v513.1513
[16:13:45]ACCESS: Notice: CM.RU/(CM.RU) has the same ID (3990586367) as ZyberCpechnaz/(ZyberCpechnaz).
[16:13:45]ACCESS: Notice: CM.RU/(CM.RU) has the same ID (3990586367) as BlackCrystalic/(BlackCrystalic).
[16:13:45]ACCESS: Login: Artyuom/(Artyuom) from 95.174.127.234-114134526 || BYOND v513.1517
[16:13:46]ACCESS: Login: Bobadoba/(Bobadoba) from 217.77.215.165-1393982353 || BYOND v513.1525
[16:13:46]ACCESS: Login: EngineerConager/(EngineerConager) from 176.32.154.191-2402443160 || BYOND v513.1525
[16:13:46]ACCESS: Login: Drooper/(Drooper) from 178.49.120.109-144915930 || BYOND v513.1513
[16:13:47]ACCESS: Login: Chaburek/(Chaburek) from 178.46.63.9-2047396774 || BYOND v513.1513
[16:13:56]ACCESS: Logout: Drooper/(Drooper)
[16:14:19]ACCESS: Login: Sewa/(Sewa) from 188.19.54.29-1345515308 || BYOND v513.1525
[16:14:21]ACCESS: Logout: Sewa/(Sewa)
[16:14:25]ACCESS: Login: Sewa/(Sewa) from 188.19.54.29-1345515308 || BYOND v513.1525
[16:16:18]ACCESS: Logout: Bobadoba/(Bobadoba)
[16:16:24]ACCESS: Login: Bobadoba/(Bobadoba) from 217.77.215.165-1393982353 || BYOND v513.1525
[16:16:26]ACCESS: Logout: Bobadoba/(Bobadoba)
[16:16:29]ACCESS: Login: Bobadoba/(Bobadoba) from 217.77.215.165-1393982353 || BYOND v513.1525
[16:16:30]ACCESS: Logout: Bobadoba/(Bobadoba)
[16:16:40]ACCESS: Login: Bobadoba/(Bobadoba) from 217.77.215.165-1393982353 || BYOND v513.1525
[16:16:41]ACCESS: Logout: Bobadoba/(Bobadoba)
[16:17:49]ACCESS: Login: Bobadoba/(Bobadoba) from 217.77.215.165-1393982353 || BYOND v513.1525
[16:18:03]ACCESS: Logout: Bobadoba/(Bobadoba)
[16:21:49]ACCESS: Logout: *no key*/(BlackCrystalic)
[16:21:49]ACCESS: Login: BlackCrystalic/(Blacky 'GG' Crysis) from 127.0.0.1-3990586367 || BYOND v513.1513
[16:21:49]ACCESS: Notice: BlackCrystalic/(Blacky 'GG' Crysis) has the same IP (127.0.0.1) and ID (3990586367) as ZyberCpechnaz/(ZyberCpechnaz).
[16:21:49]ACCESS: Notice: BlackCrystalic/(Blacky 'GG' Crysis) has the same ID (3990586367) as CM.RU/(CM.RU).
[16:22:42]DEBUG: Chaburek had Alien enabled, so we are drafting them.
[16:22:42]DEBUG: Sewa had Survivor enabled, so we are drafting them.
[16:22:42]ACCESS: Logout: *no key*/(ZyberCpechnaz)
[16:22:42]ACCESS: Login: ZyberCpechnaz/(Javier Ahmed) from 127.0.0.1-3990586367 || BYOND v513.1513
[16:22:42]ACCESS: Notice: ZyberCpechnaz/(Javier Ahmed) has the same ID (3990586367) as CM.RU/(CM.RU).
[16:22:42]ACCESS: Notice: ZyberCpechnaz/(Javier Ahmed) has the same IP (127.0.0.1) and ID (3990586367) as BlackCrystalic/(Blacky 'GG' Crysis).
[16:22:42]ACCESS: Logout: *no key*/(EngineerConager)
[16:22:42]ACCESS: Login: EngineerConager/(Dell Conrad) from 176.32.154.191-2402443160 || BYOND v513.1525
[16:22:42]ACCESS: Logout: *no key*/(Chaburek)
[16:22:42]ACCESS: Login: Chaburek/(Haidee Baxter) from 178.46.63.9-2047396774 || BYOND v513.1513
[16:22:42]ACCESS: Logout: *no key*/(Sewa)
[16:22:42]ACCESS: Login: Sewa/(Kelvin Focell) from 188.19.54.29-1345515308 || BYOND v513.1525
[16:22:43]ADMIN: ZyberCpechnaz/(Javier Ahmed) has been assigned as Alpha Squad Leader
[16:22:43]ACCESS: Logout: *no key*/(Haidee Baxter)
[16:22:43]ACCESS: Login: Chaburek/(Bloody Larva (0)) from 178.46.63.9-2047396774 || BYOND v513.1513
[16:23:02]ACCESS: Logout: *no key*/(Artyuom)
[16:23:02]ACCESS: Login: Artyuom/(Johnny Vietnam) from 95.174.127.234-114134526 || BYOND v513.1517
[16:23:02]ADMIN: Artyuom/(Johnny Vietnam) has been assigned as Alpha Squad Medic
[16:23:41]SAY: Artyuom/(Johnny Vietnam) "Привет" (Squad Alpha Cargo (207, 176, 3))
[16:24:34]ACCESS: Logout: *no key*/(Mature Larva (171))
[16:24:34]ACCESS: Login: Chaburek/(Drone) from 178.46.63.9-2047396774 || BYOND v513.1513
[16:25:57]ACCESS: Logout: *no key*/(Young Drone (171))
[16:25:57]ACCESS: Login: Chaburek/(Queen) from 178.46.63.9-2047396774 || BYOND v513.1513
[16:26:37]ACCESS: Login: Fogusin/(Fogusin) from 188.122.224.10-1633234977 || BYOND v513.1520
[16:26:57]EMOTE: Chaburek/(Queen) <B>The Queen</B> roars! (Western Caves (28, 128, 1))
[16:27:13]ACCESS: Logout: Fogusin/(Fogusin)
[16:27:35]ACCESS: Login: Fogusin/(Fogusin) from 188.122.224.10-1633234977 || BYOND v513.1520
[16:27:37]SAY: Artyuom/(Johnny Vietnam) "Атачи" (Squad Alpha Cargo (178, 175, 3))
[16:28:03]EMOTE: Chaburek/(Queen) <B>The Queen</B> roars! (Central Caves (82, 165, 1))
[16:28:20]ACCESS: Logout: Fogusin/(Fogusin)
[16:28:31]EMOTE: Chaburek/(Queen) <B>The Queen</B> roars! (Central Caves (128, 163, 1))
[16:28:36]EMOTE: Chaburek/(Queen) <B>The Queen</B> roars! (Eastern Caves (141, 163, 1))
[16:30:24]ACCESS: Login: Alot/(Alot) from 85.141.70.207-1465043992 || BYOND v513.1513
[16:30:25]ACCESS: Logout: Alot/(Alot)
[16:30:28]ACCESS: Login: Alot/(Alot) from 85.141.70.207-1465043992 || BYOND v513.1513
[16:32:02]SAY: *no key*/(corgi) "Bark!" (Commandant's Quarters (107, 24, 1))
[16:32:13]ACCESS: Logout: *no key*/(Alot)
[16:32:13]ACCESS: Login: Alot/(Sarah 'Phantom' Black) from 85.141.70.207-1465043992 || BYOND v513.1513
[16:32:13]ADMIN: Alot/(Sarah 'Phantom' Black) has been assigned as Alpha Squad Specialist
[16:33:30]SAY: EngineerConager/(Dell Conrad) "Давайте быстрее" (Hallway Starboard (180, 172, 3))
[16:33:32]ACCESS: Login: Benjeman/(Benjeman) from 2.132.232.33-2125726108 || BYOND v513.1525
[16:33:33]ACCESS: Logout: Benjeman/(Benjeman)
[16:33:37]ACCESS: Login: Benjeman/(Benjeman) from 2.132.232.33-2125726108 || BYOND v513.1525
[16:35:24]ACCESS: Logout: *no key*/(Benjeman)
[16:35:24]ACCESS: Login: Benjeman/(Jakob Beach) from 2.132.232.33-2125726108 || BYOND v513.1525
[16:36:10]SAY: *no key*/(МилкиВей) "Purr!" (Commander's Bunk (95, 268, 3))
[16:36:50]GAME: Explosion with size (-1, -1, 1) in area Squad Alpha Cargo 
[16:36:50]GAME: Explosion with size (-1, -1, 1) in area Squad Alpha Cargo 
[16:36:55]GAME: Explosion with size (-1, -1, 1) in area Squad Alpha Cargo 
[16:36:55]GAME: Explosion with size (-1, -1, 1) in area Squad Alpha Cargo 
[16:36:55]GAME: Explosion with size (-1, -1, 1) in area Squad Alpha Cargo 
[16:36:56]GAME: Explosion with size (-1, -1, 1) in area Hallway Starboard 
[16:37:08]SAY: ZyberCpechnaz/(Javier Ahmed) "Мощь" (Hallway Starboard (180, 174, 3))
[16:37:11]SAY: Alot/(Sarah 'Phantom' Black) "Блядь" (Hallway Starboard (180, 176, 3))
[16:37:14]SAY: Alot/(Sarah 'Phantom' Black) "У нас есть тир" (Hallway Starboard (180, 176, 3))
[16:37:17]SAY: Alot/(Sarah 'Phantom' Black) "Нахуя тут" (Hallway Starboard (180, 176, 3))
[16:38:10]GAME: Explosion with size (-1, -1, 1) in area Squad Alpha Cargo 
[16:38:10]GAME: Explosion with size (-1, -1, 1) in area Squad Alpha Cargo 
[16:38:10]GAME: Explosion with size (-1, -1, 1) in area Squad Alpha Cargo 
[16:38:11]SAY: EngineerConager/(Dell Conrad) "Чё ?" (Hallway Port (144, 140, 3))
[16:38:11]GAME: Explosion with size (-1, -1, 1) in area Squad Alpha Cargo 
[16:38:11]GAME: Explosion with size (-1, -1, 1) in area Squad Alpha Cargo 
[16:38:11]GAME: Explosion with size (-1, -1, 1) in area Squad Alpha Cargo 
[16:38:13]SAY: EngineerConager/(Dell Conrad) "Ебать" (Hallway Port (144, 140, 3))
[16:38:13]SAY: Artyuom/(Johnny Vietnam) "Отдай сигары" (Hallway Port (142, 140, 3))
[16:38:17]GAME: Explosion with size (-1, -1, 1) in area Squad Alpha Cargo 
[16:38:17]GAME: Explosion with size (-1, -1, 1) in area Squad Alpha Cargo 
[16:38:18]GAME: Explosion with size (-1, -1, 1) in area Squad Alpha Cargo 
[16:38:18]GAME: Explosion with size (-1, -1, 1) in area Squad Alpha Cargo 
[16:38:19]GAME: Explosion with size (-1, -1, 1) in area Squad Alpha Cargo 
[16:38:19]GAME: Explosion with size (-1, -1, 1) in area Squad Alpha Cargo 
[16:38:21]SAY: EngineerConager/(Dell Conrad) "А всё уж.." (Hallway Port (144, 140, 3))
[16:38:22]SAY: Artyuom/(Johnny Vietnam) "Это сл играется" (Hallway Port (142, 140, 3))
[16:38:26]SAY: EngineerConager/(Dell Conrad) "Что там за хуйня" (Hallway Port (144, 140, 3))
[16:39:00]GAME: Explosion with size (-1, -1, 1) in area Firing Range Lower 
[16:39:01]GAME: Explosion with size (-1, -1, 1) in area Firing Range Lower 
[16:39:01]GAME: Explosion with size (-1, -1, 1) in area Firing Range Lower 
[16:39:02]GAME: Explosion with size (-1, -1, 1) in area Firing Range Lower 
[16:39:02]GAME: Explosion with size (-1, -1, 1) in area Firing Range Lower 
[16:39:03]GAME: Explosion with size (-1, -1, 1) in area Firing Range Lower 
[16:39:07]GAME: Explosion with size (-1, -1, 1) in area Firing Range Lower 
[16:39:07]GAME: Explosion with size (-1, -1, 1) in area Firing Range Lower 
[16:39:08]GAME: Explosion with size (-1, -1, 1) in area Firing Range Lower 
[16:39:08]GAME: Explosion with size (-1, -1, 1) in area Firing Range Lower 
[16:39:09]GAME: Explosion with size (-1, -1, 1) in area Firing Range Lower 
[16:39:09]GAME: Explosion with size (-1, -1, 1) in area Firing Range Lower 
[16:39:14]GAME: Explosion with size (-1, -1, 1) in area Firing Range Lower 
[16:39:14]GAME: Explosion with size (-1, -1, 1) in area Firing Range Lower 
[16:39:15]SAY: *no key*/(corgi) "AUUUUUU" (Commandant's Quarters (105, 23, 1))
[16:39:15]GAME: Explosion with size (-1, -1, 1) in area Firing Range Lower 
[16:39:15]GAME: Explosion with size (-1, -1, 1) in area Firing Range Lower 
[16:39:16]GAME: Explosion with size (-1, -1, 1) in area Firing Range Lower 
[16:39:16]GAME: Explosion with size (-1, -1, 1) in area Firing Range Lower 
[16:40:34]SAY: *no key*/(МилкиВей) "Meow!" (Commander's Bunk (96, 269, 3))
[16:41:23]SAY: *no key*/(corgi) "AUUUUUU" (Commandant's Quarters (106, 23, 1))
[16:41:35]GAME: Explosion with size (-1, -1, 1) in area Hallway Starboard 
[16:41:39]GAME: Explosion with size (-1, -1, 1) in area Cafeteria Starboard 
[16:41:54]GAME: Explosion with size (-1, -1, 1) in area Hallway Port 
[16:41:54]GAME: Explosion with size (-1, -1, 1) in area Hallway Port 
[16:41:56]GAME: Explosion with size (-1, -1, 1) in area Hallway Port 
[16:41:57]GAME: Explosion with size (-1, -1, 1) in area Hallway Port 
[16:41:58]EMOTE: EngineerConager/(Dell Conrad) <B>ENS Dell Conrad</B> screams! (Hallway Port (212, 140, 3))
[16:42:13]SAY: ZyberCpechnaz/(Javier Ahmed) "ВЫХЪОДИ" (Hallway Port (210, 138, 3))
[16:42:25]SAY: EngineerConager/(Dell Conrad) "Р-Уф.." (Hallway Port (210, 141, 3))
[16:42:25]ADMIN: BlackCrystalic/(Blacky 'GG' Crysis) healed / revived EngineerConager/(Dell Conrad)
[16:42:29]ADMIN: BlackCrystalic/(Blacky 'GG' Crysis) healed / revived ZyberCpechnaz/(Javier Ahmed)
[16:42:37]GAME: Explosion with size (-1, -1, 1) in area Squad Charlie Preparation 
[16:42:38]GAME: Explosion with size (-1, -1, 1) in area Squad Charlie Preparation 
[16:42:39]GAME: Explosion with size (-1, -1, 1) in area Squad Charlie Preparation 
[16:42:39]GAME: Explosion with size (-1, -1, 1) in area Squad Charlie Preparation 
[16:42:40]GAME: Explosion with size (-1, -1, 1) in area Squad Charlie Preparation 
[16:42:40]GAME: Explosion with size (-1, -1, 1) in area Squad Charlie Preparation 
[16:42:41]SAY: EngineerConager/(Dell Conrad) "Ну и к чётру" (Hallway Port (210, 140, 3))
[16:42:47]SAY: Artyuom/(Johnny Vietnam) "Сигареты отдай" (Hallway Port (202, 140, 3))
[16:42:50]SAY: EngineerConager/(Dell Conrad) "Ладно на" (Hallway Port (200, 140, 3))
[16:42:55]DEBUG: Next event in 33.068 minutes.
[16:43:10]EMOTE: Artyuom/(Johnny Vietnam) <B>CPL Johnny Vietnam</B> screams! (Hallway Port (190, 140, 3))
[16:43:14]EMOTE: Artyuom/(Johnny Vietnam) <B>CPL Johnny Vietnam</B> screams! (Hallway Port (187, 139, 3))
[16:43:14]EMOTE: Artyuom/(Johnny Vietnam) <B>CPL Johnny Vietnam</B> screams! (Hallway Port (187, 139, 3))
[16:43:14]EMOTE: EngineerConager/(Dell Conrad) <B>ENS Dell Conrad</B> screams! (Hallway Port (193, 141, 3))
[16:43:16]EMOTE: EngineerConager/(Dell Conrad) <B>ENS Dell Conrad</B> lets out a sharp cry and drops what they were holding in their right hand! (Hallway Port (193, 140, 3))
[16:43:24]ADMIN: BlackCrystalic/(Blacky 'GG' Crysis) healed / revived Artyuom/(Johnny Vietnam)
[16:43:25]EMOTE: EngineerConager/(Dell Conrad) <B>ENS Dell Conrad</B> cries out and drops what they were holding in their right hand! (Hallway Port (193, 140, 3))
[16:43:26]EMOTE: EngineerConager/(Dell Conrad) <B>ENS Dell Conrad</B> screams! (Hallway Port (194, 140, 3))
[16:43:26]EMOTE: EngineerConager/(Dell Conrad) <B>ENS Dell Conrad</B> screams! (Hallway Port (194, 140, 3))
[16:43:26]EMOTE: EngineerConager/(Dell Conrad) <B>ENS Dell Conrad</B> screams! (Hallway Port (195, 140, 3))
[16:43:27]EMOTE: EngineerConager/(Dell Conrad) <B>ENS Dell Conrad</B> screams! (Hallway Port (195, 140, 3))
[16:43:27]EMOTE: EngineerConager/(Dell Conrad) <B>ENS Dell Conrad</B> screams! (Hallway Port (196, 140, 3))
[16:43:31]ADMIN: BlackCrystalic/(Blacky 'GG' Crysis) healed / revived EngineerConager/(Dell Conrad)
[16:44:35]SAY: Chaburek/(Queen) "Когда же пройдет этот туман..." (North Eastern Barrens (123, 136, 1))
[16:45:45]SAY: ZyberCpechnaz/(Javier Ahmed) "ВСЕМ НА АЛАМО" (Dropship Alamo (92, 151, 3))
[16:46:59]SAY: *no key*/(МилкиВей) "HSSSSS" (Commander's Bunk (98, 269, 3))
[16:47:09]SAY: Sewa/(Kelvin Focell) "Тест" (Communications Relay (75, 24, 1))
[16:47:24]SAY: Sewa/(Kelvin Focell) "Џ тест" (Communications Relay (76, 24, 1))
[16:47:34]SAY: Sewa/(Kelvin Focell) "Тест" (Communications Relay (76, 24, 1))
[16:47:47]SAY: *no key*/(МилкиВей) "HSSSSS" (Commander's Bunk (98, 270, 3))
[16:49:38]SAY: ZyberCpechnaz/(Javier Ahmed) "МАРИН, БЫСТРО, НА ШАТЛ, МЫ ТЕБ ЖДЁМ" (Dropship Alamo (92, 158, 3))
[16:51:57]SAY: *no key*/(corgi) "Woof!" (Commandant's Quarters (107, 24, 1))
[16:52:04]ADMIN: Dell Conrad (EngineerConager) launched a shuttle from 'Alamo' flight controls
[16:52:33]SAY: ZyberCpechnaz/(Javier Ahmed) "ВЫ УЁБКИ" (Hallway Starboard (181, 169, 3))
[16:52:37]SAY: ZyberCpechnaz/(Javier Ahmed) "ВАС РАЗЖАЛУЮТ" (Hallway Starboard (181, 169, 3))
[16:52:43]SAY: ZyberCpechnaz/(Javier Ahmed) "Я ВЫШЕ ВАС ПО РАНГУ" (Hallway Starboard (181, 169, 3))
[16:52:59]SAY: Artyuom/(Johnny Vietnam) "А ты говно" (Dropship Alamo Transit (69, 25, 4))
[16:53:00]GAME: Sewa/(Kelvin Focell) planted plastic explosives on reinforced wall at (39,22,1) with 10 second fuse
[16:53:10]GAME: Explosion with size (-1, -1, 2) in area Secure Storage 
[16:53:21]GAME: Sewa/(Kelvin Focell) planted plastic explosives on reinforced wall at (39,21,1) with 10 second fuse
[16:53:31]GAME: Explosion with size (-1, -1, 2) in area Secure Storage 
[16:53:34]SAY: ZyberCpechnaz/(Javier Ahmed) "ПОСКОЛЬКУ, Я ВЫШИЙ ПО РАНГУ, Я ВАС РАЗЖАЛУЮ" (Hangar (97, 152, 3))
[16:53:59]SAY: Alot/(Sarah 'Phantom' Black) "Сэр... А что получается нас таак мало?" (Dropship Alamo Transit (72, 30, 4))
[16:54:22]SAY: ZyberCpechnaz/(Javier Ahmed) "Я вас разжалую!" (Hangar (80, 159, 3))
[16:54:26]SAY: ZyberCpechnaz/(Javier Ahmed) "ТВАРИ" (Hangar (80, 159, 3))
[16:54:54]ADMIN: EngineerConager/(Dell Conrad) used a apc megaphone to say: >Готовы ?<
[16:55:18]ADMIN: EngineerConager/(Dell Conrad) used a apc megaphone to say: >БИП БИП СУКА<
[16:56:31]ADMIN: EngineerConager/(Dell Conrad) used a apc megaphone to say: >Свет<
[16:57:31]ADMIN: EngineerConager/(Dell Conrad) used a apc megaphone to say: >Указывайте дорогу  <
[16:57:59]SAY: Alot/(Sarah 'Phantom' Black) "Там слишком мало места" (Central Barrens (71, 115, 1))
[16:58:07]SAY: Alot/(Sarah 'Phantom' Black) "Дальше только пешком" (Central Barrens (70, 116, 1))
[16:58:28]ADMIN: EngineerConager/(Dell Conrad) used a apc megaphone to say: >Идём назад<
[16:58:32]ADMIN: EngineerConager/(Dell Conrad) used a apc megaphone to say: >Ищем людей<
[16:58:41]SAY: *no key*/(МилкиВей) "Meow!" (Commander's Bunk (97, 267, 3))
[16:58:48]SAY: Alot/(Sarah 'Phantom' Black) "Стой" (South Central Barrens (76, 112, 1))
[16:58:55]SAY: Alot/(Sarah 'Phantom' Black) "Можно поднятся на борт" (South Central Barrens (72, 112, 1))
[16:59:10]DEBUG: RA: trashed the product instead of recycling. Current shelf length is: <b>40</b>
[16:59:31]SAY: *no key*/(МилкиВей) "Esp!" (Commander's Bunk (97, 268, 3))
[16:59:32]SAY: Alot/(Sarah 'Phantom' Black) "Оу!" (North Western Barrens (57, 106, 1))
[16:59:36]SAY: Alot/(Sarah 'Phantom' Black) "Бедный парень" (North Western Barrens (57, 106, 1))
[16:59:37]ADMIN: EngineerConager/(Dell Conrad) used a apc megaphone to say: >Ну дальше вы сами   <
[16:59:44]SAY: Sewa/(Kelvin Focell) "Алло?" (Almayer Dropship 1 (152, 38, 1))
[16:59:54]SAY: Alot/(Sarah 'Phantom' Black) "Что то было у него в груди" (North Western Barrens (58, 106, 1))
[17:00:01]SAY: Alot/(Sarah 'Phantom' Black) "Может бомба?" (North Western Barrens (58, 106, 1))
[17:00:11]SAY: Alot/(Sarah 'Phantom' Black) "Только где осколки?" (North Western Barrens (58, 106, 1))
[17:00:43]ADMIN: EngineerConager/(Dell Conrad) used a apc megaphone to say: >Ладно возвращаемся к фобу, попробуем найти выживших    <
[17:01:56]EMOTE: Chaburek/(Elder Queen) <B>The Elder Queen</B> roars! (North Central Barrens (97, 135, 1))
[17:02:05]SAY: Alot/(Sarah 'Phantom' Black) "Apc не слишком сильно повреждён?" (APC_1 Interior (14, 68, 4))
[17:02:15]SAY: Alot/(Sarah 'Phantom' Black) "Опа" (APC_1 Interior (14, 68, 4))
[17:02:19]SAY: Alot/(Sarah 'Phantom' Black) "Вот и живой" (APC_1 Interior (14, 68, 4))
[17:02:28]SAY: Artyuom/(Johnny Vietnam) "Разрешите открыть огонь?" (Main Hallway (126, 37, 1))
[17:02:33]SAY: Alot/(Sarah 'Phantom' Black) "Кто ты?" (Main Hallway (124, 35, 1))
[17:02:47]SAY: EngineerConager/(Dell Conrad) "Ну и что тут ?" (Main Hallway (126, 35, 1))
[17:02:51]DEBUG: RA: trashed the product instead of recycling. Current shelf length is: <b>41</b>
[17:02:51]DEBUG: Increasing RA shelf space. Current maximum space: <b>50</b>
[17:02:51]ACCESS: Logout: Sewa/(Kelvin Focell)
[17:03:10]SAY: EngineerConager/(Dell Conrad) "Да тихо тихо мы тебя не тронем" (Main Hallway (123, 35, 1))
[17:03:22]SAY: EngineerConager/(Dell Conrad) "Дам.." (Main Hallway (123, 35, 1))
[17:03:26]SAY: EngineerConager/(Dell Conrad) "Ладно в БТР его" (Main Hallway (123, 35, 1))
[17:03:28]SAY: Alot/(Sarah 'Phantom' Black) "Кажется он упал в обмарок" (Main Hallway (125, 34, 1))
[17:03:44]SAY: EngineerConager/(Dell Conrad) "Спит" (APC_1 Interior (18, 68, 4))
[17:03:48]SAY: Artyuom/(Johnny Vietnam) "Был пацан и нет пацана" (APC_1 Interior (17, 68, 4))
[17:03:52]SAY: EngineerConager/(Dell Conrad) "Дам.." (Main Hallway (123, 35, 1))
[17:05:27]SAY: EngineerConager/(Dell Conrad) "Ладно давайте ещё раз попробуем осмотреть пещеры" (Main Hallway (113, 36, 1))
[17:05:35]SAY: Alot/(Sarah 'Phantom' Black) "Джони!" (Main Hallway (113, 34, 1))
[17:05:37]SAY: EngineerConager/(Dell Conrad) "ДОК" (Main Hallway (112, 34, 1))
[17:05:40]SAY: EngineerConager/(Dell Conrad) "ДАВАЙ СЮДА" (Main Hallway (112, 34, 1))
[17:05:43]SAY: Artyuom/(Johnny Vietnam) "Не" (Security (111, 30, 1))
[17:05:44]ACCESS: Logout: Benjeman/(Jakob Beach)
[17:05:55]SAY: EngineerConager/(Dell Conrad) "Да что за дичь.." (Main Hallway (117, 34, 1))
[17:05:55]SAY: *no key*/(МилкиВей) "HSSSSS" (Commander's Bunk (97, 267, 3))
[17:05:58]SAY: Artyuom/(Johnny Vietnam) "У нас потери" (Main Hallway (113, 34, 1))
[17:05:59]SAY: Artyuom/(Johnny Vietnam) "Аааа бля" (Main Hallway (113, 34, 1))
[17:06:01]SAY: Alot/(Sarah 'Phantom' Black) "Это вирус?" (Main Hallway (115, 34, 1))
[17:06:09]SAY: Artyuom/(Johnny Vietnam) "Ссд" (Main Hallway (120, 34, 1))
[17:06:25]SAY: EngineerConager/(Dell Conrad) "Нус.." (APC_1 Interior (17, 70, 4))
[17:06:27]SAY: EngineerConager/(Dell Conrad) "В пусть" (APC_1 Interior (17, 70, 4))
[17:06:30]SAY: EngineerConager/(Dell Conrad) "Кхм путь" (APC_1 Interior (18, 70, 4))
[17:06:35]SAY: Alot/(Sarah 'Phantom' Black) "Так" (APC_1 Interior (16, 68, 4))
[17:06:38]SAY: Alot/(Sarah 'Phantom' Black) "А где..." (APC_1 Interior (16, 68, 4))
[17:06:48]SAY: EngineerConager/(Dell Conrad) "Что ?" (APC_1 Interior (18, 69, 4))
[17:06:51]SAY: Alot/(Sarah 'Phantom' Black) "Лидер" (APC_1 Interior (16, 68, 4))
[17:07:01]SAY: Alot/(Sarah 'Phantom' Black) "Где наш лидер?" (APC_1 Interior (16, 68, 4))
[17:07:10]SAY: ZyberCpechnaz/(Javier Ahmed) "Блять" (Hangar (80, 159, 3))
[17:07:13]SAY: EngineerConager/(Dell Conrad) "Разве он не за турелью сидел ?!" (APC_1 Interior (18, 69, 4))
[17:07:17]SAY: Alot/(Sarah 'Phantom' Black) "Ах да" (APC_1 Interior (16, 68, 4))
[17:07:18]SAY: Alot/(Sarah 'Phantom' Black) "Точно" (APC_1 Interior (16, 68, 4))
[17:07:22]SAY: Alot/(Sarah 'Phantom' Black) "Стой" (APC_1 Interior (15, 68, 4))
[17:07:26]SAY: Alot/(Sarah 'Phantom' Black) "Ещё один!" (APC_1 Interior (15, 68, 4))
[17:07:34]SAY: EngineerConager/(Dell Conrad) "Ещё 1 ?!" (APC_1 Interior (18, 69, 4))
[17:07:39]SAY: EngineerConager/(Dell Conrad) "Это что вирус ?" (APC_1 Interior (18, 69, 4))
[17:07:42]SAY: Artyuom/(Johnny Vietnam) "Я за турелью был" (APC_1 Interior (13, 68, 4))
[17:07:45]SAY: EngineerConager/(Dell Conrad) "Бля" (APC_1 Interior (17, 69, 4))
[17:07:49]SAY: EngineerConager/(Dell Conrad) "Забыли.." (APC_1 Interior (17, 69, 4))
[17:07:51]SAY: Artyuom/(Johnny Vietnam) "Бу" (APC_1 Interior (13, 68, 4))
[17:07:56]SAY: Alot/(Sarah 'Phantom' Black) "Не пугай нас так" (APC_1 Interior (18, 70, 4))
[17:08:11]ACCESS: Login: Ryterator/(Ryterator) from 5.165.212.133-213703965 || BYOND v513.1525
[17:08:13]ACCESS: Logout: Ryterator/(Ryterator)
[17:08:17]ACCESS: Login: Ryterator/(Ryterator) from 5.165.212.133-213703965 || BYOND v513.1525
[17:08:23]SAY: Alot/(Sarah 'Phantom' Black) "Нам не нужен ремонт?" (APC_1 Interior (15, 68, 4))
[17:08:45]SAY: Alot/(Sarah 'Phantom' Black) "Ремонт?" (Almayer Dropship 1 (151, 31, 1))
[17:08:49]ADMIN: Dell Conrad (EngineerConager) launched a shuttle from 'Alamo' flight controls
[17:08:58]SAY: EngineerConager/(Dell Conrad) "Ам.." (Almayer Dropship 1 (151, 33, 1))
[17:09:08]ACCESS: Logout: Ryterator/(Ryterator)
[17:09:29]ACCESS: Login: Ryterator/(Ryterator) from 5.165.212.133-213703965 || BYOND v513.1525
[17:09:32]ACCESS: Logout: Ryterator/(Ryterator)
[17:09:33]SAY: EngineerConager/(Dell Conrad) "Дам.." (Dropship Alamo Transit (69, 23, 4))
[17:09:35]ACCESS: Login: Ryterator/(Ryterator) from 5.165.212.133-213703965 || BYOND v513.1525
[17:09:56]ACCESS: Login: Wincant/(Wincant) from 185.93.184.42-3206897444 || BYOND v512.1488
[17:09:58]ACCESS: Logout: Wincant/(Wincant)
[17:10:01]ACCESS: Logout: Ryterator/(Ryterator)
[17:11:00]ACCESS: Login: Wincant/(Wincant) from 185.93.184.42-3206897444 || BYOND v513.1525
[17:11:03]SAY: ZyberCpechnaz/(Javier Ahmed) "ВЫ РАЗЖАЛОВАНЫ, ЗА ВЫЛЕТ БЕЗ РАХРЕШЕНИЯ, ЕЩЁ РАЗ ТАК ПОВТОРИТСЯ, ДЕЛ, ПРИДЁТСЯ ВЫГОНЯТЬ" (Dropship Alamo (89, 148, 3))
[17:11:47]ACCESS: Logout: *no key*/(Wincant)
[17:11:47]ACCESS: Login: Wincant/(Sergey Dragovich) from 185.93.184.42-3206897444 || BYOND v513.1525
[17:11:57]SAY: EngineerConager/(Dell Conrad) "И где вы были ?" (Vehicle Storage (47, 157, 3))
[17:12:06]ACCESS: Logout: Wincant/(Sergey Dragovich)
[17:12:06]SAY: EngineerConager/(Dell Conrad) "Я дуал что вас уже убили !" (Vehicle Storage (47, 157, 3))
[17:12:09]SAY: ZyberCpechnaz/(Javier Ahmed) "А почему у вас вылет без разрешения" (Vehicle Storage (47, 156, 3))
[17:12:16]ACCESS: Login: Wincant/(Sergey Dragovich) from 185.93.184.42-3206897444 || BYOND v513.1525
[17:12:18]ACCESS: Logout: Wincant/(Sergey Dragovich)
[17:12:22]ACCESS: Login: Wincant/(Sergey Dragovich) from 185.93.184.42-3206897444 || BYOND v513.1525
[17:12:29]SAY: EngineerConager/(Dell Conrad) "Ну так сказали взлетать вот я взлетел" (Vehicle Storage (47, 157, 3))
[17:12:49]SAY: ZyberCpechnaz/(Javier Ahmed) "Я только тут имею право отдавать вам приказы" (Vehicle Storage (47, 156, 3))
[17:12:52]SAY: EngineerConager/(Dell Conrad) "Откуда мне было знать что вас нет ?" (Vehicle Storage (47, 157, 3))
[17:13:16]SAY: Artyuom/(Johnny Vietnam) "Самбади мэн" (Vehicle Storage (47, 158, 3))
[17:13:16]SAY: EngineerConager/(Dell Conrad) "Ну вы живы и это главное" (Vehicle Storage (47, 157, 3))
[17:13:18]SAY: EngineerConager/(Dell Conrad) "Так вот" (Vehicle Storage (47, 157, 3))
[17:13:26]SAY: EngineerConager/(Dell Conrad) "У нас 2 уснули" (Vehicle Storage (48, 158, 3))
[17:13:31]SAY: EngineerConager/(Dell Conrad) "А враг..." (Vehicle Storage (48, 158, 3))
[17:13:33]SAY: EngineerConager/(Dell Conrad) "Его нет" (Vehicle Storage (48, 158, 3))
[17:13:42]SAY: EngineerConager/(Dell Conrad) "Дам..." (Vehicle Storage (50, 159, 3))
[17:13:46]ADMIN: A bioscan/Queen Mother message has completed. Humans: 1 on the planet and 2 on the ship. Xenos: 0 on the planet and 0 on the ship.
[17:13:49]EMOTE: EngineerConager/(Dell Conrad) <B>ENS Dell Conrad</B> Чешет затылок (Vehicle Storage (50, 159, 3))
[17:13:58]SAY: Artyuom/(Johnny Vietnam) "На шашлык" (Vehicle Storage (47, 158, 3))
[17:14:04]SAY: Artyuom/(Johnny Vietnam) "Моё" (Vehicle Storage (48, 154, 3))
[17:14:12]SAY: ZyberCpechnaz/(Javier Ahmed) "ТЕБЯ НА ШАШЛЫК" (Vehicle Storage (47, 156, 3))
[17:14:15]SAY: ZyberCpechnaz/(Javier Ahmed) "УБЛЮДОК" (Vehicle Storage (47, 156, 3))
[17:14:15]SAY: Artyuom/(Johnny Vietnam) "Мой шашлык" (Vehicle Storage (45, 157, 3))
[17:14:24]SAY: Artyuom/(Johnny Vietnam) "Ай" (Vehicle Storage (46, 156, 3))
[17:14:25]SAY: Artyuom/(Johnny Vietnam) "Бля" (Vehicle Storage (46, 156, 3))
[17:14:27]SAY: Artyuom/(Johnny Vietnam) "Шашлык" (Vehicle Storage (46, 156, 3))
[17:15:07]SAY: Artyuom/(Johnny Vietnam) "Да бля" (Vehicle Storage (47, 155, 3))
[17:15:45]SAY: *no key*/(МилкиВей) "Esp!" (Commander's Bunk (97, 268, 3))
[17:15:56]GAME: Explosion with size (-1, -1, 1) in area Vehicle Storage 
[17:15:59]GAME: Explosion with size (-1, -1, 1) in area Vehicle Storage 
[17:16:02]GAME: Explosion with size (-1, -1, 1) in area Vehicle Storage 
[17:16:02]GAME: Explosion with size (-1, -1, 1) in area Vehicle Storage 
[17:16:06]DEBUG: Next event in 24.014 minutes.
[17:16:09]SAY: ZyberCpechnaz/(Javier Ahmed) "Овощь" (Vehicle Storage (48, 149, 3))
[17:16:10]SAY: EngineerConager/(Dell Conrad) "ЧТО ЗА" (Vehicle Storage (49, 151, 3))
[17:16:27]SAY: Artyuom/(Johnny Vietnam) "Бля" (Vehicle Storage (51, 149, 3))
[17:16:31]SAY: EngineerConager/(Dell Conrad) "Эй" (Vehicle Storage (51, 146, 3))
[17:16:35]ACCESS: Login: Bobadoba/(Bobadoba) from 217.77.215.165-1393982353 || BYOND v513.1525
[17:16:36]GAME: Explosion with size (-1, -1, 1) in area Vehicle Storage 
[17:16:37]GAME: Explosion with size (-1, -1, 1) in area Vehicle Storage 
[17:16:37]ACCESS: Logout: Bobadoba/(Bobadoba)
[17:16:37]GAME: Explosion with size (-1, -1, 1) in area Vehicle Storage 
[17:16:37]GAME: Explosion with size (-1, -1, 1) in area Vehicle Storage 
[17:16:38]EMOTE: Artyuom/(Johnny Vietnam) <B>CPL Unknown (as Johnny Vietnam)</B> screams! (Vehicle Storage (49, 148, 3))
[17:16:38]EMOTE: Artyuom/(Johnny Vietnam) <B>CPL Unknown (as Johnny Vietnam)</B> screams! (Vehicle Storage (49, 148, 3))
[17:16:38]EMOTE: Artyuom/(Johnny Vietnam) <B>CPL Unknown (as Johnny Vietnam)</B> screams! (Vehicle Storage (49, 148, 3))
[17:16:38]EMOTE: Artyuom/(Johnny Vietnam) <B>CPL Unknown (as Johnny Vietnam)</B> screams! (Vehicle Storage (49, 148, 3))
[17:16:38]EMOTE: Artyuom/(Johnny Vietnam) <B>CPL Unknown (as Johnny Vietnam)</B> screams! (Vehicle Storage (49, 148, 3))
[17:16:38]GAME: Explosion with size (-1, -1, 1) in area Vehicle Storage 
[17:16:38]GAME: Explosion with size (-1, -1, 1) in area Vehicle Storage 
[17:16:39]GAME: Explosion with size (-1, -1, 1) in area Vehicle Storage 
[17:16:40]ACCESS: Login: Bobadoba/(Bobadoba) from 217.77.215.165-1393982353 || BYOND v513.1525
[17:16:43]SAY: EngineerConager/(Dell Conrad) "Дам..." (Vehicle Storage (49, 146, 3))
[17:16:53]ACCESS: Logout: *no key*/(Bobadoba)
[17:16:53]ACCESS: Login: Bobadoba/(Charlie Whittier) from 217.77.215.165-1393982353 || BYOND v513.1525
[17:16:54]SAY: EngineerConager/(Dell Conrad) "Это было глупо" (Vehicle Storage (49, 146, 3))
[17:16:54]SAY: ZyberCpechnaz/(Javier Ahmed) "Он их зажарить захотел" (Vehicle Storage (47, 145, 3))
[17:17:13]SAY: Alot/(Sarah 'Phantom' Black) "Твоюж мать" (Vehicle Storage (52, 151, 3))
[17:17:21]ADMIN: BlackCrystalic/(Blacky 'GG' Crysis) healed / revived Artyuom/(Johnny Vietnam)
[17:17:22]SAY: Alot/(Sarah 'Phantom' Black) "Что за херня?!" (Vehicle Storage (49, 150, 3))
[17:17:32]SAY: Alot/(Sarah 'Phantom' Black) "Что за херня?!!" (Vehicle Storage (48, 148, 3))
[17:18:24]SAY: Alot/(Sarah 'Phantom' Black) "Может кто мне ответить что тут происходит?" (Vehicle Storage (46, 144, 3))
[17:18:44]SAY: Artyuom/(Johnny Vietnam) "Сл предатель он нек отдаёь шашлык" (Vehicle Storage (46, 140, 3))
[17:18:46]SAY: ZyberCpechnaz/(Javier Ahmed) "Он короче хочет шашлык" (Vehicle Storage (50, 143, 3))
[17:18:53]SAY: ZyberCpechnaz/(Javier Ahmed) "Из людей" (Vehicle Storage (45, 145, 3))
[17:18:55]SAY: ZyberCpechnaz/(Javier Ahmed) "Живых" (Vehicle Storage (45, 145, 3))
[17:18:59]ACCESS: Login: Glissery/(Glissery) from 24.116.126.171-2229626747 || BYOND v513.1525
[17:19:00]SAY: Alot/(Sarah 'Phantom' Black) "Пиздец" (Vehicle Storage (46, 144, 3))
[17:19:00]SAY: ZyberCpechnaz/(Javier Ahmed) "Он их усыпил" (Vehicle Storage (45, 145, 3))
[17:19:02]SAY: Alot/(Sarah 'Phantom' Black) "Джони" (Vehicle Storage (46, 144, 3))
[17:19:03]ACCESS: Logout: Glissery/(Glissery)
[17:19:07]ACCESS: Login: Glissery/(Glissery) from 24.116.126.171-2229626747 || BYOND v513.1525
[17:19:15]GAME: EngineerConager/(Dell Conrad) shot fueltank at Vehicle Storage (51,164,3).
[17:19:15]GAME: Explosion with size (0, 0, 3) in area Vehicle Storage 
[17:19:17]GAME: Explosion with size (-1, -1, 1) in area Vehicle Storage 
[17:19:25]ACCESS: Logout: Glissery/(Glissery)
[17:19:37]SAY: EngineerConager/(Dell Conrad) "Дам.." (Vehicle Storage (48, 154, 3))
[17:19:55]OOC: (LOCAL) Sarah 'Phantom' Black/Alot : Нафига я с вами сижу
[17:20:00]OOC: (LOCAL) Sarah 'Phantom' Black/Alot : Надо было за чужих
[17:20:02]OOC: (LOCAL) Javier Ahmed/ZyberCpechnaz : овощ
[17:20:06]OOC: (LOCAL) Javier Ahmed/ZyberCpechnaz : какой-то
[17:20:08]OOC: (LOCAL) Javier Ahmed/ZyberCpechnaz : медик
[17:20:09]SAY: Artyuom/(Johnny Vietnam) "Э" (APC_1 Interior (20, 69, 4))
[17:20:11]OOC: (LOCAL) Javier Ahmed/ZyberCpechnaz : дебил
[17:20:12]SAY: Artyuom/(Johnny Vietnam) "За шо" (APC_1 Interior (19, 69, 4))
[17:20:18]SAY: EngineerConager/(Dell Conrad) "Идут работы !" (APC_1 Interior (17, 69, 4))
[17:20:24]SAY: Artyuom/(Johnny Vietnam) "Ой" (APC_1 Interior (19, 69, 4))
[17:20:25]SAY: EngineerConager/(Dell Conrad) "Иди ну там.. в мед" (APC_1 Interior (17, 69, 4))
[17:21:36]SAY: ZyberCpechnaz/(Javier Ahmed) "Медик" (Hallway Starboard (149, 163, 3))
[17:21:45]SAY: ZyberCpechnaz/(Javier Ahmed) "Там трое усыплено" (Hallway Starboard (148, 163, 3))
[17:21:52]SAY: ZyberCpechnaz/(Javier Ahmed) "Медик альфа взбесился" (Hallway Starboard (148, 163, 3))
[17:21:57]SAY: ZyberCpechnaz/(Javier Ahmed) "Троих усыпил" (Hallway Starboard (148, 163, 3))
[17:22:05]SAY: ZyberCpechnaz/(Javier Ahmed) "Овердозой" (Hallway Starboard (148, 163, 3))
[17:22:12]SAY: ZyberCpechnaz/(Javier Ahmed) "У аламо" (Hallway Starboard (143, 162, 3))
[17:22:46]SAY: ZyberCpechnaz/(Javier Ahmed) "Всем грузится на аламо" (Hangar (96, 152, 3))
[17:22:52]SAY: ZyberCpechnaz/(Javier Ahmed) "На аламо" (Medical Lower (105, 152, 3))
[17:24:24]SAY: Bobadoba/(Charlie Whittier) "Я могу с вами, если надо" (Dropship Alamo (94, 152, 3))
[17:24:33]SAY: ZyberCpechnaz/(Javier Ahmed) "Надо" (Dropship Alamo (93, 151, 3))
[17:25:20]ADMIN: Bobadoba/(Charlie Whittier) put a BloodPack O- into IV drip, containing ;Blood at (125,144,3).
[17:25:22]ADMIN: Javier Ahmed (ZyberCpechnaz) launched a shuttle from 'Alamo' flight controls
[17:25:34]SAY: Alot/(Sarah 'Phantom' Black) "Как же бтр?" (Dropship Alamo (88, 150, 3))
[17:25:48]SAY: Alot/(Sarah 'Phantom' Black) "Мы что в двоём?" (Dropship Alamo Transit (71, 32, 4))
[17:25:55]ADMIN: BlackCrystalic/(Blacky 'GG' Crysis) dealt 40 amount of brain damage to Johnny Vietnam 
[17:26:08]SAY: *no key*/(МилкиВей) "Purr!" (Commander's Bunk (98, 267, 3))
[17:26:40]SAY: EngineerConager/(Dell Conrad) "Так стоп где Аламо ?" (Hangar (97, 142, 3))
[17:26:45]SAY: EngineerConager/(Dell Conrad) "Эй док" (Hangar (97, 150, 3))
[17:26:45]SAY: Bobadoba/(Charlie Whittier) "Почему ты не на аламо?" (Hangar (99, 152, 3))
[17:26:48]SAY: EngineerConager/(Dell Conrad) "Где Аламо ?" (Hangar (97, 150, 3))
[17:26:54]SAY: Bobadoba/(Charlie Whittier) "Улетел" (Hangar (99, 152, 3))
[17:27:00]SAY: EngineerConager/(Dell Conrad) "Сам ?" (Hangar (97, 150, 3))
[17:27:06]SAY: Bobadoba/(Charlie Whittier) "Не" (Hangar (99, 152, 3))
[17:27:12]SAY: Bobadoba/(Charlie Whittier) "С лидером альфы" (Hangar (99, 152, 3))
[17:27:14]SAY: EngineerConager/(Dell Conrad) "Идиоты..." (Hangar (97, 150, 3))
[17:27:24]OOC: (LOCAL) Sarah 'Phantom' Black/Alot : Я так понимаю мы идём умирать?
[17:27:24]ADMIN: BlackCrystalic/(Blacky 'GG' Crysis) healed / revived Artyuom/(Johnny Vietnam)
[17:27:32]OOC: (LOCAL) Javier Ahmed/ZyberCpechnaz : да
[17:27:44]GAME: Explosion with size (-1, -1, 1) in area Almayer Dropship 1 
[17:27:44]GAME: Explosion with size (-1, -1, 1) in area Almayer Dropship 1 
[17:27:48]GAME: Explosion with size (-1, -1, 1) in area Almayer Dropship 1 
[17:27:54]OOC: (LOCAL) Javier Ahmed/ZyberCpechnaz : ХЕЛПАНИ
[17:27:55]EMOTE: ZyberCpechnaz/(Javier Ahmed) <B>SSGT Unknown (as Javier Ahmed)</B> screams! (Almayer Dropship 1 (152, 39, 1))
[17:27:56]OOC: (LOCAL) Unknown (as Javier Ahmed)/ZyberCpechnaz : БРО
[17:28:24]OOC: (LOCAL) Unknown (as Javier Ahmed)/ZyberCpechnaz : блять
[17:28:28]OOC: (LOCAL) Unknown (as Javier Ahmed)/ZyberCpechnaz : МЕДИКУ РЕПОРТ
[17:28:30]OOC: (LOCAL) Unknown (as Javier Ahmed)/ZyberCpechnaz : ЕБЛАН
[17:28:49]OOC: (LOCAL) Unknown (as Javier Ahmed)/ZyberCpechnaz : заходи на аламо
[17:28:53]ACCESS: Logout: Wincant/(Sergey Dragovich)
[17:28:54]OOC: (LOCAL) Unknown (as Javier Ahmed)/ZyberCpechnaz : быстрее
[17:29:07]SAY: ZyberCpechnaz/(Javier Ahmed) "Р-СПАСИ" (Almayer Dropship 1 (155, 34, 1))
[17:29:11]SAY: ZyberCpechnaz/(Javier Ahmed) "Р-Р-Подними" (Almayer Dropship 1 (155, 34, 1))
[17:29:17]SAY: ZyberCpechnaz/(Javier Ahmed) "Р-Р-МЕДИКОМЕНТЫ" (Alamo Landing Zone (154, 25, 1))
[17:29:30]SAY: ZyberCpechnaz/(Javier Ahmed) "Р-Р-Я Р-УЖЕ ОДИН Р-ВКОЛО" (Alamo Landing Zone (154, 24, 1))
[17:29:49]SAY: Bobadoba/(Charlie Whittier) "Быстра" (Hangar (97, 140, 3))
[17:29:50]SAY: ZyberCpechnaz/(Javier Ahmed) "Р-СПАСИ" (Main Hallway (155, 20, 1))
[17:29:52]SAY: ZyberCpechnaz/(Javier Ahmed) "Р-Р-БЛЯЯЯ" (Main Hallway (155, 20, 1))
[17:29:53]SAY: ZyberCpechnaz/(Javier Ahmed) "Р-ААА" (Main Hallway (155, 20, 1))
[17:29:56]SAY: ZyberCpechnaz/(Javier Ahmed) "Р-Ряяяя" (Main Hallway (155, 20, 1))
[17:29:58]SAY: Bobadoba/(Charlie Whittier) "Кстати" (Hangar (97, 140, 3))
[17:30:05]SAY: EngineerConager/(Dell Conrad) "Эй док" (Hangar (95, 139, 3))
[17:30:12]SAY: ZyberCpechnaz/(Javier Ahmed) "Р-ЛИЦО" (Main Hallway (155, 20, 1))
[17:30:13]SAY: Bobadoba/(Charlie Whittier) "Лидеру альфы паходу пизда" (Hangar (97, 140, 3))
[17:30:14]SAY: ZyberCpechnaz/(Javier Ahmed) "МОЯ Р-ХАРЯ" (Main Hallway (155, 20, 1))
[17:30:18]SAY: EngineerConager/(Dell Conrad) "Не хочешь заняться полевой практикой ?" (Hangar (95, 139, 3))
[17:30:23]SAY: Bobadoba/(Charlie Whittier) "Я за" (Hangar (97, 140, 3))
[17:30:24]SAY: EngineerConager/(Dell Conrad) "Ну оно и понятно..." (Hangar (95, 139, 3))
[17:30:25]SAY: ZyberCpechnaz/(Javier Ahmed) "Р-Я Р-ЕЁ НЕ ЧУВСТВУЮ" (Main Hallway (155, 20, 1))
[17:30:49]EMOTE: Alot/(Sarah 'Phantom' Black) <B>SGT Sarah 'Phantom' Black</B> screams! (Alamo Landing Zone (155, 25, 1))
[17:30:49]EMOTE: Alot/(Sarah 'Phantom' Black) <B>SGT Sarah 'Phantom' Black</B> screams! (Alamo Landing Zone (155, 25, 1))
[17:30:55]SAY: EngineerConager/(Dell Conrad) "Окей давай я  подведу БТР поближе к меду а ты загрузишь в него всё для операций" (Hangar (95, 139, 3))
[17:31:10]ADMIN: BlackCrystalic/(Blacky 'GG' Crysis) dealt -20 amount of brute damage to Unknown (as Javier Ahmed) 
[17:31:15]EMOTE: Alot/(Sarah 'Phantom' Black) <B>SGT Sarah 'Phantom' Black</B> screams! (Main Hallway (163, 25, 1))
[17:31:16]EMOTE: Alot/(Sarah 'Phantom' Black) <B>SGT Unknown (as Sarah 'Phantom' Black)</B> screams! (Main Hallway (163, 25, 1))
[17:31:22]ADMIN: BlackCrystalic/(Blacky 'GG' Crysis) dealt -20 amount of brute damage to Unknown (as Sarah 'Phantom' Black) 
[17:31:31]SAY: ZyberCpechnaz/(Javier Ahmed) "Р-Ааааааааааааа" (Main Hallway (156, 22, 1))
[17:31:34]SAY: ZyberCpechnaz/(Javier Ahmed) "Р-ААААААААААААААААААААА!" (Main Hallway (156, 22, 1))
[17:31:35]ACCESS: Logout: *no key*/(Sarah 'Phantom' Black)
[17:31:35]ACCESS: Login: Alot/(Sarah 'Phantom' Black) from 85.141.70.207-1465043992 || BYOND v513.1513
[17:31:38]SAY: ZyberCpechnaz/(Javier Ahmed) "Р-АААААААААААААААААААААААААААААА!!!!!!!!!!" (Alamo Landing Zone (156, 24, 1))
[17:31:48]ADMIN: BlackCrystalic/(Blacky 'GG' Crysis) dealt -20 amount of brute damage to Unknown (as Javier Ahmed) 
[17:31:53]SAY: ZyberCpechnaz/(Javier Ahmed) "Р-БЛЯТЯЬЬБЬ" (Almayer Dropship 1 (152, 36, 1))
[17:31:56]SAY: Alot/(Sarah 'Phantom' Black) (ghost) "Я ещё на тебя лекарства тратил" (Almayer Dropship 1 (154, 33, 1))
[17:32:06]SAY: EngineerConager/(Dell Conrad) "А СВЕТА НЕТ" (Hangar (80, 156, 3))
[17:32:08]SAY: EngineerConager/(Dell Conrad) "Хех" (Hangar (80, 154, 3))
[17:32:16]SAY: ZyberCpechnaz/(Javier Ahmed) "Р-НЕНЯДЯ" (Almayer Dropship 1 (152, 41, 1))
[17:32:17]SAY: Alot/(Sarah 'Phantom' Black) (ghost) "Есть шанс что если бы я забил на него то убил бы её" (Almayer Dropship 1 (155, 42, 1))
[17:32:29]SAY: Artyuom/(Johnny Vietnam) "Неа" (Hangar (85, 153, 3))
[17:32:30]SAY: EngineerConager/(Dell Conrad) "Ой да ладно тебе" (Hangar (85, 151, 3))
[17:32:31]SAY: ZyberCpechnaz/(Javier Ahmed) "Р-НЕНЯДЯ" (Almayer Dropship 1 (151, 41, 1))
[17:32:47]SAY: EngineerConager/(Dell Conrad) "Хехе супер" (Hangar (85, 151, 3))
[17:32:53]SAY: BlackCrystalic/(Blacky 'GG' Crysis) (ghost) "Врядтли" (Almayer Dropship 1 (154, 38, 1))
[17:33:03]SAY: Alot/(Sarah 'Phantom' Black) (ghost) "Ну, я снёс пол хп ей" (Almayer Dropship 1 (152, 40, 1))
[17:33:06]ADMIN: BlackCrystalic/(Blacky 'GG' Crysis) dealt -10 amount of brute damage to Unknown (as Javier Ahmed) 
[17:33:11]ADMIN: BlackCrystalic/(Blacky 'GG' Crysis) dealt -5 amount of brute damage to Unknown (as Javier Ahmed) 
[17:33:12]SAY: Alot/(Sarah 'Phantom' Black) (ghost) "Снайперка сильная вещь" (Almayer Dropship 1 (152, 40, 1))
[17:33:13]SAY: EngineerConager/(Dell Conrad) "И чего ждём ?" (Hangar (85, 151, 3))
[17:33:16]ADMIN: BlackCrystalic/(Blacky 'GG' Crysis) dealt -5 amount of brute damage to Unknown (as Javier Ahmed) 
[17:33:17]SAY: EngineerConager/(Dell Conrad) "Вызова нет" (Hangar (85, 151, 3))
[17:33:19]ADMIN: BlackCrystalic/(Blacky 'GG' Crysis) dealt -5 amount of brute damage to Unknown (as Javier Ahmed) 
[17:33:36]SAY: Artyuom/(Johnny Vietnam) "Я жду конца ожидания" (Hangar (85, 152, 3))
[17:33:41]SAY: Alot/(Sarah 'Phantom' Black) (ghost) "Ладно. Вспомнил почему я не играю за манринов" (Dropship Normandy (72, 151, 3))
[17:33:42]SAY: EngineerConager/(Dell Conrad) "Я тоже..." (Hangar (85, 151, 3))
[17:34:28]EMOTE: ZyberCpechnaz/(Javier Ahmed) <B>SSGT Unknown (as Javier Ahmed)</B> показывает то что он не опасен (Almayer Dropship 1 (153, 42, 1))
[17:34:37]EMOTE: ZyberCpechnaz/(Javier Ahmed) <B>SSGT Unknown (as Javier Ahmed)</B> и хочет проститься с жизнью (Almayer Dropship 1 (153, 42, 1))
[17:34:42]SAY: Alot/(Sarah 'Phantom' Black) (ghost) "Это пиздец. Когда играю против них они все такие скоординированные. Когда за них, сразу мальчики для битья которые срали друг на друга" (Medical Lower (104, 151, 3))
[17:35:05]SAY: BlackCrystalic/(Blacky 'GG' Crysis) (ghost) "Жиза" (Almayer Dropship 1 (152, 42, 1))
[17:35:09]SAY: Chaburek/(Elder Queen) (psychic whisper to ZyberCpechnaz/(Javier Ahmed)) "Неволнуйся. Ты скоро умрешь, став инкубатором для моей дочери." (Almayer Dropship 1 (153, 43, 1))
[17:35:17]SAY: BlackCrystalic/(Blacky 'GG' Crysis) (ghost) "Называется - колониальные марины" (Almayer Dropship 1 (152, 42, 1))
[17:35:27]SAY: Alot/(Sarah 'Phantom' Black) (ghost) "Блин" (Almayer Dropship 1 (152, 42, 1))
[17:35:29]SAY: ZyberCpechnaz/(Javier Ahmed) "НЕНАДо!" (Almayer Dropship 1 (153, 42, 1))
[17:35:32]SAY: Alot/(Sarah 'Phantom' Black) (ghost) "И за ларву не зайти" (Almayer Dropship 1 (152, 42, 1))
[17:35:34]SAY: ZyberCpechnaz/(Javier Ahmed) "ПОЖАЛУЙСТА!" (Almayer Dropship 1 (153, 42, 1))
[17:35:41]SAY: Alot/(Sarah 'Phantom' Black) (ghost) "Есть вопрос" (Almayer Dropship 1 (152, 42, 1))
[17:35:41]EMOTE: ZyberCpechnaz/(Javier Ahmed) <B>SSGT Unknown (as Javier Ahmed)</B> умоляет о пощаде всем видом (Almayer Dropship 1 (153, 42, 1))
[17:35:54]SAY: ZyberCpechnaz/(Javier Ahmed) "Спасите бять, аламо захвачен" (Almayer Dropship 1 (153, 42, 1))
[17:35:58]SAY: Alot/(Sarah 'Phantom' Black) (ghost) "Хищников вырезали из игры? Я давно их не видел" (Almayer Dropship 1 (152, 42, 1))
[17:36:03]SAY: Alot/(Sarah 'Phantom' Black) (ghost) "Даже учитывая шансы" (Almayer Dropship 1 (152, 42, 1))
[17:36:08]SAY: *no key*/(МилкиВей) "Purr!" (Commander's Bunk (96, 268, 3))
[17:36:11]SAY: Chaburek/(Elder Queen) (psychic whisper to ZyberCpechnaz/(Javier Ahmed)) "Можешь не волноваться. Больно будет совсем недолго. " (Almayer Dropship 1 (153, 43, 1))
[17:36:17]SAY: ZyberCpechnaz/(Javier Ahmed) "НЕЕЕЕЕТ!" (Almayer Dropship 1 (153, 42, 1))
[17:36:20]SAY: ZyberCpechnaz/(Javier Ahmed) "БЛЯТЬ!" (Almayer Dropship 1 (153, 42, 1))
[17:36:24]SAY: ZyberCpechnaz/(Javier Ahmed) "Я НЕ ХОЧУ ТАК УМИРАТЬ!" (Almayer Dropship 1 (153, 42, 1))
[17:36:26]SAY: ZyberCpechnaz/(Javier Ahmed) "СПАСИТЕ" (Almayer Dropship 1 (153, 42, 1))
[17:36:34]ACCESS: Logout: *no key*/(CM.RU)
[17:36:34]ACCESS: Login: CM.RU/(Jake Ryals) from 80.240.253.147-3990586367 || BYOND v513.1513
[17:36:34]ACCESS: Notice: CM.RU/(Jake Ryals) has the same ID (3990586367) as BlackCrystalic/(Blacky 'GG' Crysis).
[17:36:34]ACCESS: Notice: CM.RU/(Jake Ryals) has the same ID (3990586367) as ZyberCpechnaz/(Javier Ahmed).
[17:36:40]SAY: CM.RU/(Jake Ryals) "Хо на корабле" (Cryo Cells (222, 147, 3))
[17:36:42]SAY: Alot/(Sarah 'Phantom' Black) (ghost) "Ты ещё тут?" (Almayer Dropship 1 (153, 44, 1))
[17:36:47]ADMIN: BlackCrystalic/(Blacky 'GG' Crysis) powered all SMESs and APCs
[17:36:57]ADMIN: BlackCrystalic/(Blacky 'GG' Crysis) used secret power
[17:37:01]SAY: Chaburek/(Elder Queen) (psychic whisper to ZyberCpechnaz/(Javier Ahmed)) "И все же я не могу понять язык носителей. Он у вас слишком примитивный." (Almayer Dropship 1 (153, 43, 1))
[17:37:01]SAY: BlackCrystalic/(Blacky 'GG' Crysis) (ghost) "Да" (Almayer Dropship 1 (152, 42, 1))
[17:37:10]SAY: BlackCrystalic/(Blacky 'GG' Crysis) (ghost) "Я тут, хищников нет" (Almayer Dropship 1 (152, 42, 1))
[17:37:29]SAY: BlackCrystalic/(Blacky 'GG' Crysis) (ghost) "Хищники есть, тоесть" (Almayer Dropship 1 (152, 42, 1))
[17:37:34]SAY: Alot/(Sarah 'Phantom' Black) (ghost) "А" (Almayer Dropship 1 (153, 44, 1))
[17:37:38]SAY: Alot/(Sarah 'Phantom' Black) (ghost) "Я уже хотел уточнить" (Almayer Dropship 1 (153, 44, 1))
[17:37:42]SAY: BlackCrystalic/(Blacky 'GG' Crysis) (ghost) "просто шанц на раунд с ними 5%" (Almayer Dropship 1 (152, 42, 1))
[17:37:45]SAY: Alot/(Sarah 'Phantom' Black) (ghost) "А" (Almayer Dropship 1 (154, 36, 1))
[17:37:47]SAY: Alot/(Sarah 'Phantom' Black) (ghost) "Да" (Almayer Dropship 1 (154, 36, 1))
[17:37:57]SAY: Alot/(Sarah 'Phantom' Black) (ghost) "Мне значит везло в первые дни понижения шанса" (Almayer Dropship 1 (154, 36, 1))
[17:37:59]SAY: BlackCrystalic/(Blacky 'GG' Crysis) (ghost) "просто однажды было весело 4 хищника, 1 марин, 1 лярва" (Almayer Dropship 1 (152, 42, 1))
[17:38:07]SAY: BlackCrystalic/(Blacky 'GG' Crysis) (ghost) "да" (Almayer Dropship 1 (152, 42, 1))
[17:38:10]SAY: Alot/(Sarah 'Phantom' Black) (ghost) "4 изза админов" (Almayer Dropship 1 (154, 36, 1))
[17:38:14]SAY: BlackCrystalic/(Blacky 'GG' Crysis) (ghost) "+" (Almayer Dropship 1 (152, 42, 1))
[17:38:16]SAY: Alot/(Sarah 'Phantom' Black) (ghost) "Только два могут быть по вайту" (Almayer Dropship 1 (154, 36, 1))
[17:38:21]SAY: BlackCrystalic/(Blacky 'GG' Crysis) (ghost) "да" (Almayer Dropship 1 (152, 42, 1))
[17:38:41]SAY: Alot/(Sarah 'Phantom' Black) (ghost) "Причём админы не саблюдали кодекс" (Almayer Dropship 1 (152, 42, 1))
[17:38:44]SAY: Alot/(Sarah 'Phantom' Black) (ghost) "Это смешно" (Almayer Dropship 1 (152, 42, 1))
[17:38:46]SAY: CM.RU/(Jake Ryals) "ХО ПРИБЫЛ!" (Hallway Starboard (194, 164, 3))
[17:38:54]EMOTE: EngineerConager/(Dell Conrad) <B>ENS Dell Conrad</B> Свист (Medical Lower (105, 147, 3))
[17:39:05]SAY: CM.RU/(Jake Ryals) "ПОЧЕМУ ТАК ПУСТО? И ВСЁ УГРОБЛЕНО?" (Squad Bravo Preparation (192, 170, 3))
[17:39:11]SAY: EngineerConager/(Dell Conrad) "Да не надо" (Medical Lower (107, 147, 3))
[17:39:24]SAY: CM.RU/(Jake Ryals) "КТО ЖИВ!?" (Hallway Starboard (181, 175, 3))
[17:39:27]SAY: CM.RU/(Jake Ryals) "ЭЙ" (Hallway Starboard (181, 175, 3))
[17:39:37]ADMIN: BlackCrystalic/(Blacky 'GG' Crysis) played sound `sound/theme/gyl_vetra_po_pustymo_corably.ogg` for 8 player(s). 0 player(s) have disabled admin midis.
[17:39:38]SAY: Artyuom/(Johnny Vietnam) "Здравие желаю XO" (Medical Lower (103, 150, 3))
[17:39:44]SAY: CM.RU/(Jake Ryals) "Хоть кто-то жив" (Squad Alpha Cargo (186, 176, 3))
[17:39:49]SAY: Chaburek/(Elder Queen) "Одна дочь зарыта... Проснешься ли ты?" (Almayer Dropship 1 (153, 43, 1))
[17:39:51]SAY: CM.RU/(Jake Ryals) "Что случилось?" (Hallway Starboard (181, 173, 3))
[17:40:04]EMOTE: ZyberCpechnaz/(Javier Ahmed) <B>SSGT Unknown (as Javier Ahmed)</B> coughs! (Almayer Dropship 1 (153, 42, 1))
[17:40:05]SAY: ZyberCpechnaz/(Javier Ahmed) "АЛАМО ЗАХВАЧЕН БЛЯТЬ, СПАСИТЕ МЕНЯ" (Almayer Dropship 1 (153, 42, 1))
[17:40:10]SAY: ZyberCpechnaz/(Javier Ahmed) "КТОНИТЬ!" (Almayer Dropship 1 (153, 42, 1))
[17:40:10]DEBUG: Next event in 36.06 minutes.
[17:40:33]SAY: CM.RU/(Jake Ryals) "Почему резервы использованы?" (Squad Alpha Cargo (173, 175, 3))
[17:40:58]SAY: Alot/(Sarah 'Phantom' Black) (ghost) "Я до сих пор, думаю, что хищник нужен. Просто как инструмент баланса. Допустим. У нас много Маринов и они не тупые. Админ разрешает спавнхищника и говорит что охота на Маринов. Ито же самое в случае доминации чужих" (Almayer Dropship 1 (152, 42, 1))
[17:41:13]SAY: Artyuom/(Johnny Vietnam) "Я точно не знаю но после того как сл вместе со специалистом улетели на планету они не вернулись" (Medical Lower (108, 151, 3))
[17:41:19]SAY: BlackCrystalic/(Blacky 'GG' Crysis) (ghost) "так и есть" (Almayer Dropship 1 (155, 42, 1))
[17:41:23]SAY: BlackCrystalic/(Blacky 'GG' Crysis) (ghost) "но рандом решает сам" (Almayer Dropship 1 (155, 42, 1))
[17:41:52]SAY: Alot/(Sarah 'Phantom' Black) (ghost) "Пять процентов это до смешного мало. Хотя когда на сервере всего 8 человек..." (Almayer Dropship 1 (154, 41, 1))
[17:41:55]SAY: CM.RU/(Jake Ryals) "Я ничего не знаю что там было, но надо доложить командыванию" (USS Almayer Evac 3 (182, 270, 3))
[17:41:55]SAY: Bobadoba/(Charlie Whittier) "Спицеалист умер" (Medical Lower (106, 151, 3))
[17:42:00]SAY: CM.RU/(Jake Ryals) "Я" (USS Almayer Evac 3 (181, 260, 3))
[17:42:01]SAY: EngineerConager/(Dell Conrad) "Супер..." (Medical Lower (102, 151, 3))
[17:42:03]SAY: Alot/(Sarah 'Phantom' Black) (ghost) "Помню когда я только пришел было больше" (Almayer Dropship 1 (154, 37, 1))
[17:42:14]SAY: CM.RU/(Jake Ryals) "Я ничего не знаю что там было, но надо доложить командыванию" (USS Almayer Evac 3 (181, 260, 3))
[17:42:16]SAY: Alot/(Sarah 'Phantom' Black) (ghost) "Может дело в частоте и времени старта?" (Almayer Dropship 1 (154, 37, 1))
[17:42:17]SAY: EngineerConager/(Dell Conrad) "Ну и что будем делать ?" (Medical Lower (104, 151, 3))
[17:42:27]SAY: EngineerConager/(Dell Conrad) "У нас есть нормандия..." (Medical Lower (104, 151, 3))
[17:42:31]ACCESS: Logout: *no key*/(Javier Ahmed)
[17:42:31]ACCESS: Login: ZyberCpechnaz/(Bloody Larva (0)) from 127.0.0.1-3990586367 || BYOND v513.1513
[17:42:31]ACCESS: Notice: ZyberCpechnaz/(Bloody Larva (0)) has the same IP (127.0.0.1) and ID (3990586367) as BlackCrystalic/(Blacky 'GG' Crysis).
[17:42:31]ACCESS: Notice: ZyberCpechnaz/(Bloody Larva (0)) has the same ID (3990586367) as CM.RU/(Jake Ryals).
[17:42:38]SAY: Artyuom/(Johnny Vietnam) "Специалист погиб а лидер ещё жив" (Medical Lower (105, 153, 3))
[17:42:39]SAY: Bobadoba/(Charlie Whittier) "Опасно" (Medical Lower (106, 151, 3))
[17:42:46]SAY: EngineerConager/(Dell Conrad) "Ну да" (Medical Lower (104, 151, 3))
[17:42:50]SAY: CM.RU/(Jake Ryals) "Мн екажется недолго" (Combat Information Center (111, 251, 3))
[17:43:02]SAY: CM.RU/(Jake Ryals) "По датчика, ему пизда" (Combat Information Center (100, 246, 3))
[17:43:14]SAY: CM.RU/(Jake Ryals) "НЕ ОТЗЫВАТЬ АЛАМО" (Combat Information Center (100, 246, 3))
[17:43:19]SAY: CM.RU/(Jake Ryals) "НИ В КОЕМ СЛУЧАЕ" (Combat Information Center (100, 246, 3))
[17:43:29]SAY: ZyberCpechnaz/(Bloody Larva (922)) "Я родилась, мямя" (Almayer Dropship 1 (153, 43, 1))
[17:43:30]ACCESS: Logout: *no key*/(Sarah 'Phantom' Black)
[17:43:30]ACCESS: Login: Alot/(Bloody Larva (0)) from 85.141.70.207-1465043992 || BYOND v513.1513
[17:43:30]ADMIN: Alot has joined as the Bloody Larva (0).
[17:43:32]SAY: ZyberCpechnaz/(Bloody Larva (922)) "Ряяяя!" (Almayer Dropship 1 (153, 43, 1))
[17:43:36]SAY: Chaburek/(Elder Queen) "Замечательно." (Almayer Dropship 1 (153, 43, 1))
[17:43:42]SAY: Chaburek/(Elder Queen) "Даже две." (Almayer Dropship 1 (153, 43, 1))
[17:43:47]SAY: Chaburek/(Elder Queen) "Превосходно." (Almayer Dropship 1 (153, 43, 1))
[17:43:49]SAY: ZyberCpechnaz/(Larva (922)) "Ням" (Almayer Dropship 1 (153, 43, 1))
[17:43:52]ADMIN: A bioscan/Queen Mother message has completed. Humans: 0 on the planet and 2 on the ship. Xenos: 1 on the planet and 0 on the ship.
[17:43:53]SAY: ZyberCpechnaz/(Larva (922)) "Вкусный хвостик" (Almayer Dropship 1 (153, 43, 1))
[17:43:56]OOC: (LOCAL) Bloody Larva (392)/Alot : Ну что... Победа у нас в лапах?
[17:43:56]SAY: Chaburek/(Elder Queen) "Двойняшки." (Almayer Dropship 1 (153, 43, 1))
[17:44:02]SAY: ZyberCpechnaz/(Larva (922)) "Хе" (Almayer Dropship 1 (153, 43, 1))
[17:44:05]SAY: ZyberCpechnaz/(Larva (922)) "РЯЯЯЯЯЯЯЯЯЯЯЯЯ!" (Almayer Dropship 1 (153, 43, 1))
[17:44:08]OOC: (LOCAL) Elder Queen/Chaburek : Еще не все решено.
[17:44:18]SAY: Chaburek/(Elder Queen) "Одна идет в равагера." (Almayer Dropship 1 (153, 43, 1))
[17:44:24]SAY: Chaburek/(Elder Queen) "Вторая..." (Almayer Dropship 1 (153, 43, 1))
[17:44:26]SAY: ZyberCpechnaz/(Larva (922)) "А вторая?" (Almayer Dropship 1 (153, 43, 1))
[17:44:26]SAY: Bobadoba/(Charlie Whittier) "Лидер альфы умер" (Medical Lower (110, 153, 3))
[17:44:29]SAY: Chaburek/(Elder Queen) "Хм, можно в крашера." (Almayer Dropship 1 (153, 43, 1))
[17:44:33]SAY: ZyberCpechnaz/(Larva (922)) "РЯ!" (Almayer Dropship 1 (153, 43, 1))
[17:44:35]SAY: ZyberCpechnaz/(Larva (922)) "ЭТО Я!" (Almayer Dropship 1 (153, 43, 1))
[17:44:40]SAY: Artyuom/(Johnny Vietnam) "Да" (Medical Lower (110, 154, 3))
[17:44:40]SAY: Chaburek/(Elder Queen) "Можно и преторианца." (Almayer Dropship 1 (153, 43, 1))
[17:44:41]SAY: Alot/(Larva (392)) "Равагер это я?" (Almayer Dropship 1 (154, 43, 1))
[17:44:46]SAY: Chaburek/(Elder Queen) "Так." (Almayer Dropship 1 (153, 43, 1))
[17:44:46]ACCESS: Logout: *no key*/(Mature Larva (922))
[17:44:46]ACCESS: Login: ZyberCpechnaz/(Defender) from 127.0.0.1-3990586367 || BYOND v513.1513
[17:44:46]ACCESS: Notice: ZyberCpechnaz/(Defender) has the same IP (127.0.0.1) and ID (3990586367) as BlackCrystalic/(Blacky 'GG' Crysis).
[17:44:46]ACCESS: Notice: ZyberCpechnaz/(Defender) has the same ID (3990586367) as CM.RU/(Jake Ryals).
[17:44:46]SAY: Alot/(Larva (392)) "Ну ладно..." (Almayer Dropship 1 (154, 43, 1))
[17:44:53]SAY: Chaburek/(Elder Queen) "Эволюционируйте одновременно." (Almayer Dropship 1 (153, 43, 1))
[17:45:04]SAY: Chaburek/(Elder Queen) "В Т2 и Т3." (Almayer Dropship 1 (153, 43, 1))
[17:45:20]ACCESS: Logout: *no key*/(Mature Larva (392))
[17:45:20]ACCESS: Login: Alot/(Runner) from 85.141.70.207-1465043992 || BYOND v513.1513
[17:45:22]SAY: Chaburek/(Elder Queen) "Иначе наш улей не выдержит." (Almayer Dropship 1 (153, 43, 1))
[17:45:37]SAY: Alot/(Young Runner (392)) "Мне до эволюции ещё долго" (Almayer Dropship 1 (154, 41, 1))
[17:45:42]SAY: Chaburek/(Elder Queen) "Да." (Almayer Dropship 1 (153, 43, 1))
[17:46:00]SAY: Chaburek/(Elder Queen) "Когда вы станете касты 2-го уровня мы полетим на птице." (Almayer Dropship 1 (153, 43, 1))
[17:46:25]SAY: EngineerConager/(Dell Conrad) "Эй Джонни" (Medical Lower (107, 147, 3))
[17:46:25]SAY: CM.RU/(Jake Ryals) (Command Announcement) "Command Announcement - БЛЯТЬ
ТРЕВОГА, ОНИ ВЗЯЛИ КОНТРОЛЬ АЛАМО, ТРЕВОГА! - Jake Ryals (Executive Officer)" (Combat Information Center (100, 252, 3))
[17:46:35]SAY: EngineerConager/(Dell Conrad) "О-оу" (Medical Lower (107, 147, 3))
[17:47:06]GAME: CM.RU/(Jake Ryals) triggered and CM.RU/(Jake Ryals) confirmed event Red alert
[17:47:08]SAY: Alot/(Young Runner (392)) "Ещё сто пятьдесят циклов" (Almayer Dropship 1 (154, 41, 1))
[17:47:19]SAY: Artyuom/(Johnny Vietnam) "Где мои сигареты?" (APC_1 Interior (15, 68, 4))
[17:47:21]SAY: Chaburek/(Elder Queen) "Можешь побегать, наверное." (Almayer Dropship 1 (153, 43, 1))
[17:47:31]SAY: Chaburek/(Elder Queen) "Проверь вторую зону посадки птицы." (Almayer Dropship 1 (153, 43, 1))
[17:47:32]SAY: Alot/(Young Runner (392)) "Зачем?" (Almayer Dropship 1 (154, 41, 1))
[17:47:35]SAY: Alot/(Young Runner (392)) "Могу" (Almayer Dropship 1 (154, 41, 1))
[17:48:18]GAME: CM.RU/(Jake Ryals) triggered and CM.RU/(Jake Ryals) confirmed event Grant Emergency Maintenance Access
[17:48:38]SAY: CM.RU/(Jake Ryals) (Command Announcement) "Command Announcement - ВСЕМ ВСЕМ, СОБРАТЬСЯ В ГРУППЫ ПО 2 ЧЕЛОВЕКА, И СОЗДАТЬ УКРЕПЛЕНИЯ!!! - Jake Ryals (Executive Officer)" (Combat Information Center (100, 252, 3))
[17:48:56]GAME: CM.RU/(Jake Ryals) has attemped to call a distress beacon, but it was denied due to lack of threat on the ship.
[17:48:56]HIVEMIND: Chaburek/(Elder Queen) "Ты что-то видела?" (Almayer Dropship 1 (153, 43, 1))
[17:49:00]GAME: CM.RU/(Jake Ryals) has attemped to call a distress beacon, but it was denied due to lack of threat on the ship.
[17:49:07]GAME: CM.RU/(Jake Ryals) has attemped to call a distress beacon, but it was denied due to lack of threat on the ship.
[17:49:08]GAME: CM.RU/(Jake Ryals) has attemped to call a distress beacon, but it was denied due to lack of threat on the ship.
[17:49:09]SAY: Artyuom/(Johnny Vietnam) "Мда" (APC_1 Interior (15, 68, 4))
[17:49:13]HIVEMIND: Alot/(Mature Runner (392)) "Нет" (Southwest W-Y Compound (61, 33, 1))
[17:49:21]HIVEMIND: Chaburek/(Elder Queen) "Ладно, возвращайся назад." (Almayer Dropship 1 (153, 43, 1))
[17:49:27]ADMIN: EngineerConager/(Dell Conrad) admin-called a distress beacon: Weyland-Yutani PMC (Squad)
[17:50:02]GAME: <a href='?priv_msg=[0x5000007]'>Bobadoba</a>/(Charlie Whittier) has ghosted.
[17:50:02]ACCESS: Logout: *no key*/(Charlie Whittier)
[17:50:02]ACCESS: Login: Bobadoba/(Charlie Whittier) from 217.77.215.165-1393982353 || BYOND v513.1525
[17:50:19]OOC: (LOCAL) Elder Empress/Chaburek : Самое обидное, что я целый час готовил укрепления в случае нападения, а в итоге мне самому пришлось нападать...
[17:50:27]SAY: CM.RU/(Jake Ryals) "ОНИ ПРОНИКЛИ В СИСТЕМЫ" (USS Almayer Evac 3 (129, 247, 3))
[17:50:46]SAY: CM.RU/(Jake Ryals) "ОНИ ХОТЯТ ВЗЛЕТЕТЬ" (USS Almayer Evac 3 (182, 239, 3))
[17:50:52]SAY: Artyuom/(Johnny Vietnam) "Бля" (Hangar (98, 151, 3))
[17:50:54]SAY: CM.RU/(Jake Ryals) "ВПЕРЕД, ВПЕРЕД, ВПЕРЕД!" (Hallway Aft (184, 223, 3))
[17:51:13]SAY: Artyuom/(Johnny Vietnam) "Нам пизда" (APC_1 Interior (16, 69, 4))
[17:51:19]SAY: EngineerConager/(Dell Conrad) "Надо искать дока и валить" (APC_1 Interior (18, 69, 4))
[17:51:37]HIVEMIND: Alot/(Mature Runner (392)) "Я так понимаю нам надо одновременно?" (Almayer Dropship 1 (155, 41, 1))
[17:51:43]HIVEMIND: Chaburek/(Elder Empress) "Да." (Almayer Dropship 1 (153, 43, 1))
[17:51:45]HIVEMIND: Alot/(Mature Runner (392)) "Скоро я буду готова" (Almayer Dropship 1 (155, 41, 1))
[17:51:45]SAY: Artyuom/(Johnny Vietnam) "Бля" (APC_1 Interior (19, 69, 4))
[17:51:47]SAY: Artyuom/(Johnny Vietnam) "О" (APC_1 Interior (19, 69, 4))
[17:51:48]SAY: EngineerConager/(Dell Conrad) "Ну" (APC_1 Interior (20, 69, 4))
[17:51:52]SAY: Artyuom/(Johnny Vietnam) "Мы как пешком?" (APC_1 Interior (19, 69, 4))
[17:52:01]SAY: ZyberCpechnaz/(Mature Defender (922)) "ГОТОВ" (Almayer Dropship 1 (153, 42, 1))
[17:52:03]HIVEMIND: Chaburek/(Elder Empress) "Я разрешаю эволюцию только по моему разрешению." (Almayer Dropship 1 (153, 43, 1))
[17:52:04]SAY: EngineerConager/(Dell Conrad) "Не думаю что это хорошая идея" (APC_1 Interior (20, 69, 4))
[17:52:06]SAY: Alot/(Mature Runner (392)) ":Ещё нет" (Almayer Dropship 1 (155, 41, 1))
[17:52:10]HIVEMIND: Chaburek/(Elder Empress) "Без разрешения запрещаю." (Almayer Dropship 1 (153, 43, 1))
[17:52:19]SAY: Chaburek/(Elder Empress) "Подождем еще бегуна." (Almayer Dropship 1 (153, 43, 1))
[17:52:20]EMOTE: EngineerConager/(Dell Conrad) <B>ENS Dell Conrad</B> Вздох (APC_1 Interior (20, 69, 4))
[17:52:21]SAY: CM.RU/(Jake Ryals) "Где вы?" (Hallway Port (180, 128, 3))
[17:52:25]SAY: EngineerConager/(Dell Conrad) "Ладно что будем делать ?" (APC_1 Interior (20, 69, 4))
[17:52:32]HIVEMIND: Alot/(Mature Runner (392)) "Готова" (Almayer Dropship 1 (155, 41, 1))
[17:52:37]SAY: Artyuom/(Johnny Vietnam) "Приём камандир давайте встретимся в сд" (APC_1 Interior (19, 69, 4))
[17:52:38]HIVEMIND: Chaburek/(Elder Empress) "Оба готовы?" (Almayer Dropship 1 (153, 43, 1))
[17:52:48]SAY: ZyberCpechnaz/(Mature Defender (922)) "Да" (Almayer Dropship 1 (153, 42, 1))
[17:52:52]SAY: Artyuom/(Johnny Vietnam) "Ds vj;bnt tuj jnrhsnm" (APC_1 Interior (18, 69, 4))
[17:52:52]HIVEMIND: Alot/(Mature Runner (392)) "Готова" (Almayer Dropship 1 (155, 41, 1))
[17:52:53]SAY: Chaburek/(Elder Empress) "На счет 3." (Almayer Dropship 1 (153, 43, 1))
[17:52:55]SAY: Chaburek/(Elder Empress) "1" (Almayer Dropship 1 (153, 43, 1))
[17:52:57]SAY: Chaburek/(Elder Empress) "2" (Almayer Dropship 1 (153, 43, 1))
[17:52:59]SAY: Chaburek/(Elder Empress) "3" (Almayer Dropship 1 (153, 43, 1))
[17:53:01]SAY: Artyuom/(Johnny Vietnam) "Вы можите его открыть" (APC_1 Interior (18, 69, 4))
[17:53:02]ACCESS: Logout: *no key*/(Mature Defender (922))
[17:53:02]ACCESS: Login: ZyberCpechnaz/(Warrior) from 127.0.0.1-3990586367 || BYOND v513.1513
[17:53:02]ACCESS: Notice: ZyberCpechnaz/(Warrior) has the same IP (127.0.0.1) and ID (3990586367) as BlackCrystalic/(Blacky 'GG' Crysis).
[17:53:02]ACCESS: Notice: ZyberCpechnaz/(Warrior) has the same ID (3990586367) as CM.RU/(Jake Ryals).
[17:53:04]ACCESS: Logout: *no key*/(Mature Runner (392))
[17:53:04]ACCESS: Login: Alot/(Lurker) from 85.141.70.207-1465043992 || BYOND v513.1513
[17:53:04]SAY: *no key*/(МилкиВей) "Esp!" (Commander's Bunk (98, 269, 3))
[17:53:11]SAY: Chaburek/(Elder Empress) "Бегун, ты чуть не опоздал." (Almayer Dropship 1 (153, 43, 1))
[17:53:17]SAY: Chaburek/(Elder Empress) "В следующий раз надо быстрее." (Almayer Dropship 1 (153, 43, 1))
[17:53:24]HIVEMIND: Chaburek/(Elder Empress) "Вам же долго до 3-ей касты?" (Almayer Dropship 1 (153, 43, 1))
[17:53:31]HIVEMIND: Alot/(Young Lurker (392)) "Долго" (Almayer Dropship 1 (154, 41, 1))
[17:53:40]HIVEMIND: Alot/(Young Lurker (392)) "Пять сотен циклов" (Almayer Dropship 1 (154, 41, 1))
[17:53:55]HIVEMIND: Chaburek/(Elder Empress) "Ладно, тогда мы начинаем полет на птице." (Almayer Dropship 1 (153, 43, 1))
[17:54:01]SAY: Artyuom/(Johnny Vietnam) "Командир вы живы?" (APC_1 Interior (16, 69, 4))
[17:54:05]ADMIN: Elder Empress (Chaburek) launched a shuttle from 'Alamo' flight controls
[17:54:06]SAY: Artyuom/(Johnny Vietnam) "Бля" (APC_1 Interior (16, 69, 4))
[17:54:08]SAY: EngineerConager/(Dell Conrad) "Ну" (APC_1 Interior (14, 68, 4))
[17:54:09]SAY: Artyuom/(Johnny Vietnam) "Бля" (APC_1 Interior (16, 69, 4))
[17:54:13]SAY: EngineerConager/(Dell Conrad) "Вот нам и жопа" (APC_1 Interior (14, 68, 4))
[17:54:17]SAY: Artyuom/(Johnny Vietnam) "Пошли к пудам" (APC_1 Interior (16, 69, 4))
[17:54:18]SAY: EngineerConager/(Dell Conrad) "Готовь ствол" (APC_1 Interior (14, 68, 4))
[17:54:22]SAY: EngineerConager/(Dell Conrad) "А НЕТ" (APC_1 Interior (14, 69, 4))
[17:54:25]SAY: EngineerConager/(Dell Conrad) "ИХ НЕ ВРУБИЛИ" (APC_1 Interior (14, 69, 4))
[17:54:29]SAY: Artyuom/(Johnny Vietnam) "Бля" (APC_1 Interior (18, 68, 4))
[17:54:33]SAY: EngineerConager/(Dell Conrad) "Давай сюда" (APC_1 Interior (20, 69, 4))
[17:54:46]SAY: Artyuom/(Johnny Vietnam) "XO включите спасательные капсулы!!" (APC_1 Interior (18, 68, 4))
[17:54:56]HIVEMIND: Alot/(Young Lurker (392)) "Эта птица служила людям?" (Dropship Alamo Transit (70, 35, 4))
[17:54:56]SAY: CM.RU/(Jake Ryals) "ДВИГАЙТЕСЬ К ЮЖНЫМ" (Squad Delta Preparation (175, 125, 3))
[17:54:56]ADMIN: EngineerConager/(Dell Conrad) used a apc megaphone to say: >Попытаемся разобраться так      <
[17:55:13]HIVEMIND: Chaburek/(Elder Empress) "Да, она переносила носителей из их железного улья." (Dropship Alamo Transit (69, 37, 4))
[17:55:23]SAY: Artyuom/(Johnny Vietnam) "Поехали туда" (Hallway Starboard (144, 163, 3))
[17:55:27]HIVEMIND: Alot/(Young Lurker (392)) "Что если у них есть что то хуже птицы! Что то что не будет служить нам!" (Dropship Alamo Transit (70, 35, 4))
[17:55:32]SAY: EngineerConager/(Dell Conrad) "Куда ?" (Hallway Starboard (171, 163, 3))
[17:55:38]ADMIN: EngineerConager/(Dell Conrad) used a apc megaphone to say: >Куда ?<
[17:55:39]HIVEMIND: Chaburek/(Elder Empress) "Сейчас мы идем в их улей мстить, ведь они напали на нас." (Dropship Alamo Transit (69, 37, 4))
[17:55:51]SAY: Artyuom/(Johnny Vietnam) "К южним пудам" (Hallway Starboard (227, 163, 3))
[17:56:28]HIVEMIND: Alot/(Young Lurker (392)) "Ну вообще то, я не хочу тыкать когтем. Но, чисто технически. Они тут жили и мы напали на них" (Dropship Alamo Transit (70, 35, 4))
[17:56:29]SAY: Artyuom/(Johnny Vietnam) "Назат" (Hallway Port (155, 139, 3))
[17:56:42]SAY: Artyuom/(Johnny Vietnam) "Мы их проехали" (Hallway Port (163, 139, 3))
[17:56:55]ADMIN: EngineerConager/(Dell Conrad) used a apc megaphone to say: >Да понял я просто зачем нам это ? Пудов то нет       <
[17:56:56]HIVEMIND: Chaburek/(Elder Empress) "Ошибаешься. Мы были здесь еще до их первого прилета на планеты." (Dropship Alamo Transit (69, 37, 4))
[17:57:07]HIVEMIND: Alot/(Young Lurker (392)) "Да, но... Ладно." (Dropship Alamo Transit (70, 35, 4))
[17:57:16]SAY: Artyuom/(Johnny Vietnam) "У не гот укрепление наверное есть" (Hallway Port (212, 139, 3))
[17:57:23]ADMIN: EngineerConager/(Dell Conrad) used a apc megaphone to say: >Боже..<
[17:57:23]HIVEMIND: Alot/(Young Lurker (392)) "Мы на месте?" (Dropship Alamo Transit (70, 35, 4))
[17:57:26]GAME: Explosion with size (0, 5, 10) in area Medical Surgical Hallway 
[17:57:26]GAME: Explosion with size (0, 5, 10) in area Hangar 
[17:57:27]GAME: Explosion with size (0, 5, 10) in area Medical Surgical Hallway 
[17:57:27]GAME: Explosion with size (0, 5, 10) in area Hangar 
[17:57:27]GAME: Explosion with size (0, 5, 10) in area Chapel 
[17:57:28]GAME: Explosion with size (0, 5, 10) in area Medical Lower 
[17:57:28]SAY: Artyuom/(Johnny Vietnam) "Бля" (Hallway Port (212, 139, 3))
[17:57:29]HIVEMIND: Chaburek/(Elder Empress) "Проведите разведку." (Dropship Alamo Transit (69, 37, 4))
[17:57:29]GAME: Explosion with size (0, 5, 10) in area Medical Lower 
[17:57:29]GAME: Explosion with size (0, 5, 10) in area Medical Lower 
[17:57:30]GAME: Explosion with size (0, 5, 10) in area Hallway Starboard 
[17:57:30]GAME: Explosion with size (0, 5, 10) in area Chapel 
[17:57:30]ADMIN: EngineerConager/(Dell Conrad) used a apc megaphone to say: >Готовься        <
[17:57:35]HIVEMIND: Chaburek/(Elder Empress) "Не отходите от меня далеко." (Medical Lower (110, 161, 3))
[17:57:35]EMOTE: *no key*/(Charlie Whittier) <B>Dr. Charlie Whittier</B> gasps! (Medical Operating Room 3 (121, 147, 3))
[17:57:52]HIVEMIND: Chaburek/(Elder Empress) "Воин, ты будешь защищать птицу." (Medical Lower (110, 161, 3))
[17:57:55]HIVEMIND: Chaburek/(Elder Empress) "Беги." (Medical Lower (110, 161, 3))
[17:58:10]ADMIN: BlackCrystalic/(Blacky 'GG' Crysis) called an evacuation.
[17:58:12]SAY: Alot/(Young Lurker (392)) "Туда нельзя" (Medical Lower (108, 157, 3))
[17:58:17]HIVEMIND: Alot/(Young Lurker (392)) "Я была прова!" (Medical Lower (108, 157, 3))
[17:58:17]ADMIN: EngineerConager/(Dell Conrad) used a apc megaphone to say: >Пиздец<
[17:58:21]HIVEMIND: Alot/(Young Lurker (392)) "Права!" (Medical Lower (108, 157, 3))
[17:58:26]SAY: Chaburek/(Elder Empress) "Надо уничтожить коробку." (Medical Cryogenics Tubes (106, 155, 3))
[17:58:29]HIVEMIND: Alot/(Young Lurker (392)) "У них есть что то страшное!" (Medical Lower (108, 157, 3))
[17:58:48]DEBUG: RA: trashed the product instead of recycling. Current shelf length is: <b>50</b>
[17:58:48]DEBUG: RA: trashed the product instead of recycling. Current shelf length is: <b>51</b>
[17:58:48]DEBUG: Increasing RA shelf space. Current maximum space: <b>60</b>
[17:58:55]SAY: *no key*/(МилкиВей) "Esp!" (Commander's Bunk (97, 269, 3))
[17:58:58]DEBUG: RA: trashed the product instead of recycling. Current shelf length is: <b>60</b>
[17:58:59]DEBUG: RA: trashed the product instead of recycling. Current shelf length is: <b>61</b>
[17:58:59]DEBUG: Increasing RA shelf space. Current maximum space: <b>70</b>
[17:59:21]DEBUG: RA: trashed the product instead of recycling. Current shelf length is: <b>70</b>
[17:59:21]DEBUG: RA: trashed the product instead of recycling. Current shelf length is: <b>71</b>
[17:59:21]DEBUG: Increasing RA shelf space. Current maximum space: <b>80</b>
[17:59:24]DEBUG: RA: trashed the product instead of recycling. Current shelf length is: <b>80</b>
[17:59:24]DEBUG: RA: trashed the product instead of recycling. Current shelf length is: <b>81</b>
[17:59:24]DEBUG: Increasing RA shelf space. Current maximum space: <b>90</b>
[17:59:29]DEBUG: RA: trashed the product instead of recycling. Current shelf length is: <b>90</b>
[17:59:30]DEBUG: RA: trashed the product instead of recycling. Current shelf length is: <b>91</b>
[17:59:30]DEBUG: Increasing RA shelf space. Current maximum space: <b>100</b>
[17:59:32]ADMIN: BlackCrystalic/(Blacky 'GG' Crysis) spawned /obj/item/clothing/ears/earmuffs at (187,231,3)
[17:59:34]DEBUG: RA: trashed the product instead of recycling. Current shelf length is: <b>100</b>
[17:59:34]DEBUG: RA: trashed the product instead of recycling. Current shelf length is: <b>101</b>
[17:59:34]DEBUG: Increasing RA shelf space. Current maximum space: <b>110</b>
[17:59:35]ADMIN: BlackCrystalic/(Blacky 'GG' Crysis) spawned /obj/item/storage/pouch/flare/full at (187,231,3)
[18:00:15]DEBUG: RA: trashed the product instead of recycling. Current shelf length is: <b>110</b>
[18:00:16]DEBUG: RA: trashed the product instead of recycling. Current shelf length is: <b>111</b>
[18:00:16]DEBUG: Increasing RA shelf space. Current maximum space: <b>120</b>
[18:00:26]DEBUG: RA: trashed the product instead of recycling. Current shelf length is: <b>120</b>
[18:00:27]DEBUG: RA: trashed the product instead of recycling. Current shelf length is: <b>121</b>
[18:00:27]DEBUG: Increasing RA shelf space. Current maximum space: <b>130</b>
[18:01:02]ADMIN: BlackCrystalic/(Blacky 'GG' Crysis) force-launched the escape pods.
[18:01:05]EMOTE: Artyuom/(Johnny Vietnam) <B>CPL Johnny Vietnam</B> screams! (Hull Lower (168, 121, 3))
[18:01:09]EMOTE: Artyuom/(Johnny Vietnam) <B>CPL Johnny Vietnam</B> screams! (Hull Lower (168, 121, 3))
[18:01:16]SAY: EngineerConager/(Dell Conrad) "ВУХУ" (USS Almayer Evac 21 (174, 117, 3))
[18:01:26]EMOTE: Artyuom/(Johnny Vietnam) <B>CPL Johnny Vietnam</B> screams! (Hallway Port (175, 121, 3))
[18:01:28]EMOTE: Artyuom/(Johnny Vietnam) <B>CPL Johnny Vietnam</B> gasps! (Hallway Port (175, 121, 3))
[18:01:36]ACCESS: Logout: *no key*/(Johnny Vietnam)
[18:01:36]ACCESS: Login: Artyuom/(Johnny Vietnam) from 95.174.127.234-114134526 || BYOND v513.1517
[18:01:39]SAY: Alot/(Young Lurker (392)) "Он сбежал" (Hallway Port (176, 122, 3))
[18:01:44]HIVEMIND: Alot/(Young Lurker (392)) "Этот мёртв" (Hallway Port (178, 122, 3))
[18:01:49]HIVEMIND: Chaburek/(Elder Empress) "Был 3." (Hallway Aft (182, 222, 3))
[18:02:01]SAY: Chaburek/(Elder Empress) "Осторожно." (Hallway Aft (183, 228, 3))
[18:02:39]HIVEMIND: Alot/(Mature Lurker (392)) "Что за звук?" (Hallway Aft (183, 227, 3))
[18:02:50]SAY: Chaburek/(Elder Empress) "Не знаю." (Hallway Aft (182, 227, 3))
[18:02:52]ADMIN: BlackCrystalic/(Blacky 'GG' Crysis) played sound `the end, selfdestract lost.ogg` for 8 player(s). 0 player(s) have disabled admin midis.
[18:02:58]SAY: Chaburek/(Elder Empress) "Но это и не важно." (Hallway Aft (182, 227, 3))
[18:03:00]ACCESS: Logout: EngineerConager/(Dell Conrad)
[18:03:06]GAME: <a href='?priv_msg=[0x5000000]'>ZyberCpechnaz</a>/(<font color='#FFA500'>Mature Warrior (922)</font>) has ghosted.
[18:03:06]ACCESS: Logout: *no key*/(Mature Warrior (922))
[18:03:06]ACCESS: Login: ZyberCpechnaz/(Mature Warrior (922)) from 127.0.0.1-3990586367 || BYOND v513.1513
[18:03:06]ACCESS: Notice: ZyberCpechnaz/(Mature Warrior (922)) has the same IP (127.0.0.1) and ID (3990586367) as BlackCrystalic/(Blacky 'GG' Crysis).
[18:03:06]ACCESS: Notice: ZyberCpechnaz/(Mature Warrior (922)) has the same ID (3990586367) as CM.RU/(Jake Ryals).
[18:03:20]EMOTE: Alot/(Mature Lurker (392)) <B>The Mature Lurker (392)</B> hisses. (Hallway Aft (182, 230, 3))
[18:03:20]SAY: *no key*/(МилкиВей) "Esp!" (Commander's Bunk (94, 267, 3))
[18:03:35]ACCESS: Logout: Chaburek/(Elder Empress)
[18:03:36]GAME: Marine Minor Victory
Game mode: Distress Signal
Round time: 1:49
End round player population: 6
Total xenos spawned: 3
Total Preds spawned: 0
Total humans spawned: 9
[18:03:36]GAME: Antagonists at round end were...
[18:03:36]GAME: Xenomorphs: Elder Empress(Chaburek), Mature Warrior (922)(ZyberCpechnaz), Mature Lurker (392)(Alot).
[18:03:36]GAME: Survivors: Kelvin Focell(Sewa).
[18:03:54]ACCESS: Logout: Bobadoba/(Charlie Whittier)
[18:03:55]ACCESS: Logout: Alot/(Mature Lurker (392))
[18:04:21]ACCESS: Login: Chaburek/(Elder Empress) from 178.46.63.9-2047396774 || BYOND v513.1513
[18:04:21]ACCESS: Login: Wincant/(Sergey Dragovich) from 185.93.184.42-3206897444 || BYOND v513.1525
[18:04:23]ACCESS: Logout: Wincant/(Sergey Dragovich)
[18:04:24]ACCESS: Logout: Chaburek/(Elder Empress)
[18:04:28]ACCESS: Login: Wincant/(Sergey Dragovich) from 185.93.184.42-3206897444 || BYOND v513.1525
[18:04:28]ACCESS: Login: Chaburek/(Elder Empress) from 178.46.63.9-2047396774 || BYOND v513.1513
[18:04:38]ACCESS: Login: Alot/(Mature Lurker (392)) from 85.141.70.207-1465043992 || BYOND v513.1513
[18:04:39]ACCESS: Logout: Alot/(Mature Lurker (392))
[18:04:42]ACCESS: Login: Alot/(Mature Lurker (392)) from 85.141.70.207-1465043992 || BYOND v513.1513
[18:04:51]HIVEMIND: Chaburek/(Elder Empress) "Воин, ты уснула?" (Hallway Aft (183, 227, 3))
[18:04:57]HIVEMIND: Chaburek/(Elder Empress) "Нужна твоя помощь." (Hallway Aft (183, 227, 3))
[18:05:10]ACCESS: Login: Gaper/(Gaper) from 95.84.236.57-3712357326 || BYOND v513.1511
[18:05:11]ACCESS: Logout: Gaper/(Gaper)
[18:05:11]OOC: Alot/(Mature Lurker (392)) "Умер от лага" (Hallway Aft (182, 230, 3))
[18:05:14]ACCESS: Login: Gaper/(Gaper) from 95.84.236.57-3712357326 || BYOND v513.1511
[18:05:14]OOC: Alot/(Mature Lurker (392)) "Понимаю" (Hallway Aft (182, 230, 3))
[18:05:29]ADMIN: BlackCrystalic/(Blacky 'GG' Crysis) played sound `Directed_by_Robert_B_Weide_theme.ogg` for 8 player(s). 0 player(s) have disabled admin midis.
[18:05:41]ACCESS: Logout: ZyberCpechnaz/(Mature Warrior (922))
[18:05:41]ACCESS: Logout: BlackCrystalic/(Blacky 'GG' Crysis)
[18:05:41]ACCESS: Logout: CM.RU/(Jake Ryals)
[18:05:41]ACCESS: Logout: Artyuom/(Johnny Vietnam)
[18:05:41]ACCESS: Logout: Alot/(Mature Lurker (392))
[18:05:41]ACCESS: Logout: Wincant/(Sergey Dragovich)
[18:05:41]ACCESS: Logout: Chaburek/(Elder Empress)
[18:05:41]ACCESS: Logout: Gaper/(Gaper)
