

Starting up round 16:13:31
---------------------
[16:13:53]HREF: 16:13 Artyuom (usr:Artyuom) || Artyuom src=[0x3000036];lobby_choice=ready
[16:13:53]HREF: 16:13 EngineerConager (usr:EngineerConager) || EngineerConager src=[0x3000038];lobby_choice=show_preferences
[16:13:54]HREF: 16:13 EngineerConager (usr:EngineerConager) || EngineerConager src=[0x3000038];lobby_choice=show_preferences
[16:13:56]HREF: 16:13 EngineerConager (usr:EngineerConager) || EngineerConager src=[0x3000038];lobby_choice=show_preferences
[16:13:57]HREF: 16:13 EngineerConager (usr:EngineerConager) || EngineerConager src=[0x3000038];lobby_choice=show_preferences
[16:13:57]HREF: 16:13 EngineerConager (usr:EngineerConager) || EngineerConager src=[0x3000038];lobby_choice=show_preferences
[16:13:57]HREF: 16:13 EngineerConager (usr:EngineerConager) || EngineerConager src=[0x3000038];lobby_choice=show_preferences
[16:13:58]HREF: 16:13 Artyuom (usr:Artyuom) || Artyuom src=[0x3000036];lobby_choice=show_preferences
[16:13:59]HREF: 16:13 EngineerConager (usr:EngineerConager) || _src_=prefs;preference=job;task=menu
[16:14:03]HREF: 16:14 EngineerConager (usr:EngineerConager) || _src_=prefs;preference=job;task=input;text=Squad%20Marine
[16:14:04]HREF: 16:14 EngineerConager (usr:EngineerConager) || _src_=prefs;preference=job;task=input;text=Squad%20Marine
[16:14:42]HREF: 16:14 Sewa (usr:Sewa) || Sewa src=[0x300003c];lobby_choice=ready
[16:14:51]HREF: 16:14 EngineerConager (usr:EngineerConager) || EngineerConager src=[0x3000038];lobby_choice=ready
[16:14:54]HREF: 16:14 ZyberCpechnaz (usr:ZyberCpechnaz) || ZyberCpechnaz src=[0x3000033];lobby_choice=ready
[16:14:54]HREF: 16:14 ZyberCpechnaz (usr:ZyberCpechnaz) || ZyberCpechnaz src=[0x3000033];lobby_choice=show_preferences
[16:14:56]HREF: 16:14 ZyberCpechnaz (usr:ZyberCpechnaz) || _src_=prefs;preference=job;task=menu
[16:14:59]HREF: 16:14 ZyberCpechnaz (usr:ZyberCpechnaz) || _src_=prefs;preference=job;task=input;text=Squad%20Leader
[16:15:00]HREF: 16:15 ZyberCpechnaz (usr:ZyberCpechnaz) || _src_=prefs;preference=job;task=input;text=Squad%20Leader
[16:15:01]HREF: 16:15 ZyberCpechnaz (usr:ZyberCpechnaz) || _src_=prefs;preference=job;task=input;text=Squad%20Leader
[16:15:02]HREF: 16:15 ZyberCpechnaz (usr:ZyberCpechnaz) || _src_=prefs;preference=job;task=close
[16:15:03]HREF: 16:15 ZyberCpechnaz (usr:ZyberCpechnaz) || ZyberCpechnaz src=[0x3000033];preference=save
[16:15:03]HREF: 16:15 ZyberCpechnaz (usr:ZyberCpechnaz) || ZyberCpechnaz src=[0x3000033];preference=save
[16:15:03]HREF: 16:15 ZyberCpechnaz (usr:ZyberCpechnaz) || ZyberCpechnaz src=[0x3000033];preference=save
[16:15:04]HREF: 16:15 ZyberCpechnaz (usr:ZyberCpechnaz) || ZyberCpechnaz src=[0x3000033];preference=save
[16:15:04]HREF: 16:15 ZyberCpechnaz (usr:ZyberCpechnaz) || ZyberCpechnaz src=[0x3000033];preference=save
[16:15:04]HREF: 16:15 ZyberCpechnaz (usr:ZyberCpechnaz) || ZyberCpechnaz src=[0x3000033];preference=save
[16:15:05]HREF: 16:15 ZyberCpechnaz (usr:ZyberCpechnaz) || ZyberCpechnaz src=[0x3000033];preference=save
[16:15:05]HREF: 16:15 ZyberCpechnaz (usr:ZyberCpechnaz) || ZyberCpechnaz src=[0x3000033];preference=save
[16:15:06]HREF: 16:15 ZyberCpechnaz (usr:ZyberCpechnaz) || ZyberCpechnaz src=[0x3000033];preference=save
[16:15:06]HREF: 16:15 ZyberCpechnaz (usr:ZyberCpechnaz) || ZyberCpechnaz src=[0x3000033];preference=save
[16:15:06]HREF: 16:15 ZyberCpechnaz (usr:ZyberCpechnaz) || ZyberCpechnaz src=[0x3000033];preference=save
[16:15:07]HREF: 16:15 ZyberCpechnaz (usr:ZyberCpechnaz) || ZyberCpechnaz src=[0x3000033];preference=save
[16:15:07]HREF: 16:15 ZyberCpechnaz (usr:ZyberCpechnaz) || ZyberCpechnaz src=[0x3000033];preference=save
[16:15:07]HREF: 16:15 ZyberCpechnaz (usr:ZyberCpechnaz) || ZyberCpechnaz src=[0x3000033];preference=save
[16:15:08]HREF: 16:15 ZyberCpechnaz (usr:ZyberCpechnaz) || ZyberCpechnaz src=[0x3000033];preference=save
[16:15:08]HREF: 16:15 ZyberCpechnaz (usr:ZyberCpechnaz) || ZyberCpechnaz src=[0x3000033];preference=save
[16:15:08]HREF: 16:15 ZyberCpechnaz (usr:ZyberCpechnaz) || ZyberCpechnaz src=[0x3000033];preference=save
[16:15:09]HREF: 16:15 ZyberCpechnaz (usr:ZyberCpechnaz) || ZyberCpechnaz src=[0x3000033];preference=save
[16:15:09]HREF: 16:15 ZyberCpechnaz (usr:ZyberCpechnaz) || ZyberCpechnaz src=[0x3000033];preference=save
[16:15:10]HREF: 16:15 ZyberCpechnaz (usr:ZyberCpechnaz) || ZyberCpechnaz src=[0x3000033];preference=save
[16:15:10]HREF: 16:15 ZyberCpechnaz (usr:ZyberCpechnaz) || ZyberCpechnaz src=[0x3000033];preference=save
[16:15:10]HREF: 16:15 ZyberCpechnaz (usr:ZyberCpechnaz) || ZyberCpechnaz src=[0x3000033];preference=save
[16:15:11]HREF: 16:15 ZyberCpechnaz (usr:ZyberCpechnaz) || ZyberCpechnaz src=[0x3000033];preference=save
[16:16:54]HREF: 16:16 Chaburek (usr:Chaburek) || Chaburek src=[0x300003a];lobby_choice=show_preferences
[16:16:57]HREF: 16:16 Chaburek (usr:Chaburek) || _src_=prefs;preference=be_special;num=0
[16:16:59]HREF: 16:16 Chaburek (usr:Chaburek) || Chaburek src=[0x300003a];preference=save
[16:17:00]HREF: 16:17 Chaburek (usr:Chaburek) || Chaburek src=[0x300003a];lobby_choice=ready
[16:17:04]HREF: 16:17 Chaburek (usr:Chaburek) || _src_=prefs;preference=job;task=menu
[16:17:09]HREF: 16:17 Chaburek (usr:Chaburek) || _src_=prefs;preference=job;task=input;text=Squad%20Medic
[16:17:10]HREF: 16:17 Chaburek (usr:Chaburek) || _src_=prefs;preference=job;task=input;text=Squad%20Medic
[16:17:12]HREF: 16:17 Chaburek (usr:Chaburek) || _src_=prefs;preference=job;task=input;text=Squad%20Specialist
[16:17:14]HREF: 16:17 Chaburek (usr:Chaburek) || _src_=prefs;preference=job;task=input;text=Squad%20Engineer
[16:17:16]HREF: 16:17 Chaburek (usr:Chaburek) || _src_=prefs;preference=job;task=input;text=Squad%20Engineer
[16:17:45]HREF: 16:17 Chaburek (usr:Chaburek) || Chaburek src=[0x300003a];lobby_choice=show_preferences
[16:18:42]HREF: 16:18 EngineerConager (usr:EngineerConager) || EngineerConager src=[0x3000038];lobby_choice=ready
[16:18:43]HREF: 16:18 EngineerConager (usr:EngineerConager) || EngineerConager src=[0x3000038];lobby_choice=show_preferences
[16:18:44]HREF: 16:18 EngineerConager (usr:EngineerConager) || _src_=prefs;preference=job;task=menu
[16:18:52]HREF: 16:18 EngineerConager (usr:EngineerConager) || _src_=prefs;preference=job;task=input;text=Vehicle%20Crewman
[16:18:54]HREF: 16:18 EngineerConager (usr:EngineerConager) || _src_=prefs;preference=job;task=input;text=Vehicle%20Crewman
[16:19:15]HREF: 16:19 EngineerConager (usr:EngineerConager) || EngineerConager src=[0x3000038];lobby_choice=ready
[16:19:20]HREF: 16:19 EngineerConager (usr:EngineerConager) || EngineerConager src=[0x3000038];lobby_choice=ready
[16:19:20]HREF: 16:19 EngineerConager (usr:EngineerConager) || EngineerConager src=[0x3000038];lobby_choice=show_preferences
[16:19:22]HREF: 16:19 EngineerConager (usr:EngineerConager) || _src_=prefs;preference=job;task=menu
[16:19:25]HREF: 16:19 EngineerConager (usr:EngineerConager) || _src_=prefs;preference=job;task=input;text=Commander
[16:19:26]HREF: 16:19 EngineerConager (usr:EngineerConager) || _src_=prefs;preference=job;task=input;text=Commander
[16:19:26]HREF: 16:19 EngineerConager (usr:EngineerConager) || _src_=prefs;preference=job;task=input;text=Executive%20Officer
[16:19:27]HREF: 16:19 EngineerConager (usr:EngineerConager) || _src_=prefs;preference=job;task=input;text=Executive%20Officer
[16:19:28]HREF: 16:19 EngineerConager (usr:EngineerConager) || _src_=prefs;preference=job;task=input;text=Vehicle%20Crewman
[16:19:29]HREF: 16:19 EngineerConager (usr:EngineerConager) || _src_=prefs;preference=job;task=input;text=Vehicle%20Crewman
[16:19:30]HREF: 16:19 EngineerConager (usr:EngineerConager) || _src_=prefs;preference=job;task=input;text=Squad%20Engineer
[16:19:30]HREF: 16:19 EngineerConager (usr:EngineerConager) || _src_=prefs;preference=job;task=input;text=Squad%20Engineer
[16:19:31]HREF: 16:19 EngineerConager (usr:EngineerConager) || _src_=prefs;preference=job;task=input;text=Squad%20Marine
[16:19:33]HREF: 16:19 EngineerConager (usr:EngineerConager) || _src_=prefs;preference=job;task=close
[16:19:38]HREF: 16:19 Chaburek (usr:Chaburek) || Chaburek src=[0x300003a];lobby_choice=show_preferences
[16:19:39]HREF: 16:19 EngineerConager (usr:EngineerConager) || EngineerConager src=[0x3000038];lobby_choice=ready
[16:19:40]HREF: 16:19 Chaburek (usr:Chaburek) || _src_=prefs;preference=job;task=menu
[16:19:41]HREF: 16:19 Chaburek (usr:Chaburek) || _src_=prefs;preference=job;task=input;text=Squad%20Engineer
[16:19:42]HREF: 16:19 Chaburek (usr:Chaburek) || _src_=prefs;preference=job;task=close
[16:19:49]HREF: 16:19 Chaburek (usr:Chaburek) || Chaburek src=[0x300003a];lobby_choice=show_preferences
[16:19:51]HREF: 16:19 Chaburek (usr:Chaburek) || _src_=prefs;preference=be_special;num=0
[16:19:52]HREF: 16:19 Chaburek (usr:Chaburek) || Chaburek src=[0x300003a];preference=save
[16:20:03]HREF: 16:20 Chaburek (usr:Chaburek) || Chaburek src=[0x300003a];lobby_choice=show_preferences
[16:20:07]HREF: 16:20 Chaburek (usr:Chaburek) || _src_=prefs;preference=job;task=menu
[16:20:09]HREF: 16:20 Chaburek (usr:Chaburek) || _src_=prefs;preference=job;task=input;text=Squad%20Specialist
[16:20:10]HREF: 16:20 Chaburek (usr:Chaburek) || _src_=prefs;preference=job;task=close
[16:21:42]HREF: 16:21 Artyuom (usr:Artyuom) || Artyuom src=[0x3000036];lobby_choice=show_preferences
[16:21:47]HREF: 16:21 Chaburek (usr:Chaburek) || Chaburek src=[0x300003a];lobby_choice=show_preferences
[16:21:48]HREF: 16:21 BlackCrystalic (usr:BlackCrystalic) || BlackCrystalic src=[0x3000034];lobby_choice=observe
[16:21:51]HREF: 16:21 Artyuom (usr:Artyuom) || Artyuom src=[0x3000036];lobby_choice=show_preferences
[16:21:59]HREF: 16:21 Artyuom (usr:Artyuom) || Artyuom src=[0x3000036];preference=citizenship;task=input
[16:22:09]HREF: 16:22 EngineerConager (usr:EngineerConager) || EngineerConager src=[0x3000038];lobby_choice=ready
[16:22:10]HREF: 16:22 EngineerConager (usr:EngineerConager) || EngineerConager src=[0x3000038];lobby_choice=show_preferences
[16:22:12]HREF: 16:22 EngineerConager (usr:EngineerConager) || _src_=prefs;preference=job;task=menu
[16:22:14]HREF: 16:22 EngineerConager (usr:EngineerConager) || _src_=prefs;preference=job;task=input;text=Vehicle%20Crewman
[16:22:14]HREF: 16:22 EngineerConager (usr:EngineerConager) || _src_=prefs;preference=job;task=input;text=Vehicle%20Crewman
[16:22:15]HREF: 16:22 EngineerConager (usr:EngineerConager) || _src_=prefs;preference=job;task=input;text=Vehicle%20Crewman
[16:22:17]HREF: 16:22 EngineerConager (usr:EngineerConager) || EngineerConager src=[0x3000038];lobby_choice=ready
[16:22:18]HREF: 16:22 BlackCrystalic (usr:Blacky 'GG' Crysis) || /datum/controller/vote src=[0x21000002];vote=custom
[16:22:27]HREF: 16:22 BlackCrystalic (usr:Blacky 'GG' Crysis) || /datum/controller/vote src=[0x21000002];vote=close
[16:22:50]HREF: 16:22 Artyuom (usr:Artyuom) || Artyuom src=[0x3000036];lobby_choice=show_preferences
[16:22:55]HREF: 16:22 Artyuom (usr:Artyuom) || Artyuom src=[0x3000036];lobby_choice=ready
[16:22:56]HREF: 16:22 Artyuom (usr:Artyuom) || Artyuom src=[0x3000036];lobby_choice=late_join
[16:23:02]HREF: 16:23 Artyuom (usr:Artyuom) || Artyuom src=[0x3000036];lobby_choice=SelectedJob;job_selected=Squad%20Medic
[16:23:20]HREF: 16:23 Artyuom (usr:Johnny Vietnam) || _=1592400198679
[16:23:20]HREF: 16:23 Artyuom (usr:Johnny Vietnam) || _=1592400198680
[16:23:24]HREF: 16:23 Artyuom (usr:Johnny Vietnam) || /datum/nanoui src=[0x21005c62];vend=5;cat=0
[16:23:25]HREF: 16:23 Artyuom (usr:Johnny Vietnam) || /datum/nanoui src=[0x21005c62];vend=5;cat=0
[16:23:47]HREF: 16:23 ZyberCpechnaz (usr:Javier Ahmed) || _=1592400227358
[16:23:47]HREF: 16:23 ZyberCpechnaz (usr:Javier Ahmed) || _=1592400227359
[16:23:50]HREF: 16:23 ZyberCpechnaz (usr:Javier Ahmed) || _=1592400230259
[16:23:50]HREF: 16:23 ZyberCpechnaz (usr:Javier Ahmed) || _=1592400230260
[16:23:56]HREF: 16:23 ZyberCpechnaz (usr:Javier Ahmed) || _=1592400236888
[16:23:56]HREF: 16:23 ZyberCpechnaz (usr:Javier Ahmed) || _=1592400236889
[16:23:58]HREF: 16:23 Artyuom (usr:Johnny Vietnam) || _=1592400236993
[16:23:58]HREF: 16:23 Artyuom (usr:Johnny Vietnam) || _=1592400236994
[16:23:59]HREF: 16:23 ZyberCpechnaz (usr:Javier Ahmed) || /datum/nanoui src=[0x21005c71];vend=2
[16:23:59]HREF: 16:23 Artyuom (usr:Johnny Vietnam) || /datum/nanoui src=[0x21005c72];vend=2
[16:23:59]HREF: 16:23 ZyberCpechnaz (usr:Javier Ahmed) || /datum/nanoui src=[0x21005c71];vend=3
[16:24:00]HREF: 16:24 ZyberCpechnaz (usr:Javier Ahmed) || /datum/nanoui src=[0x21005c71];vend=4
[16:24:00]HREF: 16:24 ZyberCpechnaz (usr:Javier Ahmed) || /datum/nanoui src=[0x21005c71];vend=5
[16:24:01]HREF: 16:24 ZyberCpechnaz (usr:Javier Ahmed) || /datum/nanoui src=[0x21005c71];vend=6
[16:24:01]HREF: 16:24 ZyberCpechnaz (usr:Javier Ahmed) || /datum/nanoui src=[0x21005c71];vend=7
[16:24:02]HREF: 16:24 Artyuom (usr:Johnny Vietnam) || /datum/nanoui src=[0x21005c72];vend=3
[16:24:02]HREF: 16:24 Artyuom (usr:Johnny Vietnam) || /datum/nanoui src=[0x21005c72];vend=4
[16:24:03]HREF: 16:24 Artyuom (usr:Johnny Vietnam) || /datum/nanoui src=[0x21005c72];vend=5
[16:24:04]HREF: 16:24 Artyuom (usr:Johnny Vietnam) || /datum/nanoui src=[0x21005c72];vend=6
[16:24:05]HREF: 16:24 Artyuom (usr:Johnny Vietnam) || /datum/nanoui src=[0x21005c72];vend=7
[16:24:19]HREF: 16:24 ZyberCpechnaz (usr:Javier Ahmed) || /datum/nanoui src=[0x21005c71];vend=14
[16:24:20]HREF: 16:24 Artyuom (usr:Johnny Vietnam) || /datum/nanoui src=[0x21005c72];vend=11
[16:24:22]HREF: 16:24 Artyuom (usr:Johnny Vietnam) || /datum/nanoui src=[0x21005c72];vend=16
[16:24:25]HREF: 16:24 ZyberCpechnaz (usr:Javier Ahmed) || /datum/nanoui src=[0x21005c71];vend=17
[16:24:26]HREF: 16:24 ZyberCpechnaz (usr:Javier Ahmed) || /datum/nanoui src=[0x21005c71];vend=25
[16:24:27]HREF: 16:24 ZyberCpechnaz (usr:Javier Ahmed) || /datum/nanoui src=[0x21005c71];vend=25
[16:24:31]HREF: 16:24 Artyuom (usr:Johnny Vietnam) || /datum/nanoui src=[0x21005c72];vend=19
[16:24:33]HREF: 16:24 Artyuom (usr:Johnny Vietnam) || /datum/nanoui src=[0x21005c72];vend=23
[16:24:33]HREF: 16:24 ZyberCpechnaz (usr:Javier Ahmed) || _=1592400273193
[16:24:33]HREF: 16:24 ZyberCpechnaz (usr:Javier Ahmed) || _=1592400273194
[16:24:33]HREF: 16:24 Artyuom (usr:Johnny Vietnam) || /datum/nanoui src=[0x21005c72];vend=25
[16:24:39]HREF: 16:24 ZyberCpechnaz (usr:Javier Ahmed) || /datum/nanoui src=[0x21005c71];vend=2
[16:24:41]HREF: 16:24 Artyuom (usr:Johnny Vietnam) || _=1592400280259
[16:24:41]HREF: 16:24 Artyuom (usr:Johnny Vietnam) || _=1592400280260
[16:24:42]HREF: 16:24 Artyuom (usr:Johnny Vietnam) || /datum/nanoui src=[0x21005c6f];vend=2
[16:25:07]HREF: 16:25 Artyuom (usr:Johnny Vietnam) || /datum/nanoui src=[0x21005c6f];vend=12
[16:25:08]HREF: 16:25 Artyuom (usr:Johnny Vietnam) || /datum/nanoui src=[0x21005c6f];vend=13
[16:25:08]HREF: 16:25 ZyberCpechnaz (usr:Javier Ahmed) || /datum/nanoui src=[0x21005c71];vend=15
[16:25:08]HREF: 16:25 Artyuom (usr:Johnny Vietnam) || /datum/nanoui src=[0x21005c6f];vend=14
[16:25:09]HREF: 16:25 ZyberCpechnaz (usr:Javier Ahmed) || /datum/nanoui src=[0x21005c71];vend=15
[16:25:09]HREF: 16:25 ZyberCpechnaz (usr:Javier Ahmed) || /datum/nanoui src=[0x21005c71];vend=15
[16:25:09]HREF: 16:25 Artyuom (usr:Johnny Vietnam) || /datum/nanoui src=[0x21005c6f];vend=17
[16:25:10]HREF: 16:25 ZyberCpechnaz (usr:Javier Ahmed) || /datum/nanoui src=[0x21005c71];vend=15
[16:25:11]HREF: 16:25 ZyberCpechnaz (usr:Javier Ahmed) || /datum/nanoui src=[0x21005c71];vend=15
[16:25:14]HREF: 16:25 ZyberCpechnaz (usr:Javier Ahmed) || /datum/nanoui src=[0x21005c71];vend=5
[16:25:30]HREF: 16:25 Artyuom (usr:Johnny Vietnam) || /datum/nanoui src=[0x21005c6f];vend=27
[16:25:31]HREF: 16:25 Artyuom (usr:Johnny Vietnam) || /datum/nanoui src=[0x21005c6f];vend=27
[16:25:37]HREF: 16:25 Artyuom (usr:Johnny Vietnam) || /datum/nanoui src=[0x21005c6f];vend=28
[16:25:47]HREF: 16:25 Artyuom (usr:Johnny Vietnam) || _=1592400346270
[16:25:47]HREF: 16:25 Artyuom (usr:Johnny Vietnam) || _=1592400346271
[16:25:49]HREF: 16:25 Artyuom (usr:Johnny Vietnam) || /datum/nanoui src=[0x21005c6f];vend=19;cat=0
[16:25:53]HREF: 16:25 Artyuom (usr:Johnny Vietnam) || /datum/nanoui src=[0x21005c6f];vend=18;cat=0
[16:25:53]HREF: 16:25 Artyuom (usr:Johnny Vietnam) || /datum/nanoui src=[0x21005c6f];vend=18;cat=0
[16:25:53]HREF: 16:25 Artyuom (usr:Johnny Vietnam) || /datum/nanoui src=[0x21005c6f];vend=18;cat=0
[16:25:54]HREF: 16:25 Artyuom (usr:Johnny Vietnam) || /datum/nanoui src=[0x21005c6f];vend=18;cat=0
[16:25:54]HREF: 16:25 Artyuom (usr:Johnny Vietnam) || /datum/nanoui src=[0x21005c6f];vend=18;cat=0
[16:25:55]HREF: 16:25 Artyuom (usr:Johnny Vietnam) || /datum/nanoui src=[0x21005c6f];vend=18;cat=0
[16:27:47]HREF: 16:27 ZyberCpechnaz (usr:Javier Ahmed) || _=1592400466980
[16:27:47]HREF: 16:27 ZyberCpechnaz (usr:Javier Ahmed) || _=1592400466981
[16:27:53]HREF: 16:27 ZyberCpechnaz (usr:Javier Ahmed) || /datum/nanoui src=[0x21005c73];vend=11;cat=0
[16:27:57]HREF: 16:27 ZyberCpechnaz (usr:Javier Ahmed) || _=1592400477277
[16:27:57]HREF: 16:27 ZyberCpechnaz (usr:Javier Ahmed) || _=1592400477278
[16:28:04]HREF: 16:28 ZyberCpechnaz (usr:Javier Ahmed) || /datum/nanoui src=[0x21005e6e];vend=40;cat=0
[16:28:04]HREF: 16:28 ZyberCpechnaz (usr:Javier Ahmed) || /datum/nanoui src=[0x21005e6e];vend=40;cat=0
[16:28:05]HREF: 16:28 ZyberCpechnaz (usr:Javier Ahmed) || /datum/nanoui src=[0x21005e6e];vend=40;cat=0
[16:28:05]HREF: 16:28 ZyberCpechnaz (usr:Javier Ahmed) || /datum/nanoui src=[0x21005e6e];vend=40;cat=0
[16:28:09]HREF: 16:28 ZyberCpechnaz (usr:Javier Ahmed) || /datum/nanoui src=[0x21005e6e];vend=42;cat=0
[16:28:09]HREF: 16:28 ZyberCpechnaz (usr:Javier Ahmed) || /datum/nanoui src=[0x21005e6e];vend=42;cat=0
[16:28:09]HREF: 16:28 ZyberCpechnaz (usr:Javier Ahmed) || /datum/nanoui src=[0x21005e6e];vend=42;cat=0
[16:28:10]HREF: 16:28 ZyberCpechnaz (usr:Javier Ahmed) || /datum/nanoui src=[0x21005e6e];vend=42;cat=0
[16:28:21]HREF: 16:28 ZyberCpechnaz (usr:Javier Ahmed) || /datum/nanoui src=[0x21005e6e];vend=41;cat=0
[16:28:58]HREF: 16:28 ZyberCpechnaz (usr:Javier Ahmed) || _=1592400538081
[16:28:58]HREF: 16:28 ZyberCpechnaz (usr:Javier Ahmed) || _=1592400538082
[16:29:00]HREF: 16:29 ZyberCpechnaz (usr:Javier Ahmed) || /datum/nanoui src=[0x21005e98];vend=20;cat=0
[16:29:02]HREF: 16:29 ZyberCpechnaz (usr:Javier Ahmed) || _=1592400542846
[16:29:02]HREF: 16:29 ZyberCpechnaz (usr:Javier Ahmed) || _=1592400542847
[16:29:07]HREF: 16:29 ZyberCpechnaz (usr:Javier Ahmed) || /datum/nanoui src=[0x21005e98];vend=20;cat=0
[16:29:07]HREF: 16:29 ZyberCpechnaz (usr:Javier Ahmed) || /datum/nanoui src=[0x21005e98];vend=20;cat=0
[16:29:08]HREF: 16:29 ZyberCpechnaz (usr:Javier Ahmed) || /datum/nanoui src=[0x21005e98];vend=20;cat=0
[16:29:08]HREF: 16:29 ZyberCpechnaz (usr:Javier Ahmed) || /datum/nanoui src=[0x21005e98];vend=20;cat=0
[16:29:09]HREF: 16:29 ZyberCpechnaz (usr:Javier Ahmed) || /datum/nanoui src=[0x21005e98];vend=20;cat=0
[16:29:09]HREF: 16:29 ZyberCpechnaz (usr:Javier Ahmed) || /datum/nanoui src=[0x21005e98];vend=20;cat=0
[16:29:09]HREF: 16:29 ZyberCpechnaz (usr:Javier Ahmed) || /datum/nanoui src=[0x21005e98];vend=20;cat=0
[16:29:10]HREF: 16:29 ZyberCpechnaz (usr:Javier Ahmed) || /datum/nanoui src=[0x21005e98];vend=20;cat=0
[16:29:10]HREF: 16:29 ZyberCpechnaz (usr:Javier Ahmed) || /datum/nanoui src=[0x21005e98];vend=20;cat=0
[16:29:14]HREF: 16:29 ZyberCpechnaz (usr:Javier Ahmed) || _=1592400554591
[16:29:14]HREF: 16:29 ZyberCpechnaz (usr:Javier Ahmed) || _=1592400554592
[16:29:22]HREF: 16:29 ZyberCpechnaz (usr:Javier Ahmed) || _=1592400562612
[16:29:22]HREF: 16:29 ZyberCpechnaz (usr:Javier Ahmed) || _=1592400562613
[16:29:50]HREF: 16:29 Sewa (usr:Kelvin Focell) || _=1592400592440
[16:29:50]HREF: 16:29 Sewa (usr:Kelvin Focell) || _=1592400592441
[16:29:52]HREF: 16:29 Sewa (usr:Kelvin Focell) || /datum/nanoui src=[0x21005e99];cmode=1
[16:29:56]HREF: 16:29 Sewa (usr:Kelvin Focell) || _=1592400597683
[16:29:56]HREF: 16:29 Sewa (usr:Kelvin Focell) || _=1592400597684
[16:29:57]HREF: 16:29 Sewa (usr:Kelvin Focell) || /datum/nanoui src=[0x21005e99];cmode=1
[16:29:59]HREF: 16:29 Sewa (usr:Kelvin Focell) || _=1592400600631
[16:29:59]HREF: 16:29 Sewa (usr:Kelvin Focell) || _=1592400600632
[16:30:00]HREF: 16:30 Sewa (usr:Kelvin Focell) || /datum/nanoui src=[0x21005e99];cmode=1
[16:30:43]HREF: 16:30 Alot (usr:Alot) || Alot src=[0x3000066];lobby_choice=manifest
[16:31:37]HREF: 16:31 Alot (usr:Alot) || Alot src=[0x3000066];lobby_choice=manifest
[16:31:42]HREF: 16:31 Alot (usr:Alot) || Alot src=[0x3000066];lobby_choice=late_join_xeno
[16:31:45]HREF: 16:31 Alot (usr:Alot) || Alot src=[0x3000066];lobby_choice=late_join_xeno
[16:31:47]HREF: 16:31 Alot (usr:Alot) || Alot src=[0x3000066];lobby_choice=manifest
[16:31:59]HREF: 16:31 Alot (usr:Alot) || Alot src=[0x3000066];lobby_choice=manifest
[16:32:03]HREF: 16:32 Alot (usr:Alot) || Alot src=[0x3000066];lobby_choice=late_join_xeno
[16:32:04]HREF: 16:32 Alot (usr:Alot) || Alot src=[0x3000066];lobby_choice=late_join
[16:32:13]HREF: 16:32 Alot (usr:Alot) || Alot src=[0x3000066];lobby_choice=SelectedJob;job_selected=Squad%20Specialist
[16:32:22]HREF: 16:32 Alot (usr:Sarah 'Phantom' Black) || _=1592400742677
[16:32:22]HREF: 16:32 Alot (usr:Sarah 'Phantom' Black) || _=1592400742678
[16:32:23]HREF: 16:32 Artyuom (usr:Johnny Vietnam) || _=1592400741968
[16:32:23]HREF: 16:32 Artyuom (usr:Johnny Vietnam) || _=1592400741969
[16:32:24]HREF: 16:32 Alot (usr:Sarah 'Phantom' Black) || /datum/nanoui src=[0x21005ec8];vend=4;cat=0
[16:32:24]HREF: 16:32 Artyuom (usr:Johnny Vietnam) || /datum/nanoui src=[0x21005ed5];vend=23;cat=0
[16:32:39]HREF: 16:32 Sewa (usr:Kelvin Focell) || _=1592400760296
[16:32:39]HREF: 16:32 Sewa (usr:Kelvin Focell) || _=1592400760297
[16:32:42]HREF: 16:32 Alot (usr:Sarah 'Phantom' Black) || _=1592400762649
[16:32:42]HREF: 16:32 Alot (usr:Sarah 'Phantom' Black) || _=1592400762650
[16:32:44]HREF: 16:32 Alot (usr:Sarah 'Phantom' Black) || _=1592400764690
[16:32:44]HREF: 16:32 Alot (usr:Sarah 'Phantom' Black) || _=1592400764691
[16:32:46]HREF: 16:32 Alot (usr:Sarah 'Phantom' Black) || /datum/nanoui src=[0x21005edc];vend=2
[16:32:46]HREF: 16:32 Alot (usr:Sarah 'Phantom' Black) || /datum/nanoui src=[0x21005edc];vend=3
[16:32:47]HREF: 16:32 Alot (usr:Sarah 'Phantom' Black) || /datum/nanoui src=[0x21005edc];vend=5
[16:32:47]HREF: 16:32 Sewa (usr:Kelvin Focell) || Communications Relay APC src=[0x2005cfe];pulse=4
[16:32:48]HREF: 16:32 Alot (usr:Sarah 'Phantom' Black) || /datum/nanoui src=[0x21005edc];vend=4
[16:32:49]HREF: 16:32 Sewa (usr:Kelvin Focell) || Communications Relay APC src=[0x2005cfe];pulse=3
[16:32:50]HREF: 16:32 Sewa (usr:Kelvin Focell) || Communications Relay APC src=[0x2005cfe];pulse=4
[16:32:51]HREF: 16:32 Sewa (usr:Kelvin Focell) || Communications Relay APC src=[0x2005cfe];pulse=2
[16:32:52]HREF: 16:32 Sewa (usr:Kelvin Focell) || Communications Relay APC src=[0x2005cfe];pulse=1
[16:32:54]HREF: 16:32 Sewa (usr:Kelvin Focell) || /datum/nanoui src=[0x21005ec8];lock=1
[16:32:55]HREF: 16:32 Alot (usr:Sarah 'Phantom' Black) || _=1592400776153
[16:32:55]HREF: 16:32 Alot (usr:Sarah 'Phantom' Black) || _=1592400776154
[16:32:59]HREF: 16:32 Alot (usr:Sarah 'Phantom' Black) || /datum/nanoui src=[0x21005edc];vend=3
[16:33:20]HREF: 16:33 Sewa (usr:Kelvin Focell) || /datum/nanoui src=[0x21005ec8];eqp=2
[16:33:21]HREF: 16:33 Sewa (usr:Kelvin Focell) || /datum/nanoui src=[0x21005ec8];lgt=2
[16:33:31]HREF: 16:33 Sewa (usr:Kelvin Focell) || Communications Relay APC src=[0x2005cfe];apcwires=4
[16:33:32]HREF: 16:33 Sewa (usr:Kelvin Focell) || Communications Relay APC src=[0x2005cfe];apcwires=4
[16:33:47]HREF: 16:33 Alot (usr:Sarah 'Phantom' Black) || _=1592400827298
[16:33:47]HREF: 16:33 Alot (usr:Sarah 'Phantom' Black) || _=1592400827299
[16:33:49]HREF: 16:33 Alot (usr:Sarah 'Phantom' Black) || /datum/nanoui src=[0x21005ed6];vend=18
[16:33:52]HREF: 16:33 Sewa (usr:Kelvin Focell) || Communications Relay APC src=[0x2005cfe];pulse=1
[16:33:55]HREF: 16:33 Sewa (usr:Kelvin Focell) || Communications Relay APC src=[0x2005cfe];apcwires=1
[16:33:56]HREF: 16:33 Sewa (usr:Kelvin Focell) || Communications Relay APC src=[0x2005cfe];apcwires=1
[16:33:58]HREF: 16:33 Sewa (usr:Kelvin Focell) || Communications Relay APC src=[0x2005cfe];apcwires=2
[16:33:59]HREF: 16:33 Sewa (usr:Kelvin Focell) || Communications Relay APC src=[0x2005cfe];apcwires=2
[16:34:00]HREF: 16:34 Benjeman (usr:Benjeman) || Benjeman src=[0x3000069];lobby_choice=late_join
[16:34:01]HREF: 16:34 Sewa (usr:Kelvin Focell) || Communications Relay APC src=[0x2005cfe];apcwires=3
[16:34:02]HREF: 16:34 Sewa (usr:Kelvin Focell) || Communications Relay APC src=[0x2005cfe];apcwires=3
[16:34:03]HREF: 16:34 ZyberCpechnaz (usr:Javier Ahmed) || _=1592400843654
[16:34:03]HREF: 16:34 ZyberCpechnaz (usr:Javier Ahmed) || _=1592400843655
[16:34:04]HREF: 16:34 Alot (usr:Sarah 'Phantom' Black) || _=1592400844515
[16:34:04]HREF: 16:34 Alot (usr:Sarah 'Phantom' Black) || _=1592400844516
[16:34:04]HREF: 16:34 Alot (usr:Sarah 'Phantom' Black) || _=1592400844704
[16:34:04]HREF: 16:34 Alot (usr:Sarah 'Phantom' Black) || _=1592400844705
[16:34:06]HREF: 16:34 ZyberCpechnaz (usr:Javier Ahmed) || _=1592400846697
[16:34:06]HREF: 16:34 ZyberCpechnaz (usr:Javier Ahmed) || _=1592400846698
[16:34:07]HREF: 16:34 Sewa (usr:Kelvin Focell) || Communications Relay APC src=[0x2005cfe];pulse=3
[16:34:08]HREF: 16:34 Sewa (usr:Kelvin Focell) || Communications Relay APC src=[0x2005cfe];pulse=1
[16:34:09]HREF: 16:34 Alot (usr:Sarah 'Phantom' Black) || /datum/nanoui src=[0x21005ed8];vend=11
[16:34:10]HREF: 16:34 Alot (usr:Sarah 'Phantom' Black) || /datum/nanoui src=[0x21005ed8];vend=11
[16:34:10]HREF: 16:34 Alot (usr:Sarah 'Phantom' Black) || /datum/nanoui src=[0x21005ed8];vend=11
[16:34:11]HREF: 16:34 Sewa (usr:Kelvin Focell) || /datum/nanoui src=[0x21005ec8];lgt=2
[16:34:11]HREF: 16:34 Sewa (usr:Kelvin Focell) || /datum/nanoui src=[0x21005ec8];eqp=2
[16:34:20]HREF: 16:34 Sewa (usr:Kelvin Focell) || _=1592400861901
[16:34:20]HREF: 16:34 Sewa (usr:Kelvin Focell) || _=1592400861902
[16:34:24]HREF: 16:34 Benjeman (usr:Benjeman) || Benjeman src=[0x3000069];lobby_choice=late_join
[16:34:26]HREF: 16:34 Sewa (usr:Kelvin Focell) || Tool Storage Machine src=[0x2005b8e];pulsewire=3
[16:34:26]HREF: 16:34 Artyuom (usr:Johnny Vietnam) || _=1592400865152
[16:34:26]HREF: 16:34 Artyuom (usr:Johnny Vietnam) || _=1592400865153
[16:34:30]HREF: 16:34 Alot (usr:Sarah 'Phantom' Black) || _=1592400870688
[16:34:30]HREF: 16:34 Alot (usr:Sarah 'Phantom' Black) || _=1592400870689
[16:34:33]HREF: 16:34 Sewa (usr:Kelvin Focell) || /datum/nanoui src=[0x21005ee1];vend=14;cat=0
[16:34:35]HREF: 16:34 Sewa (usr:Kelvin Focell) || Tool Storage Machine src=[0x2005b8e];pulsewire=2
[16:34:37]HREF: 16:34 Sewa (usr:Kelvin Focell) || /datum/nanoui src=[0x21005ee1];vend=14;cat=0
[16:34:41]HREF: 16:34 Sewa (usr:Kelvin Focell) || Tool Storage Machine src=[0x2005b8e];cutwire=2
[16:34:42]HREF: 16:34 Alot (usr:Sarah 'Phantom' Black) || _=1592400882901
[16:34:42]HREF: 16:34 Alot (usr:Sarah 'Phantom' Black) || _=1592400882902
[16:34:42]HREF: 16:34 Sewa (usr:Kelvin Focell) || /datum/nanoui src=[0x21005ee1];vend=14;cat=0
[16:34:46]HREF: 16:34 Alot (usr:Sarah 'Phantom' Black) || _=1592400886746
[16:34:46]HREF: 16:34 Alot (usr:Sarah 'Phantom' Black) || _=1592400886747
[16:34:50]HREF: 16:34 Alot (usr:Sarah 'Phantom' Black) || /datum/nanoui src=[0x21005ea9];vend=21
[16:35:01]HREF: 16:35 ZyberCpechnaz (usr:Javier Ahmed) || _=1592400901895
[16:35:01]HREF: 16:35 ZyberCpechnaz (usr:Javier Ahmed) || _=1592400901896
[16:35:04]HREF: 16:35 ZyberCpechnaz (usr:Javier Ahmed) || _=1592400904769
[16:35:04]HREF: 16:35 ZyberCpechnaz (usr:Javier Ahmed) || _=1592400904770
[16:35:08]HREF: 16:35 Benjeman (usr:Benjeman) || Benjeman src=[0x3000069];lobby_choice=late_join
[16:35:11]HREF: 16:35 Alot (usr:Sarah 'Phantom' Black) || _=1592400911819
[16:35:11]HREF: 16:35 Alot (usr:Sarah 'Phantom' Black) || _=1592400911820
[16:35:15]HREF: 16:35 ZyberCpechnaz (usr:Javier Ahmed) || /datum/nanoui src=[0x21005ea9];vend=12;cat=0
[16:35:16]HREF: 16:35 ZyberCpechnaz (usr:Javier Ahmed) || /datum/nanoui src=[0x21005ea9];vend=13;cat=0
[16:35:16]HREF: 16:35 ZyberCpechnaz (usr:Javier Ahmed) || /datum/nanoui src=[0x21005ea9];vend=13;cat=0
[16:35:17]HREF: 16:35 ZyberCpechnaz (usr:Javier Ahmed) || /datum/nanoui src=[0x21005ea9];vend=13;cat=0
[16:35:17]HREF: 16:35 Alot (usr:Sarah 'Phantom' Black) || /datum/nanoui src=[0x21005ed8];vend=19;cat=0
[16:35:17]HREF: 16:35 ZyberCpechnaz (usr:Javier Ahmed) || /datum/nanoui src=[0x21005ea9];vend=13;cat=0
[16:35:18]HREF: 16:35 ZyberCpechnaz (usr:Javier Ahmed) || /datum/nanoui src=[0x21005ea9];vend=13;cat=0
[16:35:24]HREF: 16:35 Benjeman (usr:Benjeman) || Benjeman src=[0x3000069];lobby_choice=SelectedJob;job_selected=Squad%20Marine
[16:35:27]HREF: 16:35 ZyberCpechnaz (usr:Javier Ahmed) || _=1592400927541
[16:35:27]HREF: 16:35 ZyberCpechnaz (usr:Javier Ahmed) || _=1592400927542
[16:35:30]HREF: 16:35 ZyberCpechnaz (usr:Javier Ahmed) || /datum/nanoui src=[0x21005ef7];vend=29;cat=0
[16:36:01]HREF: 16:36 Benjeman (usr:Jakob Beach) || _=1592400959171
[16:36:01]HREF: 16:36 Benjeman (usr:Jakob Beach) || _=1592400959172
[16:36:06]HREF: 16:36 Benjeman (usr:Jakob Beach) || /datum/nanoui src=[0x21005ed8];vend=6;cat=0
[16:36:35]HREF: 16:36 Alot (usr:Sarah 'Phantom' Black) || _=1592400996075
[16:36:35]HREF: 16:36 Alot (usr:Sarah 'Phantom' Black) || _=1592400996076
[16:36:38]HREF: 16:36 ZyberCpechnaz (usr:Javier Ahmed) || _=1592400998165
[16:36:38]HREF: 16:36 ZyberCpechnaz (usr:Javier Ahmed) || _=1592400998166
[16:36:40]HREF: 16:36 ZyberCpechnaz (usr:Javier Ahmed) || /datum/nanoui src=[0x21005ed8];vend=16;cat=0
[16:36:41]HREF: 16:36 ZyberCpechnaz (usr:Javier Ahmed) || /datum/nanoui src=[0x21005ed8];vend=17;cat=0
[16:36:42]HREF: 16:36 ZyberCpechnaz (usr:Javier Ahmed) || /datum/nanoui src=[0x21005ed8];vend=17;cat=0
[16:36:42]HREF: 16:36 ZyberCpechnaz (usr:Javier Ahmed) || /datum/nanoui src=[0x21005ed8];vend=17;cat=0
[16:36:43]HREF: 16:36 ZyberCpechnaz (usr:Javier Ahmed) || /datum/nanoui src=[0x21005ed8];vend=17;cat=0
[16:36:43]HREF: 16:36 Alot (usr:Sarah 'Phantom' Black) || _=1592401003475
[16:36:43]HREF: 16:36 Alot (usr:Sarah 'Phantom' Black) || _=1592401003476
[16:36:43]HREF: 16:36 ZyberCpechnaz (usr:Javier Ahmed) || /datum/nanoui src=[0x21005ed8];vend=17;cat=0
[16:36:55]HREF: 16:36 Benjeman (usr:Jakob Beach) || _=1592401012396
[16:36:55]HREF: 16:36 Benjeman (usr:Jakob Beach) || _=1592401012397
[16:36:57]HREF: 16:36 Benjeman (usr:Jakob Beach) || /datum/nanoui src=[0x21005f0d];vend=2
[16:37:05]HREF: 16:37 Benjeman (usr:Jakob Beach) || /datum/nanoui src=[0x21005f0d];vend=3
[16:37:08]HREF: 16:37 Benjeman (usr:Jakob Beach) || /datum/nanoui src=[0x21005f0d];vend=4
[16:37:13]HREF: 16:37 Benjeman (usr:Jakob Beach) || /datum/nanoui src=[0x21005f0d];vend=5
[16:37:17]HREF: 16:37 Benjeman (usr:Jakob Beach) || /datum/nanoui src=[0x21005f0d];vend=6
[16:37:23]HREF: 16:37 ZyberCpechnaz (usr:Javier Ahmed) || _=1592401043662
[16:37:23]HREF: 16:37 ZyberCpechnaz (usr:Javier Ahmed) || _=1592401043663
[16:37:24]HREF: 16:37 Benjeman (usr:Jakob Beach) || /datum/nanoui src=[0x21005f0d];vend=9
[16:37:25]HREF: 16:37 ZyberCpechnaz (usr:Javier Ahmed) || /datum/nanoui src=[0x21005f0a];vend=29;cat=0
[16:37:36]HREF: 16:37 Benjeman (usr:Jakob Beach) || /datum/nanoui src=[0x21005f0d];vend=13
[16:37:59]HREF: 16:37 Benjeman (usr:Jakob Beach) || /datum/nanoui src=[0x21005f0d];vend=17
[16:38:19]HREF: 16:38 Benjeman (usr:Jakob Beach) || /datum/nanoui src=[0x21005f0d];vend=20
[16:38:32]HREF: 16:38 Benjeman (usr:Jakob Beach) || /datum/nanoui src=[0x21005f0d];vend=34
[16:39:09]HREF: 16:39 Sewa (usr:Kelvin Focell) || _=1592401151316
[16:39:09]HREF: 16:39 Sewa (usr:Kelvin Focell) || _=1592401151317
[16:39:11]HREF: 16:39 Sewa (usr:Kelvin Focell) || /datum/nanoui src=[0x21003d30];online=1
[16:39:12]HREF: 16:39 Benjeman (usr:Jakob Beach) || _=1592401149780
[16:39:12]HREF: 16:39 Benjeman (usr:Jakob Beach) || _=1592401149781
[16:39:13]HREF: 16:39 Sewa (usr:Kelvin Focell) || /datum/nanoui src=[0x21003d30];input=max
[16:39:15]HREF: 16:39 Sewa (usr:Kelvin Focell) || _=1592401156560
[16:39:15]HREF: 16:39 Sewa (usr:Kelvin Focell) || _=1592401156561
[16:39:16]HREF: 16:39 Benjeman (usr:Jakob Beach) || /datum/nanoui src=[0x21005f06];vend=5;cat=0
[16:39:16]HREF: 16:39 Sewa (usr:Kelvin Focell) || /datum/nanoui src=[0x21005f0b];input=max
[16:39:18]HREF: 16:39 Sewa (usr:Kelvin Focell) || _=1592401160053
[16:39:18]HREF: 16:39 Sewa (usr:Kelvin Focell) || _=1592401160054
[16:39:19]HREF: 16:39 Sewa (usr:Kelvin Focell) || /datum/nanoui src=[0x21003d2f];cmode=1
[16:39:20]HREF: 16:39 Sewa (usr:Kelvin Focell) || /datum/nanoui src=[0x21003d2f];cmode=1
[16:39:21]HREF: 16:39 Sewa (usr:Kelvin Focell) || /datum/nanoui src=[0x21003d2f];input=max
[16:39:22]HREF: 16:39 Sewa (usr:Kelvin Focell) || /datum/nanoui src=[0x21003d2f];online=1
[16:39:23]HREF: 16:39 Sewa (usr:Kelvin Focell) || /datum/nanoui src=[0x21003d2f];output=max
[16:39:27]HREF: 16:39 Sewa (usr:Kelvin Focell) || /datum/nanoui src=[0x21003d30];output=max
[16:39:31]HREF: 16:39 Sewa (usr:Kelvin Focell) || _=1592401173386
[16:39:32]HREF: 16:39 Sewa (usr:Kelvin Focell) || _=1592401173387
[16:39:32]HREF: 16:39 Sewa (usr:Kelvin Focell) || /datum/nanoui src=[0x21005f0e];output=max
[16:39:33]HREF: 16:39 EngineerConager (usr:Dell Conrad) || _=1592401171131
[16:39:33]HREF: 16:39 EngineerConager (usr:Dell Conrad) || _=1592401171132
[16:39:35]HREF: 16:39 Sewa (usr:Kelvin Focell) || _=1592401176473
[16:39:35]HREF: 16:39 Sewa (usr:Kelvin Focell) || _=1592401176474
[16:39:37]HREF: 16:39 Sewa (usr:Kelvin Focell) || _=1592401179194
[16:39:37]HREF: 16:39 Sewa (usr:Kelvin Focell) || _=1592401179195
[16:39:38]HREF: 16:39 Sewa (usr:Kelvin Focell) || /datum/nanoui src=[0x21005f0e];online=1
[16:39:38]HREF: 16:39 Sewa (usr:Kelvin Focell) || _=1592401180183
[16:39:38]HREF: 16:39 Sewa (usr:Kelvin Focell) || _=1592401180184
[16:39:40]HREF: 16:39 Sewa (usr:Kelvin Focell) || /datum/nanoui src=[0x21005f0e];online=1
[16:39:40]HREF: 16:39 Sewa (usr:Kelvin Focell) || _=1592401181589
[16:39:40]HREF: 16:39 Sewa (usr:Kelvin Focell) || _=1592401181590
[16:39:40]HREF: 16:39 Sewa (usr:Kelvin Focell) || /datum/nanoui src=[0x21005f0e];online=1
[16:39:41]HREF: 16:39 Sewa (usr:Kelvin Focell) || _=1592401182488
[16:39:41]HREF: 16:39 Sewa (usr:Kelvin Focell) || _=1592401182489
[16:39:41]HREF: 16:39 Sewa (usr:Kelvin Focell) || /datum/nanoui src=[0x21005f0e];online=1
[16:39:41]HREF: 16:39 Sewa (usr:Kelvin Focell) || _=1592401183359
[16:39:41]HREF: 16:39 Sewa (usr:Kelvin Focell) || _=1592401183360
[16:39:43]HREF: 16:39 Sewa (usr:Kelvin Focell) || /datum/nanoui src=[0x21005f0e];cmode=1
[16:39:44]HREF: 16:39 Sewa (usr:Kelvin Focell) || _=1592401185503
[16:39:44]HREF: 16:39 Sewa (usr:Kelvin Focell) || _=1592401185504
[16:39:45]HREF: 16:39 Sewa (usr:Kelvin Focell) || /datum/nanoui src=[0x21005f0e];online=1
[16:39:46]HREF: 16:39 Sewa (usr:Kelvin Focell) || _=1592401187350
[16:39:46]HREF: 16:39 Sewa (usr:Kelvin Focell) || _=1592401187351
[16:39:47]HREF: 16:39 Benjeman (usr:Jakob Beach) || /datum/nanoui src=[0x21005f06];vend=4;cat=0
[16:39:47]HREF: 16:39 Sewa (usr:Kelvin Focell) || /datum/nanoui src=[0x21005f0e];online=1
[16:39:47]HREF: 16:39 Sewa (usr:Kelvin Focell) || _=1592401188986
[16:39:47]HREF: 16:39 Sewa (usr:Kelvin Focell) || _=1592401188987
[16:39:48]HREF: 16:39 Sewa (usr:Kelvin Focell) || /datum/nanoui src=[0x21005f0e];online=1
[16:39:48]HREF: 16:39 Sewa (usr:Kelvin Focell) || _=1592401189846
[16:39:48]HREF: 16:39 Sewa (usr:Kelvin Focell) || _=1592401189847
[16:39:49]HREF: 16:39 Sewa (usr:Kelvin Focell) || /datum/nanoui src=[0x21005f0e];online=1
[16:39:49]HREF: 16:39 Sewa (usr:Kelvin Focell) || _=1592401191380
[16:39:50]HREF: 16:39 Sewa (usr:Kelvin Focell) || _=1592401191381
[16:39:50]HREF: 16:39 Sewa (usr:Kelvin Focell) || /datum/nanoui src=[0x21005f0e];online=1
[16:39:50]HREF: 16:39 Sewa (usr:Kelvin Focell) || _=1592401191914
[16:39:50]HREF: 16:39 Sewa (usr:Kelvin Focell) || _=1592401191915
[16:39:52]HREF: 16:39 Sewa (usr:Kelvin Focell) || _=1592401194204
[16:39:52]HREF: 16:39 Sewa (usr:Kelvin Focell) || _=1592401194205
[16:39:53]HREF: 16:39 Sewa (usr:Kelvin Focell) || /datum/nanoui src=[0x21003d30];online=1
[16:39:56]HREF: 16:39 Sewa (usr:Kelvin Focell) || _=1592401198336
[16:39:56]HREF: 16:39 Sewa (usr:Kelvin Focell) || _=1592401198337
[16:39:57]HREF: 16:39 Alot (usr:Sarah 'Phantom' Black) || _=1592401197925
[16:39:57]HREF: 16:39 Alot (usr:Sarah 'Phantom' Black) || _=1592401197926
[16:39:58]HREF: 16:39 Sewa (usr:Kelvin Focell) || /datum/nanoui src=[0x21005f0e];cmode=1
[16:39:59]HREF: 16:39 Sewa (usr:Kelvin Focell) || /datum/nanoui src=[0x21005f0e];online=1
[16:40:02]HREF: 16:40 Benjeman (usr:Jakob Beach) || /datum/nanoui src=[0x21005f06];vend=7;cat=0
[16:40:03]HREF: 16:40 Sewa (usr:Kelvin Focell) || _=1592401204407
[16:40:03]HREF: 16:40 Sewa (usr:Kelvin Focell) || _=1592401204408
[16:40:06]HREF: 16:40 Alot (usr:Sarah 'Phantom' Black) || /datum/nanoui src=[0x21005f0f];vend=7;cat=0
[16:40:43]HREF: 16:40 Benjeman (usr:Jakob Beach) || /datum/nanoui src=[0x21005f06];vend=15;cat=0
[16:40:55]HREF: 16:40 Benjeman (usr:Jakob Beach) || /datum/nanoui src=[0x21005f06];vend=15;cat=0
[16:41:15]HREF: 16:41 Benjeman (usr:Jakob Beach) || /datum/nanoui src=[0x21005f06];vend=1;cat=0
[16:41:22]HREF: 16:41 Sewa (usr:Kelvin Focell) || The Nexus Dome Canteen src=[0x2006093];pulse=8
[16:41:23]HREF: 16:41 Sewa (usr:Kelvin Focell) || The Nexus Dome Canteen src=[0x2006093];pulse=8
[16:41:24]HREF: 16:41 Sewa (usr:Kelvin Focell) || The Nexus Dome Canteen src=[0x2006093];pulse=9
[16:41:25]HREF: 16:41 Sewa (usr:Kelvin Focell) || The Nexus Dome Canteen src=[0x2006093];pulse=10
[16:41:27]HREF: 16:41 Sewa (usr:Kelvin Focell) || The Nexus Dome Canteen src=[0x2006093];pulse=10
[16:41:28]HREF: 16:41 Sewa (usr:Kelvin Focell) || The Nexus Dome Canteen src=[0x2006093];pulse=11
[16:41:30]HREF: 16:41 Sewa (usr:Kelvin Focell) || The Nexus Dome Canteen src=[0x2006093];pulse=12
[16:41:30]HREF: 16:41 Benjeman (usr:Jakob Beach) || /datum/nanoui src=[0x21005f06];vend=11;cat=0
[16:41:31]HREF: 16:41 Sewa (usr:Kelvin Focell) || The Nexus Dome Canteen src=[0x2006093];pulse=12
[16:41:31]HREF: 16:41 Sewa (usr:Kelvin Focell) || The Nexus Dome Canteen src=[0x2006093];pulse=12
[16:41:32]HREF: 16:41 Sewa (usr:Kelvin Focell) || The Nexus Dome Canteen src=[0x2006093];pulse=12
[16:41:33]HREF: 16:41 Sewa (usr:Kelvin Focell) || The Nexus Dome Canteen src=[0x2006093];pulse=8
[16:41:34]HREF: 16:41 Sewa (usr:Kelvin Focell) || The Nexus Dome Canteen src=[0x2006093];pulse=7
[16:41:35]HREF: 16:41 Sewa (usr:Kelvin Focell) || The Nexus Dome Canteen src=[0x2006093];pulse=7
[16:41:36]HREF: 16:41 Sewa (usr:Kelvin Focell) || The Nexus Dome Canteen src=[0x2006093];pulse=7
[16:41:37]HREF: 16:41 Sewa (usr:Kelvin Focell) || The Nexus Dome Canteen src=[0x2006093];pulse=6
[16:41:39]HREF: 16:41 Sewa (usr:Kelvin Focell) || The Nexus Dome Canteen src=[0x2006093];pulse=6
[16:41:40]HREF: 16:41 Sewa (usr:Kelvin Focell) || The Nexus Dome Canteen src=[0x2006093];pulse=5
[16:41:41]HREF: 16:41 Sewa (usr:Kelvin Focell) || The Nexus Dome Canteen src=[0x2006093];pulse=4
[16:41:42]HREF: 16:41 Sewa (usr:Kelvin Focell) || The Nexus Dome Canteen src=[0x2006093];pulse=3
[16:41:44]HREF: 16:41 Sewa (usr:Kelvin Focell) || The Nexus Dome Canteen src=[0x2006093];pulse=3
[16:41:44]HREF: 16:41 Sewa (usr:Kelvin Focell) || The Nexus Dome Canteen src=[0x2006093];pulse=2
[16:41:45]HREF: 16:41 Sewa (usr:Kelvin Focell) || The Nexus Dome Canteen src=[0x2006093];pulse=3
[16:41:49]HREF: 16:41 Sewa (usr:Kelvin Focell) || The Nexus Dome Canteen src=[0x2006093];wires=3
[16:41:49]HREF: 16:41 Sewa (usr:Kelvin Focell) || The Nexus Dome Canteen src=[0x2006093];wires=3
[16:41:54]HREF: 16:41 Sewa (usr:Kelvin Focell) || The Nexus Dome Canteen src=[0x2006093];pulse=3
[16:41:55]HREF: 16:41 Sewa (usr:Kelvin Focell) || The Nexus Dome Canteen src=[0x2006093];pulse=3
[16:41:56]HREF: 16:41 Sewa (usr:Kelvin Focell) || The Nexus Dome Canteen src=[0x2006093];pulse=2
[16:41:56]HREF: 16:41 Sewa (usr:Kelvin Focell) || The Nexus Dome Canteen src=[0x2006093];pulse=1
[16:42:20]HREF: 16:42 BlackCrystalic (usr:Blacky 'GG' Crysis) || _src_=holder;adminplayerobservecoodjump=1;X=227;Y=138;Z=3
[16:42:21]HREF: 16:42 Benjeman (usr:Jakob Beach) || _=1592401338239
[16:42:21]HREF: 16:42 Benjeman (usr:Jakob Beach) || _=1592401338240
[16:42:24]HREF: 16:42 Benjeman (usr:Jakob Beach) || /datum/nanoui src=[0x21001cd6];vend=15;cat=0
[16:42:25]HREF: 16:42 BlackCrystalic (usr:Blacky 'GG' Crysis) || /datum/admins src=[0x2100342c];revive=[0x300005c]
[16:42:29]HREF: 16:42 BlackCrystalic (usr:Blacky 'GG' Crysis) || /datum/admins src=[0x2100342c];revive=[0x300005b]
[16:42:31]HREF: 16:42 Benjeman (usr:Jakob Beach) || /datum/nanoui src=[0x21001cd6];vend=15;cat=0
[16:42:41]HREF: 16:42 Sewa (usr:Kelvin Focell) || The Nexus Dome Armory src=[0x2005fdb];wires=2
[16:42:42]HREF: 16:42 Sewa (usr:Kelvin Focell) || The Nexus Dome Armory src=[0x2005fdb];wires=1
[16:42:43]HREF: 16:42 Sewa (usr:Kelvin Focell) || The Nexus Dome Armory src=[0x2005fdb];wires=1
[16:42:44]HREF: 16:42 Sewa (usr:Kelvin Focell) || The Nexus Dome Armory src=[0x2005fdb];wires=2
[16:42:47]HREF: 16:42 Sewa (usr:Kelvin Focell) || The Nexus Dome Armory src=[0x2005fdb];pulse=2
[16:42:47]HREF: 16:42 Sewa (usr:Kelvin Focell) || The Nexus Dome Armory src=[0x2005fdb];pulse=1
[16:42:49]HREF: 16:42 Sewa (usr:Kelvin Focell) || The Nexus Dome Armory src=[0x2005fdb];pulse=3
[16:42:54]HREF: 16:42 Sewa (usr:Kelvin Focell) || The Nexus Dome Armory src=[0x2005fdb];pulse=2
[16:42:55]HREF: 16:42 Sewa (usr:Kelvin Focell) || The Nexus Dome Armory src=[0x2005fdb];pulse=1
[16:42:56]HREF: 16:42 Sewa (usr:Kelvin Focell) || The Nexus Dome Armory src=[0x2005fdb];wires=1
[16:42:57]HREF: 16:42 Sewa (usr:Kelvin Focell) || The Nexus Dome Armory src=[0x2005fdb];wires=2
[16:42:58]HREF: 16:42 Sewa (usr:Kelvin Focell) || The Nexus Dome Armory src=[0x2005fdb];wires=4
[16:42:59]HREF: 16:42 Sewa (usr:Kelvin Focell) || The Nexus Dome Armory src=[0x2005fdb];wires=5
[16:43:04]HREF: 16:43 Sewa (usr:Kelvin Focell) || The Nexus Dome Armory src=[0x2005fdb];wires=6
[16:43:05]HREF: 16:43 Sewa (usr:Kelvin Focell) || The Nexus Dome Armory src=[0x2005fdb];wires=7
[16:43:09]HREF: 16:43 Sewa (usr:Kelvin Focell) || The Nexus Dome Armory src=[0x2005fdb];wires=8
[16:43:10]HREF: 16:43 Sewa (usr:Kelvin Focell) || The Nexus Dome Armory src=[0x2005fdb];wires=9
[16:43:10]HREF: 16:43 Sewa (usr:Kelvin Focell) || The Nexus Dome Armory src=[0x2005fdb];wires=10
[16:43:11]HREF: 16:43 Sewa (usr:Kelvin Focell) || The Nexus Dome Armory src=[0x2005fdb];wires=11
[16:43:11]HREF: 16:43 Sewa (usr:Kelvin Focell) || The Nexus Dome Armory src=[0x2005fdb];wires=12
[16:43:14]HREF: 16:43 BlackCrystalic (usr:Blacky 'GG' Crysis) || _src_=holder;adminplayerobservecoodjump=1;X=207;Y=136;Z=3
[16:43:24]HREF: 16:43 BlackCrystalic (usr:Blacky 'GG' Crysis) || /datum/admins src=[0x2100342c];revive=[0x3000060]
[16:43:31]HREF: 16:43 BlackCrystalic (usr:Blacky 'GG' Crysis) || /datum/admins src=[0x2100342c];revive=[0x300005c]
[16:45:07]HREF: 16:45 ZyberCpechnaz (usr:Javier Ahmed) || _=1592401507414
[16:45:07]HREF: 16:45 ZyberCpechnaz (usr:Javier Ahmed) || _=1592401507415
[16:45:08]HREF: 16:45 ZyberCpechnaz (usr:Javier Ahmed) || /datum/nanoui src=[0x21005c43];vend=7;cat=0
[16:45:09]HREF: 16:45 ZyberCpechnaz (usr:Javier Ahmed) || /datum/nanoui src=[0x21005c43];vend=7;cat=0
[16:45:18]HREF: 16:45 Benjeman (usr:Jakob Beach) || _=1592401515909
[16:45:18]HREF: 16:45 Benjeman (usr:Jakob Beach) || _=1592401515910
[16:45:37]HREF: 16:45 Benjeman (usr:Jakob Beach) || /datum/nanoui src=[0x21005dcb];vend=13;cat=0
[16:45:47]HREF: 16:45 Benjeman (usr:Jakob Beach) || /datum/nanoui src=[0x21005dcb];vend=9;cat=0
[16:46:37]HREF: 16:46 Benjeman (usr:Jakob Beach) || _=1592401594514
[16:46:37]HREF: 16:46 Benjeman (usr:Jakob Beach) || _=1592401594515
[16:46:40]HREF: 16:46 Benjeman (usr:Jakob Beach) || _=1592401597350
[16:46:40]HREF: 16:46 Benjeman (usr:Jakob Beach) || _=1592401597351
[16:47:10]HREF: 16:47 Benjeman (usr:Jakob Beach) || /datum/nanoui src=[0x21005dcb];vend=44
[16:47:33]HREF: 16:47 Benjeman (usr:Jakob Beach) || _=1592401650465
[16:47:33]HREF: 16:47 Benjeman (usr:Jakob Beach) || _=1592401650466
[16:47:37]HREF: 16:47 Benjeman (usr:Jakob Beach) || /datum/nanoui src=[0x21005f70];vend=31
[16:47:40]HREF: 16:47 Sewa (usr:Kelvin Focell) || Telecommunications Server Monitor src=[0x2005d9f];network=1
[16:47:43]HREF: 16:47 Sewa (usr:Kelvin Focell) || Telecommunications Server Monitor src=[0x2005d9f];operation=scan
[16:47:47]HREF: 16:47 Benjeman (usr:Jakob Beach) || /datum/nanoui src=[0x21005f70];vend=26
[16:47:49]HREF: 16:47 BlackCrystalic (usr:Blacky 'GG' Crysis) || Blacky 'GG' Crysis src=[0x3000041];track=[0x3000003]
[16:47:50]HREF: 16:47 Sewa (usr:Kelvin Focell) || Telecommunications Traffic Control src=[0x2005da1];operation=scan
[16:49:53]HREF: 16:49 Benjeman (usr:Jakob Beach) || _=1592401790756
[16:49:53]HREF: 16:49 Benjeman (usr:Jakob Beach) || _=1592401790757
[16:50:04]HREF: 16:50 Sewa (usr:Kelvin Focell) || The high-res forensic scanning computer src=[0x2005ffc];operation=login
[16:50:04]HREF: 16:50 Benjeman (usr:Jakob Beach) || /datum/nanoui src=[0x21005c43];vend=4;cat=0
[16:50:07]HREF: 16:50 Sewa (usr:Kelvin Focell) || The high-res forensic scanning computer src=[0x2005ffc];operation=login
[16:50:21]HREF: 16:50 Benjeman (usr:Jakob Beach) || _=1592401818372
[16:50:21]HREF: 16:50 Benjeman (usr:Jakob Beach) || _=1592401818373
[16:50:30]HREF: 16:50 Benjeman (usr:Jakob Beach) || /datum/nanoui src=[0x21005f70];vend=15;cat=0
[16:50:44]HREF: 16:50 Benjeman (usr:Jakob Beach) || /datum/nanoui src=[0x21005f70];vend=15;cat=0
[16:51:02]HREF: 16:51 ZyberCpechnaz (usr:Javier Ahmed) || _=1592401862732
[16:51:02]HREF: 16:51 ZyberCpechnaz (usr:Javier Ahmed) || _=1592401862733
[16:51:04]HREF: 16:51 ZyberCpechnaz (usr:Javier Ahmed) || /datum/nanoui src=[0x21005f70];vend=9;cat=0
[16:51:11]HREF: 16:51 ZyberCpechnaz (usr:Javier Ahmed) || /datum/nanoui src=[0x21005f70];vend=5;cat=0
[16:51:16]HREF: 16:51 ZyberCpechnaz (usr:Javier Ahmed) || /datum/nanoui src=[0x21005f70];vend=3;cat=0
[16:51:22]HREF: 16:51 ZyberCpechnaz (usr:Javier Ahmed) || /datum/nanoui src=[0x21005f70];vend=24;cat=0
[16:51:31]HREF: 16:51 ZyberCpechnaz (usr:Javier Ahmed) || /datum/nanoui src=[0x21005f70];vend=16;cat=0
[16:51:41]HREF: 16:51 ZyberCpechnaz (usr:Javier Ahmed) || /datum/nanoui src=[0x21005f70];vend=11;cat=0
[16:51:44]HREF: 16:51 ZyberCpechnaz (usr:Javier Ahmed) || /datum/nanoui src=[0x21005f70];vend=22;cat=0
[16:51:56]HREF: 16:51 ZyberCpechnaz (usr:Javier Ahmed) || /datum/nanoui src=[0x21005f70];vend=5;cat=0
[16:52:00]HREF: 16:52 ZyberCpechnaz (usr:Javier Ahmed) || /datum/nanoui src=[0x21005f70];vend=13;cat=0
[16:52:03]HREF: 16:52 EngineerConager (usr:Dell Conrad) || _=1592401920924
[16:52:03]HREF: 16:52 EngineerConager (usr:Dell Conrad) || _=1592401920925
[16:52:04]HREF: 16:52 EngineerConager (usr:Dell Conrad) || /datum/nanoui src=[0x21001d44];move=1
[16:52:05]HREF: 16:52 EngineerConager (usr:Dell Conrad) || /datum/nanoui src=[0x21001d44];move=1
[16:53:50]HREF: 16:53 ZyberCpechnaz (usr:Javier Ahmed) || _=1592402030816
[16:53:50]HREF: 16:53 ZyberCpechnaz (usr:Javier Ahmed) || _=1592402030817
[16:58:37]HREF: 16:58 BlackCrystalic (usr:Blacky 'GG' Crysis) || Blacky 'GG' Crysis src=[0x3000041];track=[0x3000067]
[17:02:00]HREF: 17:02 Sewa (usr:Kelvin Focell) || The Nexus Dome Canteen src=[0x200622f];pulse=9
[17:02:01]HREF: 17:02 Sewa (usr:Kelvin Focell) || The Nexus Dome Canteen src=[0x200622f];wires=9
[17:02:02]HREF: 17:02 Sewa (usr:Kelvin Focell) || The Nexus Dome Canteen src=[0x200622f];wires=8
[17:04:40]HREF: 17:04 Alot (usr:Sarah 'Phantom' Black) || _=1592402680357
[17:04:40]HREF: 17:04 Alot (usr:Sarah 'Phantom' Black) || _=1592402680358
[17:04:44]HREF: 17:04 Alot (usr:Sarah 'Phantom' Black) || /datum/nanoui src=[0x21005fe8];vend=2;cat=0
[17:04:51]HREF: 17:04 Alot (usr:Sarah 'Phantom' Black) || /datum/nanoui src=[0x21005fe8];vend=4;cat=0
[17:05:19]HREF: 17:05 Benjeman (usr:Jakob Beach) || _=1592402716528
[17:05:19]HREF: 17:05 Benjeman (usr:Jakob Beach) || _=1592402716529
[17:05:24]HREF: 17:05 Benjeman (usr:Jakob Beach) || /datum/nanoui src=[0x21005feb];vend=3;cat=0
[17:08:23]HREF: 17:08 Ryterator (usr:Ryterator) || Ryterator src=[0x300006d];lobby_choice=late_join
[17:08:27]HREF: 17:08 Ryterator (usr:Ryterator) || Ryterator src=[0x300006d];lobby_choice=late_join
[17:08:31]HREF: 17:08 Ryterator (usr:Ryterator) || Ryterator src=[0x300006d];lobby_choice=late_join
[17:08:34]HREF: 17:08 Ryterator (usr:Ryterator) || Ryterator src=[0x300006d];lobby_choice=show_preferences
[17:08:42]HREF: 17:08 Ryterator (usr:Ryterator) || Ryterator src=[0x300006d];lobby_choice=late_join
[17:08:48]HREF: 17:08 EngineerConager (usr:Dell Conrad) || _=1592402926585
[17:08:48]HREF: 17:08 EngineerConager (usr:Dell Conrad) || _=1592402926586
[17:08:49]HREF: 17:08 EngineerConager (usr:Dell Conrad) || /datum/nanoui src=[0x210056b5];move=1
[17:08:50]HREF: 17:08 EngineerConager (usr:Dell Conrad) || /datum/nanoui src=[0x210056b5];move=1
[17:09:02]HREF: 17:09 Ryterator (usr:Ryterator) || Ryterator src=[0x300006d];lobby_choice=late_join
[17:09:03]HREF: 17:09 Ryterator (usr:Ryterator) || Ryterator src=[0x300006d];lobby_choice=show_preferences
[17:09:35]HREF: 17:09 BlackCrystalic (usr:Blacky 'GG' Crysis) || Blacky 'GG' Crysis src=[0x3000041];track=[0x300005c]
[17:09:41]HREF: 17:09 Ryterator (usr:Ryterator) || Ryterator src=[0x300006f];lobby_choice=late_join
[17:09:55]HREF: 17:09 Ryterator (usr:Ryterator) || Ryterator src=[0x300006f];lobby_choice=late_join
[17:11:07]HREF: 17:11 Wincant (usr:Wincant) || Wincant src=[0x3000071];lobby_choice=late_join_xeno
[17:11:09]HREF: 17:11 Wincant (usr:Wincant) || Wincant src=[0x3000071];lobby_choice=late_join_xeno
[17:11:11]HREF: 17:11 Wincant (usr:Wincant) || Wincant src=[0x3000071];lobby_choice=late_join
[17:11:30]HREF: 17:11 Wincant (usr:Wincant) || Wincant src=[0x3000071];lobby_choice=observe
[17:11:36]HREF: 17:11 Wincant (usr:Wincant) || Wincant src=[0x3000071];lobby_choice=observe
[17:11:55]HREF: 17:11 Wincant (usr:Sergey Dragovich) || Wincant src=[0x3000071];lobby_choice=observe
[17:13:16]HREF: 17:13 Alot (usr:Sarah 'Phantom' Black) || Hardsuit
[17:16:48]HREF: 17:16 Bobadoba (usr:Bobadoba) || Bobadoba src=[0x3000074];lobby_choice=late_join
[17:16:53]HREF: 17:16 Bobadoba (usr:Bobadoba) || Bobadoba src=[0x3000074];lobby_choice=SelectedJob;job_selected=Doctor
[17:17:06]HREF: 17:17 Bobadoba (usr:Charlie Whittier) || _=1592403424362
[17:17:06]HREF: 17:17 Bobadoba (usr:Charlie Whittier) || _=1592403424363
[17:17:08]HREF: 17:17 Bobadoba (usr:Charlie Whittier) || /datum/nanoui src=[0x21005433];vend=4;cat=0
[17:17:21]HREF: 17:17 BlackCrystalic (usr:Blacky 'GG' Crysis) || /datum/admins src=[0x2100342c];revive=[0x3000060]
[17:17:56]HREF: 17:17 EngineerConager (usr:Dell Conrad) || ColMarTech Automated Module Repair Station src=[0x200e345];repair=0
[17:20:30]HREF: 17:20 Alot (usr:Sarah 'Phantom' Black) || ColMarTech Automated Module Repair Station src=[0x200e345];repair=11
[17:20:33]HREF: 17:20 Bobadoba (usr:Charlie Whittier) || _=1592403631599
[17:20:33]HREF: 17:20 Bobadoba (usr:Charlie Whittier) || _=1592403631600
[17:21:32]HREF: 17:21 Alot (usr:Sarah 'Phantom' Black) || Suit Storage Unit src=[0x200e5c5];toggle_open=1
[17:21:38]HREF: 17:21 Alot (usr:Sarah 'Phantom' Black) || Suit Storage Unit src=[0x200e5c5];toggle_open=1
[17:22:45]HREF: 17:22 Alot (usr:Sarah 'Phantom' Black) || _=1592403764664
[17:22:45]HREF: 17:22 Alot (usr:Sarah 'Phantom' Black) || _=1592403764665
[17:23:22]HREF: 17:23 EngineerConager (usr:Dell Conrad) || _=1592403800045
[17:23:22]HREF: 17:23 EngineerConager (usr:Dell Conrad) || _=1592403800046
[17:23:42]HREF: 17:23 EngineerConager (usr:Dell Conrad) || /datum/nanoui src=[0x21002d15];vend=17;cat=0
[17:23:45]HREF: 17:23 EngineerConager (usr:Dell Conrad) || /datum/nanoui src=[0x21002d15];vend=16;cat=0
[17:23:45]HREF: 17:23 EngineerConager (usr:Dell Conrad) || /datum/nanoui src=[0x21002d15];vend=16;cat=0
[17:23:46]HREF: 17:23 EngineerConager (usr:Dell Conrad) || /datum/nanoui src=[0x21002d15];vend=16;cat=0
[17:23:49]HREF: 17:23 Wincant (usr:Sergey Dragovich) || /datum/controller/vote src=[0x21000002];vote=close
[17:24:27]HREF: 17:24 Wincant (usr:Sergey Dragovich) || Sergey Dragovich src=[0x3000072];track=[0x3000075]
[17:25:11]HREF: 17:25 Bobadoba (usr:Charlie Whittier) || _=1592403909886
[17:25:11]HREF: 17:25 Bobadoba (usr:Charlie Whittier) || _=1592403909887
[17:25:12]HREF: 17:25 Bobadoba (usr:Charlie Whittier) || /datum/nanoui src=[0x21005607];vend=6;cat=0
[17:25:13]HREF: 17:25 Bobadoba (usr:Charlie Whittier) || /datum/nanoui src=[0x21005607];vend=6;cat=0
[17:25:16]HREF: 17:25 EngineerConager (usr:Dell Conrad) || The marine command radio headset src=[0x2006789];ch_name=Alpha;listen=1
[17:25:16]HREF: 17:25 EngineerConager (usr:Dell Conrad) || The marine command radio headset src=[0x2006789];ch_name=Bravo;listen=1
[17:25:17]HREF: 17:25 EngineerConager (usr:Dell Conrad) || The marine command radio headset src=[0x2006789];ch_name=Charlie;listen=1
[17:25:17]HREF: 17:25 EngineerConager (usr:Dell Conrad) || The marine command radio headset src=[0x2006789];ch_name=Delta;listen=1
[17:25:22]HREF: 17:25 ZyberCpechnaz (usr:Javier Ahmed) || _=1592403921995
[17:25:22]HREF: 17:25 ZyberCpechnaz (usr:Javier Ahmed) || _=1592403921996
[17:25:22]HREF: 17:25 ZyberCpechnaz (usr:Javier Ahmed) || /datum/nanoui src=[0x2100560a];move=1
[17:25:51]HREF: 17:25 BlackCrystalic (usr:Blacky 'GG' Crysis) || _src_=vars;mobToDamage=[0x3000060];adjustDamage=brain
[17:26:12]HREF: 17:26 Wincant (usr:Sergey Dragovich) || Sergey Dragovich src=[0x3000072];track=[0x3000003]
[17:26:30]HREF: 17:26 Bobadoba (usr:Charlie Whittier) || _=1592403988450
[17:26:30]HREF: 17:26 Bobadoba (usr:Charlie Whittier) || _=1592403988451
[17:27:09]HREF: 17:27 BlackCrystalic (usr:Blacky 'GG' Crysis) || Blacky 'GG' Crysis src=[0x3000041];track=[0x3000075]
[17:27:24]HREF: 17:27 BlackCrystalic (usr:Blacky 'GG' Crysis) || /datum/admins src=[0x2100342c];revive=[0x3000060]
[17:28:17]HREF: 17:28 Bobadoba (usr:Charlie Whittier) || _=1592404095167
[17:28:17]HREF: 17:28 Bobadoba (usr:Charlie Whittier) || _=1592404095168
[17:28:18]HREF: 17:28 Bobadoba (usr:Charlie Whittier) || /datum/nanoui src=[0x21005f8d];vend=27;cat=0
[17:28:19]HREF: 17:28 Bobadoba (usr:Charlie Whittier) || /datum/nanoui src=[0x21005f8d];vend=27;cat=0
[17:28:47]HREF: 17:28 Chaburek (usr:Elder Queen) || _=1592404126960
[17:28:47]HREF: 17:28 Chaburek (usr:Elder Queen) || _=1592404126961
[17:29:00]HREF: 17:29 ZyberCpechnaz (usr:Unknown (as Javier Ahmed)) || _=1592404140208
[17:29:00]HREF: 17:29 ZyberCpechnaz (usr:Unknown (as Javier Ahmed)) || _=1592404140209
[17:29:27]HREF: 17:29 Bobadoba (usr:Charlie Whittier) || _=1592404165133
[17:29:27]HREF: 17:29 Bobadoba (usr:Charlie Whittier) || _=1592404165134
[17:31:04]HREF: 17:31 Bobadoba (usr:Charlie Whittier) || _=1592404262472
[17:31:04]HREF: 17:31 Bobadoba (usr:Charlie Whittier) || _=1592404262473
[17:31:05]HREF: 17:31 Bobadoba (usr:Charlie Whittier) || /datum/nanoui src=[0x2100601b];vend=7;cat=0
[17:31:06]HREF: 17:31 Bobadoba (usr:Charlie Whittier) || /datum/nanoui src=[0x2100601b];vend=7;cat=0
[17:31:06]HREF: 17:31 Bobadoba (usr:Charlie Whittier) || /datum/nanoui src=[0x2100601b];vend=7;cat=0
[17:31:06]HREF: 17:31 Bobadoba (usr:Charlie Whittier) || /datum/nanoui src=[0x2100601b];vend=7;cat=0
[17:31:09]HREF: 17:31 BlackCrystalic (usr:Blacky 'GG' Crysis) || _src_=vars;mobToDamage=[0x300005b];adjustDamage=brute
[17:31:21]HREF: 17:31 BlackCrystalic (usr:Blacky 'GG' Crysis) || _src_=vars;mobToDamage=[0x3000067];adjustDamage=brute
[17:31:25]HREF: 17:31 Bobadoba (usr:Charlie Whittier) || _=1592404283035
[17:31:25]HREF: 17:31 Bobadoba (usr:Charlie Whittier) || _=1592404283036
[17:31:26]HREF: 17:31 Bobadoba (usr:Charlie Whittier) || /datum/nanoui src=[0x21005f83];vend=7;cat=0
[17:31:27]HREF: 17:31 Bobadoba (usr:Charlie Whittier) || /datum/nanoui src=[0x21005f83];vend=7;cat=0
[17:31:41]HREF: 17:31 Alot (usr:Sarah 'Phantom' Black) || Sarah 'Phantom' Black src=[0x3000078];track=[0x300005b]
[17:31:47]HREF: 17:31 BlackCrystalic (usr:Blacky 'GG' Crysis) || _src_=vars;mobToDamage=[0x300005b];adjustDamage=brute
[17:32:21]HREF: 17:32 EngineerConager (usr:Dell Conrad) || Johnny Vietnam src=[0x3000060];item=face
[17:33:04]HREF: 17:33 BlackCrystalic (usr:Blacky 'GG' Crysis) || _src_=vars;mobToDamage=[0x300005b];adjustDamage=brute
[17:33:09]HREF: 17:33 BlackCrystalic (usr:Blacky 'GG' Crysis) || _src_=vars;mobToDamage=[0x300005b];adjustDamage=brute
[17:33:15]HREF: 17:33 BlackCrystalic (usr:Blacky 'GG' Crysis) || _src_=vars;mobToDamage=[0x300005b];adjustDamage=brute
[17:33:18]HREF: 17:33 BlackCrystalic (usr:Blacky 'GG' Crysis) || _src_=vars;mobToDamage=[0x300005b];adjustDamage=brute
[17:33:21]HREF: 17:33 Alot (usr:Sarah 'Phantom' Black) || Sarah 'Phantom' Black src=[0x3000078];track=[0x300005c]
[17:33:22]HREF: 17:33 Alot (usr:Sarah 'Phantom' Black) || Sarah 'Phantom' Black src=[0x3000078];track=[0x300005c]
[17:33:23]HREF: 17:33 Alot (usr:Sarah 'Phantom' Black) || Sarah 'Phantom' Black src=[0x3000078];track=[0x300005c]
[17:33:24]HREF: 17:33 Alot (usr:Sarah 'Phantom' Black) || Sarah 'Phantom' Black src=[0x3000078];track=[0x300005c]
[17:33:45]HREF: 17:33 Alot (usr:Sarah 'Phantom' Black) || Sarah 'Phantom' Black src=[0x3000078];track=[0x300005c]
[17:35:11]HREF: 17:35 EngineerConager (usr:Dell Conrad) || Juicer src=[0x200b401];action=detach
[17:35:16]HREF: 17:35 EngineerConager (usr:Dell Conrad) || _=1592404514233
[17:35:16]HREF: 17:35 EngineerConager (usr:Dell Conrad) || _=1592404514234
[17:35:20]HREF: 17:35 EngineerConager (usr:Dell Conrad) || /datum/nanoui src=[0x21005fed];vend=4;cat=0
[17:35:27]HREF: 17:35 EngineerConager (usr:Dell Conrad) || _=1592404524775
[17:35:27]HREF: 17:35 EngineerConager (usr:Dell Conrad) || _=1592404524776
[17:35:28]HREF: 17:35 EngineerConager (usr:Dell Conrad) || /datum/nanoui src=[0x21005f0a];vend=3;cat=0
[17:35:29]HREF: 17:35 EngineerConager (usr:Dell Conrad) || /datum/nanoui src=[0x21005f0a];vend=2;cat=0
[17:35:29]HREF: 17:35 EngineerConager (usr:Dell Conrad) || /datum/nanoui src=[0x21005f0a];vend=1;cat=0
[17:35:30]HREF: 17:35 EngineerConager (usr:Dell Conrad) || /datum/nanoui src=[0x21005f0a];vend=2;cat=0
[17:35:30]HREF: 17:35 EngineerConager (usr:Dell Conrad) || /datum/nanoui src=[0x21005f0a];vend=3;cat=0
[17:35:31]HREF: 17:35 EngineerConager (usr:Dell Conrad) || /datum/nanoui src=[0x21005f0a];vend=1;cat=0
[17:35:31]HREF: 17:35 EngineerConager (usr:Dell Conrad) || /datum/nanoui src=[0x21005f0a];vend=2;cat=0
[17:35:34]HREF: 17:35 EngineerConager (usr:Dell Conrad) || _=1592404532090
[17:35:34]HREF: 17:35 EngineerConager (usr:Dell Conrad) || _=1592404532091
[17:36:13]HREF: 17:36 Alot (usr:Sarah 'Phantom' Black) || Sarah 'Phantom' Black src=[0x3000078];track=[0x3000003]
[17:36:30]HREF: 17:36 CM.RU (usr:CM.RU) || CM.RU src=[0x3000035];lobby_choice=ready
[17:36:30]HREF: 17:36 CM.RU (usr:CM.RU) || CM.RU src=[0x3000035];lobby_choice=late_join
[17:36:34]HREF: 17:36 CM.RU (usr:CM.RU) || CM.RU src=[0x3000035];lobby_choice=SelectedJob;job_selected=Executive%20Officer
[17:36:47]HREF: 17:36 BlackCrystalic (usr:Blacky 'GG' Crysis) || /datum/admins src=[0x2100342c];secretsfun=power
[17:37:32]HREF: 17:37 EngineerConager (usr:Dell Conrad) || _=1592404649998
[17:37:32]HREF: 17:37 EngineerConager (usr:Dell Conrad) || _=1592404649999
[17:37:33]HREF: 17:37 EngineerConager (usr:Dell Conrad) || /datum/nanoui src=[0x21005ff5];switchOn=1
[17:37:35]HREF: 17:37 EngineerConager (usr:Dell Conrad) || /datum/nanoui src=[0x21005ff5];switchOff=1
[17:40:10]HREF: 17:40 Chaburek (usr:Elder Queen) || _=1592404809299
[17:40:10]HREF: 17:40 Chaburek (usr:Elder Queen) || _=1592404809300
[17:40:37]HREF: 17:40 CM.RU (usr:Jake Ryals) || _=1592404837047
[17:40:37]HREF: 17:40 CM.RU (usr:Jake Ryals) || _=1592404837048
[17:40:40]HREF: 17:40 CM.RU (usr:Jake Ryals) || _=1592404840657
[17:40:40]HREF: 17:40 CM.RU (usr:Jake Ryals) || _=1592404840658
[17:40:46]HREF: 17:40 Bobadoba (usr:Charlie Whittier) || _=1592404843780
[17:40:46]HREF: 17:40 Bobadoba (usr:Charlie Whittier) || _=1592404843781
[17:40:46]HREF: 17:40 Bobadoba (usr:Charlie Whittier) || /datum/nanoui src=[0x21006088];vend=7;cat=0
[17:40:47]HREF: 17:40 Bobadoba (usr:Charlie Whittier) || /datum/nanoui src=[0x21006088];vend=7;cat=0
[17:40:49]HREF: 17:40 Bobadoba (usr:Charlie Whittier) || /datum/nanoui src=[0x21006088];vend=7;cat=0
[17:41:20]HREF: 17:41 Bobadoba (usr:Charlie Whittier) || _=1592404878438
[17:41:20]HREF: 17:41 Bobadoba (usr:Charlie Whittier) || _=1592404878439
[17:42:03]HREF: 17:42 Artyuom (usr:Johnny Vietnam) || _=1592404920762
[17:42:03]HREF: 17:42 Artyuom (usr:Johnny Vietnam) || _=1592404920763
[17:43:00]HREF: 17:43 Artyuom (usr:Johnny Vietnam) || _=1592404978217
[17:43:00]HREF: 17:43 Artyuom (usr:Johnny Vietnam) || _=1592404978218
[17:43:04]HREF: 17:43 CM.RU (usr:Jake Ryals) || _=1592404984330
[17:43:04]HREF: 17:43 CM.RU (usr:Jake Ryals) || _=1592404984331
[17:43:09]HREF: 17:43 Artyuom (usr:Johnny Vietnam) || Medical Records src=[0x200d8fb];scan=1
[17:43:10]HREF: 17:43 Artyuom (usr:Johnny Vietnam) || Medical Records src=[0x200d8fb];login=1
[17:43:21]HREF: 17:43 Artyuom (usr:Johnny Vietnam) || Medical Records src=[0x200d8fb];search=1
[17:43:22]HREF: 17:43 Artyuom (usr:Johnny Vietnam) || Medical Records src=[0x200d8fb];screen=2
[17:43:34]HREF: 17:43 Artyuom (usr:Johnny Vietnam) || Medical Records src=[0x200d8fb];d_rec=[0x21005c32]
[17:43:51]HREF: 17:43 Artyuom (usr:Johnny Vietnam) || Medical Records src=[0x200d8fb];scan=1
[17:43:58]HREF: 17:43 Bobadoba (usr:Charlie Whittier) || _=1592405036182
[17:43:58]HREF: 17:43 Bobadoba (usr:Charlie Whittier) || _=1592405036183
[17:44:15]HREF: 17:44 Bobadoba (usr:Charlie Whittier) || _=1592405053144
[17:44:15]HREF: 17:44 Bobadoba (usr:Charlie Whittier) || _=1592405053145
[17:44:33]HREF: 17:44 Bobadoba (usr:Charlie Whittier) || _=1592405071493
[17:44:33]HREF: 17:44 Bobadoba (usr:Charlie Whittier) || _=1592405071494
[17:44:35]HREF: 17:44 Artyuom (usr:Johnny Vietnam) || _=1592405072666
[17:44:35]HREF: 17:44 Artyuom (usr:Johnny Vietnam) || _=1592405072667
[17:45:30]HREF: 17:45 Chaburek (usr:Elder Queen) || Elder Queen src=[0x3000062];watch_xeno_number=392
[17:45:31]HREF: 17:45 Chaburek (usr:Elder Queen) || Elder Queen src=[0x3000062];watch_xeno_number=922
[17:45:44]HREF: 17:45 Bobadoba (usr:Charlie Whittier) || _=1592405142349
[17:45:44]HREF: 17:45 Bobadoba (usr:Charlie Whittier) || _=1592405142350
[17:46:09]HREF: 17:46 CM.RU (usr:Jake Ryals) || The communications console src=[0x20103e0];operation=login
[17:46:10]HREF: 17:46 CM.RU (usr:Jake Ryals) || The communications console src=[0x20103e0];operation=announce
[17:46:24]HREF: 17:46 CM.RU (usr:Jake Ryals) || The communications console src=[0x20103e0];operation=announce
[17:46:54]HREF: 17:46 CM.RU (usr:Jake Ryals) || The communications console src=[0x20103e0];operation=announce
[17:46:55]HREF: 17:46 CM.RU (usr:Jake Ryals) || The communications console src=[0x20103e0];operation=announce
[17:47:03]HREF: 17:47 CM.RU (usr:Jake Ryals) || Keycard Authentication Device src=[0x20102b7];triggerevent=Red%20alert
[17:47:37]HREF: 17:47 Chaburek (usr:Elder Queen) || Elder Queen src=[0x3000062];watch_xeno_number=392
[17:47:51]HREF: 17:47 Chaburek (usr:Elder Queen) || Elder Queen src=[0x3000062];watch_xeno_number=922
[17:47:54]HREF: 17:47 Chaburek (usr:Elder Queen) || Elder Queen src=[0x3000062];watch_xeno_number=922
[17:47:54]HREF: 17:47 Chaburek (usr:Elder Queen) || Elder Queen src=[0x3000062];watch_xeno_number=392
[17:47:56]HREF: 17:47 Chaburek (usr:Elder Queen) || Elder Queen src=[0x3000062];watch_xeno_number=922
[17:48:01]HREF: 17:48 Chaburek (usr:Elder Queen) || Elder Queen src=[0x3000062];watch_xeno_number=392
[17:48:07]HREF: 17:48 BlackCrystalic (usr:Blacky 'GG' Crysis) || Blacky 'GG' Crysis src=[0x3000041];track=[0x300005c]
[17:48:13]HREF: 17:48 CM.RU (usr:Jake Ryals) || Keycard Authentication Device src=[0x20102b7];triggerevent=Revoke%20Emergency%20Maintenance%20Access
[17:48:14]HREF: 17:48 CM.RU (usr:Jake Ryals) || Keycard Authentication Device src=[0x20102b7];reset=1
[17:48:14]HREF: 17:48 CM.RU (usr:Jake Ryals) || Keycard Authentication Device src=[0x20102b7];triggerevent=Grant%20Emergency%20Maintenance%20Access
[17:48:15]HREF: 17:48 Chaburek (usr:Elder Queen) || Elder Queen src=[0x3000062];watch_xeno_number=922
[17:48:18]HREF: 17:48 Chaburek (usr:Elder Queen) || Elder Queen src=[0x3000062];watch_xeno_number=392
[17:48:22]HREF: 17:48 CM.RU (usr:Jake Ryals) || The communications console src=[0x20103e0];operation=announce
[17:48:37]HREF: 17:48 Chaburek (usr:Elder Queen) || Elder Queen src=[0x3000062];watch_xeno_number=922
[17:48:46]HREF: 17:48 Chaburek (usr:Elder Queen) || Elder Queen src=[0x3000062];watch_xeno_number=392
[17:48:50]HREF: 17:48 CM.RU (usr:Jake Ryals) || The communications console src=[0x20103e0];operation=changeseclevel
[17:48:54]HREF: 17:48 CM.RU (usr:Jake Ryals) || The communications console src=[0x20103e0];operation=main
[17:48:55]HREF: 17:48 CM.RU (usr:Jake Ryals) || The communications console src=[0x20103e0];operation=distress
[17:48:56]HREF: 17:48 CM.RU (usr:Jake Ryals) || The communications console src=[0x20103e0];operation=distress
[17:49:00]HREF: 17:49 CM.RU (usr:Jake Ryals) || The communications console src=[0x20103e0];operation=distress
[17:49:07]HREF: 17:49 CM.RU (usr:Jake Ryals) || The communications console src=[0x20103e0];operation=distress
[17:49:08]HREF: 17:49 CM.RU (usr:Jake Ryals) || The communications console src=[0x20103e0];operation=distress
[17:49:09]HREF: 17:49 CM.RU (usr:Jake Ryals) || The communications console src=[0x20103e0];operation=main
[17:49:19]HREF: 17:49 CM.RU (usr:Jake Ryals) || The communications console src=[0x20103e0];operation=announce
[17:49:20]HREF: 17:49 CM.RU (usr:Jake Ryals) || The communications console src=[0x20103e0];operation=announce
[17:49:43]HREF: 17:49 Chaburek (usr:Elder Queen) || Elder Queen src=[0x3000062];watch_xeno_number=392
[17:49:46]HREF: 17:49 Chaburek (usr:Elder Queen) || Elder Queen src=[0x3000062];watch_xeno_number=392
[17:49:49]HREF: 17:49 Chaburek (usr:Elder Queen) || Elder Queen src=[0x3000062];watch_xeno_number=392
[17:50:48]HREF: 17:50 Bobadoba (usr:Charlie Whittier) || Charlie Whittier src=[0x300007e];track=[0x3000079]
[17:50:55]HREF: 17:50 Bobadoba (usr:Charlie Whittier) || Charlie Whittier src=[0x300007e];track=[0x3000060]
[17:51:06]HREF: 17:51 Chaburek (usr:Elder Empress) || Elder Empress src=[0x3000062];watch_xeno_number=392
[17:51:07]HREF: 17:51 CM.RU (usr:Jake Ryals) || _=1592405467524
[17:51:07]HREF: 17:51 CM.RU (usr:Jake Ryals) || _=1592405467525
[17:51:08]HREF: 17:51 Chaburek (usr:Elder Empress) || Elder Empress src=[0x3000062];watch_xeno_number=922
[17:51:11]HREF: 17:51 Chaburek (usr:Elder Empress) || Elder Empress src=[0x3000062];watch_xeno_number=392
[17:51:12]HREF: 17:51 CM.RU (usr:Jake Ryals) || /datum/nanoui src=[0x210060b0];vend=1;cat=0
[17:51:12]HREF: 17:51 CM.RU (usr:Jake Ryals) || /datum/nanoui src=[0x210060b0];vend=1;cat=0
[17:51:14]HREF: 17:51 CM.RU (usr:Jake Ryals) || _=1592405474883
[17:51:14]HREF: 17:51 CM.RU (usr:Jake Ryals) || _=1592405474884
[17:51:19]HREF: 17:51 Chaburek (usr:Elder Empress) || Elder Empress src=[0x3000062];watch_xeno_number=392
[17:51:19]HREF: 17:51 CM.RU (usr:Jake Ryals) || /datum/nanoui src=[0x210060b0];vend=3;cat=2
[17:51:38]HREF: 17:51 Chaburek (usr:Elder Empress) || _=1592405497100
[17:51:38]HREF: 17:51 Chaburek (usr:Elder Empress) || _=1592405497101
[17:51:44]HREF: 17:51 CM.RU (usr:Jake Ryals) || /datum/nanoui src=[0x210060b0];vend=4;cat=2
[17:52:41]HREF: 17:52 Bobadoba (usr:Charlie Whittier) || Charlie Whittier src=[0x300007e];track=[0x3000060]
[17:53:51]HREF: 17:53 CM.RU (usr:Jake Ryals) || _=1592405631130
[17:53:51]HREF: 17:53 CM.RU (usr:Jake Ryals) || _=1592405631131
[17:53:55]HREF: 17:53 CM.RU (usr:Jake Ryals) || /datum/nanoui src=[0x210060c0];vend=44;cat=0
[17:53:56]HREF: 17:53 CM.RU (usr:Jake Ryals) || /datum/nanoui src=[0x210060c0];vend=44;cat=0
[17:53:56]HREF: 17:53 CM.RU (usr:Jake Ryals) || /datum/nanoui src=[0x210060c0];vend=44;cat=0
[17:53:57]HREF: 17:53 CM.RU (usr:Jake Ryals) || /datum/nanoui src=[0x210060c0];vend=44;cat=0
[17:53:57]HREF: 17:53 CM.RU (usr:Jake Ryals) || /datum/nanoui src=[0x210060c0];vend=42;cat=0
[17:53:58]HREF: 17:53 CM.RU (usr:Jake Ryals) || /datum/nanoui src=[0x210060c0];vend=42;cat=0
[17:53:58]HREF: 17:53 CM.RU (usr:Jake Ryals) || /datum/nanoui src=[0x210060c0];vend=42;cat=0
[17:53:59]HREF: 17:53 CM.RU (usr:Jake Ryals) || /datum/nanoui src=[0x210060c0];vend=42;cat=0
[17:54:00]HREF: 17:54 CM.RU (usr:Jake Ryals) || /datum/nanoui src=[0x210060c0];vend=40;cat=0
[17:54:00]HREF: 17:54 CM.RU (usr:Jake Ryals) || /datum/nanoui src=[0x210060c0];vend=40;cat=0
[17:54:01]HREF: 17:54 CM.RU (usr:Jake Ryals) || /datum/nanoui src=[0x210060c0];vend=40;cat=0
[17:54:01]HREF: 17:54 CM.RU (usr:Jake Ryals) || /datum/nanoui src=[0x210060c0];vend=40;cat=0
[17:54:01]HREF: 17:54 Chaburek (usr:Elder Empress) || /datum/nanoui src=[0x210060b3];move=1
[17:54:30]HREF: 17:54 CM.RU (usr:Jake Ryals) || The plasteel src=[0x20155f5];sublist=;make=1;multiplier=1
[17:54:32]HREF: 17:54 Chaburek (usr:Elder Empress) || Elder Empress src=[0x3000062];watch_xeno_number=922
[17:54:33]HREF: 17:54 Chaburek (usr:Elder Empress) || Elder Empress src=[0x3000062];watch_xeno_number=392
[17:55:38]HREF: 17:55 CM.RU (usr:Jake Ryals) || _=1592405738321
[17:55:38]HREF: 17:55 CM.RU (usr:Jake Ryals) || _=1592405738322
[17:55:38]HREF: 17:55 CM.RU (usr:Jake Ryals) || /datum/nanoui src=[0x21005543];vend=1;cat=0
[17:55:39]HREF: 17:55 CM.RU (usr:Jake Ryals) || /datum/nanoui src=[0x21005543];vend=1;cat=0
[17:55:43]HREF: 17:55 CM.RU (usr:Jake Ryals) || /datum/nanoui src=[0x21005543];vend=4;cat=2
[17:55:45]HREF: 17:55 CM.RU (usr:Jake Ryals) || /datum/nanoui src=[0x21005543];vend=3;cat=2
[17:56:03]HREF: 17:56 Bobadoba (usr:Charlie Whittier) || Charlie Whittier src=[0x300007e];track=[0x3000062]
[17:56:04]HREF: 17:56 Bobadoba (usr:Charlie Whittier) || Charlie Whittier src=[0x300007e];track=[0x3000080]
[17:56:06]HREF: 17:56 Bobadoba (usr:Charlie Whittier) || Charlie Whittier src=[0x300007e];track=[0x300005c]
[17:56:40]HREF: 17:56 CM.RU (usr:Jake Ryals) || The safe src=[0x201119b];increment=1
[17:56:41]HREF: 17:56 CM.RU (usr:Jake Ryals) || The safe src=[0x201119b];increment=1
[17:56:41]HREF: 17:56 CM.RU (usr:Jake Ryals) || The safe src=[0x201119b];increment=1
[17:56:42]HREF: 17:56 CM.RU (usr:Jake Ryals) || The safe src=[0x201119b];increment2=1
[17:56:42]HREF: 17:56 CM.RU (usr:Jake Ryals) || The safe src=[0x201119b];increment2=1
[17:56:43]HREF: 17:56 CM.RU (usr:Jake Ryals) || The safe src=[0x201119b];increment2=1
[17:56:43]HREF: 17:56 CM.RU (usr:Jake Ryals) || The safe src=[0x201119b];increment2=1
[17:56:43]HREF: 17:56 CM.RU (usr:Jake Ryals) || The safe src=[0x201119b];increment2=1
[17:56:43]HREF: 17:56 CM.RU (usr:Jake Ryals) || The safe src=[0x201119b];increment2=1
[17:56:44]HREF: 17:56 CM.RU (usr:Jake Ryals) || The safe src=[0x201119b];increment2=1
[17:56:45]HREF: 17:56 CM.RU (usr:Jake Ryals) || The safe src=[0x201119b];open=1
[17:56:47]HREF: 17:56 CM.RU (usr:Jake Ryals) || The safe src=[0x201119b];retrieve=[0x20111b3]
[17:56:52]HREF: 17:56 CM.RU (usr:Jake Ryals) || The safe src=[0x201119b];retrieve=[0x20111a7]
[17:56:54]HREF: 17:56 CM.RU (usr:Jake Ryals) || The safe src=[0x201119b];retrieve=[0x201119e]
[17:57:38]HREF: 17:57 Chaburek (usr:Elder Empress) || Elder Empress src=[0x3000062];watch_xeno_number=392
[17:57:39]HREF: 17:57 Chaburek (usr:Elder Empress) || Elder Empress src=[0x3000062];watch_xeno_number=392
[17:58:02]HREF: 17:58 CM.RU (usr:Jake Ryals) || The metal src=[0x200a60e];sublist=;make=13;multiplier=1
[17:58:09]HREF: 17:58 BlackCrystalic (usr:Blacky 'GG' Crysis) || /datum/admins src=[0x2100342c];check_antagonist=1
[17:58:10]HREF: 17:58 BlackCrystalic (usr:Blacky 'GG' Crysis) || /datum/admins src=[0x2100342c];evac_authority=init_evac
[17:58:19]HREF: 17:58 CM.RU (usr:Jake Ryals) || The plasteel src=[0x200a60f];sublist=;make=2;multiplier=1
[17:58:44]HREF: 17:58 CM.RU (usr:Jake Ryals) || _=1592405923998
[17:58:44]HREF: 17:58 CM.RU (usr:Jake Ryals) || _=1592405923999
[17:58:45]HREF: 17:58 CM.RU (usr:Jake Ryals) || /datum/nanoui src=[0x210056df];command=delay_launch
[17:58:51]HREF: 17:58 CM.RU (usr:Jake Ryals) || The plasteel src=[0x200a60f];sublist=;make=2;multiplier=1
[17:59:08]HREF: 17:59 CM.RU (usr:Jake Ryals) || _=1592405948433
[17:59:08]HREF: 17:59 CM.RU (usr:Jake Ryals) || _=1592405948434
[17:59:09]HREF: 17:59 CM.RU (usr:Jake Ryals) || /datum/nanoui src=[0x210055b1];command=delay_launch
[17:59:14]HREF: 17:59 CM.RU (usr:Jake Ryals) || The metal src=[0x200a60e];make=12;multiplier=20
[17:59:22]HREF: 17:59 CM.RU (usr:Jake Ryals) || The metal src=[0x200a60e];sublist=;make=13;multiplier=1
[17:59:49]HREF: 17:59 CM.RU (usr:Jake Ryals) || The plasteel src=[0x200b47f];sublist=;make=2;multiplier=1
[18:00:51]HREF: 18:00 CM.RU (usr:Jake Ryals) || The plasteel src=[0x200a60f];sublist=;make=2;multiplier=1
[18:00:59]HREF: 18:00 BlackCrystalic (usr:Blacky 'GG' Crysis) || /datum/admins src=[0x2100342c];check_antagonist=1
[18:01:02]HREF: 18:01 BlackCrystalic (usr:Blacky 'GG' Crysis) || /datum/admins src=[0x2100342c];evac_authority=force_evac
[18:01:07]HREF: 18:01 EngineerConager (usr:Dell Conrad) || _=1592406064211
[18:01:07]HREF: 18:01 EngineerConager (usr:Dell Conrad) || _=1592406064212
[18:01:10]HREF: 18:01 EngineerConager (usr:Dell Conrad) || /datum/nanoui src=[0x21005fa3];command=lock_door
[18:01:11]HREF: 18:01 EngineerConager (usr:Dell Conrad) || /datum/nanoui src=[0x21005fa3];command=force_launch
[18:01:11]HREF: 18:01 EngineerConager (usr:Dell Conrad) || /datum/nanoui src=[0x21005fa3];command=force_launch
[18:01:12]HREF: 18:01 EngineerConager (usr:Dell Conrad) || /datum/nanoui src=[0x21005fa3];command=force_launch
[18:01:31]HREF: 18:01 EngineerConager (usr:Dell Conrad) || _=1592406088644
[18:01:31]HREF: 18:01 EngineerConager (usr:Dell Conrad) || _=1592406088645
[18:01:33]HREF: 18:01 CM.RU (usr:Jake Ryals) || The metal src=[0x200b47e];sublist=;make=13;multiplier=1
[18:03:25]HREF: 18:03 Bobadoba (usr:Charlie Whittier) || Charlie Whittier src=[0x300007e];track=[0x3000080]
[18:03:26]HREF: 18:03 Bobadoba (usr:Charlie Whittier) || Charlie Whittier src=[0x300007e];track=[0x3000062]
[18:03:28]HREF: 18:03 Bobadoba (usr:Charlie Whittier) || Charlie Whittier src=[0x300007e];track=[0x3000062]
[18:03:30]HREF: 18:03 CM.RU (usr:Jake Ryals) || _=1592406210374
[18:03:30]HREF: 18:03 CM.RU (usr:Jake Ryals) || _=1592406210375
[18:03:41]HREF: 18:03 CM.RU (usr:Jake Ryals) || _=1592406221158
[18:03:41]HREF: 18:03 CM.RU (usr:Jake Ryals) || _=1592406221159
[18:03:42]HREF: 18:03 CM.RU (usr:Jake Ryals) || /datum/nanoui src=[0x21001e33];command=delay_launch
[18:03:43]HREF: 18:03 CM.RU (usr:Jake Ryals) || _=1592406223821
[18:03:43]HREF: 18:03 CM.RU (usr:Jake Ryals) || _=1592406223822
[18:03:44]HREF: 18:03 CM.RU (usr:Jake Ryals) || /datum/nanoui src=[0x21001e33];command=lock_door
[18:03:44]HREF: 18:03 CM.RU (usr:Jake Ryals) || /datum/nanoui src=[0x21001e33];command=force_launch
[18:05:20]HREF: 18:05 Gaper (usr:Gaper) || Gaper src=[0x3000084];lobby_choice=show_preferences
