

Starting up round 14:25:08
---------------------
[14:36:29]ATTACK: [Modified UA-577 Gauss Turret] has shot EngineerConager/(Dell Conrad) with [autocannon bullet] (NEWHP: 100)  (Tramp Freighter "Rocinante" (88, 74, 1))
[14:36:29]ATTACK: Modified UA-577 Gauss Turret shot  (engineerconager) with a the autocannon bullet (<A HREF='?_src_=holder;adminplayerobservecoodjump=1;X=88;Y=74;Z=1'>JMP</a>)
[14:36:29]ATTACK: [Modified UA-577 Gauss Turret] has shot EngineerConager/(Dell Conrad) with [autocannon bullet] (NEWHP: 66.6)  (Tramp Freighter "Rocinante" (88, 74, 1))
[14:36:29]ATTACK: Modified UA-577 Gauss Turret shot  (engineerconager) with a the autocannon bullet (<A HREF='?_src_=holder;adminplayerobservecoodjump=1;X=88;Y=74;Z=1'>JMP</a>)
[14:36:30]ATTACK: [Modified UA-577 Gauss Turret] has shot EngineerConager/(Dell Conrad) with [autocannon bullet] (NEWHP: 32.85)  (Tramp Freighter "Rocinante" (88, 74, 1))
[14:36:30]ATTACK: Modified UA-577 Gauss Turret shot  (engineerconager) with a the autocannon bullet (<A HREF='?_src_=holder;adminplayerobservecoodjump=1;X=88;Y=74;Z=1'>JMP</a>)
[14:36:30]ATTACK: [Modified UA-577 Gauss Turret] has shot EngineerConager/(Dell Conrad) with [autocannon bullet] (NEWHP: -0.899994)  (Tramp Freighter "Rocinante" (88, 74, 1))
[14:36:30]ATTACK: Modified UA-577 Gauss Turret shot  (engineerconager) with a the autocannon bullet (<A HREF='?_src_=holder;adminplayerobservecoodjump=1;X=88;Y=74;Z=1'>JMP</a>)
[14:36:30]ATTACK: [Modified UA-577 Gauss Turret] has shot EngineerConager/(Dell Conrad) with [autocannon bullet] (NEWHP: -24.8)  (Tramp Freighter "Rocinante" (88, 74, 1))
[14:36:30]ATTACK: Modified UA-577 Gauss Turret shot  (engineerconager) with a the autocannon bullet (<A HREF='?_src_=holder;adminplayerobservecoodjump=1;X=88;Y=74;Z=1'>JMP</a>)
[14:36:30]ATTACK: [Modified UA-577 Gauss Turret] has shot EngineerConager/(Dell Conrad) with [autocannon bullet] (NEWHP: -56.45)  (Tramp Freighter "Rocinante" (88, 74, 1))
[14:36:30]ATTACK: Modified UA-577 Gauss Turret shot  (engineerconager) with a the autocannon bullet (<A HREF='?_src_=holder;adminplayerobservecoodjump=1;X=88;Y=74;Z=1'>JMP</a>)
[14:36:30]ATTACK: [Modified UA-577 Gauss Turret] has shot EngineerConager/(Dell Conrad) with [autocannon bullet] (NEWHP: -82.45)  (Tramp Freighter "Rocinante" (88, 74, 1))
[14:36:30]ATTACK: Modified UA-577 Gauss Turret shot  (engineerconager) with a the autocannon bullet (<A HREF='?_src_=holder;adminplayerobservecoodjump=1;X=88;Y=74;Z=1'>JMP</a>)
[14:37:03]ATTACK: NIKIGO/(Colten Stange) has attempted to remove [security officer's jumpsuit] (body) *no key*/(Prison Guard) (NEWHP: 100)  (North High-Security Cellblock North (102, 170, 1))
[14:37:50]ATTACK: NIKIGO/(Colten Stange) has attempted to remove [helmet] (head) *no key*/(Prison Guard) (NEWHP: 100)  (North High-Security Cellblock North (102, 170, 1))
[14:37:59]ATTACK: NIKIGO/(Colten Stange) has attacked *no key*/(Prison Guard) with [helmet] (INTENT: HELP) (DAMTYE: BRUTE) (NEWHP: 100)  (North High-Security Cellblock North (102, 170, 1))
[14:37:59]ATTACK: NIKIGO/(Colten Stange) attacked *no key*/(Prison Guard) with helmet (INTENT: HELP) (DAMTYE: BRUTE)
[14:42:29]ATTACK: [Modified UA-577 Gauss Turret] has shot *no key*/(First Mate Barbarossa) with [autocannon bullet] (NEWHP: 100)  (Tramp Freighter "Rocinante" (91, 72, 1))
[14:42:29]ATTACK: Modified UA-577 Gauss Turret shot First Mate Barbarossa () with a the autocannon bullet (<A HREF='?_src_=holder;adminplayerobservecoodjump=1;X=91;Y=72;Z=1'>JMP</a>)
[14:42:30]ATTACK: [Modified UA-577 Gauss Turret] has shot *no key*/(First Mate Barbarossa) with [autocannon bullet] (NEWHP: 68.25)  (Tramp Freighter "Rocinante" (91, 72, 1))
[14:42:30]ATTACK: Modified UA-577 Gauss Turret shot First Mate Barbarossa () with a the autocannon bullet (<A HREF='?_src_=holder;adminplayerobservecoodjump=1;X=91;Y=72;Z=1'>JMP</a>)
[14:42:30]ATTACK: [Modified UA-577 Gauss Turret] has shot *no key*/(First Mate Barbarossa) with [autocannon bullet] (NEWHP: 40)  (Tramp Freighter "Rocinante" (91, 72, 1))
[14:42:30]ATTACK: Modified UA-577 Gauss Turret shot First Mate Barbarossa () with a the autocannon bullet (<A HREF='?_src_=holder;adminplayerobservecoodjump=1;X=91;Y=72;Z=1'>JMP</a>)
[14:42:30]ATTACK: [Modified UA-577 Gauss Turret] has shot *no key*/(First Mate Barbarossa) with [autocannon bullet] (NEWHP: 12.1)  (Tramp Freighter "Rocinante" (91, 72, 1))
[14:42:30]ATTACK: Modified UA-577 Gauss Turret shot First Mate Barbarossa () with a the autocannon bullet (<A HREF='?_src_=holder;adminplayerobservecoodjump=1;X=91;Y=72;Z=1'>JMP</a>)
[14:42:30]ATTACK: [Modified UA-577 Gauss Turret] has shot *no key*/(First Mate Barbarossa) with [autocannon bullet] (NEWHP: -16.5)  (Tramp Freighter "Rocinante" (91, 72, 1))
[14:42:30]ATTACK: Modified UA-577 Gauss Turret shot First Mate Barbarossa () with a the autocannon bullet (<A HREF='?_src_=holder;adminplayerobservecoodjump=1;X=91;Y=72;Z=1'>JMP</a>)
[14:42:30]ATTACK: [Modified UA-577 Gauss Turret] has shot *no key*/(First Mate Barbarossa) with [autocannon bullet] (NEWHP: -48.25)  (Tramp Freighter "Rocinante" (91, 72, 1))
[14:42:30]ATTACK: Modified UA-577 Gauss Turret shot First Mate Barbarossa () with a the autocannon bullet (<A HREF='?_src_=holder;adminplayerobservecoodjump=1;X=91;Y=72;Z=1'>JMP</a>)
[14:48:07]ATTACK: Artyuom/(Johnny Vietnam) has attacked Artyuom/(Johnny Vietnam) with [hatchet] (INTENT: HURT) (DAMTYE: BRUTE) (NEWHP: 100)  (Central Ring (168, 127, 1))
[14:48:07]ATTACK: Artyuom/(Johnny Vietnam) attacked Artyuom/(Johnny Vietnam) with hatchet (INTENT: HURT) (DAMTYE: BRUTE)
[14:48:14]ATTACK: Sewa/(Kelvin Focell) has attacked Artyuom/(Johnny Vietnam) with [scythe] (INTENT: HURT) (DAMTYE: BRUTE) (NEWHP: 75)  (Central Ring (167, 123, 1))
[14:48:14]ATTACK: Sewa/(Kelvin Focell) attacked Artyuom/(Johnny Vietnam) with scythe (INTENT: HURT) (DAMTYE: BRUTE)
[14:48:15]ATTACK: Artyuom/(Johnny Vietnam) has attacked Sewa/(Kelvin Focell) with [hatchet] (INTENT: HURT) (DAMTYE: BRUTE) (NEWHP: 100)  (Central Ring (168, 126, 1))
[14:48:15]ATTACK: Artyuom/(Johnny Vietnam) attacked Sewa/(Kelvin Focell) with hatchet (INTENT: HURT) (DAMTYE: BRUTE)
[14:48:17]ATTACK: Artyuom/(Johnny Vietnam) has attacked Sewa/(Kelvin Focell) with [hatchet] (INTENT: HURT) (DAMTYE: BRUTE) (NEWHP: 75)  (Central Ring (168, 124, 1))
[14:48:17]ATTACK: Artyuom/(Johnny Vietnam) attacked Sewa/(Kelvin Focell) with hatchet (INTENT: HURT) (DAMTYE: BRUTE)
[14:48:17]ATTACK: Sewa/(Kelvin Focell) has attacked Artyuom/(Johnny Vietnam) with [scythe] (INTENT: HURT) (DAMTYE: BRUTE) (NEWHP: 62.1)  (Central Ring (167, 124, 1))
[14:48:17]ATTACK: Sewa/(Kelvin Focell) attacked Artyuom/(Johnny Vietnam) with scythe (INTENT: HURT) (DAMTYE: BRUTE)
[14:48:22]ATTACK: Sewa/(Kelvin Focell) has attacked Artyuom/(Johnny Vietnam) with [scythe] (INTENT: HURT) (DAMTYE: BRUTE) (NEWHP: 49.1)  (Central Ring (167, 129, 1))
[14:48:22]ATTACK: Sewa/(Kelvin Focell) attacked Artyuom/(Johnny Vietnam) with scythe (INTENT: HURT) (DAMTYE: BRUTE)
[14:48:23]ATTACK: Sewa/(Kelvin Focell) has attacked Artyuom/(Johnny Vietnam) with [scythe] (INTENT: HURT) (DAMTYE: BRUTE) (NEWHP: 36.1)  (Central Ring (167, 129, 1))
[14:48:23]ATTACK: Sewa/(Kelvin Focell) attacked Artyuom/(Johnny Vietnam) with scythe (INTENT: HURT) (DAMTYE: BRUTE)
[14:48:25]ATTACK: Sewa/(Kelvin Focell) has attacked Artyuom/(Johnny Vietnam) with [scythe] (INTENT: HURT) (DAMTYE: BRUTE) (NEWHP: 23.1)  (Central Ring (167, 129, 1))
[14:48:25]ATTACK: Sewa/(Kelvin Focell) attacked Artyuom/(Johnny Vietnam) with scythe (INTENT: HURT) (DAMTYE: BRUTE)
[14:48:25]ATTACK: Artyuom/(Johnny Vietnam) has attacked Sewa/(Kelvin Focell) with [hatchet] (INTENT: HURT) (DAMTYE: BRUTE) (NEWHP: 50)  (Central Ring (168, 128, 1))
[14:48:25]ATTACK: Artyuom/(Johnny Vietnam) attacked Sewa/(Kelvin Focell) with hatchet (INTENT: HURT) (DAMTYE: BRUTE)
[14:48:26]ATTACK: Artyuom/(Johnny Vietnam) has attacked Sewa/(Kelvin Focell) with [hatchet] (INTENT: HURT) (DAMTYE: BRUTE) (NEWHP: 25)  (Central Ring (168, 128, 1))
[14:48:26]ATTACK: Artyuom/(Johnny Vietnam) attacked Sewa/(Kelvin Focell) with hatchet (INTENT: HURT) (DAMTYE: BRUTE)
[14:48:26]ATTACK: Sewa/(Kelvin Focell) has attacked Artyuom/(Johnny Vietnam) with [scythe] (INTENT: HURT) (DAMTYE: BRUTE) (NEWHP: 10.1)  (Central Ring (167, 129, 1))
[14:48:26]ATTACK: Sewa/(Kelvin Focell) attacked Artyuom/(Johnny Vietnam) with scythe (INTENT: HURT) (DAMTYE: BRUTE)
[14:48:27]ATTACK: Sewa/(Kelvin Focell) has attacked Artyuom/(Johnny Vietnam) with [scythe] (INTENT: HURT) (DAMTYE: BRUTE) (NEWHP: -2.9)  (Central Ring (167, 129, 1))
[14:48:27]ATTACK: Sewa/(Kelvin Focell) attacked Artyuom/(Johnny Vietnam) with scythe (INTENT: HURT) (DAMTYE: BRUTE)
[14:48:27]ATTACK: Artyuom/(Johnny Vietnam) has attacked Sewa/(Kelvin Focell) with [hatchet] (INTENT: HURT) (DAMTYE: BRUTE) (NEWHP: 0.0999985)  (Central Ring (168, 128, 1))
[14:48:27]ATTACK: Artyuom/(Johnny Vietnam) attacked Sewa/(Kelvin Focell) with hatchet (INTENT: HURT) (DAMTYE: BRUTE)
[14:48:28]ATTACK: Sewa/(Kelvin Focell) has attacked Artyuom/(Johnny Vietnam) with [scythe] (INTENT: HURT) (DAMTYE: BRUTE) (NEWHP: -15.9)  (Central Ring (167, 129, 1))
[14:48:28]ATTACK: Sewa/(Kelvin Focell) attacked Artyuom/(Johnny Vietnam) with scythe (INTENT: HURT) (DAMTYE: BRUTE)
[14:48:28]ATTACK: Artyuom/(Johnny Vietnam) has attacked Sewa/(Kelvin Focell) with [hatchet] (INTENT: HURT) (DAMTYE: BRUTE) (NEWHP: -12.45)  (Central Ring (168, 129, 1))
[14:48:29]ATTACK: Artyuom/(Johnny Vietnam) attacked Sewa/(Kelvin Focell) with hatchet (INTENT: HURT) (DAMTYE: BRUTE)
[14:48:30]ATTACK: Artyuom/(Johnny Vietnam) has attacked *no key*/(Kelvin Focell) with [hatchet] (INTENT: HURT) (DAMTYE: BRUTE) (NEWHP: -37.45)  (Central Ring (168, 129, 1))
[14:48:30]ATTACK: Artyuom/(Johnny Vietnam) attacked *no key*/(Kelvin Focell) with hatchet (INTENT: HURT) (DAMTYE: BRUTE)
[14:49:23]ATTACK: NIKIGO/(Colten Stange) has attacked NIKIGO/(Colten Stange) with [light tube] (INTENT: HURT) (DAMTYE: BRUTE) (NEWHP: 100)  (North High-Security Cellblock South (106, 147, 1))
[14:49:23]ATTACK: NIKIGO/(Colten Stange) attacked NIKIGO/(Colten Stange) with light tube (INTENT: HURT) (DAMTYE: BRUTE)
[14:49:46]ATTACK: NIKIGO/(Colten Stange) has attacked NIKIGO/(Colten Stange) with [light tube] (INTENT: HURT) (DAMTYE: BRUTE) (NEWHP: 95.5)  (North High-Security Recreation (101, 158, 1))
[14:49:46]ATTACK: NIKIGO/(Colten Stange) attacked NIKIGO/(Colten Stange) with light tube (INTENT: HURT) (DAMTYE: BRUTE)
[14:50:00]ATTACK: NIKIGO/(Colten Stange) has attacked NIKIGO/(Colten Stange) with [light tube] (INTENT: HURT) (DAMTYE: BRUTE) (NEWHP: 93.6)  (North High-Security Recreation (101, 157, 1))
[14:50:00]ATTACK: NIKIGO/(Colten Stange) attacked NIKIGO/(Colten Stange) with light tube (INTENT: HURT) (DAMTYE: BRUTE)
[14:50:08]ATTACK: Artyuom/(Johnny Vietnam) has grabbed *no key*/(Kelvin Focell) (NEWHP: -37.45)  (Central Ring (168, 128, 1))
[14:50:08]ATTACK: Artyuom/(Johnny Vietnam) схватил *no key*/(Kelvin Focell)
[14:50:38]ATTACK: NIKIGO/(Colten Stange) has attacked NIKIGO/(Colten Stange) with [light tube] (INTENT: HURT) (DAMTYE: BRUTE) (NEWHP: 92.2)  (North High-Security Cellblock South (87, 150, 1))
[14:50:38]ATTACK: NIKIGO/(Colten Stange) attacked NIKIGO/(Colten Stange) with light tube (INTENT: HURT) (DAMTYE: BRUTE)
[14:50:39]ATTACK: NIKIGO/(Colten Stange) has attacked NIKIGO/(Colten Stange) with [light tube] (INTENT: HURT) (DAMTYE: BRUTE) (NEWHP: 87.4)  (North High-Security Cellblock South (87, 146, 1))
[14:50:39]ATTACK: NIKIGO/(Colten Stange) attacked NIKIGO/(Colten Stange) with light tube (INTENT: HURT) (DAMTYE: BRUTE)
[14:50:41]ATTACK: NIKIGO/(Colten Stange) has attacked NIKIGO/(Colten Stange) with [light tube] (INTENT: HURT) (DAMTYE: BRUTE) (NEWHP: 82.4)  (North High-Security Cellblock South (89, 144, 1))
[14:50:41]ATTACK: NIKIGO/(Colten Stange) attacked NIKIGO/(Colten Stange) with light tube (INTENT: HURT) (DAMTYE: BRUTE)
[14:50:42]ATTACK: NIKIGO/(Colten Stange) has attacked NIKIGO/(Colten Stange) with [light tube] (INTENT: HURT) (DAMTYE: BRUTE) (NEWHP: 77.4)  (North High-Security Cellblock South (92, 144, 1))
[14:50:42]ATTACK: NIKIGO/(Colten Stange) attacked NIKIGO/(Colten Stange) with light tube (INTENT: HURT) (DAMTYE: BRUTE)
[14:50:43]ATTACK: NIKIGO/(Colten Stange) has attacked NIKIGO/(Colten Stange) with [light tube] (INTENT: HURT) (DAMTYE: BRUTE) (NEWHP: 72.5)  (North High-Security Cellblock South (96, 144, 1))
[14:50:43]ATTACK: NIKIGO/(Colten Stange) attacked NIKIGO/(Colten Stange) with light tube (INTENT: HURT) (DAMTYE: BRUTE)
[14:50:44]ATTACK: NIKIGO/(Colten Stange) has attacked NIKIGO/(Colten Stange) with [light tube] (INTENT: HURT) (DAMTYE: BRUTE) (NEWHP: 67.5)  (North High-Security Cellblock South (100, 144, 1))
[14:50:44]ATTACK: NIKIGO/(Colten Stange) attacked NIKIGO/(Colten Stange) with light tube (INTENT: HURT) (DAMTYE: BRUTE)
[14:50:46]ATTACK: NIKIGO/(Colten Stange) has attacked NIKIGO/(Colten Stange) with [light tube] (INTENT: HURT) (DAMTYE: BRUTE) (NEWHP: 62.5)  (North High-Security Cellblock South (104, 144, 1))
[14:50:46]ATTACK: NIKIGO/(Colten Stange) attacked NIKIGO/(Colten Stange) with light tube (INTENT: HURT) (DAMTYE: BRUTE)
[14:50:47]ATTACK: NIKIGO/(Colten Stange) has attacked NIKIGO/(Colten Stange) with [light tube] (INTENT: HURT) (DAMTYE: BRUTE) (NEWHP: 57.5)  (North High-Security Cellblock South (107, 144, 1))
[14:50:47]ATTACK: NIKIGO/(Colten Stange) attacked NIKIGO/(Colten Stange) with light tube (INTENT: HURT) (DAMTYE: BRUTE)
[14:50:48]ATTACK: NIKIGO/(Colten Stange) has attacked NIKIGO/(Colten Stange) with [light tube] (INTENT: HURT) (DAMTYE: BRUTE) (NEWHP: 52.5)  (North High-Security Cellblock South (110, 144, 1))
[14:50:48]ATTACK: NIKIGO/(Colten Stange) attacked NIKIGO/(Colten Stange) with light tube (INTENT: HURT) (DAMTYE: BRUTE)
[14:50:49]ATTACK: NIKIGO/(Colten Stange) has attacked NIKIGO/(Colten Stange) with [light tube] (INTENT: HURT) (DAMTYE: BRUTE) (NEWHP: 47.5)  (North High-Security Checkpoint (112, 144, 1))
[14:50:49]ATTACK: NIKIGO/(Colten Stange) attacked NIKIGO/(Colten Stange) with light tube (INTENT: HURT) (DAMTYE: BRUTE)
[14:50:50]ATTACK: NIKIGO/(Colten Stange) has attacked NIKIGO/(Colten Stange) with [light tube] (INTENT: HURT) (DAMTYE: BRUTE) (NEWHP: 42.6)  (North High-Security Checkpoint (112, 142, 1))
[14:50:51]ATTACK: NIKIGO/(Colten Stange) attacked NIKIGO/(Colten Stange) with light tube (INTENT: HURT) (DAMTYE: BRUTE)
[14:50:52]ATTACK: NIKIGO/(Colten Stange) has attacked NIKIGO/(Colten Stange) with [light tube] (INTENT: HURT) (DAMTYE: BRUTE) (NEWHP: 37.7)  (North High-Security Checkpoint (112, 140, 1))
[14:50:52]ATTACK: NIKIGO/(Colten Stange) attacked NIKIGO/(Colten Stange) with light tube (INTENT: HURT) (DAMTYE: BRUTE)
[14:50:53]ATTACK: NIKIGO/(Colten Stange) has attacked NIKIGO/(Colten Stange) with [light tube] (INTENT: HURT) (DAMTYE: BRUTE) (NEWHP: 32.7)  (North High-Security Checkpoint (112, 139, 1))
[14:50:53]ATTACK: NIKIGO/(Colten Stange) attacked NIKIGO/(Colten Stange) with light tube (INTENT: HURT) (DAMTYE: BRUTE)
[14:50:54]ATTACK: NIKIGO/(Colten Stange) has attacked NIKIGO/(Colten Stange) with [light tube] (INTENT: HURT) (DAMTYE: BRUTE) (NEWHP: 27.8)  (North High-Security Checkpoint (112, 138, 1))
[14:50:54]ATTACK: NIKIGO/(Colten Stange) attacked NIKIGO/(Colten Stange) with light tube (INTENT: HURT) (DAMTYE: BRUTE)
[14:50:55]ATTACK: NIKIGO/(Colten Stange) has attacked NIKIGO/(Colten Stange) with [light tube] (INTENT: HURT) (DAMTYE: BRUTE) (NEWHP: 22.8)  (North High-Security Checkpoint (112, 138, 1))
[14:50:55]ATTACK: NIKIGO/(Colten Stange) attacked NIKIGO/(Colten Stange) with light tube (INTENT: HURT) (DAMTYE: BRUTE)
[14:50:56]ATTACK: NIKIGO/(Colten Stange) has attacked NIKIGO/(Colten Stange) with [light tube] (INTENT: HURT) (DAMTYE: BRUTE) (NEWHP: 17.8)  (North High-Security Checkpoint (112, 139, 1))
[14:50:56]ATTACK: NIKIGO/(Colten Stange) attacked NIKIGO/(Colten Stange) with light tube (INTENT: HURT) (DAMTYE: BRUTE)
[14:50:58]ATTACK: NIKIGO/(Colten Stange) has attacked NIKIGO/(Colten Stange) with [light tube] (INTENT: HURT) (DAMTYE: BRUTE) (NEWHP: 12.9)  (North High-Security Checkpoint (112, 139, 1))
[14:50:58]ATTACK: NIKIGO/(Colten Stange) attacked NIKIGO/(Colten Stange) with light tube (INTENT: HURT) (DAMTYE: BRUTE)
[14:50:59]ATTACK: NIKIGO/(Colten Stange) has attacked NIKIGO/(Colten Stange) with [light tube] (INTENT: HURT) (DAMTYE: BRUTE) (NEWHP: 7.89999)  (North High-Security Checkpoint (112, 139, 1))
[14:50:59]ATTACK: NIKIGO/(Colten Stange) attacked NIKIGO/(Colten Stange) with light tube (INTENT: HURT) (DAMTYE: BRUTE)
[14:51:00]ATTACK: NIKIGO/(Colten Stange) has attacked NIKIGO/(Colten Stange) with [light tube] (INTENT: HURT) (DAMTYE: BRUTE) (NEWHP: 3)  (North High-Security Checkpoint (112, 139, 1))
[14:51:00]ATTACK: NIKIGO/(Colten Stange) attacked NIKIGO/(Colten Stange) with light tube (INTENT: HURT) (DAMTYE: BRUTE)
[14:51:02]ATTACK: NIKIGO/(Colten Stange) has attacked NIKIGO/(Colten Stange) with [light tube] (INTENT: HURT) (DAMTYE: BRUTE) (NEWHP: -2)  (North High-Security Checkpoint (112, 139, 1))
[14:51:02]ATTACK: NIKIGO/(Colten Stange) attacked NIKIGO/(Colten Stange) with light tube (INTENT: HURT) (DAMTYE: BRUTE)
[14:51:03]ATTACK: NIKIGO/(Colten Stange) has attacked NIKIGO/(Colten Stange) with [light tube] (INTENT: HURT) (DAMTYE: BRUTE) (NEWHP: -7)  (North High-Security Checkpoint (112, 139, 1))
[14:51:03]ATTACK: NIKIGO/(Colten Stange) attacked NIKIGO/(Colten Stange) with light tube (INTENT: HURT) (DAMTYE: BRUTE)
[14:51:04]ATTACK: NIKIGO/(Colten Stange) has attacked NIKIGO/(Colten Stange) with [light tube] (INTENT: HURT) (DAMTYE: BRUTE) (NEWHP: -12)  (North High-Security Checkpoint (112, 139, 1))
[14:51:04]ATTACK: NIKIGO/(Colten Stange) attacked NIKIGO/(Colten Stange) with light tube (INTENT: HURT) (DAMTYE: BRUTE)
[14:51:05]ATTACK: NIKIGO/(Colten Stange) has attacked NIKIGO/(Colten Stange) with [light tube] (INTENT: HURT) (DAMTYE: BRUTE) (NEWHP: -17)  (North High-Security Checkpoint (112, 139, 1))
[14:51:05]ATTACK: NIKIGO/(Colten Stange) attacked NIKIGO/(Colten Stange) with light tube (INTENT: HURT) (DAMTYE: BRUTE)
[14:51:07]ATTACK: NIKIGO/(Colten Stange) has punched NIKIGO/(Colten Stange) (NEWHP: -22)  (North High-Security Checkpoint (112, 139, 1))
[14:51:07]ATTACK: NIKIGO/(Colten Stange) punched NIKIGO/(Colten Stange)
[14:51:13]ATTACK: NIKIGO/(Colten Stange) has attacked NIKIGO/(Colten Stange) with [glass shard] (INTENT: HURT) (DAMTYE: BRUTE) (NEWHP: -22)  (North High-Security Checkpoint (112, 139, 1))
[14:51:13]ATTACK: NIKIGO/(Colten Stange) attacked NIKIGO/(Colten Stange) with glass shard (INTENT: HURT) (DAMTYE: BRUTE)
[14:51:16]ATTACK: NIKIGO/(Colten Stange) has attacked NIKIGO/(Colten Stange) with [glass shard] (INTENT: HURT) (DAMTYE: BRUTE) (NEWHP: -27)  (North High-Security Checkpoint (112, 139, 1))
[14:51:16]ATTACK: NIKIGO/(Colten Stange) attacked NIKIGO/(Colten Stange) with glass shard (INTENT: HURT) (DAMTYE: BRUTE)
[14:51:17]ATTACK: NIKIGO/(Colten Stange) has attacked NIKIGO/(Colten Stange) with [glass shard] (INTENT: HURT) (DAMTYE: BRUTE) (NEWHP: -32)  (North High-Security Checkpoint (112, 139, 1))
[14:51:17]ATTACK: NIKIGO/(Colten Stange) attacked NIKIGO/(Colten Stange) with glass shard (INTENT: HURT) (DAMTYE: BRUTE)
[14:51:18]ATTACK: NIKIGO/(Colten Stange) has attacked NIKIGO/(Colten Stange) with [glass shard] (INTENT: HURT) (DAMTYE: BRUTE) (NEWHP: -37)  (North High-Security Checkpoint (112, 139, 1))
[14:51:18]ATTACK: NIKIGO/(Colten Stange) attacked NIKIGO/(Colten Stange) with glass shard (INTENT: HURT) (DAMTYE: BRUTE)
[14:51:19]ATTACK: NIKIGO/(Colten Stange) has attacked NIKIGO/(Colten Stange) with [glass shard] (INTENT: HURT) (DAMTYE: BRUTE) (NEWHP: -42)  (North High-Security Checkpoint (112, 139, 1))
[14:51:19]ATTACK: NIKIGO/(Colten Stange) attacked NIKIGO/(Colten Stange) with glass shard (INTENT: HURT) (DAMTYE: BRUTE)
