

Starting up round 14:25:08
---------------------
runtime error: Cannot modify null.icon_state.
proc name: hud set order (/mob/living/carbon/human/proc/hud_set_order)
  source file: mob_hud.dm,557
  usr: (src)
  src: the unknown (/mob/living/carbon/human)
  src.loc: the floor (135,37,1) (/turf/open/floor/prison)
  call stack:
the unknown (/mob/living/carbon/human): hud set order()
the unknown (/mob/living/carbon/human): prepare huds()
the unknown (/mob/living/carbon/human): New(the floor (135,37,1) (/turf/open/floor/prison), null)
the unknown (/mob/living/carbon/human): New(the floor (135,37,1) (/turf/open/floor/prison), null)
the unknown (/mob/living/carbon/human): New(the floor (135,37,1) (/turf/open/floor/prison), null)
the unknown (/mob/living/carbon/human): New(the floor (135,37,1) (/turf/open/floor/prison), null)
Prison Guard (/obj/effect/landmark/corpsespawner/prison_security): createCorpse()
Prison Guard (/obj/effect/landmark/corpsespawner/prison_security): initialize()
Objects (/datum/controller/process/objects): setup()
/datum/controller/processSched... (/datum/controller/processScheduler): addProcess(Objects (/datum/controller/process/objects))
/datum/controller/processSched... (/datum/controller/processScheduler): setup()
world: New()
runtime error: Cannot modify null.icon_state.
proc name: hud set order (/mob/living/carbon/human/proc/hud_set_order)
  source file: mob_hud.dm,557
  usr: (src)
  src: the unknown (/mob/living/carbon/human)
  src.loc: the floor (144,45,1) (/turf/open/floor/prison)
  call stack:
the unknown (/mob/living/carbon/human): hud set order()
the unknown (/mob/living/carbon/human): prepare huds()
the unknown (/mob/living/carbon/human): New(the floor (144,45,1) (/turf/open/floor/prison), null)
the unknown (/mob/living/carbon/human): New(the floor (144,45,1) (/turf/open/floor/prison), null)
the unknown (/mob/living/carbon/human): New(the floor (144,45,1) (/turf/open/floor/prison), null)
the unknown (/mob/living/carbon/human): New(the floor (144,45,1) (/turf/open/floor/prison), null)
Prisoner (/obj/effect/landmark/corpsespawner/prisoner): createCorpse()
Prisoner (/obj/effect/landmark/corpsespawner/prisoner): initialize()
Objects (/datum/controller/process/objects): setup()
/datum/controller/processSched... (/datum/controller/processScheduler): addProcess(Objects (/datum/controller/process/objects))
/datum/controller/processSched... (/datum/controller/processScheduler): setup()
world: New()
runtime error: Cannot modify null.icon_state.
proc name: hud set order (/mob/living/carbon/human/proc/hud_set_order)
  source file: mob_hud.dm,557
  usr: (src)
  src: the unknown (/mob/living/carbon/human)
  src.loc: the floor (153,54,1) (/turf/open/floor/prison)
  call stack:
the unknown (/mob/living/carbon/human): hud set order()
the unknown (/mob/living/carbon/human): prepare huds()
the unknown (/mob/living/carbon/human): New(the floor (153,54,1) (/turf/open/floor/prison), null)
the unknown (/mob/living/carbon/human): New(the floor (153,54,1) (/turf/open/floor/prison), null)
the unknown (/mob/living/carbon/human): New(the floor (153,54,1) (/turf/open/floor/prison), null)
the unknown (/mob/living/carbon/human): New(the floor (153,54,1) (/turf/open/floor/prison), null)
Prisoner (/obj/effect/landmark/corpsespawner/prisoner): createCorpse()
Prisoner (/obj/effect/landmark/corpsespawner/prisoner): initialize()
Objects (/datum/controller/process/objects): setup()
/datum/controller/processSched... (/datum/controller/processScheduler): addProcess(Objects (/datum/controller/process/objects))
/datum/controller/processSched... (/datum/controller/processScheduler): setup()
world: New()
runtime error: Cannot modify null.icon_state.
proc name: hud set order (/mob/living/carbon/human/proc/hud_set_order)
  source file: mob_hud.dm,557
  usr: (src)
  src: the unknown (/mob/living/carbon/human)
  src.loc: the floor (126,56,1) (/turf/open/floor/prison)
  call stack:
the unknown (/mob/living/carbon/human): hud set order()
the unknown (/mob/living/carbon/human): prepare huds()
the unknown (/mob/living/carbon/human): New(the floor (126,56,1) (/turf/open/floor/prison), null)
the unknown (/mob/living/carbon/human): New(the floor (126,56,1) (/turf/open/floor/prison), null)
the unknown (/mob/living/carbon/human): New(the floor (126,56,1) (/turf/open/floor/prison), null)
the unknown (/mob/living/carbon/human): New(the floor (126,56,1) (/turf/open/floor/prison), null)
Prisoner (/obj/effect/landmark/corpsespawner/prisoner): createCorpse()
Prisoner (/obj/effect/landmark/corpsespawner/prisoner): initialize()
Objects (/datum/controller/process/objects): setup()
/datum/controller/processSched... (/datum/controller/processScheduler): addProcess(Objects (/datum/controller/process/objects))
/datum/controller/processSched... (/datum/controller/processScheduler): setup()
world: New()
runtime error: Cannot modify null.icon_state.
proc name: hud set order (/mob/living/carbon/human/proc/hud_set_order)
  source file: mob_hud.dm,557
  usr: (src)
  src: the unknown (/mob/living/carbon/human)
  src.loc: the plating (98,59,1) (/turf/open/floor/plating)
  call stack:
the unknown (/mob/living/carbon/human): hud set order()
the unknown (/mob/living/carbon/human): prepare huds()
the unknown (/mob/living/carbon/human): New(the plating (98,59,1) (/turf/open/floor/plating), null)
the unknown (/mob/living/carbon/human): New(the plating (98,59,1) (/turf/open/floor/plating), null)
the unknown (/mob/living/carbon/human): New(the plating (98,59,1) (/turf/open/floor/plating), null)
the unknown (/mob/living/carbon/human): New(the plating (98,59,1) (/turf/open/floor/plating), null)
Prison Guard (/obj/effect/landmark/corpsespawner/prison_security): createCorpse()
Prison Guard (/obj/effect/landmark/corpsespawner/prison_security): initialize()
Objects (/datum/controller/process/objects): setup()
/datum/controller/processSched... (/datum/controller/processScheduler): addProcess(Objects (/datum/controller/process/objects))
/datum/controller/processSched... (/datum/controller/processScheduler): setup()
world: New()
runtime error: Cannot modify null.icon_state.
proc name: hud set order (/mob/living/carbon/human/proc/hud_set_order)
  source file: mob_hud.dm,557
  usr: (src)
  src: the unknown (/mob/living/carbon/human)
  src.loc: the plating (97,60,1) (/turf/open/floor/plating)
  call stack:
the unknown (/mob/living/carbon/human): hud set order()
the unknown (/mob/living/carbon/human): prepare huds()
the unknown (/mob/living/carbon/human): New(the plating (97,60,1) (/turf/open/floor/plating), null)
the unknown (/mob/living/carbon/human): New(the plating (97,60,1) (/turf/open/floor/plating), null)
the unknown (/mob/living/carbon/human): New(the plating (97,60,1) (/turf/open/floor/plating), null)
the unknown (/mob/living/carbon/human): New(the plating (97,60,1) (/turf/open/floor/plating), null)
Prison Guard (/obj/effect/landmark/corpsespawner/prison_security): createCorpse()
Prison Guard (/obj/effect/landmark/corpsespawner/prison_security): initialize()
Objects (/datum/controller/process/objects): setup()
/datum/controller/processSched... (/datum/controller/processScheduler): addProcess(Objects (/datum/controller/process/objects))
/datum/controller/processSched... (/datum/controller/processScheduler): setup()
world: New()
runtime error: Cannot modify null.icon_state.
proc name: hud set order (/mob/living/carbon/human/proc/hud_set_order)
  source file: mob_hud.dm,557
  usr: (src)
  src: the unknown (/mob/living/carbon/human)
  src.loc: the floor (142,60,1) (/turf/open/floor/prison)
  call stack:
the unknown (/mob/living/carbon/human): hud set order()
the unknown (/mob/living/carbon/human): prepare huds()
the unknown (/mob/living/carbon/human): New(the floor (142,60,1) (/turf/open/floor/prison), null)
the unknown (/mob/living/carbon/human): New(the floor (142,60,1) (/turf/open/floor/prison), null)
the unknown (/mob/living/carbon/human): New(the floor (142,60,1) (/turf/open/floor/prison), null)
the unknown (/mob/living/carbon/human): New(the floor (142,60,1) (/turf/open/floor/prison), null)
Prisoner (/obj/effect/landmark/corpsespawner/prisoner): createCorpse()
Prisoner (/obj/effect/landmark/corpsespawner/prisoner): initialize()
Objects (/datum/controller/process/objects): setup()
/datum/controller/processSched... (/datum/controller/processScheduler): addProcess(Objects (/datum/controller/process/objects))
/datum/controller/processSched... (/datum/controller/processScheduler): setup()
world: New()
runtime error: Cannot modify null.icon_state.
proc name: hud set order (/mob/living/carbon/human/proc/hud_set_order)
  source file: mob_hud.dm,557
  usr: (src)
  src: the unknown (/mob/living/carbon/human)
  src.loc: the floor (125,62,1) (/turf/open/floor/prison)
  call stack:
the unknown (/mob/living/carbon/human): hud set order()
the unknown (/mob/living/carbon/human): prepare huds()
the unknown (/mob/living/carbon/human): New(the floor (125,62,1) (/turf/open/floor/prison), null)
the unknown (/mob/living/carbon/human): New(the floor (125,62,1) (/turf/open/floor/prison), null)
the unknown (/mob/living/carbon/human): New(the floor (125,62,1) (/turf/open/floor/prison), null)
the unknown (/mob/living/carbon/human): New(the floor (125,62,1) (/turf/open/floor/prison), null)
Prisoner (/obj/effect/landmark/corpsespawner/prisoner): createCorpse()
Prisoner (/obj/effect/landmark/corpsespawner/prisoner): initialize()
Objects (/datum/controller/process/objects): setup()
/datum/controller/processSched... (/datum/controller/processScheduler): addProcess(Objects (/datum/controller/process/objects))
/datum/controller/processSched... (/datum/controller/processScheduler): setup()
world: New()
runtime error: Cannot modify null.icon_state.
proc name: hud set order (/mob/living/carbon/human/proc/hud_set_order)
  source file: mob_hud.dm,557
  usr: (src)
  src: the unknown (/mob/living/carbon/human)
  src.loc: the catwalk (171,62,1) (/turf/open/floor/plating/plating_catwalk/prison)
  call stack:
the unknown (/mob/living/carbon/human): hud set order()
the unknown (/mob/living/carbon/human): prepare huds()
the unknown (/mob/living/carbon/human): New(the catwalk (171,62,1) (/turf/open/floor/plating/plating_catwalk/prison), null)
the unknown (/mob/living/carbon/human): New(the catwalk (171,62,1) (/turf/open/floor/plating/plating_catwalk/prison), null)
the unknown (/mob/living/carbon/human): New(the catwalk (171,62,1) (/turf/open/floor/plating/plating_catwalk/prison), null)
the unknown (/mob/living/carbon/human): New(the catwalk (171,62,1) (/turf/open/floor/plating/plating_catwalk/prison), null)
Prisoner (/obj/effect/landmark/corpsespawner/prisoner): createCorpse()
Prisoner (/obj/effect/landmark/corpsespawner/prisoner): initialize()
Objects (/datum/controller/process/objects): setup()
/datum/controller/processSched... (/datum/controller/processScheduler): addProcess(Objects (/datum/controller/process/objects))
/datum/controller/processSched... (/datum/controller/processScheduler): setup()
world: New()
runtime error: Cannot modify null.icon_state.
proc name: hud set order (/mob/living/carbon/human/proc/hud_set_order)
  source file: mob_hud.dm,557
  usr: (src)
  src: the unknown (/mob/living/carbon/human)
  src.loc: the catwalk (154,63,1) (/turf/open/floor/plating/plating_catwalk/prison)
  call stack:
the unknown (/mob/living/carbon/human): hud set order()
the unknown (/mob/living/carbon/human): prepare huds()
the unknown (/mob/living/carbon/human): New(the catwalk (154,63,1) (/turf/open/floor/plating/plating_catwalk/prison), null)
the unknown (/mob/living/carbon/human): New(the catwalk (154,63,1) (/turf/open/floor/plating/plating_catwalk/prison), null)
the unknown (/mob/living/carbon/human): New(the catwalk (154,63,1) (/turf/open/floor/plating/plating_catwalk/prison), null)
the unknown (/mob/living/carbon/human): New(the catwalk (154,63,1) (/turf/open/floor/plating/plating_catwalk/prison), null)
Prisoner (/obj/effect/landmark/corpsespawner/prisoner): createCorpse()
Prisoner (/obj/effect/landmark/corpsespawner/prisoner): initialize()
Objects (/datum/controller/process/objects): setup()
/datum/controller/processSched... (/datum/controller/processScheduler): addProcess(Objects (/datum/controller/process/objects))
/datum/controller/processSched... (/datum/controller/processScheduler): setup()
world: New()
runtime error: Cannot modify null.icon_state.
proc name: hud set order (/mob/living/carbon/human/proc/hud_set_order)
  source file: mob_hud.dm,557
  usr: (src)
  src: the unknown (/mob/living/carbon/human)
  src.loc: the floor (107,64,1) (/turf/open/floor/prison)
  call stack:
the unknown (/mob/living/carbon/human): hud set order()
the unknown (/mob/living/carbon/human): prepare huds()
the unknown (/mob/living/carbon/human): New(the floor (107,64,1) (/turf/open/floor/prison), null)
the unknown (/mob/living/carbon/human): New(the floor (107,64,1) (/turf/open/floor/prison), null)
the unknown (/mob/living/carbon/human): New(the floor (107,64,1) (/turf/open/floor/prison), null)
the unknown (/mob/living/carbon/human): New(the floor (107,64,1) (/turf/open/floor/prison), null)
Prison Guard (/obj/effect/landmark/corpsespawner/prison_security): createCorpse()
Prison Guard (/obj/effect/landmark/corpsespawner/prison_security): initialize()
Objects (/datum/controller/process/objects): setup()
/datum/controller/processSched... (/datum/controller/processScheduler): addProcess(Objects (/datum/controller/process/objects))
/datum/controller/processSched... (/datum/controller/processScheduler): setup()
world: New()
runtime error: Cannot modify null.icon_state.
proc name: hud set order (/mob/living/carbon/human/proc/hud_set_order)
  source file: mob_hud.dm,557
  usr: (src)
  src: the unknown (/mob/living/carbon/human)
  src.loc: the floor (171,64,1) (/turf/open/floor/prison)
  call stack:
the unknown (/mob/living/carbon/human): hud set order()
the unknown (/mob/living/carbon/human): prepare huds()
the unknown (/mob/living/carbon/human): New(the floor (171,64,1) (/turf/open/floor/prison), null)
the unknown (/mob/living/carbon/human): New(the floor (171,64,1) (/turf/open/floor/prison), null)
the unknown (/mob/living/carbon/human): New(the floor (171,64,1) (/turf/open/floor/prison), null)
the unknown (/mob/living/carbon/human): New(the floor (171,64,1) (/turf/open/floor/prison), null)
Prisoner (/obj/effect/landmark/corpsespawner/prisoner): createCorpse()
Prisoner (/obj/effect/landmark/corpsespawner/prisoner): initialize()
Objects (/datum/controller/process/objects): setup()
/datum/controller/processSched... (/datum/controller/processScheduler): addProcess(Objects (/datum/controller/process/objects))
/datum/controller/processSched... (/datum/controller/processScheduler): setup()
world: New()
runtime error: Cannot modify null.icon_state.
proc name: hud set order (/mob/living/carbon/human/proc/hud_set_order)
  source file: mob_hud.dm,557
  usr: (src)
  src: the unknown (/mob/living/carbon/human)
  src.loc: the floor (119,67,1) (/turf/open/floor/prison)
  call stack:
the unknown (/mob/living/carbon/human): hud set order()
the unknown (/mob/living/carbon/human): prepare huds()
the unknown (/mob/living/carbon/human): New(the floor (119,67,1) (/turf/open/floor/prison), null)
the unknown (/mob/living/carbon/human): New(the floor (119,67,1) (/turf/open/floor/prison), null)
the unknown (/mob/living/carbon/human): New(the floor (119,67,1) (/turf/open/floor/prison), null)
the unknown (/mob/living/carbon/human): New(the floor (119,67,1) (/turf/open/floor/prison), null)
Prison Guard (/obj/effect/landmark/corpsespawner/prison_security): createCorpse()
Prison Guard (/obj/effect/landmark/corpsespawner/prison_security): initialize()
Objects (/datum/controller/process/objects): setup()
/datum/controller/processSched... (/datum/controller/processScheduler): addProcess(Objects (/datum/controller/process/objects))
/datum/controller/processSched... (/datum/controller/processScheduler): setup()
world: New()
runtime error: Cannot modify null.icon_state.
proc name: hud set order (/mob/living/carbon/human/proc/hud_set_order)
  source file: mob_hud.dm,557
  usr: (src)
  src: the unknown (/mob/living/carbon/human)
  src.loc: the floor (144,69,1) (/turf/open/floor/prison)
  call stack:
the unknown (/mob/living/carbon/human): hud set order()
the unknown (/mob/living/carbon/human): prepare huds()
the unknown (/mob/living/carbon/human): New(the floor (144,69,1) (/turf/open/floor/prison), null)
the unknown (/mob/living/carbon/human): New(the floor (144,69,1) (/turf/open/floor/prison), null)
the unknown (/mob/living/carbon/human): New(the floor (144,69,1) (/turf/open/floor/prison), null)
the unknown (/mob/living/carbon/human): New(the floor (144,69,1) (/turf/open/floor/prison), null)
Prisoner (/obj/effect/landmark/corpsespawner/prisoner): createCorpse()
Prisoner (/obj/effect/landmark/corpsespawner/prisoner): initialize()
Objects (/datum/controller/process/objects): setup()
/datum/controller/processSched... (/datum/controller/processScheduler): addProcess(Objects (/datum/controller/process/objects))
/datum/controller/processSched... (/datum/controller/processScheduler): setup()
world: New()
runtime error: Cannot modify null.icon_state.
proc name: hud set order (/mob/living/carbon/human/proc/hud_set_order)
  source file: mob_hud.dm,557
  usr: (src)
  src: the unknown (/mob/living/carbon/human)
  src.loc: the plating (185,72,1) (/turf/open/floor/plating)
  call stack:
the unknown (/mob/living/carbon/human): hud set order()
the unknown (/mob/living/carbon/human): prepare huds()
the unknown (/mob/living/carbon/human): New(the plating (185,72,1) (/turf/open/floor/plating), null)
the unknown (/mob/living/carbon/human): New(the plating (185,72,1) (/turf/open/floor/plating), null)
the unknown (/mob/living/carbon/human): New(the plating (185,72,1) (/turf/open/floor/plating), null)
the unknown (/mob/living/carbon/human): New(the plating (185,72,1) (/turf/open/floor/plating), null)
Prisoner (/obj/effect/landmark/corpsespawner/prisoner): createCorpse()
Prisoner (/obj/effect/landmark/corpsespawner/prisoner): initialize()
Objects (/datum/controller/process/objects): setup()
/datum/controller/processSched... (/datum/controller/processScheduler): addProcess(Objects (/datum/controller/process/objects))
/datum/controller/processSched... (/datum/controller/processScheduler): setup()
world: New()
runtime error: Cannot modify null.icon_state.
proc name: hud set order (/mob/living/carbon/human/proc/hud_set_order)
  source file: mob_hud.dm,557
  usr: (src)
  src: the unknown (/mob/living/carbon/human)
  src.loc: the floor (105,73,1) (/turf/open/floor/prison)
  call stack:
the unknown (/mob/living/carbon/human): hud set order()
the unknown (/mob/living/carbon/human): prepare huds()
the unknown (/mob/living/carbon/human): New(the floor (105,73,1) (/turf/open/floor/prison), null)
the unknown (/mob/living/carbon/human): New(the floor (105,73,1) (/turf/open/floor/prison), null)
the unknown (/mob/living/carbon/human): New(the floor (105,73,1) (/turf/open/floor/prison), null)
the unknown (/mob/living/carbon/human): New(the floor (105,73,1) (/turf/open/floor/prison), null)
Prison Guard (/obj/effect/landmark/corpsespawner/prison_security): createCorpse()
Prison Guard (/obj/effect/landmark/corpsespawner/prison_security): initialize()
Objects (/datum/controller/process/objects): setup()
/datum/controller/processSched... (/datum/controller/processScheduler): addProcess(Objects (/datum/controller/process/objects))
/datum/controller/processSched... (/datum/controller/processScheduler): setup()
world: New()
runtime error: Cannot modify null.icon_state.
proc name: hud set order (/mob/living/carbon/human/proc/hud_set_order)
  source file: mob_hud.dm,557
runtime error: Cannot modify null.icon_state.
proc name: hud set order (/mob/living/carbon/human/proc/hud_set_order)
  source file: mob_hud.dm,557
runtime error: Cannot modify null.icon_state.
proc name: hud set order (/mob/living/carbon/human/proc/hud_set_order)
  source file: mob_hud.dm,557
runtime error: Cannot modify null.icon_state.
proc name: hud set order (/mob/living/carbon/human/proc/hud_set_order)
  source file: mob_hud.dm,557
runtime error: Cannot modify null.icon_state.
proc name: hud set order (/mob/living/carbon/human/proc/hud_set_order)
  source file: mob_hud.dm,557
runtime error: Cannot modify null.icon_state.
proc name: hud set order (/mob/living/carbon/human/proc/hud_set_order)
  source file: mob_hud.dm,557
runtime error: Cannot modify null.icon_state.
proc name: hud set order (/mob/living/carbon/human/proc/hud_set_order)
  source file: mob_hud.dm,557
runtime error: Cannot modify null.icon_state.
proc name: hud set order (/mob/living/carbon/human/proc/hud_set_order)
  source file: mob_hud.dm,557
runtime error: Cannot modify null.icon_state.
proc name: hud set order (/mob/living/carbon/human/proc/hud_set_order)
  source file: mob_hud.dm,557
runtime error: Cannot modify null.icon_state.
proc name: hud set order (/mob/living/carbon/human/proc/hud_set_order)
  source file: mob_hud.dm,557
runtime error: Cannot modify null.icon_state.
proc name: hud set order (/mob/living/carbon/human/proc/hud_set_order)
  source file: mob_hud.dm,557
runtime error: Cannot modify null.icon_state.
proc name: hud set order (/mob/living/carbon/human/proc/hud_set_order)
  source file: mob_hud.dm,557
runtime error: Cannot modify null.icon_state.
proc name: hud set order (/mob/living/carbon/human/proc/hud_set_order)
  source file: mob_hud.dm,557
runtime error: Cannot modify null.icon_state.
proc name: hud set order (/mob/living/carbon/human/proc/hud_set_order)
  source file: mob_hud.dm,557
runtime error: Cannot modify null.icon_state.
proc name: hud set order (/mob/living/carbon/human/proc/hud_set_order)
  source file: mob_hud.dm,557
runtime error: Cannot modify null.icon_state.
proc name: hud set order (/mob/living/carbon/human/proc/hud_set_order)
  source file: mob_hud.dm,557
runtime error: Cannot modify null.icon_state.
proc name: hud set order (/mob/living/carbon/human/proc/hud_set_order)
  source file: mob_hud.dm,557
runtime error: Cannot modify null.icon_state.
proc name: hud set order (/mob/living/carbon/human/proc/hud_set_order)
  source file: mob_hud.dm,557
runtime error: Cannot modify null.icon_state.
proc name: hud set order (/mob/living/carbon/human/proc/hud_set_order)
  source file: mob_hud.dm,557
runtime error: Cannot modify null.icon_state.
proc name: hud set order (/mob/living/carbon/human/proc/hud_set_order)
  source file: mob_hud.dm,557
runtime error: Cannot modify null.icon_state.
proc name: hud set order (/mob/living/carbon/human/proc/hud_set_order)
  source file: mob_hud.dm,557
runtime error: Cannot modify null.icon_state.
proc name: hud set order (/mob/living/carbon/human/proc/hud_set_order)
  source file: mob_hud.dm,557
runtime error: Cannot modify null.icon_state.
proc name: hud set order (/mob/living/carbon/human/proc/hud_set_order)
  source file: mob_hud.dm,557
runtime error: Cannot modify null.icon_state.
proc name: hud set order (/mob/living/carbon/human/proc/hud_set_order)
  source file: mob_hud.dm,557
runtime error: Cannot modify null.icon_state.
proc name: hud set order (/mob/living/carbon/human/proc/hud_set_order)
  source file: mob_hud.dm,557
runtime error: Cannot modify null.icon_state.
proc name: hud set order (/mob/living/carbon/human/proc/hud_set_order)
  source file: mob_hud.dm,557
runtime error: Cannot modify null.icon_state.
proc name: hud set order (/mob/living/carbon/human/proc/hud_set_order)
  source file: mob_hud.dm,557
runtime error: Cannot modify null.icon_state.
proc name: hud set order (/mob/living/carbon/human/proc/hud_set_order)
  source file: mob_hud.dm,557
runtime error: Cannot modify null.icon_state.
proc name: hud set order (/mob/living/carbon/human/proc/hud_set_order)
  source file: mob_hud.dm,557
runtime error: Cannot modify null.icon_state.
proc name: hud set order (/mob/living/carbon/human/proc/hud_set_order)
  source file: mob_hud.dm,557
runtime error: Cannot modify null.icon_state.
proc name: hud set order (/mob/living/carbon/human/proc/hud_set_order)
  source file: mob_hud.dm,557
runtime error: Cannot modify null.icon_state.
proc name: hud set order (/mob/living/carbon/human/proc/hud_set_order)
  source file: mob_hud.dm,557
runtime error: Cannot modify null.icon_state.
proc name: hud set order (/mob/living/carbon/human/proc/hud_set_order)
  source file: mob_hud.dm,557
runtime error: Cannot modify null.icon_state.
proc name: hud set order (/mob/living/carbon/human/proc/hud_set_order)
  source file: mob_hud.dm,557
runtime error: Cannot modify null.icon_state.
proc name: hud set order (/mob/living/carbon/human/proc/hud_set_order)
  source file: mob_hud.dm,557
runtime error: Cannot modify null.icon_state.
proc name: hud set order (/mob/living/carbon/human/proc/hud_set_order)
  source file: mob_hud.dm,557
runtime error: Cannot modify null.icon_state.
proc name: hud set order (/mob/living/carbon/human/proc/hud_set_order)
  source file: mob_hud.dm,557
runtime error: Cannot modify null.icon_state.
proc name: hud set order (/mob/living/carbon/human/proc/hud_set_order)
  source file: mob_hud.dm,557
runtime error: Cannot modify null.icon_state.
proc name: hud set order (/mob/living/carbon/human/proc/hud_set_order)
  source file: mob_hud.dm,557
runtime error: Cannot modify null.icon_state.
proc name: hud set order (/mob/living/carbon/human/proc/hud_set_order)
  source file: mob_hud.dm,557
runtime error: Cannot modify null.icon_state.
proc name: hud set order (/mob/living/carbon/human/proc/hud_set_order)
  source file: mob_hud.dm,557
runtime error: Cannot modify null.icon_state.
proc name: hud set order (/mob/living/carbon/human/proc/hud_set_order)
  source file: mob_hud.dm,557
runtime error: Cannot modify null.icon_state.
proc name: hud set order (/mob/living/carbon/human/proc/hud_set_order)
  source file: mob_hud.dm,557
runtime error: Cannot modify null.icon_state.
proc name: hud set order (/mob/living/carbon/human/proc/hud_set_order)
  source file: mob_hud.dm,557
runtime error: Cannot modify null.icon_state.
proc name: hud set order (/mob/living/carbon/human/proc/hud_set_order)
  source file: mob_hud.dm,557
runtime error: Cannot modify null.icon_state.
proc name: hud set order (/mob/living/carbon/human/proc/hud_set_order)
  source file: mob_hud.dm,557
runtime error: Cannot modify null.icon_state.
proc name: hud set order (/mob/living/carbon/human/proc/hud_set_order)
  source file: mob_hud.dm,557
runtime error: Cannot modify null.icon_state.
proc name: hud set order (/mob/living/carbon/human/proc/hud_set_order)
  source file: mob_hud.dm,557
runtime error: Cannot modify null.icon_state.
proc name: hud set order (/mob/living/carbon/human/proc/hud_set_order)
  source file: mob_hud.dm,557
runtime error: Cannot modify null.icon_state.
proc name: hud set order (/mob/living/carbon/human/proc/hud_set_order)
  source file: mob_hud.dm,557
runtime error: Cannot modify null.icon_state.
proc name: hud set order (/mob/living/carbon/human/proc/hud_set_order)
  source file: mob_hud.dm,557
runtime error: Cannot modify null.icon_state.
proc name: hud set order (/mob/living/carbon/human/proc/hud_set_order)
  source file: mob_hud.dm,557
runtime error: Cannot modify null.icon_state.
proc name: hud set order (/mob/living/carbon/human/proc/hud_set_order)
  source file: mob_hud.dm,557
runtime error: Cannot modify null.icon_state.
proc name: hud set order (/mob/living/carbon/human/proc/hud_set_order)
  source file: mob_hud.dm,557
runtime error: Cannot modify null.icon_state.
proc name: hud set order (/mob/living/carbon/human/proc/hud_set_order)
  source file: mob_hud.dm,557
runtime error: Cannot modify null.icon_state.
proc name: hud set order (/mob/living/carbon/human/proc/hud_set_order)
  source file: mob_hud.dm,557
runtime error: Cannot modify null.icon_state.
proc name: hud set order (/mob/living/carbon/human/proc/hud_set_order)
  source file: mob_hud.dm,557
runtime error: Cannot modify null.icon_state.
proc name: hud set order (/mob/living/carbon/human/proc/hud_set_order)
  source file: mob_hud.dm,557
runtime error: Cannot modify null.icon_state.
proc name: hud set order (/mob/living/carbon/human/proc/hud_set_order)
  source file: mob_hud.dm,557
runtime error: Cannot modify null.icon_state.
proc name: hud set order (/mob/living/carbon/human/proc/hud_set_order)
  source file: mob_hud.dm,557
runtime error: Cannot modify null.icon_state.
proc name: hud set order (/mob/living/carbon/human/proc/hud_set_order)
  source file: mob_hud.dm,557
runtime error: Cannot modify null.icon_state.
proc name: hud set order (/mob/living/carbon/human/proc/hud_set_order)
  source file: mob_hud.dm,557
runtime error: Cannot modify null.icon_state.
proc name: hud set order (/mob/living/carbon/human/proc/hud_set_order)
  source file: mob_hud.dm,557
runtime error: Cannot modify null.icon_state.
proc name: hud set order (/mob/living/carbon/human/proc/hud_set_order)
  source file: mob_hud.dm,557
runtime error: Cannot modify null.icon_state.
proc name: hud set order (/mob/living/carbon/human/proc/hud_set_order)
  source file: mob_hud.dm,557
runtime error: Cannot modify null.icon_state.
proc name: hud set order (/mob/living/carbon/human/proc/hud_set_order)
  source file: mob_hud.dm,557
runtime error: Cannot modify null.icon_state.
proc name: hud set order (/mob/living/carbon/human/proc/hud_set_order)
  source file: mob_hud.dm,557
runtime error: Cannot modify null.icon_state.
proc name: hud set order (/mob/living/carbon/human/proc/hud_set_order)
  source file: mob_hud.dm,557
runtime error: Cannot read null.x
proc name: New (/datum/shuttle/ferry/hangar/New)
  source file: shuttle_hangar.dm,25
runtime error: Cannot read null.x
proc name: New (/datum/shuttle/ferry/hangar/New)
  source file: shuttle_hangar.dm,25
BYOND Error: failed to certify EngineerConager from ip 176.32.153.98, origin (null)
runtime error: Cannot modify null.icon_state.
proc name: hud set order (/mob/living/carbon/human/proc/hud_set_order)
  source file: mob_hud.dm,557
runtime error: filter argument border not found

proc name: backdrop (/obj/screen/plane_master/game_world/backdrop)
  source file: plane_master.dm,18
runtime error: filter argument border not found

proc name: backdrop (/obj/screen/plane_master/game_world/backdrop)
  source file: plane_master.dm,18
runtime error: Cannot modify null.icon_state.
proc name: hud set order (/mob/living/carbon/human/proc/hud_set_order)
  source file: mob_hud.dm,557
runtime error: filter argument border not found

proc name: backdrop (/obj/screen/plane_master/game_world/backdrop)
  source file: plane_master.dm,18
runtime error: filter argument border not found

proc name: backdrop (/obj/screen/plane_master/game_world/backdrop)
  source file: plane_master.dm,18
runtime error: Cannot modify null.icon_state.
proc name: hud set order (/mob/living/carbon/human/proc/hud_set_order)
  source file: mob_hud.dm,557
runtime error: filter argument border not found

proc name: backdrop (/obj/screen/plane_master/game_world/backdrop)
  source file: plane_master.dm,18
runtime error: filter argument border not found

proc name: backdrop (/obj/screen/plane_master/game_world/backdrop)
  source file: plane_master.dm,18
runtime error: Cannot modify null.icon_state.
proc name: hud set order (/mob/living/carbon/human/proc/hud_set_order)
  source file: mob_hud.dm,557
Warning: further proc crash messages are being suppressed to prevent overload...
