

Starting up round 16:15:10
---------------------
[16:18:53]ATTACK: EngineerConager/(Dell Conrad) has attacked EngineerConager/(Dell Conrad) with [marine command radio headset] (INTENT: HELP) (DAMTYE: BRUTE) (NEWHP: 100)  (Commander's Bunk (96, 268, 3))
[16:18:53]ATTACK: EngineerConager/(Dell Conrad) attacked EngineerConager/(Dell Conrad) with marine command radio headset (INTENT: HELP) (DAMTYE: BRUTE)
[16:22:01]ATTACK: Danik_10p/(Young Defender (911)) has grabbed Cremp/(Gerry Falko) (NEWHP: 99.6)  (Atmospherics (60, 133, 1))
[16:22:01]ATTACK: Danik_10p/(Young Defender (911)) схватил Cremp/(Gerry Falko)
[16:22:12]ATTACK: Cremp/(Gerry Falko) has attacked Danik_10p/(Young Defender (911)) with [Beretta 92FS pistol] (INTENT: HURT) (DAMTYE: BRUTE) (NEWHP: 249.344)  (Atmospherics (61, 133, 1))
[16:22:12]ATTACK: Cremp/(Gerry Falko) attacked Danik_10p/(Young Defender (911)) with Beretta 92FS pistol (INTENT: HURT) (DAMTYE: BRUTE)
[16:22:18]ATTACK: Cremp/(Gerry Falko) has shot Danik_10p/(Young Defender (911)) with [pistol bullet] (NEWHP: 249.374)  (Atmospherics (62, 139, 1))
[16:22:18]ATTACK: Gerry Falko (cremp) shot Young Defender (911) (danik10p) with a pistol bullet in Atmospherics (<A HREF='?_src_=holder;adminplayerobservecoodjump=1;X=62;Y=139;Z=1'>JMP</a>)
[16:22:19]ATTACK: Cremp/(Gerry Falko) has attacked Danik_10p/(Young Defender (911)) with [Beretta 92FS pistol (Wielded)] (INTENT: HURT) (DAMTYE: BRUTE) (NEWHP: 249.374)  (Atmospherics (62, 139, 1))
[16:22:19]ATTACK: Cremp/(Gerry Falko) attacked Danik_10p/(Young Defender (911)) with Beretta 92FS pistol (Wielded) (INTENT: HURT) (DAMTYE: BRUTE)
[16:22:27]ATTACK: Cremp/(Gerry Falko) has attacked Cremp/(Gerry Falko) with [Beretta 92FS pistol (Wielded)] (INTENT: HURT) (DAMTYE: BRUTE) (NEWHP: 80)  (Atmospherics (63, 138, 1))
[16:22:27]ATTACK: Cremp/(Gerry Falko) attacked Cremp/(Gerry Falko) with Beretta 92FS pistol (Wielded) (INTENT: HURT) (DAMTYE: BRUTE)
[16:22:29]ATTACK: Cremp/(Gerry Falko) has shot Danik_10p/(Young Defender (911)) with [pistol bullet] (NEWHP: 250)  (Atmospherics (64, 135, 1))
[16:22:29]ATTACK: Gerry Falko (cremp) shot Young Defender (911) (danik10p) with a pistol bullet in Atmospherics (<A HREF='?_src_=holder;adminplayerobservecoodjump=1;X=64;Y=135;Z=1'>JMP</a>)
[16:22:30]ATTACK: Cremp/(Gerry Falko) has shot Danik_10p/(Young Defender (911)) with [pistol bullet] (NEWHP: 250)  (Atmospherics (70, 135, 1))
[16:22:30]ATTACK: Gerry Falko (cremp) shot Young Defender (911) (danik10p) with a pistol bullet in Atmospherics (<A HREF='?_src_=holder;adminplayerobservecoodjump=1;X=70;Y=135;Z=1'>JMP</a>)
[16:22:32]ATTACK: Cremp/(Gerry Falko) has shot Danik_10p/(Young Defender (911)) with [pistol bullet] (NEWHP: 250)  (Atmospherics (71, 135, 1))
[16:22:32]ATTACK: Gerry Falko (cremp) shot Young Defender (911) (danik10p) with a pistol bullet in Atmospherics (<A HREF='?_src_=holder;adminplayerobservecoodjump=1;X=71;Y=135;Z=1'>JMP</a>)
[16:22:33]ATTACK: Cremp/(Gerry Falko) has shot Danik_10p/(Young Defender (911)) with [pistol bullet] (NEWHP: 250)  (Atmospherics (66, 135, 1))
[16:22:33]ATTACK: Gerry Falko (cremp) shot Young Defender (911) (danik10p) with a pistol bullet in Atmospherics (<A HREF='?_src_=holder;adminplayerobservecoodjump=1;X=66;Y=135;Z=1'>JMP</a>)
[16:22:35]ATTACK: Cremp/(Gerry Falko) has shot Danik_10p/(Young Defender (911)) with [pistol bullet] (NEWHP: 250)  (Atmospherics (65, 139, 1))
[16:22:35]ATTACK: Gerry Falko (cremp) shot Young Defender (911) (danik10p) with a pistol bullet in Atmospherics (<A HREF='?_src_=holder;adminplayerobservecoodjump=1;X=65;Y=139;Z=1'>JMP</a>)
[16:23:31]ATTACK: Danik_10p/(Young Defender (911)) has grabbed Cremp/(Gerry Falko) (NEWHP: -20.9)  (Atmospherics (81, 146, 1))
[16:23:31]ATTACK: Danik_10p/(Young Defender (911)) схватил Cremp/(Gerry Falko)
[16:23:37]ATTACK: Cremp/(Gerry Falko) has attacked Danik_10p/(Young Defender (911)) with [fire axe] (INTENT: HURT) (DAMTYE: BRUTE) (NEWHP: 244.718)  (Atmospherics (81, 146, 1))
[16:23:37]ATTACK: Cremp/(Gerry Falko) attacked Danik_10p/(Young Defender (911)) with fire axe (INTENT: HURT) (DAMTYE: BRUTE)
[16:23:44]ATTACK: Cremp/(Gerry Falko) has attacked Danik_10p/(Young Defender (911)) with [fire axe (Wielded)] (INTENT: HURT) (DAMTYE: BRUTE) (NEWHP: 230.718)  (Atmospherics (85, 146, 1))
[16:23:44]ATTACK: Cremp/(Gerry Falko) attacked Danik_10p/(Young Defender (911)) with fire axe (Wielded) (INTENT: HURT) (DAMTYE: BRUTE)
[16:23:48]ATTACK: Danik_10p/(Young Defender (911)) has grabbed Cremp/(Gerry Falko) (NEWHP: -71.9)  (Atmospherics (85, 146, 1))
[16:23:48]ATTACK: Danik_10p/(Young Defender (911)) схватил Cremp/(Gerry Falko)
[16:24:01]ATTACK: ZyberCpechnaz/(Darin Ybarra) has hit Artyuom/(Johnny Vietnam) with [M-OU53 Field Test Kit] (thrown) (NEWHP: 100)  (Squad Alpha Cargo (173, 177, 3))
[16:24:01]ATTACK: Johnny Vietnam (artyuom) was hit by a M-OU53 Field Test Kit, thrown by Darin Ybarra (zybercpechnaz) (<A HREF='?_src_=holder;adminplayerobservecoodjump=1;X=175;Y=177;Z=3'>JMP</a>)
[16:26:06]ATTACK: Danik_10p/(Mature Defender (911)) has grabbed *no key*/(monkey (515)) (NEWHP: 70)  (Caves (29, 103, 1))
[16:26:06]ATTACK: Danik_10p/(Mature Defender (911)) схватил *no key*/(monkey (515))
[16:26:56]ATTACK: Danik_10p/(Mature Defender (911)) has grabbed *no key*/(neaera (129)) (NEWHP: 100)  (Caves (59, 86, 1))
[16:26:56]ATTACK: Danik_10p/(Mature Defender (911)) схватил *no key*/(neaera (129))
[16:27:13]ATTACK: Danik_10p/(Mature Defender (911)) has grabbed *no key*/(neaera (129)) (NEWHP: 70)  (Caves (53, 91, 1))
[16:27:13]ATTACK: Danik_10p/(Mature Defender (911)) схватил *no key*/(neaera (129))
[16:27:19]ATTACK: Danik_10p/(Mature Defender (911)) has grabbed *no key*/(neaera (129)) (NEWHP: 40)  (Caves (53, 91, 1))
[16:27:19]ATTACK: Danik_10p/(Mature Defender (911)) схватил *no key*/(neaera (129))
[16:27:31]ATTACK: Chaburek/(Haidee Baxter) has attacked Chaburek/(Haidee Baxter) with [UA 571-C sentry crate] (INTENT: HELP) (DAMTYE: BRUTE) (NEWHP: 100)  (Briefing Area (174, 154, 3))
[16:27:31]ATTACK: Chaburek/(Haidee Baxter) attacked Chaburek/(Haidee Baxter) with UA 571-C sentry crate (INTENT: HELP) (DAMTYE: BRUTE)
[16:28:20]ATTACK: GhostPokolenie/(Queen) has grabbed *no key*/(monkey (724)) (NEWHP: 100)  (Caves (74, 24, 1))
[16:28:20]ATTACK: GhostPokolenie/(Queen) схватил *no key*/(monkey (724))
[16:28:32]ATTACK: GhostPokolenie/(Queen) has grabbed *no key*/(monkey (724)) (NEWHP: 100)  (Caves (74, 24, 1))
[16:28:32]ATTACK: GhostPokolenie/(Queen) схватил *no key*/(monkey (724))
[16:28:48]ATTACK: Danik_10p/(Mature Defender (911)) has grabbed *no key*/(monkey (724)) (NEWHP: 100)  (Caves (72, 23, 1))
[16:28:48]ATTACK: Danik_10p/(Mature Defender (911)) схватил *no key*/(monkey (724))
[16:28:57]ATTACK: Danik_10p/(Mature Defender (911)) has grabbed *no key*/(monkey (515)) (NEWHP: 70)  (Caves (74, 23, 1))
[16:28:57]ATTACK: Danik_10p/(Mature Defender (911)) схватил *no key*/(monkey (515))
[16:29:06]ATTACK: Danik_10p/(Mature Defender (911)) has grabbed *no key*/(neaera (671)) (NEWHP: 100)  (Caves (71, 22, 1))
[16:29:06]ATTACK: Danik_10p/(Mature Defender (911)) схватил *no key*/(neaera (671))
[16:29:18]ATTACK: Danik_10p/(Mature Defender (911)) has grabbed *no key*/(neaera (671)) (NEWHP: 100)  (Caves (72, 22, 1))
[16:29:18]ATTACK: Danik_10p/(Mature Defender (911)) схватил *no key*/(neaera (671))
[16:29:30]ATTACK: Danik_10p/(Mature Defender (911)) has grabbed *no key*/(monkey (102)) (NEWHP: 100)  (Caves (72, 24, 1))
[16:29:30]ATTACK: Danik_10p/(Mature Defender (911)) схватил *no key*/(monkey (102))
[16:29:43]ATTACK: Danik_10p/(Mature Defender (911)) has grabbed *no key*/(monkey (102)) (NEWHP: 100)  (Caves (72, 24, 1))
[16:29:43]ATTACK: Danik_10p/(Mature Defender (911)) схватил *no key*/(monkey (102))
[16:29:56]ATTACK: Danik_10p/(Mature Defender (911)) has grabbed *no key*/(neaera (659)) (NEWHP: 100)  (Caves (63, 21, 1))
[16:29:56]ATTACK: Danik_10p/(Mature Defender (911)) схватил *no key*/(neaera (659))
[16:30:19]ATTACK: Danik_10p/(Mature Defender (911)) has grabbed *no key*/(neaera (200)) (NEWHP: 100)  (Caves (67, 15, 1))
[16:30:19]ATTACK: Danik_10p/(Mature Defender (911)) схватил *no key*/(neaera (200))
[16:31:57]ATTACK: Danik_10p/(Young Warrior (911)) has grabbed *no key*/(monkey (414)) (NEWHP: 100)  (Caves (74, 15, 1))
[16:31:57]ATTACK: Danik_10p/(Young Warrior (911)) схватил *no key*/(monkey (414))
[16:33:22]ATTACK: Danik_10p/(Young Warrior (911)) has grabbed *no key*/(monkey (307)) (NEWHP: 100)  (Caves (63, 28, 1))
[16:33:22]ATTACK: Danik_10p/(Young Warrior (911)) схватил *no key*/(monkey (307))
[16:47:21]ATTACK: ALex13t/(Reno 'Slowflake' Flake) has attacked *no key*/(monkey (190)) with [M5 'Night Raider' survival knife] (INTENT: HELP) (DAMTYE: BRUTE) (NEWHP: 100)  (Central W-Y Compound (29, 121, 1))
[16:47:21]ATTACK: ALex13t/(Reno 'Slowflake' Flake) attacked *no key*/(monkey (190)) with M5 'Night Raider' survival knife (INTENT: HELP) (DAMTYE: BRUTE)
[16:47:24]ATTACK: ALex13t/(Reno 'Slowflake' Flake) has attacked *no key*/(monkey (190)) with [M5 'Night Raider' survival knife] (INTENT: HURT) (DAMTYE: BRUTE) (NEWHP: 68)  (Central W-Y Compound (29, 120, 1))
[16:47:24]ATTACK: ALex13t/(Reno 'Slowflake' Flake) attacked *no key*/(monkey (190)) with M5 'Night Raider' survival knife (INTENT: HURT) (DAMTYE: BRUTE)
[16:47:25]ATTACK: ALex13t/(Reno 'Slowflake' Flake) has attacked *no key*/(monkey (190)) with [M5 'Night Raider' survival knife] (INTENT: HURT) (DAMTYE: BRUTE) (NEWHP: 36)  (Central W-Y Compound (29, 120, 1))
[16:47:25]ATTACK: ALex13t/(Reno 'Slowflake' Flake) attacked *no key*/(monkey (190)) with M5 'Night Raider' survival knife (INTENT: HURT) (DAMTYE: BRUTE)
[16:47:26]ATTACK: ALex13t/(Reno 'Slowflake' Flake) has attacked *no key*/(monkey (190)) with [M5 'Night Raider' survival knife] (INTENT: HURT) (DAMTYE: BRUTE) (NEWHP: 4)  (Central W-Y Compound (29, 120, 1))
[16:47:26]ATTACK: ALex13t/(Reno 'Slowflake' Flake) attacked *no key*/(monkey (190)) with M5 'Night Raider' survival knife (INTENT: HURT) (DAMTYE: BRUTE)
[16:47:27]ATTACK: ALex13t/(Reno 'Slowflake' Flake) has attacked *no key*/(monkey (190)) with [M5 'Night Raider' survival knife] (INTENT: HURT) (DAMTYE: BRUTE) (NEWHP: -28)  (Central W-Y Compound (29, 120, 1))
[16:47:27]ATTACK: ALex13t/(Reno 'Slowflake' Flake) attacked *no key*/(monkey (190)) with M5 'Night Raider' survival knife (INTENT: HURT) (DAMTYE: BRUTE)
[16:47:32]ATTACK: ALex13t/(Reno 'Slowflake' Flake) has attacked *no key*/(monkey (190)) with [M5 'Night Raider' survival knife] (INTENT: HURT) (DAMTYE: BRUTE) (NEWHP: -69)  (Central W-Y Compound (29, 120, 1))
[16:47:32]ATTACK: ALex13t/(Reno 'Slowflake' Flake) attacked *no key*/(monkey (190)) with M5 'Night Raider' survival knife (INTENT: HURT) (DAMTYE: BRUTE)
[16:47:33]ATTACK: ALex13t/(Reno 'Slowflake' Flake) has attacked *no key*/(monkey (190)) with [M5 'Night Raider' survival knife] (INTENT: HURT) (DAMTYE: BRUTE) (NEWHP: -108)  (Central W-Y Compound (30, 120, 1))
[16:47:33]ATTACK: ALex13t/(Reno 'Slowflake' Flake) attacked *no key*/(monkey (190)) with M5 'Night Raider' survival knife (INTENT: HURT) (DAMTYE: BRUTE)
[16:47:34]ATTACK: ALex13t/(Reno 'Slowflake' Flake) has attacked *no key*/(monkey (190)) with [M5 'Night Raider' survival knife] (INTENT: HURT) (DAMTYE: BRUTE) (NEWHP: -116)  (Central W-Y Compound (31, 120, 1))
[16:47:34]ATTACK: ALex13t/(Reno 'Slowflake' Flake) attacked *no key*/(monkey (190)) with M5 'Night Raider' survival knife (INTENT: HURT) (DAMTYE: BRUTE)
[16:47:36]ATTACK: ALex13t/(Reno 'Slowflake' Flake) has attacked *no key*/(monkey (190)) with [M5 'Night Raider' survival knife] (INTENT: HURT) (DAMTYE: BRUTE) (NEWHP: -116)  (Central W-Y Compound (31, 120, 1))
[16:47:36]ATTACK: ALex13t/(Reno 'Slowflake' Flake) attacked *no key*/(monkey (190)) with M5 'Night Raider' survival knife (INTENT: HURT) (DAMTYE: BRUTE)
[16:47:37]ATTACK: ALex13t/(Reno 'Slowflake' Flake) has attacked *no key*/(monkey (190)) with [M5 'Night Raider' survival knife] (INTENT: HURT) (DAMTYE: BRUTE) (NEWHP: -116)  (Central W-Y Compound (30, 120, 1))
[16:47:37]ATTACK: ALex13t/(Reno 'Slowflake' Flake) attacked *no key*/(monkey (190)) with M5 'Night Raider' survival knife (INTENT: HURT) (DAMTYE: BRUTE)
[16:47:39]ATTACK: ALex13t/(Reno 'Slowflake' Flake) has attacked *no key*/(monkey (190)) with [M5 'Night Raider' survival knife] (INTENT: HURT) (DAMTYE: BRUTE) (NEWHP: -116)  (Central W-Y Compound (29, 120, 1))
[16:47:39]ATTACK: ALex13t/(Reno 'Slowflake' Flake) attacked *no key*/(monkey (190)) with M5 'Night Raider' survival knife (INTENT: HURT) (DAMTYE: BRUTE)
[16:48:59]ATTACK: Danik_10p/(Mature Warrior (911)) has grabbed *no key*/(monkey (860)) (NEWHP: 100)  (Caves (35, 54, 1))
[16:48:59]ATTACK: Danik_10p/(Mature Warrior (911)) схватил *no key*/(monkey (860))
[16:49:07]ATTACK: Danik_10p/(Mature Warrior (911)) has grabbed *no key*/(neaera (158)) (NEWHP: 100)  (Caves (35, 55, 1))
[16:49:07]ATTACK: Danik_10p/(Mature Warrior (911)) схватил *no key*/(neaera (158))
[16:51:05]ATTACK: Danik_10p/(Mature Warrior (911)) has grabbed *no key*/(monkey (860)) (NEWHP: 100)  (Caves (73, 24, 1))
[16:51:05]ATTACK: Danik_10p/(Mature Warrior (911)) схватил *no key*/(monkey (860))
[16:51:17]ATTACK: Danik_10p/(Mature Warrior (911)) has grabbed *no key*/(neaera (158)) (NEWHP: 40)  (Caves (72, 24, 1))
[16:51:17]ATTACK: Danik_10p/(Mature Warrior (911)) схватил *no key*/(neaera (158))
[16:51:43]ATTACK: ZyberCpechnaz/(Darin Ybarra) has shot Cremp/(Young Warrior (298)) with [rifle bullet] (NEWHP: 200)  (Atmospherics (77, 141, 1))
[16:51:43]ATTACK: Darin Ybarra (zybercpechnaz) shot Young Warrior (298) (cremp) with a rifle bullet in Atmospherics (<A HREF='?_src_=holder;adminplayerobservecoodjump=1;X=77;Y=141;Z=1'>JMP</a>)
[16:51:46]ATTACK: Cremp/(Young Warrior (298)) has slashed ZyberCpechnaz/(Darin Ybarra) (NEWHP: 100)  (Atmospherics (78, 141, 1))
[16:51:47]ATTACK: Danik_10p/(Mature Warrior (911)) has grabbed *no key*/(monkey (423)) (NEWHP: 100)  (Colony Grounds (47, 50, 1))
[16:51:47]ATTACK: Danik_10p/(Mature Warrior (911)) схватил *no key*/(monkey (423))
[16:51:49]ATTACK: Sewa/(Kelvin Focell) has shot Cremp/(Young Warrior (298)) with [smartgun bullet] (NEWHP: 146)  (Atmospherics (80, 141, 1))
[16:51:49]ATTACK: Kelvin Focell (sewa) shot Young Warrior (298) (cremp) with a smartgun bullet in Atmospherics (<A HREF='?_src_=holder;adminplayerobservecoodjump=1;X=80;Y=141;Z=1'>JMP</a>)
[16:51:49]ATTACK: Sewa/(Kelvin Focell) has shot Cremp/(Young Warrior (298)) with [smartgun bullet] (NEWHP: 119)  (Atmospherics (80, 141, 1))
[16:51:49]ATTACK: Kelvin Focell (sewa) shot Young Warrior (298) (cremp) with a smartgun bullet in Atmospherics (<A HREF='?_src_=holder;adminplayerobservecoodjump=1;X=80;Y=141;Z=1'>JMP</a>)
[16:51:49]ATTACK: Sewa/(Kelvin Focell) has shot Cremp/(Young Warrior (298)) with [smartgun bullet] (NEWHP: 87)  (Atmospherics (80, 141, 1))
[16:51:49]ATTACK: Kelvin Focell (sewa) shot Young Warrior (298) (cremp) with a smartgun bullet in Atmospherics (<A HREF='?_src_=holder;adminplayerobservecoodjump=1;X=80;Y=141;Z=1'>JMP</a>)
[16:51:49]ATTACK: Cremp/(Young Warrior (298)) has slashed ZyberCpechnaz/(Darin Ybarra) (NEWHP: 60)  (Atmospherics (74, 141, 1))
[16:51:50]ATTACK: Sewa/(Kelvin Focell) has shot Cremp/(Young Warrior (298)) with [smartgun bullet] (NEWHP: 55)  (Atmospherics (80, 141, 1))
[16:51:50]ATTACK: Kelvin Focell (sewa) shot Young Warrior (298) (cremp) with a smartgun bullet in Atmospherics (<A HREF='?_src_=holder;adminplayerobservecoodjump=1;X=80;Y=141;Z=1'>JMP</a>)
[16:51:52]ATTACK: Cremp/(Young Warrior (298)) has slashed ZyberCpechnaz/(Darin Ybarra) (NEWHP: 50.1)  (Atmospherics (73, 138, 1))
[16:51:53]ATTACK: Cremp/(Young Warrior (298)) has slashed ZyberCpechnaz/(Darin Ybarra) (NEWHP: 25.1)  (Atmospherics (73, 134, 1))
[16:51:53]ATTACK: ZyberCpechnaz/(Darin Ybarra) has shot Cremp/(Young Warrior (298)) with [rifle bullet] (NEWHP: 25)  (Atmospherics (73, 131, 1))
[16:51:53]ATTACK: Darin Ybarra (zybercpechnaz) shot Young Warrior (298) (cremp) with a rifle bullet in Atmospherics (<A HREF='?_src_=holder;adminplayerobservecoodjump=1;X=73;Y=131;Z=1'>JMP</a>)
[16:51:54]ATTACK: ZyberCpechnaz/(Darin Ybarra) has shot Cremp/(Young Warrior (298)) with [rifle bullet] (NEWHP: -32)  (Atmospherics (73, 130, 1))
[16:51:54]ATTACK: Darin Ybarra (zybercpechnaz) shot Young Warrior (298) (cremp) with a rifle bullet in Atmospherics (<A HREF='?_src_=holder;adminplayerobservecoodjump=1;X=73;Y=130;Z=1'>JMP</a>)
[16:51:54]ATTACK: ZyberCpechnaz/(Darin Ybarra) has shot Cremp/(Young Warrior (298)) with [rifle bullet] (NEWHP: -60)  (Caves (73, 129, 1))
[16:51:54]ATTACK: Darin Ybarra (zybercpechnaz) shot Young Warrior (298) (cremp) with a rifle bullet in Caves (<A HREF='?_src_=holder;adminplayerobservecoodjump=1;X=73;Y=129;Z=1'>JMP</a>)
[16:51:54]ATTACK: ZyberCpechnaz/(Darin Ybarra) has shot Cremp/(Young Warrior (298)) with [rifle bullet] (NEWHP: -112)  (Caves (73, 128, 1))
[16:51:54]ATTACK: Darin Ybarra (zybercpechnaz) shot Young Warrior (298) (cremp) with a rifle bullet in Caves (<A HREF='?_src_=holder;adminplayerobservecoodjump=1;X=73;Y=128;Z=1'>JMP</a>)
[16:51:54]ATTACK: Cremp/(Young Warrior (298)) has slashed ZyberCpechnaz/(Darin Ybarra) (NEWHP: -10.1)  (Caves (73, 129, 1))
[16:52:13]ATTACK: Artyuom/(Johnny Vietnam) has injected ZyberCpechnaz/(Darin Ybarra) with [Oxycodone (EXTREME PAINKILLER) autoinjector] Reagents: Oxycodone (NEWHP: -30.1)  (Caves (70, 125, 1))
[16:52:13]ATTACK: Johnny Vietnam (artyuom) injected Darin Ybarra (ZyberCpechnaz) with Oxycodone (EXTREME PAINKILLER) autoinjector. Reagents: Oxycodone (INTENT: HELP) (<A HREF='?_src_=holder;adminplayerobservecoodjump=1;X=70;Y=125;Z=1'>JMP</a>)
[16:52:21]ATTACK: Artyuom/(Johnny Vietnam) has fed ZyberCpechnaz/(Darin Ybarra) with [pill] Reagents: kelotane(15u) (NEWHP: -30.1)  (Caves (69, 125, 1))
[16:52:21]ATTACK: Johnny Vietnam (artyuom) fed Darin Ybarra (zybercpechnaz) with pill Reagents: kelotane(15u) (INTENT: HELP) (<A HREF='?_src_=holder;adminplayerobservecoodjump=1;X=69;Y=125;Z=1'>JMP</a>)
[16:52:25]ATTACK: Artyuom/(Johnny Vietnam) has fed ZyberCpechnaz/(Darin Ybarra) with [pill] Reagents: quickclot(10u) (NEWHP: -30.1)  (Caves (69, 125, 1))
[16:52:25]ATTACK: Johnny Vietnam (artyuom) fed Darin Ybarra (zybercpechnaz) with pill Reagents: quickclot(10u) (INTENT: HELP) (<A HREF='?_src_=holder;adminplayerobservecoodjump=1;X=69;Y=125;Z=1'>JMP</a>)
[16:52:28]ATTACK: Artyuom/(Johnny Vietnam) has fed ZyberCpechnaz/(Darin Ybarra) with [pill] Reagents: bicaridine(15u) (NEWHP: -30.1)  (Caves (69, 125, 1))
[16:52:28]ATTACK: Johnny Vietnam (artyuom) fed Darin Ybarra (zybercpechnaz) with pill Reagents: bicaridine(15u) (INTENT: HELP) (<A HREF='?_src_=holder;adminplayerobservecoodjump=1;X=69;Y=125;Z=1'>JMP</a>)
[16:52:33]ATTACK: Artyuom/(Johnny Vietnam) has fed ZyberCpechnaz/(Darin Ybarra) with [pill] Reagents: tramadol(15u) (NEWHP: -30.1)  (Caves (69, 125, 1))
[16:52:33]ATTACK: Johnny Vietnam (artyuom) fed Darin Ybarra (zybercpechnaz) with pill Reagents: tramadol(15u) (INTENT: HELP) (<A HREF='?_src_=holder;adminplayerobservecoodjump=1;X=69;Y=125;Z=1'>JMP</a>)
[16:52:35]ATTACK: Danik_10p/(Mature Warrior (911)) has grabbed *no key*/(monkey (423)) (NEWHP: 100)  (Caves (72, 24, 1))
[16:52:35]ATTACK: Danik_10p/(Mature Warrior (911)) схватил *no key*/(monkey (423))
[16:53:31]ATTACK: Artyuom/(Johnny Vietnam) has fed ZyberCpechnaz/(Darin Ybarra) with [pill] Reagents: anti_toxin(25u) (NEWHP: -13.1)  (Central W-Y Compound (32, 127, 1))
[16:53:31]ATTACK: Johnny Vietnam (artyuom) fed Darin Ybarra (zybercpechnaz) with pill Reagents: anti_toxin(25u) (INTENT: HELP) (<A HREF='?_src_=holder;adminplayerobservecoodjump=1;X=32;Y=127;Z=1'>JMP</a>)
[16:57:34]ATTACK: ZyberCpechnaz/(Darin Ybarra) has disarmed Artyuom/(Johnny Vietnam) (NEWHP: 100)  (Security (28, 155, 1))
[16:57:34]ATTACK: ZyberCpechnaz/(Darin Ybarra) disarmed Johnny Vietnam (artyuom)
[16:57:41]ATTACK: ZyberCpechnaz/(Darin Ybarra) has disarmed Artyuom/(Johnny Vietnam) (NEWHP: 100)  (Security (30, 154, 1))
[16:57:41]ATTACK: ZyberCpechnaz/(Darin Ybarra) disarmed Johnny Vietnam (artyuom)
[16:58:14]ATTACK: ALex13t/(Reno 'Slowflake' Flake) has punched *no key*/(neaera (973)) (NEWHP: 100)  (Central W-Y Compound (33, 146, 1))
[16:58:14]ATTACK: ALex13t/(Reno 'Slowflake' Flake) punched *no key*/(neaera (973))
[16:58:28]ATTACK: Danik_10p/(Young Crusher (911)) has grabbed *no key*/(neaera (314)) (NEWHP: 100)  (Colony Grounds (56, 50, 1))
[16:58:28]ATTACK: Danik_10p/(Young Crusher (911)) схватил *no key*/(neaera (314))
[16:59:09]ATTACK: Danik_10p/(Young Crusher (911)) has grabbed *no key*/(neaera (314)) (NEWHP: 100)  (Caves (74, 22, 1))
[16:59:09]ATTACK: Danik_10p/(Young Crusher (911)) схватил *no key*/(neaera (314))
[16:59:39]ATTACK: Artyuom/(Johnny Vietnam) has grabbed *no key*/(neaera (973)) (NEWHP: 91)  (Central W-Y Compound (32, 143, 1))
[16:59:39]ATTACK: Artyuom/(Johnny Vietnam) схватил *no key*/(neaera (973))
[17:00:15]ATTACK: ALex13t/(Reno 'Slowflake' Flake) has attacked *no key*/(neaera (973)) with [motion detector] (INTENT: HURT) (DAMTYE: BRUTE) (NEWHP: 91)  (Central W-Y Compound (33, 137, 1))
[17:00:15]ATTACK: ALex13t/(Reno 'Slowflake' Flake) attacked *no key*/(neaera (973)) with motion detector (INTENT: HURT) (DAMTYE: BRUTE)
[17:00:19]ATTACK: ALex13t/(Reno 'Slowflake' Flake) has attacked *no key*/(neaera (973)) with [motion detector] (INTENT: HURT) (DAMTYE: BRUTE) (NEWHP: 91)  (Central W-Y Compound (32, 139, 1))
[17:00:19]ATTACK: ALex13t/(Reno 'Slowflake' Flake) attacked *no key*/(neaera (973)) with motion detector (INTENT: HURT) (DAMTYE: BRUTE)
[17:00:21]ATTACK: ALex13t/(Reno 'Slowflake' Flake) has attacked *no key*/(neaera (973)) with [motion detector] (INTENT: HURT) (DAMTYE: BRUTE) (NEWHP: 91)  (Central W-Y Compound (32, 139, 1))
[17:00:21]ATTACK: ALex13t/(Reno 'Slowflake' Flake) attacked *no key*/(neaera (973)) with motion detector (INTENT: HURT) (DAMTYE: BRUTE)
[17:00:24]ATTACK: ALex13t/(Reno 'Slowflake' Flake) has attacked *no key*/(neaera (973)) with [motion detector] (INTENT: HURT) (DAMTYE: BRUTE) (NEWHP: 91)  (Central W-Y Compound (32, 138, 1))
[17:00:24]ATTACK: ALex13t/(Reno 'Slowflake' Flake) attacked *no key*/(neaera (973)) with motion detector (INTENT: HURT) (DAMTYE: BRUTE)
[17:02:07]ATTACK: Wincant/(Mature Runner (284)) has grabbed *no key*/(neaera (95)) (NEWHP: 100)  (Caves (71, 115, 1))
[17:02:07]ATTACK: Wincant/(Mature Runner (284)) схватил *no key*/(neaera (95))
[17:02:10]ATTACK: Danik_10p/(Young Crusher (911)) has grabbed *no key*/(monkey (786)) (NEWHP: 100)  (Caves (71, 112, 1))
[17:02:10]ATTACK: Danik_10p/(Young Crusher (911)) схватил *no key*/(monkey (786))
[17:02:16]ATTACK: Cremp/(Young Runner (988)) has grabbed *no key*/(monkey (786)) (NEWHP: 100)  (Caves (70, 112, 1))
[17:02:16]ATTACK: Cremp/(Young Runner (988)) схватил *no key*/(monkey (786))
[17:02:25]ATTACK: Danik_10p/(Young Crusher (911)) has grabbed *no key*/(monkey (786)) (NEWHP: 100)  (Caves (70, 113, 1))
[17:02:25]ATTACK: Danik_10p/(Young Crusher (911)) схватил *no key*/(monkey (786))
[17:02:30]ATTACK: Cremp/(Young Runner (988)) has grabbed *no key*/(monkey (786)) (NEWHP: 100)  (Caves (70, 112, 1))
[17:02:30]ATTACK: Cremp/(Young Runner (988)) схватил *no key*/(monkey (786))
[17:02:32]ATTACK: Danik_10p/(Young Crusher (911)) has grabbed *no key*/(monkey (786)) (NEWHP: 100)  (Caves (70, 114, 1))
[17:02:32]ATTACK: Danik_10p/(Young Crusher (911)) схватил *no key*/(monkey (786))
[17:02:38]ATTACK: Wincant/(Mature Runner (284)) has grabbed *no key*/(monkey (607)) (NEWHP: 100)  (Caves (75, 108, 1))
[17:02:38]ATTACK: Wincant/(Mature Runner (284)) схватил *no key*/(monkey (607))
[17:02:49]ATTACK: Cremp/(Young Runner (988)) has grabbed *no key*/(monkey (607)) (NEWHP: 100)  (Caves (72, 111, 1))
[17:02:49]ATTACK: Cremp/(Young Runner (988)) схватил *no key*/(monkey (607))
[17:03:32]ATTACK: Cremp/(Mature Runner (988)) has grabbed *no key*/(monkey (423)) (NEWHP: 99)  (Caves (69, 22, 1))
[17:03:32]ATTACK: Cremp/(Mature Runner (988)) схватил *no key*/(monkey (423))
[17:03:34]ATTACK: Wincant/(Mature Runner (284)) has grabbed *no key*/(neaera (95)) (NEWHP: 100)  (Caves (73, 21, 1))
[17:03:34]ATTACK: Wincant/(Mature Runner (284)) схватил *no key*/(neaera (95))
[17:03:37]ATTACK: Cremp/(Mature Runner (988)) has grabbed *no key*/(neaera (200)) (NEWHP: 100)  (Caves (69, 22, 1))
[17:03:37]ATTACK: Cremp/(Mature Runner (988)) схватил *no key*/(neaera (200))
[17:03:40]ATTACK: Wincant/(Mature Runner (284)) has grabbed *no key*/(neaera (95)) (NEWHP: 100)  (Caves (73, 22, 1))
[17:03:40]ATTACK: Wincant/(Mature Runner (284)) схватил *no key*/(neaera (95))
[17:03:47]ATTACK: Cremp/(Mature Runner (988)) has grabbed *no key*/(monkey (607)) (NEWHP: 100)  (Caves (69, 22, 1))
[17:03:47]ATTACK: Cremp/(Mature Runner (988)) схватил *no key*/(monkey (607))
[17:04:14]ATTACK: Danik_10p/(Young Crusher (911)) has grabbed *no key*/(monkey (786)) (NEWHP: 100)  (Caves (72, 24, 1))
[17:04:14]ATTACK: Danik_10p/(Young Crusher (911)) схватил *no key*/(monkey (786))
[17:05:33]ATTACK: Danik_10p/(Young Crusher (911)) has grabbed *no key*/(neaera (95)) (NEWHP: 100)  (Caves (72, 22, 1))
[17:05:33]ATTACK: Danik_10p/(Young Crusher (911)) схватил *no key*/(neaera (95))
[17:06:22]ATTACK: ALex13t/(Reno 'Slowflake' Flake) has attacked *no key*/(neaera (973)) with [M5 'Night Raider' survival knife] (INTENT: HELP) (DAMTYE: BRUTE) (NEWHP: 91)  (Central W-Y Compound (33, 137, 1))
[17:06:22]ATTACK: ALex13t/(Reno 'Slowflake' Flake) attacked *no key*/(neaera (973)) with M5 'Night Raider' survival knife (INTENT: HELP) (DAMTYE: BRUTE)
[17:06:24]ATTACK: ALex13t/(Reno 'Slowflake' Flake) has attacked *no key*/(neaera (973)) with [M5 'Night Raider' survival knife] (INTENT: HELP) (DAMTYE: BRUTE) (NEWHP: 59)  (Central W-Y Compound (32, 136, 1))
[17:06:24]ATTACK: ALex13t/(Reno 'Slowflake' Flake) attacked *no key*/(neaera (973)) with M5 'Night Raider' survival knife (INTENT: HELP) (DAMTYE: BRUTE)
[17:06:27]ATTACK: ALex13t/(Reno 'Slowflake' Flake) has attacked *no key*/(neaera (973)) with [M5 'Night Raider' survival knife] (INTENT: HELP) (DAMTYE: BRUTE) (NEWHP: 27)  (Central W-Y Compound (34, 136, 1))
[17:06:27]ATTACK: ALex13t/(Reno 'Slowflake' Flake) attacked *no key*/(neaera (973)) with M5 'Night Raider' survival knife (INTENT: HELP) (DAMTYE: BRUTE)
[17:06:41]ATTACK: Sewa/(Kelvin Focell) has grabbed *no key*/(neaera (973)) (NEWHP: -26)  (Central W-Y Compound (34, 138, 1))
[17:06:41]ATTACK: Sewa/(Kelvin Focell) схватил *no key*/(neaera (973))
[17:08:42]ATTACK: Reno 'Slowflake' Flake (alex13t) primed M40 HIDP incendiary grenade (<A HREF='?_src_=holder;adminplayerobservecoodjump=1;X=35;Y=123;Z=1'>JMP</a>)
[17:11:15]ATTACK: Bobadoba/(Parker De La Rosa) has attacked Bobadoba/(Parker De La Rosa) with [reagent scanner] (INTENT: HELP) (DAMTYE: BRUTE) (NEWHP: 100)  (Medical Lower (115, 148, 3))
[17:11:15]ATTACK: Bobadoba/(Parker De La Rosa) attacked Bobadoba/(Parker De La Rosa) with reagent scanner (INTENT: HELP) (DAMTYE: BRUTE)
[17:11:26]ATTACK: Danik_10p/(Mature Crusher (911)) has grabbed *no key*/(neaera (301)) (NEWHP: 100)  (Caves (87, 106, 1))
[17:11:26]ATTACK: Danik_10p/(Mature Crusher (911)) схватил *no key*/(neaera (301))
[17:11:29]ATTACK: Cremp/(Elder Runner (988)) has grabbed *no key*/(neaera (111)) (NEWHP: 100)  (Caves (83, 105, 1))
[17:11:29]ATTACK: Cremp/(Elder Runner (988)) схватил *no key*/(neaera (111))
[17:11:33]ATTACK: GhostPokolenie/(Elder Queen) has grabbed *no key*/(neaera (111)) (NEWHP: 100)  (Caves (81, 105, 1))
[17:11:33]ATTACK: GhostPokolenie/(Elder Queen) схватил *no key*/(neaera (111))
[17:11:51]ATTACK: *no key*/(neaera (111)) has gibbed GhostPokolenie/(Elder Queen) (NEWHP: 400)  (Caves (83, 100, 1))
[17:12:01]ATTACK: NIKIGO/(Mature Spitter (58)) has spat on [Underground Maintenance] with corrosive acid (Central W-Y Compound (40, 120, 1))
[17:12:01]ATTACK: Mature Spitter (58) (nikigo) spat acid on the Underground Maintenance.
[17:12:03]ATTACK: Cremp/(Elder Runner (988)) has grabbed *no key*/(monkey (854)) (NEWHP: 100)  (Caves (77, 96, 1))
[17:12:03]ATTACK: Cremp/(Elder Runner (988)) схватил *no key*/(monkey (854))
[17:12:36]ATTACK: ZyberCpechnaz/(Darin Ybarra) has electrified [Underground Maintenance] (Security (34, 152, 1))
[17:12:47]ATTACK: NIKIGO/(Mature Spitter (58)) has spat on [Underground Maintenance] with corrosive acid (Central W-Y Compound (41, 136, 1))
[17:12:47]ATTACK: Mature Spitter (58) (nikigo) spat acid on the Underground Maintenance.
[17:12:47]ATTACK: NIKIGO/(Mature Spitter (58)) has spat on [Underground Maintenance] with corrosive acid (Central W-Y Compound (41, 136, 1))
[17:12:47]ATTACK: Mature Spitter (58) (nikigo) spat acid on the Underground Maintenance.
[17:13:22]ATTACK: NIKIGO/(Mature Spitter (58)) has spat on [Underground Maintenance] with corrosive acid (Central W-Y Compound (36, 153, 1))
[17:13:22]ATTACK: Mature Spitter (58) (nikigo) spat acid on the Underground Maintenance.
[17:14:05]ATTACK: ZyberCpechnaz/(Darin Ybarra) has shot Danik_10p/(Mature Crusher (911)) with [rifle bullet] (NEWHP: 325)  (Central W-Y Compound (28, 114, 1))
[17:14:05]ATTACK: Darin Ybarra (zybercpechnaz) shot Mature Crusher (911) (danik10p) with a rifle bullet in Central W-Y Compound (<A HREF='?_src_=holder;adminplayerobservecoodjump=1;X=28;Y=114;Z=1'>JMP</a>)
[17:14:06]ATTACK: ZyberCpechnaz/(Darin Ybarra) has shot Danik_10p/(Mature Crusher (911)) with [rifle bullet] (NEWHP: 317)  (Central W-Y Compound (28, 114, 1))
[17:14:06]ATTACK: Darin Ybarra (zybercpechnaz) shot Mature Crusher (911) (danik10p) with a rifle bullet in Central W-Y Compound (<A HREF='?_src_=holder;adminplayerobservecoodjump=1;X=28;Y=114;Z=1'>JMP</a>)
[17:14:06]ATTACK: ZyberCpechnaz/(Darin Ybarra) has shot Danik_10p/(Mature Crusher (911)) with [rifle bullet] (NEWHP: 283)  (Central W-Y Compound (28, 114, 1))
[17:14:06]ATTACK: Darin Ybarra (zybercpechnaz) shot Mature Crusher (911) (danik10p) with a rifle bullet in Central W-Y Compound (<A HREF='?_src_=holder;adminplayerobservecoodjump=1;X=28;Y=114;Z=1'>JMP</a>)
[17:14:07]ATTACK: [M56D mounted smartgun] has shot Wincant/(Young Lurker (284)) with [machinegun bullet] (NEWHP: 150)  (Central W-Y Compound (34, 128, 1))
[17:14:07]ATTACK: M56D mounted smartgun shot Young Lurker (284) (wincant) with a the machinegun bullet (<A HREF='?_src_=holder;adminplayerobservecoodjump=1;X=34;Y=128;Z=1'>JMP</a>)
[17:14:08]ATTACK: [M56D mounted smartgun] has shot Wincant/(Young Lurker (284)) with [machinegun bullet] (NEWHP: 107.5)  (Central W-Y Compound (34, 128, 1))
[17:14:08]ATTACK: M56D mounted smartgun shot Young Lurker (284) (wincant) with a the machinegun bullet (<A HREF='?_src_=holder;adminplayerobservecoodjump=1;X=34;Y=128;Z=1'>JMP</a>)
[17:14:25]ATTACK: ZyberCpechnaz/(Darin Ybarra) has shot GhostPokolenie/(Elder Queen) with [rifle bullet] (NEWHP: 400)  (Central W-Y Compound (28, 113, 1))
[17:14:25]ATTACK: Darin Ybarra (zybercpechnaz) shot Elder Queen (ghostpokolenie) with a rifle bullet in Central W-Y Compound (<A HREF='?_src_=holder;adminplayerobservecoodjump=1;X=28;Y=113;Z=1'>JMP</a>)
[17:14:26]ATTACK: ZyberCpechnaz/(Darin Ybarra) has shot GhostPokolenie/(Elder Queen) with [rifle bullet] (NEWHP: 368)  (Central W-Y Compound (28, 113, 1))
[17:14:26]ATTACK: Darin Ybarra (zybercpechnaz) shot Elder Queen (ghostpokolenie) with a rifle bullet in Central W-Y Compound (<A HREF='?_src_=holder;adminplayerobservecoodjump=1;X=28;Y=113;Z=1'>JMP</a>)
[17:14:29]ATTACK: ZyberCpechnaz/(Darin Ybarra) has shot Cremp/(Elder Runner (988)) with [rifle bullet] (NEWHP: 150)  (Central W-Y Compound (28, 114, 1))
[17:14:29]ATTACK: Darin Ybarra (zybercpechnaz) shot Elder Runner (988) (cremp) with a rifle bullet in Central W-Y Compound (<A HREF='?_src_=holder;adminplayerobservecoodjump=1;X=28;Y=114;Z=1'>JMP</a>)
[17:14:29]ATTACK: ZyberCpechnaz/(Darin Ybarra) has shot Cremp/(Elder Runner (988)) with [rifle bullet] (NEWHP: 104)  (Central W-Y Compound (28, 114, 1))
[17:14:29]ATTACK: Darin Ybarra (zybercpechnaz) shot Elder Runner (988) (cremp) with a rifle bullet in Central W-Y Compound (<A HREF='?_src_=holder;adminplayerobservecoodjump=1;X=28;Y=114;Z=1'>JMP</a>)
[17:14:48]ATTACK: Kelvin Focell (sewa) primed M40 HIDP incendiary grenade (<A HREF='?_src_=holder;adminplayerobservecoodjump=1;X=28;Y=113;Z=1'>JMP</a>)
[17:14:55]ATTACK: Reno 'Slowflake' Flake (alex13t) primed M40 HIDP incendiary grenade (<A HREF='?_src_=holder;adminplayerobservecoodjump=1;X=35;Y=130;Z=1'>JMP</a>)
[17:15:20]ATTACK: Reno 'Slowflake' Flake (alex13t) primed M40 HIDP incendiary grenade (<A HREF='?_src_=holder;adminplayerobservecoodjump=1;X=35;Y=126;Z=1'>JMP</a>)
[17:15:33]ATTACK: NIKIGO/(Mature Spitter (58)) has shot Sewa/(Kelvin Focell) with [acid spatter] (NEWHP: 100)  (Caves (28, 108, 1))
[17:15:33]ATTACK: Mature Spitter (58) (nikigo) shot Kelvin Focell (sewa) with an acid spatter in Caves (<A HREF='?_src_=holder;adminplayerobservecoodjump=1;X=28;Y=108;Z=1'>JMP</a>)
[17:15:33]ATTACK: Sewa/(Kelvin Focell) has shot NIKIGO/(Mature Spitter (58)) with [smartgun bullet] (NEWHP: 153.371)  (Central W-Y Compound (28, 111, 1))
[17:15:33]ATTACK: Kelvin Focell (sewa) shot Mature Spitter (58) (nikigo) with a smartgun bullet in Central W-Y Compound (<A HREF='?_src_=holder;adminplayerobservecoodjump=1;X=28;Y=111;Z=1'>JMP</a>)
[17:15:34]ATTACK: Sewa/(Kelvin Focell) has shot NIKIGO/(Mature Spitter (58)) with [smartgun bullet] (NEWHP: 125.371)  (Central W-Y Compound (28, 111, 1))
[17:15:34]ATTACK: Kelvin Focell (sewa) shot Mature Spitter (58) (nikigo) with a smartgun bullet in Central W-Y Compound (<A HREF='?_src_=holder;adminplayerobservecoodjump=1;X=28;Y=111;Z=1'>JMP</a>)
[17:15:43]ATTACK: [UA 571-C sentry gun] has shot Wincant/(Young Lurker (284)) with [autocannon bullet] (NEWHP: 136.331)  (Central W-Y Compound (28, 147, 1))
[17:15:43]ATTACK: UA 571-C sentry gun shot Young Lurker (284) (wincant) with a the autocannon bullet (<A HREF='?_src_=holder;adminplayerobservecoodjump=1;X=28;Y=147;Z=1'>JMP</a>)
[17:15:46]ATTACK: Artyuom/(Johnny Vietnam) has fed Sewa/(Kelvin Focell) with [pill] Reagents: kelotane(15u) (NEWHP: 72.2)  (Central W-Y Compound (27, 112, 1))
[17:15:46]ATTACK: Johnny Vietnam (artyuom) fed Kelvin Focell (sewa) with pill Reagents: kelotane(15u) (INTENT: HELP) (<A HREF='?_src_=holder;adminplayerobservecoodjump=1;X=27;Y=112;Z=1'>JMP</a>)
[17:15:50]ATTACK: Artyuom/(Johnny Vietnam) has fed Sewa/(Kelvin Focell) with [pill] Reagents: tramadol(15u) (NEWHP: 72.2)  (Central W-Y Compound (27, 112, 1))
[17:15:50]ATTACK: Johnny Vietnam (artyuom) fed Kelvin Focell (sewa) with pill Reagents: tramadol(15u) (INTENT: HELP) (<A HREF='?_src_=holder;adminplayerobservecoodjump=1;X=27;Y=112;Z=1'>JMP</a>)
[17:15:59]ATTACK: Chaburek/(Haidee Baxter) has shot Wincant/(Young Lurker (284)) with [shotgun buckshot shell] (NEWHP: -28.4693)  (Central W-Y Compound (31, 150, 1))
[17:15:59]ATTACK: Haidee Baxter (chaburek) shot Young Lurker (284) (wincant) with a shotgun buckshot shell in Central W-Y Compound (<A HREF='?_src_=holder;adminplayerobservecoodjump=1;X=31;Y=150;Z=1'>JMP</a>)
[17:15:59]ATTACK: Sewa/(Kelvin Focell) has punched ZyberCpechnaz/(Darin Ybarra) (NEWHP: 100)  (Central W-Y Compound (27, 111, 1))
[17:15:59]ATTACK: Sewa/(Kelvin Focell) punched ZyberCpechnaz/(Darin Ybarra)
[17:16:02]ATTACK: Cremp/(Elder Runner (988)) has grabbed *no key*/(monkey (854)) (NEWHP: 100)  (Caves (74, 95, 1))
[17:16:02]ATTACK: Cremp/(Elder Runner (988)) схватил *no key*/(monkey (854))
[17:16:12]ATTACK: ZyberCpechnaz/(Darin Ybarra) has punched Chaburek/(Haidee Baxter) (NEWHP: 100)  (Central W-Y Compound (32, 135, 1))
[17:16:12]ATTACK: ZyberCpechnaz/(Darin Ybarra) punched Chaburek/(Haidee Baxter)
[17:16:15]ATTACK: GhostPokolenie/(Elder Queen) has grabbed NIKIGO/(Mature Spitter (58)) (NEWHP: 100.877)  (Caves (75, 98, 1))
[17:16:15]ATTACK: GhostPokolenie/(Elder Queen) схватил NIKIGO/(Mature Spitter (58))
[17:16:40]ATTACK: ZyberCpechnaz/(Darin Ybarra) has hit Sewa/(Kelvin Focell) with [motion detector] (thrown) (NEWHP: 100)  (Central W-Y Compound (32, 139, 1))
[17:16:40]ATTACK: Kelvin Focell (sewa) was hit by a the motion detector, thrown by Darin Ybarra (zybercpechnaz) (<A HREF='?_src_=holder;adminplayerobservecoodjump=1;X=32;Y=144;Z=1'>JMP</a>)
[17:16:43]ATTACK: Reno 'Slowflake' Flake (alex13t) primed M40 HIDP incendiary grenade (<A HREF='?_src_=holder;adminplayerobservecoodjump=1;X=35;Y=128;Z=1'>JMP</a>)
[17:16:43]ATTACK: ZyberCpechnaz/(Darin Ybarra) has hit Sewa/(Kelvin Focell) with [motion detector] (thrown) (NEWHP: 99.8)  (Central W-Y Compound (31, 147, 1))
[17:16:43]ATTACK: Kelvin Focell (sewa) was hit by a the motion detector, thrown by Darin Ybarra (zybercpechnaz) (<A HREF='?_src_=holder;adminplayerobservecoodjump=1;X=29;Y=147;Z=1'>JMP</a>)
[17:16:44]ATTACK: ZyberCpechnaz/(Darin Ybarra) has punched Sewa/(Kelvin Focell) (NEWHP: 99.8)  (Central W-Y Compound (29, 147, 1))
[17:16:44]ATTACK: ZyberCpechnaz/(Darin Ybarra) punched Sewa/(Kelvin Focell)
[17:17:07]ATTACK: ZyberCpechnaz/(Darin Ybarra) has punched Artyuom/(Johnny Vietnam) (NEWHP: 100)  (Central W-Y Compound (32, 137, 1))
[17:17:07]ATTACK: ZyberCpechnaz/(Darin Ybarra) punched Artyuom/(Johnny Vietnam)
[17:17:32]ATTACK: ZyberCpechnaz/(Darin Ybarra) has punched Artyuom/(Johnny Vietnam) (NEWHP: 97.6)  (Central W-Y Compound (33, 126, 1))
[17:17:32]ATTACK: ZyberCpechnaz/(Darin Ybarra) punched Artyuom/(Johnny Vietnam)
[17:17:33]ATTACK: ZyberCpechnaz/(Darin Ybarra) has punched Artyuom/(Johnny Vietnam) (NEWHP: 97.6)  (Central W-Y Compound (33, 126, 1))
[17:17:33]ATTACK: ZyberCpechnaz/(Darin Ybarra) punched Artyuom/(Johnny Vietnam)
[17:18:56]ATTACK: [M56D mounted smartgun] has shot GhostPokolenie/(Elder Queen) with [machinegun bullet] (NEWHP: 400)  (Central W-Y Compound (34, 128, 1))
[17:18:56]ATTACK: M56D mounted smartgun shot Elder Queen (ghostpokolenie) with a the machinegun bullet (<A HREF='?_src_=holder;adminplayerobservecoodjump=1;X=34;Y=128;Z=1'>JMP</a>)
[17:18:56]ATTACK: [M56D mounted smartgun] has shot GhostPokolenie/(Elder Queen) with [machinegun bullet] (NEWHP: 355.5)  (Central W-Y Compound (34, 128, 1))
[17:18:56]ATTACK: M56D mounted smartgun shot Elder Queen (ghostpokolenie) with a the machinegun bullet (<A HREF='?_src_=holder;adminplayerobservecoodjump=1;X=34;Y=128;Z=1'>JMP</a>)
[17:18:56]ATTACK: [M56D mounted smartgun] has shot GhostPokolenie/(Elder Queen) with [machinegun bullet] (NEWHP: 318)  (Central W-Y Compound (34, 128, 1))
[17:18:56]ATTACK: M56D mounted smartgun shot Elder Queen (ghostpokolenie) with a the machinegun bullet (<A HREF='?_src_=holder;adminplayerobservecoodjump=1;X=34;Y=128;Z=1'>JMP</a>)
[17:18:57]ATTACK: [M56D mounted smartgun] has shot GhostPokolenie/(Elder Queen) with [machinegun bullet] (NEWHP: 297.5)  (Central W-Y Compound (34, 128, 1))
[17:18:57]ATTACK: M56D mounted smartgun shot Elder Queen (ghostpokolenie) with a the machinegun bullet (<A HREF='?_src_=holder;adminplayerobservecoodjump=1;X=34;Y=128;Z=1'>JMP</a>)
[17:19:00]ATTACK: [M56D mounted smartgun] has shot NIKIGO/(Mature Spitter (58)) with [machinegun bullet] (NEWHP: 180)  (Central W-Y Compound (34, 128, 1))
[17:19:00]ATTACK: M56D mounted smartgun shot Mature Spitter (58) (nikigo) with a the machinegun bullet (<A HREF='?_src_=holder;adminplayerobservecoodjump=1;X=34;Y=128;Z=1'>JMP</a>)
[17:19:01]ATTACK: [M56D mounted smartgun] has shot NIKIGO/(Mature Spitter (58)) with [machinegun bullet] (NEWHP: 130)  (Central W-Y Compound (34, 128, 1))
[17:19:01]ATTACK: M56D mounted smartgun shot Mature Spitter (58) (nikigo) with a the machinegun bullet (<A HREF='?_src_=holder;adminplayerobservecoodjump=1;X=34;Y=128;Z=1'>JMP</a>)
[17:19:03]ATTACK: [M56D mounted smartgun] has shot NIKIGO/(Mature Spitter (58)) with [machinegun bullet] (NEWHP: 85)  (Central W-Y Compound (34, 128, 1))
[17:19:03]ATTACK: M56D mounted smartgun shot Mature Spitter (58) (nikigo) with a the machinegun bullet (<A HREF='?_src_=holder;adminplayerobservecoodjump=1;X=34;Y=128;Z=1'>JMP</a>)
[17:19:04]ATTACK: [M56D mounted smartgun] has shot NIKIGO/(Mature Spitter (58)) with [machinegun bullet] (NEWHP: 42)  (Central W-Y Compound (34, 128, 1))
[17:19:04]ATTACK: M56D mounted smartgun shot Mature Spitter (58) (nikigo) with a the machinegun bullet (<A HREF='?_src_=holder;adminplayerobservecoodjump=1;X=34;Y=128;Z=1'>JMP</a>)
[17:19:09]ATTACK: GhostPokolenie/(Elder Queen) has grabbed NIKIGO/(Mature Spitter (58)) (NEWHP: -7)  (Central W-Y Compound (45, 125, 1))
[17:19:09]ATTACK: GhostPokolenie/(Elder Queen) схватил NIKIGO/(Mature Spitter (58))
[17:19:36]ATTACK: [M56D mounted smartgun] has shot GhostPokolenie/(Elder Queen) with [machinegun bullet] (NEWHP: 280.56)  (Central W-Y Compound (34, 128, 1))
[17:19:36]ATTACK: M56D mounted smartgun shot Elder Queen (ghostpokolenie) with a the machinegun bullet (<A HREF='?_src_=holder;adminplayerobservecoodjump=1;X=34;Y=128;Z=1'>JMP</a>)
[17:19:37]ATTACK: [M56D mounted smartgun] has shot GhostPokolenie/(Elder Queen) with [machinegun bullet] (NEWHP: 242.06)  (Central W-Y Compound (34, 128, 1))
[17:19:37]ATTACK: M56D mounted smartgun shot Elder Queen (ghostpokolenie) with a the machinegun bullet (<A HREF='?_src_=holder;adminplayerobservecoodjump=1;X=34;Y=128;Z=1'>JMP</a>)
[17:19:44]ATTACK: [M56D mounted smartgun] has shot GhostPokolenie/(Elder Queen) with [machinegun bullet] (NEWHP: 228.62)  (Central W-Y Compound (34, 128, 1))
[17:19:44]ATTACK: M56D mounted smartgun shot Elder Queen (ghostpokolenie) with a the machinegun bullet (<A HREF='?_src_=holder;adminplayerobservecoodjump=1;X=34;Y=128;Z=1'>JMP</a>)
[17:19:44]ATTACK: [M56D mounted smartgun] has shot GhostPokolenie/(Elder Queen) with [machinegun bullet] (NEWHP: 187.62)  (Central W-Y Compound (34, 128, 1))
[17:19:44]ATTACK: M56D mounted smartgun shot Elder Queen (ghostpokolenie) with a the machinegun bullet (<A HREF='?_src_=holder;adminplayerobservecoodjump=1;X=34;Y=128;Z=1'>JMP</a>)
[17:19:44]ATTACK: [M56D mounted smartgun] has shot GhostPokolenie/(Elder Queen) with [machinegun bullet] (NEWHP: 147.12)  (Central W-Y Compound (34, 128, 1))
[17:19:44]ATTACK: M56D mounted smartgun shot Elder Queen (ghostpokolenie) with a the machinegun bullet (<A HREF='?_src_=holder;adminplayerobservecoodjump=1;X=34;Y=128;Z=1'>JMP</a>)
[17:19:54]ATTACK: [M56D mounted smartgun] has shot Cremp/(Elder Runner (988)) with [machinegun bullet] (NEWHP: 150)  (Central W-Y Compound (34, 128, 1))
[17:19:54]ATTACK: M56D mounted smartgun shot Elder Runner (988) (cremp) with a the machinegun bullet (<A HREF='?_src_=holder;adminplayerobservecoodjump=1;X=34;Y=128;Z=1'>JMP</a>)
[17:19:54]ATTACK: [M56D mounted smartgun] has shot Cremp/(Elder Runner (988)) with [machinegun bullet] (NEWHP: 109)  (Central W-Y Compound (34, 128, 1))
[17:19:54]ATTACK: M56D mounted smartgun shot Elder Runner (988) (cremp) with a the machinegun bullet (<A HREF='?_src_=holder;adminplayerobservecoodjump=1;X=34;Y=128;Z=1'>JMP</a>)
[17:19:55]ATTACK: Cremp/(Elder Runner (988)) has grabbed GhostPokolenie/(Elder Queen) (NEWHP: 194.885)  (Central W-Y Compound (44, 128, 1))
[17:19:55]ATTACK: Cremp/(Elder Runner (988)) схватил GhostPokolenie/(Elder Queen)
[17:19:55]ATTACK: [M56D mounted smartgun] has shot Danik_10p/(Mature Crusher (911)) with [machinegun bullet] (NEWHP: 325)  (Central W-Y Compound (34, 128, 1))
[17:19:55]ATTACK: M56D mounted smartgun shot Mature Crusher (911) (danik10p) with a the machinegun bullet (<A HREF='?_src_=holder;adminplayerobservecoodjump=1;X=34;Y=128;Z=1'>JMP</a>)
[17:19:55]ATTACK: [M56D mounted smartgun] has shot Danik_10p/(Mature Crusher (911)) with [machinegun bullet] (NEWHP: 286)  (Central W-Y Compound (34, 128, 1))
[17:19:55]ATTACK: M56D mounted smartgun shot Mature Crusher (911) (danik10p) with a the machinegun bullet (<A HREF='?_src_=holder;adminplayerobservecoodjump=1;X=34;Y=128;Z=1'>JMP</a>)
[17:19:55]ATTACK: [M56D mounted smartgun] has shot Danik_10p/(Mature Crusher (911)) with [machinegun bullet] (NEWHP: 237)  (Central W-Y Compound (34, 128, 1))
[17:19:55]ATTACK: M56D mounted smartgun shot Mature Crusher (911) (danik10p) with a the machinegun bullet (<A HREF='?_src_=holder;adminplayerobservecoodjump=1;X=34;Y=128;Z=1'>JMP</a>)
[17:19:56]ATTACK: [M56D mounted smartgun] has shot Danik_10p/(Mature Crusher (911)) with [machinegun bullet] (NEWHP: 195.5)  (Central W-Y Compound (34, 128, 1))
[17:19:56]ATTACK: M56D mounted smartgun shot Mature Crusher (911) (danik10p) with a the machinegun bullet (<A HREF='?_src_=holder;adminplayerobservecoodjump=1;X=34;Y=128;Z=1'>JMP</a>)
[17:20:00]ATTACK: Haidee Baxter (chaburek) primed M40 HIDP incendiary grenade (<A HREF='?_src_=holder;adminplayerobservecoodjump=1;X=33;Y=128;Z=1'>JMP</a>)
[17:20:46]ATTACK: [M56D mounted smartgun] has shot Cremp/(Elder Runner (988)) with [machinegun bullet] (NEWHP: -22.74)  (Central W-Y Compound (34, 128, 1))
[17:20:46]ATTACK: M56D mounted smartgun shot Elder Runner (988) (cremp) with a the machinegun bullet (<A HREF='?_src_=holder;adminplayerobservecoodjump=1;X=34;Y=128;Z=1'>JMP</a>)
[17:20:46]ATTACK: [M56D mounted smartgun] has shot Cremp/(Elder Runner (988)) with [machinegun bullet] (NEWHP: -72.74)  (Central W-Y Compound (34, 128, 1))
[17:20:46]ATTACK: M56D mounted smartgun shot Elder Runner (988) (cremp) with a the machinegun bullet (<A HREF='?_src_=holder;adminplayerobservecoodjump=1;X=34;Y=128;Z=1'>JMP</a>)
[17:20:46]ATTACK: [M56D mounted smartgun] has shot Cremp/(Elder Runner (988)) with [machinegun bullet] (NEWHP: -121.74)  (Central W-Y Compound (34, 128, 1))
[17:20:46]ATTACK: M56D mounted smartgun shot Elder Runner (988) (cremp) with a the machinegun bullet (<A HREF='?_src_=holder;adminplayerobservecoodjump=1;X=34;Y=128;Z=1'>JMP</a>)
[17:20:47]ATTACK: [M56D mounted smartgun] has shot Cremp/(Elder Runner (988)) with [machinegun bullet] (NEWHP: -121.74)  (Central W-Y Compound (34, 128, 1))
[17:20:47]ATTACK: M56D mounted smartgun shot Elder Runner (988) (cremp) with a the machinegun bullet (<A HREF='?_src_=holder;adminplayerobservecoodjump=1;X=34;Y=128;Z=1'>JMP</a>)
[17:20:47]ATTACK: [M56D mounted smartgun] has shot Cremp/(Elder Runner (988)) with [machinegun bullet] (NEWHP: -121.74)  (Central W-Y Compound (34, 128, 1))
[17:20:47]ATTACK: M56D mounted smartgun shot Elder Runner (988) (cremp) with a the machinegun bullet (<A HREF='?_src_=holder;adminplayerobservecoodjump=1;X=34;Y=128;Z=1'>JMP</a>)
[17:20:47]ATTACK: [M56D mounted smartgun] has shot Cremp/(Elder Runner (988)) with [machinegun bullet] (NEWHP: -121.74)  (Central W-Y Compound (34, 128, 1))
[17:20:47]ATTACK: M56D mounted smartgun shot Elder Runner (988) (cremp) with a the machinegun bullet (<A HREF='?_src_=holder;adminplayerobservecoodjump=1;X=34;Y=128;Z=1'>JMP</a>)
[17:20:49]ATTACK: [M56D mounted smartgun] has shot Danik_10p/(Mature Crusher (911)) with [machinegun bullet] (NEWHP: 184.637)  (Central W-Y Compound (34, 128, 1))
[17:20:49]ATTACK: M56D mounted smartgun shot Mature Crusher (911) (danik10p) with a the machinegun bullet (<A HREF='?_src_=holder;adminplayerobservecoodjump=1;X=34;Y=128;Z=1'>JMP</a>)
[17:21:03]ATTACK: NIKIGO/(Mature Spitter (58)) has spat on [flare] with corrosive acid (Central W-Y Compound (41, 128, 1))
[17:21:03]ATTACK: Mature Spitter (58) (nikigo) spat acid on the flare.
[17:21:06]ATTACK: NIKIGO/(Mature Spitter (58)) has spat on [flare] with corrosive acid (Central W-Y Compound (41, 127, 1))
[17:21:06]ATTACK: Mature Spitter (58) (nikigo) spat acid on the flare.
[17:21:06]ATTACK: NIKIGO/(Mature Spitter (58)) has spat on [flare] with corrosive acid (Central W-Y Compound (41, 127, 1))
[17:21:06]ATTACK: Mature Spitter (58) (nikigo) spat acid on the flare.
[17:21:11]ATTACK: NIKIGO/(Mature Spitter (58)) has spat on [flare] with corrosive acid (Central W-Y Compound (41, 130, 1))
[17:21:11]ATTACK: Mature Spitter (58) (nikigo) spat acid on the flare.
[17:21:25]ATTACK: NIKIGO/(Mature Spitter (58)) has spat on [plasteel barricade] with corrosive acid (Central W-Y Compound (35, 129, 1))
[17:21:25]ATTACK: Mature Spitter (58) (nikigo) spat acid on the plasteel barricade.
[17:21:25]ATTACK: NIKIGO/(Mature Spitter (58)) has spat on [metal barricade] with corrosive acid (Central W-Y Compound (35, 129, 1))
[17:21:25]ATTACK: Mature Spitter (58) (nikigo) spat acid on the metal barricade.
[17:21:25]ATTACK: NIKIGO/(Mature Spitter (58)) has spat on [metal barricade] with corrosive acid (Central W-Y Compound (35, 129, 1))
[17:21:25]ATTACK: Mature Spitter (58) (nikigo) spat acid on the metal barricade.
[17:21:26]ATTACK: NIKIGO/(Mature Spitter (58)) has spat on [metal barricade] with corrosive acid (Central W-Y Compound (35, 129, 1))
[17:21:26]ATTACK: Mature Spitter (58) (nikigo) spat acid on the metal barricade.
[17:23:15]ATTACK: NIKIGO/(Elder Spitter (58)) has spat on [metal barricade] with corrosive acid (Central W-Y Compound (27, 150, 1))
[17:23:15]ATTACK: Elder Spitter (58) (nikigo) spat acid on the metal barricade.
[17:23:16]ATTACK: NIKIGO/(Elder Spitter (58)) has spat on [plasteel barricade] with corrosive acid (Central W-Y Compound (27, 150, 1))
[17:23:16]ATTACK: Elder Spitter (58) (nikigo) spat acid on the plasteel barricade.
[17:23:16]ATTACK: NIKIGO/(Elder Spitter (58)) has spat on [metal barricade] with corrosive acid (Central W-Y Compound (27, 150, 1))
[17:23:16]ATTACK: Elder Spitter (58) (nikigo) spat acid on the metal barricade.
[17:23:18]ATTACK: NIKIGO/(Elder Spitter (58)) has spat on [plasteel barricade] with corrosive acid (Central W-Y Compound (27, 150, 1))
[17:23:18]ATTACK: Elder Spitter (58) (nikigo) spat acid on the plasteel barricade.
[17:23:21]ATTACK: ZyberCpechnaz/(Darin Ybarra) has grabbed Bobadoba/(Parker De La Rosa) (NEWHP: 100)  (Dropship Alamo Transit (70, 34, 4))
[17:23:21]ATTACK: ZyberCpechnaz/(Darin Ybarra) схватил Bobadoba/(Parker De La Rosa)
[17:23:28]ATTACK: NIKIGO/(Elder Spitter (58)) has spat on [plasteel barricade] with corrosive acid (Central W-Y Compound (27, 150, 1))
[17:23:28]ATTACK: Elder Spitter (58) (nikigo) spat acid on the plasteel barricade.
[17:23:28]ATTACK: NIKIGO/(Elder Spitter (58)) has spat on [plasteel barricade] with corrosive acid (Central W-Y Compound (27, 150, 1))
[17:23:28]ATTACK: Elder Spitter (58) (nikigo) spat acid on the plasteel barricade.
[17:23:29]ATTACK: GhostPokolenie/(Elder Queen) has spat on [motion detector] with corrosive acid (Central W-Y Compound (33, 126, 1))
[17:23:29]ATTACK: Elder Queen (ghostpokolenie) spat acid on the motion detector.
[17:23:50]ATTACK: ZyberCpechnaz/(Darin Ybarra) has grabbed Bobadoba/(Parker De La Rosa) (NEWHP: 100)  (Dropship Alamo Transit (69, 35, 4))
[17:23:50]ATTACK: ZyberCpechnaz/(Darin Ybarra) схватил Bobadoba/(Parker De La Rosa)
[17:24:11]ATTACK: *no key*/(Haidee Baxter) has gibbed GhostPokolenie/(Elder Queen) (NEWHP: 400)  (Central W-Y Compound (33, 125, 1))
[17:24:41]ATTACK: ZyberCpechnaz/(Darin Ybarra) has shot NIKIGO/(Elder Spitter (58)) with [rifle bullet] (NEWHP: 200)  (Central W-Y Compound (32, 130, 1))
[17:24:41]ATTACK: Darin Ybarra (zybercpechnaz) shot Elder Spitter (58) (nikigo) with a rifle bullet in Central W-Y Compound (<A HREF='?_src_=holder;adminplayerobservecoodjump=1;X=32;Y=130;Z=1'>JMP</a>)
[17:24:41]ATTACK: ZyberCpechnaz/(Darin Ybarra) has shot NIKIGO/(Elder Spitter (58)) with [rifle bullet] (NEWHP: 143)  (Central W-Y Compound (32, 130, 1))
[17:24:41]ATTACK: Darin Ybarra (zybercpechnaz) shot Elder Spitter (58) (nikigo) with a rifle bullet in Central W-Y Compound (<A HREF='?_src_=holder;adminplayerobservecoodjump=1;X=32;Y=130;Z=1'>JMP</a>)
[17:24:41]ATTACK: ZyberCpechnaz/(Darin Ybarra) has shot NIKIGO/(Elder Spitter (58)) with [rifle bullet] (NEWHP: 94)  (Central W-Y Compound (32, 130, 1))
[17:24:41]ATTACK: Darin Ybarra (zybercpechnaz) shot Elder Spitter (58) (nikigo) with a rifle bullet in Central W-Y Compound (<A HREF='?_src_=holder;adminplayerobservecoodjump=1;X=32;Y=130;Z=1'>JMP</a>)
[17:24:41]ATTACK: ZyberCpechnaz/(Darin Ybarra) has shot NIKIGO/(Elder Spitter (58)) with [rifle bullet] (NEWHP: 47)  (Central W-Y Compound (32, 130, 1))
[17:24:41]ATTACK: Darin Ybarra (zybercpechnaz) shot Elder Spitter (58) (nikigo) with a rifle bullet in Central W-Y Compound (<A HREF='?_src_=holder;adminplayerobservecoodjump=1;X=32;Y=130;Z=1'>JMP</a>)
[17:24:44]ATTACK: ZyberCpechnaz/(Darin Ybarra) has shot GhostPokolenie/(Elder Queen) with [rifle bullet] (NEWHP: 400)  (Central W-Y Compound (32, 128, 1))
[17:24:44]ATTACK: Darin Ybarra (zybercpechnaz) shot Elder Queen (ghostpokolenie) with a rifle bullet in Central W-Y Compound (<A HREF='?_src_=holder;adminplayerobservecoodjump=1;X=32;Y=128;Z=1'>JMP</a>)
[17:24:46]ATTACK: Artyuom/(Johnny Vietnam) has shot GhostPokolenie/(Elder Queen) with [additional flechette] (NEWHP: 359.765)  (Central W-Y Compound (35, 129, 1))
[17:24:46]ATTACK: Johnny Vietnam (artyuom) shot Elder Queen (ghostpokolenie) with an additional flechette in Central W-Y Compound (<A HREF='?_src_=holder;adminplayerobservecoodjump=1;X=35;Y=129;Z=1'>JMP</a>)
[17:24:46]ATTACK: Artyuom/(Johnny Vietnam) has shot GhostPokolenie/(Elder Queen) with [additional flechette] (NEWHP: 338.565)  (Central W-Y Compound (35, 129, 1))
[17:24:46]ATTACK: Johnny Vietnam (artyuom) shot Elder Queen (ghostpokolenie) with an additional flechette in Central W-Y Compound (<A HREF='?_src_=holder;adminplayerobservecoodjump=1;X=35;Y=129;Z=1'>JMP</a>)
[17:24:46]ATTACK: Artyuom/(Johnny Vietnam) has shot GhostPokolenie/(Elder Queen) with [shotgun flechette shell] (NEWHP: 317.365)  (Central W-Y Compound (35, 129, 1))
[17:24:46]ATTACK: Johnny Vietnam (artyuom) shot Elder Queen (ghostpokolenie) with a shotgun flechette shell in Central W-Y Compound (<A HREF='?_src_=holder;adminplayerobservecoodjump=1;X=35;Y=129;Z=1'>JMP</a>)
[17:24:46]ATTACK: Artyuom/(Johnny Vietnam) has shot GhostPokolenie/(Elder Queen) with [additional flechette] (NEWHP: 277.13)  (Central W-Y Compound (35, 127, 1))
[17:24:46]ATTACK: Johnny Vietnam (artyuom) shot Elder Queen (ghostpokolenie) with an additional flechette in Central W-Y Compound (<A HREF='?_src_=holder;adminplayerobservecoodjump=1;X=35;Y=127;Z=1'>JMP</a>)
[17:24:46]ATTACK: Artyuom/(Johnny Vietnam) has shot GhostPokolenie/(Elder Queen) with [shotgun flechette shell] (NEWHP: 249.53)  (Central W-Y Compound (35, 127, 1))
[17:24:46]ATTACK: Johnny Vietnam (artyuom) shot Elder Queen (ghostpokolenie) with a shotgun flechette shell in Central W-Y Compound (<A HREF='?_src_=holder;adminplayerobservecoodjump=1;X=35;Y=127;Z=1'>JMP</a>)
[17:24:48]ATTACK: Artyuom/(Johnny Vietnam) has shot GhostPokolenie/(Elder Queen) with [additional flechette] (NEWHP: 197.53)  (Central W-Y Compound (35, 128, 1))
[17:24:48]ATTACK: Johnny Vietnam (artyuom) shot Elder Queen (ghostpokolenie) with an additional flechette in Central W-Y Compound (<A HREF='?_src_=holder;adminplayerobservecoodjump=1;X=35;Y=128;Z=1'>JMP</a>)
[17:24:48]ATTACK: Artyuom/(Johnny Vietnam) has shot GhostPokolenie/(Elder Queen) with [additional flechette] (NEWHP: 168.03)  (Central W-Y Compound (35, 128, 1))
[17:24:48]ATTACK: Johnny Vietnam (artyuom) shot Elder Queen (ghostpokolenie) with an additional flechette in Central W-Y Compound (<A HREF='?_src_=holder;adminplayerobservecoodjump=1;X=35;Y=128;Z=1'>JMP</a>)
[17:24:48]ATTACK: Artyuom/(Johnny Vietnam) has shot GhostPokolenie/(Elder Queen) with [shotgun flechette shell] (NEWHP: 138.83)  (Central W-Y Compound (35, 128, 1))
[17:24:48]ATTACK: Johnny Vietnam (artyuom) shot Elder Queen (ghostpokolenie) with a shotgun flechette shell in Central W-Y Compound (<A HREF='?_src_=holder;adminplayerobservecoodjump=1;X=35;Y=128;Z=1'>JMP</a>)
[17:24:49]ATTACK: Artyuom/(Johnny Vietnam) has shot GhostPokolenie/(Elder Queen) with [additional flechette] (NEWHP: 93.595)  (Central W-Y Compound (35, 129, 1))
[17:24:49]ATTACK: Johnny Vietnam (artyuom) shot Elder Queen (ghostpokolenie) with an additional flechette in Central W-Y Compound (<A HREF='?_src_=holder;adminplayerobservecoodjump=1;X=35;Y=129;Z=1'>JMP</a>)
[17:24:49]ATTACK: Artyuom/(Johnny Vietnam) has shot GhostPokolenie/(Elder Queen) with [additional flechette] (NEWHP: 66.295)  (Central W-Y Compound (35, 129, 1))
[17:24:49]ATTACK: Johnny Vietnam (artyuom) shot Elder Queen (ghostpokolenie) with an additional flechette in Central W-Y Compound (<A HREF='?_src_=holder;adminplayerobservecoodjump=1;X=35;Y=129;Z=1'>JMP</a>)
[17:24:49]ATTACK: Artyuom/(Johnny Vietnam) has shot GhostPokolenie/(Elder Queen) with [shotgun flechette shell] (NEWHP: 37.795)  (Central W-Y Compound (35, 129, 1))
[17:24:49]ATTACK: Johnny Vietnam (artyuom) shot Elder Queen (ghostpokolenie) with a shotgun flechette shell in Central W-Y Compound (<A HREF='?_src_=holder;adminplayerobservecoodjump=1;X=35;Y=129;Z=1'>JMP</a>)
[17:24:50]ATTACK: ZyberCpechnaz/(Darin Ybarra) has shot Artyuom/(Johnny Vietnam) with [rifle bullet] (NEWHP: 100)  (Central W-Y Compound (32, 122, 1))
[17:24:50]ATTACK: Darin Ybarra (zybercpechnaz) shot Johnny Vietnam (artyuom) with a rifle bullet in Central W-Y Compound (<A HREF='?_src_=holder;adminplayerobservecoodjump=1;X=32;Y=122;Z=1'>JMP</a>) (<a href='?priv_msg=[0x5000001]'>PM</a>)
[17:24:50]ATTACK: ZyberCpechnaz/(Darin Ybarra) has shot Artyuom/(Johnny Vietnam) with [rifle bullet] (NEWHP: 53)  (Central W-Y Compound (32, 122, 1))
[17:24:50]ATTACK: Darin Ybarra (zybercpechnaz) shot Johnny Vietnam (artyuom) with a rifle bullet in Central W-Y Compound (<A HREF='?_src_=holder;adminplayerobservecoodjump=1;X=32;Y=122;Z=1'>JMP</a>) (<a href='?priv_msg=[0x5000001]'>PM</a>)
[17:24:51]ATTACK: Artyuom/(Johnny Vietnam) has shot Danik_10p/(Mature Crusher (911)) with [additional flechette] (NEWHP: 325)  (Central W-Y Compound (35, 129, 1))
[17:24:51]ATTACK: Johnny Vietnam (artyuom) shot Mature Crusher (911) (danik10p) with an additional flechette in Central W-Y Compound (<A HREF='?_src_=holder;adminplayerobservecoodjump=1;X=35;Y=129;Z=1'>JMP</a>)
[17:24:51]ATTACK: Artyuom/(Johnny Vietnam) has shot Danik_10p/(Mature Crusher (911)) with [additional flechette] (NEWHP: 307.2)  (Central W-Y Compound (35, 129, 1))
[17:24:51]ATTACK: Johnny Vietnam (artyuom) shot Mature Crusher (911) (danik10p) with an additional flechette in Central W-Y Compound (<A HREF='?_src_=holder;adminplayerobservecoodjump=1;X=35;Y=129;Z=1'>JMP</a>)
[17:24:51]ATTACK: Bobadoba/(Parker De La Rosa) has shot Danik_10p/(Mature Crusher (911)) with [smartpistol bullet] (NEWHP: 288.8)  (Dropship Alamo (29, 137, 1))
[17:24:51]ATTACK: Parker De La Rosa (bobadoba) shot Mature Crusher (911) (danik10p) with a smartpistol bullet in Dropship Alamo (<A HREF='?_src_=holder;adminplayerobservecoodjump=1;X=29;Y=137;Z=1'>JMP</a>)
[17:24:54]ATTACK: Danik_10p/(Mature Crusher (911)) has grabbed GhostPokolenie/(Elder Queen) (NEWHP: -7.38925)  (Central W-Y Compound (34, 137, 1))
[17:24:54]ATTACK: Danik_10p/(Mature Crusher (911)) схватил GhostPokolenie/(Elder Queen)
[17:24:55]ATTACK: Bobadoba/(Parker De La Rosa) has shot Danik_10p/(Mature Crusher (911)) with [smartpistol bullet] (NEWHP: 292.194)  (Dropship Alamo (29, 137, 1))
[17:24:55]ATTACK: Parker De La Rosa (bobadoba) shot Mature Crusher (911) (danik10p) with a smartpistol bullet in Dropship Alamo (<A HREF='?_src_=holder;adminplayerobservecoodjump=1;X=29;Y=137;Z=1'>JMP</a>)
[17:24:56]ATTACK: Bobadoba/(Parker De La Rosa) has shot Danik_10p/(Mature Crusher (911)) with [smartpistol bullet] (NEWHP: 292.194)  (Alamo Landing Zone (30, 137, 1))
[17:24:56]ATTACK: Parker De La Rosa (bobadoba) shot Mature Crusher (911) (danik10p) with a smartpistol bullet in Alamo Landing Zone (<A HREF='?_src_=holder;adminplayerobservecoodjump=1;X=30;Y=137;Z=1'>JMP</a>)
[17:24:57]ATTACK: Bobadoba/(Parker De La Rosa) has shot GhostPokolenie/(Elder Queen) with [smartpistol bullet] (NEWHP: -3.28781)  (Central W-Y Compound (31, 137, 1))
[17:24:57]ATTACK: Parker De La Rosa (bobadoba) shot Elder Queen (ghostpokolenie) with a smartpistol bullet in Central W-Y Compound (<A HREF='?_src_=holder;adminplayerobservecoodjump=1;X=31;Y=137;Z=1'>JMP</a>)
[17:24:58]ATTACK: Bobadoba/(Parker De La Rosa) has shot Danik_10p/(Mature Crusher (911)) with [smartpistol bullet] (NEWHP: 289.891)  (Central W-Y Compound (32, 137, 1))
[17:24:58]ATTACK: Parker De La Rosa (bobadoba) shot Mature Crusher (911) (danik10p) with a smartpistol bullet in Central W-Y Compound (<A HREF='?_src_=holder;adminplayerobservecoodjump=1;X=32;Y=137;Z=1'>JMP</a>)
[17:24:59]ATTACK: Bobadoba/(Parker De La Rosa) has shot GhostPokolenie/(Elder Queen) with [smartpistol bullet] (NEWHP: -1.23709)  (Central W-Y Compound (34, 137, 1))
[17:24:59]ATTACK: Parker De La Rosa (bobadoba) shot Elder Queen (ghostpokolenie) with a smartpistol bullet in Central W-Y Compound (<A HREF='?_src_=holder;adminplayerobservecoodjump=1;X=34;Y=137;Z=1'>JMP</a>)
[17:25:00]ATTACK: Sewa/(Kelvin Focell) has shot Danik_10p/(Mature Crusher (911)) with [smartgun bullet] (NEWHP: 291.589)  (Central W-Y Compound (31, 137, 1))
[17:25:00]ATTACK: Kelvin Focell (sewa) shot Mature Crusher (911) (danik10p) with a smartgun bullet in Central W-Y Compound (<A HREF='?_src_=holder;adminplayerobservecoodjump=1;X=31;Y=137;Z=1'>JMP</a>)
[17:25:00]ATTACK: Sewa/(Kelvin Focell) has shot Danik_10p/(Mature Crusher (911)) with [smartgun bullet] (NEWHP: 280.589)  (Central W-Y Compound (31, 137, 1))
[17:25:00]ATTACK: Kelvin Focell (sewa) shot Mature Crusher (911) (danik10p) with a smartgun bullet in Central W-Y Compound (<A HREF='?_src_=holder;adminplayerobservecoodjump=1;X=31;Y=137;Z=1'>JMP</a>)
[17:25:01]ATTACK: Sewa/(Kelvin Focell) has shot Danik_10p/(Mature Crusher (911)) with [smartgun bullet] (NEWHP: 269.589)  (Central W-Y Compound (31, 137, 1))
[17:25:01]ATTACK: Kelvin Focell (sewa) shot Mature Crusher (911) (danik10p) with a smartgun bullet in Central W-Y Compound (<A HREF='?_src_=holder;adminplayerobservecoodjump=1;X=31;Y=137;Z=1'>JMP</a>)
[17:25:01]ATTACK: Sewa/(Kelvin Focell) has shot Danik_10p/(Mature Crusher (911)) with [smartgun bullet] (NEWHP: 269.589)  (Central W-Y Compound (31, 137, 1))
[17:25:01]ATTACK: Kelvin Focell (sewa) shot Mature Crusher (911) (danik10p) with a smartgun bullet in Central W-Y Compound (<A HREF='?_src_=holder;adminplayerobservecoodjump=1;X=31;Y=137;Z=1'>JMP</a>)
[17:25:01]ATTACK: Sewa/(Kelvin Focell) has shot Danik_10p/(Mature Crusher (911)) with [smartgun bullet] (NEWHP: 259.589)  (Central W-Y Compound (31, 137, 1))
[17:25:01]ATTACK: Kelvin Focell (sewa) shot Mature Crusher (911) (danik10p) with a smartgun bullet in Central W-Y Compound (<A HREF='?_src_=holder;adminplayerobservecoodjump=1;X=31;Y=137;Z=1'>JMP</a>)
[17:25:02]ATTACK: Bobadoba/(Parker De La Rosa) has shot Danik_10p/(Mature Crusher (911)) with [smartpistol bullet] (NEWHP: 232.286)  (Central W-Y Compound (34, 137, 1))
[17:25:02]ATTACK: Parker De La Rosa (bobadoba) shot Mature Crusher (911) (danik10p) with a smartpistol bullet in Central W-Y Compound (<A HREF='?_src_=holder;adminplayerobservecoodjump=1;X=34;Y=137;Z=1'>JMP</a>)
[17:25:02]ATTACK: Sewa/(Kelvin Focell) has shot Danik_10p/(Mature Crusher (911)) with [smartgun bullet] (NEWHP: 232.286)  (Central W-Y Compound (31, 138, 1))
[17:25:02]ATTACK: Kelvin Focell (sewa) shot Mature Crusher (911) (danik10p) with a smartgun bullet in Central W-Y Compound (<A HREF='?_src_=holder;adminplayerobservecoodjump=1;X=31;Y=138;Z=1'>JMP</a>)
[17:25:02]ATTACK: Sewa/(Kelvin Focell) has shot Danik_10p/(Mature Crusher (911)) with [smartgun bullet] (NEWHP: 220.286)  (Central W-Y Compound (31, 138, 1))
[17:25:02]ATTACK: Kelvin Focell (sewa) shot Mature Crusher (911) (danik10p) with a smartgun bullet in Central W-Y Compound (<A HREF='?_src_=holder;adminplayerobservecoodjump=1;X=31;Y=138;Z=1'>JMP</a>)
[17:25:03]ATTACK: Sewa/(Kelvin Focell) has shot Danik_10p/(Mature Crusher (911)) with [smartgun bullet] (NEWHP: 208.286)  (Central W-Y Compound (31, 139, 1))
[17:25:03]ATTACK: Kelvin Focell (sewa) shot Mature Crusher (911) (danik10p) with a smartgun bullet in Central W-Y Compound (<A HREF='?_src_=holder;adminplayerobservecoodjump=1;X=31;Y=139;Z=1'>JMP</a>)
[17:25:04]ATTACK: Sewa/(Kelvin Focell) has shot Danik_10p/(Mature Crusher (911)) with [smartgun bullet] (NEWHP: 202.983)  (Central W-Y Compound (31, 140, 1))
[17:25:04]ATTACK: Kelvin Focell (sewa) shot Mature Crusher (911) (danik10p) with a smartgun bullet in Central W-Y Compound (<A HREF='?_src_=holder;adminplayerobservecoodjump=1;X=31;Y=140;Z=1'>JMP</a>)
[17:25:04]ATTACK: Sewa/(Kelvin Focell) has shot Danik_10p/(Mature Crusher (911)) with [smartgun bullet] (NEWHP: 198.983)  (Central W-Y Compound (31, 140, 1))
[17:25:04]ATTACK: Kelvin Focell (sewa) shot Mature Crusher (911) (danik10p) with a smartgun bullet in Central W-Y Compound (<A HREF='?_src_=holder;adminplayerobservecoodjump=1;X=31;Y=140;Z=1'>JMP</a>)
[17:25:04]ATTACK: Sewa/(Kelvin Focell) has shot Danik_10p/(Mature Crusher (911)) with [smartgun bullet] (NEWHP: 186.983)  (Central W-Y Compound (31, 140, 1))
[17:25:04]ATTACK: Kelvin Focell (sewa) shot Mature Crusher (911) (danik10p) with a smartgun bullet in Central W-Y Compound (<A HREF='?_src_=holder;adminplayerobservecoodjump=1;X=31;Y=140;Z=1'>JMP</a>)
[17:25:04]ATTACK: Bobadoba/(Parker De La Rosa) has shot GhostPokolenie/(Elder Queen) with [smartpistol bullet] (NEWHP: 2.86435)  (Central W-Y Compound (34, 140, 1))
[17:25:04]ATTACK: Parker De La Rosa (bobadoba) shot Elder Queen (ghostpokolenie) with a smartpistol bullet in Central W-Y Compound (<A HREF='?_src_=holder;adminplayerobservecoodjump=1;X=34;Y=140;Z=1'>JMP</a>)
[17:25:07]ATTACK: ZyberCpechnaz/(Darin Ybarra) has shot Bobadoba/(Parker De La Rosa) with [rifle bullet] (NEWHP: 100)  (Dropship Alamo (26, 135, 1))
[17:25:07]ATTACK: Darin Ybarra (zybercpechnaz) shot Parker De La Rosa (bobadoba) with a rifle bullet in Dropship Alamo (<A HREF='?_src_=holder;adminplayerobservecoodjump=1;X=26;Y=135;Z=1'>JMP</a>) (<a href='?priv_msg=[0x5000001]'>PM</a>)
[17:25:07]ATTACK: Sewa/(Kelvin Focell) has shot GhostPokolenie/(Elder Queen) with [smartgun bullet] (NEWHP: 16.3944)  (Central W-Y Compound (31, 140, 1))
[17:25:07]ATTACK: Kelvin Focell (sewa) shot Elder Queen (ghostpokolenie) with a smartgun bullet in Central W-Y Compound (<A HREF='?_src_=holder;adminplayerobservecoodjump=1;X=31;Y=140;Z=1'>JMP</a>)
[17:25:08]ATTACK: Sewa/(Kelvin Focell) has shot GhostPokolenie/(Elder Queen) with [smartgun bullet] (NEWHP: -3.60562)  (Central W-Y Compound (31, 140, 1))
[17:25:08]ATTACK: Kelvin Focell (sewa) shot Elder Queen (ghostpokolenie) with a smartgun bullet in Central W-Y Compound (<A HREF='?_src_=holder;adminplayerobservecoodjump=1;X=31;Y=140;Z=1'>JMP</a>)
[17:25:08]ATTACK: Bobadoba/(Parker De La Rosa) has shot Danik_10p/(Mature Crusher (911)) with [smartpistol bullet] (NEWHP: 193.038)  (Central W-Y Compound (34, 139, 1))
[17:25:08]ATTACK: Parker De La Rosa (bobadoba) shot Mature Crusher (911) (danik10p) with a smartpistol bullet in Central W-Y Compound (<A HREF='?_src_=holder;adminplayerobservecoodjump=1;X=34;Y=139;Z=1'>JMP</a>)
[17:25:08]ATTACK: Artyuom/(Johnny Vietnam) has injected Artyuom/(Johnny Vietnam) with [Quick Clot autoinjector] Reagents: Quick Clot (NEWHP: 7)  (Central W-Y Compound (28, 121, 1))
[17:25:08]ATTACK: Johnny Vietnam (artyuom) injected Johnny Vietnam (Artyuom) with Quick Clot autoinjector. Reagents: Quick Clot (INTENT: HELP) (<A HREF='?_src_=holder;adminplayerobservecoodjump=1;X=28;Y=121;Z=1'>JMP</a>)
[17:25:11]ATTACK: ZyberCpechnaz/(Darin Ybarra) has shot NIKIGO/(Elder Spitter (58)) with [rifle bullet] (NEWHP: 66.1136)  (Dropship Alamo (29, 136, 1))
[17:25:11]ATTACK: Darin Ybarra (zybercpechnaz) shot Elder Spitter (58) (nikigo) with a rifle bullet in Dropship Alamo (<A HREF='?_src_=holder;adminplayerobservecoodjump=1;X=29;Y=136;Z=1'>JMP</a>)
[17:25:12]ATTACK: ZyberCpechnaz/(Darin Ybarra) has shot NIKIGO/(Elder Spitter (58)) with [rifle bullet] (NEWHP: 10.1136)  (Dropship Alamo (29, 136, 1))
[17:25:12]ATTACK: Darin Ybarra (zybercpechnaz) shot Elder Spitter (58) (nikigo) with a rifle bullet in Dropship Alamo (<A HREF='?_src_=holder;adminplayerobservecoodjump=1;X=29;Y=136;Z=1'>JMP</a>)
[17:25:12]ATTACK: ZyberCpechnaz/(Darin Ybarra) has shot NIKIGO/(Elder Spitter (58)) with [rifle bullet] (NEWHP: -41.8864)  (Dropship Alamo (29, 136, 1))
[17:25:12]ATTACK: Darin Ybarra (zybercpechnaz) shot Elder Spitter (58) (nikigo) with a rifle bullet in Dropship Alamo (<A HREF='?_src_=holder;adminplayerobservecoodjump=1;X=29;Y=136;Z=1'>JMP</a>)
[17:25:13]ATTACK: NIKIGO/(Elder Spitter (58)) has slashed Sewa/(Kelvin Focell) (NEWHP: 100)  (Central W-Y Compound (32, 141, 1))
[17:25:15]ATTACK: Danik_10p/(Mature Crusher (911)) has xeno stomped Sewa/(Kelvin Focell) (NEWHP: 44)  (Central W-Y Compound (31, 140, 1))
[17:25:15]ATTACK: ZyberCpechnaz/(Darin Ybarra) has shot NIKIGO/(Elder Spitter (58)) with [rifle bullet] (NEWHP: -98.7786)  (Alamo Landing Zone (30, 137, 1))
[17:25:15]ATTACK: Darin Ybarra (zybercpechnaz) shot Elder Spitter (58) (nikigo) with a rifle bullet in Alamo Landing Zone (<A HREF='?_src_=holder;adminplayerobservecoodjump=1;X=30;Y=137;Z=1'>JMP</a>)
[17:25:15]ATTACK: ZyberCpechnaz/(Darin Ybarra) has shot NIKIGO/(Elder Spitter (58)) with [rifle bullet] (NEWHP: -152.779)  (Alamo Landing Zone (30, 137, 1))
[17:25:15]ATTACK: Darin Ybarra (zybercpechnaz) shot Elder Spitter (58) (nikigo) with a rifle bullet in Alamo Landing Zone (<A HREF='?_src_=holder;adminplayerobservecoodjump=1;X=30;Y=137;Z=1'>JMP</a>)
[17:25:16]ATTACK: Danik_10p/(Mature Crusher (911)) has slashed Sewa/(Kelvin Focell) (NEWHP: 33)  (Central W-Y Compound (31, 141, 1))
[17:25:18]ATTACK: Danik_10p/(Mature Crusher (911)) has slashed Sewa/(Kelvin Focell) (NEWHP: 33)  (Alamo Landing Zone (30, 141, 1))
[17:25:21]ATTACK: Danik_10p/(Mature Crusher (911)) has slashed Sewa/(Kelvin Focell) (NEWHP: -17.35)  (Central W-Y Compound (31, 141, 1))
[17:25:21]ATTACK: ZyberCpechnaz/(Darin Ybarra) has shot Danik_10p/(Mature Crusher (911)) with [rifle bullet] (NEWHP: 201.524)  (Central W-Y Compound (31, 137, 1))
[17:25:21]ATTACK: Darin Ybarra (zybercpechnaz) shot Mature Crusher (911) (danik10p) with a rifle bullet in Central W-Y Compound (<A HREF='?_src_=holder;adminplayerobservecoodjump=1;X=31;Y=137;Z=1'>JMP</a>)
[17:25:21]ATTACK: ZyberCpechnaz/(Darin Ybarra) has shot Danik_10p/(Mature Crusher (911)) with [rifle bullet] (NEWHP: 192.524)  (Central W-Y Compound (31, 137, 1))
[17:25:21]ATTACK: Darin Ybarra (zybercpechnaz) shot Mature Crusher (911) (danik10p) with a rifle bullet in Central W-Y Compound (<A HREF='?_src_=holder;adminplayerobservecoodjump=1;X=31;Y=137;Z=1'>JMP</a>)
[17:25:22]ATTACK: Danik_10p/(Mature Crusher (911)) has slashed Sewa/(Kelvin Focell) (NEWHP: -30.35)  (Alamo Landing Zone (30, 141, 1))
[17:25:23]ATTACK: Danik_10p/(Mature Crusher (911)) has slashed Sewa/(Kelvin Focell) (NEWHP: -44.85)  (Alamo Landing Zone (30, 141, 1))
[17:25:24]ATTACK: Danik_10p/(Mature Crusher (911)) has slashed Sewa/(Kelvin Focell) (NEWHP: -63.85)  (Alamo Landing Zone (30, 141, 1))
[17:25:25]ATTACK: Danik_10p/(Mature Crusher (911)) has slashed Sewa/(Kelvin Focell) (NEWHP: -63.85)  (Alamo Landing Zone (30, 141, 1))
[17:25:26]ATTACK: Danik_10p/(Mature Crusher (911)) has slashed Sewa/(Kelvin Focell) (NEWHP: -67.85)  (Alamo Landing Zone (30, 141, 1))
[17:25:27]ATTACK: Bobadoba/(Parker De La Rosa) has injected Bobadoba/(Parker De La Rosa) with [Oxycodone (EXTREME PAINKILLER) autoinjector] Reagents: Oxycodone (NEWHP: -17.1)  (Central W-Y Compound (34, 138, 1))
[17:25:27]ATTACK: Parker De La Rosa (bobadoba) injected Parker De La Rosa (Bobadoba) with Oxycodone (EXTREME PAINKILLER) autoinjector. Reagents: Oxycodone (INTENT: HELP) (<A HREF='?_src_=holder;adminplayerobservecoodjump=1;X=34;Y=138;Z=1'>JMP</a>)
[17:25:27]ATTACK: ALex13t/(Reno 'Slowflake' Flake) has shot Danik_10p/(Mature Crusher (911)) with [shotgun slug] (NEWHP: 188.615)  (Central W-Y Compound (33, 136, 1))
[17:25:27]ATTACK: Reno 'Slowflake' Flake (alex13t) shot Mature Crusher (911) (danik10p) with a shotgun slug in Central W-Y Compound (<A HREF='?_src_=holder;adminplayerobservecoodjump=1;X=33;Y=136;Z=1'>JMP</a>)
[17:25:30]ATTACK: ALex13t/(Reno 'Slowflake' Flake) has shot Bobadoba/(Parker De La Rosa) with [shotgun slug] (NEWHP: -17.2)  (Central W-Y Compound (32, 135, 1))
[17:25:30]ATTACK: Reno 'Slowflake' Flake (alex13t) shot Parker De La Rosa (bobadoba) with a shotgun slug in Central W-Y Compound (<A HREF='?_src_=holder;adminplayerobservecoodjump=1;X=32;Y=135;Z=1'>JMP</a>) (<a href='?priv_msg=[0x5000003]'>PM</a>)
[17:25:41]ATTACK: ZyberCpechnaz/(Darin Ybarra) has shot Danik_10p/(Mature Crusher (911)) with [rifle bullet] (NEWHP: 167.404)  (Central W-Y Compound (35, 132, 1))
[17:25:41]ATTACK: Darin Ybarra (zybercpechnaz) shot Mature Crusher (911) (danik10p) with a rifle bullet in Central W-Y Compound (<A HREF='?_src_=holder;adminplayerobservecoodjump=1;X=35;Y=132;Z=1'>JMP</a>)
[17:25:41]ATTACK: ALex13t/(Reno 'Slowflake' Flake) has shot Danik_10p/(Mature Crusher (911)) with [shotgun slug] (NEWHP: 146.404)  (Central W-Y Compound (34, 137, 1))
[17:25:41]ATTACK: Reno 'Slowflake' Flake (alex13t) shot Mature Crusher (911) (danik10p) with a shotgun slug in Central W-Y Compound (<A HREF='?_src_=holder;adminplayerobservecoodjump=1;X=34;Y=137;Z=1'>JMP</a>)
[17:25:44]ATTACK: ZyberCpechnaz/(Darin Ybarra) has shot ALex13t/(Reno 'Slowflake' Flake) with [rifle bullet] (NEWHP: 100)  (Central W-Y Compound (35, 131, 1))
[17:25:44]ATTACK: Darin Ybarra (zybercpechnaz) shot Reno 'Slowflake' Flake (alex13t) with a rifle bullet in Central W-Y Compound (<A HREF='?_src_=holder;adminplayerobservecoodjump=1;X=35;Y=131;Z=1'>JMP</a>) (<a href='?priv_msg=[0x5000001]'>PM</a>)
[17:25:44]ATTACK: ZyberCpechnaz/(Darin Ybarra) has shot ALex13t/(Reno 'Slowflake' Flake) with [rifle bullet] (NEWHP: 76)  (Central W-Y Compound (35, 130, 1))
[17:25:44]ATTACK: Darin Ybarra (zybercpechnaz) shot Reno 'Slowflake' Flake (alex13t) with a rifle bullet in Central W-Y Compound (<A HREF='?_src_=holder;adminplayerobservecoodjump=1;X=35;Y=130;Z=1'>JMP</a>) (<a href='?priv_msg=[0x5000001]'>PM</a>)
[17:25:53]ATTACK: ALex13t/(Reno 'Slowflake' Flake) has injected ALex13t/(Reno 'Slowflake' Flake) with [Pain-stop autoinjector] Reagents: Tramadol (NEWHP: 64.1)  (Alamo Landing Zone (30, 125, 1))
[17:25:53]ATTACK: Reno 'Slowflake' Flake (alex13t) injected Reno 'Slowflake' Flake (ALex13t) with Pain-stop autoinjector. Reagents: Tramadol (INTENT: HELP) (<A HREF='?_src_=holder;adminplayerobservecoodjump=1;X=30;Y=125;Z=1'>JMP</a>)
[17:25:53]ATTACK: ZyberCpechnaz/(Darin Ybarra) has shot Danik_10p/(Mature Crusher (911)) with [rifle bullet] (NEWHP: 137.38)  (Central W-Y Compound (34, 139, 1))
[17:25:53]ATTACK: Darin Ybarra (zybercpechnaz) shot Mature Crusher (911) (danik10p) with a rifle bullet in Central W-Y Compound (<A HREF='?_src_=holder;adminplayerobservecoodjump=1;X=34;Y=139;Z=1'>JMP</a>)
[17:25:56]ATTACK: ALex13t/(Reno 'Slowflake' Flake) has injected ALex13t/(Reno 'Slowflake' Flake) with [First-aid autoinjector] Reagents: Tricordrazine (NEWHP: 64.2)  (Alamo Landing Zone (30, 125, 1))
[17:25:56]ATTACK: Reno 'Slowflake' Flake (alex13t) injected Reno 'Slowflake' Flake (ALex13t) with First-aid autoinjector. Reagents: Tricordrazine (INTENT: HELP) (<A HREF='?_src_=holder;adminplayerobservecoodjump=1;X=30;Y=125;Z=1'>JMP</a>)
[17:25:58]ATTACK: ZyberCpechnaz/(Darin Ybarra) has grabbed *no key*/(Parker De La Rosa) (NEWHP: -106.8)  (Central W-Y Compound (32, 138, 1))
[17:25:58]ATTACK: ZyberCpechnaz/(Darin Ybarra) схватил *no key*/(Parker De La Rosa)
[17:26:05]ATTACK: ZyberCpechnaz/(Darin Ybarra) has grabbed Sewa/(Kelvin Focell) (NEWHP: -105.85)  (Central W-Y Compound (31, 139, 1))
[17:26:05]ATTACK: ZyberCpechnaz/(Darin Ybarra) схватил Sewa/(Kelvin Focell)
[17:26:40]ATTACK: ZyberCpechnaz/(Darin Ybarra) has grabbed *no key*/(Parker De La Rosa) (NEWHP: -106.8)  (Dropship Alamo (28, 138, 1))
[17:26:40]ATTACK: ZyberCpechnaz/(Darin Ybarra) схватил *no key*/(Parker De La Rosa)
[17:28:01]ATTACK: ZyberCpechnaz/(Darin Ybarra) has grabbed *no key*/(Parker De La Rosa) (NEWHP: -106.8)  (Dropship Alamo Transit (72, 32, 4))
[17:28:01]ATTACK: ZyberCpechnaz/(Darin Ybarra) схватил *no key*/(Parker De La Rosa)
[17:28:49]ATTACK: ALex13t/(Reno 'Slowflake' Flake) has grabbed Sewa/(Kelvin Focell) (NEWHP: -105.85)  (Dropship Alamo (94, 153, 3))
[17:28:49]ATTACK: ALex13t/(Reno 'Slowflake' Flake) схватил Sewa/(Kelvin Focell)
[17:28:57]ATTACK: ZyberCpechnaz/(Darin Ybarra) has grabbed *no key*/(Parker De La Rosa) (NEWHP: -106.8)  (Dropship Alamo (95, 152, 3))
[17:28:57]ATTACK: ZyberCpechnaz/(Darin Ybarra) схватил *no key*/(Parker De La Rosa)
[17:29:13]ATTACK: ZyberCpechnaz/(Darin Ybarra) has hit EngineerConager/(Dell Conrad) with [emergency defibrillator] (thrown) (NEWHP: 99)  (Medical Lower (110, 149, 3))
[17:29:13]ATTACK: Dell Conrad (engineerconager) was hit by a the emergency defibrillator, thrown by Darin Ybarra (zybercpechnaz) (<A HREF='?_src_=holder;adminplayerobservecoodjump=1;X=109;Y=149;Z=3'>JMP</a>)
[17:29:15]ATTACK: ZyberCpechnaz/(Darin Ybarra) has hit ALex13t/(Reno 'Slowflake' Flake) with [emergency defibrillator] (thrown) (NEWHP: 98.9)  (Medical Lower (110, 151, 3))
[17:29:15]ATTACK: Reno 'Slowflake' Flake (alex13t) was hit by a the emergency defibrillator, thrown by Darin Ybarra (zybercpechnaz) (<A HREF='?_src_=holder;adminplayerobservecoodjump=1;X=108;Y=152;Z=3'>JMP</a>)
[17:29:26]ATTACK: ALex13t/(Reno 'Slowflake' Flake) has attempted to remove [M56 combat harness] (jacket) Sewa/(Kelvin Focell) (NEWHP: -105.85)  (Medical Lower (108, 152, 3))
[17:30:08]ATTACK: EngineerConager/(Dell Conrad) has grabbed Artyuom/(Johnny Vietnam) (NEWHP: 41.7)  (Medical Surgical Hallway (127, 143, 3))
[17:30:08]ATTACK: EngineerConager/(Dell Conrad) схватил Artyuom/(Johnny Vietnam)
[17:30:29]ATTACK: EngineerConager/(Dell Conrad) has grabbed Artyuom/(Johnny Vietnam) (NEWHP: 45.1)  (Medical Surgical Hallway (127, 143, 3))
[17:30:29]ATTACK: EngineerConager/(Dell Conrad) схватил Artyuom/(Johnny Vietnam)
[17:30:42]ATTACK: EngineerConager/(Dell Conrad) has grabbed Sewa/(Kelvin Focell) (NEWHP: -105.85)  (Medical Lower (107, 151, 3))
[17:30:42]ATTACK: EngineerConager/(Dell Conrad) схватил Sewa/(Kelvin Focell)
[17:30:54]ATTACK: ALex13t/(Reno 'Slowflake' Flake) has attempted to remove [sterile mask] (face) *no key*/(Parker De La Rosa) (NEWHP: -106.8)  (Medical Lower (108, 151, 3))
[17:31:22]ATTACK: EngineerConager/(Dell Conrad) has attempted to flash ZyberCpechnaz/(Darin Ybarra) with [flash] (NEWHP: 100)  (Medical Surgical Hallway (127, 143, 3))
[17:31:22]ATTACK: Dell Conrad (engineerconager) Used the flash to flash Darin Ybarra (zybercpechnaz) (<A HREF='?_src_=holder;adminplayerobservecoodjump=1;X=127;Y=143;Z=3'>JMP</a>)
[17:31:24]ATTACK: EngineerConager/(Dell Conrad) has handcuffed ZyberCpechnaz/(Darin Ybarra) with [handcuffs] (attempt) (NEWHP: 100)  (Medical Surgical Hallway (127, 143, 3))
[17:31:24]ATTACK: EngineerConager/(Dell Conrad) attempted to handcuff ZyberCpechnaz/(Darin Ybarra)
[17:31:43]ATTACK: EngineerConager/(Dell Conrad) has grabbed ZyberCpechnaz/(Darin Ybarra) (NEWHP: 100)  (Medical Surgical Hallway (125, 143, 3))
[17:31:43]ATTACK: EngineerConager/(Dell Conrad) схватил ZyberCpechnaz/(Darin Ybarra)
[17:32:22]ATTACK: Drooper/(Jonathon Edhard) has grabbed *no key*/(Kelvin Focell) (NEWHP: -105.85)  (Medical Surgical Hallway (131, 143, 3))
[17:32:22]ATTACK: Drooper/(Jonathon Edhard) схватил *no key*/(Kelvin Focell)
[17:32:51]ATTACK: EngineerConager/(Dell Conrad) has grabbed ZyberCpechnaz/(Darin Ybarra) (NEWHP: 100)  (Brig Cells (145, 142, 3))
[17:32:51]ATTACK: EngineerConager/(Dell Conrad) схватил ZyberCpechnaz/(Darin Ybarra)
[17:33:10]ATTACK: EngineerConager/(Dell Conrad) has attempted to remove [USCM uniform] (body) ZyberCpechnaz/(Darin Ybarra) (NEWHP: 100)  (Brig Cells (143, 144, 3))
[17:33:20]ATTACK: Drooper/(Jonathon Edhard) has grabbed *no key*/(Kelvin Focell) (NEWHP: -105.85)  (Medical Surgical Hallway (129, 143, 3))
[17:33:20]ATTACK: Drooper/(Jonathon Edhard) схватил *no key*/(Kelvin Focell)
[17:33:26]ATTACK: EngineerConager/(Dell Conrad) has attempted to remove [marine alpha leader radio headset] (wear_ear) ZyberCpechnaz/(Darin Ybarra) (NEWHP: 100)  (Brig Cells (143, 144, 3))
[17:33:32]ATTACK: EngineerConager/(Dell Conrad) has attempted to remove [heat absorbent coif] (face) ZyberCpechnaz/(Darin Ybarra) (NEWHP: 100)  (Brig Cells (143, 144, 3))
[17:33:38]ATTACK: EngineerConager/(Dell Conrad) has attempted to remove [alpha squad gloves] (hands) ZyberCpechnaz/(Darin Ybarra) (NEWHP: 100)  (Brig Cells (143, 144, 3))
[17:33:38]ATTACK: ALex13t/(Reno 'Slowflake' Flake) has injected ALex13t/(Reno 'Slowflake' Flake) with [Dylovene (anti-tox) autoinjector] Reagents: Dylovene (NEWHP: 97.5)  (Medical Lower (110, 151, 3))
[17:33:38]ATTACK: Reno 'Slowflake' Flake (alex13t) injected Reno 'Slowflake' Flake (ALex13t) with Dylovene (anti-tox) autoinjector. Reagents: Dylovene (INTENT: HELP) (<A HREF='?_src_=holder;adminplayerobservecoodjump=1;X=110;Y=151;Z=3'>JMP</a>)
[17:33:46]ATTACK: EngineerConager/(Dell Conrad) has attempted to remove [M11 pattern leader helmet] (head) ZyberCpechnaz/(Darin Ybarra) (NEWHP: 100)  (Brig Cells (143, 144, 3))
[17:33:48]ATTACK: ALex13t/(Reno 'Slowflake' Flake) has injected ALex13t/(Reno 'Slowflake' Flake) with [Inaprovaline autoinjector] Reagents: Inaprovaline (NEWHP: 100)  (Medical Lower (110, 151, 3))
[17:33:48]ATTACK: Reno 'Slowflake' Flake (alex13t) injected Reno 'Slowflake' Flake (ALex13t) with Inaprovaline autoinjector. Reagents: Inaprovaline (INTENT: HELP) (<A HREF='?_src_=holder;adminplayerobservecoodjump=1;X=110;Y=151;Z=3'>JMP</a>)
[17:33:51]ATTACK: EngineerConager/(Dell Conrad) has attempted to remove [welding goggles] (eyes) ZyberCpechnaz/(Darin Ybarra) (NEWHP: 100)  (Brig Cells (143, 144, 3))
[17:33:56]ATTACK: EngineerConager/(Dell Conrad) has attempted to remove [marine combat boots] (feet) ZyberCpechnaz/(Darin Ybarra) (NEWHP: 100)  (Brig Cells (143, 144, 3))
[17:34:30]ATTACK: EngineerConager/(Dell Conrad) has attempted to remove [USCM satchel] (back) ZyberCpechnaz/(Darin Ybarra) (NEWHP: 100)  (Brig Cells (143, 144, 3))
[17:35:58]ATTACK: EngineerConager/(Dell Conrad) has attempted to flash ZyberCpechnaz/(Darin Ybarra) with [flash] (NEWHP: 100)  (Brig Cells (140, 145, 3))
[17:35:58]ATTACK: Dell Conrad (engineerconager) Used the flash to flash Darin Ybarra (zybercpechnaz) (<A HREF='?_src_=holder;adminplayerobservecoodjump=1;X=140;Y=145;Z=3'>JMP</a>)
[17:36:20]ATTACK: EngineerConager/(Dell Conrad) has attempted to flash ZyberCpechnaz/(Darin Ybarra) with [flash] (NEWHP: 100)  (Brig Cells (139, 149, 3))
[17:36:20]ATTACK: Dell Conrad (engineerconager) Used the flash to flash Darin Ybarra (zybercpechnaz) (<A HREF='?_src_=holder;adminplayerobservecoodjump=1;X=139;Y=149;Z=3'>JMP</a>)
[17:36:22]ATTACK: EngineerConager/(Dell Conrad) has grabbed ZyberCpechnaz/(Darin Ybarra) (NEWHP: 100)  (Brig Cells (139, 149, 3))
[17:36:22]ATTACK: EngineerConager/(Dell Conrad) схватил ZyberCpechnaz/(Darin Ybarra)
[17:36:29]ATTACK: EngineerConager/(Dell Conrad) has attempted to remove [handcuffs] (handcuffs) ZyberCpechnaz/(Darin Ybarra) (NEWHP: 100)  (Brig Cells (139, 148, 3))
[17:36:44]ATTACK: ZyberCpechnaz/(Darin Ybarra) has disarmed EngineerConager/(Dell Conrad) (NEWHP: 100)  (Brig Cells (139, 146, 3))
[17:36:44]ATTACK: ZyberCpechnaz/(Darin Ybarra) disarmed Dell Conrad (engineerconager)
[17:36:44]ATTACK: EngineerConager/(Dell Conrad) has attempted to flash ZyberCpechnaz/(Darin Ybarra) with [flash] (NEWHP: 100)  (Brig Cells (139, 144, 3))
[17:36:44]ATTACK: Dell Conrad (engineerconager) Used the flash to flash Darin Ybarra (zybercpechnaz) (<A HREF='?_src_=holder;adminplayerobservecoodjump=1;X=139;Y=144;Z=3'>JMP</a>)
[17:36:47]ATTACK: EngineerConager/(Dell Conrad) has attempted to flash ZyberCpechnaz/(Darin Ybarra) with [flash] (NEWHP: 100)  (Brig Cells (139, 144, 3))
[17:36:47]ATTACK: Dell Conrad (engineerconager) Used the flash to flash Darin Ybarra (zybercpechnaz) (<A HREF='?_src_=holder;adminplayerobservecoodjump=1;X=139;Y=144;Z=3'>JMP</a>)
[17:36:57]ATTACK: EngineerConager/(Dell Conrad) has attempted to flash ZyberCpechnaz/(Darin Ybarra) with [flash] (NEWHP: 100)  (Brig Cells (140, 145, 3))
[17:36:57]ATTACK: Dell Conrad (engineerconager) Used the flash to flash Darin Ybarra (zybercpechnaz) (<A HREF='?_src_=holder;adminplayerobservecoodjump=1;X=140;Y=145;Z=3'>JMP</a>)
[17:37:02]ATTACK: EngineerConager/(Dell Conrad) has attacked ZyberCpechnaz/(Darin Ybarra) with [telescopic baton] (INTENT: HELP) (DAMTYE: BRUTE) (NEWHP: 100)  (Brig Cells (140, 145, 3))
[17:37:02]ATTACK: EngineerConager/(Dell Conrad) attacked ZyberCpechnaz/(Darin Ybarra) with telescopic baton (INTENT: HELP) (DAMTYE: BRUTE)
[17:37:09]ATTACK: EngineerConager/(Dell Conrad) has grabbed ZyberCpechnaz/(Darin Ybarra) (NEWHP: 34.6)  (Brig Cells (139, 146, 3))
[17:37:09]ATTACK: EngineerConager/(Dell Conrad) схватил ZyberCpechnaz/(Darin Ybarra)
[17:40:48]ATTACK: EngineerConager/(Dell Conrad) has grabbed Artyuom/(Johnny Vietnam) (NEWHP: 22)  (Medical Surgical Hallway (129, 143, 3))
[17:40:48]ATTACK: EngineerConager/(Dell Conrad) схватил Artyuom/(Johnny Vietnam)
[17:41:18]ATTACK: EngineerConager/(Dell Conrad) has grabbed Artyuom/(Johnny Vietnam) (NEWHP: 22)  (Medical Surgical Hallway (127, 143, 3))
[17:41:18]ATTACK: EngineerConager/(Dell Conrad) схватил Artyuom/(Johnny Vietnam)
[17:41:34]ATTACK: ALex13t/(Reno 'Slowflake' Flake) has injected ALex13t/(Reno 'Slowflake' Flake) with [Dylovene (anti-tox) autoinjector] Reagents: Dylovene (NEWHP: 97)  (Medical Lower (110, 150, 3))
[17:41:34]ATTACK: Reno 'Slowflake' Flake (alex13t) injected Reno 'Slowflake' Flake (ALex13t) with Dylovene (anti-tox) autoinjector. Reagents: Dylovene (INTENT: HELP) (<A HREF='?_src_=holder;adminplayerobservecoodjump=1;X=110;Y=150;Z=3'>JMP</a>)
[17:41:45]ATTACK: ALex13t/(Reno 'Slowflake' Flake) has injected ALex13t/(Reno 'Slowflake' Flake) with [Tricordrazine autoinjector] Reagents: Tricordrazine (NEWHP: 100)  (Medical Lower (110, 150, 3))
[17:41:45]ATTACK: Reno 'Slowflake' Flake (alex13t) injected Reno 'Slowflake' Flake (ALex13t) with Tricordrazine autoinjector. Reagents: Tricordrazine (INTENT: HELP) (<A HREF='?_src_=holder;adminplayerobservecoodjump=1;X=110;Y=150;Z=3'>JMP</a>)
[17:42:07]ATTACK: Chaburek/(Young Spitter (94)) has spat on [flare] with corrosive acid (Central W-Y Compound (38, 128, 1))
[17:42:07]ATTACK: Young Spitter (94) (chaburek) spat acid on the flare.
[17:42:11]ATTACK: Chaburek/(Young Spitter (94)) has spat on [flare] with corrosive acid (Central W-Y Compound (40, 124, 1))
[17:42:11]ATTACK: Young Spitter (94) (chaburek) spat acid on the flare.
[17:42:25]ATTACK: Chaburek/(Young Spitter (94)) has spat on [metal barricade] with corrosive acid (Central W-Y Compound (35, 132, 1))
[17:42:25]ATTACK: Young Spitter (94) (chaburek) spat acid on the metal barricade.
[17:42:27]ATTACK: Chaburek/(Young Spitter (94)) has spat on [metal barricade] with corrosive acid (Central W-Y Compound (35, 132, 1))
[17:42:28]ATTACK: Young Spitter (94) (chaburek) spat acid on the metal barricade.
[17:42:29]ATTACK: Chaburek/(Young Spitter (94)) has spat on [metal barricade] with corrosive acid (Central W-Y Compound (35, 132, 1))
[17:42:29]ATTACK: Young Spitter (94) (chaburek) spat acid on the metal barricade.
[17:42:38]ATTACK: Chaburek/(Young Spitter (94)) has spat on [plasteel barricade] with corrosive acid (Central W-Y Compound (35, 125, 1))
[17:42:38]ATTACK: Young Spitter (94) (chaburek) spat acid on the plasteel barricade.
[17:42:39]ATTACK: Chaburek/(Young Spitter (94)) has spat on [metal barricade] with corrosive acid (Central W-Y Compound (35, 125, 1))
[17:42:39]ATTACK: Young Spitter (94) (chaburek) spat acid on the metal barricade.
[17:42:46]ATTACK: Chaburek/(Young Spitter (94)) has spat on [metal barricade] with corrosive acid (Central W-Y Compound (35, 126, 1))
[17:42:46]ATTACK: Young Spitter (94) (chaburek) spat acid on the metal barricade.
[17:42:54]ATTACK: Chaburek/(Young Spitter (94)) has spat on [metal barricade] with corrosive acid (Central W-Y Compound (35, 123, 1))
[17:42:54]ATTACK: Young Spitter (94) (chaburek) spat acid on the metal barricade.
[17:42:55]ATTACK: Chaburek/(Young Spitter (94)) has spat on [metal barricade] with corrosive acid (Central W-Y Compound (35, 123, 1))
[17:42:55]ATTACK: Young Spitter (94) (chaburek) spat acid on the metal barricade.
[17:43:20]ATTACK: Danik_10p/(Elder Crusher (911)) has grabbed *no key*/(monkey (854)) (NEWHP: 100)  (Central W-Y Compound (35, 130, 1))
[17:43:20]ATTACK: Danik_10p/(Elder Crusher (911)) схватил *no key*/(monkey (854))
[17:43:25]ATTACK: Danik_10p/(Elder Crusher (911)) has grabbed *no key*/(monkey (854)) (NEWHP: 100)  (Central W-Y Compound (35, 130, 1))
[17:43:25]ATTACK: Danik_10p/(Elder Crusher (911)) схватил *no key*/(monkey (854))
[17:43:42]ATTACK: Danik_10p/(Elder Crusher (911)) has grabbed *no key*/(monkey (854)) (NEWHP: 100)  (Central W-Y Compound (34, 135, 1))
[17:43:42]ATTACK: Danik_10p/(Elder Crusher (911)) схватил *no key*/(monkey (854))
[17:43:42]ATTACK: GhostPokolenie/(Elder Queen) has slashed *no key*/(monkey (854)) (NEWHP: 100)  (Central W-Y Compound (33, 134, 1))
[17:43:45]ATTACK: Chaburek/(Young Spitter (94)) has grabbed *no key*/(monkey (854)) (NEWHP: 51)  (Central W-Y Compound (35, 134, 1))
[17:43:45]ATTACK: Chaburek/(Young Spitter (94)) схватил *no key*/(monkey (854))
[17:43:50]ATTACK: Danik_10p/(Elder Crusher (911)) has grabbed *no key*/(monkey (854)) (NEWHP: 51)  (Central W-Y Compound (34, 135, 1))
[17:43:50]ATTACK: Danik_10p/(Elder Crusher (911)) схватил *no key*/(monkey (854))
[17:44:15]ATTACK: Danik_10p/(Elder Crusher (911)) has grabbed Sewa/(Mature Defender (393)) (NEWHP: 275)  (Research Lab (41, 142, 1))
[17:44:15]ATTACK: Danik_10p/(Elder Crusher (911)) схватил Sewa/(Mature Defender (393))
[17:45:12]ATTACK: EngineerConager/(Dell Conrad) has grabbed ZyberCpechnaz/(Darin Ybarra) (NEWHP: -119.8)  (Brig Cells (139, 148, 3))
[17:45:12]ATTACK: EngineerConager/(Dell Conrad) схватил ZyberCpechnaz/(Darin Ybarra)
[17:45:41]ATTACK: EngineerConager/(Dell Conrad) has placed ZyberCpechnaz/(Darin Ybarra) into disposals (NEWHP: -119.8)  (Brig Cells (151, 157, 3))
[17:45:41]ATTACK: Dell Conrad (engineerconager) placed Darin Ybarra (zybercpechnaz) in a disposals unit. (<A HREF='?_src_=holder;adminplayerobservecoodjump=1;X=151;Y=157;Z=3'>JMP</a>)
[17:46:34]ATTACK: Artyuom/(Johnny Vietnam) has fed ALex13t/(Reno 'Slowflake' Flake) with [pill] Reagents: anti_toxin(25u) (NEWHP: 98.8)  (Hallway Starboard (148, 163, 3))
[17:46:34]ATTACK: Johnny Vietnam (artyuom) fed Reno 'Slowflake' Flake (alex13t) with pill Reagents: anti_toxin(25u) (INTENT: HELP) (<A HREF='?_src_=holder;adminplayerobservecoodjump=1;X=148;Y=163;Z=3'>JMP</a>)
[17:46:43]ATTACK: Danik_10p/(Elder Crusher (911)) has grabbed Sewa/(Mature Defender (393)) (NEWHP: 275)  (Dropship Alamo (27, 134, 1))
[17:46:43]ATTACK: Danik_10p/(Elder Crusher (911)) схватил Sewa/(Mature Defender (393))
[17:46:53]ATTACK: Danik_10p/(Elder Crusher (911)) has grabbed Sewa/(Mature Defender (393)) (NEWHP: 275)  (Dropship Alamo (27, 133, 1))
[17:46:53]ATTACK: Danik_10p/(Elder Crusher (911)) схватил Sewa/(Mature Defender (393))
[17:47:13]ATTACK: Chaburek/(Mature Spitter (94)) has grabbed Sewa/(Mature Defender (393)) (NEWHP: 275)  (Dropship Alamo (25, 141, 1))
[17:47:13]ATTACK: Chaburek/(Mature Spitter (94)) схватил Sewa/(Mature Defender (393))
[17:47:18]ATTACK: Danik_10p/(Elder Crusher (911)) has grabbed ZyberCpechnaz/(Mature Defender (393)) (NEWHP: 275)  (Dropship Alamo (25, 140, 1))
[17:47:18]ATTACK: Danik_10p/(Elder Crusher (911)) схватил ZyberCpechnaz/(Mature Defender (393))
[17:47:59]ATTACK: Johnny Vietnam (artyuom) primed M40 HPDP grenade (<A HREF='?_src_=holder;adminplayerobservecoodjump=1;X=182;Y=172;Z=3'>JMP</a>)
[17:48:00]ATTACK: Reno 'Slowflake' Flake (alex13t) primed M40 HPDP grenade (<A HREF='?_src_=holder;adminplayerobservecoodjump=1;X=180;Y=173;Z=3'>JMP</a>)
[17:48:41]ATTACK: Johnny Vietnam (artyuom) primed M40 HPDP grenade (<A HREF='?_src_=holder;adminplayerobservecoodjump=1;X=181;Y=171;Z=3'>JMP</a>)
[17:48:58]ATTACK: Johnny Vietnam (artyuom) primed M40 HPDP grenade (<A HREF='?_src_=holder;adminplayerobservecoodjump=1;X=181;Y=176;Z=3'>JMP</a>)
[17:48:59]ATTACK: Reno 'Slowflake' Flake (alex13t) primed M40 HEDP grenade (<A HREF='?_src_=holder;adminplayerobservecoodjump=1;X=180;Y=174;Z=3'>JMP</a>)
[17:49:36]ATTACK: Chaburek/(Mature Spitter (94)) has spat on [Hangar Lockdown Blast Door] with corrosive acid (Hangar (99, 150, 3))
[17:49:36]ATTACK: Mature Spitter (94) (chaburek) spat acid on the Hangar Lockdown Blast Door.
[17:51:52]ATTACK: Drooper/(Jonathon Edhard) has shot Danik_10p/(Elder Crusher (911)) with [submachinegun bullet] (NEWHP: 375)  (USS Almayer Evac 3 (130, 263, 3))
[17:51:52]ATTACK: Jonathon Edhard (drooper) shot Elder Crusher (911) (danik10p) with a submachinegun bullet in USS Almayer Evac 3 (<A HREF='?_src_=holder;adminplayerobservecoodjump=1;X=130;Y=263;Z=3'>JMP</a>)
[17:53:12]ATTACK: Danik_10p/(Elder Crusher (911)) has slashed Drooper/(Jonathon Edhard) (NEWHP: 100)  (Combat Information Center (111, 255, 3))
[17:53:13]ATTACK: Drooper/(Jonathon Edhard) has shot Danik_10p/(Elder Crusher (911)) with [shotgun slug] (NEWHP: 375)  (Combat Information Center (110, 257, 3))
[17:53:13]ATTACK: Jonathon Edhard (drooper) shot Elder Crusher (911) (danik10p) with a shotgun slug in Combat Information Center (<A HREF='?_src_=holder;adminplayerobservecoodjump=1;X=110;Y=257;Z=3'>JMP</a>)
[17:56:04]ATTACK: M46 "Stingray" Tank took 42 slash damage from Elder Crusher (911) (danik10p).
[17:56:05]ATTACK: M46 "Stingray" Tank took 43 slash damage from Elder Crusher (911) (danik10p).
[17:56:15]ATTACK: Drooper/(Jonathon Edhard) has attacked Drooper/(Jonathon Edhard) with [M-OU53 Tactical Shotgun (Wielded)] (INTENT: HURT) (DAMTYE: BRUTE) (NEWHP: 79.5)  (Hallway Port (173, 120, 3))
[17:56:15]ATTACK: Drooper/(Jonathon Edhard) attacked Drooper/(Jonathon Edhard) with M-OU53 Tactical Shotgun (Wielded) (INTENT: HURT) (DAMTYE: BRUTE)
[17:56:15]ATTACK: Drooper/(Jonathon Edhard) has shot Drooper/(Jonathon Edhard) with [shotgun slug] (NEWHP: 79.5)  (Hallway Port (173, 120, 3))
[17:56:15]ATTACK: Jonathon Edhard (drooper) shot Jonathon Edhard (drooper) with a shotgun slug in Hallway Port (<A HREF='?_src_=holder;adminplayerobservecoodjump=1;X=173;Y=120;Z=3'>JMP</a>) (<a href='?priv_msg=[0x500000c]'>PM</a>)
[17:56:24]ATTACK: Drooper/(Jonathon Edhard) has attacked Drooper/(Jonathon Edhard) with [M-OU53 Tactical Shotgun (Wielded)] (INTENT: HURT) (DAMTYE: BRUTE) (NEWHP: 47.5)  (Hallway Port (173, 120, 3))
[17:56:24]ATTACK: Drooper/(Jonathon Edhard) attacked Drooper/(Jonathon Edhard) with M-OU53 Tactical Shotgun (Wielded) (INTENT: HURT) (DAMTYE: BRUTE)
[17:56:24]ATTACK: Drooper/(Jonathon Edhard) has shot Drooper/(Jonathon Edhard) with [shotgun slug] (NEWHP: 33.5)  (Hallway Port (173, 120, 3))
[17:56:24]ATTACK: Jonathon Edhard (drooper) shot Jonathon Edhard (drooper) with a shotgun slug in Hallway Port (<A HREF='?_src_=holder;adminplayerobservecoodjump=1;X=173;Y=120;Z=3'>JMP</a>) (<a href='?priv_msg=[0x500000c]'>PM</a>)
[17:59:51]ATTACK: Chaburek/(Elder Spitter (94)) has spat on [Combat Information Center] with corrosive acid (Combat Information Center (109, 250, 3))
[17:59:51]ATTACK: Elder Spitter (94) (chaburek) spat acid on the Combat Information Center.
