

Starting up round 15:22:06
---------------------
[15:27:59]ATTACK: Alot/(Young Drone (890)) has grabbed *no key*/(monkey (243)) (NEWHP: 100)  (Lambda Lab (198, 144, 1))
[15:27:59]ATTACK: Alot/(Young Drone (890)) схватил *no key*/(monkey (243))
[15:28:10]ATTACK: Alot/(Young Drone (890)) has grabbed *no key*/(monkey (243)) (NEWHP: 100)  (Lambda Lab (204, 141, 1))
[15:28:10]ATTACK: Alot/(Young Drone (890)) схватил *no key*/(monkey (243))
[15:28:25]ATTACK: Alot/(Young Drone (890)) has spat on [Lambda Lab Virology Wing] with corrosive acid (Lambda Lab (206, 141, 1))
[15:28:25]ATTACK: Young Drone (890) (alot) spat acid on the Lambda Lab Virology Wing.
[15:28:33]ATTACK: Alot/(Young Drone (890)) has spat on [Lambda Lab Virology Quarantine] with corrosive acid (Lambda Lab (208, 137, 1))
[15:28:33]ATTACK: Young Drone (890) (alot) spat acid on the Lambda Lab Virology Quarantine.
[15:28:46]ATTACK: Alot/(Young Drone (890)) has spat on [Lambda Lab Virology Quarantine] with corrosive acid (Lambda Lab (209, 134, 1))
[15:28:46]ATTACK: Young Drone (890) (alot) spat acid on the Lambda Lab Virology Quarantine.
[15:29:24]ATTACK: Alot/(Young Drone (890)) has spat on [safety glass] with corrosive acid (Lambda Lab (209, 138, 1))
[15:29:24]ATTACK: Young Drone (890) (alot) spat acid on the safety glass.
[15:29:55]ATTACK: Alot/(Young Drone (890)) has grabbed *no key*/(monkey (977)) (NEWHP: 100)  (Lambda Lab (197, 138, 1))
[15:29:55]ATTACK: Alot/(Young Drone (890)) схватил *no key*/(monkey (977))
[15:30:26]ATTACK: Alot/(Young Drone (890)) has grabbed *no key*/(monkey (18)) (NEWHP: 100)  (Lambda Lab (181, 149, 1))
[15:30:26]ATTACK: Alot/(Young Drone (890)) схватил *no key*/(monkey (18))
[15:30:41]ATTACK: Alot/(Young Drone (890)) has spat on [Lambda Lab Technical Lab] with corrosive acid (Lambda Lab (185, 149, 1))
[15:30:41]ATTACK: Young Drone (890) (alot) spat acid on the Lambda Lab Technical Lab.
[15:30:49]ATTACK: Alot/(Young Drone (890)) has spat on [Lambda Lab Break Room] with corrosive acid (Lambda Lab (186, 153, 1))
[15:30:49]ATTACK: Young Drone (890) (alot) spat acid on the Lambda Lab Break Room.
[15:31:31]ATTACK: Alot/(Young Drone (890)) has grabbed *no key*/(monkey (243)) (NEWHP: 100)  (Lambda Lab (207, 141, 1))
[15:31:31]ATTACK: Alot/(Young Drone (890)) схватил *no key*/(monkey (243))
[15:31:34]ATTACK: Alot/(Young Drone (890)) has grabbed *no key*/(monkey (977)) (NEWHP: 100)  (Lambda Lab (206, 141, 1))
[15:31:34]ATTACK: Alot/(Young Drone (890)) схватил *no key*/(monkey (977))
[15:31:40]ATTACK: Alot/(Young Drone (890)) has grabbed *no key*/(monkey (447)) (NEWHP: 100)  (Lambda Lab (206, 141, 1))
[15:31:40]ATTACK: Alot/(Young Drone (890)) схватил *no key*/(monkey (447))
[15:32:06]ATTACK: Alot/(Queen) has spat on [Lambda Lab Virology Wing] with corrosive acid (Lambda Lab (202, 140, 1))
[15:32:06]ATTACK: Queen (alot) spat acid on the Lambda Lab Virology Wing.
[15:32:09]ATTACK: Alot/(Queen) has spat on [Lambda Lab Anomaly Lab] with corrosive acid (Lambda Lab (199, 140, 1))
[15:32:09]ATTACK: Queen (alot) spat acid on the Lambda Lab Anomaly Lab.
[15:32:12]ATTACK: Alot/(Queen) has spat on [Lambda Lab Anomaly Lab] with corrosive acid (Lambda Lab (199, 141, 1))
[15:32:12]ATTACK: Queen (alot) spat acid on the Lambda Lab Anomaly Lab.
[15:34:34]ATTACK: CM.RU/(Jermaine Earl) has disarmed Artyuom/(Johnny Vietnam) (NEWHP: 100)  (Squad Alpha Cargo (173, 177, 3))
[15:34:34]ATTACK: CM.RU/(Jermaine Earl) disarmed Johnny Vietnam (artyuom)
[15:34:35]ATTACK: CM.RU/(Jermaine Earl) has disarmed Artyuom/(Johnny Vietnam) (NEWHP: 100)  (Squad Alpha Cargo (173, 177, 3))
[15:34:35]ATTACK: CM.RU/(Jermaine Earl) disarmed Johnny Vietnam (artyuom)
[15:34:39]ATTACK: CM.RU/(Jermaine Earl) has grabbed Artyuom/(Johnny Vietnam) (NEWHP: 100)  (Squad Alpha Cargo (173, 177, 3))
[15:34:39]ATTACK: CM.RU/(Jermaine Earl) схватил Artyuom/(Johnny Vietnam)
[15:34:42]ATTACK: CM.RU/(Jermaine Earl) has disarmed Artyuom/(Johnny Vietnam) (NEWHP: 100)  (Squad Alpha Cargo (173, 177, 3))
[15:34:42]ATTACK: CM.RU/(Jermaine Earl) disarmed Johnny Vietnam (artyuom)
[15:34:43]ATTACK: CM.RU/(Jermaine Earl) has disarmed Artyuom/(Johnny Vietnam) (NEWHP: 100)  (Squad Alpha Cargo (173, 177, 3))
[15:34:43]ATTACK: CM.RU/(Jermaine Earl) disarmed Johnny Vietnam (artyuom)
[15:34:44]ATTACK: CM.RU/(Jermaine Earl) has disarmed Artyuom/(Johnny Vietnam) (NEWHP: 100)  (Squad Alpha Cargo (173, 177, 3))
[15:34:44]ATTACK: CM.RU/(Jermaine Earl) disarmed Johnny Vietnam (artyuom)
[15:34:46]ATTACK: CM.RU/(Jermaine Earl) has disarmed Artyuom/(Johnny Vietnam) (NEWHP: 100)  (Squad Alpha Cargo (173, 177, 3))
[15:34:46]ATTACK: CM.RU/(Jermaine Earl) disarmed Johnny Vietnam (artyuom)
[15:34:47]ATTACK: CM.RU/(Jermaine Earl) has disarmed Artyuom/(Johnny Vietnam) (NEWHP: 100)  (Squad Alpha Cargo (173, 177, 3))
[15:34:47]ATTACK: CM.RU/(Jermaine Earl) disarmed Johnny Vietnam (artyuom)
[15:40:57]ATTACK: Alot/(Queen) has grabbed *no key*/(monkey (678)) (NEWHP: 100)  (Lambda Lab (186, 153, 1))
[15:40:57]ATTACK: Alot/(Queen) схватил *no key*/(monkey (678))
[15:42:07]ATTACK: ADIBELL/(Magomed Sharipiv) has grabbed Sewa/(Kelvin Focell) (NEWHP: 100)  (Dropship Alamo (93, 154, 3))
[15:42:07]ATTACK: ADIBELL/(Magomed Sharipiv) схватил Sewa/(Kelvin Focell)
[15:42:16]ATTACK: Sewa/(Kelvin Focell) has grabbed Artyuom/(Johnny Vietnam) (NEWHP: 100)  (Dropship Alamo (93, 153, 3))
[15:42:16]ATTACK: Sewa/(Kelvin Focell) схватил Artyuom/(Johnny Vietnam)
[15:43:55]ATTACK: Alot/(Queen) has spat on [Disease Analyser] with corrosive acid (Lambda Lab (210, 141, 1))
[15:43:56]ATTACK: Queen (alot) spat acid on Disease Analyser.
[15:44:01]ATTACK: Alot/(Queen) has spat on [freezer crate] with corrosive acid (Lambda Lab (210, 140, 1))
[15:44:01]ATTACK: Queen (alot) spat acid on the freezer crate.
[15:44:36]ATTACK: Alot/(Queen) has grabbed *no key*/(monkey (678)) (NEWHP: 100)  (Lambda Lab (209, 140, 1))
[15:44:36]ATTACK: Alot/(Queen) схватил *no key*/(monkey (678))
[15:44:45]ATTACK: Alot/(Queen) has grabbed *no key*/(monkey (243)) (NEWHP: 100)  (Lambda Lab (209, 141, 1))
[15:44:45]ATTACK: Alot/(Queen) схватил *no key*/(monkey (243))
[15:44:52]ATTACK: Alot/(Queen) has grabbed *no key*/(monkey (977)) (NEWHP: 100)  (Lambda Lab (208, 141, 1))
[15:44:52]ATTACK: Alot/(Queen) схватил *no key*/(monkey (977))
[15:50:47]ATTACK: ADIBELL/(Magomed Sharipiv) has hit Sewa/(Kelvin Focell) with [explosive pouch] (thrown) (NEWHP: 99.8)  (Space Port (31, 182, 1))
[15:50:47]ATTACK: Kelvin Focell (sewa) was hit by a the explosive pouch, thrown by Magomed Sharipiv (adibell) (<A HREF='?_src_=holder;adminplayerobservecoodjump=1;X=34;Y=182;Z=1'>JMP</a>)
[15:54:11]ATTACK: Atlasic/(Young Drone (341)) has spat on [Emitter] with corrosive acid (Lambda Lab (197, 147, 1))
[15:54:11]ATTACK: Young Drone (341) (atlasic) spat acid on Emitter.
[15:54:17]ATTACK: Atlasic/(Young Drone (341)) has spat on [plastic flaps] with corrosive acid (Lambda Lab (197, 147, 1))
[15:54:17]ATTACK: Young Drone (341) (atlasic) spat acid on the plastic flaps.
[15:54:37]ATTACK: Harlex5435/(Nickolas Stone) has shot BlackCrystalic/(Young Defender (774)) with [armor-piercing pistol bullet] (NEWHP: 250)  (Northern Colony Grounds (91, 161, 1))
[15:54:37]ATTACK: Nickolas Stone (harlex5435) shot Young Defender (774) (blackcrystalic) with an armor-piercing pistol bullet in Northern Colony Grounds (<A HREF='?_src_=holder;adminplayerobservecoodjump=1;X=91;Y=161;Z=1'>JMP</a>)
[15:54:37]ATTACK: Harlex5435/(Nickolas Stone) has shot BlackCrystalic/(Young Defender (774)) with [armor-piercing pistol bullet] (NEWHP: 224)  (Northern Colony Grounds (91, 157, 1))
[15:54:37]ATTACK: Nickolas Stone (harlex5435) shot Young Defender (774) (blackcrystalic) with an armor-piercing pistol bullet in Northern Colony Grounds (<A HREF='?_src_=holder;adminplayerobservecoodjump=1;X=91;Y=157;Z=1'>JMP</a>)
[15:54:47]ATTACK: Harlex5435/(Nickolas Stone) has shot BlackCrystalic/(Young Defender (774)) with [armor-piercing pistol bullet] (NEWHP: 214)  (Marshall Offices (92, 171, 1))
[15:54:47]ATTACK: Nickolas Stone (harlex5435) shot Young Defender (774) (blackcrystalic) with an armor-piercing pistol bullet in Marshall Offices (<A HREF='?_src_=holder;adminplayerobservecoodjump=1;X=92;Y=171;Z=1'>JMP</a>)
[15:55:08]ATTACK: Harlex5435/(Nickolas Stone) has injected Harlex5435/(Nickolas Stone) with [Oxycodone (EXTREME PAINKILLER) autoinjector] Reagents: Oxycodone (NEWHP: 80.3)  (Marshall Offices (91, 170, 1))
[15:55:08]ATTACK: Nickolas Stone (harlex5435) injected Nickolas Stone (Harlex5435) with Oxycodone (EXTREME PAINKILLER) autoinjector. Reagents: Oxycodone (INTENT: HELP) (<A HREF='?_src_=holder;adminplayerobservecoodjump=1;X=91;Y=170;Z=1'>JMP</a>)
[15:55:12]ATTACK: Harlex5435/(Nickolas Stone) has injected Harlex5435/(Nickolas Stone) with [Tricordrazine autoinjector] Reagents: Tricordrazine (NEWHP: 80.3)  (Marshall Offices (91, 170, 1))
[15:55:12]ATTACK: Nickolas Stone (harlex5435) injected Nickolas Stone (Harlex5435) with Tricordrazine autoinjector. Reagents: Tricordrazine (INTENT: HELP) (<A HREF='?_src_=holder;adminplayerobservecoodjump=1;X=91;Y=170;Z=1'>JMP</a>)
[15:55:37]ATTACK: ADIBELL/(Magomed Sharipiv) has shot BlackCrystalic/(Young Defender (774)) with [rifle bullet] (NEWHP: 243)  (Marshall Offices (92, 169, 1))
[15:55:37]ATTACK: Magomed Sharipiv (adibell) shot Young Defender (774) (blackcrystalic) with a rifle bullet in Marshall Offices (<A HREF='?_src_=holder;adminplayerobservecoodjump=1;X=92;Y=169;Z=1'>JMP</a>)
[15:55:38]ATTACK: ADIBELL/(Magomed Sharipiv) has shot BlackCrystalic/(Young Defender (774)) with [rifle bullet] (NEWHP: 196)  (Marshall Offices (92, 169, 1))
[15:55:38]ATTACK: Magomed Sharipiv (adibell) shot Young Defender (774) (blackcrystalic) with a rifle bullet in Marshall Offices (<A HREF='?_src_=holder;adminplayerobservecoodjump=1;X=92;Y=169;Z=1'>JMP</a>)
[15:55:38]ATTACK: ADIBELL/(Magomed Sharipiv) has shot BlackCrystalic/(Young Defender (774)) with [rifle bullet] (NEWHP: 176)  (Marshall Offices (93, 169, 1))
[15:55:38]ATTACK: Magomed Sharipiv (adibell) shot Young Defender (774) (blackcrystalic) with a rifle bullet in Marshall Offices (<A HREF='?_src_=holder;adminplayerobservecoodjump=1;X=93;Y=169;Z=1'>JMP</a>)
[15:55:38]ATTACK: ADIBELL/(Magomed Sharipiv) has shot BlackCrystalic/(Young Defender (774)) with [rifle bullet] (NEWHP: 132)  (Marshall Offices (93, 169, 1))
[15:55:38]ATTACK: Magomed Sharipiv (adibell) shot Young Defender (774) (blackcrystalic) with a rifle bullet in Marshall Offices (<A HREF='?_src_=holder;adminplayerobservecoodjump=1;X=93;Y=169;Z=1'>JMP</a>)
[15:55:40]ATTACK: Harlex5435/(Nickolas Stone) has shot BlackCrystalic/(Young Defender (774)) with [armor-piercing pistol bullet] (NEWHP: 87)  (Marshall Offices (90, 170, 1))
[15:55:40]ATTACK: Nickolas Stone (harlex5435) shot Young Defender (774) (blackcrystalic) with an armor-piercing pistol bullet in Marshall Offices (<A HREF='?_src_=holder;adminplayerobservecoodjump=1;X=90;Y=170;Z=1'>JMP</a>)
[15:55:41]ATTACK: ADIBELL/(Magomed Sharipiv) has shot Sewa/(Kelvin Focell) with [rifle bullet] (NEWHP: 79.1)  (Marshall Offices (95, 170, 1))
[15:55:41]ATTACK: Magomed Sharipiv (adibell) shot Kelvin Focell (sewa) with a rifle bullet in Marshall Offices (<A HREF='?_src_=holder;adminplayerobservecoodjump=1;X=95;Y=170;Z=1'>JMP</a>) (<a href='?priv_msg=[0x5000009]'>PM</a>)
[15:55:41]ATTACK: ADIBELL/(Magomed Sharipiv) has shot Harlex5435/(Nickolas Stone) with [rifle bullet] (NEWHP: 85.8)  (Marshall Offices (95, 170, 1))
[15:55:41]ATTACK: Magomed Sharipiv (adibell) shot Nickolas Stone (harlex5435) with a rifle bullet in Marshall Offices (<A HREF='?_src_=holder;adminplayerobservecoodjump=1;X=95;Y=170;Z=1'>JMP</a>) (<a href='?priv_msg=[0x5000009]'>PM</a>)
[15:55:43]ATTACK: ADIBELL/(Magomed Sharipiv) has shot Harlex5435/(Nickolas Stone) with [rifle bullet] (NEWHP: 49.4)  (Marshall Offices (95, 170, 1))
[15:55:43]ATTACK: Magomed Sharipiv (adibell) shot Nickolas Stone (harlex5435) with a rifle bullet in Marshall Offices (<A HREF='?_src_=holder;adminplayerobservecoodjump=1;X=95;Y=170;Z=1'>JMP</a>) (<a href='?priv_msg=[0x5000009]'>PM</a>)
[15:55:44]ATTACK: ADIBELL/(Magomed Sharipiv) has shot Sewa/(Kelvin Focell) with [rifle bullet] (NEWHP: 41.1)  (Marshall Offices (95, 170, 1))
[15:55:44]ATTACK: Magomed Sharipiv (adibell) shot Kelvin Focell (sewa) with a rifle bullet in Marshall Offices (<A HREF='?_src_=holder;adminplayerobservecoodjump=1;X=95;Y=170;Z=1'>JMP</a>) (<a href='?priv_msg=[0x5000009]'>PM</a>)
[15:55:58]ATTACK: Harlex5435/(Nickolas Stone) has injected Harlex5435/(Nickolas Stone) with [Oxycodone (EXTREME PAINKILLER) autoinjector] Reagents: Oxycodone (NEWHP: 11.5)  (Marshall Offices (90, 170, 1))
[15:55:58]ATTACK: Nickolas Stone (harlex5435) injected Nickolas Stone (Harlex5435) with Oxycodone (EXTREME PAINKILLER) autoinjector. Reagents: Oxycodone (INTENT: HELP) (<A HREF='?_src_=holder;adminplayerobservecoodjump=1;X=90;Y=170;Z=1'>JMP</a>)
[15:56:02]ATTACK: ALex13t/(Reno 'Slowflake' Flake) has injected ALex13t/(Reno 'Slowflake' Flake) with [Hypervene autoinjector] Reagents: Hypervene (NEWHP: 100)  (Dropship Alamo (94, 154, 3))
[15:56:02]ATTACK: Reno 'Slowflake' Flake (alex13t) injected Reno 'Slowflake' Flake (ALex13t) with Hypervene autoinjector. Reagents: Hypervene (INTENT: HELP) (<A HREF='?_src_=holder;adminplayerobservecoodjump=1;X=94;Y=154;Z=3'>JMP</a>)
[15:56:02]ATTACK: Harlex5435/(Nickolas Stone) has injected Harlex5435/(Nickolas Stone) with [Quick Clot autoinjector] Reagents: Quick Clot (NEWHP: 12.1)  (Marshall Offices (90, 170, 1))
[15:56:02]ATTACK: Nickolas Stone (harlex5435) injected Nickolas Stone (Harlex5435) with Quick Clot autoinjector. Reagents: Quick Clot (INTENT: HELP) (<A HREF='?_src_=holder;adminplayerobservecoodjump=1;X=90;Y=170;Z=1'>JMP</a>)
[15:56:06]ATTACK: ADIBELL/(Magomed Sharipiv) has shot BlackCrystalic/(Young Defender (774)) with [rifle bullet] (NEWHP: 118)  (Marshall Offices (96, 170, 1))
[15:56:06]ATTACK: Magomed Sharipiv (adibell) shot Young Defender (774) (blackcrystalic) with a rifle bullet in Marshall Offices (<A HREF='?_src_=holder;adminplayerobservecoodjump=1;X=96;Y=170;Z=1'>JMP</a>)
[15:56:06]ATTACK: ADIBELL/(Magomed Sharipiv) has shot BlackCrystalic/(Young Defender (774)) with [rifle bullet] (NEWHP: 98)  (Marshall Offices (96, 170, 1))
[15:56:06]ATTACK: Magomed Sharipiv (adibell) shot Young Defender (774) (blackcrystalic) with a rifle bullet in Marshall Offices (<A HREF='?_src_=holder;adminplayerobservecoodjump=1;X=96;Y=170;Z=1'>JMP</a>)
[15:56:37]ATTACK: Harlex5435/(Nickolas Stone) has injected Harlex5435/(Nickolas Stone) with [Bicaridine autoinjector] Reagents: Bicaridine (NEWHP: 19.3)  (Marshall Offices (95, 171, 1))
[15:56:37]ATTACK: Nickolas Stone (harlex5435) injected Nickolas Stone (Harlex5435) with Bicaridine autoinjector. Reagents: Bicaridine (INTENT: HELP) (<A HREF='?_src_=holder;adminplayerobservecoodjump=1;X=95;Y=171;Z=1'>JMP</a>)
[15:57:20]ATTACK: ADIBELL/(Magomed Sharipiv) has shot BlackCrystalic/(Young Defender (774)) with [rifle bullet] (NEWHP: 160)  (Marshall Offices (86, 171, 1))
[15:57:20]ATTACK: Magomed Sharipiv (adibell) shot Young Defender (774) (blackcrystalic) with a rifle bullet in Marshall Offices (<A HREF='?_src_=holder;adminplayerobservecoodjump=1;X=86;Y=171;Z=1'>JMP</a>)
[15:57:20]ATTACK: ADIBELL/(Magomed Sharipiv) has shot Harlex5435/(Nickolas Stone) with [rifle bullet] (NEWHP: 54)  (Marshall Offices (86, 170, 1))
[15:57:20]ATTACK: Magomed Sharipiv (adibell) shot Nickolas Stone (harlex5435) with a rifle bullet in Marshall Offices (<A HREF='?_src_=holder;adminplayerobservecoodjump=1;X=86;Y=170;Z=1'>JMP</a>) (<a href='?priv_msg=[0x5000009]'>PM</a>)
[15:57:21]ATTACK: ADIBELL/(Magomed Sharipiv) has shot Harlex5435/(Nickolas Stone) with [rifle bullet] (NEWHP: 35)  (Marshall Offices (85, 170, 1))
[15:57:21]ATTACK: Magomed Sharipiv (adibell) shot Nickolas Stone (harlex5435) with a rifle bullet in Marshall Offices (<A HREF='?_src_=holder;adminplayerobservecoodjump=1;X=85;Y=170;Z=1'>JMP</a>) (<a href='?priv_msg=[0x5000009]'>PM</a>)
[15:57:23]ATTACK: BlackCrystalic/(Young Defender (774)) has slashed Harlex5435/(Nickolas Stone) (NEWHP: 4.50001)  (Marshall Offices (90, 167, 1))
[15:57:23]ATTACK: ADIBELL/(Magomed Sharipiv) has shot Sewa/(Kelvin Focell) with [rifle bullet] (NEWHP: 15.5)  (Marshall Offices (80, 170, 1))
[15:57:23]ATTACK: Magomed Sharipiv (adibell) shot Kelvin Focell (sewa) with a rifle bullet in Marshall Offices (<A HREF='?_src_=holder;adminplayerobservecoodjump=1;X=80;Y=170;Z=1'>JMP</a>) (<a href='?priv_msg=[0x5000009]'>PM</a>)
[15:57:27]ATTACK: ADIBELL/(Magomed Sharipiv) has shot Harlex5435/(Nickolas Stone) with [rifle bullet] (NEWHP: 6.5)  (Marshall Offices (87, 170, 1))
[15:57:27]ATTACK: Magomed Sharipiv (adibell) shot Nickolas Stone (harlex5435) with a rifle bullet in Marshall Offices (<A HREF='?_src_=holder;adminplayerobservecoodjump=1;X=87;Y=170;Z=1'>JMP</a>) (<a href='?priv_msg=[0x5000009]'>PM</a>)
[15:57:45]ATTACK: BlackCrystalic/(Young Defender (774)) has slashed ADIBELL/(Magomed Sharipiv) (NEWHP: 82)  (Marshall Offices (87, 170, 1))
[15:57:49]ATTACK: ADIBELL/(Magomed Sharipiv) has shot BlackCrystalic/(Young Defender (774)) with [rifle bullet] (NEWHP: 169)  (Marshall Offices (94, 170, 1))
[15:57:49]ATTACK: Magomed Sharipiv (adibell) shot Young Defender (774) (blackcrystalic) with a rifle bullet in Marshall Offices (<A HREF='?_src_=holder;adminplayerobservecoodjump=1;X=94;Y=170;Z=1'>JMP</a>)
[15:57:53]ATTACK: BlackCrystalic/(Young Defender (774)) has slashed ADIBELL/(Magomed Sharipiv) (NEWHP: 18.45)  (Marshall Offices (95, 170, 1))
[15:57:55]ATTACK: BlackCrystalic/(Young Defender (774)) has grabbed ADIBELL/(Magomed Sharipiv) (NEWHP: 7.45001)  (Marshall Offices (94, 170, 1))
[15:57:55]ATTACK: BlackCrystalic/(Young Defender (774)) схватил ADIBELL/(Magomed Sharipiv)
[15:58:04]ATTACK: BlackCrystalic/(Young Defender (774)) has grabbed Sewa/(Kelvin Focell) (NEWHP: -31.5)  (Marshall Offices (92, 170, 1))
[15:58:04]ATTACK: BlackCrystalic/(Young Defender (774)) схватил Sewa/(Kelvin Focell)
[15:58:11]ATTACK: BlackCrystalic/(Young Defender (774)) has grabbed Harlex5435/(Nickolas Stone) (NEWHP: -1.99998)  (Marshall Offices (90, 169, 1))
[15:58:11]ATTACK: BlackCrystalic/(Young Defender (774)) схватил Harlex5435/(Nickolas Stone)
[15:58:26]ATTACK: Harlex5435/(Nickolas Stone) has attacked BlackCrystalic/(Young Defender (774)) with [88 Mod 4 combat pistol] (INTENT: HELP) (DAMTYE: BRUTE) (NEWHP: 135)  (Northern Colony Grounds (90, 164, 1))
[15:58:26]ATTACK: Harlex5435/(Nickolas Stone) attacked BlackCrystalic/(Young Defender (774)) with 88 Mod 4 combat pistol (INTENT: HELP) (DAMTYE: BRUTE)
[15:58:26]ATTACK: Harlex5435/(Nickolas Stone) has shot BlackCrystalic/(Young Defender (774)) with [armor-piercing pistol bullet] (NEWHP: 125)  (Northern Colony Grounds (90, 163, 1))
[15:58:26]ATTACK: Nickolas Stone (harlex5435) shot Young Defender (774) (blackcrystalic) with an armor-piercing pistol bullet in Northern Colony Grounds (<A HREF='?_src_=holder;adminplayerobservecoodjump=1;X=90;Y=163;Z=1'>JMP</a>)
[15:58:33]ATTACK: BlackCrystalic/(Young Defender (774)) has grabbed Harlex5435/(Nickolas Stone) (NEWHP: -37.3)  (Northern Colony Grounds (91, 163, 1))
[15:58:33]ATTACK: BlackCrystalic/(Young Defender (774)) схватил Harlex5435/(Nickolas Stone)
[16:00:55]ATTACK: Atlasic/(Young Drone (341)) has grabbed Harlex5435/(Nickolas Stone) (NEWHP: -11.6)  (Unknown Area (178, 123, 1))
[16:00:55]ATTACK: Atlasic/(Young Drone (341)) схватил Harlex5435/(Nickolas Stone)
[16:01:12]ATTACK: BlackCrystalic/(Mature Defender (774)) has slashed ADIBELL/(Magomed Sharipiv) (NEWHP: -17.625)  (Lambda Lab (179, 135, 1))
[16:01:13]ATTACK: BlackCrystalic/(Mature Defender (774)) has slashed ADIBELL/(Magomed Sharipiv) (NEWHP: -17.625)  (Lambda Lab (179, 135, 1))
[16:01:15]ATTACK: BlackCrystalic/(Mature Defender (774)) has grabbed ADIBELL/(Magomed Sharipiv) (NEWHP: -60.825)  (Lambda Lab (179, 135, 1))
[16:01:15]ATTACK: BlackCrystalic/(Mature Defender (774)) схватил ADIBELL/(Magomed Sharipiv)
[16:01:57]ATTACK: Atlasic/(Young Drone (341)) has grabbed ADIBELL/(Magomed Sharipiv) (NEWHP: -105.925)  (Lambda Lab (182, 147, 1))
[16:01:57]ATTACK: Atlasic/(Young Drone (341)) схватил ADIBELL/(Magomed Sharipiv)
[16:02:51]ATTACK: Atlasic/(Mature Drone (341)) has spat on [Scientist's Locker] with corrosive acid (Lambda Lab (178, 146, 1))
[16:02:51]ATTACK: Mature Drone (341) (atlasic) spat acid on Scientist's Locker.
[16:02:54]ATTACK: Atlasic/(Mature Drone (341)) has spat on [metal] with corrosive acid (Lambda Lab (178, 146, 1))
[16:02:54]ATTACK: Mature Drone (341) (atlasic) spat acid on the metal.
[16:02:55]ATTACK: Atlasic/(Mature Drone (341)) has spat on [mechanical toolbox] with corrosive acid (Lambda Lab (178, 146, 1))
[16:02:55]ATTACK: Mature Drone (341) (atlasic) spat acid on the mechanical toolbox.
[16:02:59]ATTACK: Atlasic/(Mature Drone (341)) has spat on [metal] with corrosive acid (Lambda Lab (179, 146, 1))
[16:02:59]ATTACK: Mature Drone (341) (atlasic) spat acid on the metal.
[16:03:00]ATTACK: Atlasic/(Mature Drone (341)) has spat on [T-ray scanner] with corrosive acid (Lambda Lab (179, 146, 1))
[16:03:00]ATTACK: Mature Drone (341) (atlasic) spat acid on T-ray scanner.
[16:03:07]ATTACK: Atlasic/(Mature Drone (341)) has spat on [Scientist's Locker] with corrosive acid (Lambda Lab (180, 146, 1))
[16:03:07]ATTACK: Mature Drone (341) (atlasic) spat acid on Scientist's Locker.
[16:03:09]ATTACK: Atlasic/(Mature Drone (341)) has grabbed BlackCrystalic/(Young Warrior (774)) (NEWHP: 200)  (Lambda Lab (180, 147, 1))
[16:03:09]ATTACK: Atlasic/(Mature Drone (341)) схватил BlackCrystalic/(Young Warrior (774))
[16:03:17]ATTACK: Atlasic/(Mature Drone (341)) has spat on [alpha squad gloves] with corrosive acid (Lambda Lab (181, 147, 1))
[16:03:17]ATTACK: Mature Drone (341) (atlasic) spat acid on the alpha squad gloves.
[16:03:58]ATTACK: Atlasic/(Mature Drone (341)) has spat on [experimental blowtorch] with corrosive acid (Lambda Lab (183, 148, 1))
[16:03:58]ATTACK: Mature Drone (341) (atlasic) spat acid on the experimental blowtorch.
[16:03:59]ATTACK: Atlasic/(Mature Drone (341)) has spat on [Scientist labcoat] with corrosive acid (Lambda Lab (183, 148, 1))
[16:03:59]ATTACK: Mature Drone (341) (atlasic) spat acid on Scientist labcoat.
[16:04:00]ATTACK: Atlasic/(Mature Drone (341)) has spat on [ore box] with corrosive acid (Lambda Lab (183, 148, 1))
[16:04:00]ATTACK: Mature Drone (341) (atlasic) spat acid on the ore box.
[16:04:00]ATTACK: Atlasic/(Mature Drone (341)) has spat on [metal] with corrosive acid (Lambda Lab (183, 148, 1))
[16:04:00]ATTACK: Mature Drone (341) (atlasic) spat acid on the metal.
[16:04:01]ATTACK: Atlasic/(Mature Drone (341)) has spat on [ore box] with corrosive acid (Lambda Lab (183, 148, 1))
[16:04:01]ATTACK: Mature Drone (341) (atlasic) spat acid on the ore box.
[16:04:05]ATTACK: Atlasic/(Mature Drone (341)) has spat on [clipboard] with corrosive acid (Lambda Lab (179, 148, 1))
[16:04:05]ATTACK: Mature Drone (341) (atlasic) spat acid on the clipboard.
[16:04:08]ATTACK: Atlasic/(Mature Drone (341)) has spat on [multitool] with corrosive acid (Lambda Lab (180, 148, 1))
[16:04:08]ATTACK: Mature Drone (341) (atlasic) spat acid on the multitool.
[16:04:20]ATTACK: Atlasic/(Mature Drone (341)) has spat on [Vendomat] with corrosive acid (Lambda Lab (183, 150, 1))
[16:04:20]ATTACK: Mature Drone (341) (atlasic) spat acid on Vendomat.
[16:04:20]ATTACK: Jermaine Earl (cmru) fired an orbital bombardment in Lambda Lab'
[16:04:40]ATTACK: Atlasic/(Mature Drone (341)) has grabbed *no key*/(Nickolas Stone) (NEWHP: -136.5)  (Lambda Lab (179, 146, 1))
[16:04:40]ATTACK: Atlasic/(Mature Drone (341)) схватил *no key*/(Nickolas Stone)
[16:05:21]ATTACK: Atlasic/(Mature Drone (341)) has spat on [gas mask] with corrosive acid (Lambda Lab (181, 146, 1))
[16:05:21]ATTACK: Mature Drone (341) (atlasic) spat acid on the gas mask.
[16:05:22]ATTACK: Atlasic/(Mature Drone (341)) has spat on [air tank] with corrosive acid (Lambda Lab (181, 146, 1))
[16:05:22]ATTACK: Mature Drone (341) (atlasic) spat acid on the air tank.
[16:05:23]ATTACK: Atlasic/(Mature Drone (341)) has spat on [white shoes] with corrosive acid (Lambda Lab (181, 146, 1))
[16:05:23]ATTACK: Mature Drone (341) (atlasic) spat acid on the white shoes.
[16:05:23]ATTACK: Atlasic/(Mature Drone (341)) has spat on [labcoat] with corrosive acid (Lambda Lab (181, 146, 1))
[16:05:23]ATTACK: Mature Drone (341) (atlasic) spat acid on the labcoat.
[16:05:32]ATTACK: Atlasic/(Mature Drone (341)) has spat on [Laptop Computer] with corrosive acid (Lambda Lab (180, 151, 1))
[16:05:32]ATTACK: Mature Drone (341) (atlasic) spat acid on Laptop Computer.
[16:05:35]ATTACK: Atlasic/(Mature Drone (341)) has spat on [autolathe] with corrosive acid (Lambda Lab (180, 151, 1))
[16:05:35]ATTACK: Mature Drone (341) (atlasic) spat acid on the autolathe.
[16:05:35]ATTACK: Atlasic/(Mature Drone (341)) has spat on [Protolathe] with corrosive acid (Lambda Lab (180, 151, 1))
[16:05:35]ATTACK: Mature Drone (341) (atlasic) spat acid on Protolathe.
[16:05:37]ATTACK: Atlasic/(Mature Drone (341)) has spat on [table] with corrosive acid (Lambda Lab (180, 151, 1))
[16:05:37]ATTACK: Mature Drone (341) (atlasic) spat acid on the table.
[16:05:44]ATTACK: Atlasic/(Mature Drone (341)) has spat on [hyper-capacity power cell] with corrosive acid (Lambda Lab (178, 151, 1))
[16:05:44]ATTACK: Mature Drone (341) (atlasic) spat acid on the hyper-capacity power cell.
[16:05:45]ATTACK: Atlasic/(Mature Drone (341)) has spat on [heavy-duty cell charger] with corrosive acid (Lambda Lab (178, 151, 1))
[16:05:45]ATTACK: Mature Drone (341) (atlasic) spat acid on the heavy-duty cell charger.
[16:05:50]ATTACK: Atlasic/(Mature Drone (341)) has spat on [table] with corrosive acid (Lambda Lab (178, 151, 1))
[16:05:50]ATTACK: Mature Drone (341) (atlasic) spat acid on the table.
[16:05:59]ATTACK: Atlasic/(Mature Drone (341)) has spat on [fire extinguisher] with corrosive acid (Lambda Lab (178, 151, 1))
[16:05:59]ATTACK: Mature Drone (341) (atlasic) spat acid on the fire extinguisher.
[16:06:07]ATTACK: Atlasic/(Mature Drone (341)) has spat on [fueltank] with corrosive acid (Lambda Lab (175, 149, 1))
[16:06:07]ATTACK: Mature Drone (341) (atlasic) spat acid on the fueltank.
[16:06:08]ATTACK: Atlasic/(Mature Drone (341)) has spat on [watertank] with corrosive acid (Lambda Lab (175, 149, 1))
[16:06:08]ATTACK: Mature Drone (341) (atlasic) spat acid on the watertank.
[16:08:48]ATTACK: Atlasic/(Mature Drone (341)) has spat on [M11 pattern leader helmet] with corrosive acid (Lambda Lab (187, 142, 1))
[16:08:48]ATTACK: Mature Drone (341) (atlasic) spat acid on M11 pattern leader helmet.
[16:11:12]ATTACK: Atlasic/(Mature Drone (341)) has grabbed *no key*/(Magomed Sharipiv) (NEWHP: -227.1)  (Lambda Lab (180, 147, 1))
[16:11:12]ATTACK: Atlasic/(Mature Drone (341)) схватил *no key*/(Magomed Sharipiv)
[16:11:42]ATTACK: Atlasic/(Young Hivelord (341)) has grabbed *no key*/(Nickolas Stone) (NEWHP: -137.5)  (Lambda Lab (181, 147, 1))
[16:11:42]ATTACK: Atlasic/(Young Hivelord (341)) схватил *no key*/(Nickolas Stone)
[16:12:42]ATTACK: Atlasic/(Young Hivelord (341)) has spat on [metal] with corrosive acid (Lambda Lab (182, 140, 1))
[16:12:42]ATTACK: Young Hivelord (341) (atlasic) spat acid on the metal.
[16:12:43]ATTACK: Atlasic/(Young Hivelord (341)) has spat on [metal] with corrosive acid (Lambda Lab (182, 140, 1))
[16:12:43]ATTACK: Young Hivelord (341) (atlasic) spat acid on the metal.
[16:12:43]ATTACK: Atlasic/(Young Hivelord (341)) has spat on [metal] with corrosive acid (Lambda Lab (182, 140, 1))
[16:12:43]ATTACK: Young Hivelord (341) (atlasic) spat acid on the metal.
[16:12:44]ATTACK: Atlasic/(Young Hivelord (341)) has spat on [rock] with corrosive acid (Lambda Lab (182, 140, 1))
[16:12:44]ATTACK: Young Hivelord (341) (atlasic) spat acid on the rock.
[16:12:47]ATTACK: Atlasic/(Young Hivelord (341)) has spat on [metal] with corrosive acid (Lambda Lab (180, 140, 1))
[16:12:47]ATTACK: Young Hivelord (341) (atlasic) spat acid on the metal.
[16:12:53]ATTACK: Atlasic/(Young Hivelord (341)) has spat on [rock] with corrosive acid (Lambda Lab (179, 136, 1))
[16:12:53]ATTACK: Young Hivelord (341) (atlasic) spat acid on the rock.
[16:12:54]ATTACK: Atlasic/(Young Hivelord (341)) has spat on [rock] with corrosive acid (Lambda Lab (179, 136, 1))
[16:12:54]ATTACK: Young Hivelord (341) (atlasic) spat acid on the rock.
[16:12:54]ATTACK: Atlasic/(Young Hivelord (341)) has spat on [rock] with corrosive acid (Lambda Lab (179, 136, 1))
[16:12:54]ATTACK: Young Hivelord (341) (atlasic) spat acid on the rock.
[16:15:02]ATTACK: Atlasic/(Young Hivelord (341)) has spat on [metal] with corrosive acid (Lambda Lab (183, 141, 1))
[16:15:02]ATTACK: Young Hivelord (341) (atlasic) spat acid on the metal.
[16:15:09]ATTACK: Atlasic/(Young Hivelord (341)) has spat on [resin door] with corrosive acid (Lambda Lab (182, 141, 1))
[16:15:09]ATTACK: Young Hivelord (341) (atlasic) spat acid on the resin door.
[16:16:42]ATTACK: Atlasic/(Young Hivelord (341)) has spat on [rock] with corrosive acid (Lambda Lab (182, 141, 1))
[16:16:42]ATTACK: Young Hivelord (341) (atlasic) spat acid on the rock.
[16:18:05]ATTACK: Harlex5435/(Young Runner (628)) has grabbed *no key*/(Kelvin Focell) (NEWHP: -37.5)  (Marshall Offices (87, 170, 1))
[16:18:05]ATTACK: Harlex5435/(Young Runner (628)) схватил *no key*/(Kelvin Focell)
[16:18:47]ATTACK: Sladk0ewka/(Evan Tomato) has attacked Sladk0ewka/(Evan Tomato) with [M-OU53 Tactical Shotgun (Wielded)] (INTENT: HELP) (DAMTYE: BRUTE) (NEWHP: 100)  (Dormitories (99, 161, 1))
[16:18:47]ATTACK: Sladk0ewka/(Evan Tomato) attacked Sladk0ewka/(Evan Tomato) with M-OU53 Tactical Shotgun (Wielded) (INTENT: HELP) (DAMTYE: BRUTE)
[16:19:14]ATTACK: Atlasic/(Young Hivelord (341)) has slashed *no key*/(Kelvin Focell) (NEWHP: -86.5)  (Lambda Lab (187, 142, 1))
[16:19:16]ATTACK: Atlasic/(Young Hivelord (341)) has grabbed *no key*/(Kelvin Focell) (NEWHP: -101.5)  (Lambda Lab (187, 142, 1))
[16:19:16]ATTACK: Atlasic/(Young Hivelord (341)) схватил *no key*/(Kelvin Focell)
[16:19:17]ATTACK: GhostPokolenie/(Young Runner (298)) has grabbed *no key*/(Kelvin Focell) (NEWHP: -101.5)  (Lambda Lab (186, 141, 1))
[16:19:17]ATTACK: GhostPokolenie/(Young Runner (298)) схватил *no key*/(Kelvin Focell)
[16:19:19]ATTACK: Sladk0ewka/(Evan Tomato) has injected Sladk0ewka/(Evan Tomato) with [First-aid autoinjector] Reagents: Tricordrazine (NEWHP: 86.4)  (Central Colony Grounds (102, 140, 1))
[16:19:19]ATTACK: Evan Tomato (sladk0ewka) injected Evan Tomato (Sladk0ewka) with First-aid autoinjector. Reagents: Tricordrazine (INTENT: HELP) (<A HREF='?_src_=holder;adminplayerobservecoodjump=1;X=102;Y=140;Z=1'>JMP</a>)
[16:19:35]ATTACK: Atlasic/(Young Hivelord (341)) has grabbed *no key*/(Kelvin Focell) (NEWHP: -105.5)  (Lambda Lab (187, 144, 1))
[16:19:35]ATTACK: Atlasic/(Young Hivelord (341)) схватил *no key*/(Kelvin Focell)
[16:19:38]ATTACK: Sladk0ewka/(Evan Tomato) has injected Sladk0ewka/(Evan Tomato) with [Pain-stop autoinjector] Reagents: Tramadol (NEWHP: 89)  (Bar (119, 134, 1))
[16:19:38]ATTACK: Evan Tomato (sladk0ewka) injected Evan Tomato (Sladk0ewka) with Pain-stop autoinjector. Reagents: Tramadol (INTENT: HELP) (<A HREF='?_src_=holder;adminplayerobservecoodjump=1;X=119;Y=134;Z=1'>JMP</a>)
[16:20:52]ATTACK: ALex13t/(Reno 'Slowflake' Flake) has hit Artyuom/(Johnny Vietnam) with [tools pouch] (thrown) (NEWHP: 99.8)  (Space Port (35, 180, 1))
[16:20:52]ATTACK: Johnny Vietnam (artyuom) was hit by a the tools pouch, thrown by Reno 'Slowflake' Flake (alex13t) (<A HREF='?_src_=holder;adminplayerobservecoodjump=1;X=33;Y=179;Z=1'>JMP</a>)
[16:22:01]ATTACK: Atlasic/(Young Hivelord (341)) has spat on [Lambda Lab Lockdown] with corrosive acid (Lambda Lab (166, 130, 1))
[16:22:01]ATTACK: Young Hivelord (341) (atlasic) spat acid on the Lambda Lab Lockdown.
[16:22:02]ATTACK: Atlasic/(Young Hivelord (341)) has spat on [Lambda Lab Lockdown] with corrosive acid (Lambda Lab (166, 130, 1))
[16:22:02]ATTACK: Young Hivelord (341) (atlasic) spat acid on the Lambda Lab Lockdown.
[16:22:26]ATTACK: Artyuom/(Johnny Vietnam) has shot ADIBELL/(Young Lurker (278)) with [additional flechette] (NEWHP: 150)  (Space Port (42, 179, 1))
[16:22:26]ATTACK: Johnny Vietnam (artyuom) shot Young Lurker (278) (adibell) with an additional flechette in Space Port (<A HREF='?_src_=holder;adminplayerobservecoodjump=1;X=42;Y=179;Z=1'>JMP</a>)
[16:22:26]ATTACK: Artyuom/(Johnny Vietnam) has shot ADIBELL/(Young Lurker (278)) with [additional flechette] (NEWHP: 120.4)  (Space Port (42, 179, 1))
[16:22:26]ATTACK: Johnny Vietnam (artyuom) shot Young Lurker (278) (adibell) with an additional flechette in Space Port (<A HREF='?_src_=holder;adminplayerobservecoodjump=1;X=42;Y=179;Z=1'>JMP</a>)
[16:22:26]ATTACK: Artyuom/(Johnny Vietnam) has shot ADIBELL/(Young Lurker (278)) with [shotgun flechette shell] (NEWHP: 89.9)  (Space Port (42, 179, 1))
[16:22:26]ATTACK: Johnny Vietnam (artyuom) shot Young Lurker (278) (adibell) with a shotgun flechette shell in Space Port (<A HREF='?_src_=holder;adminplayerobservecoodjump=1;X=42;Y=179;Z=1'>JMP</a>)
[16:22:26]ATTACK: Artyuom/(Johnny Vietnam) has attacked ADIBELL/(Young Lurker (278)) with [M-OU53 Tactical Shotgun (Wielded)] (INTENT: HELP) (DAMTYE: BRUTE) (NEWHP: 35.9)  (Space Port (42, 179, 1))
[16:22:26]ATTACK: Artyuom/(Johnny Vietnam) attacked ADIBELL/(Young Lurker (278)) with M-OU53 Tactical Shotgun (Wielded) (INTENT: HELP) (DAMTYE: BRUTE)
[16:22:43]ATTACK: Artyuom/(Johnny Vietnam) has shot ADIBELL/(Young Lurker (278)) with [shotgun flechette shell] (NEWHP: -30.1)  (Northwest Colony Grounds (40, 177, 1))
[16:22:43]ATTACK: Johnny Vietnam (artyuom) shot Young Lurker (278) (adibell) with a shotgun flechette shell in Northwest Colony Grounds (<A HREF='?_src_=holder;adminplayerobservecoodjump=1;X=40;Y=177;Z=1'>JMP</a>)
[16:22:45]ATTACK: Artyuom/(Johnny Vietnam) has shot ADIBELL/(Young Lurker (278)) with [incendiary slug] (NEWHP: -84.6)  (Northwest Colony Grounds (40, 177, 1))
[16:22:45]ATTACK: Johnny Vietnam (artyuom) shot Young Lurker (278) (adibell) with an incendiary slug in Northwest Colony Grounds (<A HREF='?_src_=holder;adminplayerobservecoodjump=1;X=40;Y=177;Z=1'>JMP</a>)
[16:22:46]ATTACK: Artyuom/(Johnny Vietnam) has shot ADIBELL/(Young Lurker (278)) with [shotgun flechette shell] (NEWHP: -129.6)  (Northwest Colony Grounds (41, 177, 1))
[16:22:46]ATTACK: Johnny Vietnam (artyuom) shot Young Lurker (278) (adibell) with a shotgun flechette shell in Northwest Colony Grounds (<A HREF='?_src_=holder;adminplayerobservecoodjump=1;X=41;Y=177;Z=1'>JMP</a>)
[16:22:46]ATTACK: Artyuom/(Johnny Vietnam) has shot ADIBELL/(Young Lurker (278)) with [incendiary slug] (NEWHP: -179.6)  (Northwest Colony Grounds (41, 177, 1))
[16:22:46]ATTACK: Johnny Vietnam (artyuom) shot Young Lurker (278) (adibell) with an incendiary slug in Northwest Colony Grounds (<A HREF='?_src_=holder;adminplayerobservecoodjump=1;X=41;Y=177;Z=1'>JMP</a>)
[16:22:49]ATTACK: Sladk0ewka/(Evan Tomato) has shot Alot/(Elder Queen) with [additional buckshot] (NEWHP: 400)  (Northeast Colony Grounds (160, 144, 1))
[16:22:49]ATTACK: Evan Tomato (sladk0ewka) shot Elder Queen (alot) with an additional buckshot in Northeast Colony Grounds (<A HREF='?_src_=holder;adminplayerobservecoodjump=1;X=160;Y=144;Z=1'>JMP</a>)
[16:22:49]ATTACK: Sladk0ewka/(Evan Tomato) has shot Alot/(Elder Queen) with [shotgun buckshot shell] (NEWHP: 374.5)  (Northeast Colony Grounds (160, 144, 1))
[16:22:49]ATTACK: Evan Tomato (sladk0ewka) shot Elder Queen (alot) with a shotgun buckshot shell in Northeast Colony Grounds (<A HREF='?_src_=holder;adminplayerobservecoodjump=1;X=160;Y=144;Z=1'>JMP</a>)
[16:22:50]ATTACK: Sladk0ewka/(Evan Tomato) has shot Alot/(Elder Queen) with [shotgun flechette shell] (NEWHP: 335.5)  (Northeast Colony Grounds (160, 146, 1))
[16:22:50]ATTACK: Evan Tomato (sladk0ewka) shot Elder Queen (alot) with a shotgun flechette shell in Northeast Colony Grounds (<A HREF='?_src_=holder;adminplayerobservecoodjump=1;X=160;Y=146;Z=1'>JMP</a>)
[16:22:50]ATTACK: Sladk0ewka/(Evan Tomato) has shot Alot/(Elder Queen) with [additional flechette] (NEWHP: 289.5)  (Northeast Colony Grounds (160, 146, 1))
[16:22:50]ATTACK: Evan Tomato (sladk0ewka) shot Elder Queen (alot) with an additional flechette in Northeast Colony Grounds (<A HREF='?_src_=holder;adminplayerobservecoodjump=1;X=160;Y=146;Z=1'>JMP</a>)
[16:22:54]ATTACK: Atlasic/(Young Hivelord (341)) has spat on [Lambda Lab Lockdown] with corrosive acid (Eastern Colony Grounds (162, 129, 1))
[16:22:54]ATTACK: Young Hivelord (341) (atlasic) spat acid on the Lambda Lab Lockdown.
[16:22:54]ATTACK: Alot/(Elder Queen) has slashed Sladk0ewka/(Evan Tomato) (NEWHP: 100)  (Northeast Colony Grounds (161, 147, 1))
[16:22:55]ATTACK: Alot/(Elder Queen) has tail-stabbed Sladk0ewka/(Evan Tomato) (NEWHP: 40.9)  (Northeast Colony Grounds (161, 147, 1))
[16:22:56]ATTACK: Alot/(Elder Queen) has slashed Sladk0ewka/(Evan Tomato) (NEWHP: 4.9)  (Northeast Colony Grounds (161, 147, 1))
[16:22:57]ATTACK: Alot/(Elder Queen) has grabbed Sladk0ewka/(Evan Tomato) (NEWHP: 4.8)  (Northeast Colony Grounds (161, 147, 1))
[16:22:57]ATTACK: Alot/(Elder Queen) схватил Sladk0ewka/(Evan Tomato)
[16:22:58]ATTACK: Alot/(Elder Queen) has grabbed Sladk0ewka/(Evan Tomato) (NEWHP: 4.8)  (Northeast Colony Grounds (161, 147, 1))
[16:22:58]ATTACK: Alot/(Elder Queen) схватил Sladk0ewka/(Evan Tomato)
[16:23:06]ATTACK: Atlasic/(Young Hivelord (341)) has grabbed Sladk0ewka/(Evan Tomato) (NEWHP: 4.39999)  (Northeast Colony Grounds (161, 145, 1))
[16:23:06]ATTACK: Atlasic/(Young Hivelord (341)) схватил Sladk0ewka/(Evan Tomato)
[16:23:23]ATTACK: Johnny Vietnam (artyuom) primed M40 HIDP incendiary grenade (<A HREF='?_src_=holder;adminplayerobservecoodjump=1;X=41;Y=179;Z=1'>JMP</a>)
[16:23:40]ATTACK: GhostPokolenie/(Mature Runner (298)) has grabbed Sladk0ewka/(Evan Tomato) (NEWHP: 2.79999)  (Eastern Colony Grounds (162, 129, 1))
[16:23:40]ATTACK: GhostPokolenie/(Mature Runner (298)) схватил Sladk0ewka/(Evan Tomato)
[16:23:50]ATTACK: GhostPokolenie/(Mature Runner (298)) has grabbed Sladk0ewka/(Evan Tomato) (NEWHP: -0.700012)  (Eastern Colony Grounds (162, 128, 1))
[16:23:50]ATTACK: GhostPokolenie/(Mature Runner (298)) схватил Sladk0ewka/(Evan Tomato)
[16:24:11]ATTACK: BlackCrystalic/(Young Praetorian (774)) has slashed Sladk0ewka/(Evan Tomato) while they were infected (NEWHP: -4.70001)  (Eastern Colony Grounds (161, 128, 1))
[16:24:35]ATTACK: Alot/(Elder Queen) has grabbed Sewa/(Mature Larva (22)) (NEWHP: 35)  (Lambda Lab (174, 130, 1))
[16:24:35]ATTACK: Alot/(Elder Queen) схватил Sewa/(Mature Larva (22))
[16:24:43]ATTACK: Atlasic/(Young Hivelord (341)) has grabbed Sladk0ewka/(Evan Tomato) (NEWHP: -8.95002)  (Eastern Colony Grounds (162, 129, 1))
[16:24:43]ATTACK: Atlasic/(Young Hivelord (341)) схватил Sladk0ewka/(Evan Tomato)
[16:25:38]ATTACK: Atlasic/(Young Hivelord (341)) has grabbed Sladk0ewka/(Evan Tomato) (NEWHP: -11.55)  (Lambda Lab (180, 146, 1))
[16:25:38]ATTACK: Atlasic/(Young Hivelord (341)) схватил Sladk0ewka/(Evan Tomato)
[16:25:43]ATTACK: [UA 571-C sentry gun] has shot Harlex5435/(Elder Runner (628)) with [autocannon bullet] (NEWHP: 150)  (Space Port (42, 182, 1))
[16:25:43]ATTACK: UA 571-C sentry gun shot Elder Runner (628) (harlex5435) with a the autocannon bullet (<A HREF='?_src_=holder;adminplayerobservecoodjump=1;X=42;Y=182;Z=1'>JMP</a>)
[16:25:43]ATTACK: [UA 571-C sentry gun] has shot Harlex5435/(Elder Runner (628)) with [autocannon bullet] (NEWHP: 122.3)  (Space Port (42, 182, 1))
[16:25:43]ATTACK: UA 571-C sentry gun shot Elder Runner (628) (harlex5435) with a the autocannon bullet (<A HREF='?_src_=holder;adminplayerobservecoodjump=1;X=42;Y=182;Z=1'>JMP</a>)
[16:25:44]ATTACK: [UA 571-C sentry gun] has shot Harlex5435/(Elder Runner (628)) with [autocannon bullet] (NEWHP: 95.6)  (Space Port (42, 182, 1))
[16:25:44]ATTACK: UA 571-C sentry gun shot Elder Runner (628) (harlex5435) with a the autocannon bullet (<A HREF='?_src_=holder;adminplayerobservecoodjump=1;X=42;Y=182;Z=1'>JMP</a>)
[16:26:35]ATTACK: Chaburek/(Haidee Baxter) has shot BlackCrystalic/(Young Praetorian (774)) with [additional flechette] (NEWHP: 250)  (Space Port (42, 178, 1))
[16:26:35]ATTACK: Haidee Baxter (chaburek) shot Young Praetorian (774) (blackcrystalic) with an additional flechette in Space Port (<A HREF='?_src_=holder;adminplayerobservecoodjump=1;X=42;Y=178;Z=1'>JMP</a>)
[16:26:35]ATTACK: Chaburek/(Haidee Baxter) has shot BlackCrystalic/(Young Praetorian (774)) with [shotgun flechette shell] (NEWHP: 219.8)  (Space Port (42, 178, 1))
[16:26:35]ATTACK: Haidee Baxter (chaburek) shot Young Praetorian (774) (blackcrystalic) with a shotgun flechette shell in Space Port (<A HREF='?_src_=holder;adminplayerobservecoodjump=1;X=42;Y=178;Z=1'>JMP</a>)
[16:26:40]ATTACK: [UA 571-C sentry gun] has shot BlackCrystalic/(Young Praetorian (774)) with [autocannon bullet] (NEWHP: 164.8)  (Space Port (42, 182, 1))
[16:26:40]ATTACK: UA 571-C sentry gun shot Young Praetorian (774) (blackcrystalic) with a the autocannon bullet (<A HREF='?_src_=holder;adminplayerobservecoodjump=1;X=42;Y=182;Z=1'>JMP</a>)
[16:26:47]ATTACK: [UA 571-C sentry gun] has shot BlackCrystalic/(Young Praetorian (774)) with [autocannon bullet] (NEWHP: 138.45)  (Space Port (42, 182, 1))
[16:26:47]ATTACK: UA 571-C sentry gun shot Young Praetorian (774) (blackcrystalic) with a the autocannon bullet (<A HREF='?_src_=holder;adminplayerobservecoodjump=1;X=42;Y=182;Z=1'>JMP</a>)
[16:26:48]ATTACK: [UA 571-C sentry gun] has shot BlackCrystalic/(Young Praetorian (774)) with [autocannon bullet] (NEWHP: 111.45)  (Space Port (42, 182, 1))
[16:26:48]ATTACK: UA 571-C sentry gun shot Young Praetorian (774) (blackcrystalic) with a the autocannon bullet (<A HREF='?_src_=holder;adminplayerobservecoodjump=1;X=42;Y=182;Z=1'>JMP</a>)
[16:26:48]ATTACK: [UA 571-C sentry gun] has shot BlackCrystalic/(Young Praetorian (774)) with [autocannon bullet] (NEWHP: 87.15)  (Space Port (42, 182, 1))
[16:26:48]ATTACK: UA 571-C sentry gun shot Young Praetorian (774) (blackcrystalic) with a the autocannon bullet (<A HREF='?_src_=holder;adminplayerobservecoodjump=1;X=42;Y=182;Z=1'>JMP</a>)
[16:26:48]ATTACK: [UA 571-C sentry gun] has shot BlackCrystalic/(Young Praetorian (774)) with [autocannon bullet] (NEWHP: 62.85)  (Space Port (42, 182, 1))
[16:26:48]ATTACK: UA 571-C sentry gun shot Young Praetorian (774) (blackcrystalic) with a the autocannon bullet (<A HREF='?_src_=holder;adminplayerobservecoodjump=1;X=42;Y=182;Z=1'>JMP</a>)
[16:26:48]ATTACK: Chaburek/(Haidee Baxter) has shot BlackCrystalic/(Young Praetorian (774)) with [additional flechette] (NEWHP: 32.85)  (Space Port (43, 178, 1))
[16:26:48]ATTACK: Haidee Baxter (chaburek) shot Young Praetorian (774) (blackcrystalic) with an additional flechette in Space Port (<A HREF='?_src_=holder;adminplayerobservecoodjump=1;X=43;Y=178;Z=1'>JMP</a>)
[16:26:48]ATTACK: Chaburek/(Haidee Baxter) has shot BlackCrystalic/(Young Praetorian (774)) with [shotgun flechette shell] (NEWHP: 1.15001)  (Space Port (43, 178, 1))
[16:26:48]ATTACK: Haidee Baxter (chaburek) shot Young Praetorian (774) (blackcrystalic) with a shotgun flechette shell in Space Port (<A HREF='?_src_=holder;adminplayerobservecoodjump=1;X=43;Y=178;Z=1'>JMP</a>)
[16:26:57]ATTACK: Chaburek/(Haidee Baxter) has attacked BlackCrystalic/(Young Praetorian (774)) with [M37A2 Pump Shotgun (Wielded)] (INTENT: HELP) (DAMTYE: BRUTE) (NEWHP: -58.85)  (Northwest Colony Grounds (40, 177, 1))
[16:26:57]ATTACK: Chaburek/(Haidee Baxter) attacked BlackCrystalic/(Young Praetorian (774)) with M37A2 Pump Shotgun (Wielded) (INTENT: HELP) (DAMTYE: BRUTE)
[16:27:07]ATTACK: GhostPokolenie/(Mature Runner (298)) has grabbed Harlex5435/(Elder Runner (628)) (NEWHP: 149.202)  (Central Colony Grounds (110, 140, 1))
[16:27:07]ATTACK: GhostPokolenie/(Mature Runner (298)) схватил Harlex5435/(Elder Runner (628))
[16:27:30]ATTACK: Artyuom/(Johnny Vietnam) has fed Chaburek/(Haidee Baxter) with [pill] Reagents: kelotane(15u) (NEWHP: 80)  (Space Port (41, 179, 1))
[16:27:30]ATTACK: Johnny Vietnam (artyuom) fed Haidee Baxter (chaburek) with pill Reagents: kelotane(15u) (INTENT: HELP) (<A HREF='?_src_=holder;adminplayerobservecoodjump=1;X=41;Y=179;Z=1'>JMP</a>)
[16:27:35]ATTACK: Artyuom/(Johnny Vietnam) has fed Chaburek/(Haidee Baxter) with [pill] Reagents: tramadol(15u) (NEWHP: 80)  (Space Port (41, 179, 1))
[16:27:35]ATTACK: Johnny Vietnam (artyuom) fed Haidee Baxter (chaburek) with pill Reagents: tramadol(15u) (INTENT: HELP) (<A HREF='?_src_=holder;adminplayerobservecoodjump=1;X=41;Y=179;Z=1'>JMP</a>)
[16:28:22]ATTACK: GhostPokolenie/(Mature Runner (298)) has grabbed *no key*/(Young Praetorian (774)) (NEWHP: -100.35)  (Northwest Colony Grounds (38, 177, 1))
[16:28:22]ATTACK: GhostPokolenie/(Mature Runner (298)) схватил *no key*/(Young Praetorian (774))
[16:28:28]ATTACK: [UA 571-C sentry gun] has shot Alot/(Elder Queen) with [autocannon bullet] (NEWHP: 390)  (Space Port (42, 182, 1))
[16:28:28]ATTACK: UA 571-C sentry gun shot Elder Queen (alot) with a the autocannon bullet (<A HREF='?_src_=holder;adminplayerobservecoodjump=1;X=42;Y=182;Z=1'>JMP</a>)
[16:28:28]ATTACK: [UA 571-C sentry gun] has shot Alot/(Elder Queen) with [autocannon bullet] (NEWHP: 380.1)  (Space Port (42, 182, 1))
[16:28:28]ATTACK: UA 571-C sentry gun shot Elder Queen (alot) with a the autocannon bullet (<A HREF='?_src_=holder;adminplayerobservecoodjump=1;X=42;Y=182;Z=1'>JMP</a>)
[16:28:28]ATTACK: [UA 571-C sentry gun] has shot Alot/(Elder Queen) with [autocannon bullet] (NEWHP: 361.85)  (Space Port (42, 182, 1))
[16:28:28]ATTACK: UA 571-C sentry gun shot Elder Queen (alot) with a the autocannon bullet (<A HREF='?_src_=holder;adminplayerobservecoodjump=1;X=42;Y=182;Z=1'>JMP</a>)
[16:28:32]ATTACK: [UA 571-C sentry gun] has shot GhostPokolenie/(Mature Runner (298)) with [autocannon bullet] (NEWHP: 120)  (Space Port (42, 182, 1))
[16:28:32]ATTACK: UA 571-C sentry gun shot Mature Runner (298) (ghostpokolenie) with a the autocannon bullet (<A HREF='?_src_=holder;adminplayerobservecoodjump=1;X=42;Y=182;Z=1'>JMP</a>)
[16:28:32]ATTACK: [UA 571-C sentry gun] has shot GhostPokolenie/(Mature Runner (298)) with [autocannon bullet] (NEWHP: 87)  (Space Port (42, 182, 1))
[16:28:32]ATTACK: UA 571-C sentry gun shot Mature Runner (298) (ghostpokolenie) with a the autocannon bullet (<A HREF='?_src_=holder;adminplayerobservecoodjump=1;X=42;Y=182;Z=1'>JMP</a>)
[16:28:32]ATTACK: [UA 571-C sentry gun] has shot GhostPokolenie/(Mature Runner (298)) with [autocannon bullet] (NEWHP: 58.65)  (Space Port (42, 182, 1))
[16:28:32]ATTACK: UA 571-C sentry gun shot Mature Runner (298) (ghostpokolenie) with a the autocannon bullet (<A HREF='?_src_=holder;adminplayerobservecoodjump=1;X=42;Y=182;Z=1'>JMP</a>)
[16:28:32]ATTACK: [UA 571-C sentry gun] has shot GhostPokolenie/(Mature Runner (298)) with [autocannon bullet] (NEWHP: 30.65)  (Space Port (42, 182, 1))
[16:28:32]ATTACK: UA 571-C sentry gun shot Mature Runner (298) (ghostpokolenie) with a the autocannon bullet (<A HREF='?_src_=holder;adminplayerobservecoodjump=1;X=42;Y=182;Z=1'>JMP</a>)
[16:28:33]ATTACK: [UA 571-C sentry gun] has shot GhostPokolenie/(Mature Runner (298)) with [autocannon bullet] (NEWHP: 1.60001)  (Space Port (42, 182, 1))
[16:28:33]ATTACK: UA 571-C sentry gun shot Mature Runner (298) (ghostpokolenie) with a the autocannon bullet (<A HREF='?_src_=holder;adminplayerobservecoodjump=1;X=42;Y=182;Z=1'>JMP</a>)
[16:28:33]ATTACK: Artyuom/(Johnny Vietnam) has shot GhostPokolenie/(Mature Runner (298)) with [additional flechette] (NEWHP: -25)  (Space Port (41, 179, 1))
[16:28:33]ATTACK: Johnny Vietnam (artyuom) shot Mature Runner (298) (ghostpokolenie) with an additional flechette in Space Port (<A HREF='?_src_=holder;adminplayerobservecoodjump=1;X=41;Y=179;Z=1'>JMP</a>)
[16:28:33]ATTACK: Artyuom/(Johnny Vietnam) has shot GhostPokolenie/(Mature Runner (298)) with [shotgun flechette shell] (NEWHP: -53.9)  (Space Port (41, 179, 1))
[16:28:33]ATTACK: Johnny Vietnam (artyuom) shot Mature Runner (298) (ghostpokolenie) with a shotgun flechette shell in Space Port (<A HREF='?_src_=holder;adminplayerobservecoodjump=1;X=41;Y=179;Z=1'>JMP</a>)
[16:28:34]ATTACK: Artyuom/(Johnny Vietnam) has shot GhostPokolenie/(Mature Runner (298)) with [shotgun flechette shell] (NEWHP: -108.4)  (Space Port (41, 179, 1))
[16:28:34]ATTACK: Johnny Vietnam (artyuom) shot Mature Runner (298) (ghostpokolenie) with a shotgun flechette shell in Space Port (<A HREF='?_src_=holder;adminplayerobservecoodjump=1;X=41;Y=179;Z=1'>JMP</a>)
[16:28:35]ATTACK: Artyuom/(Johnny Vietnam) has shot GhostPokolenie/(Mature Runner (298)) with [shotgun flechette shell] (NEWHP: -108.4)  (Space Port (41, 179, 1))
[16:28:35]ATTACK: Johnny Vietnam (artyuom) shot Mature Runner (298) (ghostpokolenie) with a shotgun flechette shell in Space Port (<A HREF='?_src_=holder;adminplayerobservecoodjump=1;X=41;Y=179;Z=1'>JMP</a>)
[16:28:37]ATTACK: Atlasic/(Young Hivelord (341)) has spat on [reinforced window] with corrosive acid (Northwest Colony Grounds (49, 177, 1))
[16:28:37]ATTACK: Young Hivelord (341) (atlasic) spat acid on the reinforced window.
[16:28:38]ATTACK: Atlasic/(Young Hivelord (341)) has spat on [reinforced window] with corrosive acid (Northwest Colony Grounds (49, 177, 1))
[16:28:38]ATTACK: Young Hivelord (341) (atlasic) spat acid on the reinforced window.
[16:28:39]ATTACK: Atlasic/(Young Hivelord (341)) has spat on [reinforced window] with corrosive acid (Northwest Colony Grounds (49, 177, 1))
[16:28:39]ATTACK: Young Hivelord (341) (atlasic) spat acid on the reinforced window.
[16:28:49]ATTACK: Atlasic/(Young Hivelord (341)) has spat on [reinforced window] with corrosive acid (Northwest Colony Grounds (49, 177, 1))
[16:28:49]ATTACK: Young Hivelord (341) (atlasic) spat acid on the reinforced window.
[16:28:51]ATTACK: Reno 'Slowflake' Flake (alex13t) primed M40 HIDP incendiary grenade (<A HREF='?_src_=holder;adminplayerobservecoodjump=1;X=43;Y=179;Z=1'>JMP</a>)
[16:29:26]ATTACK: [UA 571-C sentry gun] has shot Alot/(Elder Queen) with [autocannon bullet] (NEWHP: 400)  (Space Port (42, 182, 1))
[16:29:26]ATTACK: UA 571-C sentry gun shot Elder Queen (alot) with a the autocannon bullet (<A HREF='?_src_=holder;adminplayerobservecoodjump=1;X=42;Y=182;Z=1'>JMP</a>)
[16:29:26]ATTACK: [UA 571-C sentry gun] has shot Alot/(Elder Queen) with [autocannon bullet] (NEWHP: 370.7)  (Space Port (42, 182, 1))
[16:29:26]ATTACK: UA 571-C sentry gun shot Elder Queen (alot) with a the autocannon bullet (<A HREF='?_src_=holder;adminplayerobservecoodjump=1;X=42;Y=182;Z=1'>JMP</a>)
[16:29:26]ATTACK: [UA 571-C sentry gun] has shot Alot/(Elder Queen) with [autocannon bullet] (NEWHP: 348.7)  (Space Port (42, 182, 1))
[16:29:26]ATTACK: UA 571-C sentry gun shot Elder Queen (alot) with a the autocannon bullet (<A HREF='?_src_=holder;adminplayerobservecoodjump=1;X=42;Y=182;Z=1'>JMP</a>)
[16:29:26]ATTACK: [UA 571-C sentry gun] has shot Alot/(Elder Queen) with [autocannon bullet] (NEWHP: 339.1)  (Space Port (42, 182, 1))
[16:29:26]ATTACK: UA 571-C sentry gun shot Elder Queen (alot) with a the autocannon bullet (<A HREF='?_src_=holder;adminplayerobservecoodjump=1;X=42;Y=182;Z=1'>JMP</a>)
[16:29:26]ATTACK: [UA 571-C sentry gun] has shot Alot/(Elder Queen) with [autocannon bullet] (NEWHP: 327.1)  (Space Port (42, 182, 1))
[16:29:26]ATTACK: UA 571-C sentry gun shot Elder Queen (alot) with a the autocannon bullet (<A HREF='?_src_=holder;adminplayerobservecoodjump=1;X=42;Y=182;Z=1'>JMP</a>)
[16:29:27]ATTACK: [UA 571-C sentry gun] has shot Atlasic/(Young Hivelord (341)) with [autocannon bullet] (NEWHP: 220)  (Space Port (42, 182, 1))
[16:29:27]ATTACK: UA 571-C sentry gun shot Young Hivelord (341) (atlasic) with a the autocannon bullet (<A HREF='?_src_=holder;adminplayerobservecoodjump=1;X=42;Y=182;Z=1'>JMP</a>)
[16:29:27]ATTACK: [UA 571-C sentry gun] has shot Atlasic/(Young Hivelord (341)) with [autocannon bullet] (NEWHP: 190)  (Space Port (42, 182, 1))
[16:29:27]ATTACK: UA 571-C sentry gun shot Young Hivelord (341) (atlasic) with a the autocannon bullet (<A HREF='?_src_=holder;adminplayerobservecoodjump=1;X=42;Y=182;Z=1'>JMP</a>)
[16:30:08]ATTACK: Atlasic/(Young Hivelord (341)) has spat on [flare] with corrosive acid (Northwest Colony Grounds (39, 169, 1))
[16:30:08]ATTACK: Young Hivelord (341) (atlasic) spat acid on the flare.
[16:30:14]ATTACK: Artyuom/(Johnny Vietnam) has shot Atlasic/(Young Hivelord (341)) with [additional flechette] (NEWHP: 207.495)  (Space Port (42, 179, 1))
[16:30:14]ATTACK: Johnny Vietnam (artyuom) shot Young Hivelord (341) (atlasic) with an additional flechette in Space Port (<A HREF='?_src_=holder;adminplayerobservecoodjump=1;X=42;Y=179;Z=1'>JMP</a>)
[16:30:14]ATTACK: Artyuom/(Johnny Vietnam) has shot Atlasic/(Young Hivelord (341)) with [shotgun flechette shell] (NEWHP: 180.295)  (Space Port (42, 179, 1))
[16:30:14]ATTACK: Johnny Vietnam (artyuom) shot Young Hivelord (341) (atlasic) with a shotgun flechette shell in Space Port (<A HREF='?_src_=holder;adminplayerobservecoodjump=1;X=42;Y=179;Z=1'>JMP</a>)
[16:30:20]ATTACK: Alot/(Elder Queen) has shot Artyuom/(Johnny Vietnam) with [acid spatter] (NEWHP: 100)  (Northwest Colony Grounds (46, 174, 1))
[16:30:20]ATTACK: Elder Queen (alot) shot Johnny Vietnam (artyuom) with an acid spatter in Northwest Colony Grounds (<A HREF='?_src_=holder;adminplayerobservecoodjump=1;X=46;Y=174;Z=1'>JMP</a>)
[16:30:29]ATTACK: Alot/(Elder Queen) has shot Chaburek/(Haidee Baxter) with [acid spatter] (NEWHP: 100)  (Northwest Colony Grounds (43, 175, 1))
[16:30:29]ATTACK: Elder Queen (alot) shot Haidee Baxter (chaburek) with an acid spatter in Northwest Colony Grounds (<A HREF='?_src_=holder;adminplayerobservecoodjump=1;X=43;Y=175;Z=1'>JMP</a>)
[16:30:32]ATTACK: Alot/(Elder Queen) has shot ALex13t/(Reno 'Slowflake' Flake) with [acid spatter] (NEWHP: 100)  (Northwest Colony Grounds (43, 175, 1))
[16:30:32]ATTACK: Elder Queen (alot) shot Reno 'Slowflake' Flake (alex13t) with an acid spatter in Northwest Colony Grounds (<A HREF='?_src_=holder;adminplayerobservecoodjump=1;X=43;Y=175;Z=1'>JMP</a>)
[16:30:40]ATTACK: Alot/(Elder Queen) has slashed ALex13t/(Reno 'Slowflake' Flake) (NEWHP: 87.2)  (Space Port (43, 178, 1))
[16:30:42]ATTACK: Alot/(Elder Queen) has slashed ALex13t/(Reno 'Slowflake' Flake) (NEWHP: 43.2)  (Space Port (43, 178, 1))
[16:30:43]ATTACK: Alot/(Elder Queen) has slashed ALex13t/(Reno 'Slowflake' Flake) (NEWHP: 18.7)  (Space Port (43, 178, 1))
[16:30:44]ATTACK: Alot/(Elder Queen) has slashed ALex13t/(Reno 'Slowflake' Flake) (NEWHP: -5.3)  (Space Port (43, 178, 1))
[16:30:45]ATTACK: Alot/(Elder Queen) has slashed ALex13t/(Reno 'Slowflake' Flake) (NEWHP: -25.3)  (Space Port (43, 178, 1))
[16:30:47]ATTACK: Artyuom/(Johnny Vietnam) has shot Alot/(Elder Queen) with [additional flechette] (NEWHP: 400)  (Space Port (40, 181, 1))
[16:30:47]ATTACK: Johnny Vietnam (artyuom) shot Elder Queen (alot) with an additional flechette in Space Port (<A HREF='?_src_=holder;adminplayerobservecoodjump=1;X=40;Y=181;Z=1'>JMP</a>)
[16:30:47]ATTACK: Artyuom/(Johnny Vietnam) has shot Alot/(Elder Queen) with [additional flechette] (NEWHP: 371)  (Space Port (40, 181, 1))
[16:30:47]ATTACK: Johnny Vietnam (artyuom) shot Elder Queen (alot) with an additional flechette in Space Port (<A HREF='?_src_=holder;adminplayerobservecoodjump=1;X=40;Y=181;Z=1'>JMP</a>)
[16:30:48]ATTACK: Artyuom/(Johnny Vietnam) has shot Alot/(Elder Queen) with [additional flechette] (NEWHP: 342)  (Space Port (40, 180, 1))
[16:30:48]ATTACK: Johnny Vietnam (artyuom) shot Elder Queen (alot) with an additional flechette in Space Port (<A HREF='?_src_=holder;adminplayerobservecoodjump=1;X=40;Y=180;Z=1'>JMP</a>)
[16:30:48]ATTACK: Artyuom/(Johnny Vietnam) has shot Alot/(Elder Queen) with [shotgun flechette shell] (NEWHP: 315)  (Space Port (40, 180, 1))
[16:30:48]ATTACK: Johnny Vietnam (artyuom) shot Elder Queen (alot) with a shotgun flechette shell in Space Port (<A HREF='?_src_=holder;adminplayerobservecoodjump=1;X=40;Y=180;Z=1'>JMP</a>)
[16:30:48]ATTACK: Artyuom/(Johnny Vietnam) has shot Alot/(Elder Queen) with [additional flechette] (NEWHP: 264)  (Space Port (40, 180, 1))
[16:30:48]ATTACK: Johnny Vietnam (artyuom) shot Elder Queen (alot) with an additional flechette in Space Port (<A HREF='?_src_=holder;adminplayerobservecoodjump=1;X=40;Y=180;Z=1'>JMP</a>)
[16:30:50]ATTACK: Artyuom/(Johnny Vietnam) has shot Atlasic/(Young Hivelord (341)) with [additional flechette] (NEWHP: 163.45)  (Space Port (42, 180, 1))
[16:30:50]ATTACK: Johnny Vietnam (artyuom) shot Young Hivelord (341) (atlasic) with an additional flechette in Space Port (<A HREF='?_src_=holder;adminplayerobservecoodjump=1;X=42;Y=180;Z=1'>JMP</a>)
[16:30:50]ATTACK: Artyuom/(Johnny Vietnam) has shot Atlasic/(Young Hivelord (341)) with [additional flechette] (NEWHP: 131.45)  (Space Port (42, 180, 1))
[16:30:50]ATTACK: Johnny Vietnam (artyuom) shot Young Hivelord (341) (atlasic) with an additional flechette in Space Port (<A HREF='?_src_=holder;adminplayerobservecoodjump=1;X=42;Y=180;Z=1'>JMP</a>)
[16:30:50]ATTACK: Artyuom/(Johnny Vietnam) has shot Atlasic/(Young Hivelord (341)) with [shotgun flechette shell] (NEWHP: 103.45)  (Space Port (42, 180, 1))
[16:30:50]ATTACK: Johnny Vietnam (artyuom) shot Young Hivelord (341) (atlasic) with a shotgun flechette shell in Space Port (<A HREF='?_src_=holder;adminplayerobservecoodjump=1;X=42;Y=180;Z=1'>JMP</a>)
[16:30:53]ATTACK: Artyuom/(Johnny Vietnam) has grabbed ALex13t/(Reno 'Slowflake' Flake) (NEWHP: -37.8)  (Space Port (42, 180, 1))
[16:30:53]ATTACK: Artyuom/(Johnny Vietnam) схватил ALex13t/(Reno 'Slowflake' Flake)
[16:31:02]ATTACK: Artyuom/(Johnny Vietnam) has injected ALex13t/(Reno 'Slowflake' Flake) with [Oxycodone (EXTREME PAINKILLER) autoinjector] Reagents: Oxycodone (NEWHP: -37.8)  (Space Port (40, 182, 1))
[16:31:02]ATTACK: Johnny Vietnam (artyuom) injected Reno 'Slowflake' Flake (ALex13t) with Oxycodone (EXTREME PAINKILLER) autoinjector. Reagents: Oxycodone (INTENT: HELP) (<A HREF='?_src_=holder;adminplayerobservecoodjump=1;X=40;Y=182;Z=1'>JMP</a>)
[16:31:07]ATTACK: Artyuom/(Johnny Vietnam) has injected ALex13t/(Reno 'Slowflake' Flake) with [Tricordrazine autoinjector] Reagents: Tricordrazine (NEWHP: -37.8)  (Space Port (40, 182, 1))
[16:31:07]ATTACK: Johnny Vietnam (artyuom) injected Reno 'Slowflake' Flake (ALex13t) with Tricordrazine autoinjector. Reagents: Tricordrazine (INTENT: HELP) (<A HREF='?_src_=holder;adminplayerobservecoodjump=1;X=40;Y=182;Z=1'>JMP</a>)
[16:31:13]ATTACK: Artyuom/(Johnny Vietnam) has fed ALex13t/(Reno 'Slowflake' Flake) with [pill] Reagents: tramadol(15u) (NEWHP: -36.8)  (Space Port (40, 182, 1))
[16:31:13]ATTACK: Johnny Vietnam (artyuom) fed Reno 'Slowflake' Flake (alex13t) with pill Reagents: tramadol(15u) (INTENT: HELP) (<A HREF='?_src_=holder;adminplayerobservecoodjump=1;X=40;Y=182;Z=1'>JMP</a>)
[16:31:16]ATTACK: Artyuom/(Johnny Vietnam) has fed ALex13t/(Reno 'Slowflake' Flake) with [pill] Reagents: kelotane(15u) (NEWHP: -35.3)  (Space Port (40, 182, 1))
[16:31:16]ATTACK: Johnny Vietnam (artyuom) fed Reno 'Slowflake' Flake (alex13t) with pill Reagents: kelotane(15u) (INTENT: HELP) (<A HREF='?_src_=holder;adminplayerobservecoodjump=1;X=40;Y=182;Z=1'>JMP</a>)
[16:31:20]ATTACK: Artyuom/(Johnny Vietnam) has fed ALex13t/(Reno 'Slowflake' Flake) with [pill] Reagents: quickclot(10u) (NEWHP: -33.8)  (Space Port (40, 182, 1))
[16:31:20]ATTACK: Johnny Vietnam (artyuom) fed Reno 'Slowflake' Flake (alex13t) with pill Reagents: quickclot(10u) (INTENT: HELP) (<A HREF='?_src_=holder;adminplayerobservecoodjump=1;X=40;Y=182;Z=1'>JMP</a>)
[16:31:24]ATTACK: Alot/(Elder Queen) has shot Chaburek/(Haidee Baxter) with [acid spatter] (NEWHP: 93.4)  (Northwest Colony Grounds (43, 175, 1))
[16:31:24]ATTACK: Elder Queen (alot) shot Haidee Baxter (chaburek) with an acid spatter in Northwest Colony Grounds (<A HREF='?_src_=holder;adminplayerobservecoodjump=1;X=43;Y=175;Z=1'>JMP</a>)
[16:31:29]ATTACK: Artyuom/(Johnny Vietnam) has fed ALex13t/(Reno 'Slowflake' Flake) with [pill] Reagents: bicaridine(15u) (NEWHP: -31.8)  (Space Port (40, 182, 1))
[16:31:29]ATTACK: Johnny Vietnam (artyuom) fed Reno 'Slowflake' Flake (alex13t) with pill Reagents: bicaridine(15u) (INTENT: HELP) (<A HREF='?_src_=holder;adminplayerobservecoodjump=1;X=40;Y=182;Z=1'>JMP</a>)
[16:31:32]ATTACK: [UA 571-C sentry gun] has shot Alot/(Elder Queen) with [autocannon bullet] (NEWHP: 400)  (Space Port (42, 182, 1))
[16:31:32]ATTACK: UA 571-C sentry gun shot Elder Queen (alot) with a the autocannon bullet (<A HREF='?_src_=holder;adminplayerobservecoodjump=1;X=42;Y=182;Z=1'>JMP</a>)
[16:31:32]ATTACK: [UA 571-C sentry gun] has shot Alot/(Elder Queen) with [autocannon bullet] (NEWHP: 395)  (Space Port (42, 182, 1))
[16:31:32]ATTACK: UA 571-C sentry gun shot Elder Queen (alot) with a the autocannon bullet (<A HREF='?_src_=holder;adminplayerobservecoodjump=1;X=42;Y=182;Z=1'>JMP</a>)
[16:31:32]ATTACK: [UA 571-C sentry gun] has shot Alot/(Elder Queen) with [autocannon bullet] (NEWHP: 381)  (Space Port (42, 182, 1))
[16:31:32]ATTACK: UA 571-C sentry gun shot Elder Queen (alot) with a the autocannon bullet (<A HREF='?_src_=holder;adminplayerobservecoodjump=1;X=42;Y=182;Z=1'>JMP</a>)
[16:31:32]ATTACK: [UA 571-C sentry gun] has shot Alot/(Elder Queen) with [autocannon bullet] (NEWHP: 378.765)  (Space Port (42, 182, 1))
[16:31:32]ATTACK: UA 571-C sentry gun shot Elder Queen (alot) with a the autocannon bullet (<A HREF='?_src_=holder;adminplayerobservecoodjump=1;X=42;Y=182;Z=1'>JMP</a>)
[16:31:32]ATTACK: [UA 571-C sentry gun] has shot Alot/(Elder Queen) with [autocannon bullet] (NEWHP: 360.765)  (Space Port (42, 182, 1))
[16:31:32]ATTACK: UA 571-C sentry gun shot Elder Queen (alot) with a the autocannon bullet (<A HREF='?_src_=holder;adminplayerobservecoodjump=1;X=42;Y=182;Z=1'>JMP</a>)
[16:31:32]ATTACK: [UA 571-C sentry gun] has shot Alot/(Elder Queen) with [autocannon bullet] (NEWHP: 351.765)  (Space Port (42, 182, 1))
[16:31:32]ATTACK: UA 571-C sentry gun shot Elder Queen (alot) with a the autocannon bullet (<A HREF='?_src_=holder;adminplayerobservecoodjump=1;X=42;Y=182;Z=1'>JMP</a>)
[16:31:32]ATTACK: [UA 571-C sentry gun] has shot Alot/(Elder Queen) with [autocannon bullet] (NEWHP: 334.765)  (Space Port (42, 182, 1))
[16:31:32]ATTACK: UA 571-C sentry gun shot Elder Queen (alot) with a the autocannon bullet (<A HREF='?_src_=holder;adminplayerobservecoodjump=1;X=42;Y=182;Z=1'>JMP</a>)
[16:31:33]ATTACK: [UA 571-C sentry gun] has shot Alot/(Elder Queen) with [autocannon bullet] (NEWHP: 315.765)  (Space Port (42, 182, 1))
[16:31:33]ATTACK: UA 571-C sentry gun shot Elder Queen (alot) with a the autocannon bullet (<A HREF='?_src_=holder;adminplayerobservecoodjump=1;X=42;Y=182;Z=1'>JMP</a>)
[16:31:34]ATTACK: Atlasic/(Young Hivelord (341)) has spat on [Spaceport Shutters] with corrosive acid (Northwest Colony Grounds (49, 177, 1))
[16:31:34]ATTACK: Young Hivelord (341) (atlasic) spat acid on the Spaceport Shutters.
[16:31:34]ATTACK: Atlasic/(Young Hivelord (341)) has spat on [Spaceport Shutters] with corrosive acid (Northwest Colony Grounds (49, 177, 1))
[16:31:34]ATTACK: Young Hivelord (341) (atlasic) spat acid on the Spaceport Shutters.
[16:31:35]ATTACK: Atlasic/(Young Hivelord (341)) has spat on [Spaceport Shutters] with corrosive acid (Northwest Colony Grounds (49, 177, 1))
[16:31:35]ATTACK: Young Hivelord (341) (atlasic) spat acid on the Spaceport Shutters.
[16:31:35]ATTACK: [UA 571-C sentry gun] has shot Alot/(Elder Queen) with [autocannon bullet] (NEWHP: 302.53)  (Space Port (42, 182, 1))
[16:31:35]ATTACK: UA 571-C sentry gun shot Elder Queen (alot) with a the autocannon bullet (<A HREF='?_src_=holder;adminplayerobservecoodjump=1;X=42;Y=182;Z=1'>JMP</a>)
[16:31:35]ATTACK: [UA 571-C sentry gun] has shot Alot/(Elder Queen) with [autocannon bullet] (NEWHP: 285.53)  (Space Port (42, 182, 1))
[16:31:35]ATTACK: UA 571-C sentry gun shot Elder Queen (alot) with a the autocannon bullet (<A HREF='?_src_=holder;adminplayerobservecoodjump=1;X=42;Y=182;Z=1'>JMP</a>)
[16:31:36]ATTACK: [UA 571-C sentry gun] has shot Alot/(Elder Queen) with [autocannon bullet] (NEWHP: 268.53)  (Space Port (42, 182, 1))
[16:31:36]ATTACK: UA 571-C sentry gun shot Elder Queen (alot) with a the autocannon bullet (<A HREF='?_src_=holder;adminplayerobservecoodjump=1;X=42;Y=182;Z=1'>JMP</a>)
[16:31:36]ATTACK: [UA 571-C sentry gun] has shot Alot/(Elder Queen) with [autocannon bullet] (NEWHP: 250.53)  (Space Port (42, 182, 1))
[16:31:36]ATTACK: UA 571-C sentry gun shot Elder Queen (alot) with a the autocannon bullet (<A HREF='?_src_=holder;adminplayerobservecoodjump=1;X=42;Y=182;Z=1'>JMP</a>)
[16:31:36]ATTACK: [UA 571-C sentry gun] has shot Alot/(Elder Queen) with [autocannon bullet] (NEWHP: 230.53)  (Space Port (42, 182, 1))
[16:31:36]ATTACK: UA 571-C sentry gun shot Elder Queen (alot) with a the autocannon bullet (<A HREF='?_src_=holder;adminplayerobservecoodjump=1;X=42;Y=182;Z=1'>JMP</a>)
[16:31:36]ATTACK: [UA 571-C sentry gun] has shot Alot/(Elder Queen) with [autocannon bullet] (NEWHP: 211.53)  (Space Port (42, 182, 1))
[16:31:36]ATTACK: UA 571-C sentry gun shot Elder Queen (alot) with a the autocannon bullet (<A HREF='?_src_=holder;adminplayerobservecoodjump=1;X=42;Y=182;Z=1'>JMP</a>)
[16:31:36]ATTACK: [UA 571-C sentry gun] has shot Alot/(Elder Queen) with [autocannon bullet] (NEWHP: 191.53)  (Space Port (42, 182, 1))
[16:31:36]ATTACK: UA 571-C sentry gun shot Elder Queen (alot) with a the autocannon bullet (<A HREF='?_src_=holder;adminplayerobservecoodjump=1;X=42;Y=182;Z=1'>JMP</a>)
[16:31:36]ATTACK: [UA 571-C sentry gun] has shot Alot/(Elder Queen) with [autocannon bullet] (NEWHP: 184.53)  (Space Port (42, 182, 1))
[16:31:36]ATTACK: UA 571-C sentry gun shot Elder Queen (alot) with a the autocannon bullet (<A HREF='?_src_=holder;adminplayerobservecoodjump=1;X=42;Y=182;Z=1'>JMP</a>)
[16:31:43]ATTACK: Atlasic/(Young Hivelord (341)) has spat on [Spaceport Shutters] with corrosive acid (Northwest Colony Grounds (49, 177, 1))
[16:31:43]ATTACK: Young Hivelord (341) (atlasic) spat acid on the Spaceport Shutters.
[16:31:52]ATTACK: ALex13t/(Reno 'Slowflake' Flake) has hit Chaburek/(Haidee Baxter) with [flare] (thrown) (NEWHP: 78.4)  (Space Port (40, 180, 1))
[16:31:52]ATTACK: Haidee Baxter (chaburek) was hit by a the flare, thrown by Reno 'Slowflake' Flake (alex13t) (<A HREF='?_src_=holder;adminplayerobservecoodjump=1;X=41;Y=180;Z=1'>JMP</a>)
[16:31:58]ATTACK: [UA 571-C sentry gun] has shot Harlex5435/(Elder Runner (628)) with [autocannon bullet] (NEWHP: 111.12)  (Space Port (42, 182, 1))
[16:31:58]ATTACK: UA 571-C sentry gun shot Elder Runner (628) (harlex5435) with a the autocannon bullet (<A HREF='?_src_=holder;adminplayerobservecoodjump=1;X=42;Y=182;Z=1'>JMP</a>)
[16:32:00]ATTACK: [UA 571-C sentry gun] has shot Alot/(Elder Queen) with [autocannon bullet] (NEWHP: 329.59)  (Space Port (42, 182, 1))
[16:32:00]ATTACK: UA 571-C sentry gun shot Elder Queen (alot) with a the autocannon bullet (<A HREF='?_src_=holder;adminplayerobservecoodjump=1;X=42;Y=182;Z=1'>JMP</a>)
[16:32:01]ATTACK: [UA 571-C sentry gun] has shot Alot/(Elder Queen) with [autocannon bullet] (NEWHP: 308.59)  (Space Port (42, 182, 1))
[16:32:01]ATTACK: UA 571-C sentry gun shot Elder Queen (alot) with a the autocannon bullet (<A HREF='?_src_=holder;adminplayerobservecoodjump=1;X=42;Y=182;Z=1'>JMP</a>)
[16:32:01]ATTACK: [UA 571-C sentry gun] has shot Alot/(Elder Queen) with [autocannon bullet] (NEWHP: 299.59)  (Space Port (42, 182, 1))
[16:32:01]ATTACK: UA 571-C sentry gun shot Elder Queen (alot) with a the autocannon bullet (<A HREF='?_src_=holder;adminplayerobservecoodjump=1;X=42;Y=182;Z=1'>JMP</a>)
[16:32:01]ATTACK: [UA 571-C sentry gun] has shot Alot/(Elder Queen) with [autocannon bullet] (NEWHP: 281.59)  (Space Port (42, 182, 1))
[16:32:01]ATTACK: UA 571-C sentry gun shot Elder Queen (alot) with a the autocannon bullet (<A HREF='?_src_=holder;adminplayerobservecoodjump=1;X=42;Y=182;Z=1'>JMP</a>)
[16:32:04]ATTACK: [UA 571-C sentry gun] has shot Alot/(Elder Queen) with [autocannon bullet] (NEWHP: 273.12)  (Space Port (42, 182, 1))
[16:32:04]ATTACK: UA 571-C sentry gun shot Elder Queen (alot) with a the autocannon bullet (<A HREF='?_src_=holder;adminplayerobservecoodjump=1;X=42;Y=182;Z=1'>JMP</a>)
[16:32:04]ATTACK: [UA 571-C sentry gun] has shot Alot/(Elder Queen) with [autocannon bullet] (NEWHP: 242.12)  (Space Port (42, 182, 1))
[16:32:04]ATTACK: UA 571-C sentry gun shot Elder Queen (alot) with a the autocannon bullet (<A HREF='?_src_=holder;adminplayerobservecoodjump=1;X=42;Y=182;Z=1'>JMP</a>)
[16:32:04]ATTACK: [UA 571-C sentry gun] has shot Alot/(Elder Queen) with [autocannon bullet] (NEWHP: 231.12)  (Space Port (42, 182, 1))
[16:32:04]ATTACK: UA 571-C sentry gun shot Elder Queen (alot) with a the autocannon bullet (<A HREF='?_src_=holder;adminplayerobservecoodjump=1;X=42;Y=182;Z=1'>JMP</a>)
[16:32:05]ATTACK: [UA 571-C sentry gun] has shot Alot/(Elder Queen) with [autocannon bullet] (NEWHP: 209.12)  (Space Port (42, 182, 1))
[16:32:05]ATTACK: UA 571-C sentry gun shot Elder Queen (alot) with a the autocannon bullet (<A HREF='?_src_=holder;adminplayerobservecoodjump=1;X=42;Y=182;Z=1'>JMP</a>)
[16:32:05]ATTACK: [UA 571-C sentry gun] has shot Alot/(Elder Queen) with [autocannon bullet] (NEWHP: 189.12)  (Space Port (42, 182, 1))
[16:32:05]ATTACK: UA 571-C sentry gun shot Elder Queen (alot) with a the autocannon bullet (<A HREF='?_src_=holder;adminplayerobservecoodjump=1;X=42;Y=182;Z=1'>JMP</a>)
[16:32:08]ATTACK: Atlasic/(Young Hivelord (341)) has spat on [plasteel barricade] with corrosive acid (Northwest Colony Grounds (41, 177, 1))
[16:32:08]ATTACK: Young Hivelord (341) (atlasic) spat acid on the plasteel barricade.
[16:32:09]ATTACK: Atlasic/(Young Hivelord (341)) has spat on [metal barricade] with corrosive acid (Northwest Colony Grounds (41, 177, 1))
[16:32:09]ATTACK: Young Hivelord (341) (atlasic) spat acid on the metal barricade.
[16:32:11]ATTACK: Jermaine Earl (cmru) fired an orbital bombardment in Northwest Colony Grounds'
[16:32:35]ATTACK: Artyuom/(Johnny Vietnam) has shot Alot/(Elder Queen) with [additional flechette] (NEWHP: 200.71)  (Space Port (33, 182, 1))
[16:32:35]ATTACK: Johnny Vietnam (artyuom) shot Elder Queen (alot) with an additional flechette in Space Port (<A HREF='?_src_=holder;adminplayerobservecoodjump=1;X=33;Y=182;Z=1'>JMP</a>)
[16:32:37]ATTACK: Artyuom/(Johnny Vietnam) has shot Alot/(Elder Queen) with [additional flechette] (NEWHP: 171.61)  (Space Port (34, 182, 1))
[16:32:37]ATTACK: Johnny Vietnam (artyuom) shot Elder Queen (alot) with an additional flechette in Space Port (<A HREF='?_src_=holder;adminplayerobservecoodjump=1;X=34;Y=182;Z=1'>JMP</a>)
[16:32:37]ATTACK: Artyuom/(Johnny Vietnam) has shot Alot/(Elder Queen) with [shotgun flechette shell] (NEWHP: 142.21)  (Space Port (34, 182, 1))
[16:32:37]ATTACK: Johnny Vietnam (artyuom) shot Elder Queen (alot) with a shotgun flechette shell in Space Port (<A HREF='?_src_=holder;adminplayerobservecoodjump=1;X=34;Y=182;Z=1'>JMP</a>)
[16:32:43]ATTACK: Harlex5435/(Elder Runner (628)) has slashed Artyuom/(Johnny Vietnam) (NEWHP: 84.2)  (Space Port (34, 182, 1))
[16:32:43]ATTACK: Harlex5435/(Elder Runner (628)) has slashed Artyuom/(Johnny Vietnam) (NEWHP: 84.2)  (Space Port (34, 182, 1))
[16:32:49]ATTACK: Harlex5435/(Elder Runner (628)) has slashed Artyuom/(Johnny Vietnam) (NEWHP: 70.7)  (Alamo Landing Zone (24, 185, 1))
[16:32:58]ATTACK: Harlex5435/(Elder Runner (628)) has slashed Artyuom/(Johnny Vietnam) (NEWHP: 70.9)  (Space Port (32, 182, 1))
[16:33:00]ATTACK: Artyuom/(Johnny Vietnam) has attacked Harlex5435/(Elder Runner (628)) with [M-OU53 Tactical Shotgun (Wielded)] (INTENT: HELP) (DAMTYE: BRUTE) (NEWHP: 115.118)  (Space Port (31, 182, 1))
[16:33:00]ATTACK: Artyuom/(Johnny Vietnam) attacked Harlex5435/(Elder Runner (628)) with M-OU53 Tactical Shotgun (Wielded) (INTENT: HELP) (DAMTYE: BRUTE)
[16:33:03]ATTACK: Harlex5435/(Elder Runner (628)) has slashed Artyuom/(Johnny Vietnam) (NEWHP: 71)  (Dropship Alamo (30, 184, 1))
[16:33:11]ATTACK: Harlex5435/(Elder Runner (628)) has slashed Artyuom/(Johnny Vietnam) (NEWHP: 49.2)  (Space Port (32, 183, 1))
[16:33:13]ATTACK: Artyuom/(Johnny Vietnam) has injected Artyuom/(Johnny Vietnam) with [Oxycodone (EXTREME PAINKILLER) autoinjector] Reagents: Oxycodone (NEWHP: 27.2)  (Space Port (34, 189, 1))
[16:33:13]ATTACK: Johnny Vietnam (artyuom) injected Johnny Vietnam (Artyuom) with Oxycodone (EXTREME PAINKILLER) autoinjector. Reagents: Oxycodone (INTENT: HELP) (<A HREF='?_src_=holder;adminplayerobservecoodjump=1;X=34;Y=189;Z=1'>JMP</a>)
[16:33:30]ATTACK: Harlex5435/(Elder Runner (628)) has slashed Artyuom/(Johnny Vietnam) (NEWHP: 27.6)  (Space Port (39, 191, 1))
[16:33:40]ATTACK: Harlex5435/(Elder Runner (628)) has slashed Artyuom/(Johnny Vietnam) (NEWHP: 27.7)  (Space Port (44, 191, 1))
[16:33:41]ATTACK: Harlex5435/(Elder Runner (628)) has slashed Artyuom/(Johnny Vietnam) (NEWHP: 27.7)  (Space Port (44, 191, 1))
[16:33:42]ATTACK: Harlex5435/(Elder Runner (628)) has slashed Artyuom/(Johnny Vietnam) (NEWHP: 17.2)  (Space Port (44, 191, 1))
[16:33:42]ATTACK: Harlex5435/(Elder Runner (628)) has slashed Artyuom/(Johnny Vietnam) (NEWHP: 17.2)  (Space Port (44, 191, 1))
[16:33:44]ATTACK: Artyuom/(Johnny Vietnam) has bitten Harlex5435/(Elder Runner (628)) (NEWHP: 76.1178)  (Space Port (43, 191, 1))
[16:33:46]ATTACK: Alot/(Elder Queen) has shot Artyuom/(Johnny Vietnam) with [neurotoxic spatter] (NEWHP: -55.8)  (Space Port (42, 190, 1))
[16:33:46]ATTACK: Elder Queen (alot) shot Johnny Vietnam (artyuom) with a neurotoxic spatter in Space Port (<A HREF='?_src_=holder;adminplayerobservecoodjump=1;X=42;Y=190;Z=1'>JMP</a>)
[16:33:48]ATTACK: Harlex5435/(Elder Runner (628)) has slashed Artyuom/(Johnny Vietnam) (NEWHP: -59.8)  (Space Port (44, 191, 1))
[16:33:54]ATTACK: Alot/(Elder Queen) has grabbed Artyuom/(Johnny Vietnam) (NEWHP: -82.8)  (Space Port (42, 192, 1))
[16:33:55]ATTACK: Alot/(Elder Queen) схватил Artyuom/(Johnny Vietnam)
[16:37:36]ATTACK: Harlex5435/(Elder Runner (628)) has grabbed Sladk0ewka/(Larva (222)) (NEWHP: 35)  (Dropship Alamo (26, 196, 1))
[16:37:36]ATTACK: Harlex5435/(Elder Runner (628)) схватил Sladk0ewka/(Larva (222))
[16:39:47]ATTACK: Harlex5435/(Ancient Runner (628)) has grabbed *no key*/(monkey (215)) (NEWHP: 100)  (Lambda Lab (180, 167, 1))
[16:39:47]ATTACK: Harlex5435/(Ancient Runner (628)) схватил *no key*/(monkey (215))
[16:40:02]ATTACK: Harlex5435/(Ancient Runner (628)) has grabbed *no key*/(monkey (194)) (NEWHP: 100)  (Lambda Lab (181, 170, 1))
[16:40:02]ATTACK: Harlex5435/(Ancient Runner (628)) схватил *no key*/(monkey (194))
[16:40:31]ATTACK: Harlex5435/(Ancient Runner (628)) has grabbed *no key*/(monkey (215)) (NEWHP: 100)  (Lambda Lab (186, 144, 1))
[16:40:31]ATTACK: Harlex5435/(Ancient Runner (628)) схватил *no key*/(monkey (215))
[16:40:42]ATTACK: Harlex5435/(Ancient Runner (628)) has grabbed *no key*/(monkey (215)) (NEWHP: 100)  (Lambda Lab (186, 144, 1))
[16:40:42]ATTACK: Harlex5435/(Ancient Runner (628)) схватил *no key*/(monkey (215))
[16:40:48]ATTACK: Harlex5435/(Ancient Runner (628)) has grabbed *no key*/(monkey (194)) (NEWHP: 100)  (Lambda Lab (186, 143, 1))
[16:40:48]ATTACK: Harlex5435/(Ancient Runner (628)) схватил *no key*/(monkey (194))
[16:40:57]ATTACK: GhostPokolenie/(Mature Sentinel (22)) has grabbed Sladk0ewka/(Mature Larva (222)) (NEWHP: 35)  (Dropship Alamo (28, 200, 1))
[16:40:57]ATTACK: GhostPokolenie/(Mature Sentinel (22)) схватил Sladk0ewka/(Mature Larva (222))
[16:40:59]ATTACK: Harlex5435/(Ancient Runner (628)) has grabbed *no key*/(monkey (215)) (NEWHP: 100)  (Lambda Lab (186, 143, 1))
[16:40:59]ATTACK: Harlex5435/(Ancient Runner (628)) схватил *no key*/(monkey (215))
[16:43:04]ATTACK: GhostPokolenie/(Mature Sentinel (22)) has grabbed *no key*/(monkey (194)) (NEWHP: 100)  (Dropship Alamo (28, 199, 1))
[16:43:04]ATTACK: GhostPokolenie/(Mature Sentinel (22)) схватил *no key*/(monkey (194))
[16:43:35]ATTACK: GhostPokolenie/(Young Spitter (22)) has grabbed *no key*/(monkey (194)) (NEWHP: 100)  (Dropship Alamo (26, 196, 1))
[16:43:35]ATTACK: GhostPokolenie/(Young Spitter (22)) схватил *no key*/(monkey (194))
[16:44:22]ATTACK: GhostPokolenie/(Young Spitter (22)) has grabbed *no key*/(monkey (194)) (NEWHP: 100)  (Dropship Alamo (29, 193, 1))
[16:44:22]ATTACK: GhostPokolenie/(Young Spitter (22)) схватил *no key*/(monkey (194))
[16:45:26]ATTACK: GhostPokolenie/(Young Spitter (22)) has grabbed *no key*/(monkey (194)) (NEWHP: 100)  (Dropship Alamo (29, 197, 1))
[16:45:26]ATTACK: GhostPokolenie/(Young Spitter (22)) схватил *no key*/(monkey (194))
[16:45:39]ATTACK: Sladk0ewka/(Young Defender (222)) has grabbed *no key*/(monkey (215)) (NEWHP: 100)  (Dropship Alamo (31, 197, 1))
[16:45:39]ATTACK: Sladk0ewka/(Young Defender (222)) схватил *no key*/(monkey (215))
[16:47:09]ATTACK: Jermaine Earl (cmru) fired an orbital bombardment in Dropship Alamo'
[16:54:57]ATTACK: EngineerConager/(Dell Conrad) has punched EngineerConager/(Dell Conrad) (NEWHP: 100)  (Upper Engineering (238, 252, 3))
[16:54:57]ATTACK: EngineerConager/(Dell Conrad) punched EngineerConager/(Dell Conrad)
[16:54:59]ATTACK: ALex13t/(Clark Elliot) has shot Alot/(Elder Queen) with [shotgun slug] (NEWHP: 400)  (Self-Destruct Core Room (255, 248, 3))
[16:54:59]ATTACK: Clark Elliot (alex13t) shot Elder Queen (alot) with a shotgun slug in Self-Destruct Core Room (<A HREF='?_src_=holder;adminplayerobservecoodjump=1;X=255;Y=248;Z=3'>JMP</a>)
[16:56:18]ATTACK: Chaburek/(Lydia Hunt) has shot Alot/(Elder Empress) with [shotgun slug] (NEWHP: 500)  (Self-Destruct Core Room (259, 254, 3))
[16:56:18]ATTACK: Lydia Hunt (chaburek) shot Elder Empress (alot) with a shotgun slug in Self-Destruct Core Room (<A HREF='?_src_=holder;adminplayerobservecoodjump=1;X=259;Y=254;Z=3'>JMP</a>)
[16:56:21]ATTACK: Chaburek/(Lydia Hunt) has shot Alot/(Elder Empress) with [shotgun slug] (NEWHP: 487)  (Self-Destruct Core Room (264, 254, 3))
[16:56:21]ATTACK: Lydia Hunt (chaburek) shot Elder Empress (alot) with a shotgun slug in Self-Destruct Core Room (<A HREF='?_src_=holder;adminplayerobservecoodjump=1;X=264;Y=254;Z=3'>JMP</a>)
[16:56:23]ATTACK: Chaburek/(Lydia Hunt) has shot Alot/(Elder Empress) with [shotgun slug] (NEWHP: 425)  (Self-Destruct Core Room (265, 254, 3))
[16:56:23]ATTACK: Lydia Hunt (chaburek) shot Elder Empress (alot) with a shotgun slug in Self-Destruct Core Room (<A HREF='?_src_=holder;adminplayerobservecoodjump=1;X=265;Y=254;Z=3'>JMP</a>)
[16:56:24]ATTACK: Chaburek/(Lydia Hunt) has shot Alot/(Elder Empress) with [shotgun slug] (NEWHP: 403)  (Self-Destruct Core Room (268, 254, 3))
[16:56:24]ATTACK: Lydia Hunt (chaburek) shot Elder Empress (alot) with a shotgun slug in Self-Destruct Core Room (<A HREF='?_src_=holder;adminplayerobservecoodjump=1;X=268;Y=254;Z=3'>JMP</a>)
[16:56:24]ATTACK: EngineerConager/(Dell Conrad) has shot Alot/(Elder Empress) with [shotgun slug] (NEWHP: 357)  (Self-Destruct Core Room (260, 254, 3))
[16:56:24]ATTACK: Dell Conrad (engineerconager) shot Elder Empress (alot) with a shotgun slug in Self-Destruct Core Room (<A HREF='?_src_=holder;adminplayerobservecoodjump=1;X=260;Y=254;Z=3'>JMP</a>)
[16:56:25]ATTACK: EngineerConager/(Dell Conrad) has shot Alot/(Elder Empress) with [shotgun slug] (NEWHP: 282)  (Self-Destruct Core Room (261, 254, 3))
[16:56:25]ATTACK: Dell Conrad (engineerconager) shot Elder Empress (alot) with a shotgun slug in Self-Destruct Core Room (<A HREF='?_src_=holder;adminplayerobservecoodjump=1;X=261;Y=254;Z=3'>JMP</a>)
[16:56:25]ATTACK: Chaburek/(Lydia Hunt) has shot Alot/(Elder Empress) with [shotgun slug] (NEWHP: 223)  (Self-Destruct Core Room (269, 255, 3))
[16:56:25]ATTACK: Lydia Hunt (chaburek) shot Elder Empress (alot) with a shotgun slug in Self-Destruct Core Room (<A HREF='?_src_=holder;adminplayerobservecoodjump=1;X=269;Y=255;Z=3'>JMP</a>)
[16:56:27]ATTACK: Chaburek/(Lydia Hunt) has shot Alot/(Elder Empress) with [shotgun slug] (NEWHP: 179)  (Self-Destruct Core Room (269, 257, 3))
[16:56:27]ATTACK: Lydia Hunt (chaburek) shot Elder Empress (alot) with a shotgun slug in Self-Destruct Core Room (<A HREF='?_src_=holder;adminplayerobservecoodjump=1;X=269;Y=257;Z=3'>JMP</a>)
[16:56:28]ATTACK: Chaburek/(Lydia Hunt) has shot Alot/(Elder Empress) with [shotgun slug] (NEWHP: 153)  (Self-Destruct Core Room (269, 258, 3))
[16:56:28]ATTACK: Lydia Hunt (chaburek) shot Elder Empress (alot) with a shotgun slug in Self-Destruct Core Room (<A HREF='?_src_=holder;adminplayerobservecoodjump=1;X=269;Y=258;Z=3'>JMP</a>)
[16:56:44]ATTACK: ALex13t/(Clark Elliot) has shot Alot/(Elder Empress) with [shotgun slug] (NEWHP: 144.83)  (Self-Destruct Core Room (266, 258, 3))
[16:56:44]ATTACK: Clark Elliot (alex13t) shot Elder Empress (alot) with a shotgun slug in Self-Destruct Core Room (<A HREF='?_src_=holder;adminplayerobservecoodjump=1;X=266;Y=258;Z=3'>JMP</a>)
[16:56:44]ATTACK: Chaburek/(Lydia Hunt) has shot Alot/(Elder Empress) with [shotgun slug] (NEWHP: 78.83)  (Self-Destruct Core Room (269, 255, 3))
[16:56:44]ATTACK: Lydia Hunt (chaburek) shot Elder Empress (alot) with a shotgun slug in Self-Destruct Core Room (<A HREF='?_src_=holder;adminplayerobservecoodjump=1;X=269;Y=255;Z=3'>JMP</a>)
[16:56:46]ATTACK: Alot/(Elder Empress) has slashed Chaburek/(Lydia Hunt) (NEWHP: 100)  (Self-Destruct Core Room (269, 254, 3))
[16:56:49]ATTACK: ALex13t/(Clark Elliot) has shot Alot/(Elder Empress) with [shotgun slug] (NEWHP: 51.83)  (Self-Destruct Core Room (269, 255, 3))
[16:56:49]ATTACK: Clark Elliot (alex13t) shot Elder Empress (alot) with a shotgun slug in Self-Destruct Core Room (<A HREF='?_src_=holder;adminplayerobservecoodjump=1;X=269;Y=255;Z=3'>JMP</a>)
[16:56:50]ATTACK: ALex13t/(Clark Elliot) has shot Alot/(Elder Empress) with [shotgun slug] (NEWHP: 1.83002)  (Self-Destruct Core Room (267, 254, 3))
[16:56:50]ATTACK: Clark Elliot (alex13t) shot Elder Empress (alot) with a shotgun slug in Self-Destruct Core Room (<A HREF='?_src_=holder;adminplayerobservecoodjump=1;X=267;Y=254;Z=3'>JMP</a>)
[16:56:54]ATTACK: ALex13t/(Clark Elliot) has attacked Alot/(Elder Empress) with [MK221 Tactical Shotgun] (INTENT: HELP) (DAMTYE: BRUTE) (NEWHP: -27.17)  (Self-Destruct Core Room (262, 254, 3))
[16:56:54]ATTACK: ALex13t/(Clark Elliot) attacked Alot/(Elder Empress) with MK221 Tactical Shotgun (INTENT: HELP) (DAMTYE: BRUTE)
[16:56:55]ATTACK: ALex13t/(Clark Elliot) has attacked Alot/(Elder Empress) with [MK221 Tactical Shotgun] (INTENT: HURT) (DAMTYE: BRUTE) (NEWHP: -41.17)  (Self-Destruct Core Room (262, 254, 3))
[16:56:55]ATTACK: ALex13t/(Clark Elliot) attacked Alot/(Elder Empress) with MK221 Tactical Shotgun (INTENT: HURT) (DAMTYE: BRUTE)
[16:56:56]ATTACK: ALex13t/(Clark Elliot) has attacked Alot/(Elder Empress) with [MK221 Tactical Shotgun] (INTENT: HURT) (DAMTYE: BRUTE) (NEWHP: -57.67)  (Self-Destruct Core Room (262, 254, 3))
[16:56:57]ATTACK: ALex13t/(Clark Elliot) attacked Alot/(Elder Empress) with MK221 Tactical Shotgun (INTENT: HURT) (DAMTYE: BRUTE)
[16:56:58]ATTACK: Chaburek/(Lydia Hunt) has shot Alot/(Elder Empress) with [shotgun slug] (NEWHP: -71.67)  (Self-Destruct Core Room (261, 256, 3))
[16:56:58]ATTACK: Lydia Hunt (chaburek) shot Elder Empress (alot) with a shotgun slug in Self-Destruct Core Room (<A HREF='?_src_=holder;adminplayerobservecoodjump=1;X=261;Y=256;Z=3'>JMP</a>)
[16:56:58]ATTACK: ALex13t/(Clark Elliot) has attacked Alot/(Elder Empress) with [MK221 Tactical Shotgun] (INTENT: HURT) (DAMTYE: BRUTE) (NEWHP: -117.67)  (Self-Destruct Core Room (262, 254, 3))
[16:56:58]ATTACK: ALex13t/(Clark Elliot) attacked Alot/(Elder Empress) with MK221 Tactical Shotgun (INTENT: HURT) (DAMTYE: BRUTE)
[16:57:37]ATTACK: CM.RU/(Jermaine Earl) has attacked Alot/(Elder Empress) with [M46C pulse rifle] (INTENT: HELP) (DAMTYE: BRUTE) (NEWHP: -134.17)  (Self-Destruct Core Room (262, 254, 3))
[16:57:37]ATTACK: CM.RU/(Jermaine Earl) attacked Alot/(Elder Empress) with M46C pulse rifle (INTENT: HELP) (DAMTYE: BRUTE)
