

Starting up round 15:22:06
---------------------
runtime error: Cannot modify null.icon_state.
proc name: hud set order (/mob/living/carbon/human/proc/hud_set_order)
  source file: mob_hud.dm,557
  usr: (src)
  src: the unknown (/mob/living/carbon/human)
  src.loc: the floor (115,17,1) (/turf/open/floor)
  call stack:
the unknown (/mob/living/carbon/human): hud set order()
the unknown (/mob/living/carbon/human): prepare huds()
the unknown (/mob/living/carbon/human): New(the floor (115,17,1) (/turf/open/floor), null)
the unknown (/mob/living/carbon/human): New(the floor (115,17,1) (/turf/open/floor), null)
the unknown (/mob/living/carbon/human): New(the floor (115,17,1) (/turf/open/floor), null)
the unknown (/mob/living/carbon/human): New(the floor (115,17,1) (/turf/open/floor), null)
Scientist (/obj/effect/landmark/corpsespawner/scientist): createCorpse()
Scientist (/obj/effect/landmark/corpsespawner/scientist): initialize()
Objects (/datum/controller/process/objects): setup()
/datum/controller/processSched... (/datum/controller/processScheduler): addProcess(Objects (/datum/controller/process/objects))
/datum/controller/processSched... (/datum/controller/processScheduler): setup()
world: New()
runtime error: Cannot modify null.icon_state.
proc name: hud set order (/mob/living/carbon/human/proc/hud_set_order)
  source file: mob_hud.dm,557
  usr: (src)
  src: the unknown (/mob/living/carbon/human)
  src.loc: the floor (117,52,1) (/turf/open/floor)
  call stack:
the unknown (/mob/living/carbon/human): hud set order()
the unknown (/mob/living/carbon/human): prepare huds()
the unknown (/mob/living/carbon/human): New(the floor (117,52,1) (/turf/open/floor), null)
the unknown (/mob/living/carbon/human): New(the floor (117,52,1) (/turf/open/floor), null)
the unknown (/mob/living/carbon/human): New(the floor (117,52,1) (/turf/open/floor), null)
the unknown (/mob/living/carbon/human): New(the floor (117,52,1) (/turf/open/floor), null)
Private Security Officer (/obj/effect/landmark/corpsespawner/PMC): createCorpse()
Private Security Officer (/obj/effect/landmark/corpsespawner/PMC): initialize()
Objects (/datum/controller/process/objects): setup()
/datum/controller/processSched... (/datum/controller/processScheduler): addProcess(Objects (/datum/controller/process/objects))
/datum/controller/processSched... (/datum/controller/processScheduler): setup()
world: New()
runtime error: Cannot modify null.icon_state.
proc name: hud set order (/mob/living/carbon/human/proc/hud_set_order)
  source file: mob_hud.dm,557
  usr: (src)
  src: the unknown (/mob/living/carbon/human)
  src.loc: the floor (79,89,1) (/turf/open/floor)
  call stack:
the unknown (/mob/living/carbon/human): hud set order()
the unknown (/mob/living/carbon/human): prepare huds()
the unknown (/mob/living/carbon/human): New(the floor (79,89,1) (/turf/open/floor), null)
the unknown (/mob/living/carbon/human): New(the floor (79,89,1) (/turf/open/floor), null)
the unknown (/mob/living/carbon/human): New(the floor (79,89,1) (/turf/open/floor), null)
the unknown (/mob/living/carbon/human): New(the floor (79,89,1) (/turf/open/floor), null)
Colonist Ted Jarka (/obj/effect/landmark/corpsespawner/engineer): createCorpse()
Colonist Ted Jarka (/obj/effect/landmark/corpsespawner/engineer): initialize()
Objects (/datum/controller/process/objects): setup()
/datum/controller/processSched... (/datum/controller/processScheduler): addProcess(Objects (/datum/controller/process/objects))
/datum/controller/processSched... (/datum/controller/processScheduler): setup()
world: New()
runtime error: Cannot modify null.icon_state.
proc name: hud set order (/mob/living/carbon/human/proc/hud_set_order)
  source file: mob_hud.dm,557
  usr: (src)
  src: the unknown (/mob/living/carbon/human)
  src.loc: the floor (81,94,1) (/turf/open/floor)
  call stack:
the unknown (/mob/living/carbon/human): hud set order()
the unknown (/mob/living/carbon/human): prepare huds()
the unknown (/mob/living/carbon/human): New(the floor (81,94,1) (/turf/open/floor), null)
the unknown (/mob/living/carbon/human): New(the floor (81,94,1) (/turf/open/floor), null)
the unknown (/mob/living/carbon/human): New(the floor (81,94,1) (/turf/open/floor), null)
the unknown (/mob/living/carbon/human): New(the floor (81,94,1) (/turf/open/floor), null)
Colonist Ted Jarka (/obj/effect/landmark/corpsespawner/engineer): createCorpse()
Colonist Ted Jarka (/obj/effect/landmark/corpsespawner/engineer): initialize()
Objects (/datum/controller/process/objects): setup()
/datum/controller/processSched... (/datum/controller/processScheduler): addProcess(Objects (/datum/controller/process/objects))
/datum/controller/processSched... (/datum/controller/processScheduler): setup()
world: New()
runtime error: Cannot modify null.icon_state.
proc name: hud set order (/mob/living/carbon/human/proc/hud_set_order)
  source file: mob_hud.dm,557
  usr: (src)
  src: the unknown (/mob/living/carbon/human)
  src.loc: the floor (54,103,1) (/turf/open/floor)
  call stack:
the unknown (/mob/living/carbon/human): hud set order()
the unknown (/mob/living/carbon/human): prepare huds()
the unknown (/mob/living/carbon/human): New(the floor (54,103,1) (/turf/open/floor), null)
the unknown (/mob/living/carbon/human): New(the floor (54,103,1) (/turf/open/floor), null)
the unknown (/mob/living/carbon/human): New(the floor (54,103,1) (/turf/open/floor), null)
the unknown (/mob/living/carbon/human): New(the floor (54,103,1) (/turf/open/floor), null)
Colonist Ethan Peser (/obj/effect/landmark/corpsespawner/security): createCorpse()
Colonist Ethan Peser (/obj/effect/landmark/corpsespawner/security): initialize()
Objects (/datum/controller/process/objects): setup()
/datum/controller/processSched... (/datum/controller/processScheduler): addProcess(Objects (/datum/controller/process/objects))
/datum/controller/processSched... (/datum/controller/processScheduler): setup()
world: New()
runtime error: Cannot modify null.icon_state.
proc name: hud set order (/mob/living/carbon/human/proc/hud_set_order)
  source file: mob_hud.dm,557
  usr: (src)
  src: the unknown (/mob/living/carbon/human)
  src.loc: the floor (211,128,1) (/turf/open/floor)
  call stack:
the unknown (/mob/living/carbon/human): hud set order()
the unknown (/mob/living/carbon/human): prepare huds()
the unknown (/mob/living/carbon/human): New(the floor (211,128,1) (/turf/open/floor), null)
the unknown (/mob/living/carbon/human): New(the floor (211,128,1) (/turf/open/floor), null)
the unknown (/mob/living/carbon/human): New(the floor (211,128,1) (/turf/open/floor), null)
the unknown (/mob/living/carbon/human): New(the floor (211,128,1) (/turf/open/floor), null)
Scientist (/obj/effect/landmark/corpsespawner/scientist): createCorpse()
Scientist (/obj/effect/landmark/corpsespawner/scientist): initialize()
Objects (/datum/controller/process/objects): setup()
/datum/controller/processSched... (/datum/controller/processScheduler): addProcess(Objects (/datum/controller/process/objects))
/datum/controller/processSched... (/datum/controller/processScheduler): setup()
world: New()
runtime error: Cannot modify null.icon_state.
proc name: hud set order (/mob/living/carbon/human/proc/hud_set_order)
  source file: mob_hud.dm,557
  usr: (src)
  src: the unknown (/mob/living/carbon/human)
  src.loc: the floor (208,132,1) (/turf/open/floor)
  call stack:
the unknown (/mob/living/carbon/human): hud set order()
the unknown (/mob/living/carbon/human): prepare huds()
the unknown (/mob/living/carbon/human): New(the floor (208,132,1) (/turf/open/floor), null)
the unknown (/mob/living/carbon/human): New(the floor (208,132,1) (/turf/open/floor), null)
the unknown (/mob/living/carbon/human): New(the floor (208,132,1) (/turf/open/floor), null)
the unknown (/mob/living/carbon/human): New(the floor (208,132,1) (/turf/open/floor), null)
Doctor (/obj/effect/landmark/corpsespawner/doctor): createCorpse()
Doctor (/obj/effect/landmark/corpsespawner/doctor): initialize()
Objects (/datum/controller/process/objects): setup()
/datum/controller/processSched... (/datum/controller/processScheduler): addProcess(Objects (/datum/controller/process/objects))
/datum/controller/processSched... (/datum/controller/processScheduler): setup()
world: New()
runtime error: Cannot modify null.icon_state.
proc name: hud set order (/mob/living/carbon/human/proc/hud_set_order)
  source file: mob_hud.dm,557
  usr: (src)
  src: the unknown (/mob/living/carbon/human)
  src.loc: the floor (82,145,1) (/turf/open/floor)
  call stack:
the unknown (/mob/living/carbon/human): hud set order()
the unknown (/mob/living/carbon/human): prepare huds()
the unknown (/mob/living/carbon/human): New(the floor (82,145,1) (/turf/open/floor), null)
the unknown (/mob/living/carbon/human): New(the floor (82,145,1) (/turf/open/floor), null)
the unknown (/mob/living/carbon/human): New(the floor (82,145,1) (/turf/open/floor), null)
the unknown (/mob/living/carbon/human): New(the floor (82,145,1) (/turf/open/floor), null)
Colonist Ted Koso (/obj/effect/landmark/corpsespawner/doctor): createCorpse()
Colonist Ted Koso (/obj/effect/landmark/corpsespawner/doctor): initialize()
Objects (/datum/controller/process/objects): setup()
/datum/controller/processSched... (/datum/controller/processScheduler): addProcess(Objects (/datum/controller/process/objects))
/datum/controller/processSched... (/datum/controller/processScheduler): setup()
world: New()
runtime error: Cannot modify null.icon_state.
proc name: hud set order (/mob/living/carbon/human/proc/hud_set_order)
  source file: mob_hud.dm,557
  usr: (src)
  src: the unknown (/mob/living/carbon/human)
  src.loc: the reinforced floor (175,148,1) (/turf/open/floor/engine)
  call stack:
the unknown (/mob/living/carbon/human): hud set order()
the unknown (/mob/living/carbon/human): prepare huds()
the unknown (/mob/living/carbon/human): New(the reinforced floor (175,148,1) (/turf/open/floor/engine), null)
the unknown (/mob/living/carbon/human): New(the reinforced floor (175,148,1) (/turf/open/floor/engine), null)
the unknown (/mob/living/carbon/human): New(the reinforced floor (175,148,1) (/turf/open/floor/engine), null)
the unknown (/mob/living/carbon/human): New(the reinforced floor (175,148,1) (/turf/open/floor/engine), null)
Scientist (/obj/effect/landmark/corpsespawner/scientist): createCorpse()
Scientist (/obj/effect/landmark/corpsespawner/scientist): initialize()
Objects (/datum/controller/process/objects): setup()
/datum/controller/processSched... (/datum/controller/processScheduler): addProcess(Objects (/datum/controller/process/objects))
/datum/controller/processSched... (/datum/controller/processScheduler): setup()
world: New()
runtime error: Cannot modify null.icon_state.
proc name: hud set order (/mob/living/carbon/human/proc/hud_set_order)
  source file: mob_hud.dm,557
  usr: (src)
  src: the unknown (/mob/living/carbon/human)
  src.loc: the floor (187,161,1) (/turf/open/floor)
  call stack:
the unknown (/mob/living/carbon/human): hud set order()
the unknown (/mob/living/carbon/human): prepare huds()
the unknown (/mob/living/carbon/human): New(the floor (187,161,1) (/turf/open/floor), null)
the unknown (/mob/living/carbon/human): New(the floor (187,161,1) (/turf/open/floor), null)
the unknown (/mob/living/carbon/human): New(the floor (187,161,1) (/turf/open/floor), null)
the unknown (/mob/living/carbon/human): New(the floor (187,161,1) (/turf/open/floor), null)
Private Security Officer (/obj/effect/landmark/corpsespawner/PMC): createCorpse()
Private Security Officer (/obj/effect/landmark/corpsespawner/PMC): initialize()
Objects (/datum/controller/process/objects): setup()
/datum/controller/processSched... (/datum/controller/processScheduler): addProcess(Objects (/datum/controller/process/objects))
/datum/controller/processSched... (/datum/controller/processScheduler): setup()
world: New()
runtime error: Cannot modify null.icon_state.
proc name: hud set order (/mob/living/carbon/human/proc/hud_set_order)
  source file: mob_hud.dm,557
  usr: (src)
  src: the unknown (/mob/living/carbon/human)
  src.loc: the floor (199,175,1) (/turf/open/floor)
  call stack:
the unknown (/mob/living/carbon/human): hud set order()
the unknown (/mob/living/carbon/human): prepare huds()
the unknown (/mob/living/carbon/human): New(the floor (199,175,1) (/turf/open/floor), null)
the unknown (/mob/living/carbon/human): New(the floor (199,175,1) (/turf/open/floor), null)
the unknown (/mob/living/carbon/human): New(the floor (199,175,1) (/turf/open/floor), null)
the unknown (/mob/living/carbon/human): New(the floor (199,175,1) (/turf/open/floor), null)
Scientist (/obj/effect/landmark/corpsespawner/scientist): createCorpse()
Scientist (/obj/effect/landmark/corpsespawner/scientist): initialize()
Objects (/datum/controller/process/objects): setup()
/datum/controller/processSched... (/datum/controller/processScheduler): addProcess(Objects (/datum/controller/process/objects))
/datum/controller/processSched... (/datum/controller/processScheduler): setup()
world: New()
runtime error: Cannot modify null.icon_state.
proc name: hud set order (/mob/living/carbon/human/proc/hud_set_order)
  source file: mob_hud.dm,557
  usr: (src)
  src: the unknown (/mob/living/carbon/human)
  src.loc: the floor (186,176,1) (/turf/open/floor)
  call stack:
the unknown (/mob/living/carbon/human): hud set order()
the unknown (/mob/living/carbon/human): prepare huds()
the unknown (/mob/living/carbon/human): New(the floor (186,176,1) (/turf/open/floor), null)
the unknown (/mob/living/carbon/human): New(the floor (186,176,1) (/turf/open/floor), null)
the unknown (/mob/living/carbon/human): New(the floor (186,176,1) (/turf/open/floor), null)
the unknown (/mob/living/carbon/human): New(the floor (186,176,1) (/turf/open/floor), null)
Scientist (/obj/effect/landmark/corpsespawner/scientist): createCorpse()
Scientist (/obj/effect/landmark/corpsespawner/scientist): initialize()
Objects (/datum/controller/process/objects): setup()
/datum/controller/processSched... (/datum/controller/processScheduler): addProcess(Objects (/datum/controller/process/objects))
/datum/controller/processSched... (/datum/controller/processScheduler): setup()
world: New()
runtime error: Cannot modify null.icon_state.
proc name: hud set order (/mob/living/carbon/human/proc/hud_set_order)
  source file: mob_hud.dm,557
  usr: (src)
  src: the unknown (/mob/living/carbon/human)
  src.loc: the plating (99,185,1) (/turf/open/floor/plating)
  call stack:
the unknown (/mob/living/carbon/human): hud set order()
the unknown (/mob/living/carbon/human): prepare huds()
the unknown (/mob/living/carbon/human): New(the plating (99,185,1) (/turf/open/floor/plating), null)
the unknown (/mob/living/carbon/human): New(the plating (99,185,1) (/turf/open/floor/plating), null)
the unknown (/mob/living/carbon/human): New(the plating (99,185,1) (/turf/open/floor/plating), null)
the unknown (/mob/living/carbon/human): New(the plating (99,185,1) (/turf/open/floor/plating), null)
Marshal Logan Bills (/obj/effect/landmark/corpsespawner/security): createCorpse()
Marshal Logan Bills (/obj/effect/landmark/corpsespawner/security): initialize()
Objects (/datum/controller/process/objects): setup()
/datum/controller/processSched... (/datum/controller/processScheduler): addProcess(Objects (/datum/controller/process/objects))
/datum/controller/processSched... (/datum/controller/processScheduler): setup()
world: New()
runtime error: Cannot modify null.icon_state.
proc name: hud set order (/mob/living/carbon/human/proc/hud_set_order)
  source file: mob_hud.dm,557
  usr: (src)
  src: the unknown (/mob/living/carbon/human)
  src.loc: the floor (74,186,1) (/turf/open/floor)
  call stack:
the unknown (/mob/living/carbon/human): hud set order()
the unknown (/mob/living/carbon/human): prepare huds()
the unknown (/mob/living/carbon/human): New(the floor (74,186,1) (/turf/open/floor), null)
the unknown (/mob/living/carbon/human): New(the floor (74,186,1) (/turf/open/floor), null)
the unknown (/mob/living/carbon/human): New(the floor (74,186,1) (/turf/open/floor), null)
the unknown (/mob/living/carbon/human): New(the floor (74,186,1) (/turf/open/floor), null)
Prisoner (/obj/effect/landmark/corpsespawner/prisoner): createCorpse()
Prisoner (/obj/effect/landmark/corpsespawner/prisoner): initialize()
Objects (/datum/controller/process/objects): setup()
/datum/controller/processSched... (/datum/controller/processScheduler): addProcess(Objects (/datum/controller/process/objects))
/datum/controller/processSched... (/datum/controller/processScheduler): setup()
world: New()
runtime error: Cannot read null.x
proc name: New (/datum/shuttle/ferry/hangar/New)
  source file: shuttle_hangar.dm,25
  usr: null
  src: /datum/shuttle/ferry/hangar (/datum/shuttle/ferry/hangar)
  call stack:
/datum/shuttle/ferry/hangar (/datum/shuttle/ferry/hangar): New()
/datum/shuttle_controller (/datum/shuttle_controller): New()
Shuttles (/datum/controller/process/shuttle): setup()
/datum/controller/processSched... (/datum/controller/processScheduler): addProcess(Shuttles (/datum/controller/process/shuttle))
/datum/controller/processSched... (/datum/controller/processScheduler): setup()
world: New()
runtime error: Cannot read null.x
proc name: New (/datum/shuttle/ferry/hangar/New)
  source file: shuttle_hangar.dm,25
  usr: null
  src: /datum/shuttle/ferry/hangar/ma... (/datum/shuttle/ferry/hangar/maintenance)
  call stack:
/datum/shuttle/ferry/hangar/ma... (/datum/shuttle/ferry/hangar/maintenance): New()
/datum/shuttle_controller (/datum/shuttle_controller): New()
Shuttles (/datum/controller/process/shuttle): setup()
/datum/controller/processSched... (/datum/controller/processScheduler): addProcess(Shuttles (/datum/controller/process/shuttle))
/datum/controller/processSched... (/datum/controller/processScheduler): setup()
world: New()
runtime error: Cannot modify null.icon_state.
proc name: hud set order (/mob/living/carbon/human/proc/hud_set_order)
  source file: mob_hud.dm,557
runtime error: filter argument border not found

proc name: backdrop (/obj/screen/plane_master/game_world/backdrop)
  source file: plane_master.dm,18
runtime error: filter argument border not found

proc name: backdrop (/obj/screen/plane_master/game_world/backdrop)
  source file: plane_master.dm,18
runtime error: Cannot modify null.icon_state.
proc name: hud set order (/mob/living/carbon/human/proc/hud_set_order)
  source file: mob_hud.dm,557
runtime error: filter argument border not found

proc name: backdrop (/obj/screen/plane_master/game_world/backdrop)
  source file: plane_master.dm,18
runtime error: filter argument border not found

proc name: backdrop (/obj/screen/plane_master/game_world/backdrop)
  source file: plane_master.dm,18
runtime error: filter argument border not found

proc name: backdrop (/obj/screen/plane_master/game_world/backdrop)
  source file: plane_master.dm,18
runtime error: filter argument border not found

proc name: backdrop (/obj/screen/plane_master/game_world/backdrop)
  source file: plane_master.dm,18
runtime error: Cannot modify null.icon_state.
proc name: hud set order (/mob/living/carbon/human/proc/hud_set_order)
  source file: mob_hud.dm,557
runtime error: filter argument border not found

proc name: backdrop (/obj/screen/plane_master/game_world/backdrop)
  source file: plane_master.dm,18
runtime error: filter argument border not found

proc name: backdrop (/obj/screen/plane_master/game_world/backdrop)
  source file: plane_master.dm,18
runtime error: Cannot modify null.icon_state.
proc name: hud set order (/mob/living/carbon/human/proc/hud_set_order)
  source file: mob_hud.dm,557
runtime error: filter argument border not found

proc name: backdrop (/obj/screen/plane_master/game_world/backdrop)
  source file: plane_master.dm,18
runtime error: filter argument border not found

proc name: backdrop (/obj/screen/plane_master/game_world/backdrop)
  source file: plane_master.dm,18
runtime error: Cannot modify null.icon_state.
proc name: hud set order (/mob/living/carbon/human/proc/hud_set_order)
  source file: mob_hud.dm,557
runtime error: filter argument border not found

proc name: backdrop (/obj/screen/plane_master/game_world/backdrop)
  source file: plane_master.dm,18
runtime error: filter argument border not found

proc name: backdrop (/obj/screen/plane_master/game_world/backdrop)
  source file: plane_master.dm,18
runtime error: Cannot modify null.icon_state.
proc name: hud set order (/mob/living/carbon/human/proc/hud_set_order)
  source file: mob_hud.dm,557
runtime error: filter argument border not found

proc name: backdrop (/obj/screen/plane_master/game_world/backdrop)
  source file: plane_master.dm,18
runtime error: filter argument border not found

proc name: backdrop (/obj/screen/plane_master/game_world/backdrop)
  source file: plane_master.dm,18
runtime error: Cannot modify null.icon_state.
proc name: hud set order (/mob/living/carbon/human/proc/hud_set_order)
  source file: mob_hud.dm,557
runtime error: filter argument border not found

proc name: backdrop (/obj/screen/plane_master/game_world/backdrop)
  source file: plane_master.dm,18
runtime error: filter argument border not found

proc name: backdrop (/obj/screen/plane_master/game_world/backdrop)
  source file: plane_master.dm,18
runtime error: filter argument border not found

proc name: backdrop (/obj/screen/plane_master/game_world/backdrop)
  source file: plane_master.dm,18
runtime error: filter argument border not found

proc name: backdrop (/obj/screen/plane_master/game_world/backdrop)
  source file: plane_master.dm,18
runtime error: Cannot read null.prefs
proc name: Login (/mob/dead/observer/Login)
  source file: observer.dm,32
runtime error: Cannot modify null.icon_state.
proc name: hud set order (/mob/living/carbon/human/proc/hud_set_order)
  source file: mob_hud.dm,557
runtime error: filter argument border not found

proc name: backdrop (/obj/screen/plane_master/game_world/backdrop)
  source file: plane_master.dm,18
runtime error: filter argument border not found

proc name: backdrop (/obj/screen/plane_master/game_world/backdrop)
  source file: plane_master.dm,18
runtime error: filter argument border not found

proc name: backdrop (/obj/screen/plane_master/game_world/backdrop)
  source file: plane_master.dm,18
runtime error: filter argument border not found

proc name: backdrop (/obj/screen/plane_master/game_world/backdrop)
  source file: plane_master.dm,18
runtime error: Cannot modify null.icon_state.
proc name: hud set order (/mob/living/carbon/human/proc/hud_set_order)
  source file: mob_hud.dm,557
runtime error: filter argument border not found

proc name: backdrop (/obj/screen/plane_master/game_world/backdrop)
  source file: plane_master.dm,18
runtime error: filter argument border not found

proc name: backdrop (/obj/screen/plane_master/game_world/backdrop)
  source file: plane_master.dm,18
runtime error: Cannot read null.prefs
proc name: Login (/mob/dead/observer/Login)
  source file: observer.dm,32
runtime error: Cannot modify null.icon_state.
proc name: hud set order (/mob/living/carbon/human/proc/hud_set_order)
  source file: mob_hud.dm,557
runtime error: filter argument border not found

proc name: backdrop (/obj/screen/plane_master/game_world/backdrop)
  source file: plane_master.dm,18
runtime error: filter argument border not found

proc name: backdrop (/obj/screen/plane_master/game_world/backdrop)
  source file: plane_master.dm,18
runtime error: filter argument border not found

proc name: backdrop (/obj/screen/plane_master/game_world/backdrop)
  source file: plane_master.dm,18
runtime error: filter argument border not found

proc name: backdrop (/obj/screen/plane_master/game_world/backdrop)
  source file: plane_master.dm,18
runtime error: filter argument border not found

proc name: backdrop (/obj/screen/plane_master/game_world/backdrop)
  source file: plane_master.dm,18
runtime error: filter argument border not found

proc name: backdrop (/obj/screen/plane_master/game_world/backdrop)
  source file: plane_master.dm,18
runtime error: undefined proc or verb /mob/living/carbon/Xenomorph/Queen/set xeno overwatch().

proc name: action activate (/datum/action/xeno_action/watch_xeno/action_activate)
  source file: Abilities.dm,1161
runtime error: undefined proc or verb /mob/living/carbon/Xenomorph/Queen/set xeno overwatch().

proc name: action activate (/datum/action/xeno_action/watch_xeno/action_activate)
  source file: Abilities.dm,1161
runtime error: filter argument border not found

proc name: backdrop (/obj/screen/plane_master/game_world/backdrop)
  source file: plane_master.dm,18
runtime error: filter argument border not found

proc name: backdrop (/obj/screen/plane_master/game_world/backdrop)
  source file: plane_master.dm,18
runtime error: filter argument border not found

proc name: backdrop (/obj/screen/plane_master/game_world/backdrop)
  source file: plane_master.dm,18
runtime error: filter argument border not found

proc name: backdrop (/obj/screen/plane_master/game_world/backdrop)
  source file: plane_master.dm,18
runtime error: filter argument border not found

proc name: backdrop (/obj/screen/plane_master/game_world/backdrop)
  source file: plane_master.dm,18
runtime error: filter argument border not found

proc name: backdrop (/obj/screen/plane_master/game_world/backdrop)
  source file: plane_master.dm,18
runtime error: filter argument border not found

proc name: backdrop (/obj/screen/plane_master/game_world/backdrop)
  source file: plane_master.dm,18
runtime error: filter argument border not found

proc name: backdrop (/obj/screen/plane_master/game_world/backdrop)
  source file: plane_master.dm,18
runtime error: bad index
proc name: cmp records asc (/proc/cmp_records_asc)
  source file: cmp.dm,21
runtime error: bad index
proc name: cmp records asc (/proc/cmp_records_asc)
  source file: cmp.dm,21
runtime error: bad index
proc name: cmp records asc (/proc/cmp_records_asc)
  source file: cmp.dm,21
runtime error: bad index
proc name: cmp records asc (/proc/cmp_records_asc)
  source file: cmp.dm,21
runtime error: bad index
proc name: cmp records asc (/proc/cmp_records_asc)
  source file: cmp.dm,21
runtime error: bad index
proc name: cmp records asc (/proc/cmp_records_asc)
  source file: cmp.dm,21
runtime error: bad index
proc name: cmp records asc (/proc/cmp_records_asc)
  source file: cmp.dm,21
runtime error: undefined proc or verb /mob/living/carbon/Xenomorph/Queen/set xeno overwatch().

proc name: action activate (/datum/action/xeno_action/watch_xeno/action_activate)
  source file: Abilities.dm,1161
runtime error: undefined proc or verb /mob/living/carbon/Xenomorph/Queen/set xeno overwatch().

proc name: action activate (/datum/action/xeno_action/watch_xeno/action_activate)
  source file: Abilities.dm,1161
runtime error: Cannot read null.is_modifyed
proc name: Crossed (/obj/effect/alien/weeds/Crossed)
  source file: weeds.dm,43
runtime error: Cannot read null.is_modifyed
proc name: Crossed (/obj/effect/alien/weeds/Crossed)
  source file: weeds.dm,43
runtime error: Cannot read null.is_modifyed
proc name: Crossed (/obj/effect/alien/weeds/Crossed)
  source file: weeds.dm,43
runtime error: Cannot read null.is_modifyed
proc name: Crossed (/obj/effect/alien/weeds/Crossed)
  source file: weeds.dm,43
runtime error: Cannot read null.is_modifyed
proc name: Crossed (/obj/effect/alien/weeds/Crossed)
  source file: weeds.dm,43
runtime error: Cannot read null.is_modifyed
proc name: Crossed (/obj/effect/alien/weeds/Crossed)
  source file: weeds.dm,43
runtime error: Cannot read null.is_modifyed
proc name: Crossed (/obj/effect/alien/weeds/Crossed)
  source file: weeds.dm,43
runtime error: Cannot read null.is_modifyed
proc name: Crossed (/obj/effect/alien/weeds/Crossed)
  source file: weeds.dm,43
runtime error: Cannot read null.is_modifyed
proc name: Crossed (/obj/effect/alien/weeds/Crossed)
  source file: weeds.dm,43
runtime error: Cannot read null.is_modifyed
proc name: Crossed (/obj/effect/alien/weeds/Crossed)
  source file: weeds.dm,43
runtime error: Cannot read null.is_modifyed
proc name: Crossed (/obj/effect/alien/weeds/Crossed)
  source file: weeds.dm,43
runtime error: Cannot read null.is_modifyed
proc name: Crossed (/obj/effect/alien/weeds/Crossed)
  source file: weeds.dm,43
runtime error: bad index
proc name: cmp records asc (/proc/cmp_records_asc)
  source file: cmp.dm,21
runtime error: bad index
proc name: cmp records asc (/proc/cmp_records_asc)
  source file: cmp.dm,21
runtime error: bad index
proc name: cmp records asc (/proc/cmp_records_asc)
  source file: cmp.dm,21
runtime error: bad index
proc name: cmp records asc (/proc/cmp_records_asc)
  source file: cmp.dm,21
runtime error: bad index
proc name: cmp records asc (/proc/cmp_records_asc)
  source file: cmp.dm,21
runtime error: bad index
proc name: cmp records asc (/proc/cmp_records_asc)
  source file: cmp.dm,21
runtime error: bad index
proc name: cmp records asc (/proc/cmp_records_asc)
  source file: cmp.dm,21
Warning: further proc crash messages are being suppressed to prevent overload...
