

Starting up round 14:00:39
---------------------
[14:14:16]ATTACK: Sanyas325/(Tom Svirten) has attacked Sanyas325/(Tom Svirten) with [flare] (INTENT: HURT) (DAMTYE: FIRE) (NEWHP: 100)  (Hospital Cargo (28, 113, 1))
[14:14:16]ATTACK: Sanyas325/(Tom Svirten) attacked Sanyas325/(Tom Svirten) with flare (INTENT: HURT) (DAMTYE: FIRE)
[14:16:25]ATTACK: EngineerConager/(Dell Conrad) has attacked CM.RU/(Cody Caldwell) with [wooden baseball bat] (INTENT: HURT) (DAMTYE: BRUTE) (NEWHP: 100)  (Lambda Lab (86, 133, 1))
[14:16:25]ATTACK: EngineerConager/(Dell Conrad) attacked CM.RU/(Cody Caldwell) with wooden baseball bat (INTENT: HURT) (DAMTYE: BRUTE)
[14:16:43]ATTACK: CM.RU/(Cody Caldwell) has attacked EngineerConager/(Dell Conrad) with [crowbar] (INTENT: HURT) (DAMTYE: BRUTE) (NEWHP: 100)  (Lambda Lab (86, 128, 1))
[14:16:43]ATTACK: CM.RU/(Cody Caldwell) attacked EngineerConager/(Dell Conrad) with crowbar (INTENT: HURT) (DAMTYE: BRUTE)
[14:16:58]ATTACK: Sanyas325/(Tom Svirten) has attacked Sanyas325/(Tom Svirten) with [flare] (INTENT: HURT) (DAMTYE: FIRE) (NEWHP: 95.6)  (Hospital Cargo (32, 122, 1))
[14:16:59]ATTACK: Sanyas325/(Tom Svirten) attacked Sanyas325/(Tom Svirten) with flare (INTENT: HURT) (DAMTYE: FIRE)
[14:18:00]ATTACK: EngineerConager/(Dell Conrad) has attacked CM.RU/(Cody Caldwell) with [wooden baseball bat] (INTENT: HURT) (DAMTYE: BRUTE) (NEWHP: 81.8)  (Weyland Yutani Compound (111, 136, 1))
[14:18:00]ATTACK: EngineerConager/(Dell Conrad) attacked CM.RU/(Cody Caldwell) with wooden baseball bat (INTENT: HURT) (DAMTYE: BRUTE)
[14:18:03]ATTACK: EngineerConager/(Dell Conrad) has attacked CM.RU/(Cody Caldwell) with [wooden baseball bat] (INTENT: HURT) (DAMTYE: BRUTE) (NEWHP: 61.8)  (Weyland Yutani Compound (115, 135, 1))
[14:18:03]ATTACK: EngineerConager/(Dell Conrad) attacked CM.RU/(Cody Caldwell) with wooden baseball bat (INTENT: HURT) (DAMTYE: BRUTE)
[14:18:15]ATTACK: CM.RU/(Cody Caldwell) has attacked EngineerConager/(Dell Conrad) with [wirecutters] (INTENT: HURT) (DAMTYE: BRUTE) (NEWHP: 97)  (Weyland Yutani Compound (123, 134, 1))
[14:18:15]ATTACK: CM.RU/(Cody Caldwell) attacked EngineerConager/(Dell Conrad) with wirecutters (INTENT: HURT) (DAMTYE: BRUTE)
[14:18:18]ATTACK: EngineerConager/(Dell Conrad) has attacked CM.RU/(Cody Caldwell) with [wooden baseball bat] (INTENT: HURT) (DAMTYE: BRUTE) (NEWHP: 41.8)  (Weyland Yutani Compound (124, 131, 1))
[14:18:18]ATTACK: EngineerConager/(Dell Conrad) attacked CM.RU/(Cody Caldwell) with wooden baseball bat (INTENT: HURT) (DAMTYE: BRUTE)
[14:18:20]ATTACK: CM.RU/(Cody Caldwell) has attacked EngineerConager/(Dell Conrad) with [wirecutters] (INTENT: HURT) (DAMTYE: BRUTE) (NEWHP: 91.1)  (Weyland Yutani Compound (125, 127, 1))
[14:18:20]ATTACK: CM.RU/(Cody Caldwell) attacked EngineerConager/(Dell Conrad) with wirecutters (INTENT: HURT) (DAMTYE: BRUTE)
[14:18:23]ATTACK: EngineerConager/(Dell Conrad) has attacked CM.RU/(Cody Caldwell) with [wooden baseball bat] (INTENT: HURT) (DAMTYE: BRUTE) (NEWHP: 21.9)  (Weyland Yutani Compound (124, 129, 1))
[14:18:23]ATTACK: EngineerConager/(Dell Conrad) attacked CM.RU/(Cody Caldwell) with wooden baseball bat (INTENT: HURT) (DAMTYE: BRUTE)
[14:18:26]ATTACK: CM.RU/(Cody Caldwell) has punched EngineerConager/(Dell Conrad) (NEWHP: 83.1)  (Weyland Yutani Compound (124, 129, 1))
[14:18:26]ATTACK: CM.RU/(Cody Caldwell) punched EngineerConager/(Dell Conrad)
[14:18:38]ATTACK: CM.RU/(Cody Caldwell) has attacked EngineerConager/(Dell Conrad) with [crowbar] (INTENT: HURT) (DAMTYE: BRUTE) (NEWHP: 76.6)  (Weyland Yutani Compound (125, 122, 1))
[14:18:38]ATTACK: CM.RU/(Cody Caldwell) attacked EngineerConager/(Dell Conrad) with crowbar (INTENT: HURT) (DAMTYE: BRUTE)
[14:18:39]ATTACK: EngineerConager/(Dell Conrad) has attacked CM.RU/(Cody Caldwell) with [wooden baseball bat] (INTENT: HURT) (DAMTYE: BRUTE) (NEWHP: 2.60001)  (Weyland Yutani Compound (124, 123, 1))
[14:18:39]ATTACK: EngineerConager/(Dell Conrad) attacked CM.RU/(Cody Caldwell) with wooden baseball bat (INTENT: HURT) (DAMTYE: BRUTE)
[14:18:41]ATTACK: EngineerConager/(Dell Conrad) has attacked CM.RU/(Cody Caldwell) with [wooden baseball bat] (INTENT: HURT) (DAMTYE: BRUTE) (NEWHP: -22.4)  (Weyland Yutani Compound (124, 121, 1))
[14:18:41]ATTACK: EngineerConager/(Dell Conrad) attacked CM.RU/(Cody Caldwell) with wooden baseball bat (INTENT: HURT) (DAMTYE: BRUTE)
[14:18:43]ATTACK: EngineerConager/(Dell Conrad) has attacked CM.RU/(Cody Caldwell) with [wooden baseball bat] (INTENT: HURT) (DAMTYE: BRUTE) (NEWHP: -42.4)  (Weyland Yutani Compound (124, 121, 1))
[14:18:43]ATTACK: EngineerConager/(Dell Conrad) attacked CM.RU/(Cody Caldwell) with wooden baseball bat (INTENT: HURT) (DAMTYE: BRUTE)
[14:18:44]ATTACK: EngineerConager/(Dell Conrad) has attacked CM.RU/(Cody Caldwell) with [wooden baseball bat] (INTENT: HURT) (DAMTYE: BRUTE) (NEWHP: -66.5)  (Weyland Yutani Compound (124, 121, 1))
[14:18:44]ATTACK: EngineerConager/(Dell Conrad) attacked CM.RU/(Cody Caldwell) with wooden baseball bat (INTENT: HURT) (DAMTYE: BRUTE)
[14:18:45]ATTACK: EngineerConager/(Dell Conrad) has attacked CM.RU/(Cody Caldwell) with [wooden baseball bat] (INTENT: HURT) (DAMTYE: BRUTE) (NEWHP: -90.6)  (Weyland Yutani Compound (124, 121, 1))
[14:18:45]ATTACK: EngineerConager/(Dell Conrad) attacked CM.RU/(Cody Caldwell) with wooden baseball bat (INTENT: HURT) (DAMTYE: BRUTE)
[14:18:46]ATTACK: EngineerConager/(Dell Conrad) has attacked CM.RU/(Cody Caldwell) with [wooden baseball bat] (INTENT: HURT) (DAMTYE: BRUTE) (NEWHP: -110.6)  (Weyland Yutani Compound (124, 121, 1))
[14:18:46]ATTACK: EngineerConager/(Dell Conrad) attacked CM.RU/(Cody Caldwell) with wooden baseball bat (INTENT: HURT) (DAMTYE: BRUTE)
[14:18:48]ATTACK: EngineerConager/(Dell Conrad) has attacked CM.RU/(Cody Caldwell) with [wooden baseball bat] (INTENT: HURT) (DAMTYE: BRUTE) (NEWHP: -134.7)  (Weyland Yutani Compound (124, 121, 1))
[14:18:48]ATTACK: EngineerConager/(Dell Conrad) attacked CM.RU/(Cody Caldwell) with wooden baseball bat (INTENT: HURT) (DAMTYE: BRUTE)
[14:19:17]ATTACK: Random12234/(Wyatt Ackerley) has attacked Random12234/(Wyatt Ackerley) with [wooden baseball bat] (INTENT: HURT) (DAMTYE: BRUTE) (NEWHP: 80)  (Filtration Plant (67, 116, 1))
[14:19:17]ATTACK: Random12234/(Wyatt Ackerley) attacked Random12234/(Wyatt Ackerley) with wooden baseball bat (INTENT: HURT) (DAMTYE: BRUTE)
[14:19:31]ATTACK: EngineerConager/(Dell Conrad) has attempted to remove [security armor] (jacket) *no key*/(Colonist Olin Berus) (NEWHP: -505)  (Weyland Yutani Compound (139, 122, 1))
[14:20:54]ATTACK: Sanyas325/(Tom Svirten) has attacked *no key*/(Colonist Mio Linno) with [wooden baseball bat] (INTENT: HURT) (DAMTYE: BRUTE) (NEWHP: -510)  (Weyland Yutani Research Lab (83, 101, 1))
[14:20:54]ATTACK: Sanyas325/(Tom Svirten) attacked *no key*/(Colonist Mio Linno) with wooden baseball bat (INTENT: HURT) (DAMTYE: BRUTE)
[14:21:10]ATTACK: Sanyas325/(Tom Svirten) has attempted to remove [Colonist Mio Linno's ID Card] (id) *no key*/(Colonist Mio Linno) (NEWHP: -510)  (Weyland Yutani Research Lab (83, 101, 1))
[14:21:42]ATTACK: Sanyas325/(Tom Svirten) has attacked Sanyas325/(Tom Svirten) with [wooden baseball bat] (INTENT: HURT) (DAMTYE: BRUTE) (NEWHP: 96.9)  (Weyland Yutani Research Lab (84, 101, 1))
[14:21:42]ATTACK: Sanyas325/(Tom Svirten) attacked Sanyas325/(Tom Svirten) with wooden baseball bat (INTENT: HURT) (DAMTYE: BRUTE)
[14:22:05]ATTACK: Sanyas325/(Tom Svirten) has punched *no key*/(Colonist Mio Linno) (NEWHP: -510)  (Weyland Yutani Research Lab (83, 101, 1))
[14:22:05]ATTACK: Sanyas325/(Tom Svirten) punched *no key*/(Colonist Mio Linno)
[14:22:13]ATTACK: Sanyas325/(Tom Svirten) has attacked *no key*/(Colonist Mio Linno) with [flare] (INTENT: HELP) (DAMTYE: FIRE) (NEWHP: -515)  (Weyland Yutani Research Lab (83, 101, 1))
[14:22:13]ATTACK: Sanyas325/(Tom Svirten) attacked *no key*/(Colonist Mio Linno) with flare (INTENT: HELP) (DAMTYE: FIRE)
[14:22:39]ATTACK: Sanyas325/(Tom Svirten) has attempted to remove [colonist uniform] (body) *no key*/(Colonist Mio Linno) (NEWHP: -520)  (Weyland Yutani Research Lab (83, 101, 1))
[14:23:34]ATTACK: Random12234/(Wyatt Ackerley) has attacked EngineerConager/(Dell Conrad) with [wooden baseball bat] (INTENT: HURT) (DAMTYE: BRUTE) (NEWHP: 90.1)  (Weyland Yutani Compound (116, 146, 1))
[14:23:34]ATTACK: Random12234/(Wyatt Ackerley) attacked EngineerConager/(Dell Conrad) with wooden baseball bat (INTENT: HURT) (DAMTYE: BRUTE)
[14:24:26]ATTACK: EngineerConager/(Dell Conrad) has attempted to remove [Colonist Redo Koster's ID Card] (id) *no key*/(Colonist Redo Koster) (NEWHP: -385)  (Weyland Yutani Compound (130, 144, 1))
[14:26:23]ATTACK: EngineerConager/(Dell Conrad) has injected EngineerConager/(Dell Conrad) with [Dexalin Plus autoinjector] Reagents: Dexalin Plus (NEWHP: 61.4)  (Colony Grounds (37, 142, 1))
[14:26:23]ATTACK: Dell Conrad (as Colonist Redo Koster) (engineerconager) injected Dell Conrad (as Colonist Redo Koster) (EngineerConager) with Dexalin Plus autoinjector. Reagents: Dexalin Plus (INTENT: HELP) (<A HREF='?_src_=holder;adminplayerobservecoodjump=1;X=37;Y=142;Z=1'>JMP</a>)
[14:27:10]ATTACK: Sanyas325/(Tom Svirten) has punched Sanyas325/(Tom Svirten) (NEWHP: 80)  (Weyland Yutani Research Lab (85, 76, 1))
[14:27:10]ATTACK: Sanyas325/(Tom Svirten) punched Sanyas325/(Tom Svirten)
[14:29:31]ATTACK: Sanyas325/(Tom Svirten) has punched *no key*/(Colonist Luther Yovin) (NEWHP: -305)  (Weyland Yutani Compound (88, 104, 1))
[14:29:31]ATTACK: Sanyas325/(Tom Svirten) punched *no key*/(Colonist Luther Yovin)
[14:29:32]ATTACK: Sanyas325/(Tom Svirten) has punched *no key*/(Colonist Luther Yovin) (NEWHP: -310)  (Weyland Yutani Compound (88, 104, 1))
[14:29:32]ATTACK: Sanyas325/(Tom Svirten) punched *no key*/(Colonist Luther Yovin)
[14:29:34]ATTACK: Sanyas325/(Tom Svirten) has punched *no key*/(Colonist Luther Yovin) (NEWHP: -316)  (Weyland Yutani Compound (88, 104, 1))
[14:29:34]ATTACK: Sanyas325/(Tom Svirten) punched *no key*/(Colonist Luther Yovin)
[14:32:11]ATTACK: Artyuom/(Johnny Vietnam) has attacked Artyuom/(Johnny Vietnam) with [Inaprovaline bottle] (INTENT: HELP) (DAMTYE: BRUTE) (NEWHP: 100)  (Space Port (36, 183, 1))
[14:32:11]ATTACK: Artyuom/(Johnny Vietnam) attacked Artyuom/(Johnny Vietnam) with Inaprovaline bottle (INTENT: HELP) (DAMTYE: BRUTE)
[14:32:11]ATTACK: Artyuom/(Johnny Vietnam) has splashed Artyuom/(Johnny Vietnam) with [Inaprovaline bottle] Reagents: Inaprovaline (NEWHP: 100)  (Space Port (36, 183, 1))
[14:32:11]ATTACK: Johnny Vietnam (artyuom) splashed Johnny Vietnam (Artyuom) with Inaprovaline bottle. Reagents: Inaprovaline (INTENT: HELP) (<A HREF='?_src_=holder;adminplayerobservecoodjump=1;X=36;Y=183;Z=1'>JMP</a>)
[14:34:41]ATTACK: Sanyas325/(Tom Svirten) has attacked EngineerConager/(Dell Conrad) with [wooden baseball bat] (INTENT: HURT) (DAMTYE: BRUTE) (NEWHP: 61.8001)  (Lambda Lab (74, 129, 1))
[14:34:41]ATTACK: Sanyas325/(Tom Svirten) attacked EngineerConager/(Dell Conrad) with wooden baseball bat (INTENT: HURT) (DAMTYE: BRUTE)
[14:35:11]ATTACK: Sanyas325/(Tom Svirten) has attacked EngineerConager/(Dell Conrad) with [wooden baseball bat] (INTENT: HURT) (DAMTYE: BRUTE) (NEWHP: 50.1001)  (Administration (51, 126, 1))
[14:35:11]ATTACK: Sanyas325/(Tom Svirten) attacked EngineerConager/(Dell Conrad) with wooden baseball bat (INTENT: HURT) (DAMTYE: BRUTE)
[14:35:25]ATTACK: EngineerConager/(Dell Conrad) has attacked Sanyas325/(Tom Svirten) with [wooden baseball bat] (INTENT: HURT) (DAMTYE: BRUTE) (NEWHP: 80)  (Administration (52, 125, 1))
[14:35:25]ATTACK: EngineerConager/(Dell Conrad) attacked Sanyas325/(Tom Svirten) with wooden baseball bat (INTENT: HURT) (DAMTYE: BRUTE)
[14:35:43]ATTACK: Johnny Vietnam (artyuom) primed a classic emp grenade (<A HREF='?_src_=holder;adminplayerobservecoodjump=1;X=25;Y=201;Z=1'>JMP</a>)
[14:35:49]ATTACK: EngineerConager/(Dell Conrad) has attacked Sanyas325/(Tom Svirten) with [wooden baseball bat] (INTENT: HURT) (DAMTYE: BRUTE) (NEWHP: 60)  (Library (51, 128, 1))
[14:35:49]ATTACK: EngineerConager/(Dell Conrad) attacked Sanyas325/(Tom Svirten) with wooden baseball bat (INTENT: HURT) (DAMTYE: BRUTE)
[14:35:50]ATTACK: EngineerConager/(Dell Conrad) has attacked Sanyas325/(Tom Svirten) with [wooden baseball bat] (INTENT: HURT) (DAMTYE: BRUTE) (NEWHP: 50.1)  (Library (52, 129, 1))
[14:35:50]ATTACK: EngineerConager/(Dell Conrad) attacked Sanyas325/(Tom Svirten) with wooden baseball bat (INTENT: HURT) (DAMTYE: BRUTE)
[14:36:01]ATTACK: EngineerConager/(Dell Conrad) has attacked Sanyas325/(Tom Svirten) with [wirecutters] (INTENT: HURT) (DAMTYE: BRUTE) (NEWHP: 30.3)  (Library (52, 129, 1))
[14:36:01]ATTACK: EngineerConager/(Dell Conrad) attacked Sanyas325/(Tom Svirten) with wirecutters (INTENT: HURT) (DAMTYE: BRUTE)
[14:36:02]ATTACK: EngineerConager/(Dell Conrad) has attacked Sanyas325/(Tom Svirten) with [wirecutters] (INTENT: HURT) (DAMTYE: BRUTE) (NEWHP: 24.3)  (Library (52, 129, 1))
[14:36:02]ATTACK: EngineerConager/(Dell Conrad) attacked Sanyas325/(Tom Svirten) with wirecutters (INTENT: HURT) (DAMTYE: BRUTE)
[14:36:03]ATTACK: EngineerConager/(Dell Conrad) has attacked Sanyas325/(Tom Svirten) with [wirecutters] (INTENT: HURT) (DAMTYE: BRUTE) (NEWHP: 18.3)  (Library (52, 129, 1))
[14:36:03]ATTACK: EngineerConager/(Dell Conrad) attacked Sanyas325/(Tom Svirten) with wirecutters (INTENT: HURT) (DAMTYE: BRUTE)
[14:36:04]ATTACK: EngineerConager/(Dell Conrad) has attacked Sanyas325/(Tom Svirten) with [wirecutters] (INTENT: HURT) (DAMTYE: BRUTE) (NEWHP: 12.4)  (Library (52, 129, 1))
[14:36:04]ATTACK: EngineerConager/(Dell Conrad) attacked Sanyas325/(Tom Svirten) with wirecutters (INTENT: HURT) (DAMTYE: BRUTE)
[14:36:08]ATTACK: EngineerConager/(Dell Conrad) has grabbed Sanyas325/(Tom Svirten) (NEWHP: 6.6)  (Library (52, 129, 1))
[14:36:08]ATTACK: EngineerConager/(Dell Conrad) схватил Sanyas325/(Tom Svirten)
[14:36:11]ATTACK: Sanyas325/(Tom Svirten) has punched EngineerConager/(Dell Conrad) (NEWHP: 37.8001)  (Library (51, 129, 1))
[14:36:11]ATTACK: Sanyas325/(Tom Svirten) punched EngineerConager/(Dell Conrad)
[14:36:16]ATTACK: EngineerConager/(Dell Conrad) has attacked Sanyas325/(Tom Svirten) with [wooden baseball bat] (INTENT: HURT) (DAMTYE: BRUTE) (NEWHP: 6.8)  (Library (51, 129, 1))
[14:36:16]ATTACK: EngineerConager/(Dell Conrad) attacked Sanyas325/(Tom Svirten) with wooden baseball bat (INTENT: HURT) (DAMTYE: BRUTE)
[14:36:17]ATTACK: EngineerConager/(Dell Conrad) has attacked Sanyas325/(Tom Svirten) with [wooden baseball bat] (INTENT: HURT) (DAMTYE: BRUTE) (NEWHP: -13.2)  (Library (52, 129, 1))
[14:36:18]ATTACK: EngineerConager/(Dell Conrad) attacked Sanyas325/(Tom Svirten) with wooden baseball bat (INTENT: HURT) (DAMTYE: BRUTE)
[14:36:19]ATTACK: Sanyas325/(Tom Svirten) has attacked EngineerConager/(Dell Conrad) with [wooden baseball bat] (INTENT: HURT) (DAMTYE: BRUTE) (NEWHP: 34.2001)  (Library (53, 128, 1))
[14:36:19]ATTACK: Sanyas325/(Tom Svirten) attacked EngineerConager/(Dell Conrad) with wooden baseball bat (INTENT: HURT) (DAMTYE: BRUTE)
[14:36:19]ATTACK: EngineerConager/(Dell Conrad) has attacked Sanyas325/(Tom Svirten) with [wooden baseball bat] (INTENT: HURT) (DAMTYE: BRUTE) (NEWHP: -33.2)  (Library (54, 129, 1))
[14:36:19]ATTACK: EngineerConager/(Dell Conrad) attacked Sanyas325/(Tom Svirten) with wooden baseball bat (INTENT: HURT) (DAMTYE: BRUTE)
[14:36:20]ATTACK: EngineerConager/(Dell Conrad) has attacked Sanyas325/(Tom Svirten) with [wooden baseball bat] (INTENT: HURT) (DAMTYE: BRUTE) (NEWHP: -53.2)  (Library (55, 129, 1))
[14:36:20]ATTACK: EngineerConager/(Dell Conrad) attacked Sanyas325/(Tom Svirten) with wooden baseball bat (INTENT: HURT) (DAMTYE: BRUTE)
[14:36:26]ATTACK: EngineerConager/(Dell Conrad) has attacked Sanyas325/(Tom Svirten) with [wooden baseball bat] (INTENT: HURT) (DAMTYE: BRUTE) (NEWHP: -85.2)  (Library (55, 129, 1))
[14:36:26]ATTACK: EngineerConager/(Dell Conrad) attacked Sanyas325/(Tom Svirten) with wooden baseball bat (INTENT: HURT) (DAMTYE: BRUTE)
[14:36:28]ATTACK: EngineerConager/(Dell Conrad) has attacked Sanyas325/(Tom Svirten) with [wooden baseball bat] (INTENT: HURT) (DAMTYE: BRUTE) (NEWHP: -109.2)  (Library (55, 129, 1))
[14:36:28]ATTACK: EngineerConager/(Dell Conrad) attacked Sanyas325/(Tom Svirten) with wooden baseball bat (INTENT: HURT) (DAMTYE: BRUTE)
[14:36:29]ATTACK: EngineerConager/(Dell Conrad) has attacked Sanyas325/(Tom Svirten) with [wooden baseball bat] (INTENT: HURT) (DAMTYE: BRUTE) (NEWHP: -129.2)  (Library (55, 129, 1))
[14:36:29]ATTACK: EngineerConager/(Dell Conrad) attacked Sanyas325/(Tom Svirten) with wooden baseball bat (INTENT: HURT) (DAMTYE: BRUTE)
[14:36:30]ATTACK: EngineerConager/(Dell Conrad) has attacked Sanyas325/(Tom Svirten) with [wooden baseball bat] (INTENT: HURT) (DAMTYE: BRUTE) (NEWHP: -149.2)  (Library (55, 129, 1))
[14:36:30]ATTACK: EngineerConager/(Dell Conrad) attacked Sanyas325/(Tom Svirten) with wooden baseball bat (INTENT: HURT) (DAMTYE: BRUTE)
[14:37:56]ATTACK: EngineerConager/(Dell Conrad) has attacked Random12234/(Wyatt Ackerley) with [wooden baseball bat] (INTENT: HURT) (DAMTYE: BRUTE) (NEWHP: 80)  (Administration (55, 124, 1))
[14:37:56]ATTACK: EngineerConager/(Dell Conrad) attacked Random12234/(Wyatt Ackerley) with wooden baseball bat (INTENT: HURT) (DAMTYE: BRUTE)
[14:37:59]ATTACK: EngineerConager/(Dell Conrad) has attacked Random12234/(Wyatt Ackerley) with [wooden baseball bat] (INTENT: HURT) (DAMTYE: BRUTE) (NEWHP: 60.2)  (Administration (55, 125, 1))
[14:37:59]ATTACK: EngineerConager/(Dell Conrad) attacked Random12234/(Wyatt Ackerley) with wooden baseball bat (INTENT: HURT) (DAMTYE: BRUTE)
[14:38:00]ATTACK: EngineerConager/(Dell Conrad) has attacked Random12234/(Wyatt Ackerley) with [wooden baseball bat] (INTENT: HURT) (DAMTYE: BRUTE) (NEWHP: 40.4)  (Administration (55, 125, 1))
[14:38:00]ATTACK: EngineerConager/(Dell Conrad) attacked Random12234/(Wyatt Ackerley) with wooden baseball bat (INTENT: HURT) (DAMTYE: BRUTE)
[14:38:00]ATTACK: Random12234/(Wyatt Ackerley) has attacked EngineerConager/(Dell Conrad) with [wooden baseball bat] (INTENT: HURT) (DAMTYE: BRUTE) (NEWHP: 16.6001)  (Administration (54, 125, 1))
[14:38:00]ATTACK: Random12234/(Wyatt Ackerley) attacked EngineerConager/(Dell Conrad) with wooden baseball bat (INTENT: HURT) (DAMTYE: BRUTE)
[14:38:01]ATTACK: EngineerConager/(Dell Conrad) has attacked Random12234/(Wyatt Ackerley) with [wooden baseball bat] (INTENT: HURT) (DAMTYE: BRUTE) (NEWHP: 20.4)  (Administration (55, 126, 1))
[14:38:01]ATTACK: EngineerConager/(Dell Conrad) attacked Random12234/(Wyatt Ackerley) with wooden baseball bat (INTENT: HURT) (DAMTYE: BRUTE)
[14:38:02]ATTACK: Random12234/(Wyatt Ackerley) has attacked EngineerConager/(Dell Conrad) with [wooden baseball bat] (INTENT: HURT) (DAMTYE: BRUTE) (NEWHP: 13.9001)  (Administration (54, 125, 1))
[14:38:02]ATTACK: Random12234/(Wyatt Ackerley) attacked EngineerConager/(Dell Conrad) with wooden baseball bat (INTENT: HURT) (DAMTYE: BRUTE)
[14:38:03]ATTACK: EngineerConager/(Dell Conrad) has attacked Random12234/(Wyatt Ackerley) with [wooden baseball bat] (INTENT: HURT) (DAMTYE: BRUTE) (NEWHP: 0.400002)  (Administration (55, 126, 1))
[14:38:03]ATTACK: EngineerConager/(Dell Conrad) attacked Random12234/(Wyatt Ackerley) with wooden baseball bat (INTENT: HURT) (DAMTYE: BRUTE)
[14:38:04]ATTACK: Random12234/(Wyatt Ackerley) has attacked EngineerConager/(Dell Conrad) with [wooden baseball bat] (INTENT: HURT) (DAMTYE: BRUTE) (NEWHP: 17.2001)  (Administration (54, 125, 1))
[14:38:04]ATTACK: Random12234/(Wyatt Ackerley) attacked EngineerConager/(Dell Conrad) with wooden baseball bat (INTENT: HURT) (DAMTYE: BRUTE)
[14:38:08]ATTACK: EngineerConager/(Dell Conrad) has attacked Random12234/(Wyatt Ackerley) with [wooden baseball bat] (INTENT: HURT) (DAMTYE: BRUTE) (NEWHP: -19.3)  (Administration (55, 126, 1))
[14:38:08]ATTACK: EngineerConager/(Dell Conrad) attacked Random12234/(Wyatt Ackerley) with wooden baseball bat (INTENT: HURT) (DAMTYE: BRUTE)
[14:38:09]ATTACK: EngineerConager/(Dell Conrad) has attacked Random12234/(Wyatt Ackerley) with [wooden baseball bat] (INTENT: HURT) (DAMTYE: BRUTE) (NEWHP: -39.3)  (Administration (55, 126, 1))
[14:38:09]ATTACK: EngineerConager/(Dell Conrad) attacked Random12234/(Wyatt Ackerley) with wooden baseball bat (INTENT: HURT) (DAMTYE: BRUTE)
[14:38:10]ATTACK: EngineerConager/(Dell Conrad) has attacked Random12234/(Wyatt Ackerley) with [wooden baseball bat] (INTENT: HURT) (DAMTYE: BRUTE) (NEWHP: -68.3)  (Administration (55, 126, 1))
[14:38:11]ATTACK: EngineerConager/(Dell Conrad) attacked Random12234/(Wyatt Ackerley) with wooden baseball bat (INTENT: HURT) (DAMTYE: BRUTE)
[14:38:12]ATTACK: EngineerConager/(Dell Conrad) has attacked *no key*/(Wyatt Ackerley) with [wooden baseball bat] (INTENT: HURT) (DAMTYE: BRUTE) (NEWHP: -88.3)  (Administration (55, 126, 1))
[14:38:12]ATTACK: EngineerConager/(Dell Conrad) attacked *no key*/(Wyatt Ackerley) with wooden baseball bat (INTENT: HURT) (DAMTYE: BRUTE)
