

Starting up round 14:00:39
---------------------
[14:00:39]MISC: Saved mode is 'Distress Signal'
[14:00:40]ADMIN: Loading jobban_rank
[14:00:40]ADMIN: Loading Banlist
[14:00:40]DEBUG: Error setting up jobs, blank title job: /datum/job/captain.
[14:00:40]DEBUG: Error setting up jobs, blank title job: /datum/job/hop.
[14:00:40]DEBUG: Error setting up jobs, blank title job: /datum/job/assistant.
[14:00:40]DEBUG: Error setting up jobs, blank title job: /datum/job/bartender.
[14:00:40]DEBUG: Error setting up jobs, blank title job: /datum/job/chef.
[14:00:40]DEBUG: Error setting up jobs, blank title job: /datum/job/hydro.
[14:00:40]DEBUG: Error setting up jobs, blank title job: /datum/job/mining.
[14:00:40]DEBUG: Error setting up jobs, blank title job: /datum/job/janitor.
[14:00:40]DEBUG: Error setting up jobs, blank title job: /datum/job/librarian.
[14:00:40]DEBUG: Error setting up jobs, blank title job: /datum/job/lawyer.
[14:00:40]DEBUG: Error setting up jobs, blank title job: /datum/job/chaplain.
[14:00:40]DEBUG: Error setting up jobs, blank title job: /datum/job/qm.
[14:00:40]DEBUG: Error setting up jobs, blank title job: /datum/job/cargo_tech.
[14:00:40]DEBUG: Error setting up jobs, blank title job: /datum/job/chief_engineer.
[14:00:40]DEBUG: Error setting up jobs, blank title job: /datum/job/engineer.
[14:00:40]DEBUG: Error setting up jobs, blank title job: /datum/job/atmos.
[14:00:40]DEBUG: Error setting up jobs, blank title job: /datum/job/cmo.
[14:00:40]DEBUG: Error setting up jobs, blank title job: /datum/job/doctor.
[14:00:40]DEBUG: Error setting up jobs, blank title job: /datum/job/chemist.
[14:00:40]DEBUG: Error setting up jobs, blank title job: /datum/job/geneticist.
[14:00:40]DEBUG: Error setting up jobs, blank title job: /datum/job/psychiatrist.
[14:00:40]DEBUG: Error setting up jobs, blank title job: /datum/job/rd.
[14:00:40]DEBUG: Error setting up jobs, blank title job: /datum/job/scientist.
[14:00:40]DEBUG: Error setting up jobs, blank title job: /datum/job/roboticist.
[14:00:40]DEBUG: Error setting up jobs, blank title job: /datum/job/hos.
[14:00:40]DEBUG: Error setting up jobs, blank title job: /datum/job/warden.
[14:00:40]DEBUG: Error setting up jobs, blank title job: /datum/job/detective.
[14:00:40]DEBUG: Error setting up jobs, blank title job: /datum/job/officer.
[14:00:53]DEBUG: Next event in 25.946 minutes.
[14:01:40]ACCESS: Login: BlackCrystalic/(BlackCrystalic) from 127.0.0.1-3990586367 || BYOND v513.1513
[14:01:42]ACCESS: Logout: BlackCrystalic/(BlackCrystalic)
[14:01:45]ACCESS: Login: BlackCrystalic/(BlackCrystalic) from 80.240.253.147-3990586367 || BYOND v513.1513
[14:01:46]DEBUG: ERROR CODE EV1.5: could not find door in USS Almayer Evac 22.
[14:01:46]DEBUG: ERROR CODE EV1.5: could not find door in USS Almayer Evac 9.
[14:01:46]DEBUG: ERROR CODE EV1.5: could not find door in USS Almayer Evac 3.
[14:03:55]ACCESS: Login: EngineerConager/(EngineerConager) from 176.32.154.191-577737710 || BYOND v512.1488
[14:03:59]ACCESS: Logout: EngineerConager/(EngineerConager)
[14:04:06]ACCESS: Login: EngineerConager/(EngineerConager) from 176.32.154.191-577737710 || BYOND v512.1488
[14:04:09]ACCESS: Login: Sanyas325/(Sanyas325) from 85.174.199.231-3205515855 || BYOND v513.1525
[14:04:10]ACCESS: Logout: EngineerConager/(EngineerConager)
[14:04:12]ACCESS: Logout: Sanyas325/(Sanyas325)
[14:04:15]ACCESS: Login: Sanyas325/(Sanyas325) from 85.174.199.231-3205515855 || BYOND v513.1525
[14:04:16]ADMIN: BlackCrystalic/(BlackCrystalic) delayed the game.
[14:05:18]ACCESS: Login: Artyuom/(Artyuom) from 95.174.127.234-114134526 || BYOND v513.1517
[14:05:20]ACCESS: Logout: Artyuom/(Artyuom)
[14:05:25]ACCESS: Login: CM.RU/(CM.RU) from 127.0.0.1-3990586367 || BYOND v513.1513
[14:05:25]ACCESS: Notice: CM.RU/(CM.RU) has the same ID (3990586367) as BlackCrystalic/(BlackCrystalic).
[14:05:27]ACCESS: Logout: CM.RU/(CM.RU)
[14:05:35]ACCESS: Login: Artyuom/(Artyuom) from 95.174.127.234-114134526 || BYOND v513.1517
[14:05:35]ACCESS: Login: CM.RU/(CM.RU) from 80.240.253.147-3990586367 || BYOND v513.1513
[14:05:35]ACCESS: Notice: CM.RU/(CM.RU) has the same IP (80.240.253.147) and ID (3990586367) as BlackCrystalic/(BlackCrystalic).
[14:06:36]ACCESS: Login: ZyberCpechnaz/(ZyberCpechnaz) from 127.0.0.1-3990586367 || BYOND v513.1513
[14:06:36]ACCESS: Notice: ZyberCpechnaz/(ZyberCpechnaz) has the same ID (3990586367) as BlackCrystalic/(BlackCrystalic).
[14:06:36]ACCESS: Notice: ZyberCpechnaz/(ZyberCpechnaz) has the same ID (3990586367) as CM.RU/(CM.RU).
[14:06:37]ACCESS: Logout: ZyberCpechnaz/(ZyberCpechnaz)
[14:06:41]ACCESS: Login: ZyberCpechnaz/(ZyberCpechnaz) from 80.240.253.147-3990586367 || BYOND v513.1513
[14:06:41]ACCESS: Notice: ZyberCpechnaz/(ZyberCpechnaz) has the same IP (80.240.253.147) and ID (3990586367) as BlackCrystalic/(BlackCrystalic).
[14:06:41]ACCESS: Notice: ZyberCpechnaz/(ZyberCpechnaz) has the same IP (80.240.253.147) and ID (3990586367) as CM.RU/(CM.RU).
[14:06:45]ACCESS: Login: EngineerConager/(EngineerConager) from 176.32.154.191-2402443160 || BYOND v513.1525
[14:06:48]ACCESS: Logout: EngineerConager/(EngineerConager)
[14:06:53]ACCESS: Login: EngineerConager/(EngineerConager) from 176.32.154.191-2402443160 || BYOND v513.1525
[14:08:04]ADMIN: BlackCrystalic/(BlackCrystalic) set the mode as Hunter Games.
[14:09:42]ACCESS: Login: Drooper/(Drooper) from 178.49.120.109-144915930 || BYOND v513.1513
[14:09:44]ACCESS: Logout: Drooper/(Drooper)
[14:09:47]ACCESS: Login: Drooper/(Drooper) from 178.49.120.109-144915930 || BYOND v513.1513
[14:10:40]ACCESS: Logout: *no key*/(Drooper)
[14:10:40]ACCESS: Login: Drooper/(Jonathon Edhard) from 178.49.120.109-144915930 || BYOND v513.1513
[14:10:48]ACCESS: Login: Random12234/(Random12234) from 91.216.61.199-3230727184 || BYOND v513.1517
[14:10:52]ACCESS: Logout: Random12234/(Random12234)
[14:10:55]ACCESS: Login: Random12234/(Random12234) from 91.216.61.199-3230727184 || BYOND v513.1517
[14:11:02]ADMIN: BlackCrystalic/(BlackCrystalic) removed the delay.
[14:11:29]DEBUG: RA: trashed the product instead of recycling. Current shelf length is: <b>40</b>
[14:11:29]DEBUG: RA: trashed the product instead of recycling. Current shelf length is: <b>41</b>
[14:11:29]DEBUG: Increasing RA shelf space. Current maximum space: <b>50</b>
[14:11:29]DEBUG: RA: trashed the product instead of recycling. Current shelf length is: <b>50</b>
[14:11:29]DEBUG: RA: trashed the product instead of recycling. Current shelf length is: <b>51</b>
[14:11:30]DEBUG: Increasing RA shelf space. Current maximum space: <b>60</b>
[14:11:30]DEBUG: RA: trashed the product instead of recycling. Current shelf length is: <b>60</b>
[14:11:30]DEBUG: RA: trashed the product instead of recycling. Current shelf length is: <b>61</b>
[14:11:30]DEBUG: Increasing RA shelf space. Current maximum space: <b>70</b>
[14:11:30]DEBUG: RA: trashed the product instead of recycling. Current shelf length is: <b>70</b>
[14:11:30]DEBUG: RA: trashed the product instead of recycling. Current shelf length is: <b>71</b>
[14:11:30]DEBUG: Increasing RA shelf space. Current maximum space: <b>80</b>
[14:11:30]DEBUG: RA: trashed the product instead of recycling. Current shelf length is: <b>80</b>
[14:11:30]DEBUG: RA: trashed the product instead of recycling. Current shelf length is: <b>81</b>
[14:11:30]DEBUG: Increasing RA shelf space. Current maximum space: <b>90</b>
[14:11:30]ACCESS: Logout: *no key*/(Sanyas325)
[14:11:30]ACCESS: Login: Sanyas325/(Tom Svirten) from 85.174.199.231-3205515855 || BYOND v513.1525
[14:11:30]ACCESS: Logout: *no key*/(Artyuom)
[14:11:30]ACCESS: Login: Artyuom/(Johnny Vietnam) from 95.174.127.234-114134526 || BYOND v513.1517
[14:11:30]ACCESS: Logout: *no key*/(CM.RU)
[14:11:30]ACCESS: Login: CM.RU/(Cody Caldwell) from 80.240.253.147-3990586367 || BYOND v513.1513
[14:11:30]ACCESS: Notice: CM.RU/(Cody Caldwell) has the same IP (80.240.253.147) and ID (3990586367) as BlackCrystalic/(BlackCrystalic).
[14:11:30]ACCESS: Notice: CM.RU/(Cody Caldwell) has the same IP (80.240.253.147) and ID (3990586367) as ZyberCpechnaz/(ZyberCpechnaz).
[14:11:30]ACCESS: Logout: *no key*/(EngineerConager)
[14:11:30]ACCESS: Login: EngineerConager/(Dell Conrad) from 176.32.154.191-2402443160 || BYOND v513.1525
[14:11:30]ACCESS: Logout: *no key*/(Random12234)
[14:11:30]ACCESS: Login: Random12234/(Wyatt Ackerley) from 91.216.61.199-3230727184 || BYOND v513.1517
[14:11:50]ACCESS: Logout: Drooper/(Jonathon Edhard)
[14:11:59]ACCESS: Login: Drooper/(Jonathon Edhard) from 178.49.120.109-144915930 || BYOND v513.1513
[14:12:02]ACCESS: Logout: Drooper/(Jonathon Edhard)
[14:12:08]ACCESS: Login: Drooper/(Jonathon Edhard) from 178.49.120.109-144915930 || BYOND v513.1513
[14:12:57]ACCESS: Logout: Random12234/(Wyatt Ackerley)
[14:13:09]ACCESS: Login: Random12234/(Wyatt Ackerley) from 91.216.61.199-3230727184 || BYOND v513.1517
[14:13:12]ACCESS: Logout: Random12234/(Wyatt Ackerley)
[14:13:14]ACCESS: Login: Random12234/(Wyatt Ackerley) from 91.216.61.199-3230727184 || BYOND v513.1517
[14:14:27]SAY: Artyuom/(Johnny Vietnam) "Помагитееее" (Telecommunications (21, 202, 1))
[14:14:37]SAY: Artyuom/(Johnny Vietnam) "Памаги мнее" (Telecommunications (19, 205, 1))
[14:14:54]SAY: Random12234/(Wyatt Ackerley) "Мама" (Weyland Yutani Compound (111, 139, 1))
[14:16:25]SAY: Drooper/(Jonathon Edhard) (ghost) "Пусть мама придёт. Пусть мама меня спасёт" (Telecommunications (19, 201, 1))
[14:16:27]SAY: CM.RU/(Cody Caldwell) "[F[" (Lambda Lab (79, 134, 1))
[14:16:52]SAY: Random12234/(Wyatt Ackerley) "Хммм не плохая идея" (Weyland Yutani Compound (116, 137, 1))
[14:17:06]SAY: Artyuom/(Johnny Vietnam) "Памагиии мнеее" (Telecommunications (21, 202, 1))
[14:17:19]SAY: Random12234/(Wyatt Ackerley) "ААААААААААА" (Filtration Plant (61, 117, 1))
[14:17:26]SAY: Drooper/(Jonathon Edhard) (ghost) "Ф за Джонни" (Telecommunications (19, 201, 1))
[14:17:37]SAY: EngineerConager/(Dell Conrad) "Иди сюда !" (Weyland Yutani Compound (112, 134, 1))
[14:17:43]SAY: CM.RU/(Cody Caldwell) "Ты первый" (Weyland Yutani Compound (112, 139, 1))
[14:17:50]SAY: EngineerConager/(Dell Conrad) "Ты труп !" (Weyland Yutani Compound (112, 134, 1))
[14:17:51]SAY: Artyuom/(Johnny Vietnam) "Джонатон я всё вижу" (Telecommunications (19, 202, 1))
[14:18:05]EMOTE: CM.RU/(Cody Caldwell) <B></B> screams! (Weyland Yutani Compound (117, 135, 1))
[14:18:08]SAY: EngineerConager/(Dell Conrad) "Хехе" (Weyland Yutani Compound (117, 136, 1))
[14:18:18]EMOTE: CM.RU/(Cody Caldwell) <B></B> screams! (Weyland Yutani Compound (124, 130, 1))
[14:18:23]EMOTE: CM.RU/(Cody Caldwell) <B></B> screams! (Weyland Yutani Compound (125, 128, 1))
[14:18:25]SAY: Artyuom/(Johnny Vietnam) "Как ты слился?" (Telecommunications (19, 202, 1))
[14:18:41]EMOTE: CM.RU/(Cody Caldwell) <B></B> screams! (Weyland Yutani Compound (124, 120, 1))
[14:18:41]EMOTE: CM.RU/(Cody Caldwell) <B></B> screams! (Weyland Yutani Compound (124, 120, 1))
[14:18:50]SAY: Drooper/(Jonathon Edhard) (ghost) "Ну если ты всё видишь. Я не сливался я прост спектатор" (Telecommunications (20, 200, 1))
[14:19:16]SAY: Artyuom/(Johnny Vietnam) "Экшонистый геймплэй" (Telecommunications (21, 202, 1))
[14:19:20]SAY: Random12234/(Wyatt Ackerley) "АЙ" (Filtration Plant (67, 116, 1))
[14:19:20]ACCESS: Logout: *no key*/(Cody Caldwell)
[14:19:20]ACCESS: Login: CM.RU/(Cody Caldwell) from 80.240.253.147-3990586367 || BYOND v513.1513
[14:19:20]ACCESS: Notice: CM.RU/(Cody Caldwell) has the same IP (80.240.253.147) and ID (3990586367) as BlackCrystalic/(BlackCrystalic).
[14:19:20]ACCESS: Notice: CM.RU/(Cody Caldwell) has the same IP (80.240.253.147) and ID (3990586367) as ZyberCpechnaz/(ZyberCpechnaz).
[14:19:25]SAY: Drooper/(Jonathon Edhard) (ghost) "Ага. РИП" (Telecommunications (20, 200, 1))
[14:19:35]SAY: Artyuom/(Johnny Vietnam) "Я прям чуствую экшон" (Telecommunications (19, 204, 1))
[14:19:36]SAY: Random12234/(Wyatt Ackerley) "Ну пиздец я не хочю умирать..." (Filtration Plant (67, 116, 1))
[14:19:44]SAY: Drooper/(Jonathon Edhard) (ghost) "ЭКНООООН!" (Telecommunications (20, 200, 1))
[14:19:57]SAY: Artyuom/(Johnny Vietnam) "Да!! экшон!!!" (Telecommunications (19, 205, 1))
[14:20:02]SAY: Random12234/(Wyatt Ackerley) "ЭЭЭЭЙ" (Filtration Plant (62, 121, 1))
[14:20:19]ACCESS: Logout: *no key*/(BlackCrystalic)
[14:20:19]ACCESS: Login: BlackCrystalic/(Blacky 'GG' Crysis) from 80.240.253.147-3990586367 || BYOND v513.1513
[14:20:19]ACCESS: Notice: BlackCrystalic/(Blacky 'GG' Crysis) has the same IP (80.240.253.147) and ID (3990586367) as ZyberCpechnaz/(ZyberCpechnaz).
[14:20:19]ACCESS: Notice: BlackCrystalic/(Blacky 'GG' Crysis) has the same IP (80.240.253.147) and ID (3990586367) as CM.RU/(Cody Caldwell).
[14:20:30]GAME: Explosion with size (3, 5, 7) in area Telecommunications 
[14:20:32]EMOTE: Artyuom/(Johnny Vietnam) <B></B> screams! (Telecommunications (19, 205, 1))
[14:20:33]SAY: Drooper/(Jonathon Edhard) (ghost) "Кто-то не хочет умирать. А джонни хочет умиреть, наверно" (Telecommunications (20, 200, 1))
[14:20:40]SAY: Drooper/(Jonathon Edhard) (ghost) "бля ф" (Telecommunications (20, 200, 1))
[14:20:45]SAY: BlackCrystalic/(Blacky 'GG' Crysis) (ghost) "F" (Telecommunications (21, 201, 1))
[14:20:53]SAY: Artyuom/(Johnny Vietnam) "Р-Ран" (Telecommunications (19, 192, 1))
[14:20:56]SAY: Drooper/(Jonathon Edhard) (ghost) "КТО запустил хуйню?" (Telecommunications (20, 200, 1))
[14:21:06]EMOTE: Artyuom/(Johnny Vietnam) <B></B> screams in pain and drops what they were holding in their right hand! (Dropship Alamo (30, 194, 1))
[14:21:12]ADMIN: BlackCrystalic/(Blacky 'GG' Crysis) has possessed the first-aid kit (/obj/item/storage/firstaid/regular) at (30, 194, 1)
[14:21:32]SAY: Drooper/(Jonathon Edhard) (ghost) "За что так с Жжонни?" (Dropship Alamo (28, 190, 1))
[14:21:33]EMOTE: Artyuom/(Johnny Vietnam) <B></B> lets out a sharp cry and drops what they were holding in their right hand! (Dropship Alamo (34, 190, 1))
[14:21:42]SAY: Random12234/(Wyatt Ackerley) "Нет это слишком для меня лутше уж умереть...." (Filtration Plant (62, 121, 1))
[14:21:57]GAME: Explosion with size (1, 2, 3) in area Filtration Plant 
[14:21:57]SAY: Drooper/(Jonathon Edhard) (ghost) "НЕееет. Живи" (Dropship Alamo (33, 192, 1))
[14:22:07]SAY: Artyuom/(Johnny Vietnam) "Р-Бля" (Dropship Alamo (35, 190, 1))
[14:22:25]SAY: Random12234/(Wyatt Ackerley) "Спасибо кто бы ты нибыл!" (Lambda Lab (74, 124, 1))
[14:22:28]SAY: Artyuom/(Johnny Vietnam) "Был Р-Р-героем Р-Р-помер Р-Р-как овощ" (Dropship Alamo (35, 190, 1))
[14:22:35]SAY: Drooper/(Jonathon Edhard) (ghost) "Приказа умирать не было. Вставай" (Dropship Alamo (33, 192, 1))
[14:22:51]EMOTE: EngineerConager/(Dell Conrad) <B></B> Свист... (Weyland Yutani Compound (138, 134, 1))
[14:22:56]SAY: Artyuom/(Johnny Vietnam) "Р-Бля Р-иноараволин почти вколол" (Dropship Alamo (35, 190, 1))
[14:23:06]SAY: EngineerConager/(Dell Conrad) "Хехе" (Weyland Yutani Compound (123, 145, 1))
[14:23:08]SAY: EngineerConager/(Dell Conrad) "Иди сюда" (Weyland Yutani Compound (123, 145, 1))
[14:23:09]SAY: Drooper/(Jonathon Edhard) (ghost) "Вставай ты щас его вколишь" (Dropship Alamo (34, 189, 1))
[14:23:13]SAY: Random12234/(Wyatt Ackerley) "Не не" (Weyland Yutani Compound (120, 146, 1))
[14:23:17]SAY: Random12234/(Wyatt Ackerley) "Страшно" (Weyland Yutani Compound (120, 146, 1))
[14:23:18]SAY: *no key*/(МилкиВей) "HSSSSS" (Commander's Bunk (98, 269, 3))
[14:23:26]EMOTE: Artyuom/(Johnny Vietnam) <B></B> screams in pain and drops what they were holding in their right hand! (Dropship Alamo (36, 190, 1))
[14:23:36]SAY: Drooper/(Jonathon Edhard) (ghost) "Вот так-то лучше" (Dropship Alamo (34, 189, 1))
[14:23:39]EMOTE: Artyuom/(Johnny Vietnam) <B></B> can no longer stand, collapsing! (Dropship Alamo (34, 190, 1))
[14:24:02]SAY: Artyuom/(Johnny Vietnam) "Р-Р-Бля" (Dropship Alamo (34, 190, 1))
[14:24:16]SAY: Artyuom/(Johnny Vietnam) "Я Р-Р-ещё Р-жив" (Dropship Alamo (34, 190, 1))
[14:24:19]SAY: Artyuom/(Johnny Vietnam) "Р-Сука" (Dropship Alamo (34, 190, 1))
[14:24:22]SAY: Drooper/(Jonathon Edhard) (ghost) "Давай, ты же доктр!" (Dropship Alamo (33, 189, 1))
[14:24:28]SAY: Artyuom/(Johnny Vietnam) "Р-Р-Бля" (Dropship Alamo (34, 190, 1))
[14:24:36]SAY: Artyuom/(Johnny Vietnam) "Р-Р-Где мои уши Р-нихуя не С-слыши" (Dropship Alamo (34, 190, 1))
[14:24:56]SAY: EngineerConager/(Dell Conrad) "Пфф" (Weyland Yutani Compound (131, 146, 1))
[14:25:02]SAY: Artyuom/(Johnny Vietnam) "Бля Р-вто Р-всё Р-вьетнам" (Dropship Alamo (34, 190, 1))
[14:25:17]SAY: Artyuom/(Johnny Vietnam) "Р-О С-слух Р-Р-вернулся" (Dropship Alamo (34, 190, 1))
[14:25:18]SAY: Drooper/(Jonathon Edhard) (ghost) "У тебе перед ебалом снаряд ёбнул. Джонни, они на деревьях!" (Dropship Alamo (33, 189, 1))
[14:25:24]ADMIN: BlackCrystalic/(Blacky 'GG' Crysis) spawned /obj/machinery/singularity at (98,270,3)
[14:25:28]SAY: Drooper/(Jonathon Edhard) (ghost) "XD" (Dropship Alamo (33, 189, 1))
[14:25:37]SAY: Artyuom/(Johnny Vietnam) "Р-Р-Бля" (Dropship Alamo (34, 190, 1))
[14:26:23]SAY: Artyuom/(Johnny Vietnam) "Бля боги Р-вьетнама за что" (Dropship Alamo (34, 190, 1))
[14:26:41]ADMIN: BlackCrystalic/(Blacky 'GG' Crysis) has possessed Gravitational Singularity (/obj/machinery/singularity) at (98, 270, 3)
[14:26:53]SAY: Drooper/(Jonathon Edhard) (ghost) "Бога-нет. Вставай бля" (Dropship Alamo (33, 189, 1))
[14:26:57]DEBUG: Next event in 42.64 minutes.
[14:27:11]EMOTE: EngineerConager/(Dell Conrad) <B>Dell Conrad (as Colonist Redo Koster)</B> Свист (Administration (32, 146, 1))
[14:27:29]SAY: Artyuom/(Johnny Vietnam) "Бля у меня Р-кажись около 2 Р-переломов" (Dropship Alamo (34, 190, 1))
[14:27:37]SAY: Artyuom/(Johnny Vietnam) "Р-Это Р-пиздец" (Dropship Alamo (34, 190, 1))
[14:27:38]SAY: EngineerConager/(Dell Conrad) "Гдееее вы ?" (Hospital Cargo (32, 110, 1))
[14:27:54]SAY: Drooper/(Jonathon Edhard) (ghost) "Будет прикол если  Джонни выйграет." (Dropship Alamo (33, 189, 1))
[14:28:07]SAY: Artyuom/(Johnny Vietnam) "Р-Рип" (Dropship Alamo (34, 190, 1))
[14:28:09]SAY: Artyuom/(Johnny Vietnam) "Р-Бля" (Dropship Alamo (34, 190, 1))
[14:28:15]SAY: Artyuom/(Johnny Vietnam) "Р-Иноправольн" (Dropship Alamo (34, 190, 1))
[14:28:20]SAY: Artyuom/(Johnny Vietnam) "Р-Р-Иди ко Р-мне" (Dropship Alamo (34, 190, 1))
[14:28:35]ADMIN: BlackCrystalic/(Blacky 'GG' Crysis) healed / revived Artyuom/(Johnny Vietnam)
[14:28:39]SAY: Artyuom/(Johnny Vietnam) "Р-Р-Ебать" (Dropship Alamo (34, 190, 1))
[14:29:36]SAY: Artyuom/(Johnny Vietnam) "Пиздец ёбнуло" (Dropship Alamo (27, 201, 1))
[14:29:37]ADMIN: BlackCrystalic/(Blacky 'GG' Crysis) has created a command report: Искуственная зона Б - Арктика закрывается через 60 секунд!
[14:29:49]SAY: EngineerConager/(Dell Conrad) "Пф..." (Hospital Cargo (51, 117, 1))
[14:30:04]ADMIN: BlackCrystalic/(Blacky 'GG' Crysis) spawned /obj/machinery/door/poddoor/shutters/almayer/pressure at (154,134,1)
[14:30:08]ADMIN: BlackCrystalic/(Blacky 'GG' Crysis) deleted the pressure shutters at (154,134,1) (<A HREF='?_src_=holder;adminplayerobservejump=[0x3000086]'>JMP</A>)
[14:30:11]ADMIN: BlackCrystalic/(Blacky 'GG' Crysis) spawned /obj/machinery/door/poddoor/shutters/almayer at (154,134,1)
[14:30:15]ADMIN: BlackCrystalic/(Blacky 'GG' Crysis) spawned /obj/machinery/door/poddoor/shutters/almayer at (154,135,1)
[14:30:21]ADMIN: BlackCrystalic/(Blacky 'GG' Crysis) spawned /obj/machinery/door/poddoor/shutters/almayer at (154,132,1)
[14:30:22]SAY: Artyuom/(Johnny Vietnam) "Бля лом бы" (Space Port (25, 190, 1))
[14:30:25]ADMIN: BlackCrystalic/(Blacky 'GG' Crysis) spawned /obj/machinery/door/poddoor/shutters/almayer at (154,133,1)
[14:30:28]GAME: Explosion with size (2, 3, 4) in area Weyland Yutani Research Lab 
[14:30:34]GAME: Explosion with size (3, 5, 7) in area Weyland Yutani Research Lab Ice 
[14:30:45]SAY: Artyuom/(Johnny Vietnam) "Стрёмно чё то бахает" (Alamo Landing Zone (27, 204, 1))
[14:31:52]SAY: EngineerConager/(Dell Conrad) "Прррииии веееетик" (Weyland Yutani Research Lab (85, 102, 1))
[14:31:58]SAY: EngineerConager/(Dell Conrad) "Чё как ?" (Weyland Yutani Research Lab (85, 102, 1))
[14:32:35]SAY: Artyuom/(Johnny Vietnam) "Ага" (Space Port (35, 182, 1))
[14:32:41]SAY: EngineerConager/(Dell Conrad) "Я слишком стар для этого дерьма" (Weyland Yutani Research Lab (99, 95, 1))
[14:33:25]SAY: EngineerConager/(Dell Conrad) "Ну и где ?" (General Store (80, 119, 1))
[14:33:39]SAY: Artyuom/(Johnny Vietnam) "Скинте мне дрон" (Space Cargo (34, 182, 1))
[14:33:46]SAY: EngineerConager/(Dell Conrad) "Отлично.." (Lambda Lab (82, 123, 1))
[14:33:47]ADMIN: BlackCrystalic/(Blacky 'GG' Crysis) has created a command report: Искуственная зона A - Пустыня закрывается через 60 секунд!
И искуственная зона В - Джунгли открывается через бззз,... критическая ошибка... бзззз... секунд!
[14:34:09]ADMIN: BlackCrystalic/(Blacky 'GG' Crysis) spawned /obj/machinery/door/poddoor/shutters/almayer at (78,99,1)
[14:34:15]ADMIN: BlackCrystalic/(Blacky 'GG' Crysis) spawned /obj/machinery/door/poddoor/shutters/almayer at (87,100,1)
[14:34:17]ADMIN: BlackCrystalic/(Blacky 'GG' Crysis) spawned /obj/machinery/door/poddoor/shutters/almayer at (88,100,1)
[14:34:20]ADMIN: BlackCrystalic/(Blacky 'GG' Crysis) spawned /obj/machinery/door/poddoor/shutters/almayer at (89,100,1)
[14:34:22]ADMIN: BlackCrystalic/(Blacky 'GG' Crysis) spawned /obj/machinery/door/poddoor/shutters/almayer at (90,100,1)
[14:34:24]ADMIN: BlackCrystalic/(Blacky 'GG' Crysis) spawned /obj/machinery/door/poddoor/shutters/almayer at (92,100,1)
[14:34:27]ADMIN: BlackCrystalic/(Blacky 'GG' Crysis) spawned /obj/machinery/door/poddoor/shutters/almayer at (91,100,1)
[14:34:30]ADMIN: BlackCrystalic/(Blacky 'GG' Crysis) spawned /obj/machinery/door/poddoor/shutters/almayer at (93,100,1)
[14:34:32]ADMIN: BlackCrystalic/(Blacky 'GG' Crysis) spawned /obj/machinery/door/poddoor/shutters/almayer at (94,100,1)
[14:34:36]ADMIN: BlackCrystalic/(Blacky 'GG' Crysis) spawned /obj/machinery/door/poddoor/shutters/almayer at (103,100,1)
[14:35:03]ADMIN: BlackCrystalic/(Blacky 'GG' Crysis) spawned /obj/machinery/door/poddoor/shutters/almayer at (62,100,1)
[14:35:08]ADMIN: BlackCrystalic/(Blacky 'GG' Crysis) spawned /obj/machinery/door/poddoor/shutters/almayer at (81,99,1)
[14:35:10]ADMIN: BlackCrystalic/(Blacky 'GG' Crysis) spawned /obj/machinery/door/poddoor/shutters/almayer at (82,99,1)
[14:35:15]ADMIN: BlackCrystalic/(Blacky 'GG' Crysis) spawned /obj/machinery/door/poddoor/shutters/almayer at (83,99,1)
[14:35:18]ADMIN: BlackCrystalic/(Blacky 'GG' Crysis) spawned /obj/machinery/door/poddoor/shutters/almayer at (84,99,1)
[14:35:28]GAME: Explosion with size (3, 5, 7) in area Weyland Yutani Research Lab 
[14:35:34]SAY: Artyuom/(Johnny Vietnam) "Бум" (Alamo Landing Zone (37, 195, 1))
[14:35:46]SAY: Artyuom/(Johnny Vietnam) "Бля" (Space Port (25, 197, 1))
[14:35:48]SAY: Drooper/(Jonathon Edhard) (ghost) "кабум!" (Space Port (25, 200, 1))
[14:35:52]SAY: EngineerConager/(Dell Conrad) "ЕХХЕЕХ" (Library (52, 129, 1))
[14:35:53]SAY: EngineerConager/(Dell Conrad) "ХААХАХАХ" (Library (52, 129, 1))
[14:35:55]SAY: EngineerConager/(Dell Conrad) "АХахахахахахаха" (Library (52, 129, 1))
[14:35:57]EMOTE: EngineerConager/(Dell Conrad) <B>Colonist Redo Koster</B> дааааа (Library (52, 129, 1))
[14:36:14]EMOTE: EngineerConager/(Dell Conrad) <B>Colonist Redo Koster</B> is having trouble keeping their eyes open. (Library (50, 130, 1))
[14:36:16]EMOTE: Sanyas325/(Tom Svirten) <B>Colonist Mio Linno</B> screams! (Library (52, 128, 1))
[14:36:18]EMOTE: Sanyas325/(Tom Svirten) <B>Colonist Mio Linno</B> screams! (Library (53, 128, 1))
[14:36:19]EMOTE: Sanyas325/(Tom Svirten) <B>Colonist Mio Linno</B> screams! (Library (53, 128, 1))
[14:36:21]EMOTE: EngineerConager/(Dell Conrad) <B>Colonist Redo Koster</B> screams! (Library (55, 129, 1))
[14:36:23]SAY: EngineerConager/(Dell Conrad) "Р-УХ.." (Library (55, 130, 1))
[14:36:35]SAY: EngineerConager/(Dell Conrad) "Р-ФУХ.." (Library (55, 129, 1))
[14:37:02]SAY: EngineerConager/(Dell Conrad) "Р-Р-Ну Р-Р-блять" (Administration (53, 125, 1))
[14:37:17]SAY: Artyuom/(Johnny Vietnam) "F" (Space Cargo (34, 183, 1))
[14:37:17]EMOTE: EngineerConager/(Dell Conrad) <B>Colonist Redo Koster</B>  is having trouble standing. (Administration (58, 125, 1))
[14:37:24]SAY: Artyuom/(Johnny Vietnam) "А чё прикольно" (Space Cargo (34, 183, 1))
[14:37:29]SAY: Random12234/(Wyatt Ackerley) "Ля" (Administration (50, 124, 1))
[14:37:33]SAY: Drooper/(Jonathon Edhard) (ghost) "Ну а как же" (Space Cargo (34, 183, 1))
[14:37:49]SAY: EngineerConager/(Dell Conrad) "ИДИ Р-СЮДА !" (Administration (56, 125, 1))
[14:37:52]ACCESS: Logout: *no key*/(ZyberCpechnaz)
[14:37:52]ACCESS: Login: ZyberCpechnaz/(Skyler Woodworth) from 80.240.253.147-3990586367 || BYOND v513.1513
[14:37:52]ACCESS: Notice: ZyberCpechnaz/(Skyler Woodworth) has the same IP (80.240.253.147) and ID (3990586367) as CM.RU/(Cody Caldwell).
[14:37:52]ACCESS: Notice: ZyberCpechnaz/(Skyler Woodworth) has the same IP (80.240.253.147) and ID (3990586367) as BlackCrystalic/(Blacky 'GG' Crysis).
[14:38:01]EMOTE: Random12234/(Wyatt Ackerley) <B></B> screams! (Administration (54, 125, 1))
[14:38:10]EMOTE: Random12234/(Wyatt Ackerley) <B></B> screams! (Administration (54, 125, 1))
[14:38:10]EMOTE: Random12234/(Wyatt Ackerley) <B></B> gasps! (Administration (54, 125, 1))
[14:38:11]ACCESS: Logout: *no key*/(Wyatt Ackerley)
[14:38:11]ACCESS: Login: Random12234/(Wyatt Ackerley) from 91.216.61.199-3230727184 || BYOND v513.1517
[14:38:14]SAY: EngineerConager/(Dell Conrad) "Р-ХАХАХА" (Administration (55, 126, 1))
[14:38:19]SAY: EngineerConager/(Dell Conrad) "Р-Р-Уф..." (Administration (55, 126, 1))
[14:38:31]ACCESS: Logout: *no key*/(Wyatt Ackerley)
[14:38:31]ACCESS: Login: Random12234/(Wyatt Ackerley) from 91.216.61.199-3230727184 || BYOND v513.1517
[14:38:35]SAY: Artyuom/(Johnny Vietnam) "Чюствую мне пизда" (Dropship Alamo (31, 203, 1))
[14:39:09]ADMIN: BlackCrystalic/(Blacky 'GG' Crysis) has created a command report: Джони въетнам, как победитель вы будете телепортированы обратно на свой корабль! К счастью для вас, мы вам даём шанц!
[14:39:17]SAY: EngineerConager/(Dell Conrad) "Р-ЧТО ?-?!" (Administration (48, 126, 1))
[14:39:20]SAY: EngineerConager/(Dell Conrad) "Р-ВЫ ОХУЕЛИ ?!" (Administration (48, 126, 1))
[14:39:21]ADMIN: BlackCrystalic/(Blacky 'GG' Crysis) teleported Artyuom/(Johnny Vietnam)
[14:39:22]SAY: Artyuom/(Johnny Vietnam) "Стоп" (Combat Information Center (96, 255, 3))
[14:39:23]ADMIN: BlackCrystalic/(Blacky 'GG' Crysis) has possessed Gravitational Singularity (/obj/machinery/singularity) at (95, 258, 3)
[14:39:24]SAY: Artyuom/(Johnny Vietnam) "Бля" (Combat Information Center (99, 255, 3))
[14:39:25]SAY: Drooper/(Jonathon Edhard) (ghost) "хах" (Space Port (32, 185, 1))
[14:39:30]SAY: Drooper/(Jonathon Edhard) (ghost) "Ля" (Space Port (32, 185, 1))
[14:39:39]SAY: Drooper/(Jonathon Edhard) (ghost) "Надо было на Джонни ставит" (Space Port (32, 185, 1))
[14:40:02]ACCESS: Logout: *no key*/(Johnny Vietnam)
[14:40:02]ACCESS: Login: Artyuom/(Johnny Vietnam) from 95.174.127.234-114134526 || BYOND v513.1517
[14:40:02]ACCESS: Logout: *no key*/(Johnny Vietnam)
[14:40:02]ACCESS: Login: Artyuom/(Johnny Vietnam) from 95.174.127.234-114134526 || BYOND v513.1517
[14:40:05]SAY: Artyuom/(Johnny Vietnam) (ghost) "бля" (Combat Information Center (91, 262, 3))
[14:40:07]SAY: Drooper/(Jonathon Edhard) (ghost) "ннееееет!" (Missile Tubes Starboard (92, 266, 3))
[14:40:07]GAME: Humans remaining: 1
Round time: 0:37
Big Winner: Dell Conrad (EngineerConager)
[14:40:07]GAME: Antagonists at round end were...
[14:40:09]ACCESS: Logout: *no key*/(Tom Svirten)
[14:40:09]ACCESS: Login: Sanyas325/(Tom Svirten) from 85.174.199.231-3205515855 || BYOND v513.1525
[14:40:09]SAY: EngineerConager/(Dell Conrad) "Р-Р-АХАХАХА" (Administration (47, 126, 1))
[14:40:12]SAY: Drooper/(Jonathon Edhard) (ghost) "Сука" (Missile Tubes Starboard (92, 266, 3))
[14:40:13]SAY: EngineerConager/(Dell Conrad) "ТАК Р-ЕМУ И НАДО" (Administration (47, 126, 1))
[14:40:18]SAY: EngineerConager/(Dell Conrad) "Р-ДААААААААА" (Administration (47, 126, 1))
[14:40:21]SAY: EngineerConager/(Dell Conrad) "Р-ДАААААААААААААААААААААА" (Administration (47, 126, 1))
[14:40:22]SAY: EngineerConager/(Dell Conrad) "Р-ЕС" (Administration (47, 126, 1))
[14:40:29]SAY: EngineerConager/(Dell Conrad) "Р-Уфф" (Administration (47, 126, 1))
[14:40:36]SAY: Drooper/(Jonathon Edhard) (ghost) "Бля для меня всё равно выграл Джон" (Missile Tubes Starboard (92, 266, 3))
[14:40:37]VOTE: Custom vote started by BlackCrystalic.
Vote - Next Map OOC>VOTE
[14:40:45]SAY: Artyuom/(Johnny Vietnam) (ghost) "не честно" (Administration (45, 126, 1))
[14:40:51]SAY: Drooper/(Jonathon Edhard) (ghost) "Пиздец. Надо было им хотя бы шанс дать" (Missile Tubes Starboard (92, 266, 3))
[14:41:37]VOTE: <b>Vote Result: Lv</b>
[14:41:39]OOC: EngineerConager/(Dell Conrad) "Ха-ха !" (Administration (47, 126, 1))
[14:41:53]GAME: <a href='?priv_msg=[0x5000005]'>EngineerConager</a>/(Dell Conrad) has ghosted.
[14:41:53]ACCESS: Logout: *no key*/(Dell Conrad)
[14:41:53]ACCESS: Login: EngineerConager/(Dell Conrad) from 176.32.154.191-2402443160 || BYOND v513.1525
[14:41:58]OOC: BlackCrystalic/(Gravitational Singularity) "как всегда, дел выиграл, но мы все знаем что сто про выиграл бы въетнам!" (Commander's Bunk (95, 269, 3))
[14:42:10]OOC: Artyuom/(Johnny Vietnam) "вот именно" (Administration (27, 137, 1))
[14:42:12]ACCESS: Logout: BlackCrystalic/(Gravitational Singularity)
[14:42:12]ACCESS: Logout: Sanyas325/(Tom Svirten)
[14:42:12]ACCESS: Logout: CM.RU/(Cody Caldwell)
[14:42:12]ACCESS: Logout: Artyuom/(Johnny Vietnam)
[14:42:12]ACCESS: Logout: ZyberCpechnaz/(Skyler Woodworth)
[14:42:12]ACCESS: Logout: EngineerConager/(Dell Conrad)
[14:42:12]ACCESS: Logout: Drooper/(Jonathon Edhard)
[14:42:12]ACCESS: Logout: Random12234/(Wyatt Ackerley)
