

Starting up round 16:59:16
---------------------
[17:06:04]ATTACK: GhostPokolenie/(Queen) has spat on [Mining Storage] with corrosive acid (North Central Barrens (109, 135, 1))
[17:06:04]ATTACK: Queen (ghostpokolenie) spat acid on Mining Storage.
[17:06:04]ATTACK: GhostPokolenie/(Queen) has spat on [Mining Storage] with corrosive acid (North Central Barrens (109, 135, 1))
[17:06:04]ATTACK: Queen (ghostpokolenie) spat acid on Mining Storage.
[17:06:14]ATTACK: GhostPokolenie/(Queen) has spat on [fence] with corrosive acid (North Central Barrens (112, 131, 1))
[17:06:14]ATTACK: Queen (ghostpokolenie) spat acid on the fence.
[17:06:14]ATTACK: GhostPokolenie/(Queen) has spat on [fence] with corrosive acid (North Central Barrens (112, 131, 1))
[17:06:14]ATTACK: Queen (ghostpokolenie) spat acid on the fence.
[17:06:15]ATTACK: GhostPokolenie/(Queen) has spat on [fence] with corrosive acid (North Central Barrens (112, 131, 1))
[17:06:15]ATTACK: Queen (ghostpokolenie) spat acid on the fence.
[17:06:15]ATTACK: GhostPokolenie/(Queen) has spat on [fence] with corrosive acid (North Central Barrens (112, 131, 1))
[17:06:15]ATTACK: Queen (ghostpokolenie) spat acid on the fence.
[17:06:28]ATTACK: GhostPokolenie/(Queen) has spat on [fence] with corrosive acid (North Central Barrens (117, 131, 1))
[17:06:28]ATTACK: Queen (ghostpokolenie) spat acid on the fence.
[17:06:28]ATTACK: GhostPokolenie/(Queen) has spat on [fence] with corrosive acid (North Central Barrens (117, 131, 1))
[17:06:28]ATTACK: Queen (ghostpokolenie) spat acid on the fence.
[17:06:29]ATTACK: GhostPokolenie/(Queen) has spat on [fence] with corrosive acid (North Central Barrens (117, 131, 1))
[17:06:29]ATTACK: Queen (ghostpokolenie) spat acid on the fence.
[17:06:29]ATTACK: GhostPokolenie/(Queen) has spat on [fence] with corrosive acid (North Central Barrens (117, 131, 1))
[17:06:29]ATTACK: Queen (ghostpokolenie) spat acid on the fence.
[17:06:29]ATTACK: GhostPokolenie/(Queen) has spat on [fence] with corrosive acid (North Central Barrens (117, 131, 1))
[17:06:29]ATTACK: Queen (ghostpokolenie) spat acid on the fence.
[17:06:36]ATTACK: GhostPokolenie/(Queen) has spat on [fence] with corrosive acid (North Central Barrens (117, 131, 1))
[17:06:36]ATTACK: Queen (ghostpokolenie) spat acid on the fence.
[17:06:36]ATTACK: GhostPokolenie/(Queen) has spat on [fence] with corrosive acid (North Central Barrens (117, 131, 1))
[17:06:36]ATTACK: Queen (ghostpokolenie) spat acid on the fence.
[17:06:55]ATTACK: GhostPokolenie/(Queen) has spat on [fence] with corrosive acid (North Eastern Barrens (122, 131, 1))
[17:06:55]ATTACK: Queen (ghostpokolenie) spat acid on the fence.
[17:06:56]ATTACK: GhostPokolenie/(Queen) has spat on [fence] with corrosive acid (North Eastern Barrens (122, 131, 1))
[17:06:56]ATTACK: Queen (ghostpokolenie) spat acid on the fence.
[17:06:58]ATTACK: GhostPokolenie/(Queen) has spat on [fence] with corrosive acid (North Eastern Barrens (122, 131, 1))
[17:06:58]ATTACK: Queen (ghostpokolenie) spat acid on the fence.
[17:07:48]ATTACK: GhostPokolenie/(Queen) has spat on [fence] with corrosive acid (North Central Barrens (107, 131, 1))
[17:07:48]ATTACK: Queen (ghostpokolenie) spat acid on the fence.
[17:07:48]ATTACK: GhostPokolenie/(Queen) has spat on [fence] with corrosive acid (North Central Barrens (107, 131, 1))
[17:07:48]ATTACK: Queen (ghostpokolenie) spat acid on the fence.
[17:07:49]ATTACK: GhostPokolenie/(Queen) has spat on [fence] with corrosive acid (North Central Barrens (107, 131, 1))
[17:07:49]ATTACK: Queen (ghostpokolenie) spat acid on the fence.
[17:07:49]ATTACK: GhostPokolenie/(Queen) has spat on [fence] with corrosive acid (North Central Barrens (107, 131, 1))
[17:07:49]ATTACK: Queen (ghostpokolenie) spat acid on the fence.
[17:07:50]ATTACK: GhostPokolenie/(Queen) has spat on [fence] with corrosive acid (North Central Barrens (107, 131, 1))
[17:07:50]ATTACK: Queen (ghostpokolenie) spat acid on the fence.
[17:07:50]ATTACK: GhostPokolenie/(Queen) has spat on [fence] with corrosive acid (North Central Barrens (107, 131, 1))
[17:07:50]ATTACK: Queen (ghostpokolenie) spat acid on the fence.
[17:07:50]ATTACK: GhostPokolenie/(Queen) has spat on [fence] with corrosive acid (North Central Barrens (107, 131, 1))
[17:07:50]ATTACK: Queen (ghostpokolenie) spat acid on the fence.
[17:08:20]ATTACK: GhostPokolenie/(Queen) has spat on [metal] with corrosive acid (North Central Barrens (113, 136, 1))
[17:08:20]ATTACK: Queen (ghostpokolenie) spat acid on the metal.
[17:08:20]ATTACK: GhostPokolenie/(Queen) has spat on [metal] with corrosive acid (North Central Barrens (113, 136, 1))
[17:08:20]ATTACK: Queen (ghostpokolenie) spat acid on the metal.
[17:08:22]ATTACK: GhostPokolenie/(Queen) has spat on [metal] with corrosive acid (North Central Barrens (113, 136, 1))
[17:08:22]ATTACK: Queen (ghostpokolenie) spat acid on the metal.
[17:08:22]ATTACK: GhostPokolenie/(Queen) has spat on [metal] with corrosive acid (North Central Barrens (113, 136, 1))
[17:08:22]ATTACK: Queen (ghostpokolenie) spat acid on the metal.
[17:08:23]ATTACK: GhostPokolenie/(Queen) has spat on [metal] with corrosive acid (North Central Barrens (113, 136, 1))
[17:08:23]ATTACK: Queen (ghostpokolenie) spat acid on the metal.
[17:08:46]ATTACK: GhostPokolenie/(Queen) has spat on [metal] with corrosive acid (North Central Barrens (114, 136, 1))
[17:08:46]ATTACK: Queen (ghostpokolenie) spat acid on the metal.
[17:08:46]ATTACK: GhostPokolenie/(Queen) has spat on [metal] with corrosive acid (North Central Barrens (114, 136, 1))
[17:08:46]ATTACK: Queen (ghostpokolenie) spat acid on the metal.
[17:08:47]ATTACK: GhostPokolenie/(Queen) has spat on [metal] with corrosive acid (North Central Barrens (114, 136, 1))
[17:08:47]ATTACK: Queen (ghostpokolenie) spat acid on the metal.
[17:08:51]ATTACK: GhostPokolenie/(Queen) has spat on [metal] with corrosive acid (North Central Barrens (114, 136, 1))
[17:08:51]ATTACK: Queen (ghostpokolenie) spat acid on the metal.
[17:08:51]ATTACK: GhostPokolenie/(Queen) has spat on [metal] with corrosive acid (North Central Barrens (114, 136, 1))
[17:08:51]ATTACK: Queen (ghostpokolenie) spat acid on the metal.
[17:08:52]ATTACK: GhostPokolenie/(Queen) has spat on [metal] with corrosive acid (North Central Barrens (114, 136, 1))
[17:08:52]ATTACK: Queen (ghostpokolenie) spat acid on the metal.
[17:08:58]ATTACK: GhostPokolenie/(Queen) has spat on [metal] with corrosive acid (North Central Barrens (111, 136, 1))
[17:08:58]ATTACK: Queen (ghostpokolenie) spat acid on the metal.
[17:08:59]ATTACK: GhostPokolenie/(Queen) has spat on [metal] with corrosive acid (North Central Barrens (111, 136, 1))
[17:08:59]ATTACK: Queen (ghostpokolenie) spat acid on the metal.
[17:08:59]ATTACK: GhostPokolenie/(Queen) has spat on [metal] with corrosive acid (North Central Barrens (111, 136, 1))
[17:08:59]ATTACK: Queen (ghostpokolenie) spat acid on the metal.
[17:09:00]ATTACK: GhostPokolenie/(Queen) has spat on [metal] with corrosive acid (North Central Barrens (111, 136, 1))
[17:09:00]ATTACK: Queen (ghostpokolenie) spat acid on the metal.
[17:09:01]ATTACK: GhostPokolenie/(Queen) has spat on [metal] with corrosive acid (North Central Barrens (111, 136, 1))
[17:09:01]ATTACK: Queen (ghostpokolenie) spat acid on the metal.
[17:11:49]ATTACK: CM.RU/(Edwin Whittier) has attacked Artyuom/(Johnny Vietnam) with [telescopic baton] (INTENT: DISARM) (DAMTYE: BRUTE) (NEWHP: 100)  (Hallway Starboard (192, 163, 3))
[17:11:49]ATTACK: CM.RU/(Edwin Whittier) attacked Artyuom/(Johnny Vietnam) with telescopic baton (INTENT: DISARM) (DAMTYE: BRUTE)
[17:12:05]ATTACK: CM.RU/(Edwin Whittier) has attacked Artyuom/(Johnny Vietnam) with [telescopic baton] (INTENT: DISARM) (DAMTYE: BRUTE) (NEWHP: 100)  (Squad Alpha Cargo (176, 175, 3))
[17:12:05]ATTACK: CM.RU/(Edwin Whittier) attacked Artyuom/(Johnny Vietnam) with telescopic baton (INTENT: DISARM) (DAMTYE: BRUTE)
[17:12:42]ATTACK: Harlex5435/(Nickolas Stone) has fed Artyuom/(Johnny Vietnam) with [pill] Reagents: bicaridine(15u) (NEWHP: 75)  (Squad Alpha Cargo (175, 177, 3))
[17:12:42]ATTACK: Nickolas Stone (harlex5435) fed Johnny Vietnam (artyuom) with pill Reagents: bicaridine(15u) (INTENT: HURT) (<A HREF='?_src_=holder;adminplayerobservecoodjump=1;X=175;Y=177;Z=3'>JMP</a>)
[17:21:03]ATTACK: Artyuom/(Johnny Vietnam) has disarmed Atlasic/(Atlas Fasio) (NEWHP: 100)  (Squad Alpha Cargo (175, 176, 3))
[17:21:03]ATTACK: Artyuom/(Johnny Vietnam) disarmed Atlas Fasio (atlasic)
[17:24:49]ATTACK: CM.RU/(Edwin Whittier) has hit Artyuom/(Johnny Vietnam) with [M56 powerpack] (thrown) (NEWHP: 99.8)  (Requisitions (190, 152, 3))
[17:24:49]ATTACK: Johnny Vietnam (artyuom) was hit by a M56 powerpack, thrown by Edwin Whittier (cmru) (<A HREF='?_src_=holder;adminplayerobservecoodjump=1;X=188;Y=152;Z=3'>JMP</a>)
[17:25:21]ATTACK: Harlex5435/(Nickolas Stone) has punched Harlex5435/(Nickolas Stone) (NEWHP: 100)  (Briefing Area (178, 150, 3))
[17:25:21]ATTACK: Harlex5435/(Nickolas Stone) punched Harlex5435/(Nickolas Stone)
[17:27:52]ATTACK: Atlasic/(Atlas Fasio) has disarmed Atlasic/(Atlas Fasio) (NEWHP: 100)  (Hallway Port (180, 139, 3))
[17:27:52]ATTACK: Atlasic/(Atlas Fasio) disarmed Atlas Fasio (atlasic)
[17:27:56]ATTACK: Harlex5435/(Nickolas Stone) has hit Artyuom/(Johnny Vietnam) with [stasis bag] (thrown) (NEWHP: 100)  (Dropship Alamo (93, 151, 3))
[17:27:56]ATTACK: Johnny Vietnam (artyuom) was hit by a the stasis bag, thrown by Nickolas Stone (harlex5435) (<A HREF='?_src_=holder;adminplayerobservecoodjump=1;X=92;Y=150;Z=3'>JMP</a>)
[17:30:21]ATTACK: Artyuom/(Johnny Vietnam) has hit ALex13t/(Reno 'Slowflake' Flake) with [Meatpizza] (thrown) (NEWHP: 99.7)  (Dropship Alamo (92, 149, 3))
[17:30:21]ATTACK: Reno 'Slowflake' Flake (alex13t) was hit by a Meatpizza, thrown by Johnny Vietnam (artyuom) (<A HREF='?_src_=holder;adminplayerobservecoodjump=1;X=91;Y=149;Z=3'>JMP</a>)
[17:35:15]ATTACK: ALex13t/(Reno 'Slowflake' Flake) has attacked ALex13t/(Reno 'Slowflake' Flake) with [barbed wire] (INTENT: HELP) (DAMTYE: BRUTE) (NEWHP: 100)  (Alamo Landing Zone (146, 35, 1))
[17:35:15]ATTACK: ALex13t/(Reno 'Slowflake' Flake) attacked ALex13t/(Reno 'Slowflake' Flake) with barbed wire (INTENT: HELP) (DAMTYE: BRUTE)
[17:36:01]ATTACK: GhostPokolenie/(Elder Queen) has grabbed *no key*/(farwa (73)) (NEWHP: 100)  (Northern Jungle (106, 86, 1))
[17:36:01]ATTACK: GhostPokolenie/(Elder Queen) схватил *no key*/(farwa (73))
[17:36:41]ATTACK: Evan Tomato (sladk0ewka) primed M40 HEDP grenade (<A HREF='?_src_=holder;adminplayerobservecoodjump=1;X=100;Y=18;Z=1'>JMP</a>)
[17:36:56]ATTACK: GhostPokolenie/(Elder Queen) has grabbed *no key*/(farwa (73)) (NEWHP: 100)  (North Central Barrens (114, 136, 1))
[17:36:56]ATTACK: GhostPokolenie/(Elder Queen) схватил *no key*/(farwa (73))
[17:37:16]ATTACK: Sladk0ewka/(Evan Tomato) has shot BlackCrystalic/(Young Warrior (179)) with [rifle bullet] (NEWHP: 200)  (Central Jungle (98, 31, 1))
[17:37:16]ATTACK: Evan Tomato (sladk0ewka) shot Young Warrior (179) (blackcrystalic) with a rifle bullet in Central Jungle (<A HREF='?_src_=holder;adminplayerobservecoodjump=1;X=98;Y=31;Z=1'>JMP</a>)
[17:37:16]ATTACK: Sladk0ewka/(Evan Tomato) has shot BlackCrystalic/(Young Warrior (179)) with [rifle bullet] (NEWHP: 165)  (Central Jungle (98, 31, 1))
[17:37:16]ATTACK: Evan Tomato (sladk0ewka) shot Young Warrior (179) (blackcrystalic) with a rifle bullet in Central Jungle (<A HREF='?_src_=holder;adminplayerobservecoodjump=1;X=98;Y=31;Z=1'>JMP</a>)
[17:38:21]ATTACK: Atlasic/(Atlas Fasio) has shot BlackCrystalic/(Young Warrior (179)) with [A19 high velocity incendiary bullet] (NEWHP: 135)  (Atmospherics (87, 25, 1))
[17:38:21]ATTACK: Atlas Fasio (atlasic) shot Young Warrior (179) (blackcrystalic) with A19 high velocity incendiary bullet in Atmospherics (<A HREF='?_src_=holder;adminplayerobservecoodjump=1;X=87;Y=25;Z=1'>JMP</a>)
[17:38:27]ATTACK: Atlasic/(Atlas Fasio) has shot BlackCrystalic/(Young Warrior (179)) with [A19 high velocity incendiary bullet] (NEWHP: 89)  (Atmospherics (88, 26, 1))
[17:38:27]ATTACK: Atlas Fasio (atlasic) shot Young Warrior (179) (blackcrystalic) with A19 high velocity incendiary bullet in Atmospherics (<A HREF='?_src_=holder;adminplayerobservecoodjump=1;X=88;Y=26;Z=1'>JMP</a>)
[17:38:31]ATTACK: Artyuom/(Johnny Vietnam) has shot BlackCrystalic/(Young Warrior (179)) with [smartgun bullet] (NEWHP: 40)  (Atmospherics (92, 30, 1))
[17:38:31]ATTACK: Johnny Vietnam (artyuom) shot Young Warrior (179) (blackcrystalic) with a smartgun bullet in Atmospherics (<A HREF='?_src_=holder;adminplayerobservecoodjump=1;X=92;Y=30;Z=1'>JMP</a>)
[17:38:34]ATTACK: Artyuom/(Johnny Vietnam) has shot BlackCrystalic/(Young Warrior (179)) with [smartgun bullet] (NEWHP: 26)  (Atmospherics (90, 32, 1))
[17:38:34]ATTACK: Johnny Vietnam (artyuom) shot Young Warrior (179) (blackcrystalic) with a smartgun bullet in Atmospherics (<A HREF='?_src_=holder;adminplayerobservecoodjump=1;X=90;Y=32;Z=1'>JMP</a>)
[17:42:55]ATTACK: Atlasic/(Atlas Fasio) has shot BlackCrystalic/(Young Warrior (179)) with [A19 high velocity impact bullet] (NEWHP: 200)  (Main Hallway (118, 37, 1))
[17:42:55]ATTACK: Atlas Fasio (atlasic) shot Young Warrior (179) (blackcrystalic) with A19 high velocity impact bullet in Main Hallway (<A HREF='?_src_=holder;adminplayerobservecoodjump=1;X=118;Y=37;Z=1'>JMP</a>)
[17:42:55]ATTACK: Burzu/(Jed Bell) has shot GhostPokolenie/(Elder Queen) with [rifle bullet] (NEWHP: 400)  (Main Hallway (121, 35, 1))
[17:42:55]ATTACK: Jed Bell (burzu) shot Elder Queen (ghostpokolenie) with a rifle bullet in Main Hallway (<A HREF='?_src_=holder;adminplayerobservecoodjump=1;X=121;Y=35;Z=1'>JMP</a>)
[17:42:56]ATTACK: Atlasic/(Atlas Fasio) has shot GhostPokolenie/(Elder Queen) with [A19 high velocity impact bullet] (NEWHP: 370)  (Main Hallway (118, 40, 1))
[17:42:56]ATTACK: Atlas Fasio (atlasic) shot Elder Queen (ghostpokolenie) with A19 high velocity impact bullet in Main Hallway (<A HREF='?_src_=holder;adminplayerobservecoodjump=1;X=118;Y=40;Z=1'>JMP</a>)
[17:42:57]ATTACK: Atlasic/(Atlas Fasio) has shot GhostPokolenie/(Elder Queen) with [A19 high velocity impact bullet] (NEWHP: 330)  (Main Hallway (118, 41, 1))
[17:42:57]ATTACK: Atlas Fasio (atlasic) shot Elder Queen (ghostpokolenie) with A19 high velocity impact bullet in Main Hallway (<A HREF='?_src_=holder;adminplayerobservecoodjump=1;X=118;Y=41;Z=1'>JMP</a>)
[17:42:58]ATTACK: Atlasic/(Atlas Fasio) has shot GhostPokolenie/(Elder Queen) with [A19 high velocity impact bullet] (NEWHP: 283)  (Main Hallway (118, 43, 1))
[17:42:58]ATTACK: Atlas Fasio (atlasic) shot Elder Queen (ghostpokolenie) with A19 high velocity impact bullet in Main Hallway (<A HREF='?_src_=holder;adminplayerobservecoodjump=1;X=118;Y=43;Z=1'>JMP</a>)
[17:42:58]ATTACK: Atlasic/(Atlas Fasio) has shot GhostPokolenie/(Elder Queen) with [A19 high velocity impact bullet] (NEWHP: 235)  (Main Hallway (118, 43, 1))
[17:42:58]ATTACK: Atlas Fasio (atlasic) shot Elder Queen (ghostpokolenie) with A19 high velocity impact bullet in Main Hallway (<A HREF='?_src_=holder;adminplayerobservecoodjump=1;X=118;Y=43;Z=1'>JMP</a>)
[17:42:59]ATTACK: Artyuom/(Johnny Vietnam) has shot GhostPokolenie/(Elder Queen) with [smartgun bullet] (NEWHP: 196)  (Main Hallway (121, 39, 1))
[17:42:59]ATTACK: Johnny Vietnam (artyuom) shot Elder Queen (ghostpokolenie) with a smartgun bullet in Main Hallway (<A HREF='?_src_=holder;adminplayerobservecoodjump=1;X=121;Y=39;Z=1'>JMP</a>)
[17:42:59]ATTACK: Atlasic/(Atlas Fasio) has shot GhostPokolenie/(Elder Queen) with [A19 high velocity impact bullet] (NEWHP: 162)  (Main Hallway (118, 44, 1))
[17:42:59]ATTACK: Atlas Fasio (atlasic) shot Elder Queen (ghostpokolenie) with A19 high velocity impact bullet in Main Hallway (<A HREF='?_src_=holder;adminplayerobservecoodjump=1;X=118;Y=44;Z=1'>JMP</a>)
[17:43:00]ATTACK: Atlasic/(Atlas Fasio) has shot GhostPokolenie/(Elder Queen) with [A19 high velocity impact bullet] (NEWHP: 140)  (Main Hallway (118, 45, 1))
[17:43:00]ATTACK: Atlas Fasio (atlasic) shot Elder Queen (ghostpokolenie) with A19 high velocity impact bullet in Main Hallway (<A HREF='?_src_=holder;adminplayerobservecoodjump=1;X=118;Y=45;Z=1'>JMP</a>)
[17:43:00]ATTACK: Artyuom/(Johnny Vietnam) has shot BlackCrystalic/(Young Warrior (179)) with [smartgun bullet] (NEWHP: 157)  (Main Hallway (121, 43, 1))
[17:43:00]ATTACK: Johnny Vietnam (artyuom) shot Young Warrior (179) (blackcrystalic) with a smartgun bullet in Main Hallway (<A HREF='?_src_=holder;adminplayerobservecoodjump=1;X=121;Y=43;Z=1'>JMP</a>)
[17:43:00]ATTACK: Artyuom/(Johnny Vietnam) has shot BlackCrystalic/(Young Warrior (179)) with [smartgun bullet] (NEWHP: 132)  (Main Hallway (121, 43, 1))
[17:43:00]ATTACK: Johnny Vietnam (artyuom) shot Young Warrior (179) (blackcrystalic) with a smartgun bullet in Main Hallway (<A HREF='?_src_=holder;adminplayerobservecoodjump=1;X=121;Y=43;Z=1'>JMP</a>)
[17:43:01]ATTACK: Atlasic/(Atlas Fasio) has shot GhostPokolenie/(Elder Queen) with [A19 high velocity impact bullet] (NEWHP: 97)  (Main Hallway (118, 45, 1))
[17:43:01]ATTACK: Atlas Fasio (atlasic) shot Elder Queen (ghostpokolenie) with A19 high velocity impact bullet in Main Hallway (<A HREF='?_src_=holder;adminplayerobservecoodjump=1;X=118;Y=45;Z=1'>JMP</a>)
[17:43:02]ATTACK: Artyuom/(Johnny Vietnam) has shot GhostPokolenie/(Elder Queen) with [smartgun bullet] (NEWHP: 59)  (Main Hallway (121, 45, 1))
[17:43:02]ATTACK: Johnny Vietnam (artyuom) shot Elder Queen (ghostpokolenie) with a smartgun bullet in Main Hallway (<A HREF='?_src_=holder;adminplayerobservecoodjump=1;X=121;Y=45;Z=1'>JMP</a>)
[17:43:05]ATTACK: Artyuom/(Johnny Vietnam) has shot GhostPokolenie/(Elder Queen) with [smartgun bullet] (NEWHP: 27)  (Main Hallway (121, 48, 1))
[17:43:05]ATTACK: Johnny Vietnam (artyuom) shot Elder Queen (ghostpokolenie) with a smartgun bullet in Main Hallway (<A HREF='?_src_=holder;adminplayerobservecoodjump=1;X=121;Y=48;Z=1'>JMP</a>)
[17:43:06]ATTACK: Artyuom/(Johnny Vietnam) has shot GhostPokolenie/(Elder Queen) with [smartgun bullet] (NEWHP: 7)  (Main Hallway (121, 51, 1))
[17:43:06]ATTACK: Johnny Vietnam (artyuom) shot Elder Queen (ghostpokolenie) with a smartgun bullet in Main Hallway (<A HREF='?_src_=holder;adminplayerobservecoodjump=1;X=121;Y=51;Z=1'>JMP</a>)
[17:43:06]ATTACK: Artyuom/(Johnny Vietnam) has shot GhostPokolenie/(Elder Queen) with [smartgun bullet] (NEWHP: -13)  (Main Hallway (121, 51, 1))
[17:43:06]ATTACK: Johnny Vietnam (artyuom) shot Elder Queen (ghostpokolenie) with a smartgun bullet in Main Hallway (<A HREF='?_src_=holder;adminplayerobservecoodjump=1;X=121;Y=51;Z=1'>JMP</a>)
[17:43:06]ATTACK: Artyuom/(Johnny Vietnam) has shot GhostPokolenie/(Elder Queen) with [smartgun bullet] (NEWHP: -32)  (Main Hallway (121, 51, 1))
[17:43:06]ATTACK: Johnny Vietnam (artyuom) shot Elder Queen (ghostpokolenie) with a smartgun bullet in Main Hallway (<A HREF='?_src_=holder;adminplayerobservecoodjump=1;X=121;Y=51;Z=1'>JMP</a>)
[17:43:08]ATTACK: Artyuom/(Johnny Vietnam) has shot GhostPokolenie/(Elder Queen) with [smartgun bullet] (NEWHP: -54.5)  (Main Hallway (122, 52, 1))
[17:43:08]ATTACK: Johnny Vietnam (artyuom) shot Elder Queen (ghostpokolenie) with a smartgun bullet in Main Hallway (<A HREF='?_src_=holder;adminplayerobservecoodjump=1;X=122;Y=52;Z=1'>JMP</a>)
[17:43:08]ATTACK: BlackCrystalic/(Young Warrior (179)) has grabbed GhostPokolenie/(Elder Queen) (NEWHP: -73.5)  (Main Hallway (120, 55, 1))
[17:43:08]ATTACK: BlackCrystalic/(Young Warrior (179)) схватил GhostPokolenie/(Elder Queen)
[17:43:09]ATTACK: Harlex5435/(Nickolas Stone) has shot BlackCrystalic/(Young Warrior (179)) with [revolver bullet] (NEWHP: 105.216)  (Main Hallway (120, 51, 1))
[17:43:09]ATTACK: Nickolas Stone (harlex5435) shot Young Warrior (179) (blackcrystalic) with a revolver bullet in Main Hallway (<A HREF='?_src_=holder;adminplayerobservecoodjump=1;X=120;Y=51;Z=1'>JMP</a>)
[17:43:10]ATTACK: Burzu/(Jed Bell) has shot GhostPokolenie/(Elder Queen) with [rifle bullet] (NEWHP: -76)  (Main Hallway (119, 52, 1))
[17:43:10]ATTACK: Jed Bell (burzu) shot Elder Queen (ghostpokolenie) with a rifle bullet in Main Hallway (<A HREF='?_src_=holder;adminplayerobservecoodjump=1;X=119;Y=52;Z=1'>JMP</a>)
[17:43:10]ATTACK: Artyuom/(Johnny Vietnam) has shot GhostPokolenie/(Elder Queen) with [smartgun bullet] (NEWHP: -91)  (Main Hallway (122, 53, 1))
[17:43:10]ATTACK: Johnny Vietnam (artyuom) shot Elder Queen (ghostpokolenie) with a smartgun bullet in Main Hallway (<A HREF='?_src_=holder;adminplayerobservecoodjump=1;X=122;Y=53;Z=1'>JMP</a>)
[17:43:10]ATTACK: Artyuom/(Johnny Vietnam) has shot GhostPokolenie/(Elder Queen) with [smartgun bullet] (NEWHP: -101)  (Main Hallway (122, 53, 1))
[17:43:10]ATTACK: Johnny Vietnam (artyuom) shot Elder Queen (ghostpokolenie) with a smartgun bullet in Main Hallway (<A HREF='?_src_=holder;adminplayerobservecoodjump=1;X=122;Y=53;Z=1'>JMP</a>)
[17:43:10]ATTACK: Artyuom/(Johnny Vietnam) has shot GhostPokolenie/(Elder Queen) with [smartgun bullet] (NEWHP: -121)  (Main Hallway (122, 53, 1))
[17:43:10]ATTACK: Johnny Vietnam (artyuom) shot Elder Queen (ghostpokolenie) with a smartgun bullet in Main Hallway (<A HREF='?_src_=holder;adminplayerobservecoodjump=1;X=122;Y=53;Z=1'>JMP</a>)
[17:43:10]ATTACK: Burzu/(Jed Bell) has shot GhostPokolenie/(Elder Queen) with [rifle bullet] (NEWHP: -143)  (Main Hallway (119, 52, 1))
[17:43:10]ATTACK: Jed Bell (burzu) shot Elder Queen (ghostpokolenie) with a rifle bullet in Main Hallway (<A HREF='?_src_=holder;adminplayerobservecoodjump=1;X=119;Y=52;Z=1'>JMP</a>)
[17:43:11]ATTACK: Burzu/(Jed Bell) has shot BlackCrystalic/(Young Warrior (179)) with [rifle bullet] (NEWHP: 56.3236)  (Main Hallway (119, 52, 1))
[17:43:11]ATTACK: Jed Bell (burzu) shot Young Warrior (179) (blackcrystalic) with a rifle bullet in Main Hallway (<A HREF='?_src_=holder;adminplayerobservecoodjump=1;X=119;Y=52;Z=1'>JMP</a>)
[17:43:11]ATTACK: Artyuom/(Johnny Vietnam) has shot GhostPokolenie/(Elder Queen) with [smartgun bullet] (NEWHP: -152.786)  (Main Hallway (122, 54, 1))
[17:43:11]ATTACK: Johnny Vietnam (artyuom) shot Elder Queen (ghostpokolenie) with a smartgun bullet in Main Hallway (<A HREF='?_src_=holder;adminplayerobservecoodjump=1;X=122;Y=54;Z=1'>JMP</a>)
[17:43:12]ATTACK: Burzu/(Jed Bell) has shot BlackCrystalic/(Young Warrior (179)) with [rifle bullet] (NEWHP: 21.3236)  (Main Hallway (119, 53, 1))
[17:43:12]ATTACK: Jed Bell (burzu) shot Young Warrior (179) (blackcrystalic) with a rifle bullet in Main Hallway (<A HREF='?_src_=holder;adminplayerobservecoodjump=1;X=119;Y=53;Z=1'>JMP</a>)
[17:43:14]ATTACK: Artyuom/(Johnny Vietnam) has shot BlackCrystalic/(Young Warrior (179)) with [smartgun bullet] (NEWHP: -12.1764)  (Main Hallway (118, 56, 1))
[17:43:14]ATTACK: Johnny Vietnam (artyuom) shot Young Warrior (179) (blackcrystalic) with a smartgun bullet in Main Hallway (<A HREF='?_src_=holder;adminplayerobservecoodjump=1;X=118;Y=56;Z=1'>JMP</a>)
[17:43:14]ATTACK: Artyuom/(Johnny Vietnam) has shot BlackCrystalic/(Young Warrior (179)) with [smartgun bullet] (NEWHP: -40.1764)  (Main Hallway (118, 56, 1))
[17:43:14]ATTACK: Johnny Vietnam (artyuom) shot Young Warrior (179) (blackcrystalic) with a smartgun bullet in Main Hallway (<A HREF='?_src_=holder;adminplayerobservecoodjump=1;X=118;Y=56;Z=1'>JMP</a>)
[17:43:15]ATTACK: Artyuom/(Johnny Vietnam) has shot BlackCrystalic/(Young Warrior (179)) with [smartgun bullet] (NEWHP: -67.6764)  (Northeast W-Y Compound (118, 58, 1))
[17:43:15]ATTACK: Johnny Vietnam (artyuom) shot Young Warrior (179) (blackcrystalic) with a smartgun bullet in Northeast W-Y Compound (<A HREF='?_src_=holder;adminplayerobservecoodjump=1;X=118;Y=58;Z=1'>JMP</a>)
[17:43:16]ATTACK: Artyuom/(Johnny Vietnam) has shot BlackCrystalic/(Young Warrior (179)) with [smartgun bullet] (NEWHP: -92.6764)  (Northeast W-Y Compound (118, 58, 1))
[17:43:16]ATTACK: Johnny Vietnam (artyuom) shot Young Warrior (179) (blackcrystalic) with a smartgun bullet in Northeast W-Y Compound (<A HREF='?_src_=holder;adminplayerobservecoodjump=1;X=118;Y=58;Z=1'>JMP</a>)
[17:43:16]ATTACK: Artyuom/(Johnny Vietnam) has shot BlackCrystalic/(Young Warrior (179)) with [smartgun bullet] (NEWHP: -124.676)  (Northeast W-Y Compound (118, 58, 1))
[17:43:16]ATTACK: Johnny Vietnam (artyuom) shot Young Warrior (179) (blackcrystalic) with a smartgun bullet in Northeast W-Y Compound (<A HREF='?_src_=holder;adminplayerobservecoodjump=1;X=118;Y=58;Z=1'>JMP</a>)
[17:43:16]ATTACK: Artyuom/(Johnny Vietnam) has shot BlackCrystalic/(Young Warrior (179)) with [smartgun bullet] (NEWHP: -137.676)  (Northeast W-Y Compound (118, 58, 1))
[17:43:16]ATTACK: Johnny Vietnam (artyuom) shot Young Warrior (179) (blackcrystalic) with a smartgun bullet in Northeast W-Y Compound (<A HREF='?_src_=holder;adminplayerobservecoodjump=1;X=118;Y=58;Z=1'>JMP</a>)
[17:43:17]ATTACK: Artyuom/(Johnny Vietnam) has shot BlackCrystalic/(Young Warrior (179)) with [smartgun bullet] (NEWHP: -162.676)  (Northeast W-Y Compound (118, 58, 1))
[17:43:17]ATTACK: Johnny Vietnam (artyuom) shot Young Warrior (179) (blackcrystalic) with a smartgun bullet in Northeast W-Y Compound (<A HREF='?_src_=holder;adminplayerobservecoodjump=1;X=118;Y=58;Z=1'>JMP</a>)
[17:43:17]ATTACK: Artyuom/(Johnny Vietnam) has shot BlackCrystalic/(Young Warrior (179)) with [smartgun bullet] (NEWHP: -188.676)  (Northeast W-Y Compound (118, 58, 1))
[17:43:17]ATTACK: Johnny Vietnam (artyuom) shot Young Warrior (179) (blackcrystalic) with a smartgun bullet in Northeast W-Y Compound (<A HREF='?_src_=holder;adminplayerobservecoodjump=1;X=118;Y=58;Z=1'>JMP</a>)
[17:43:22]ATTACK: Harlex5435/(Nickolas Stone) has grabbed *no key*/(Elder Queen) (NEWHP: -152.786)  (Main Hallway (119, 54, 1))
[17:43:22]ATTACK: Harlex5435/(Nickolas Stone) схватил *no key*/(Elder Queen)
[17:43:28]ATTACK: Evan Tomato (sladk0ewka) primed M40 HEDP grenade (<A HREF='?_src_=holder;adminplayerobservecoodjump=1;X=129;Y=31;Z=1'>JMP</a>)
[17:43:33]ATTACK: Evan Tomato (sladk0ewka) primed M40 HPDP grenade (<A HREF='?_src_=holder;adminplayerobservecoodjump=1;X=127;Y=31;Z=1'>JMP</a>)
[17:43:57]ATTACK: Sladk0ewka/(Evan Tomato) has injected Sladk0ewka/(Evan Tomato) with [Pain-stop autoinjector] Reagents: Tramadol (NEWHP: 46.5)  (Kitchen (126, 30, 1))
[17:43:57]ATTACK: Evan Tomato (sladk0ewka) injected Evan Tomato (Sladk0ewka) with Pain-stop autoinjector. Reagents: Tramadol (INTENT: HURT) (<A HREF='?_src_=holder;adminplayerobservecoodjump=1;X=126;Y=30;Z=1'>JMP</a>)
[17:44:02]ATTACK: ALex13t/(Reno 'Slowflake' Flake) has attacked ALex13t/(Reno 'Slowflake' Flake) with [HG 37-12 Pump Shotgun] (INTENT: HELP) (DAMTYE: BRUTE) (NEWHP: 100)  (Security (111, 33, 1))
[17:44:02]ATTACK: ALex13t/(Reno 'Slowflake' Flake) attacked ALex13t/(Reno 'Slowflake' Flake) with HG 37-12 Pump Shotgun (INTENT: HELP) (DAMTYE: BRUTE)
[17:44:05]ATTACK: Sladk0ewka/(Evan Tomato) has injected Chaburek/(Haidee Baxter) with [First-aid autoinjector] Reagents: Tricordrazine (NEWHP: 47.55)  (Kitchen (126, 30, 1))
[17:44:05]ATTACK: Evan Tomato (sladk0ewka) injected Haidee Baxter (Chaburek) with First-aid autoinjector. Reagents: Tricordrazine (INTENT: HURT) (<A HREF='?_src_=holder;adminplayerobservecoodjump=1;X=126;Y=30;Z=1'>JMP</a>)
[17:44:08]ATTACK: Chaburek/(Haidee Baxter) has punched Chaburek/(Haidee Baxter) (NEWHP: 48.75)  (Kitchen (126, 29, 1))
[17:44:08]ATTACK: Chaburek/(Haidee Baxter) punched Chaburek/(Haidee Baxter)
[17:44:10]ATTACK: Edwin Whittier (cmru) fired an orbital bombardment in Main Hallway'
[17:44:24]ATTACK: ALex13t/(Reno 'Slowflake' Flake) has injected ALex13t/(Reno 'Slowflake' Flake) with [Bicaridine autoinjector] Reagents: Bicaridine (NEWHP: -14.15)  (Security (111, 33, 1))
[17:44:24]ATTACK: Reno 'Slowflake' Flake (alex13t) injected Reno 'Slowflake' Flake (ALex13t) with Bicaridine autoinjector. Reagents: Bicaridine (INTENT: HELP) (<A HREF='?_src_=holder;adminplayerobservecoodjump=1;X=111;Y=33;Z=1'>JMP</a>)
[17:44:25]ATTACK: Burzu/(Jed Bell) has grabbed Artyuom/(Johnny Vietnam) (NEWHP: 42.25)  (Main Hallway (121, 35, 1))
[17:44:25]ATTACK: Burzu/(Jed Bell) схватил Artyuom/(Johnny Vietnam)
[17:44:32]ATTACK: ALex13t/(Reno 'Slowflake' Flake) has injected ALex13t/(Reno 'Slowflake' Flake) with [Pain-stop autoinjector] Reagents: Tramadol (NEWHP: -9.15001)  (Security (111, 33, 1))
[17:44:32]ATTACK: Reno 'Slowflake' Flake (alex13t) injected Reno 'Slowflake' Flake (ALex13t) with Pain-stop autoinjector. Reagents: Tramadol (INTENT: HELP) (<A HREF='?_src_=holder;adminplayerobservecoodjump=1;X=111;Y=33;Z=1'>JMP</a>)
[17:44:36]ATTACK: ALex13t/(Reno 'Slowflake' Flake) has injected ALex13t/(Reno 'Slowflake' Flake) with [First-aid autoinjector] Reagents: Tricordrazine (NEWHP: -8.15001)  (Security (111, 33, 1))
[17:44:36]ATTACK: Reno 'Slowflake' Flake (alex13t) injected Reno 'Slowflake' Flake (ALex13t) with First-aid autoinjector. Reagents: Tricordrazine (INTENT: HELP) (<A HREF='?_src_=holder;adminplayerobservecoodjump=1;X=111;Y=33;Z=1'>JMP</a>)
[17:44:41]ATTACK: Harlex5435/(Nickolas Stone) has grabbed Sladk0ewka/(Evan Tomato) (NEWHP: -11.3)  (Canteen (128, 31, 1))
[17:44:41]ATTACK: Harlex5435/(Nickolas Stone) схватил Sladk0ewka/(Evan Tomato)
[17:44:58]ATTACK: Burzu/(Jed Bell) has fed Artyuom/(Johnny Vietnam) with [pill] Reagents: tramadol(15u) (NEWHP: 46.95)  (Main Hallway (143, 37, 1))
[17:44:58]ATTACK: Jed Bell (burzu) fed Johnny Vietnam (artyuom) with pill Reagents: tramadol(15u) (INTENT: HELP) (<A HREF='?_src_=holder;adminplayerobservecoodjump=1;X=143;Y=37;Z=1'>JMP</a>)
[17:44:59]ATTACK: ALex13t/(Reno 'Slowflake' Flake) has injected ALex13t/(Reno 'Slowflake' Flake) with [Kelotane autoinjector] Reagents: Kelotane (NEWHP: 14.05)  (Main Hallway (127, 35, 1))
[17:44:59]ATTACK: Reno 'Slowflake' Flake (alex13t) injected Reno 'Slowflake' Flake (ALex13t) with Kelotane autoinjector. Reagents: Kelotane (INTENT: HELP) (<A HREF='?_src_=holder;adminplayerobservecoodjump=1;X=127;Y=35;Z=1'>JMP</a>)
