

Starting up round 16:59:16
---------------------
[16:59:16]MISC: Saved mode is 'Distress Signal'
[16:59:16]ADMIN: Loading jobban_rank
[16:59:16]ADMIN: Loading Banlist
[16:59:16]DEBUG: Error setting up jobs, blank title job: /datum/job/captain.
[16:59:16]DEBUG: Error setting up jobs, blank title job: /datum/job/hop.
[16:59:16]DEBUG: Error setting up jobs, blank title job: /datum/job/assistant.
[16:59:16]DEBUG: Error setting up jobs, blank title job: /datum/job/bartender.
[16:59:16]DEBUG: Error setting up jobs, blank title job: /datum/job/chef.
[16:59:16]DEBUG: Error setting up jobs, blank title job: /datum/job/hydro.
[16:59:16]DEBUG: Error setting up jobs, blank title job: /datum/job/mining.
[16:59:16]DEBUG: Error setting up jobs, blank title job: /datum/job/janitor.
[16:59:16]DEBUG: Error setting up jobs, blank title job: /datum/job/librarian.
[16:59:16]DEBUG: Error setting up jobs, blank title job: /datum/job/lawyer.
[16:59:16]DEBUG: Error setting up jobs, blank title job: /datum/job/chaplain.
[16:59:16]DEBUG: Error setting up jobs, blank title job: /datum/job/qm.
[16:59:16]DEBUG: Error setting up jobs, blank title job: /datum/job/cargo_tech.
[16:59:16]DEBUG: Error setting up jobs, blank title job: /datum/job/chief_engineer.
[16:59:16]DEBUG: Error setting up jobs, blank title job: /datum/job/engineer.
[16:59:16]DEBUG: Error setting up jobs, blank title job: /datum/job/atmos.
[16:59:16]DEBUG: Error setting up jobs, blank title job: /datum/job/cmo.
[16:59:16]DEBUG: Error setting up jobs, blank title job: /datum/job/doctor.
[16:59:16]DEBUG: Error setting up jobs, blank title job: /datum/job/chemist.
[16:59:16]DEBUG: Error setting up jobs, blank title job: /datum/job/geneticist.
[16:59:16]DEBUG: Error setting up jobs, blank title job: /datum/job/psychiatrist.
[16:59:16]DEBUG: Error setting up jobs, blank title job: /datum/job/rd.
[16:59:16]DEBUG: Error setting up jobs, blank title job: /datum/job/scientist.
[16:59:16]DEBUG: Error setting up jobs, blank title job: /datum/job/roboticist.
[16:59:16]DEBUG: Error setting up jobs, blank title job: /datum/job/hos.
[16:59:16]DEBUG: Error setting up jobs, blank title job: /datum/job/warden.
[16:59:16]DEBUG: Error setting up jobs, blank title job: /datum/job/detective.
[16:59:16]DEBUG: Error setting up jobs, blank title job: /datum/job/officer.
[16:59:24]DEBUG: Next event in 28.82 minutes.
[16:59:25]ACCESS: Login: ZyberCpechnaz/(ZyberCpechnaz) from 127.0.0.1-3990586367 || BYOND v513.1513
[16:59:25]ACCESS: Login: CM.RU/(CM.RU) from 127.0.0.1-3990586367 || BYOND v513.1513
[16:59:25]ACCESS: Notice: CM.RU/(CM.RU) has the same IP (127.0.0.1) and ID (3990586367) as ZyberCpechnaz/(ZyberCpechnaz).
[16:59:25]ACCESS: Login: BlackCrystalic/(BlackCrystalic) from 80.240.253.147-3990586367 || BYOND v513.1513
[16:59:25]ACCESS: Notice: BlackCrystalic/(BlackCrystalic) has the same ID (3990586367) as ZyberCpechnaz/(ZyberCpechnaz).
[16:59:25]ACCESS: Notice: BlackCrystalic/(BlackCrystalic) has the same ID (3990586367) as CM.RU/(CM.RU).
[16:59:25]ACCESS: Login: Sladk0ewka/(Sladk0ewka) from 77.222.104.59-2354459441 || BYOND v513.1524
[16:59:26]ACCESS: Login: Harlex5435/(Harlex5435) from 178.161.223.5-4085160650 || BYOND v513.1526
[16:59:26]ACCESS: Login: Atlasic/(Atlasic) from 91.105.139.66-2065423311 || BYOND v513.1526
[16:59:26]ACCESS: Logout: ZyberCpechnaz/(ZyberCpechnaz)
[16:59:27]ACCESS: Logout: CM.RU/(CM.RU)
[16:59:27]ACCESS: Logout: BlackCrystalic/(BlackCrystalic)
[16:59:27]ACCESS: Login: ZyberCpechnaz/(ZyberCpechnaz) from 127.0.0.1-3990586367 || BYOND v513.1513
[16:59:27]ACCESS: Login: CM.RU/(CM.RU) from 127.0.0.1-3990586367 || BYOND v513.1513
[16:59:27]ACCESS: Notice: CM.RU/(CM.RU) has the same IP (127.0.0.1) and ID (3990586367) as ZyberCpechnaz/(ZyberCpechnaz).
[16:59:28]ACCESS: Logout: Atlasic/(Atlasic)
[16:59:28]ACCESS: Logout: Harlex5435/(Harlex5435)
[16:59:28]ACCESS: Login: Chaburek/(Chaburek) from 178.46.63.9-2047396774 || BYOND v513.1513
[16:59:28]ACCESS: Logout: Sladk0ewka/(Sladk0ewka)
[16:59:29]DEBUG: ERROR CODE EV1.5: could not find door in USS Almayer Evac 22.
[16:59:29]DEBUG: ERROR CODE EV1.5: could not find door in USS Almayer Evac 9.
[16:59:29]DEBUG: ERROR CODE EV1.5: could not find door in USS Almayer Evac 3.
[16:59:31]ACCESS: Logout: Chaburek/(Chaburek)
[16:59:35]ACCESS: Login: Atlasic/(Atlasic) from 91.105.139.66-2065423311 || BYOND v513.1526
[16:59:35]ACCESS: Login: Harlex5435/(Harlex5435) from 178.161.223.5-4085160650 || BYOND v513.1526
[16:59:35]ACCESS: Login: Artyuom/(Artyuom) from 95.174.127.234-114134526 || BYOND v513.1517
[16:59:36]ACCESS: Login: Chaburek/(Chaburek) from 178.46.63.9-2047396774 || BYOND v513.1513
[16:59:37]ACCESS: Logout: Artyuom/(Artyuom)
[16:59:40]ACCESS: Login: Artyuom/(Artyuom) from 95.174.127.234-114134526 || BYOND v513.1517
[16:59:41]ACCESS: Login: Alot/(Alot) from 85.141.70.207-1465043992 || BYOND v513.1513
[16:59:43]ACCESS: Logout: Alot/(Alot)
[16:59:45]ACCESS: Login: Alot/(Alot) from 85.141.70.207-1465043992 || BYOND v513.1513
[16:59:49]OOC: Alot/(Alot) "Я просто не хотел дальше играть. Блин. Тупо каждый раз как я квина люди ведут арт обстрел! И почти всегда нюкой. Тут вообще идеально попали во всех! Плюс вызвали подмогу! А ещё эта грёбаная фигня сказала что живой только один. НИ ФИ ГА!" (start area (8, 8, 2))
[16:59:50]ACCESS: Login: BlackCrystalic/(BlackCrystalic) from 127.0.0.1-3990586367 || BYOND v513.1513
[16:59:50]ACCESS: Notice: BlackCrystalic/(BlackCrystalic) has the same IP (127.0.0.1) and ID (3990586367) as ZyberCpechnaz/(ZyberCpechnaz).
[16:59:50]ACCESS: Notice: BlackCrystalic/(BlackCrystalic) has the same IP (127.0.0.1) and ID (3990586367) as CM.RU/(CM.RU).
[17:00:15]SAY: *no key*/(МилкиВей) "Esp!" (Commander's Bunk (95, 269, 3))
[17:00:19]SAY: *no key*/(МилкиВей) "Esp!" (Commander's Bunk (95, 269, 3))
[17:00:21]ACCESS: Login: GhostPokolenie/(GhostPokolenie) from 95.215.48.242-300637069 || BYOND v513.1524
[17:00:26]ACCESS: Logout: GhostPokolenie/(GhostPokolenie)
[17:00:34]ACCESS: Login: GhostPokolenie/(GhostPokolenie) from 95.215.48.242-300637069 || BYOND v513.1524
[17:00:39]ACCESS: Login: ALex13t/(ALex13t) from 176.36.139.205-647948570 || BYOND v513.1526
[17:00:43]ACCESS: Logout: ALex13t/(ALex13t)
[17:00:49]ACCESS: Login: ALex13t/(ALex13t) from 176.36.139.205-647948570 || BYOND v513.1526
[17:01:22]OOC: BlackCrystalic/(BlackCrystalic) "Это была не нюка, всего-то там 1 недозоряженая кластерка," (start area (8, 8, 2))
[17:01:25]OOC: Alot/(Alot) "Ещё и когда я один остался мне секунды не хватило посадить лицихвата на одного из них. Тупо умер в последнюю секунду. Т! Тайминг" (start area (8, 8, 2))
[17:01:26]OOC: BlackCrystalic/(BlackCrystalic) "и 1 норм кластерка" (start area (8, 8, 2))
[17:01:31]OOC: BlackCrystalic/(BlackCrystalic) "потом огненая" (start area (8, 8, 2))
[17:01:31]OOC: Alot/(Alot) "Знаю что не нюка" (start area (8, 8, 2))
[17:01:35]OOC: BlackCrystalic/(BlackCrystalic) "обычная торпеда" (start area (8, 8, 2))
[17:01:37]OOC: Alot/(Alot) "Я про другие разы" (start area (8, 8, 2))
[17:01:40]OOC: BlackCrystalic/(BlackCrystalic) "хгм, бомба" (start area (8, 8, 2))
[17:01:43]OOC: Alot/(Alot) "Я говорю обычно" (start area (8, 8, 2))
[17:01:46]ACCESS: Login: Burzu/(Burzu) from 95.106.173.237-3799793055 || BYOND v513.1513
[17:01:47]OOC: Alot/(Alot) "А не сейчас" (start area (8, 8, 2))
[17:01:49]ACCESS: Logout: Burzu/(Burzu)
[17:01:54]ACCESS: Login: Burzu/(Burzu) from 95.106.173.237-3799793055 || BYOND v513.1513
[17:02:09]ACCESS: Logout: Burzu/(Burzu)
[17:02:18]OOC: BlackCrystalic/(BlackCrystalic) "там было подкрепления, 2 дистресса" (start area (8, 8, 2))
[17:02:21]ACCESS: Login: Burzu/(Burzu) from 95.106.173.237-3799793055 || BYOND v513.1513
[17:02:22]OOC: BlackCrystalic/(BlackCrystalic) "бекона по очереди" (start area (8, 8, 2))
[17:02:24]ACCESS: Logout: Burzu/(Burzu)
[17:02:28]DEBUG: GhostPokolenie had Alien enabled, so we are drafting them.
[17:02:28]DEBUG: GhostPokolenie had Survivor enabled, so we are drafting them.
[17:02:28]ACCESS: Logout: *no key*/(Atlasic)
[17:02:28]ACCESS: Login: Atlasic/(Atlas Fasio) from 91.105.139.66-2065423311 || BYOND v513.1526
[17:02:28]ACCESS: Logout: *no key*/(Harlex5435)
[17:02:28]ACCESS: Login: Harlex5435/(Nickolas Stone) from 178.161.223.5-4085160650 || BYOND v513.1526
[17:02:28]ACCESS: Logout: *no key*/(GhostPokolenie)
[17:02:28]ACCESS: Login: GhostPokolenie/(Abel Luna) from 95.215.48.242-300637069 || BYOND v513.1524
[17:02:28]ADMIN: Atlasic/(Atlas Fasio) has been assigned as Alpha Squad Specialist
[17:02:28]ADMIN: Harlex5435/(Nickolas Stone) has been assigned as Alpha Squad Medic
[17:02:28]ACCESS: Logout: *no key*/(Abel Luna)
[17:02:28]ACCESS: Login: GhostPokolenie/(Queen) from 95.215.48.242-300637069 || BYOND v513.1524
[17:02:30]ACCESS: Login: Burzu/(Burzu) from 95.106.173.237-3799793055 || BYOND v513.1513
[17:02:40]ACCESS: Logout: *no key*/(CM.RU)
[17:02:40]ACCESS: Login: CM.RU/(Edwin Whittier) from 127.0.0.1-3990586367 || BYOND v513.1513
[17:02:40]ACCESS: Notice: CM.RU/(Edwin Whittier) has the same IP (127.0.0.1) and ID (3990586367) as ZyberCpechnaz/(ZyberCpechnaz).
[17:02:40]ACCESS: Notice: CM.RU/(Edwin Whittier) has the same IP (127.0.0.1) and ID (3990586367) as BlackCrystalic/(BlackCrystalic).
[17:02:41]SAY: GhostPokolenie/(Queen) "Неееееееет" (Central Caves (80, 165, 1))
[17:02:44]SAY: GhostPokolenie/(Queen) "Опять" (Central Caves (80, 165, 1))
[17:02:50]ACCESS: Logout: *no key*/(Burzu)
[17:02:50]ACCESS: Login: Burzu/(Jed Bell) from 95.106.173.237-3799793055 || BYOND v513.1513
[17:02:51]SAY: GhostPokolenie/(Queen) "Дватцеть пять" (Central Caves (80, 165, 1))
[17:02:52]ACCESS: Logout: *no key*/(Artyuom)
[17:02:52]ACCESS: Login: Artyuom/(Johnny Vietnam) from 95.174.127.234-114134526 || BYOND v513.1517
[17:02:52]ADMIN: Artyuom/(Johnny Vietnam) has been assigned as Alpha Squad Smartgunner
[17:02:57]ACCESS: Logout: *no key*/(Alot)
[17:02:57]ACCESS: Login: Alot/(Sarah 'Phantom' Black) from 85.141.70.207-1465043992 || BYOND v513.1513
[17:03:31]ACCESS: Logout: Alot/(Sarah 'Phantom' Black)
[17:03:48]SAY: GhostPokolenie/(Queen) "Ряяяяяяяя" (Central Caves (82, 167, 1))
[17:04:16]ACCESS: Logout: *no key*/(ALex13t)
[17:04:16]ACCESS: Login: ALex13t/(Reno 'Slowflake' Flake) from 176.36.139.205-647948570 || BYOND v513.1526
[17:04:25]ADMIN: GhostPokolenie/(Queen) создал отчет Word of the Королевы:
[17:04:25]ADMIN: <br><h2 class='alert'>Слова королевы звучат в твоей голове...</h2><br><span class='alert'>Я лишь одна но я сильная!</span><br>
[17:04:38]SAY: CM.RU/(Edwin Whittier) (Command Announcement) "Command Announcement - Говорит Командир,

Вылет в 12 25 брифинг в 12 20, будет кратко пояснена цель операции, миссия, узнать что случилось, всем быстро подготовится, время 15 минут!!! - Edwin Whittier (Commander)" (Combat Information Center (100, 252, 3))
[17:04:44]ACCESS: Logout: *no key*/(BlackCrystalic)
[17:04:44]ACCESS: Login: BlackCrystalic/(Blacky 'GG' Crysis) from 127.0.0.1-3990586367 || BYOND v513.1513
[17:04:44]ACCESS: Notice: BlackCrystalic/(Blacky 'GG' Crysis) has the same IP (127.0.0.1) and ID (3990586367) as ZyberCpechnaz/(ZyberCpechnaz).
[17:04:44]ACCESS: Notice: BlackCrystalic/(Blacky 'GG' Crysis) has the same IP (127.0.0.1) and ID (3990586367) as CM.RU/(Edwin Whittier).
[17:05:27]ACCESS: Login: EngineerConager/(EngineerConager) from 176.32.156.103-2402443160 || BYOND v513.1526
[17:05:30]ACCESS: Logout: EngineerConager/(EngineerConager)
[17:05:34]EMOTE: GhostPokolenie/(Queen) <B>The Queen</B> roars! (North Central Barrens (95, 135, 1))
[17:05:35]ACCESS: Login: EngineerConager/(EngineerConager) from 176.32.156.103-2402443160 || BYOND v513.1526
[17:05:42]EMOTE: GhostPokolenie/(Queen) <B>The Queen</B> roars! (North Central Barrens (96, 135, 1))
[17:05:54]EMOTE: GhostPokolenie/(Queen) <B>The Queen</B> roars! (North Central Barrens (106, 135, 1))
[17:06:01]ACCESS: Logout: *no key*/(EngineerConager)
[17:06:01]ACCESS: Login: EngineerConager/(Dell Conrad) from 176.32.156.103-2402443160 || BYOND v513.1526
[17:06:01]ADMIN: EngineerConager/(Dell Conrad) has been assigned as Alpha Squad Leader
[17:07:26]SAY: CM.RU/(Edwin Whittier) "Первые два выстрела будут кластеры" (Weapon Control Room (29, 142, 3))
[17:08:12]ACCESS: Login: Hodonn/(Hodonn) from 79.105.246.5-4055163619 || BYOND v513.1526
[17:08:15]ACCESS: Logout: Hodonn/(Hodonn)
[17:08:19]ACCESS: Login: Hodonn/(Hodonn) from 79.105.246.5-4055163619 || BYOND v513.1526
[17:08:54]ACCESS: Logout: Hodonn/(Hodonn)
[17:09:33]SAY: EngineerConager/(Dell Conrad) "Слушаю" (Squad Alpha Cargo (173, 177, 3))
[17:09:34]SAY: Artyuom/(Johnny Vietnam) "2 смарт пака" (Squad Alpha Cargo (175, 177, 3))
[17:09:37]SAY: EngineerConager/(Dell Conrad) "Ага" (Squad Alpha Cargo (173, 177, 3))
[17:09:59]SAY: EngineerConager/(Dell Conrad) "Дальше !" (Squad Alpha Cargo (173, 177, 3))
[17:10:02]SAY: Artyuom/(Johnny Vietnam) "Спасибо" (Squad Alpha Cargo (175, 177, 3))
[17:10:06]EMOTE: GhostPokolenie/(Queen) <B>The Queen</B> roars! (North Central Barrens (115, 136, 1))
[17:10:15]EMOTE: GhostPokolenie/(Queen) <B>The Queen</B> roars! (North Central Barrens (115, 136, 1))
[17:10:24]EMOTE: GhostPokolenie/(Queen) <B>The Queen</B> roars! (North Central Barrens (115, 136, 1))
[17:10:36]SAY: EngineerConager/(Dell Conrad) "Да ?" (Squad Alpha Cargo (173, 177, 3))
[17:11:00]SAY: Harlex5435/(Nickolas Stone) "Приклад для револьвера, магнетик харнесс и стол-ускоритель" (Squad Alpha Cargo (175, 177, 3))
[17:11:17]ACCESS: Login: Alot/(Sarah 'Phantom' Black) from 85.141.70.207-1465043992 || BYOND v513.1513
[17:11:18]SAY: Harlex5435/(Nickolas Stone) "Ну и патроны на револьвер, если есть" (Squad Alpha Cargo (175, 177, 3))
[17:11:18]ACCESS: Logout: Alot/(Sarah 'Phantom' Black)
[17:11:21]ACCESS: Login: Alot/(Sarah 'Phantom' Black) from 85.141.70.207-1465043992 || BYOND v513.1513
[17:11:55]SAY: Atlasic/(Atlas Fasio) "Впусти" (Squad Alpha Cargo (177, 175, 3))
[17:12:11]SAY: EngineerConager/(Dell Conrad) "Да блять !" (Squad Alpha Cargo (173, 177, 3))
[17:12:11]SAY: Atlasic/(Atlas Fasio) "Что?" (Squad Alpha Cargo (176, 173, 3))
[17:12:14]SAY: EngineerConager/(Dell Conrad) "Эх.." (Squad Alpha Cargo (173, 177, 3))
[17:12:15]SAY: Artyuom/(Johnny Vietnam) "Бля" (Squad Alpha Cargo (175, 174, 3))
[17:12:20]SAY: Artyuom/(Johnny Vietnam) "Медик" (Squad Alpha Cargo (175, 174, 3))
[17:12:20]SAY: Atlasic/(Atlas Fasio) "Ух что такое?" (Squad Alpha Cargo (176, 173, 3))
[17:12:25]SAY: Artyuom/(Johnny Vietnam) "Пиздец" (Squad Alpha Cargo (175, 174, 3))
[17:12:26]SAY: EngineerConager/(Dell Conrad) "Ёбаный..." (Squad Alpha Cargo (173, 177, 3))
[17:12:28]SAY: Atlasic/(Atlas Fasio) "Я спец" (Squad Alpha Cargo (175, 173, 3))
[17:12:30]SAY: Artyuom/(Johnny Vietnam) "Медик" (Squad Alpha Cargo (176, 177, 3))
[17:12:37]SAY: Atlasic/(Atlas Fasio) "Лидер впусти!" (Squad Alpha Cargo (175, 173, 3))
[17:12:59]EMOTE: Burzu/(Jed Bell) <B>PFC Jed Bell calls for a medic!</b> (Briefing Area (173, 157, 3))
[17:13:02]ACCESS: Login: Sladk0ewka/(Sladk0ewka) from 77.222.104.59-2354459441 || BYOND v513.1524
[17:13:07]SAY: EngineerConager/(Dell Conrad) "Ч-" (Squad Alpha Cargo (174, 173, 3))
[17:13:08]SAY: EngineerConager/(Dell Conrad) "Ца" (Squad Alpha Cargo (173, 173, 3))
[17:13:31]SAY: EngineerConager/(Dell Conrad) "Так ладно.." (Squad Alpha Cargo (173, 177, 3))
[17:13:36]SAY: EngineerConager/(Dell Conrad) "Ещё раз что надо ?" (Squad Alpha Cargo (173, 177, 3))
[17:13:37]SAY: CM.RU/(Edwin Whittier) "У" (Squad Bravo Preparation (173, 169, 3))
[17:13:39]SAY: CM.RU/(Edwin Whittier) "E" (Squad Bravo Preparation (173, 169, 3))
[17:13:42]SAY: CM.RU/(Edwin Whittier) "Ееееее" (Squad Bravo Preparation (173, 169, 3))
[17:13:43]ACCESS: Logout: *no key*/(Sladk0ewka)
[17:13:43]ACCESS: Login: Sladk0ewka/(Evan Tomato) from 77.222.104.59-2354459441 || BYOND v513.1524
[17:13:53]ACCESS: Logout: *no key*/(Chaburek)
[17:13:53]ACCESS: Login: Chaburek/(Haidee Baxter) from 178.46.63.9-2047396774 || BYOND v513.1513
[17:13:53]ADMIN: Chaburek/(Haidee Baxter) has been assigned as Alpha Squad Engineer
[17:14:08]SAY: Harlex5435/(Nickolas Stone) "Приклад на револьвер, магнетик харнесс и ствол ускоряющий" (Squad Alpha Cargo (175, 177, 3))
[17:14:15]SAY: Harlex5435/(Nickolas Stone) "И патроны на револьвер" (Squad Alpha Cargo (175, 177, 3))
[17:14:22]OOC: (LOCAL) Haidee Baxter/Chaburek : У меня одного все персонажи невидимые?
[17:15:59]ADMIN: HELP: Chaburek/(Haidee Baxter): Прошу прощения. У меня произошла ошибка, когда все персонажи и объекты, над которыме есть предметы (Например столы с предметами на них) стали невидимыми. Это только у меня? Как это возможно исправить? Благодарю за внимание и помощь  - heard by 2 non-AFK admins.
[17:16:16]ADMIN: PM: BlackCrystalic/(Blacky 'GG' Crysis)->Chaburek/(Haidee Baxter): Да. надо подождать
[17:16:33]ADMIN: PM: BlackCrystalic/(Blacky 'GG' Crysis)->Chaburek/(Haidee Baxter): Просто подожди.
[17:16:34]SAY: GhostPokolenie/(Queen) "Ряяяяяяяяяяяяяяяяяяяяя" (North Central Barrens (113, 136, 1))
[17:18:37]SAY: Harlex5435/(Nickolas Stone) "Баррел чарджер и ред дот" (Squad Alpha Cargo (175, 177, 3))
[17:18:44]SAY: EngineerConager/(Dell Conrad) "Дальше" (Squad Alpha Cargo (173, 177, 3))
[17:18:55]SAY: ALex13t/(Reno 'Slowflake' Flake) "Моу кит, кит пмп, мх, грену и бк" (Squad Alpha Cargo (175, 177, 3))
[17:19:13]SAY: EngineerConager/(Dell Conrad) "Говори по английский  !" (Squad Alpha Cargo (173, 177, 3))
[17:19:28]EMOTE: GhostPokolenie/(Queen) <B>The Queen</B> roars! (North Central Barrens (110, 132, 1))
[17:20:00]SAY: GhostPokolenie/(Queen) "Опа" (North Central Barrens (115, 136, 1))
[17:21:02]SAY: Burzu/(Jed Bell) "Когда вылет уже?" (Squad Alpha Cargo (177, 173, 3))
[17:22:33]SAY: EngineerConager/(Dell Conrad) "Всё давай вали" (Squad Alpha Cargo (173, 177, 3))
[17:22:42]SAY: Artyuom/(Johnny Vietnam) "Медицинский кит" (Squad Alpha Cargo (175, 177, 3))
[17:22:56]SAY: Burzu/(Jed Bell) "У нас пилоты есть?" (Hangar (78, 139, 3))
[17:23:08]SAY: Atlasic/(Atlas Fasio) "Вертикальную рукоятку" (Squad Alpha Cargo (175, 177, 3))
[17:23:35]SAY: EngineerConager/(Dell Conrad) "Что-то ?" (Squad Alpha Cargo (173, 177, 3))
[17:23:40]SAY: Atlasic/(Atlas Fasio) "Вертикальную рукоятку" (Squad Alpha Cargo (175, 177, 3))
[17:23:42]SAY: CM.RU/(Edwin Whittier) "Вы собираетесь идти на брифинг?" (Hallway Starboard (181, 177, 3))
[17:23:46]SAY: EngineerConager/(Dell Conrad) "Это что за хуйня ?" (Squad Alpha Cargo (173, 177, 3))
[17:23:51]OOC: (LOCAL) Atlas Fasio/Atlasic : Vertical grip бля
[17:23:55]SAY: EngineerConager/(Dell Conrad) "Давай по нормальному !" (Squad Alpha Cargo (173, 177, 3))
[17:23:59]SAY: *no key*/(corgi) "AUUUUUU" (Commandant's Quarters (105, 24, 1))
[17:24:00]SAY: Atlasic/(Atlas Fasio) "Vertical grip" (Squad Alpha Cargo (175, 177, 3))
[17:24:20]SAY: Harlex5435/(Nickolas Stone) "Ред дот прицел" (Squad Alpha Cargo (175, 177, 3))
[17:24:32]SAY: Artyuom/(Johnny Vietnam) "Смартпаки" (Requisitions (188, 152, 3))
[17:24:39]SAY: EngineerConager/(Dell Conrad) "Уф.." (Squad Alpha Cargo (173, 177, 3))
[17:25:09]SAY: Chaburek/(Haidee Baxter) "Хм." (Hallway Starboard (181, 176, 3))
[17:25:10]ADMIN: Burzu/(Jed Bell) used a megaphone to say: >БРИФИНГ ЗАКОНЧЕН<
[17:25:12]ACCESS: Logout: *no key*/(Blacky 'GG' Crysis)
[17:25:12]ACCESS: Login: BlackCrystalic/(Bloody Larva (0)) from 127.0.0.1-3990586367 || BYOND v513.1513
[17:25:12]ACCESS: Notice: BlackCrystalic/(Bloody Larva (0)) has the same IP (127.0.0.1) and ID (3990586367) as ZyberCpechnaz/(ZyberCpechnaz).
[17:25:12]ACCESS: Notice: BlackCrystalic/(Bloody Larva (0)) has the same IP (127.0.0.1) and ID (3990586367) as CM.RU/(Edwin Whittier).
[17:25:12]ADMIN: BlackCrystalic has joined as the Bloody Larva (0).
[17:25:15]SAY: Chaburek/(Haidee Baxter) "Нужно взять пулемет." (Hallway Starboard (181, 176, 3))
[17:25:17]SAY: BlackCrystalic/(Bloody Larva (179)) "Мямя!" (North Central Barrens (113, 136, 1))
[17:25:18]SAY: Burzu/(Jed Bell) "Все." (Hull Lower (176, 151, 3))
[17:25:21]SAY: GhostPokolenie/(Queen) "Оо" (North Central Barrens (113, 136, 1))
[17:25:22]SAY: GhostPokolenie/(Queen) "Пяпя" (North Central Barrens (113, 136, 1))
[17:25:23]SAY: Chaburek/(Haidee Baxter) "Лидер?" (Hallway Starboard (180, 175, 3))
[17:25:28]SAY: EngineerConager/(Dell Conrad) "Да-да сейчас" (Squad Alpha Cargo (173, 177, 3))
[17:25:29]SAY: Chaburek/(Haidee Baxter) "Вы можете взять этот пулемет?" (Hallway Starboard (180, 175, 3))
[17:25:34]SAY: Chaburek/(Haidee Baxter) "У меня места нет." (Hallway Starboard (180, 175, 3))
[17:25:35]SAY: GhostPokolenie/(Queen) "Ты будеш кем" (North Central Barrens (113, 136, 1))
[17:25:36]SAY: EngineerConager/(Dell Conrad) "Да" (Squad Alpha Cargo (173, 177, 3))
[17:25:42]SAY: Chaburek/(Haidee Baxter) "Спасибо." (Hallway Starboard (180, 175, 3))
[17:25:48]SAY: BlackCrystalic/(Bloody Larva (179)) "Защитником" (North Central Barrens (115, 135, 1))
[17:25:53]OOC: (LOCAL) Bloody Larva (179)/BlackCrystalic : прав рабочих
[17:25:53]SAY: GhostPokolenie/(Queen) "Мм" (North Central Barrens (113, 136, 1))
[17:25:58]SAY: GhostPokolenie/(Queen) "Понял" (North Central Barrens (113, 136, 1))
[17:26:11]SAY: Atlasic/(Atlas Fasio) "Бля" (Hull Lower (167, 147, 3))
[17:26:15]SAY: *no key*/(corgi) "AUUUUUU" (Commandant's Quarters (105, 22, 1))
[17:26:24]SAY: ALex13t/(Reno 'Slowflake' Flake) "Бк и маг харнес" (Requisitions (188, 152, 3))
[17:26:27]OOC: (LOCAL) Haidee Baxter/Chaburek : Как же прикольно, когда все невидимые.
[17:26:36]OOC: (LOCAL) Haidee Baxter/Chaburek : В плохом смысле.
[17:26:42]ACCESS: Login: Sldk112903/(Sldk112903) from 2.94.108.191-3674928135 || BYOND v513.1526
[17:26:44]ACCESS: Logout: Sldk112903/(Sldk112903)
[17:26:47]ACCESS: Login: Sldk112903/(Sldk112903) from 2.94.108.191-3674928135 || BYOND v513.1526
[17:26:53]SAY: Chaburek/(Haidee Baxter) "Мы уже вылетаем, а то в бриффинге никого нет." (Briefing Area (176, 150, 3))
[17:26:59]SAY: Chaburek/(Haidee Baxter) "Даже командира." (Briefing Area (176, 148, 3))
[17:27:14]ACCESS: Logout: Sldk112903/(Sldk112903)
[17:27:22]SAY: Chaburek/(Haidee Baxter) "Это был вопрос." (Briefing Area (176, 148, 3))
[17:27:34]SAY: CM.RU/(Edwin Whittier) "БЫСТРО ВСЕ НА ШАТЛ АЛАМО, ОТПРАВЛЯЮ В 12 30, ВАМ НАДО НАЙТИ ВЫЖИВШИХ, ТАМ СКОРЕЕ ВСЕГО НА РЕКЕ ЕЩЁ СТОИТ ТУМАН, НЕ ТЯНИТЕ! БЫСТРО ВСЁ ДЕЛАЙТЕ, НАХОДИТЕ ИНФОРМАЦИЮ ЧТО К ЧЕМУ И ЗАВЕРШАЕМ ОПЕРАЦИЮ! ДАВАЙТЕ ХОТЬ СЕГОДНЯ ВЫ ЧУТЬ-ЧУТЬ БУДЕТЕ БЫСТРЕЕ УЛИТОК" (Requisitions (190, 152, 3))
[17:27:44]SAY: CM.RU/(Edwin Whittier) "НЕ ПОЗОРЬТЕ Алмаер" (Requisitions (191, 152, 3))
[17:28:01]ADMIN: EngineerConager/(Dell Conrad) deleted M44 combat revolver at (0,0,0) (<A HREF='?_src_=holder;adminplayerobservejump=[0x3000069]'>JMP</A>)
[17:28:06]SAY: Burzu/(Jed Bell) "Странный у нас коммандер." (Dropship Alamo (94, 152, 3))
[17:28:08]ACCESS: Logout: *no key*/(Mature Larva (179))
[17:28:08]ACCESS: Login: BlackCrystalic/(Defender) from 127.0.0.1-3990586367 || BYOND v513.1513
[17:28:08]ACCESS: Notice: BlackCrystalic/(Defender) has the same IP (127.0.0.1) and ID (3990586367) as ZyberCpechnaz/(ZyberCpechnaz).
[17:28:08]ACCESS: Notice: BlackCrystalic/(Defender) has the same IP (127.0.0.1) and ID (3990586367) as CM.RU/(Edwin Whittier).
[17:28:11]SAY: *no key*/(Young Bloody Larva (179)) "Чуть дроном не стала" 
[17:28:14]SAY: Burzu/(Jed Bell) "Сам медлит, а говорит, что мы улитки." (Dropship Alamo (92, 149, 3))
[17:28:17]DEBUG: Next event in 28.0903 minutes.
[17:28:18]SAY: BlackCrystalic/(Young Defender (179)) "Чуть дроном не стала" (North Central Barrens (115, 135, 1))
[17:28:23]SAY: GhostPokolenie/(Queen) "А" (North Central Barrens (113, 136, 1))
[17:28:26]SAY: GhostPokolenie/(Queen) "Понял" (North Central Barrens (113, 136, 1))
[17:29:00]SAY: GhostPokolenie/(Queen) "Нас очень много" (North Central Barrens (113, 136, 1))
[17:29:01]ADMIN: PM: Chaburek/(Haidee Baxter)->BlackCrystalic/(Young Defender (179)): Добрый день. У меня уже вылет, но проблема так и не решилась спустя 15 минут... Все теперь полностью невидимые, а в шатле вообще темнота.
[17:29:06]SAY: GhostPokolenie/(Queen) "Аж два" (North Central Barrens (113, 136, 1))
[17:29:26]ADMIN: PM: BlackCrystalic/(Young Defender (179))->Chaburek/(Haidee Baxter): Перезойди
[17:29:28]ACCESS: Logout: Chaburek/(Haidee Baxter)
[17:29:40]SAY: EngineerConager/(Dell Conrad) "Всё я готов и уже иду парни !" (Hallway Starboard (132, 164, 3))
[17:30:03]SAY: EngineerConager/(Dell Conrad) "Ну что готовы парни ?" (Dropship Alamo (93, 151, 3))
[17:30:03]ACCESS: Logout: *no key*/(ZyberCpechnaz)
[17:30:03]ACCESS: Login: ZyberCpechnaz/(Uriel Sandys) from 127.0.0.1-3990586367 || BYOND v513.1513
[17:30:04]ACCESS: Notice: ZyberCpechnaz/(Uriel Sandys) has the same IP (127.0.0.1) and ID (3990586367) as CM.RU/(Edwin Whittier).
[17:30:04]ACCESS: Notice: ZyberCpechnaz/(Uriel Sandys) has the same IP (127.0.0.1) and ID (3990586367) as BlackCrystalic/(Young Defender (179)).
[17:30:07]SAY: Burzu/(Jed Bell) "ДА." (Dropship Alamo (89, 149, 3))
[17:30:08]SAY: Artyuom/(Johnny Vietnam) "Неа" (Dropship Alamo (92, 149, 3))
[17:30:11]ACCESS: Login: Chaburek/(Haidee Baxter) from 178.46.63.9-2047396774 || BYOND v513.1513
[17:30:12]ACCESS: Logout: Chaburek/(Haidee Baxter)
[17:30:12]SAY: EngineerConager/(Dell Conrad) "Эх.." (Dropship Alamo (93, 151, 3))
[17:30:14]EMOTE: EngineerConager/(Dell Conrad) <B>SSGT Dell Conrad</B> Вздох (Dropship Alamo (93, 151, 3))
[17:30:16]ACCESS: Login: Chaburek/(Haidee Baxter) from 178.46.63.9-2047396774 || BYOND v513.1513
[17:30:31]ADMIN: Edwin Whittier (CM.RU) launched a shuttle from 'Alamo' dropship console
[17:30:44]SAY: GhostPokolenie/(Elder Queen) "Вот и постарела я" (North Central Barrens (113, 136, 1))
[17:30:47]SAY: Chaburek/(Haidee Baxter) "Ох, такое чувство, будто я сначала ослеп, а теперь снова могу видеть." (Dropship Alamo Transit (71, 26, 4))
[17:30:59]SAY: Burzu/(Jed Bell) "Бывает." (Dropship Alamo Transit (67, 28, 4))
[17:31:05]SAY: EngineerConager/(Dell Conrad) "И так" (Dropship Alamo Transit (67, 26, 4))
[17:31:07]SAY: CM.RU/(Edwin Whittier) "Удачной операции, если что ОБ ГОТОВА, И ТАМ КЛАСТЕРНЫЙ ЗАРЯД, КЛАСТЕРНЫЙ!!!" (Hangar (80, 154, 3))
[17:31:26]SAY: EngineerConager/(Dell Conrad) "По прилёту старайтесь не разбегаться" (Dropship Alamo Transit (67, 26, 4))
[17:31:27]SAY: Artyuom/(Johnny Vietnam) "Мы овощной десант" (Dropship Alamo Transit (71, 28, 4))
[17:31:35]SAY: EngineerConager/(Dell Conrad) "Это да..." (Dropship Alamo Transit (67, 26, 4))
[17:31:45]SAY: Burzu/(Jed Bell) "А где Браво кстати?" (Dropship Alamo Transit (67, 28, 4))
[17:31:51]SAY: Artyuom/(Johnny Vietnam) "Вымерли" (Dropship Alamo Transit (71, 28, 4))
[17:31:51]SAY: EngineerConager/(Dell Conrad) "А браво нет" (Dropship Alamo Transit (67, 26, 4))
[17:31:59]SAY: Sladk0ewka/(Evan Tomato) "Здесь только  лучшие" (Dropship Alamo Transit (71, 25, 4))
[17:32:03]SAY: EngineerConager/(Dell Conrad) "Эй Джед" (Dropship Alamo Transit (67, 26, 4))
[17:32:06]SAY: Chaburek/(Haidee Baxter) "Так наш отряд единственный же сейчас на корабле?" (Dropship Alamo Transit (71, 26, 4))
[17:32:18]SAY: EngineerConager/(Dell Conrad) "Посторожишь Стоуна ?" (Dropship Alamo Transit (67, 26, 4))
[17:32:20]SAY: Chaburek/(Haidee Baxter) "Остальные списали на другие корабли, или я ошибаюсь?" (Dropship Alamo Transit (71, 26, 4))
[17:32:23]SAY: Burzu/(Jed Bell) "Окей." (Dropship Alamo Transit (67, 28, 4))
[17:32:28]SAY: GhostPokolenie/(Elder Queen) "Ты скоро эво?" (North Central Barrens (113, 136, 1))
[17:32:28]SAY: ALex13t/(Reno 'Slowflake' Flake) "Бюджет урезали, вот мы и одни" (Dropship Alamo Transit (69, 28, 4))
[17:32:33]SAY: BlackCrystalic/(Mature Defender (179)) "ДА" (North Central Barrens (115, 135, 1))
[17:32:37]SAY: BlackCrystalic/(Mature Defender (179)) "Совсем скоро" (North Central Barrens (115, 135, 1))
[17:32:38]SAY: EngineerConager/(Dell Conrad) "Ну что.. Вперёд !" (Almayer Dropship 1 (151, 32, 1))
[17:33:01]SAY: EngineerConager/(Dell Conrad) "Ну за работу" (Main Hallway (152, 22, 1))
[17:33:47]SAY: Chaburek/(Haidee Baxter) "Лидер, а как там пулемет?" (Main Hallway (141, 33, 1))
[17:33:56]SAY: EngineerConager/(Dell Conrad) "Вьетнам, Фасио за мной" (Main Hallway (138, 37, 1))
[17:34:02]SAY: Artyuom/(Johnny Vietnam) "Так точно" (Main Hallway (136, 36, 1))
[17:34:02]SAY: Atlasic/(Atlas Fasio) "Я на разведку" (Main Hallway (134, 37, 1))
[17:34:14]SAY: EngineerConager/(Dell Conrad) "Ух.." (Main Hallway (121, 36, 1))
[17:34:18]SAY: Artyuom/(Johnny Vietnam) "Бля" (Main Hallway (122, 37, 1))
[17:34:19]SAY: Atlasic/(Atlas Fasio) "Мда" (Main Hallway (119, 38, 1))
[17:34:20]SAY: Artyuom/(Johnny Vietnam) "Пиздец" (Main Hallway (122, 37, 1))
[17:34:22]SAY: Sladk0ewka/(Evan Tomato) "Тут столовка" (Main Hallway (122, 32, 1))
[17:34:23]SAY: Chaburek/(Haidee Baxter) "Чего?" (Main Hallway (141, 33, 1))
[17:34:25]SAY: Sladk0ewka/(Evan Tomato) "Или что-то вроде" (Main Hallway (122, 31, 1))
[17:34:26]SAY: Burzu/(Jed Bell) "Таблетки тоже нести?" (Main Hallway (145, 38, 1))
[17:34:28]ADMIN: PM: BlackCrystalic/(Mature Defender (179))->Alot/(Sarah 'Phantom' Black): Смотри, нажми Join The Larva
[17:34:31]SAY: Chaburek/(Haidee Baxter) "Как морпех может уметь строить?" (Main Hallway (141, 33, 1))
[17:34:35]ADMIN: PM: BlackCrystalic/(Mature Defender (179))->Alot/(Sarah 'Phantom' Black): Должно выйти
[17:34:38]SAY: EngineerConager/(Dell Conrad) "Не время думать о еде !" (Main Hallway (118, 30, 1))
[17:34:40]SAY: Chaburek/(Haidee Baxter) "Вы что, высшее закончили?" (Main Hallway (141, 33, 1))
[17:34:43]SAY: BlackCrystalic/(Mature Defender (179)) "Мям, тума упал" (North Central Barrens (115, 135, 1))
[17:34:44]SAY: Sladk0ewka/(Evan Tomato) "Война войно..." (Main Hallway (120, 27, 1))
[17:34:46]SAY: Artyuom/(Johnny Vietnam) "Мы о бухле" (Main Hallway (119, 24, 1))
[17:34:47]SAY: *no key*/(corgi) "Bark!" (Commandant's Quarters (105, 26, 1))
[17:34:48]SAY: EngineerConager/(Dell Conrad) "Эй" (Main Hallway (116, 22, 1))
[17:34:49]SAY: EngineerConager/(Dell Conrad) "Ау" (Main Hallway (116, 22, 1))
[17:34:52]SAY: GhostPokolenie/(Elder Queen) "Ты" (North Central Barrens (113, 136, 1))
[17:34:53]SAY: GhostPokolenie/(Elder Queen) "Иди" (North Central Barrens (113, 136, 1))
[17:34:53]SAY: EngineerConager/(Dell Conrad) "Есть кто ?" (Main Hallway (116, 22, 1))
[17:34:55]SAY: GhostPokolenie/(Elder Queen) "Лови" (North Central Barrens (113, 136, 1))
[17:34:56]OOC: (LOCAL) Haidee Baxter/Chaburek : Баг какой-то.
[17:34:59]SAY: GhostPokolenie/(Elder Queen) "Когда эво?" (North Central Barrens (113, 136, 1))
[17:34:59]SAY: EngineerConager/(Dell Conrad) "Дам.." (Main Hallway (116, 22, 1))
[17:35:00]SAY: BlackCrystalic/(Mature Defender (179)) "Я скоро эволюционирую" (North Central Barrens (114, 135, 1))
[17:35:06]ADMIN: PM: Alot/(Sarah 'Phantom' Black)->BlackCrystalic/(Mature Defender (179)): Выйти? А я просто забыл что игра включена. Я не жаловался что что то не выходит
[17:35:11]ACCESS: Logout: *no key*/(Mature Defender (179))
[17:35:11]ACCESS: Login: BlackCrystalic/(Warrior) from 127.0.0.1-3990586367 || BYOND v513.1513
[17:35:11]ACCESS: Notice: BlackCrystalic/(Warrior) has the same IP (127.0.0.1) and ID (3990586367) as CM.RU/(Edwin Whittier).
[17:35:11]ACCESS: Notice: BlackCrystalic/(Warrior) has the same IP (127.0.0.1) and ID (3990586367) as ZyberCpechnaz/(Uriel Sandys).
[17:35:12]SAY: EngineerConager/(Dell Conrad) "Пусто.." (Head of Personnel's Office (114, 24, 1))
[17:35:12]SAY: GhostPokolenie/(Elder Queen) "Че так долго!" (North Central Barrens (113, 136, 1))
[17:35:20]SAY: GhostPokolenie/(Elder Queen) "Все" (North Central Barrens (113, 136, 1))
[17:35:21]SAY: GhostPokolenie/(Elder Queen) "Идем" (North Central Barrens (113, 136, 1))
[17:35:21]SAY: Artyuom/(Johnny Vietnam) "Мне дайте" (Main Hallway (116, 23, 1))
[17:35:25]SAY: GhostPokolenie/(Elder Queen) "Убирать мусор" (North Central Barrens (113, 136, 1))
[17:35:29]SAY: Artyuom/(Johnny Vietnam) "О" (Main Hallway (119, 24, 1))
[17:35:31]SAY: EngineerConager/(Dell Conrad) "Ладно идём дальше" (Main Hallway (118, 23, 1))
[17:35:35]ADMIN: PM: BlackCrystalic/(Young Warrior (179))->Alot/(Sarah 'Phantom' Black): необязательно, я думал просто ты ждёш ксенотой хочешь
[17:35:42]SAY: EngineerConager/(Dell Conrad) "Ух.." (Southeast W-Y Compound (119, 15, 1))
[17:35:44]SAY: Burzu/(Jed Bell) "Да все, хватит уже." (Almayer Dropship 1 (152, 34, 1))
[17:36:03]SAY: Chaburek/(Haidee Baxter) "Реально." (Main Hallway (140, 39, 1))
[17:36:05]SAY: Chaburek/(Haidee Baxter) "Морпех." (Main Hallway (141, 39, 1))
[17:36:09]ADMIN: PM: Alot/(Sarah 'Phantom' Black)->BlackCrystalic/(Young Warrior (179)): Ждал... Ладно. Мб чуть позже. Щя я всё равно смотрю ролик
[17:36:12]SAY: Chaburek/(Haidee Baxter) "Где ты вообще научился строить?" (Main Hallway (140, 39, 1))
[17:36:20]SAY: EngineerConager/(Dell Conrad) "Здесь нам потребуется инженер" (Southeast W-Y Compound (99, 16, 1))
[17:36:22]SAY: ALex13t/(Reno 'Slowflake' Flake) "На стройке" (Main Hallway (144, 37, 1))
[17:36:25]SAY: Artyuom/(Johnny Vietnam) "Или лом" (Southeast W-Y Compound (101, 17, 1))
[17:36:26]SAY: EngineerConager/(Dell Conrad) "Хаха" (Southeast W-Y Compound (99, 17, 1))
[17:36:28]SAY: Chaburek/(Haidee Baxter) "Какой ты особенный." (Main Hallway (140, 39, 1))
[17:36:31]SAY: Atlasic/(Atlas Fasio) "Мда" (Engineering (97, 16, 1))
[17:36:31]ADMIN: PM: BlackCrystalic/(Young Warrior (179))->Alot/(Sarah 'Phantom' Black): там прикол в том что 2 кнопки
[17:36:34]SAY: Burzu/(Jed Bell) "Нихуя ты." (Main Hallway (142, 37, 1))
[17:36:34]SAY: Sladk0ewka/(Evan Tomato) "Есть гранаты..." (Southeast W-Y Compound (99, 18, 1))
[17:36:34]SAY: ALex13t/(Reno 'Slowflake' Flake) "Ну да" (Main Hallway (145, 39, 1))
[17:36:36]SAY: Chaburek/(Haidee Baxter) "Единственный морпех, который умеет." (Main Hallway (140, 39, 1))
[17:36:39]SAY: EngineerConager/(Dell Conrad) "Найдём другую дорогу" (Southeast W-Y Compound (103, 16, 1))
[17:36:45]GAME: Explosion with size (-1, -1, 3) in area Engineering 
[17:36:45]SAY: EngineerConager/(Dell Conrad) "Дам.." (Southeast W-Y Compound (105, 13, 1))
[17:36:46]ADMIN: PM: BlackCrystalic/(Young Warrior (179))->Alot/(Sarah 'Phantom' Black): 1 за лярву которая из квины вылезит, 2 за уже появившегося
[17:36:50]SAY: Burzu/(Jed Bell) "Вот это да!" (Main Hallway (141, 35, 1))
[17:36:51]SAY: Sladk0ewka/(Evan Tomato) "Сука" (Southeast W-Y Compound (98, 16, 1))
[17:36:53]SAY: EngineerConager/(Dell Conrad) "Вот нахуя ?" (Southeast W-Y Compound (102, 16, 1))
[17:36:54]SAY: Sladk0ewka/(Evan Tomato) "Еще есть" (Southeast W-Y Compound (98, 16, 1))
[17:36:54]SAY: Atlasic/(Atlas Fasio) "Хуёво" (Southeast W-Y Compound (99, 18, 1))
[17:36:56]SAY: Burzu/(Jed Bell) "Медик." (Main Hallway (137, 35, 1))
[17:36:59]SAY: Burzu/(Jed Bell) "Погнали к лидеру?" (Main Hallway (137, 36, 1))
[17:37:03]SAY: EngineerConager/(Dell Conrad) "Ну можно и так" (Central Jungle (99, 20, 1))
[17:37:05]SAY: Harlex5435/(Nickolas Stone) "Не" (Main Hallway (138, 35, 1))
[17:37:11]SAY: EngineerConager/(Dell Conrad) "ЕБА" (Central Jungle (97, 29, 1))
[17:37:13]SAY: Artyuom/(Johnny Vietnam) "Кот" (Central Jungle (96, 29, 1))
[17:37:13]ADMIN: PM: Alot/(Sarah 'Phantom' Black)->BlackCrystalic/(Young Warrior (179)): Я тут не первый день... Я просто пропустил момент
[17:37:15]SAY: EngineerConager/(Dell Conrad) "ДА СТОЙ" (Central Jungle (97, 29, 1))
[17:37:21]SAY: Artyuom/(Johnny Vietnam) "Стойте" (Central Jungle (96, 30, 1))
[17:37:22]SAY: EngineerConager/(Dell Conrad) "НЕ ЕБАШТЕ !" (Central Jungle (97, 28, 1))
[17:37:25]SAY: Artyuom/(Johnny Vietnam) "Блять" (Central Jungle (96, 30, 1))
[17:37:30]SAY: EngineerConager/(Dell Conrad) "МЫ НЕ ЗНАЕМ ЧТО ЭТО ЗА ХУЙНЯ !" (Central Jungle (97, 28, 1))
[17:37:32]SAY: Sladk0ewka/(Evan Tomato) "Ебака сташная" (Central Jungle (98, 31, 1))
[17:37:35]SAY: Sladk0ewka/(Evan Tomato) "Ну ее нахуй" (Central Jungle (98, 31, 1))
[17:37:42]SAY: Burzu/(Jed Bell) "Прием" (Alamo Landing Zone (146, 44, 1))
[17:37:48]SAY: EngineerConager/(Dell Conrad) "Надо назад..." (Central W-Y Compound (92, 44, 1))
[17:37:54]SAY: Atlasic/(Atlas Fasio) "Чисто" (Atmospherics (85, 33, 1))
[17:38:00]SAY: EngineerConager/(Dell Conrad) "Давай сюда !" (Central W-Y Compound (87, 38, 1))
[17:38:03]SAY: Atlasic/(Atlas Fasio) "А" (Atmospherics (87, 36, 1))
[17:38:05]SAY: EngineerConager/(Dell Conrad) "Блять !" (Central W-Y Compound (87, 38, 1))
[17:38:15]SAY: EngineerConager/(Dell Conrad) "СУКА" (Central W-Y Compound (86, 38, 1))
[17:38:17]SAY: EngineerConager/(Dell Conrad) "ЛОМИМ" (Central W-Y Compound (87, 38, 1))
[17:38:34]EMOTE: BlackCrystalic/(Young Warrior (179)) <B>The Young Warrior (179)</B> roars! (Southwest W-Y Compound (79, 30, 1))
[17:38:47]HIVEMIND: BlackCrystalic/(Young Warrior (179)) "МАМА" (Central W-Y Compound (63, 57, 1))
[17:38:52]HIVEMIND: BlackCrystalic/(Young Warrior (179)) "УБИВАЮТ" (Central W-Y Compound (63, 65, 1))
[17:38:54]HIVEMIND: GhostPokolenie/(Elder Queen) "Ду!" (Central W-Y Compound (93, 43, 1))
[17:39:00]SAY: EngineerConager/(Dell Conrad) "Чёрт !" (Central W-Y Compound (71, 45, 1))
[17:39:05]SAY: EngineerConager/(Dell Conrad) "Ты как ?" (Central W-Y Compound (71, 45, 1))
[17:39:09]HIVEMIND: BlackCrystalic/(Young Warrior (179)) "Я ОКОЛО ГНЕЗДА, НЕМНОГО ЗАПАДНЕЙ" (North Western Barrens (63, 97, 1))
[17:39:11]SAY: Atlasic/(Atlas Fasio) "Мне ок" (Central W-Y Compound (69, 47, 1))
[17:39:17]SAY: EngineerConager/(Dell Conrad) "Ладно.." (Central W-Y Compound (70, 48, 1))
[17:39:23]SAY: EngineerConager/(Dell Conrad) "Что" (Central W-Y Compound (68, 51, 1))
[17:39:24]SAY: Sladk0ewka/(Evan Tomato) "Слышали?" (Central W-Y Compound (64, 50, 1))
[17:39:26]SAY: EngineerConager/(Dell Conrad) "Это было ?" (Central W-Y Compound (68, 51, 1))
[17:39:28]SAY: Chaburek/(Haidee Baxter) "Нужен метал." (Main Hallway (140, 35, 1))
[17:39:29]SAY: Artyuom/(Johnny Vietnam) "Слышали?" (Central W-Y Compound (64, 54, 1))
[17:39:32]SAY: Burzu/(Jed Bell) "М?" (Cargo Bay (135, 56, 1))
[17:39:34]EMOTE: GhostPokolenie/(Elder Queen) <B>The Elder Queen</B> roars! (Northern W-Y Compound (94, 68, 1))
[17:39:35]SAY: Burzu/(Jed Bell) "Дырка как дырка." (Cargo Bay (135, 56, 1))
[17:39:36]SAY: ALex13t/(Reno 'Slowflake' Flake) "Ага" (Main Hallway (141, 34, 1))
[17:39:39]SAY: Harlex5435/(Nickolas Stone) "Странная" (Cargo Bay (134, 56, 1))
[17:39:39]SAY: EngineerConager/(Dell Conrad) "Нам надо назад" (Central W-Y Compound (77, 51, 1))
[17:39:39]SAY: Burzu/(Jed Bell) "Может крот большой." (Cargo Bay (135, 56, 1))
[17:39:43]EMOTE: GhostPokolenie/(Elder Queen) <B>The Elder Queen</B> roars! (Hydroponics (98, 84, 1))
[17:39:44]SAY: EngineerConager/(Dell Conrad) "Быстро !" (Central W-Y Compound (71, 48, 1))
[17:39:46]SAY: Sladk0ewka/(Evan Tomato) "Командир" (Central W-Y Compound (72, 49, 1))
[17:39:47]SAY: ALex13t/(Reno 'Slowflake' Flake) "Только взять где..." (Main Hallway (141, 34, 1))
[17:39:51]SAY: Harlex5435/(Nickolas Stone) "Откуда тут такая дыра" (Cargo Bay (134, 56, 1))
[17:39:51]SAY: Sladk0ewka/(Evan Tomato) "Не ссыкуй" (Central W-Y Compound (72, 45, 1))
[17:39:58]SAY: Sladk0ewka/(Evan Tomato) "Мы  с тобой" (Central W-Y Compound (77, 44, 1))
[17:39:59]SAY: Harlex5435/(Nickolas Stone) "Колония все таки" (Cargo Bay (134, 56, 1))
[17:40:04]SAY: Burzu/(Jed Bell) "Я тебе говорю." (Cargo Bay (135, 55, 1))
[17:40:08]SAY: Burzu/(Jed Bell) "Что крот большой." (Cargo Bay (135, 54, 1))
[17:40:11]SAY: Chaburek/(Haidee Baxter) "Капитан, а вы можете снабдить нас металлом?" (Main Hallway (140, 35, 1))
[17:40:12]SAY: BlackCrystalic/(Young Warrior (179)) "Ты Восточней и Северней меня" (North Western Barrens (63, 97, 1))
[17:40:15]HIVEMIND: GhostPokolenie/(Elder Queen) "Ненайду" (Central Barrens (109, 120, 1))
[17:40:19]SAY: Burzu/(Jed Bell) "Или это бывший улей муравьев." (Cargo Bay (134, 54, 1))
[17:40:22]SAY: EngineerConager/(Dell Conrad) "Чёрт !" (Main Hallway (122, 35, 1))
[17:40:24]SAY: EngineerConager/(Dell Conrad) "К бою !" (Main Hallway (122, 35, 1))
[17:40:33]SAY: EngineerConager/(Dell Conrad) "Вы как !" (Main Hallway (135, 37, 1))
[17:40:41]SAY: Harlex5435/(Nickolas Stone) "В порядке" (Main Hallway (137, 38, 1))
[17:40:43]SAY: Burzu/(Jed Bell) "Нормально, а что-то не так?" (Main Hallway (135, 39, 1))
[17:40:43]SAY: GhostPokolenie/(Elder Queen) "Да" (North Central Barrens (108, 132, 1))
[17:40:44]SAY: BlackCrystalic/(Young Warrior (179)) "Там обезьяны" (North Central Barrens (107, 133, 1))
[17:40:46]SAY: GhostPokolenie/(Elder Queen) "Ты жив" (North Central Barrens (108, 132, 1))
[17:40:49]SAY: GhostPokolenie/(Elder Queen) "Я поймал" (North Central Barrens (108, 132, 1))
[17:40:50]SAY: GhostPokolenie/(Elder Queen) "Уже" (North Central Barrens (108, 132, 1))
[17:40:52]SAY: BlackCrystalic/(Young Warrior (179)) "С палками-взрывалками" (North Central Barrens (107, 133, 1))
[17:40:57]SAY: EngineerConager/(Dell Conrad) "Здесь бродит какая-то чёрная хуйня" (Main Hallway (135, 37, 1))
[17:40:59]SAY: GhostPokolenie/(Elder Queen) "Ох" (North Central Barrens (108, 132, 1))
[17:41:00]SAY: GhostPokolenie/(Elder Queen) "Не ту" (North Central Barrens (108, 132, 1))
[17:41:04]SAY: GhostPokolenie/(Elder Queen) "Плоймал" (North Central Barrens (108, 132, 1))
[17:41:11]SAY: Harlex5435/(Nickolas Stone) "Я же говорил что странная та дыра" (Main Hallway (137, 38, 1))
[17:41:17]SAY: EngineerConager/(Dell Conrad) "Заметите что-то большое в темноте сразу стреляйте" (Main Hallway (135, 37, 1))
[17:41:18]SAY: Burzu/(Jed Bell) "Не оскорбляйте черных..." (Main Hallway (135, 39, 1))
[17:41:18]SAY: BlackCrystalic/(Young Warrior (179)) "Может зароазишь?" (North Central Barrens (108, 127, 1))
[17:41:18]SAY: Atlasic/(Atlas Fasio) "ГДЕ?" (Main Hallway (134, 37, 1))
[17:41:24]SAY: EngineerConager/(Dell Conrad) "Дыра ?!" (Main Hallway (135, 37, 1))
[17:41:41]SAY: BlackCrystalic/(Young Warrior (179)) "Пойдём за мной" (North Central Barrens (117, 135, 1))
[17:41:43]SAY: EngineerConager/(Dell Conrad) "СТОЙ" (Cargo Bay (135, 55, 1))
[17:41:44]SAY: GhostPokolenie/(Elder Queen) "Ага" (North Central Barrens (118, 134, 1))
[17:41:45]SAY: BlackCrystalic/(Young Warrior (179)) "Там плохие обезьяны" (North Central Barrens (117, 135, 1))
[17:41:46]SAY: EngineerConager/(Dell Conrad) "Блять.." (Cargo Bay (135, 55, 1))
[17:41:47]SAY: BlackCrystalic/(Young Warrior (179)) "Лысые" (North Central Barrens (116, 133, 1))
[17:41:50]SAY: EngineerConager/(Dell Conrad) "Ну вот что ты за.." (Cargo Bay (135, 55, 1))
[17:41:50]SAY: Artyuom/(Johnny Vietnam) "Lt,bk" (Cargo Bay (134, 54, 1))
[17:41:55]SAY: Atlasic/(Atlas Fasio) "С4!" (Cargo Bay Area (134, 58, 1))
[17:41:55]SAY: Artyuom/(Johnny Vietnam) "Дебил" (Cargo Bay (134, 54, 1))
[17:41:59]SAY: Burzu/(Jed Bell) "Зачем С4?" (Cargo Bay (133, 55, 1))
[17:42:02]SAY: Burzu/(Jed Bell) "Дырка как дырка." (Cargo Bay (133, 55, 1))
[17:42:05]SAY: Burzu/(Jed Bell) "Че париться." (Cargo Bay (133, 55, 1))
[17:42:06]GAME: Atlasic/(Atlas Fasio) planted plastic explosives on tunnel at (135,58,1) with 10 second fuse
[17:42:08]SAY: Artyuom/(Johnny Vietnam) "И зачем" (Cargo Bay (134, 54, 1))
[17:42:13]SAY: Burzu/(Jed Bell) "Дебил." (Cargo Bay (134, 52, 1))
[17:42:16]SAY: Artyuom/(Johnny Vietnam) "Проебили с4" (Cargo Bay (133, 52, 1))
[17:42:16]GAME: Explosion with size (-1, -1, 2) in area Cargo Bay Area 
[17:42:17]SAY: Burzu/(Jed Bell) "Просто так С4 потратил" (Cargo Bay (134, 52, 1))
[17:42:23]SAY: Atlasic/(Atlas Fasio) "Усё" (Cargo Bay (134, 57, 1))
[17:42:25]SAY: Artyuom/(Johnny Vietnam) "Мы проебали с4" (Cargo Bay (133, 53, 1))
[17:42:27]SAY: Burzu/(Jed Bell) "Спасибо, что потратил С4." (Cargo Bay (134, 55, 1))
[17:42:28]EMOTE: GhostPokolenie/(Elder Queen) <B>The Elder Queen</B> roars! (Northern W-Y Compound (98, 70, 1))
[17:42:33]SAY: Artyuom/(Johnny Vietnam) "Дебил" (Cargo Bay (137, 54, 1))
[17:42:35]EMOTE: GhostPokolenie/(Elder Queen) <B>The Elder Queen</B> roars! (Northeast W-Y Compound (114, 70, 1))
[17:42:40]SAY: Sladk0ewka/(Evan Tomato) "К бою!" (Cargo Bay (133, 48, 1))
[17:42:45]SAY: EngineerConager/(Dell Conrad) "Сэр ?" (Almayer Dropship 1 (154, 43, 1))
[17:42:55]EMOTE: BlackCrystalic/(Young Warrior (179)) <B>The Young Warrior (179)</B> hisses. (Main Hallway (119, 46, 1))
[17:42:56]EMOTE: GhostPokolenie/(Elder Queen) <B>The Elder Queen</B> hisses. (Main Hallway (121, 46, 1))
[17:42:57]EMOTE: GhostPokolenie/(Elder Queen) <B>The Elder Queen</B> roars! (Main Hallway (121, 47, 1))
[17:42:58]EMOTE: GhostPokolenie/(Elder Queen) <B>The Elder Queen</B> hisses. (Main Hallway (121, 49, 1))
[17:43:01]SAY: ALex13t/(Reno 'Slowflake' Flake) "НАХАД" (Canteen (129, 31, 1))
[17:43:11]EMOTE: BlackCrystalic/(Young Warrior (179)) <B>The Young Warrior (179)</B> hisses. (Main Hallway (118, 56, 1))
[17:43:13]ADMIN: PM: Alot/(Sarah 'Phantom' Black)->BlackCrystalic/(Young Warrior (179)): Блин... Теперь смотрю на ситуацию. Жалко чужих... Надо было зайти когда было время
[17:43:16]SAY: EngineerConager/(Dell Conrad) "Командир !" (Almayer Dropship 1 (154, 43, 1))
[17:43:17]ACCESS: Logout: *no key*/(Young Warrior (179))
[17:43:17]ACCESS: Login: BlackCrystalic/(Young Warrior (179)) from 127.0.0.1-3990586367 || BYOND v513.1513
[17:43:17]ACCESS: Notice: BlackCrystalic/(Young Warrior (179)) has the same IP (127.0.0.1) and ID (3990586367) as CM.RU/(Edwin Whittier).
[17:43:17]ACCESS: Notice: BlackCrystalic/(Young Warrior (179)) has the same IP (127.0.0.1) and ID (3990586367) as ZyberCpechnaz/(Uriel Sandys).
[17:43:17]ACCESS: Logout: *no key*/(Elder Queen)
[17:43:17]ACCESS: Login: GhostPokolenie/(Elder Queen) from 95.215.48.242-300637069 || BYOND v513.1524
[17:43:20]GAME: Marine Major Victory
Game mode: Distress Signal
Round time: 0:43
End round player population: 13
Total xenos spawned: 2
Total Preds spawned: 0
Total humans spawned: 10
[17:43:20]GAME: Antagonists at round end were...
[17:43:20]GAME: Xenomorphs: Elder Queen(GhostPokolenie), Young Warrior (179)(BlackCrystalic).
[17:43:20]SAY: GhostPokolenie/(Elder Queen) (ghost) "пиздец" (Main Hallway (118, 55, 1))
[17:43:21]SAY: Burzu/(Jed Bell) "Молодец." (Northeast W-Y Compound (120, 57, 1))
[17:43:24]SAY: GhostPokolenie/(Elder Queen) (ghost) "круто" (Main Hallway (118, 55, 1))
[17:43:29]OOC: GhostPokolenie/(Elder Queen) "Пошло я нахуй" (Main Hallway (118, 55, 1))
[17:43:32]SAY: Atlasic/(Atlas Fasio) "Ух!" (Northeast W-Y Compound (119, 57, 1))
[17:43:33]GAME: Explosion with size (-1, -1, 3) in area Canteen 
[17:43:41]VOTE: Custom vote started by BlackCrystalic.
Next Map - OOC>VOTE
[17:43:43]GAME: Explosion with size (-4, -4, 8) in area Canteen 
[17:43:44]EMOTE: Chaburek/(Haidee Baxter) <B>CPL Haidee Baxter</B> screams! (Kitchen (126, 29, 1))
[17:43:45]ADMIN: BlackCrystalic/(Young Warrior (179)) jumped to 120,51,1 in Main Hallway
[17:43:51]SAY: Burzu/(Jed Bell) "Ну все." (Main Hallway (136, 37, 1))
[17:43:52]SAY: Sladk0ewka/(Evan Tomato) "Ой" (Canteen (128, 31, 1))
[17:43:53]ACCESS: Logout: GhostPokolenie/(Elder Queen)
[17:43:56]ADMIN: BlackCrystalic/(Young Warrior (179)) jumped to 120,35,1 in Main Hallway
[17:43:56]SAY: Burzu/(Jed Bell) "Все?" (Main Hallway (135, 37, 1))
[17:44:01]SAY: Harlex5435/(Nickolas Stone) "Все" (Main Hallway (135, 38, 1))
[17:44:06]SAY: Burzu/(Jed Bell) "Ты в порядке?" (Main Hallway (136, 36, 1))
[17:44:09]SAY: EngineerConager/(Dell Conrad) "Ух блять !" (Main Hallway (143, 38, 1))
[17:44:10]GAME: Explosion with size (1, 3, 5) in area Main Hallway 
[17:44:10]GAME: Explosion with size (1, 3, 5) in area Main Hallway 
[17:44:10]GAME: Explosion with size (1, 3, 5) in area Main Hallway 
[17:44:10]GAME: Explosion with size (1, 3, 5) in area Main Hallway 
[17:44:10]GAME: Explosion with size (1, 3, 5) in area Security 
[17:44:11]GAME: Explosion with size (1, 3, 5) in area Main Hallway 
[17:44:11]GAME: Explosion with size (1, 3, 5) in area Quartermasters 
[17:44:11]GAME: Explosion with size (1, 3, 5) in area Main Hallway 
[17:44:11]EMOTE: Artyuom/(Johnny Vietnam) <B>LCPL Johnny Vietnam</B> screams! (Main Hallway (121, 34, 1))
[17:44:11]EMOTE: Sladk0ewka/(Evan Tomato) <B>PFC Evan Tomato</B> screams! (Kitchen (126, 30, 1))
[17:44:11]EMOTE: ALex13t/(Reno 'Slowflake' Flake) <B>PFC Reno 'Slowflake' Flake</B> screams! (Security (111, 33, 1))
[17:44:13]SAY: Chaburek/(Haidee Baxter) "Ай." (Kitchen (126, 29, 1))
[17:44:14]EMOTE: ALex13t/(Reno 'Slowflake' Flake) <B>PFC Reno 'Slowflake' Flake</B> cries out and drops what they were holding in their left hand! (Security (111, 33, 1))
[17:44:14]SAY: EngineerConager/(Dell Conrad) "ЕБАТЬ" (Main Hallway (141, 37, 1))
[17:44:15]SAY: Burzu/(Jed Bell) "БЛЯЯТЬ" (Main Hallway (141, 36, 1))
[17:44:17]SAY: Harlex5435/(Nickolas Stone) "Я то в порядке" (Main Hallway (143, 39, 1))
[17:44:19]OOC: Alot/(Sarah 'Phantom' Black) "А как называлась карта с подземной лабой. Ну так которую создал кристалик" (Central Jungle (87, 55, 1))
[17:44:24]EMOTE: ALex13t/(Reno 'Slowflake' Flake) <B>PFC Reno 'Slowflake' Flake</B> lets out a sharp cry and drops what they were holding in their left hand! (Security (111, 33, 1))
[17:44:25]SAY: Atlasic/(Atlas Fasio) "Убать" (Main Hallway (115, 35, 1))
[17:44:29]SAY: Atlasic/(Atlas Fasio) "Бляв" (Main Hallway (116, 34, 1))
[17:44:41]VOTE: <b>Vote Result: Big Red</b>
[17:44:41]SAY: Atlasic/(Atlas Fasio) "Сука" (Main Hallway (129, 34, 1))
[17:44:45]EMOTE: Chaburek/(Haidee Baxter) <B>CPL Haidee Baxter</B> is having trouble keeping their eyes open. (Main Hallway (132, 34, 1))
[17:44:45]SAY: Artyuom/(Johnny Vietnam) "Бля" (Main Hallway (144, 35, 1))
[17:44:55]ADMIN: BlackCrystalic/(Young Warrior (179)) initiated a reboot.
[17:44:56]SAY: EngineerConager/(Dell Conrad) "Что это за дичь.." (Main Hallway (141, 37, 1))
[17:45:00]ACCESS: Logout: ZyberCpechnaz/(Uriel Sandys)
[17:45:00]ACCESS: Logout: CM.RU/(Edwin Whittier)
[17:45:00]ACCESS: Logout: Atlasic/(Atlas Fasio)
[17:45:00]ACCESS: Logout: Harlex5435/(Nickolas Stone)
[17:45:00]ACCESS: Logout: EngineerConager/(Dell Conrad)
[17:45:00]ACCESS: Logout: Artyuom/(Johnny Vietnam)
[17:45:00]ACCESS: Logout: Chaburek/(Haidee Baxter)
[17:45:00]ACCESS: Logout: ALex13t/(Reno 'Slowflake' Flake)
[17:45:00]ACCESS: Logout: BlackCrystalic/(Young Warrior (179))
[17:45:00]ACCESS: Logout: Burzu/(Jed Bell)
[17:45:00]ACCESS: Logout: Alot/(Sarah 'Phantom' Black)
[17:45:00]ACCESS: Logout: Sladk0ewka/(Evan Tomato)
