

Starting up round 16:59:16
---------------------
[16:59:40]HREF: 16:59 Atlasic (usr:Atlasic) || Atlasic src=[0x3000034];lobby_choice=ready
[16:59:44]HREF: 16:59 Atlasic (usr:Atlasic) || Atlasic src=[0x3000034];lobby_choice=show_preferences
[16:59:44]HREF: 16:59 Artyuom (usr:Artyuom) || Artyuom src=[0x3000038];lobby_choice=show_preferences
[16:59:49]HREF: 16:59 Harlex5435 (usr:Harlex5435) || Harlex5435 src=[0x3000035];lobby_choice=ready
[17:00:03]HREF: 17:00 Artyuom (usr:Artyuom) || Artyuom src=[0x3000038];lobby_choice=show_preferences
[17:00:17]HREF: 17:00 Harlex5435 (usr:Harlex5435) || /datum/controller/vote src=[0x21000002];vote=close
[17:00:47]HREF: 17:00 GhostPokolenie (usr:GhostPokolenie) || GhostPokolenie src=[0x300003d];lobby_choice=ready
[17:01:02]HREF: 17:01 Atlasic (usr:Atlasic) || Atlasic src=[0x3000034];lobby_choice=show_preferences
[17:01:02]HREF: 17:01 Harlex5435 (usr:Harlex5435) || Harlex5435 src=[0x3000035];lobby_choice=show_preferences
[17:01:04]HREF: 17:01 Atlasic (usr:Atlasic) || _src_=prefs;preference=job;task=menu
[17:01:09]HREF: 17:01 Harlex5435 (usr:Harlex5435) || _src_=prefs;preference=job;task=menu
[17:01:13]HREF: 17:01 Harlex5435 (usr:Harlex5435) || _src_=prefs;preference=job;task=input;text=Squad%20Medic
[17:01:16]HREF: 17:01 Harlex5435 (usr:Harlex5435) || _src_=prefs;preference=job;task=close
[17:01:16]HREF: 17:01 Artyuom (usr:Artyuom) || Artyuom src=[0x3000038];lobby_choice=ready
[17:01:20]HREF: 17:01 Harlex5435 (usr:Harlex5435) || Harlex5435 src=[0x3000035];preference=save
[17:02:31]HREF: 17:02 Artyuom (usr:Artyuom) || Artyuom src=[0x3000038];lobby_choice=ready
[17:02:32]HREF: 17:02 ALex13t (usr:ALex13t) || ALex13t src=[0x300003f];lobby_choice=ready
[17:02:33]HREF: 17:02 Artyuom (usr:Artyuom) || Artyuom src=[0x3000038];lobby_choice=late_join
[17:02:35]HREF: 17:02 BlackCrystalic (usr:BlackCrystalic) || BlackCrystalic src=[0x300003b];lobby_choice=ready
[17:02:36]HREF: 17:02 BlackCrystalic (usr:BlackCrystalic) || BlackCrystalic src=[0x300003b];lobby_choice=late_join
[17:02:39]HREF: 17:02 CM.RU (usr:CM.RU) || CM.RU src=[0x3000032];lobby_choice=ready
[17:02:39]HREF: 17:02 CM.RU (usr:CM.RU) || CM.RU src=[0x3000032];lobby_choice=late_join
[17:02:39]HREF: 17:02 Artyuom (usr:Artyuom) || Artyuom src=[0x3000038];lobby_choice=show_preferences
[17:02:40]HREF: 17:02 CM.RU (usr:CM.RU) || CM.RU src=[0x3000032];lobby_choice=SelectedJob;job_selected=Commander
[17:02:42]HREF: 17:02 Artyuom (usr:Artyuom) || Artyuom src=[0x3000038];preference=loadout;task=input
[17:02:43]HREF: 17:02 Alot (usr:Alot) || Alot src=[0x300003a];lobby_choice=show_preferences
[17:02:46]HREF: 17:02 Burzu (usr:Burzu) || Burzu src=[0x3000060];lobby_choice=late_join
[17:02:48]HREF: 17:02 ALex13t (usr:ALex13t) || ALex13t src=[0x300003f];lobby_choice=late_join
[17:02:49]HREF: 17:02 Alot (usr:Alot) || Alot src=[0x300003a];lobby_choice=show_preferences
[17:02:50]HREF: 17:02 Burzu (usr:Burzu) || Burzu src=[0x3000060];lobby_choice=SelectedJob;job_selected=Squad%20Marine
[17:02:51]HREF: 17:02 Artyuom (usr:Artyuom) || Artyuom src=[0x3000038];lobby_choice=late_join
[17:02:52]HREF: 17:02 Alot (usr:Alot) || Alot src=[0x300003a];lobby_choice=ready
[17:02:52]HREF: 17:02 Artyuom (usr:Artyuom) || Artyuom src=[0x3000038];lobby_choice=SelectedJob;job_selected=Squad%20Smartgunner
[17:02:53]HREF: 17:02 Alot (usr:Alot) || Alot src=[0x300003a];lobby_choice=manifest
[17:02:54]HREF: 17:02 Atlasic (usr:Atlas Fasio) || _=1592575377105
[17:02:54]HREF: 17:02 Atlasic (usr:Atlas Fasio) || _=1592575377106
[17:02:56]HREF: 17:02 Alot (usr:Alot) || Alot src=[0x300003a];lobby_choice=observe
[17:02:56]HREF: 17:02 ALex13t (usr:ALex13t) || ALex13t src=[0x300003f];lobby_choice=late_join
[17:02:56]HREF: 17:02 Atlasic (usr:Atlas Fasio) || /datum/nanoui src=[0x21005ca3];vend=4;cat=0
[17:02:57]HREF: 17:02 Harlex5435 (usr:Nickolas Stone) || _=1592575382029
[17:02:57]HREF: 17:02 Harlex5435 (usr:Nickolas Stone) || _=1592575382030
[17:02:59]HREF: 17:02 Harlex5435 (usr:Nickolas Stone) || /datum/nanoui src=[0x21005caf];vend=1;cat=0
[17:03:05]HREF: 17:03 ALex13t (usr:ALex13t) || ALex13t src=[0x300003f];lobby_choice=manifest
[17:03:07]HREF: 17:03 Artyuom (usr:Johnny Vietnam) || _=1592575388482
[17:03:07]HREF: 17:03 Artyuom (usr:Johnny Vietnam) || _=1592575388483
[17:03:08]HREF: 17:03 Artyuom (usr:Johnny Vietnam) || /datum/nanoui src=[0x21005cb1];vend=5;cat=0
[17:03:10]HREF: 17:03 Artyuom (usr:Johnny Vietnam) || /datum/nanoui src=[0x21005cb1];vend=5;cat=0
[17:03:12]HREF: 17:03 Atlasic (usr:Atlas Fasio) || _=1592575395430
[17:03:12]HREF: 17:03 Atlasic (usr:Atlas Fasio) || _=1592575395431
[17:03:13]HREF: 17:03 Burzu (usr:Jed Bell) || _=1592575390426
[17:03:13]HREF: 17:03 Burzu (usr:Jed Bell) || _=1592575390427
[17:03:14]HREF: 17:03 Burzu (usr:Jed Bell) || /datum/nanoui src=[0x21005c6f];vend=3;cat=0
[17:03:14]HREF: 17:03 Atlasic (usr:Atlas Fasio) || /datum/nanoui src=[0x21005cb4];vend=2
[17:03:15]HREF: 17:03 Atlasic (usr:Atlas Fasio) || /datum/nanoui src=[0x21005cb4];vend=3
[17:03:15]HREF: 17:03 ALex13t (usr:ALex13t) || ALex13t src=[0x300003f];lobby_choice=late_join
[17:03:16]HREF: 17:03 Atlasic (usr:Atlas Fasio) || /datum/nanoui src=[0x21005cb4];vend=4
[17:03:17]HREF: 17:03 Atlasic (usr:Atlas Fasio) || /datum/nanoui src=[0x21005cb4];vend=5
[17:03:20]HREF: 17:03 ALex13t (usr:ALex13t) || ALex13t src=[0x300003f];lobby_choice=manifest
[17:03:24]HREF: 17:03 Atlasic (usr:Atlas Fasio) || _=1592575407066
[17:03:24]HREF: 17:03 Atlasic (usr:Atlas Fasio) || _=1592575407067
[17:03:28]HREF: 17:03 Harlex5435 (usr:Nickolas Stone) || _=1592575413159
[17:03:28]HREF: 17:03 Harlex5435 (usr:Nickolas Stone) || _=1592575413160
[17:03:29]HREF: 17:03 ALex13t (usr:ALex13t) || ALex13t src=[0x300003f];lobby_choice=late_join
[17:03:29]HREF: 17:03 Harlex5435 (usr:Nickolas Stone) || /datum/nanoui src=[0x21005ca3];vend=2
[17:03:30]HREF: 17:03 Harlex5435 (usr:Nickolas Stone) || /datum/nanoui src=[0x21005ca3];vend=3
[17:03:30]HREF: 17:03 Harlex5435 (usr:Nickolas Stone) || /datum/nanoui src=[0x21005ca3];vend=4
[17:03:31]HREF: 17:03 Harlex5435 (usr:Nickolas Stone) || /datum/nanoui src=[0x21005ca3];vend=5
[17:03:31]HREF: 17:03 Harlex5435 (usr:Nickolas Stone) || /datum/nanoui src=[0x21005ca3];vend=6
[17:03:32]HREF: 17:03 Harlex5435 (usr:Nickolas Stone) || /datum/nanoui src=[0x21005ca3];vend=7
[17:03:33]HREF: 17:03 Burzu (usr:Jed Bell) || _=1592575410028
[17:03:33]HREF: 17:03 Burzu (usr:Jed Bell) || _=1592575410029
[17:03:34]HREF: 17:03 Burzu (usr:Jed Bell) || /datum/nanoui src=[0x21005cb2];vend=2
[17:03:34]HREF: 17:03 Burzu (usr:Jed Bell) || /datum/nanoui src=[0x21005cb2];vend=3
[17:03:34]HREF: 17:03 Burzu (usr:Jed Bell) || /datum/nanoui src=[0x21005cb2];vend=4
[17:03:35]HREF: 17:03 Artyuom (usr:Johnny Vietnam) || _=1592575416725
[17:03:35]HREF: 17:03 Artyuom (usr:Johnny Vietnam) || _=1592575416726
[17:03:36]HREF: 17:03 Artyuom (usr:Johnny Vietnam) || /datum/nanoui src=[0x21005ca3];vend=2
[17:03:38]HREF: 17:03 Artyuom (usr:Johnny Vietnam) || /datum/nanoui src=[0x21005ca3];vend=3
[17:03:39]HREF: 17:03 Artyuom (usr:Johnny Vietnam) || /datum/nanoui src=[0x21005ca3];vend=5
[17:03:39]HREF: 17:03 Artyuom (usr:Johnny Vietnam) || /datum/nanoui src=[0x21005ca3];vend=6
[17:03:39]HREF: 17:03 Burzu (usr:Jed Bell) || /datum/nanoui src=[0x21005cb2];vend=5
[17:03:41]HREF: 17:03 Harlex5435 (usr:Nickolas Stone) || _=1592575426277
[17:03:41]HREF: 17:03 Harlex5435 (usr:Nickolas Stone) || _=1592575426278
[17:03:42]HREF: 17:03 Harlex5435 (usr:Nickolas Stone) || /datum/nanoui src=[0x21005cae];vend=9
[17:03:44]HREF: 17:03 Burzu (usr:Jed Bell) || /datum/nanoui src=[0x21005cb2];vend=6
[17:03:44]HREF: 17:03 Harlex5435 (usr:Nickolas Stone) || /datum/nanoui src=[0x21005cae];vend=13
[17:03:46]HREF: 17:03 Artyuom (usr:Johnny Vietnam) || /datum/nanoui src=[0x21005ca3];vend=8
[17:03:48]HREF: 17:03 Burzu (usr:Jed Bell) || /datum/nanoui src=[0x21005cb2];vend=9
[17:03:53]HREF: 17:03 Harlex5435 (usr:Nickolas Stone) || _=1592575437855
[17:03:53]HREF: 17:03 Harlex5435 (usr:Nickolas Stone) || _=1592575437856
[17:03:54]HREF: 17:03 Burzu (usr:Jed Bell) || /datum/nanoui src=[0x21005cb2];vend=16
[17:03:55]HREF: 17:03 Harlex5435 (usr:Nickolas Stone) || /datum/nanoui src=[0x21005cc4];vend=16
[17:03:58]HREF: 17:03 CM.RU (usr:Edwin Whittier) || The communications console src=[0x201046c];operation=login
[17:03:58]HREF: 17:03 Harlex5435 (usr:Nickolas Stone) || /datum/nanoui src=[0x21005cc4];vend=19
[17:03:58]HREF: 17:03 Burzu (usr:Jed Bell) || /datum/nanoui src=[0x21005cb2];vend=19
[17:03:59]HREF: 17:03 Artyuom (usr:Johnny Vietnam) || /datum/nanoui src=[0x21005ca3];vend=22
[17:03:59]HREF: 17:03 CM.RU (usr:Edwin Whittier) || The communications console src=[0x201046c];operation=announce
[17:03:59]HREF: 17:03 Artyuom (usr:Johnny Vietnam) || /datum/nanoui src=[0x21005ca3];vend=21
[17:04:02]HREF: 17:04 Burzu (usr:Jed Bell) || /datum/nanoui src=[0x21005cb2];vend=28
[17:04:04]HREF: 17:04 Artyuom (usr:Johnny Vietnam) || _=1592575445563
[17:04:04]HREF: 17:04 Artyuom (usr:Johnny Vietnam) || _=1592575445564
[17:04:06]HREF: 17:04 Burzu (usr:Jed Bell) || /datum/nanoui src=[0x21005cb2];vend=27
[17:04:06]HREF: 17:04 Artyuom (usr:Johnny Vietnam) || /datum/nanoui src=[0x21005e10];vend=4
[17:04:08]HREF: 17:04 Harlex5435 (usr:Nickolas Stone) || /datum/nanoui src=[0x21005cc4];vend=22
[17:04:08]HREF: 17:04 Harlex5435 (usr:Nickolas Stone) || /datum/nanoui src=[0x21005cc4];vend=23
[17:04:12]HREF: 17:04 Artyuom (usr:Johnny Vietnam) || /datum/nanoui src=[0x21005e10];vend=2
[17:04:16]HREF: 17:04 ALex13t (usr:ALex13t) || ALex13t src=[0x300003f];lobby_choice=SelectedJob;job_selected=Squad%20Marine
[17:04:26]HREF: 17:04 Burzu (usr:Jed Bell) || /datum/nanoui src=[0x21005cb2];vend=37
[17:04:34]HREF: 17:04 Harlex5435 (usr:Nickolas Stone) || _=1592575478387
[17:04:34]HREF: 17:04 Harlex5435 (usr:Nickolas Stone) || _=1592575478388
[17:04:35]HREF: 17:04 ALex13t (usr:Reno 'Slowflake' Flake) || _=1592575476713
[17:04:35]HREF: 17:04 ALex13t (usr:Reno 'Slowflake' Flake) || _=1592575476714
[17:04:36]HREF: 17:04 ALex13t (usr:Reno 'Slowflake' Flake) || /datum/nanoui src=[0x21005e43];vend=1;cat=0
[17:04:37]HREF: 17:04 ALex13t (usr:Reno 'Slowflake' Flake) || /datum/nanoui src=[0x21005e43];vend=1;cat=0
[17:04:37]HREF: 17:04 ALex13t (usr:Reno 'Slowflake' Flake) || /datum/nanoui src=[0x21005e43];vend=1;cat=0
[17:04:37]HREF: 17:04 Harlex5435 (usr:Nickolas Stone) || /datum/nanoui src=[0x21005ca3];vend=2
[17:04:37]HREF: 17:04 ALex13t (usr:Reno 'Slowflake' Flake) || /datum/nanoui src=[0x21005e43];vend=1;cat=0
[17:04:38]HREF: 17:04 ALex13t (usr:Reno 'Slowflake' Flake) || /datum/nanoui src=[0x21005e43];vend=1;cat=0
[17:04:38]HREF: 17:04 ALex13t (usr:Reno 'Slowflake' Flake) || /datum/nanoui src=[0x21005e43];vend=1;cat=0
[17:04:39]HREF: 17:04 ALex13t (usr:Reno 'Slowflake' Flake) || /datum/nanoui src=[0x21005e43];vend=1;cat=0
[17:04:39]HREF: 17:04 ALex13t (usr:Reno 'Slowflake' Flake) || /datum/nanoui src=[0x21005e43];vend=1;cat=0
[17:04:39]HREF: 17:04 ALex13t (usr:Reno 'Slowflake' Flake) || /datum/nanoui src=[0x21005e43];vend=1;cat=0
[17:04:43]HREF: 17:04 BlackCrystalic (usr:BlackCrystalic) || BlackCrystalic src=[0x300003b];lobby_choice=observe
[17:04:53]HREF: 17:04 Burzu (usr:Jed Bell) || /datum/nanoui src=[0x21005cb2];vend=48
[17:04:55]HREF: 17:04 ALex13t (usr:Reno 'Slowflake' Flake) || _=1592575497163
[17:04:55]HREF: 17:04 ALex13t (usr:Reno 'Slowflake' Flake) || _=1592575497164
[17:04:56]HREF: 17:04 Artyuom (usr:Johnny Vietnam) || _=1592575497753
[17:04:56]HREF: 17:04 Artyuom (usr:Johnny Vietnam) || _=1592575497754
[17:04:58]HREF: 17:04 Artyuom (usr:Johnny Vietnam) || /datum/nanoui src=[0x21005e4e];vend=19;cat=0
[17:05:12]HREF: 17:05 CM.RU (usr:Edwin Whittier) || Overwatch Console src=[0x2010784];operation=change_operator
[17:05:12]HREF: 17:05 CM.RU (usr:Edwin Whittier) || Overwatch Console src=[0x2010784];operation=pick_squad
[17:05:15]HREF: 17:05 CM.RU (usr:Edwin Whittier) || Overwatch Console src=[0x2010784];operation=change_lead
[17:05:17]HREF: 17:05 CM.RU (usr:Edwin Whittier) || Overwatch Console src=[0x2010784];operation=monitor
[17:05:19]HREF: 17:05 Atlasic (usr:Atlas Fasio) || /datum/nanoui src=[0x21005cb7];vend=2
[17:05:21]HREF: 17:05 Harlex5435 (usr:Nickolas Stone) || _=1592575526064
[17:05:21]HREF: 17:05 Harlex5435 (usr:Nickolas Stone) || _=1592575526065
[17:05:23]HREF: 17:05 CM.RU (usr:Edwin Whittier) || Overwatch Console src=[0x2010784];operation=back
[17:05:24]HREF: 17:05 CM.RU (usr:Edwin Whittier) || Overwatch Console src=[0x2010784];operation=change_lead
[17:05:25]HREF: 17:05 Harlex5435 (usr:Nickolas Stone) || _=1592575529560
[17:05:25]HREF: 17:05 Harlex5435 (usr:Nickolas Stone) || _=1592575529561
[17:05:26]HREF: 17:05 CM.RU (usr:Edwin Whittier) || Overwatch Console src=[0x2010784];operation=set_primary
[17:05:29]HREF: 17:05 Burzu (usr:Jed Bell) || _=1592575526850
[17:05:29]HREF: 17:05 Burzu (usr:Jed Bell) || _=1592575526851
[17:05:30]HREF: 17:05 ALex13t (usr:Reno 'Slowflake' Flake) || _=1592575531343
[17:05:30]HREF: 17:05 ALex13t (usr:Reno 'Slowflake' Flake) || _=1592575531344
[17:05:31]HREF: 17:05 ALex13t (usr:Reno 'Slowflake' Flake) || /datum/nanoui src=[0x21005e54];vend=3
[17:05:31]HREF: 17:05 ALex13t (usr:Reno 'Slowflake' Flake) || /datum/nanoui src=[0x21005e54];vend=2
[17:05:32]HREF: 17:05 ALex13t (usr:Reno 'Slowflake' Flake) || /datum/nanoui src=[0x21005e54];vend=4
[17:05:32]HREF: 17:05 ALex13t (usr:Reno 'Slowflake' Flake) || /datum/nanoui src=[0x21005e54];vend=5
[17:05:33]HREF: 17:05 ALex13t (usr:Reno 'Slowflake' Flake) || /datum/nanoui src=[0x21005e54];vend=6
[17:05:34]HREF: 17:05 Burzu (usr:Jed Bell) || /datum/nanoui src=[0x21005e64];vend=20;cat=0
[17:05:36]HREF: 17:05 CM.RU (usr:Edwin Whittier) || Overwatch Console src=[0x2010784];operation=set_secondary
[17:05:37]HREF: 17:05 EngineerConager (usr:EngineerConager) || EngineerConager src=[0x3000067];lobby_choice=manifest
[17:05:38]HREF: 17:05 EngineerConager (usr:EngineerConager) || EngineerConager src=[0x3000068];lobby_choice=manifest
[17:05:38]HREF: 17:05 EngineerConager (usr:EngineerConager) || EngineerConager src=[0x3000068];lobby_choice=manifest
[17:05:39]HREF: 17:05 Burzu (usr:Jed Bell) || /datum/nanoui src=[0x21005e64];vend=19;cat=0
[17:05:40]HREF: 17:05 EngineerConager (usr:EngineerConager) || EngineerConager src=[0x3000068];lobby_choice=manifest
[17:05:40]HREF: 17:05 EngineerConager (usr:EngineerConager) || EngineerConager src=[0x3000068];lobby_choice=manifest
[17:05:40]HREF: 17:05 EngineerConager (usr:EngineerConager) || EngineerConager src=[0x3000068];lobby_choice=manifest
[17:05:40]HREF: 17:05 EngineerConager (usr:EngineerConager) || EngineerConager src=[0x3000068];lobby_choice=manifest
[17:05:40]HREF: 17:05 EngineerConager (usr:EngineerConager) || EngineerConager src=[0x3000068];lobby_choice=manifest
[17:05:41]HREF: 17:05 EngineerConager (usr:EngineerConager) || EngineerConager src=[0x3000068];lobby_choice=manifest
[17:05:41]HREF: 17:05 ALex13t (usr:Reno 'Slowflake' Flake) || /datum/nanoui src=[0x21005e54];vend=9
[17:05:41]HREF: 17:05 EngineerConager (usr:EngineerConager) || EngineerConager src=[0x3000068];lobby_choice=manifest
[17:05:42]HREF: 17:05 EngineerConager (usr:EngineerConager) || EngineerConager src=[0x3000068];lobby_choice=manifest
[17:05:42]HREF: 17:05 EngineerConager (usr:EngineerConager) || EngineerConager src=[0x3000068];lobby_choice=manifest
[17:05:43]HREF: 17:05 EngineerConager (usr:EngineerConager) || EngineerConager src=[0x3000068];lobby_choice=manifest
[17:05:43]HREF: 17:05 Harlex5435 (usr:Nickolas Stone) || _=1592575547572
[17:05:43]HREF: 17:05 Harlex5435 (usr:Nickolas Stone) || _=1592575547573
[17:05:43]HREF: 17:05 EngineerConager (usr:EngineerConager) || EngineerConager src=[0x3000068];lobby_choice=manifest
[17:05:43]HREF: 17:05 EngineerConager (usr:EngineerConager) || EngineerConager src=[0x3000068];lobby_choice=manifest
[17:05:44]HREF: 17:05 EngineerConager (usr:EngineerConager) || EngineerConager src=[0x3000068];lobby_choice=manifest
[17:05:45]HREF: 17:05 Burzu (usr:Jed Bell) || /datum/nanoui src=[0x21005e64];vend=23;cat=0
[17:05:45]HREF: 17:05 Harlex5435 (usr:Nickolas Stone) || /datum/nanoui src=[0x21005e5a];vend=13;cat=0
[17:05:49]HREF: 17:05 Harlex5435 (usr:Nickolas Stone) || _=1592575553511
[17:05:49]HREF: 17:05 Harlex5435 (usr:Nickolas Stone) || _=1592575553512
[17:05:50]HREF: 17:05 CM.RU (usr:Edwin Whittier) || Overwatch Console src=[0x2010784];operation=check_primary
[17:05:50]HREF: 17:05 Harlex5435 (usr:Nickolas Stone) || /datum/nanoui src=[0x21005e5a];vend=3;cat=0
[17:05:53]HREF: 17:05 Harlex5435 (usr:Nickolas Stone) || _=1592575558272
[17:05:53]HREF: 17:05 Harlex5435 (usr:Nickolas Stone) || _=1592575558273
[17:05:55]HREF: 17:05 Harlex5435 (usr:Nickolas Stone) || /datum/nanoui src=[0x21005e5a];vend=2;cat=0
[17:05:56]HREF: 17:05 Burzu (usr:Jed Bell) || /datum/nanoui src=[0x21005e64];vend=21;cat=0
[17:05:56]HREF: 17:05 EngineerConager (usr:EngineerConager) || EngineerConager src=[0x3000068];lobby_choice=late_join
[17:06:01]HREF: 17:06 EngineerConager (usr:EngineerConager) || EngineerConager src=[0x3000068];lobby_choice=SelectedJob;job_selected=Squad%20Leader
[17:06:06]HREF: 17:06 Harlex5435 (usr:Nickolas Stone) || _=1592575570878
[17:06:06]HREF: 17:06 Harlex5435 (usr:Nickolas Stone) || _=1592575570879
[17:06:12]HREF: 17:06 CM.RU (usr:Edwin Whittier) || Overwatch Console src=[0x2010784];operation=check_secondary
[17:06:14]HREF: 17:06 ALex13t (usr:Reno 'Slowflake' Flake) || /datum/nanoui src=[0x21005e54];vend=17
[17:06:18]HREF: 17:06 Atlasic (usr:Atlas Fasio) || _=1592575580959
[17:06:18]HREF: 17:06 Atlasic (usr:Atlas Fasio) || _=1592575580960
[17:06:21]HREF: 17:06 Burzu (usr:Jed Bell) || /datum/nanoui src=[0x21005e64];vend=1;cat=0
[17:06:24]HREF: 17:06 Atlasic (usr:Atlas Fasio) || /datum/nanoui src=[0x21005cb7];vend=11
[17:06:26]HREF: 17:06 ALex13t (usr:Reno 'Slowflake' Flake) || /datum/nanoui src=[0x21005e54];vend=20
[17:06:29]HREF: 17:06 Harlex5435 (usr:Nickolas Stone) || _=1592575593915
[17:06:29]HREF: 17:06 Harlex5435 (usr:Nickolas Stone) || _=1592575593916
[17:06:37]HREF: 17:06 Harlex5435 (usr:Nickolas Stone) || _=1592575602058
[17:06:37]HREF: 17:06 Harlex5435 (usr:Nickolas Stone) || _=1592575602059
[17:06:47]HREF: 17:06 Atlasic (usr:Atlas Fasio) || /datum/nanoui src=[0x21005cb7];vend=15
[17:06:48]HREF: 17:06 EngineerConager (usr:Dell Conrad) || _=1592575612047
[17:06:48]HREF: 17:06 EngineerConager (usr:Dell Conrad) || _=1592575612048
[17:06:48]HREF: 17:06 EngineerConager (usr:Dell Conrad) || /datum/nanoui src=[0x21005e56];vend=2
[17:06:49]HREF: 17:06 EngineerConager (usr:Dell Conrad) || /datum/nanoui src=[0x21005e56];vend=3
[17:06:49]HREF: 17:06 EngineerConager (usr:Dell Conrad) || /datum/nanoui src=[0x21005e56];vend=4
[17:06:50]HREF: 17:06 EngineerConager (usr:Dell Conrad) || /datum/nanoui src=[0x21005e56];vend=5
[17:06:50]HREF: 17:06 EngineerConager (usr:Dell Conrad) || /datum/nanoui src=[0x21005e56];vend=6
[17:06:50]HREF: 17:06 EngineerConager (usr:Dell Conrad) || /datum/nanoui src=[0x21005e56];vend=7
[17:06:52]HREF: 17:06 Burzu (usr:Jed Bell) || /datum/nanoui src=[0x21005e64];vend=11;cat=0
[17:06:53]HREF: 17:06 Burzu (usr:Jed Bell) || /datum/nanoui src=[0x21005e64];vend=11;cat=0
[17:07:06]HREF: 17:07 CM.RU (usr:Edwin Whittier) || Orbital Cannon Console src=[0x200ba8d];check_req=1
[17:07:07]HREF: 17:07 EngineerConager (usr:Dell Conrad) || _=1592575632081
[17:07:07]HREF: 17:07 EngineerConager (usr:Dell Conrad) || _=1592575632082
[17:07:08]HREF: 17:07 CM.RU (usr:Edwin Whittier) || Orbital Cannon Console src=[0x200ba8d];close=1
[17:07:12]HREF: 17:07 EngineerConager (usr:Dell Conrad) || /datum/nanoui src=[0x21005cd0];vend=15
[17:07:19]HREF: 17:07 Harlex5435 (usr:Nickolas Stone) || _=1592575643922
[17:07:19]HREF: 17:07 Harlex5435 (usr:Nickolas Stone) || _=1592575643923
[17:07:23]HREF: 17:07 Harlex5435 (usr:Nickolas Stone) || /datum/nanoui src=[0x21005e96];vend=17
[17:07:23]HREF: 17:07 ALex13t (usr:Reno 'Slowflake' Flake) || _=1592575644739
[17:07:23]HREF: 17:07 ALex13t (usr:Reno 'Slowflake' Flake) || _=1592575644740
[17:07:25]HREF: 17:07 Harlex5435 (usr:Nickolas Stone) || /datum/nanoui src=[0x21005e96];vend=13
[17:07:25]HREF: 17:07 Atlasic (usr:Atlas Fasio) || _=1592575648592
[17:07:25]HREF: 17:07 Atlasic (usr:Atlas Fasio) || _=1592575648593
[17:07:26]HREF: 17:07 Harlex5435 (usr:Nickolas Stone) || /datum/nanoui src=[0x21005e96];vend=14
[17:07:31]HREF: 17:07 ALex13t (usr:Reno 'Slowflake' Flake) || /datum/nanoui src=[0x21005e59];vend=34
[17:07:35]HREF: 17:07 EngineerConager (usr:Dell Conrad) || /datum/nanoui src=[0x21005cd0];vend=17
[17:07:41]HREF: 17:07 Harlex5435 (usr:Nickolas Stone) || /datum/nanoui src=[0x21005e96];vend=16
[17:07:43]HREF: 17:07 ALex13t (usr:Reno 'Slowflake' Flake) || /datum/nanoui src=[0x21005e59];vend=50
[17:07:45]HREF: 17:07 EngineerConager (usr:Dell Conrad) || /datum/nanoui src=[0x21005cd0];vend=27
[17:07:47]HREF: 17:07 Atlasic (usr:Atlas Fasio) || /datum/nanoui src=[0x21005cb7];vend=24
[17:07:48]HREF: 17:07 Harlex5435 (usr:Nickolas Stone) || /datum/nanoui src=[0x21005e96];vend=21
[17:07:48]HREF: 17:07 EngineerConager (usr:Dell Conrad) || /datum/nanoui src=[0x21005cd0];vend=30
[17:07:48]HREF: 17:07 Atlasic (usr:Atlas Fasio) || /datum/nanoui src=[0x21005cb7];vend=25
[17:07:51]HREF: 17:07 Harlex5435 (usr:Nickolas Stone) || /datum/nanoui src=[0x21005e96];vend=18
[17:07:55]HREF: 17:07 Atlasic (usr:Atlas Fasio) || /datum/nanoui src=[0x21005cb7];vend=29
[17:07:55]HREF: 17:07 EngineerConager (usr:Dell Conrad) || _=1592575679960
[17:07:55]HREF: 17:07 EngineerConager (usr:Dell Conrad) || _=1592575679961
[17:07:56]HREF: 17:07 EngineerConager (usr:Dell Conrad) || /datum/nanoui src=[0x21005f4b];vend=2
[17:08:05]HREF: 17:08 Atlasic (usr:Atlas Fasio) || _=1592575688074
[17:08:05]HREF: 17:08 Atlasic (usr:Atlas Fasio) || _=1592575688075
[17:08:06]HREF: 17:08 ALex13t (usr:Reno 'Slowflake' Flake) || The metal src=[0x20149b1];make=12;multiplier=5
[17:08:09]HREF: 17:08 Harlex5435 (usr:Nickolas Stone) || _=1592575694290
[17:08:09]HREF: 17:08 Harlex5435 (usr:Nickolas Stone) || _=1592575694291
[17:08:17]HREF: 17:08 Burzu (usr:Jed Bell) || /datum/nanoui src=[0x21005e64];vend=15;cat=0
[17:08:19]HREF: 17:08 Atlasic (usr:Atlas Fasio) || _=1592575702587
[17:08:19]HREF: 17:08 Atlasic (usr:Atlas Fasio) || _=1592575702588
[17:08:20]HREF: 17:08 CM.RU (usr:Edwin Whittier) || Orbital Cannon Console src=[0x200ba8d];back=1
[17:08:20]HREF: 17:08 ALex13t (usr:Reno 'Slowflake' Flake) || The plasteel src=[0x201499d];sublist=;make=2;multiplier=1
[17:08:21]HREF: 17:08 Burzu (usr:Jed Bell) || /datum/nanoui src=[0x21005e64];vend=15;cat=0
[17:08:21]HREF: 17:08 CM.RU (usr:Edwin Whittier) || Orbital Cannon Console src=[0x200ba8d];load_tray=1
[17:08:21]HREF: 17:08 Harlex5435 (usr:Nickolas Stone) || _=1592575706043
[17:08:21]HREF: 17:08 Harlex5435 (usr:Nickolas Stone) || _=1592575706044
[17:08:22]HREF: 17:08 EngineerConager (usr:Dell Conrad) || _=1592575707191
[17:08:22]HREF: 17:08 EngineerConager (usr:Dell Conrad) || _=1592575707192
[17:08:22]HREF: 17:08 CM.RU (usr:Edwin Whittier) || Orbital Cannon Console src=[0x200ba8d];chamber_tray=1
[17:08:23]HREF: 17:08 Atlasic (usr:Atlas Fasio) || _=1592575705789
[17:08:23]HREF: 17:08 Atlasic (usr:Atlas Fasio) || _=1592575705790
[17:08:27]HREF: 17:08 Harlex5435 (usr:Nickolas Stone) || /datum/nanoui src=[0x21005f4c];vend=28
[17:08:28]HREF: 17:08 Harlex5435 (usr:Nickolas Stone) || /datum/nanoui src=[0x21005f4c];vend=27
[17:08:40]HREF: 17:08 Harlex5435 (usr:Nickolas Stone) || /datum/nanoui src=[0x21005f4c];vend=26
[17:08:40]HREF: 17:08 ALex13t (usr:Reno 'Slowflake' Flake) || _=1592575721685
[17:08:40]HREF: 17:08 ALex13t (usr:Reno 'Slowflake' Flake) || _=1592575721686
[17:08:45]HREF: 17:08 ALex13t (usr:Reno 'Slowflake' Flake) || /datum/nanoui src=[0x21005f56];vend=27
[17:08:47]HREF: 17:08 Harlex5435 (usr:Nickolas Stone) || /datum/nanoui src=[0x21005f4c];vend=12
[17:08:48]HREF: 17:08 Harlex5435 (usr:Nickolas Stone) || /datum/nanoui src=[0x21005f4c];vend=11
[17:08:48]HREF: 17:08 ALex13t (usr:Reno 'Slowflake' Flake) || /datum/nanoui src=[0x21005f56];vend=28
[17:08:56]HREF: 17:08 Atlasic (usr:Atlas Fasio) || /datum/nanoui src=[0x21005f4f];vend=20
[17:08:56]HREF: 17:08 EngineerConager (usr:Dell Conrad) || /datum/nanoui src=[0x21005e96];vend=28
[17:08:59]HREF: 17:08 ZyberCpechnaz (usr:ZyberCpechnaz) || ZyberCpechnaz src=[0x3000031];lobby_choice=observe
[17:08:59]HREF: 17:08 ALex13t (usr:Reno 'Slowflake' Flake) || _=1592575741009
[17:08:59]HREF: 17:08 ALex13t (usr:Reno 'Slowflake' Flake) || _=1592575741010
[17:09:00]HREF: 17:09 ALex13t (usr:Reno 'Slowflake' Flake) || /datum/nanoui src=[0x21005e96];vend=13;cat=0
[17:09:01]HREF: 17:09 ZyberCpechnaz (usr:ZyberCpechnaz) || ZyberCpechnaz src=[0x3000031];lobby_choice=ready
[17:09:02]HREF: 17:09 ZyberCpechnaz (usr:ZyberCpechnaz) || ZyberCpechnaz src=[0x3000031];lobby_choice=late_join_xeno
[17:09:03]HREF: 17:09 Burzu (usr:Jed Bell) || _=1592575740398
[17:09:03]HREF: 17:09 Burzu (usr:Jed Bell) || _=1592575740399
[17:09:03]HREF: 17:09 ZyberCpechnaz (usr:ZyberCpechnaz) || ZyberCpechnaz src=[0x3000031];lobby_choice=late_join_xeno
[17:09:11]HREF: 17:09 Atlasic (usr:Atlas Fasio) || _=1592575754395
[17:09:11]HREF: 17:09 Atlasic (usr:Atlas Fasio) || _=1592575754396
[17:09:12]HREF: 17:09 ALex13t (usr:Reno 'Slowflake' Flake) || _=1592575753956
[17:09:12]HREF: 17:09 ALex13t (usr:Reno 'Slowflake' Flake) || _=1592575753957
[17:09:14]HREF: 17:09 Atlasic (usr:Atlas Fasio) || /datum/nanoui src=[0x21005f4c];vend=23;cat=0
[17:09:16]HREF: 17:09 ALex13t (usr:Reno 'Slowflake' Flake) || /datum/nanoui src=[0x21005e64];vend=19;cat=0
[17:09:28]HREF: 17:09 ALex13t (usr:Reno 'Slowflake' Flake) || /datum/nanoui src=[0x21005e64];vend=16;cat=0
[17:09:29]HREF: 17:09 ALex13t (usr:Reno 'Slowflake' Flake) || /datum/nanoui src=[0x21005e64];vend=15;cat=0
[17:09:29]HREF: 17:09 CM.RU (usr:Edwin Whittier) || The safe src=[0x2011202];increment=1
[17:09:29]HREF: 17:09 CM.RU (usr:Edwin Whittier) || The safe src=[0x2011202];increment=1
[17:09:29]HREF: 17:09 ALex13t (usr:Reno 'Slowflake' Flake) || /datum/nanoui src=[0x21005e64];vend=15;cat=0
[17:09:30]HREF: 17:09 CM.RU (usr:Edwin Whittier) || The safe src=[0x2011202];increment=1
[17:09:30]HREF: 17:09 CM.RU (usr:Edwin Whittier) || The safe src=[0x2011202];increment=1
[17:09:30]HREF: 17:09 CM.RU (usr:Edwin Whittier) || The safe src=[0x2011202];increment=1
[17:09:30]HREF: 17:09 CM.RU (usr:Edwin Whittier) || The safe src=[0x2011202];increment=1
[17:09:31]HREF: 17:09 CM.RU (usr:Edwin Whittier) || The safe src=[0x2011202];increment2=1
[17:09:31]HREF: 17:09 CM.RU (usr:Edwin Whittier) || The safe src=[0x2011202];increment2=1
[17:09:32]HREF: 17:09 CM.RU (usr:Edwin Whittier) || The safe src=[0x2011202];increment2=1
[17:09:32]HREF: 17:09 CM.RU (usr:Edwin Whittier) || The safe src=[0x2011202];increment2=1
[17:09:32]HREF: 17:09 CM.RU (usr:Edwin Whittier) || The safe src=[0x2011202];increment2=1
[17:09:33]HREF: 17:09 CM.RU (usr:Edwin Whittier) || The safe src=[0x2011202];open=1
[17:09:34]HREF: 17:09 CM.RU (usr:Edwin Whittier) || The safe src=[0x2011202];retrieve=[0x201121a]
[17:09:34]HREF: 17:09 Harlex5435 (usr:Nickolas Stone) || _=1592575779181
[17:09:34]HREF: 17:09 Harlex5435 (usr:Nickolas Stone) || _=1592575779182
[17:09:37]HREF: 17:09 ALex13t (usr:Reno 'Slowflake' Flake) || /datum/nanoui src=[0x21005e64];vend=16;cat=0
[17:09:38]HREF: 17:09 ALex13t (usr:Reno 'Slowflake' Flake) || /datum/nanoui src=[0x21005e64];vend=16;cat=0
[17:09:39]HREF: 17:09 ALex13t (usr:Reno 'Slowflake' Flake) || /datum/nanoui src=[0x21005e64];vend=17;cat=0
[17:09:40]HREF: 17:09 ALex13t (usr:Reno 'Slowflake' Flake) || /datum/nanoui src=[0x21005e64];vend=17;cat=0
[17:09:41]HREF: 17:09 EngineerConager (usr:Dell Conrad) || _=1592575785084
[17:09:41]HREF: 17:09 EngineerConager (usr:Dell Conrad) || _=1592575785085
[17:09:41]HREF: 17:09 ALex13t (usr:Reno 'Slowflake' Flake) || /datum/nanoui src=[0x21005e64];vend=17;cat=0
[17:09:41]HREF: 17:09 Harlex5435 (usr:Nickolas Stone) || /datum/nanoui src=[0x21005fa4];vend=25
[17:09:46]HREF: 17:09 EngineerConager (usr:Dell Conrad) || /datum/nanoui src=[0x21005e96];vend=44;cat=0
[17:09:46]HREF: 17:09 CM.RU (usr:Edwin Whittier) || The safe src=[0x2011202];retrieve=[0x201120e]
[17:09:47]HREF: 17:09 EngineerConager (usr:Dell Conrad) || /datum/nanoui src=[0x21005e96];vend=44;cat=0
[17:09:49]HREF: 17:09 CM.RU (usr:Edwin Whittier) || The safe src=[0x2011202];retrieve=[0x2011205]
[17:09:49]HREF: 17:09 EngineerConager (usr:Dell Conrad) || _=1592575794047
[17:09:49]HREF: 17:09 EngineerConager (usr:Dell Conrad) || _=1592575794048
[17:09:59]HREF: 17:09 Harlex5435 (usr:Nickolas Stone) || _=1592575803506
[17:09:59]HREF: 17:09 Harlex5435 (usr:Nickolas Stone) || _=1592575803507
[17:10:02]HREF: 17:10 Harlex5435 (usr:Nickolas Stone) || _=1592575807069
[17:10:02]HREF: 17:10 Harlex5435 (usr:Nickolas Stone) || _=1592575807070
[17:10:07]HREF: 17:10 EngineerConager (usr:Dell Conrad) || _=1592575811579
[17:10:07]HREF: 17:10 EngineerConager (usr:Dell Conrad) || _=1592575811580
[17:10:10]HREF: 17:10 EngineerConager (usr:Dell Conrad) || _=1592575814907
[17:10:10]HREF: 17:10 EngineerConager (usr:Dell Conrad) || _=1592575814908
[17:10:14]HREF: 17:10 Atlasic (usr:Atlas Fasio) || _=1592575816798
[17:10:14]HREF: 17:10 Atlasic (usr:Atlas Fasio) || _=1592575816799
[17:10:26]HREF: 17:10 Atlasic (usr:Atlas Fasio) || _=1592575829646
[17:10:26]HREF: 17:10 Atlasic (usr:Atlas Fasio) || _=1592575829647
[17:10:30]HREF: 17:10 EngineerConager (usr:Dell Conrad) || /datum/nanoui src=[0x21005f4f];vend=31;cat=0
[17:10:33]HREF: 17:10 Atlasic (usr:Atlas Fasio) || _=1592575835885
[17:10:33]HREF: 17:10 Atlasic (usr:Atlas Fasio) || _=1592575835886
[17:10:54]HREF: 17:10 Artyuom (usr:Johnny Vietnam) || _=1592575855187
[17:10:54]HREF: 17:10 Artyuom (usr:Johnny Vietnam) || _=1592575855188
[17:11:07]HREF: 17:11 EngineerConager (usr:Dell Conrad) || _=1592575871807
[17:11:07]HREF: 17:11 EngineerConager (usr:Dell Conrad) || _=1592575871808
[17:11:19]HREF: 17:11 EngineerConager (usr:Dell Conrad) || _=1592575883948
[17:11:19]HREF: 17:11 EngineerConager (usr:Dell Conrad) || _=1592575883949
[17:11:43]HREF: 17:11 Burzu (usr:Jed Bell) || _=1592575900797
[17:11:43]HREF: 17:11 Burzu (usr:Jed Bell) || _=1592575900798
[17:11:45]HREF: 17:11 Burzu (usr:Jed Bell) || /datum/nanoui src=[0x21005e95];vend=1;cat=0
[17:11:49]HREF: 17:11 EngineerConager (usr:Dell Conrad) || _=1592575914131
[17:11:49]HREF: 17:11 EngineerConager (usr:Dell Conrad) || _=1592575914132
[17:11:54]HREF: 17:11 EngineerConager (usr:Dell Conrad) || _=1592575918664
[17:11:54]HREF: 17:11 EngineerConager (usr:Dell Conrad) || _=1592575918665
[17:12:03]HREF: 17:12 ALex13t (usr:Reno 'Slowflake' Flake) || _=1592575925177
[17:12:03]HREF: 17:12 ALex13t (usr:Reno 'Slowflake' Flake) || _=1592575925178
[17:12:06]HREF: 17:12 EngineerConager (usr:Dell Conrad) || /datum/nanoui src=[0x21005e55];vend=21;cat=0
[17:12:07]HREF: 17:12 ALex13t (usr:Reno 'Slowflake' Flake) || /datum/nanoui src=[0x21005cce];vend=5;cat=0
[17:12:13]HREF: 17:12 Alot (usr:Sarah 'Phantom' Black) || Sarah 'Phantom' Black src=[0x3000064];track=[0x3000069]
[17:12:14]HREF: 17:12 Alot (usr:Sarah 'Phantom' Black) || Sarah 'Phantom' Black src=[0x3000064];track=[0x300005c]
[17:12:20]HREF: 17:12 CM.RU (usr:Edwin Whittier) || _=1592575940498
[17:12:20]HREF: 17:12 CM.RU (usr:Edwin Whittier) || _=1592575940499
[17:12:33]HREF: 17:12 CM.RU (usr:Edwin Whittier) || /datum/nanoui src=[0x21005fa6];vend=42;cat=0
[17:12:33]HREF: 17:12 CM.RU (usr:Edwin Whittier) || /datum/nanoui src=[0x21005fa6];vend=42;cat=0
[17:12:34]HREF: 17:12 CM.RU (usr:Edwin Whittier) || /datum/nanoui src=[0x21005fa6];vend=42;cat=0
[17:12:34]HREF: 17:12 CM.RU (usr:Edwin Whittier) || /datum/nanoui src=[0x21005fa6];vend=42;cat=0
[17:12:42]HREF: 17:12 EngineerConager (usr:Dell Conrad) || _=1592575966335
[17:12:42]HREF: 17:12 EngineerConager (usr:Dell Conrad) || _=1592575966336
[17:12:52]HREF: 17:12 CM.RU (usr:Edwin Whittier) || _=1592575972357
[17:12:52]HREF: 17:12 CM.RU (usr:Edwin Whittier) || _=1592575972358
[17:12:53]HREF: 17:12 EngineerConager (usr:Dell Conrad) || _=1592575978028
[17:12:53]HREF: 17:12 EngineerConager (usr:Dell Conrad) || _=1592575978029
[17:13:07]HREF: 17:13 Artyuom (usr:Johnny Vietnam) || _=1592575988540
[17:13:07]HREF: 17:13 Artyuom (usr:Johnny Vietnam) || _=1592575988541
[17:13:09]HREF: 17:13 Atlasic (usr:Atlas Fasio) || _=1592575991852
[17:13:09]HREF: 17:13 Atlasic (usr:Atlas Fasio) || _=1592575991853
[17:13:12]HREF: 17:13 Atlasic (usr:Atlas Fasio) || _=1592575995058
[17:13:12]HREF: 17:13 Atlasic (usr:Atlas Fasio) || _=1592575995059
[17:13:13]HREF: 17:13 Sladk0ewka (usr:Sladk0ewka) || Sladk0ewka src=[0x300006c];lobby_choice=late_join
[17:13:17]HREF: 17:13 Chaburek (usr:Chaburek) || Chaburek src=[0x3000037];lobby_choice=ready
[17:13:17]HREF: 17:13 Chaburek (usr:Chaburek) || Chaburek src=[0x3000037];lobby_choice=manifest
[17:13:18]HREF: 17:13 Atlasic (usr:Atlas Fasio) || /datum/nanoui src=[0x21005faf];vend=15;cat=0
[17:13:25]HREF: 17:13 Chaburek (usr:Chaburek) || Chaburek src=[0x3000037];lobby_choice=late_join
[17:13:40]HREF: 17:13 Chaburek (usr:Chaburek) || Chaburek src=[0x3000037];lobby_choice=manifest
[17:13:43]HREF: 17:13 Sladk0ewka (usr:Sladk0ewka) || Sladk0ewka src=[0x300006c];lobby_choice=SelectedJob;job_selected=Squad%20Marine
[17:13:48]HREF: 17:13 Chaburek (usr:Chaburek) || Chaburek src=[0x3000037];lobby_choice=manifest
[17:13:53]HREF: 17:13 Chaburek (usr:Chaburek) || Chaburek src=[0x3000037];lobby_choice=SelectedJob;job_selected=Squad%20Engineer
[17:13:53]HREF: 17:13 EngineerConager (usr:Dell Conrad) || _=1592576037710
[17:13:53]HREF: 17:13 EngineerConager (usr:Dell Conrad) || _=1592576037711
[17:14:07]HREF: 17:14 Chaburek (usr:Haidee Baxter) || _=1592576050764
[17:14:07]HREF: 17:14 Chaburek (usr:Haidee Baxter) || _=1592576050765
[17:14:08]HREF: 17:14 Sladk0ewka (usr:Evan Tomato) || _=1592576053711
[17:14:08]HREF: 17:14 Sladk0ewka (usr:Evan Tomato) || _=1592576053712
[17:14:16]HREF: 17:14 Burzu (usr:Jed Bell) || _=1592576053047
[17:14:16]HREF: 17:14 Burzu (usr:Jed Bell) || _=1592576053048
[17:14:21]HREF: 17:14 Burzu (usr:Jed Bell) || /datum/nanoui src=[0x21005e51];vend=11;cat=0
[17:14:24]HREF: 17:14 Chaburek (usr:Haidee Baxter) || _=1592576067880
[17:14:24]HREF: 17:14 Chaburek (usr:Haidee Baxter) || _=1592576067881
[17:14:27]HREF: 17:14 Chaburek (usr:Haidee Baxter) || /datum/nanoui src=[0x21005e50];vend=7;cat=0
[17:14:29]HREF: 17:14 Chaburek (usr:Haidee Baxter) || /datum/nanoui src=[0x21005e50];vend=6;cat=0
[17:14:29]HREF: 17:14 EngineerConager (usr:Dell Conrad) || _=1592576074109
[17:14:29]HREF: 17:14 EngineerConager (usr:Dell Conrad) || _=1592576074110
[17:14:32]HREF: 17:14 Burzu (usr:Jed Bell) || _=1592576069841
[17:14:33]HREF: 17:14 Burzu (usr:Jed Bell) || _=1592576069842
[17:14:35]HREF: 17:14 Sladk0ewka (usr:Evan Tomato) || _=1592576080241
[17:14:35]HREF: 17:14 Sladk0ewka (usr:Evan Tomato) || _=1592576080242
[17:14:37]HREF: 17:14 Sladk0ewka (usr:Evan Tomato) || /datum/nanoui src=[0x21005e48];vend=8;cat=0
[17:14:42]HREF: 17:14 EngineerConager (usr:Dell Conrad) || _=1592576086312
[17:14:42]HREF: 17:14 EngineerConager (usr:Dell Conrad) || _=1592576086313
[17:14:45]HREF: 17:14 CM.RU (usr:Edwin Whittier) || _=1592576085507
[17:14:45]HREF: 17:14 CM.RU (usr:Edwin Whittier) || _=1592576085508
[17:14:51]HREF: 17:14 Sladk0ewka (usr:Evan Tomato) || _=1592576096790
[17:14:52]HREF: 17:14 Sladk0ewka (usr:Evan Tomato) || _=1592576096791
[17:14:53]HREF: 17:14 Sladk0ewka (usr:Evan Tomato) || /datum/nanoui src=[0x21005ff8];vend=6;cat=0
[17:14:55]HREF: 17:14 Burzu (usr:Jed Bell) || /datum/nanoui src=[0x21005ff6];vend=14;cat=0
[17:15:07]HREF: 17:15 Harlex5435 (usr:Nickolas Stone) || _=1592576111609
[17:15:07]HREF: 17:15 Harlex5435 (usr:Nickolas Stone) || _=1592576111610
[17:15:09]HREF: 17:15 Harlex5435 (usr:Nickolas Stone) || /datum/nanoui src=[0x21005fff];vend=26;cat=0
[17:15:13]HREF: 17:15 Sladk0ewka (usr:Evan Tomato) || _=1592576118184
[17:15:13]HREF: 17:15 Sladk0ewka (usr:Evan Tomato) || _=1592576118185
[17:15:13]HREF: 17:15 Harlex5435 (usr:Nickolas Stone) || /datum/nanoui src=[0x21005fff];vend=23;cat=0
[17:15:14]HREF: 17:15 Harlex5435 (usr:Nickolas Stone) || /datum/nanoui src=[0x21005fff];vend=23;cat=0
[17:15:16]HREF: 17:15 Burzu (usr:Jed Bell) || /datum/nanoui src=[0x21005ff6];vend=4;cat=0
[17:15:24]HREF: 17:15 Burzu (usr:Jed Bell) || /datum/nanoui src=[0x21005ff6];vend=14;cat=0
[17:15:24]HREF: 17:15 Burzu (usr:Jed Bell) || /datum/nanoui src=[0x21005ff6];vend=14;cat=0
[17:15:25]HREF: 17:15 Burzu (usr:Jed Bell) || /datum/nanoui src=[0x21005ff6];vend=14;cat=0
[17:15:25]HREF: 17:15 Burzu (usr:Jed Bell) || /datum/nanoui src=[0x21005ff6];vend=14;cat=0
[17:15:25]HREF: 17:15 Burzu (usr:Jed Bell) || /datum/nanoui src=[0x21005ff6];vend=14;cat=0
[17:15:26]HREF: 17:15 Burzu (usr:Jed Bell) || /datum/nanoui src=[0x21005ff6];vend=14;cat=0
[17:15:26]HREF: 17:15 Burzu (usr:Jed Bell) || /datum/nanoui src=[0x21005ff6];vend=14;cat=0
[17:15:27]HREF: 17:15 Burzu (usr:Jed Bell) || /datum/nanoui src=[0x21005ff6];vend=14;cat=0
[17:15:27]HREF: 17:15 Burzu (usr:Jed Bell) || /datum/nanoui src=[0x21005ff6];vend=14;cat=0
[17:15:27]HREF: 17:15 Burzu (usr:Jed Bell) || /datum/nanoui src=[0x21005ff6];vend=14;cat=0
[17:15:28]HREF: 17:15 Burzu (usr:Jed Bell) || /datum/nanoui src=[0x21005ff6];vend=14;cat=0
[17:15:28]HREF: 17:15 Burzu (usr:Jed Bell) || /datum/nanoui src=[0x21005ff6];vend=14;cat=0
[17:15:29]HREF: 17:15 Burzu (usr:Jed Bell) || /datum/nanoui src=[0x21005ff6];vend=14;cat=0
[17:15:29]HREF: 17:15 Burzu (usr:Jed Bell) || /datum/nanoui src=[0x21005ff6];vend=14;cat=0
[17:15:30]HREF: 17:15 Burzu (usr:Jed Bell) || /datum/nanoui src=[0x21005ff6];vend=14;cat=0
[17:15:30]HREF: 17:15 Burzu (usr:Jed Bell) || /datum/nanoui src=[0x21005ff6];vend=14;cat=0
[17:15:30]HREF: 17:15 CM.RU (usr:Edwin Whittier) || _=1592576130746
[17:15:30]HREF: 17:15 CM.RU (usr:Edwin Whittier) || _=1592576130747
[17:15:31]HREF: 17:15 Burzu (usr:Jed Bell) || /datum/nanoui src=[0x21005ff6];vend=14;cat=0
[17:15:31]HREF: 17:15 Burzu (usr:Jed Bell) || /datum/nanoui src=[0x21005ff6];vend=14;cat=0
[17:15:31]HREF: 17:15 Burzu (usr:Jed Bell) || /datum/nanoui src=[0x21005ff6];vend=14;cat=0
[17:15:32]HREF: 17:15 Burzu (usr:Jed Bell) || /datum/nanoui src=[0x21005ff6];vend=14;cat=0
[17:15:32]HREF: 17:15 Burzu (usr:Jed Bell) || /datum/nanoui src=[0x21005ff6];vend=14;cat=0
[17:15:33]HREF: 17:15 Burzu (usr:Jed Bell) || /datum/nanoui src=[0x21005ff6];vend=14;cat=0
[17:15:33]HREF: 17:15 Burzu (usr:Jed Bell) || /datum/nanoui src=[0x21005ff6];vend=14;cat=0
[17:15:33]HREF: 17:15 CM.RU (usr:Edwin Whittier) || /datum/nanoui src=[0x21005fb3];vend=5;cat=0
[17:15:34]HREF: 17:15 Burzu (usr:Jed Bell) || /datum/nanoui src=[0x21005ff6];vend=14;cat=0
[17:15:34]HREF: 17:15 Burzu (usr:Jed Bell) || /datum/nanoui src=[0x21005ff6];vend=15;cat=0
[17:15:35]HREF: 17:15 Burzu (usr:Jed Bell) || /datum/nanoui src=[0x21005ff6];vend=15;cat=0
[17:15:36]HREF: 17:15 CM.RU (usr:Edwin Whittier) || /datum/nanoui src=[0x21005fb3];vend=11;cat=0
[17:15:36]HREF: 17:15 CM.RU (usr:Edwin Whittier) || /datum/nanoui src=[0x21005fb3];vend=11;cat=0
[17:15:38]HREF: 17:15 Burzu (usr:Jed Bell) || /datum/nanoui src=[0x21005ff6];vend=4;cat=0
[17:15:39]HREF: 17:15 Burzu (usr:Jed Bell) || /datum/nanoui src=[0x21005ff6];vend=4;cat=0
[17:15:39]HREF: 17:15 EngineerConager (usr:Dell Conrad) || _=1592576143700
[17:15:39]HREF: 17:15 EngineerConager (usr:Dell Conrad) || _=1592576143701
[17:15:40]HREF: 17:15 Burzu (usr:Jed Bell) || /datum/nanoui src=[0x21005ff6];vend=4;cat=0
[17:15:42]HREF: 17:15 Sladk0ewka (usr:Evan Tomato) || _=1592576147911
[17:15:42]HREF: 17:15 Sladk0ewka (usr:Evan Tomato) || _=1592576147912
[17:15:46]HREF: 17:15 CM.RU (usr:Edwin Whittier) || /datum/nanoui src=[0x21005fb3];vend=22;cat=0
[17:15:46]HREF: 17:15 EngineerConager (usr:Dell Conrad) || _=1592576150967
[17:15:46]HREF: 17:15 EngineerConager (usr:Dell Conrad) || _=1592576150968
[17:15:48]HREF: 17:15 Sladk0ewka (usr:Evan Tomato) || _=1592576153998
[17:15:48]HREF: 17:15 Sladk0ewka (usr:Evan Tomato) || _=1592576153999
[17:15:50]HREF: 17:15 Sladk0ewka (usr:Evan Tomato) || /datum/nanoui src=[0x21006000];vend=2
[17:16:01]HREF: 17:16 Sladk0ewka (usr:Evan Tomato) || /datum/nanoui src=[0x21006000];vend=3
[17:16:05]HREF: 17:16 Burzu (usr:Jed Bell) || _=1592576162322
[17:16:05]HREF: 17:16 Burzu (usr:Jed Bell) || _=1592576162323
[17:16:08]HREF: 17:16 Sladk0ewka (usr:Evan Tomato) || /datum/nanoui src=[0x21006000];vend=4
[17:16:08]HREF: 17:16 EngineerConager (usr:Dell Conrad) || _=1592576172358
[17:16:08]HREF: 17:16 EngineerConager (usr:Dell Conrad) || _=1592576172359
[17:16:11]HREF: 17:16 Sladk0ewka (usr:Evan Tomato) || /datum/nanoui src=[0x21006000];vend=5
[17:16:12]HREF: 17:16 Sladk0ewka (usr:Evan Tomato) || /datum/nanoui src=[0x21006000];vend=6
[17:16:15]HREF: 17:16 EngineerConager (usr:Dell Conrad) || _=1592576179474
[17:16:15]HREF: 17:16 EngineerConager (usr:Dell Conrad) || _=1592576179475
[17:16:22]HREF: 17:16 Sladk0ewka (usr:Evan Tomato) || /datum/nanoui src=[0x21006000];vend=9
[17:16:23]HREF: 17:16 EngineerConager (usr:Dell Conrad) || /datum/nanoui src=[0x21005ffd];vend=6;cat=0
[17:16:24]HREF: 17:16 EngineerConager (usr:Dell Conrad) || /datum/nanoui src=[0x21005ffd];vend=6;cat=0
[17:16:25]HREF: 17:16 EngineerConager (usr:Dell Conrad) || /datum/nanoui src=[0x21005ffd];vend=6;cat=0
[17:16:27]HREF: 17:16 Chaburek (usr:Haidee Baxter) || _=1592576190538
[17:16:27]HREF: 17:16 Chaburek (usr:Haidee Baxter) || _=1592576190539
[17:16:31]HREF: 17:16 Chaburek (usr:Haidee Baxter) || /datum/nanoui src=[0x21005fff];vend=2
[17:16:32]HREF: 17:16 Chaburek (usr:Haidee Baxter) || /datum/nanoui src=[0x21005fff];vend=3
[17:16:32]HREF: 17:16 Chaburek (usr:Haidee Baxter) || /datum/nanoui src=[0x21005fff];vend=4
[17:16:33]HREF: 17:16 Chaburek (usr:Haidee Baxter) || /datum/nanoui src=[0x21005fff];vend=5
[17:16:34]HREF: 17:16 EngineerConager (usr:Dell Conrad) || /datum/nanoui src=[0x21005ffd];vend=6;cat=0
[17:16:35]HREF: 17:16 Chaburek (usr:Haidee Baxter) || /datum/nanoui src=[0x21005fff];vend=6
[17:16:35]HREF: 17:16 Chaburek (usr:Haidee Baxter) || /datum/nanoui src=[0x21005fff];vend=7
[17:16:37]HREF: 17:16 Sladk0ewka (usr:Evan Tomato) || /datum/nanoui src=[0x21006000];vend=13
[17:16:42]HREF: 17:16 CM.RU (usr:Edwin Whittier) || /datum/nanoui src=[0x21005fb3];vend=13;cat=0
[17:16:53]HREF: 17:16 Chaburek (usr:Haidee Baxter) || /datum/nanoui src=[0x21005fff];vend=9
[17:16:53]HREF: 17:16 Sladk0ewka (usr:Evan Tomato) || _=1592576218852
[17:16:53]HREF: 17:16 Sladk0ewka (usr:Evan Tomato) || _=1592576218853
[17:16:54]HREF: 17:16 CM.RU (usr:Edwin Whittier) || _=1592576214799
[17:16:54]HREF: 17:16 CM.RU (usr:Edwin Whittier) || _=1592576214800
[17:16:55]HREF: 17:16 ALex13t (usr:Reno 'Slowflake' Flake) || _=1592576217034
[17:16:55]HREF: 17:16 ALex13t (usr:Reno 'Slowflake' Flake) || _=1592576217035
[17:16:56]HREF: 17:16 CM.RU (usr:Edwin Whittier) || /datum/nanoui src=[0x21005ffd];vend=10;cat=0
[17:16:57]HREF: 17:16 EngineerConager (usr:Dell Conrad) || _=1592576222165
[17:16:57]HREF: 17:16 EngineerConager (usr:Dell Conrad) || _=1592576222166
[17:16:58]HREF: 17:16 Sladk0ewka (usr:Evan Tomato) || /datum/nanoui src=[0x21005fb3];vend=17
[17:16:59]HREF: 17:16 ALex13t (usr:Reno 'Slowflake' Flake) || /datum/nanoui src=[0x21006002];vend=4;cat=0
[17:17:03]HREF: 17:17 Chaburek (usr:Haidee Baxter) || /datum/nanoui src=[0x21005fff];vend=17
[17:17:03]HREF: 17:17 CM.RU (usr:Edwin Whittier) || _=1592576223605
[17:17:03]HREF: 17:17 CM.RU (usr:Edwin Whittier) || _=1592576223606
[17:17:11]HREF: 17:17 Chaburek (usr:Haidee Baxter) || /datum/nanoui src=[0x21005fff];vend=19
[17:17:13]HREF: 17:17 Sladk0ewka (usr:Evan Tomato) || /datum/nanoui src=[0x21005fb3];vend=19
[17:17:16]HREF: 17:17 Chaburek (usr:Haidee Baxter) || /datum/nanoui src=[0x21005fff];vend=22
[17:17:17]HREF: 17:17 Sladk0ewka (usr:Evan Tomato) || /datum/nanoui src=[0x21005fb3];vend=25
[17:17:19]HREF: 17:17 Chaburek (usr:Haidee Baxter) || /datum/nanoui src=[0x21005fff];vend=25
[17:17:20]HREF: 17:17 Chaburek (usr:Haidee Baxter) || /datum/nanoui src=[0x21005fff];vend=24
[17:17:21]HREF: 17:17 Sladk0ewka (usr:Evan Tomato) || /datum/nanoui src=[0x21005fb3];vend=28
[17:17:23]HREF: 17:17 EngineerConager (usr:Dell Conrad) || _=1592576247397
[17:17:23]HREF: 17:17 EngineerConager (usr:Dell Conrad) || _=1592576247398
[17:17:26]HREF: 17:17 Chaburek (usr:Haidee Baxter) || _=1592576249740
[17:17:26]HREF: 17:17 Chaburek (usr:Haidee Baxter) || _=1592576249741
[17:17:27]HREF: 17:17 Chaburek (usr:Haidee Baxter) || /datum/nanoui src=[0x21005fff];vend=2
[17:17:39]HREF: 17:17 Sladk0ewka (usr:Evan Tomato) || /datum/nanoui src=[0x21005fb3];vend=40
[17:17:52]HREF: 17:17 EngineerConager (usr:Dell Conrad) || _=1592576277240
[17:17:52]HREF: 17:17 EngineerConager (usr:Dell Conrad) || _=1592576277241
[17:17:57]HREF: 17:17 CM.RU (usr:Edwin Whittier) || _=1592576276987
[17:17:57]HREF: 17:17 CM.RU (usr:Edwin Whittier) || _=1592576276988
[17:17:57]HREF: 17:17 CM.RU (usr:Edwin Whittier) || /datum/nanoui src=[0x21006004];vend=1;cat=0
[17:17:57]HREF: 17:17 CM.RU (usr:Edwin Whittier) || /datum/nanoui src=[0x21006004];vend=1;cat=0
[17:17:58]HREF: 17:17 EngineerConager (usr:Dell Conrad) || /datum/nanoui src=[0x21005ecb];vend=23;cat=0
[17:18:02]HREF: 17:18 CM.RU (usr:Edwin Whittier) || /datum/nanoui src=[0x21006004];vend=4;cat=2
[17:18:05]HREF: 17:18 CM.RU (usr:Edwin Whittier) || /datum/nanoui src=[0x21006004];vend=3;cat=2
[17:18:08]HREF: 17:18 EngineerConager (usr:Dell Conrad) || /datum/nanoui src=[0x21005ecb];vend=11;cat=0
[17:18:10]HREF: 17:18 Harlex5435 (usr:Nickolas Stone) || _=1592576294982
[17:18:10]HREF: 17:18 Harlex5435 (usr:Nickolas Stone) || _=1592576294983
[17:18:16]HREF: 17:18 Chaburek (usr:Haidee Baxter) || /datum/nanoui src=[0x21005fff];vend=4
[17:18:17]HREF: 17:18 Chaburek (usr:Haidee Baxter) || /datum/nanoui src=[0x21005fff];vend=4
[17:18:18]HREF: 17:18 Chaburek (usr:Haidee Baxter) || /datum/nanoui src=[0x21005fff];vend=4
[17:18:19]HREF: 17:18 Chaburek (usr:Haidee Baxter) || /datum/nanoui src=[0x21005fff];vend=4
[17:18:21]HREF: 17:18 EngineerConager (usr:Dell Conrad) || /datum/nanoui src=[0x21005ecb];vend=23;cat=0
[17:18:31]HREF: 17:18 Chaburek (usr:Haidee Baxter) || /datum/nanoui src=[0x21005fff];vend=5
[17:18:31]HREF: 17:18 Chaburek (usr:Haidee Baxter) || /datum/nanoui src=[0x21005fff];vend=5
[17:18:32]HREF: 17:18 Chaburek (usr:Haidee Baxter) || /datum/nanoui src=[0x21005fff];vend=5
[17:18:35]HREF: 17:18 EngineerConager (usr:Dell Conrad) || /datum/nanoui src=[0x21005ecb];vend=5;cat=0
[17:18:48]HREF: 17:18 Chaburek (usr:Haidee Baxter) || /datum/nanoui src=[0x21005fff];vend=24
[17:18:59]HREF: 17:18 Chaburek (usr:Haidee Baxter) || /datum/nanoui src=[0x21005fff];vend=10
[17:18:59]HREF: 17:18 Chaburek (usr:Haidee Baxter) || /datum/nanoui src=[0x21005fff];vend=10
[17:19:05]HREF: 17:19 CM.RU (usr:Edwin Whittier) || _=1592576345391
[17:19:05]HREF: 17:19 CM.RU (usr:Edwin Whittier) || _=1592576345392
[17:19:06]HREF: 17:19 CM.RU (usr:Edwin Whittier) || /datum/nanoui src=[0x21005ecb];vend=1;cat=0
[17:19:08]HREF: 17:19 Chaburek (usr:Haidee Baxter) || /datum/nanoui src=[0x21005fff];vend=10
[17:19:08]HREF: 17:19 Chaburek (usr:Haidee Baxter) || /datum/nanoui src=[0x21005fff];vend=10
[17:19:09]HREF: 17:19 CM.RU (usr:Edwin Whittier) || /datum/nanoui src=[0x21005ecb];vend=1;cat=0
[17:19:11]HREF: 17:19 CM.RU (usr:Edwin Whittier) || /datum/nanoui src=[0x21005ecb];vend=4;cat=2
[17:19:18]HREF: 17:19 CM.RU (usr:Edwin Whittier) || /datum/nanoui src=[0x21005ecb];vend=3;cat=2
[17:19:19]HREF: 17:19 EngineerConager (usr:Dell Conrad) || _=1592576363888
[17:19:19]HREF: 17:19 EngineerConager (usr:Dell Conrad) || _=1592576363889
[17:19:28]HREF: 17:19 Chaburek (usr:Haidee Baxter) || _=1592576371373
[17:19:28]HREF: 17:19 Chaburek (usr:Haidee Baxter) || _=1592576371374
[17:19:33]HREF: 17:19 EngineerConager (usr:Dell Conrad) || _=1592576377964
[17:19:33]HREF: 17:19 EngineerConager (usr:Dell Conrad) || _=1592576377965
[17:19:37]HREF: 17:19 Chaburek (usr:Haidee Baxter) || _=1592576380254
[17:19:37]HREF: 17:19 Chaburek (usr:Haidee Baxter) || _=1592576380255
[17:19:39]HREF: 17:19 Chaburek (usr:Haidee Baxter) || /datum/nanoui src=[0x21005fff];vend=19;cat=0
[17:19:42]HREF: 17:19 EngineerConager (usr:Dell Conrad) || /datum/nanoui src=[0x21005ecb];vend=41;cat=0
[17:19:48]HREF: 17:19 Chaburek (usr:Haidee Baxter) || /datum/nanoui src=[0x21005fff];vend=4;cat=0
[17:19:58]HREF: 17:19 Chaburek (usr:Haidee Baxter) || /datum/nanoui src=[0x21005fff];vend=5;cat=0
[17:20:16]HREF: 17:20 EngineerConager (usr:Dell Conrad) || _=1592576420594
[17:20:16]HREF: 17:20 EngineerConager (usr:Dell Conrad) || _=1592576420595
[17:20:18]HREF: 17:20 Sladk0ewka (usr:Evan Tomato) || _=1592576423392
[17:20:18]HREF: 17:20 Sladk0ewka (usr:Evan Tomato) || _=1592576423393
[17:20:23]HREF: 17:20 Chaburek (usr:Haidee Baxter) || /datum/nanoui src=[0x21005fff];vend=22;cat=0
[17:20:25]HREF: 17:20 Chaburek (usr:Haidee Baxter) || /datum/nanoui src=[0x21005fff];vend=23;cat=0
[17:20:27]HREF: 17:20 Sladk0ewka (usr:Evan Tomato) || _=1592576432310
[17:20:27]HREF: 17:20 Sladk0ewka (usr:Evan Tomato) || _=1592576432311
[17:20:27]HREF: 17:20 EngineerConager (usr:Dell Conrad) || /datum/nanoui src=[0x21005ecb];vend=48;cat=0
[17:20:28]HREF: 17:20 EngineerConager (usr:Dell Conrad) || /datum/nanoui src=[0x21005ecb];vend=48;cat=0
[17:20:30]HREF: 17:20 Sladk0ewka (usr:Evan Tomato) || /datum/nanoui src=[0x2100600f];vend=5;cat=0
[17:20:34]HREF: 17:20 Sladk0ewka (usr:Evan Tomato) || /datum/nanoui src=[0x2100600f];vend=23;cat=0
[17:20:35]HREF: 17:20 Sladk0ewka (usr:Evan Tomato) || /datum/nanoui src=[0x2100600f];vend=22;cat=0
[17:20:41]HREF: 17:20 Chaburek (usr:Haidee Baxter) || /datum/nanoui src=[0x21005fff];vend=18;cat=0
[17:20:46]HREF: 17:20 Chaburek (usr:Haidee Baxter) || /datum/nanoui src=[0x21005fff];vend=18;cat=0
[17:20:55]HREF: 17:20 Chaburek (usr:Haidee Baxter) || /datum/nanoui src=[0x21005fff];vend=18;cat=0
[17:21:03]HREF: 17:21 Sladk0ewka (usr:Evan Tomato) || /datum/nanoui src=[0x2100600f];vend=14;cat=0
[17:21:05]HREF: 17:21 Sladk0ewka (usr:Evan Tomato) || /datum/nanoui src=[0x2100600f];vend=15;cat=0
[17:21:21]HREF: 17:21 Chaburek (usr:Haidee Baxter) || /datum/nanoui src=[0x21005fff];vend=18;cat=0
[17:21:31]HREF: 17:21 EngineerConager (usr:Dell Conrad) || /datum/nanoui src=[0x21005ecb];vend=44;cat=0
[17:21:39]HREF: 17:21 Sladk0ewka (usr:Evan Tomato) || /datum/nanoui src=[0x2100600f];vend=20;cat=0
[17:21:47]HREF: 17:21 Sladk0ewka (usr:Evan Tomato) || /datum/nanoui src=[0x2100600f];vend=16;cat=0
[17:21:47]HREF: 17:21 Sladk0ewka (usr:Evan Tomato) || /datum/nanoui src=[0x2100600f];vend=18;cat=0
[17:21:57]HREF: 17:21 EngineerConager (usr:Dell Conrad) || _=1592576521951
[17:21:57]HREF: 17:21 EngineerConager (usr:Dell Conrad) || _=1592576521952
[17:22:11]HREF: 17:22 EngineerConager (usr:Dell Conrad) || /datum/nanoui src=[0x21005ecb];vend=52;cat=0
[17:22:12]HREF: 17:22 EngineerConager (usr:Dell Conrad) || /datum/nanoui src=[0x21005ecb];vend=52;cat=0
[17:22:15]HREF: 17:22 ALex13t (usr:Reno 'Slowflake' Flake) || _=1592576536619
[17:22:15]HREF: 17:22 ALex13t (usr:Reno 'Slowflake' Flake) || _=1592576536620
[17:22:44]HREF: 17:22 Sladk0ewka (usr:Evan Tomato) || /datum/nanoui src=[0x2100600f];vend=4;cat=0
[17:22:44]HREF: 17:22 EngineerConager (usr:Dell Conrad) || _=1592576569141
[17:22:44]HREF: 17:22 EngineerConager (usr:Dell Conrad) || _=1592576569142
[17:22:49]HREF: 17:22 Sladk0ewka (usr:Evan Tomato) || /datum/nanoui src=[0x2100600f];vend=14;cat=0
[17:22:50]HREF: 17:22 EngineerConager (usr:Dell Conrad) || /datum/nanoui src=[0x2100601e];vend=44;cat=0
[17:22:57]HREF: 17:22 Sladk0ewka (usr:Evan Tomato) || /datum/nanoui src=[0x2100600f];vend=15;cat=0
[17:23:04]HREF: 17:23 Sladk0ewka (usr:Evan Tomato) || /datum/nanoui src=[0x2100600f];vend=14;cat=0
[17:23:13]HREF: 17:23 EngineerConager (usr:Dell Conrad) || _=1592576598117
[17:23:13]HREF: 17:23 EngineerConager (usr:Dell Conrad) || _=1592576598118
[17:23:26]HREF: 17:23 Sladk0ewka (usr:Evan Tomato) || _=1592576611531
[17:23:26]HREF: 17:23 Sladk0ewka (usr:Evan Tomato) || _=1592576611532
[17:23:35]HREF: 17:23 Sladk0ewka (usr:Evan Tomato) || /datum/nanoui src=[0x2100601e];vend=14;cat=0
[17:23:36]HREF: 17:23 Sladk0ewka (usr:Evan Tomato) || /datum/nanoui src=[0x2100601e];vend=14;cat=0
[17:23:37]HREF: 17:23 Sladk0ewka (usr:Evan Tomato) || /datum/nanoui src=[0x2100601e];vend=14;cat=0
[17:23:37]HREF: 17:23 Sladk0ewka (usr:Evan Tomato) || /datum/nanoui src=[0x2100601e];vend=14;cat=0
[17:23:52]HREF: 17:23 Chaburek (usr:Haidee Baxter) || _=1592576635800
[17:23:52]HREF: 17:23 Chaburek (usr:Haidee Baxter) || _=1592576635801
[17:23:53]HREF: 17:23 Chaburek (usr:Haidee Baxter) || /datum/nanoui src=[0x21005b09];vend=1;cat=0
[17:23:54]HREF: 17:23 Chaburek (usr:Haidee Baxter) || /datum/nanoui src=[0x21005b09];vend=1;cat=0
[17:23:58]HREF: 17:23 Sladk0ewka (usr:Evan Tomato) || /datum/nanoui src=[0x2100601e];vend=14;cat=0
[17:23:58]HREF: 17:23 Chaburek (usr:Haidee Baxter) || /datum/nanoui src=[0x21005b09];vend=3;cat=2
[17:24:02]HREF: 17:24 Sladk0ewka (usr:Evan Tomato) || /datum/nanoui src=[0x2100601e];vend=23;cat=0
[17:24:02]HREF: 17:24 Sladk0ewka (usr:Evan Tomato) || /datum/nanoui src=[0x2100601e];vend=22;cat=0
[17:24:10]HREF: 17:24 EngineerConager (usr:Dell Conrad) || /datum/nanoui src=[0x2100600f];vend=13;cat=0
[17:24:12]HREF: 17:24 Atlasic (usr:Atlas Fasio) || _=1592576655270
[17:24:12]HREF: 17:24 Atlasic (usr:Atlas Fasio) || _=1592576655271
[17:24:18]HREF: 17:24 Chaburek (usr:Haidee Baxter) || /datum/nanoui src=[0x21005b09];vend=4;cat=2
[17:24:23]HREF: 17:24 ALex13t (usr:Reno 'Slowflake' Flake) || _=1592576664365
[17:24:23]HREF: 17:24 ALex13t (usr:Reno 'Slowflake' Flake) || _=1592576664366
[17:24:27]HREF: 17:24 EngineerConager (usr:Dell Conrad) || _=1592576670869
[17:24:27]HREF: 17:24 EngineerConager (usr:Dell Conrad) || _=1592576670870
[17:24:28]HREF: 17:24 EngineerConager (usr:Dell Conrad) || /datum/nanoui src=[0x2100602b];vend=9;cat=0
[17:24:29]HREF: 17:24 ALex13t (usr:Reno 'Slowflake' Flake) || /datum/nanoui src=[0x21005b09];vend=16;cat=0
[17:24:29]HREF: 17:24 Sladk0ewka (usr:Evan Tomato) || /datum/nanoui src=[0x2100601e];vend=19;cat=0
[17:24:31]HREF: 17:24 CM.RU (usr:Edwin Whittier) || _=1592576671241
[17:24:31]HREF: 17:24 CM.RU (usr:Edwin Whittier) || _=1592576671242
[17:24:35]HREF: 17:24 ALex13t (usr:Reno 'Slowflake' Flake) || /datum/nanoui src=[0x21005b09];vend=16;cat=0
[17:24:36]HREF: 17:24 ALex13t (usr:Reno 'Slowflake' Flake) || /datum/nanoui src=[0x21005b09];vend=16;cat=0
[17:24:36]HREF: 17:24 ALex13t (usr:Reno 'Slowflake' Flake) || /datum/nanoui src=[0x21005b09];vend=16;cat=0
[17:24:37]HREF: 17:24 ALex13t (usr:Reno 'Slowflake' Flake) || /datum/nanoui src=[0x21005b09];vend=16;cat=0
[17:24:40]HREF: 17:24 CM.RU (usr:Edwin Whittier) || /datum/nanoui src=[0x2100600f];vend=26;cat=0
[17:24:41]HREF: 17:24 EngineerConager (usr:Dell Conrad) || _=1592576685616
[17:24:41]HREF: 17:24 EngineerConager (usr:Dell Conrad) || _=1592576685617
[17:24:45]HREF: 17:24 CM.RU (usr:Edwin Whittier) || _=1592576685555
[17:24:45]HREF: 17:24 CM.RU (usr:Edwin Whittier) || _=1592576685556
[17:24:46]HREF: 17:24 EngineerConager (usr:Dell Conrad) || /datum/nanoui src=[0x21005b09];vend=13;cat=0
[17:24:47]HREF: 17:24 CM.RU (usr:Edwin Whittier) || /datum/nanoui src=[0x2100601e];vend=44;cat=0
[17:24:47]HREF: 17:24 CM.RU (usr:Edwin Whittier) || /datum/nanoui src=[0x2100601e];vend=44;cat=0
[17:24:56]HREF: 17:24 CM.RU (usr:Edwin Whittier) || /datum/nanoui src=[0x2100600f];vend=13;cat=0
[17:24:57]HREF: 17:24 Harlex5435 (usr:Nickolas Stone) || _=1592576701325
[17:24:57]HREF: 17:24 Harlex5435 (usr:Nickolas Stone) || _=1592576701326
[17:24:58]HREF: 17:24 Harlex5435 (usr:Nickolas Stone) || /datum/nanoui src=[0x21001cd9];vend=20;cat=0
[17:24:59]HREF: 17:24 Harlex5435 (usr:Nickolas Stone) || /datum/nanoui src=[0x21001cd9];vend=19;cat=0
[17:25:04]HREF: 17:25 EngineerConager (usr:Dell Conrad) || /datum/nanoui src=[0x21005b09];vend=10;cat=0
[17:25:19]HREF: 17:25 EngineerConager (usr:Dell Conrad) || /datum/nanoui src=[0x21005b09];vend=5;cat=0
[17:25:44]HREF: 17:25 EngineerConager (usr:Dell Conrad) || _=1592576748470
[17:25:44]HREF: 17:25 EngineerConager (usr:Dell Conrad) || _=1592576748471
[17:25:57]HREF: 17:25 Atlasic (usr:Atlas Fasio) || _=1592576760218
[17:25:57]HREF: 17:25 Atlasic (usr:Atlas Fasio) || _=1592576760219
[17:25:57]HREF: 17:25 EngineerConager (usr:Dell Conrad) || _=1592576762060
[17:25:57]HREF: 17:25 EngineerConager (usr:Dell Conrad) || _=1592576762061
[17:25:59]HREF: 17:25 EngineerConager (usr:Dell Conrad) || _=1592576763571
[17:25:59]HREF: 17:25 EngineerConager (usr:Dell Conrad) || _=1592576763572
[17:26:02]HREF: 17:26 Atlasic (usr:Atlas Fasio) || /datum/nanoui src=[0x21006036];choice=scan
[17:26:04]HREF: 17:26 Atlasic (usr:Atlas Fasio) || /datum/nanoui src=[0x21006036];choice=modify
[17:26:06]HREF: 17:26 Atlasic (usr:Atlas Fasio) || _=1592576768776
[17:26:06]HREF: 17:26 Atlasic (usr:Atlas Fasio) || _=1592576768777
[17:26:07]HREF: 17:26 Atlasic (usr:Atlas Fasio) || /datum/nanoui src=[0x21006036];choice=modify
[17:26:11]HREF: 17:26 Harlex5435 (usr:Nickolas Stone) || _=1592576775336
[17:26:11]HREF: 17:26 Harlex5435 (usr:Nickolas Stone) || _=1592576775337
[17:26:11]HREF: 17:26 Sladk0ewka (usr:Evan Tomato) || _=1592576776372
[17:26:11]HREF: 17:26 Sladk0ewka (usr:Evan Tomato) || _=1592576776373
[17:26:14]HREF: 17:26 EngineerConager (usr:Dell Conrad) || /datum/nanoui src=[0x21005b09];vend=25;cat=0
[17:26:16]HREF: 17:26 Sladk0ewka (usr:Evan Tomato) || /datum/nanoui src=[0x21006035];vend=16;cat=0
[17:26:16]HREF: 17:26 EngineerConager (usr:Dell Conrad) || /datum/nanoui src=[0x21005b09];vend=25;cat=0
[17:26:17]HREF: 17:26 EngineerConager (usr:Dell Conrad) || /datum/nanoui src=[0x21005b09];vend=25;cat=0
[17:26:17]HREF: 17:26 EngineerConager (usr:Dell Conrad) || /datum/nanoui src=[0x21005b09];vend=25;cat=0
[17:26:17]HREF: 17:26 EngineerConager (usr:Dell Conrad) || /datum/nanoui src=[0x21005b09];vend=25;cat=0
[17:26:20]HREF: 17:26 Harlex5435 (usr:Nickolas Stone) || /datum/nanoui src=[0x21006036];vend=18;cat=0
[17:26:27]HREF: 17:26 CM.RU (usr:Edwin Whittier) || _=1592576787834
[17:26:27]HREF: 17:26 CM.RU (usr:Edwin Whittier) || _=1592576787835
[17:26:29]HREF: 17:26 CM.RU (usr:Edwin Whittier) || /datum/nanoui src=[0x21006055];vend=5;cat=0
[17:26:31]HREF: 17:26 CM.RU (usr:Edwin Whittier) || /datum/nanoui src=[0x21006055];vend=11;cat=0
[17:26:43]HREF: 17:26 EngineerConager (usr:Dell Conrad) || /datum/nanoui src=[0x21005b09];vend=21;cat=0
[17:26:43]HREF: 17:26 EngineerConager (usr:Dell Conrad) || /datum/nanoui src=[0x21005b09];vend=21;cat=0
[17:26:44]HREF: 17:26 EngineerConager (usr:Dell Conrad) || /datum/nanoui src=[0x21005b09];vend=21;cat=0
[17:26:44]HREF: 17:26 EngineerConager (usr:Dell Conrad) || /datum/nanoui src=[0x21005b09];vend=21;cat=0
[17:26:44]HREF: 17:26 EngineerConager (usr:Dell Conrad) || /datum/nanoui src=[0x21005b09];vend=21;cat=0
[17:26:51]HREF: 17:26 Sldk112903 (usr:Sldk112903) || Sldk112903 src=[0x3000071];lobby_choice=show_preferences
[17:27:11]HREF: 17:27 Sldk112903 (usr:Sldk112903) || Sldk112903 src=[0x3000071];lobby_choice=late_join
[17:27:12]HREF: 17:27 Sldk112903 (usr:Sldk112903) || Sldk112903 src=[0x3000071];lobby_choice=late_join
[17:27:12]HREF: 17:27 Sldk112903 (usr:Sldk112903) || Sldk112903 src=[0x3000071];lobby_choice=late_join
[17:27:13]HREF: 17:27 Sldk112903 (usr:Sldk112903) || Sldk112903 src=[0x3000071];lobby_choice=late_join_xeno
[17:27:13]HREF: 17:27 Sldk112903 (usr:Sldk112903) || Sldk112903 src=[0x3000071];lobby_choice=late_join_xeno
[17:27:22]HREF: 17:27 Atlasic (usr:Atlas Fasio) || _=1592576844577
[17:27:22]HREF: 17:27 Atlasic (usr:Atlas Fasio) || _=1592576844578
[17:27:24]HREF: 17:27 Harlex5435 (usr:Nickolas Stone) || _=1592576848184
[17:27:24]HREF: 17:27 Harlex5435 (usr:Nickolas Stone) || _=1592576848185
[17:27:25]HREF: 17:27 Atlasic (usr:Atlas Fasio) || /datum/nanoui src=[0x21006060];vend=5;cat=0
[17:27:26]HREF: 17:27 Harlex5435 (usr:Nickolas Stone) || /datum/nanoui src=[0x21006062];vend=27;cat=0
[17:27:26]HREF: 17:27 EngineerConager (usr:Dell Conrad) || _=1592576849856
[17:27:26]HREF: 17:27 EngineerConager (usr:Dell Conrad) || _=1592576849857
[17:27:26]HREF: 17:27 Harlex5435 (usr:Nickolas Stone) || /datum/nanoui src=[0x21006062];vend=27;cat=0
[17:27:26]HREF: 17:27 Atlasic (usr:Atlas Fasio) || /datum/nanoui src=[0x21006060];vend=5;cat=0
[17:27:29]HREF: 17:27 Burzu (usr:Jed Bell) || _=1592576846461
[17:27:29]HREF: 17:27 Burzu (usr:Jed Bell) || _=1592576846462
[17:27:30]HREF: 17:27 EngineerConager (usr:Dell Conrad) || /datum/nanoui src=[0x21006055];vend=2;cat=0
[17:27:31]HREF: 17:27 Burzu (usr:Jed Bell) || /datum/nanoui src=[0x2100605b];vend=2;cat=0
[17:27:34]HREF: 17:27 Atlasic (usr:Atlas Fasio) || /datum/nanoui src=[0x21006060];vend=4;cat=0
[17:27:36]HREF: 17:27 Burzu (usr:Jed Bell) || /datum/nanoui src=[0x2100605b];vend=10;cat=0
[17:27:37]HREF: 17:27 Burzu (usr:Jed Bell) || /datum/nanoui src=[0x2100605b];vend=16;cat=0
[17:27:37]HREF: 17:27 Atlasic (usr:Atlas Fasio) || /datum/nanoui src=[0x21006060];vend=1;cat=0
[17:27:46]HREF: 17:27 Harlex5435 (usr:Nickolas Stone) || _=1592576870614
[17:27:46]HREF: 17:27 Harlex5435 (usr:Nickolas Stone) || _=1592576870615
[17:27:47]HREF: 17:27 Harlex5435 (usr:Nickolas Stone) || /datum/nanoui src=[0x21006060];vend=27;cat=0
[17:27:48]HREF: 17:27 Harlex5435 (usr:Nickolas Stone) || /datum/nanoui src=[0x21006060];vend=27;cat=0
[17:28:04]HREF: 17:28 EngineerConager (usr:Dell Conrad) || /datum/nanoui src=[0x21006055];vend=2;cat=0
[17:28:07]HREF: 17:28 Harlex5435 (usr:Nickolas Stone) || _=1592576891960
[17:28:07]HREF: 17:28 Harlex5435 (usr:Nickolas Stone) || _=1592576891961
[17:28:09]HREF: 17:28 Harlex5435 (usr:Nickolas Stone) || /datum/nanoui src=[0x210060b5];vend=27;cat=0
[17:28:10]HREF: 17:28 Harlex5435 (usr:Nickolas Stone) || /datum/nanoui src=[0x210060b5];vend=27;cat=0
[17:28:15]HREF: 17:28 Atlasic (usr:Atlas Fasio) || _=1592576897651
[17:28:15]HREF: 17:28 Atlasic (usr:Atlas Fasio) || _=1592576897652
[17:28:16]HREF: 17:28 Atlasic (usr:Atlas Fasio) || /datum/nanoui src=[0x210060b1];vend=7;cat=0
[17:28:28]HREF: 17:28 Harlex5435 (usr:Nickolas Stone) || _=1592576912197
[17:28:28]HREF: 17:28 Harlex5435 (usr:Nickolas Stone) || _=1592576912198
[17:28:30]HREF: 17:28 Harlex5435 (usr:Nickolas Stone) || /datum/nanoui src=[0x210060ad];vend=25;cat=0
[17:28:31]HREF: 17:28 Harlex5435 (usr:Nickolas Stone) || /datum/nanoui src=[0x210060ad];vend=25;cat=0
[17:28:32]HREF: 17:28 Atlasic (usr:Atlas Fasio) || /datum/nanoui src=[0x210060b1];vend=2;cat=0
[17:28:33]HREF: 17:28 Atlasic (usr:Atlas Fasio) || /datum/nanoui src=[0x210060b1];vend=6;cat=0
[17:28:46]HREF: 17:28 Atlasic (usr:Atlas Fasio) || /datum/nanoui src=[0x210060b1];vend=10;cat=0
[17:28:48]HREF: 17:28 Harlex5435 (usr:Nickolas Stone) || _=1592576932992
[17:28:48]HREF: 17:28 Harlex5435 (usr:Nickolas Stone) || _=1592576932993
[17:28:49]HREF: 17:28 EngineerConager (usr:Dell Conrad) || _=1592576933262
[17:28:49]HREF: 17:28 EngineerConager (usr:Dell Conrad) || _=1592576933263
[17:28:51]HREF: 17:28 Harlex5435 (usr:Nickolas Stone) || /datum/nanoui src=[0x210060d9];vend=10;cat=0
[17:28:52]HREF: 17:28 Harlex5435 (usr:Nickolas Stone) || /datum/nanoui src=[0x210060d9];vend=11;cat=0
[17:28:56]HREF: 17:28 Artyuom (usr:Johnny Vietnam) || _=1592576937132
[17:28:56]HREF: 17:28 Artyuom (usr:Johnny Vietnam) || _=1592576937133
[17:28:57]HREF: 17:28 EngineerConager (usr:Dell Conrad) || _=1592576941724
[17:28:57]HREF: 17:28 EngineerConager (usr:Dell Conrad) || _=1592576941725
[17:28:58]HREF: 17:28 Artyuom (usr:Johnny Vietnam) || /datum/nanoui src=[0x210060d9];vend=7;cat=0
[17:29:12]HREF: 17:29 Atlasic (usr:Atlas Fasio) || _=1592576954536
[17:29:12]HREF: 17:29 Atlasic (usr:Atlas Fasio) || _=1592576954537
[17:29:14]HREF: 17:29 Harlex5435 (usr:Nickolas Stone) || _=1592576958483
[17:29:14]HREF: 17:29 Harlex5435 (usr:Nickolas Stone) || _=1592576958484
[17:29:14]HREF: 17:29 Atlasic (usr:Atlas Fasio) || /datum/nanoui src=[0x210060dc];vend=13;cat=0
[17:29:17]HREF: 17:29 Harlex5435 (usr:Nickolas Stone) || /datum/nanoui src=[0x210060d9];vend=12;cat=0
[17:29:18]HREF: 17:29 Harlex5435 (usr:Nickolas Stone) || /datum/nanoui src=[0x210060d9];vend=13;cat=0
[17:29:39]HREF: 17:29 Harlex5435 (usr:Nickolas Stone) || _=1592576983967
[17:29:39]HREF: 17:29 Harlex5435 (usr:Nickolas Stone) || _=1592576983968
[17:29:43]HREF: 17:29 Harlex5435 (usr:Nickolas Stone) || /datum/nanoui src=[0x2100617b];vend=16;cat=0
[17:29:48]HREF: 17:29 Harlex5435 (usr:Nickolas Stone) || _=1592576992035
[17:29:48]HREF: 17:29 Harlex5435 (usr:Nickolas Stone) || _=1592576992036
[17:29:49]HREF: 17:29 Harlex5435 (usr:Nickolas Stone) || /datum/nanoui src=[0x2100617b];vend=15;cat=0
[17:30:03]HREF: 17:30 ZyberCpechnaz (usr:ZyberCpechnaz) || ZyberCpechnaz src=[0x3000031];lobby_choice=observe
[17:30:15]HREF: 17:30 Harlex5435 (usr:Nickolas Stone) || _=1592577019015
[17:30:15]HREF: 17:30 Harlex5435 (usr:Nickolas Stone) || _=1592577019016
[17:30:18]HREF: 17:30 Harlex5435 (usr:Nickolas Stone) || /datum/nanoui src=[0x210061bd];vend=19;cat=0
[17:30:19]HREF: 17:30 Harlex5435 (usr:Nickolas Stone) || /datum/nanoui src=[0x210061bd];vend=20;cat=0
[17:30:30]HREF: 17:30 CM.RU (usr:Edwin Whittier) || _=1592577030837
[17:30:30]HREF: 17:30 CM.RU (usr:Edwin Whittier) || _=1592577030838
[17:30:31]HREF: 17:30 CM.RU (usr:Edwin Whittier) || /datum/nanoui src=[0x21006202];move=1
[17:30:32]HREF: 17:30 CM.RU (usr:Edwin Whittier) || /datum/nanoui src=[0x21006202];move=1
[17:32:48]HREF: 17:32 CM.RU (usr:Edwin Whittier) || Overwatch Console src=[0x2010784];operation=monitor
[17:32:49]HREF: 17:32 CM.RU (usr:Edwin Whittier) || Overwatch Console src=[0x2010784];operation=use_cam;cam_target=[0x3000069]
[17:32:52]HREF: 17:32 CM.RU (usr:Edwin Whittier) || Overwatch Console src=[0x2010784];operation=use_cam;cam_target=[0x300005c]
[17:32:53]HREF: 17:32 CM.RU (usr:Edwin Whittier) || Overwatch Console src=[0x2010784];operation=use_cam;cam_target=[0x3000069]
[17:32:56]HREF: 17:32 CM.RU (usr:Edwin Whittier) || Overwatch Console src=[0x2010784];operation=use_cam;cam_target=[0x300005c]
[17:32:57]HREF: 17:32 CM.RU (usr:Edwin Whittier) || Overwatch Console src=[0x2010784];operation=use_cam;cam_target=[0x300005d]
[17:32:58]HREF: 17:32 CM.RU (usr:Edwin Whittier) || Overwatch Console src=[0x2010784];operation=use_cam;cam_target=[0x300006e]
[17:33:00]HREF: 17:33 CM.RU (usr:Edwin Whittier) || Overwatch Console src=[0x2010784];operation=use_cam;cam_target=[0x3000062]
[17:33:03]HREF: 17:33 CM.RU (usr:Edwin Whittier) || Overwatch Console src=[0x2010784];operation=use_cam;cam_target=[0x300006d]
[17:33:05]HREF: 17:33 CM.RU (usr:Edwin Whittier) || Overwatch Console src=[0x2010784];operation=use_cam;cam_target=[0x3000065]
[17:33:10]HREF: 17:33 Chaburek (usr:Haidee Baxter) || The metal src=[0x2014d41];sublist=;make=13;multiplier=1
[17:33:15]HREF: 17:33 CM.RU (usr:Edwin Whittier) || Overwatch Console src=[0x2010784];operation=use_cam;cam_target=[0x3000069]
[17:33:15]HREF: 17:33 CM.RU (usr:Edwin Whittier) || Overwatch Console src=[0x2010784];operation=use_cam;cam_target=[0x300005c]
[17:33:17]HREF: 17:33 CM.RU (usr:Edwin Whittier) || Overwatch Console src=[0x2010784];operation=use_cam;cam_target=[0x300005d]
[17:33:18]HREF: 17:33 CM.RU (usr:Edwin Whittier) || Overwatch Console src=[0x2010784];operation=use_cam;cam_target=[0x300006e]
[17:33:19]HREF: 17:33 CM.RU (usr:Edwin Whittier) || Overwatch Console src=[0x2010784];operation=use_cam;cam_target=[0x3000065]
[17:33:19]HREF: 17:33 CM.RU (usr:Edwin Whittier) || Overwatch Console src=[0x2010784];operation=use_cam;cam_target=[0x300006d]
[17:33:21]HREF: 17:33 CM.RU (usr:Edwin Whittier) || Overwatch Console src=[0x2010784];operation=use_cam;cam_target=[0x3000069]
[17:33:22]HREF: 17:33 Chaburek (usr:Haidee Baxter) || The metal src=[0x2014d41];sublist=;make=13;multiplier=1
[17:33:23]HREF: 17:33 CM.RU (usr:Edwin Whittier) || Overwatch Console src=[0x2010784];operation=use_cam;cam_target=[0x300005d]
[17:33:24]HREF: 17:33 CM.RU (usr:Edwin Whittier) || Overwatch Console src=[0x2010784];operation=use_cam;cam_target=[0x3000063]
[17:33:25]HREF: 17:33 CM.RU (usr:Edwin Whittier) || Overwatch Console src=[0x2010784];operation=use_cam;cam_target=[0x3000063]
[17:33:25]HREF: 17:33 CM.RU (usr:Edwin Whittier) || Overwatch Console src=[0x2010784];operation=use_cam;cam_target=[0x3000062]
[17:33:26]HREF: 17:33 CM.RU (usr:Edwin Whittier) || Overwatch Console src=[0x2010784];operation=use_cam;cam_target=[0x3000065]
[17:33:28]HREF: 17:33 CM.RU (usr:Edwin Whittier) || Overwatch Console src=[0x2010784];operation=use_cam;cam_target=[0x300006d]
[17:33:36]HREF: 17:33 Chaburek (usr:Haidee Baxter) || The metal src=[0x2014d41];sublist=;make=13;multiplier=1
[17:33:53]HREF: 17:33 Chaburek (usr:Haidee Baxter) || The plasteel src=[0x201499d];sublist=;make=2;multiplier=1
[17:34:01]HREF: 17:34 ALex13t (usr:Reno 'Slowflake' Flake) || The metal src=[0x201499c];sublist=;make=13;multiplier=1
[17:34:08]HREF: 17:34 BlackCrystalic (usr:Mature Defender (179)) || /datum/admins src=[0x21003447];adminplayeropts=[0x300005f]
[17:34:13]HREF: 17:34 BlackCrystalic (usr:Mature Defender (179)) || /datum/admins src=[0x21003447];adminplayeropts=[0x3000064]
[17:34:22]HREF: 17:34 ALex13t (usr:Reno 'Slowflake' Flake) || The metal src=[0x201499c];sublist=;make=13;multiplier=1
[17:34:38]HREF: 17:34 ALex13t (usr:Reno 'Slowflake' Flake) || The metal src=[0x201499c];sublist=;make=13;multiplier=1
[17:34:48]HREF: 17:34 Chaburek (usr:Haidee Baxter) || The metal src=[0x2014d41];sublist=;make=13;multiplier=1
[17:34:51]HREF: 17:34 ALex13t (usr:Reno 'Slowflake' Flake) || The metal src=[0x201499c];sublist=;make=13;multiplier=1
[17:35:01]HREF: 17:35 Chaburek (usr:Haidee Baxter) || The metal src=[0x2014d41];sublist=;make=13;multiplier=1
[17:35:14]HREF: 17:35 Chaburek (usr:Haidee Baxter) || The metal src=[0x2014d41];sublist=;make=13;multiplier=1
[17:35:18]HREF: 17:35 Burzu (usr:Jed Bell) || The plasteel src=[0x2014d43];sublist=;make=3;multiplier=1
[17:35:24]HREF: 17:35 Burzu (usr:Jed Bell) || The plasteel src=[0x2014d43];sublist=;make=3;multiplier=1
[17:35:26]HREF: 17:35 Burzu (usr:Jed Bell) || The plasteel src=[0x2014d43];sublist=;make=3;multiplier=1
[17:35:27]HREF: 17:35 Chaburek (usr:Haidee Baxter) || The metal src=[0x2014d41];sublist=;make=13;multiplier=1
[17:35:28]HREF: 17:35 Burzu (usr:Jed Bell) || The plasteel src=[0x2014d43];sublist=;make=3;multiplier=1
[17:35:34]HREF: 17:35 ALex13t (usr:Reno 'Slowflake' Flake) || The metal src=[0x201499c];sublist=;make=13;multiplier=1
[17:35:42]HREF: 17:35 Chaburek (usr:Haidee Baxter) || The plasteel src=[0x201499d];sublist=;make=2;multiplier=1
[17:35:49]HREF: 17:35 ALex13t (usr:Reno 'Slowflake' Flake) || The metal src=[0x201499c];sublist=;make=13;multiplier=1
[17:35:58]HREF: 17:35 Chaburek (usr:Haidee Baxter) || The metal src=[0x2014d41];sublist=;make=13;multiplier=1
[17:36:04]HREF: 17:36 ZyberCpechnaz (usr:Uriel Sandys) || Uriel Sandys src=[0x3000073];track=[0x3000062]
[17:36:14]HREF: 17:36 Chaburek (usr:Haidee Baxter) || The metal src=[0x2014d41];sublist=;make=13;multiplier=1
[17:36:17]HREF: 17:36 Alot (usr:Sarah 'Phantom' Black) || Sarah 'Phantom' Black src=[0x3000064];track=[0x300006e]
[17:36:43]HREF: 17:36 Burzu (usr:Jed Bell) || The plasteel src=[0x2014d43];sublist=;make=2;multiplier=1
[17:36:43]HREF: 17:36 Chaburek (usr:Haidee Baxter) || The metal src=[0x2014d41];sublist=;make=13;multiplier=1
[17:36:44]HREF: 17:36 Burzu (usr:Jed Bell) || The plasteel src=[0x2014d43];sublist=;make=2;multiplier=1
[17:36:57]HREF: 17:36 ALex13t (usr:Reno 'Slowflake' Flake) || The metal src=[0x201499c];sublist=;make=13;multiplier=1
[17:36:57]HREF: 17:36 Chaburek (usr:Haidee Baxter) || The plasteel src=[0x201499d];sublist=;make=2;multiplier=1
[17:36:58]HREF: 17:36 Chaburek (usr:Haidee Baxter) || The plasteel src=[0x201499d];sublist=;make=2;multiplier=1
[17:37:15]HREF: 17:37 ALex13t (usr:Reno 'Slowflake' Flake) || The metal src=[0x201499c];sublist=;make=13;multiplier=1
[17:37:20]HREF: 17:37 Chaburek (usr:Haidee Baxter) || The plasteel src=[0x2014d43];sublist=;make=3;multiplier=1
[17:37:32]HREF: 17:37 Harlex5435 (usr:Nickolas Stone) || The wooden plank src=[0x201505b];sublist=;make=6;multiplier=1
[17:38:29]HREF: 17:38 Chaburek (usr:Haidee Baxter) || The plasteel src=[0x2014d43];sublist=;make=2;multiplier=1
[17:39:12]HREF: 17:39 Chaburek (usr:Haidee Baxter) || _=1592577555115
[17:39:12]HREF: 17:39 Chaburek (usr:Haidee Baxter) || _=1592577555116
[17:39:13]HREF: 17:39 Chaburek (usr:Haidee Baxter) || /datum/nanoui src=[0x21006265];?src=[0x2015103];op=power
[17:39:14]HREF: 17:39 Chaburek (usr:Haidee Baxter) || /datum/nanoui src=[0x21006265];?src=[0x2015103];op=burst
[17:39:15]HREF: 17:39 Chaburek (usr:Haidee Baxter) || /datum/nanoui src=[0x21006265];?src=[0x2015103];op=power
[17:40:01]HREF: 17:40 Alot (usr:Sarah 'Phantom' Black) || Sarah 'Phantom' Black src=[0x3000064];track=[0x300006d]
[17:40:08]HREF: 17:40 Alot (usr:Sarah 'Phantom' Black) || Sarah 'Phantom' Black src=[0x3000064];track=[0x300005d]
[17:40:16]HREF: 17:40 Alot (usr:Sarah 'Phantom' Black) || Sarah 'Phantom' Black src=[0x3000064];track=[0x300005f]
[17:40:23]HREF: 17:40 Chaburek (usr:Haidee Baxter) || The metal src=[0x201499c];make=12;multiplier=9
[17:40:39]HREF: 17:40 Chaburek (usr:Haidee Baxter) || The plasteel src=[0x201499d];sublist=;make=2;multiplier=1
[17:40:48]HREF: 17:40 Alot (usr:Sarah 'Phantom' Black) || Sarah 'Phantom' Black src=[0x3000064];track=[0x3000074]
[17:41:02]HREF: 17:41 Alot (usr:Sarah 'Phantom' Black) || Sarah 'Phantom' Black src=[0x3000064];track=[0x3000074]
[17:41:03]HREF: 17:41 Alot (usr:Sarah 'Phantom' Black) || Sarah 'Phantom' Black src=[0x3000064];track=[0x3000069]
[17:41:21]HREF: 17:41 Chaburek (usr:Haidee Baxter) || The metal src=[0x20066fc];sublist=;make=12;multiplier=1
[17:42:11]HREF: 17:42 Alot (usr:Sarah 'Phantom' Black) || Sarah 'Phantom' Black src=[0x3000064];track=[0x3000062]
[17:42:14]HREF: 17:42 Alot (usr:Sarah 'Phantom' Black) || Sarah 'Phantom' Black src=[0x3000064];track=[0x3000063]
[17:42:15]HREF: 17:42 Chaburek (usr:Haidee Baxter) || The Nexus Dome Canteen src=[0x2006210];pulse=1
[17:42:16]HREF: 17:42 Chaburek (usr:Haidee Baxter) || The Nexus Dome Canteen src=[0x2006210];pulse=2
[17:42:17]HREF: 17:42 Chaburek (usr:Haidee Baxter) || The Nexus Dome Canteen src=[0x2006210];pulse=3
[17:42:20]HREF: 17:42 Chaburek (usr:Haidee Baxter) || The Nexus Dome Canteen src=[0x2006210];close=1
[17:42:34]HREF: 17:42 EngineerConager (usr:Dell Conrad) || _=1592577758546
[17:42:34]HREF: 17:42 EngineerConager (usr:Dell Conrad) || _=1592577758547
[17:43:22]HREF: 17:43 BlackCrystalic (usr:Young Warrior (179)) || /datum/controller/vote src=[0x21000002];vote=custom
[17:43:22]HREF: 17:43 Sladk0ewka (usr:Evan Tomato) || _=1592577807557
[17:43:22]HREF: 17:43 Sladk0ewka (usr:Evan Tomato) || _=1592577807558
[17:43:48]HREF: 17:43 Artyuom (usr:Johnny Vietnam) || /datum/controller/vote src=[0x21000002];vote=1
[17:43:48]HREF: 17:43 Artyuom (usr:Johnny Vietnam) || /datum/controller/vote src=[0x21000002];vote=close
[17:43:49]HREF: 17:43 EngineerConager (usr:Dell Conrad) || /datum/controller/vote src=[0x21000002];vote=1
[17:43:50]HREF: 17:43 EngineerConager (usr:Dell Conrad) || /datum/controller/vote src=[0x21000002];vote=close
[17:43:50]HREF: 17:43 CM.RU (usr:Edwin Whittier) || Overwatch Console src=[0x2010784];operation=back
[17:43:59]HREF: 17:43 CM.RU (usr:Edwin Whittier) || Overwatch Console src=[0x2010784];operation=bombs
[17:44:00]HREF: 17:44 CM.RU (usr:Edwin Whittier) || Overwatch Console src=[0x2010784];operation=bomb_x
[17:44:02]HREF: 17:44 CM.RU (usr:Edwin Whittier) || Overwatch Console src=[0x2010784];operation=bomb_y
[17:44:03]HREF: 17:44 CM.RU (usr:Edwin Whittier) || Overwatch Console src=[0x2010784];operation=dropbomb
[17:44:11]HREF: 17:44 BlackCrystalic (usr:Young Warrior (179)) || /datum/controller/vote src=[0x21000002];vote=1
[17:44:37]HREF: 17:44 Alot (usr:Sarah 'Phantom' Black) || /datum/controller/vote src=[0x21000002];vote=close
[17:44:48]HREF: 17:44 Alot (usr:Sarah 'Phantom' Black) || Sarah 'Phantom' Black src=[0x3000064];track=[0x300005c]
[17:44:56]HREF: 17:44 BlackCrystalic (usr:Young Warrior (179)) || /datum/controller/vote src=[0x21000002];vote=close
