Mon Jun 15 18:03:40 2020
## ERROR: military-grade camera in APC_1 Interior (x:20 y:68 z:4 has errored. Empty network list
runtime error: code/game/machinery/camera/camera.dm:52:Assertion Failed: src.network.len > 0
proc name: New (/obj/machinery/camera/New)
  source file: camera.dm,52
  usr: null
  src: the military-grade camera (/obj/machinery/camera/autoname/almayer)
  src.loc: the floor (20,68,4) (/turf/open/shuttle/dropship)
  call stack:
the military-grade camera (/obj/machinery/camera/autoname/almayer): New(the floor (20,68,4) (/turf/open/shuttle/dropship))
the military-grade camera (/obj/machinery/camera/autoname/almayer): New(the floor (20,68,4) (/turf/open/shuttle/dropship))
the military-grade camera (/obj/machinery/camera/autoname/almayer): New(the floor (20,68,4) (/turf/open/shuttle/dropship))
## ERROR: military-grade camera in APC_2 Interior (x:41 y:68 z:4 has errored. Empty network list
runtime error: code/game/machinery/camera/camera.dm:52:Assertion Failed: src.network.len > 0
proc name: New (/obj/machinery/camera/New)
  source file: camera.dm,52
  usr: null
  src: the military-grade camera (/obj/machinery/camera/autoname/almayer)
  src.loc: the floor (41,68,4) (/turf/open/shuttle/dropship)
  call stack:
the military-grade camera (/obj/machinery/camera/autoname/almayer): New(the floor (41,68,4) (/turf/open/shuttle/dropship))
the military-grade camera (/obj/machinery/camera/autoname/almayer): New(the floor (41,68,4) (/turf/open/shuttle/dropship))
the military-grade camera (/obj/machinery/camera/autoname/almayer): New(the floor (41,68,4) (/turf/open/shuttle/dropship))
## ERROR: military-grade camera in APC_3 Interior (x:61 y:68 z:4 has errored. Empty network list
runtime error: code/game/machinery/camera/camera.dm:52:Assertion Failed: src.network.len > 0
proc name: New (/obj/machinery/camera/New)
  source file: camera.dm,52
  usr: null
  src: the military-grade camera (/obj/machinery/camera/autoname/almayer)
  src.loc: the floor (61,68,4) (/turf/open/shuttle/dropship)
  call stack:
the military-grade camera (/obj/machinery/camera/autoname/almayer): New(the floor (61,68,4) (/turf/open/shuttle/dropship))
the military-grade camera (/obj/machinery/camera/autoname/almayer): New(the floor (61,68,4) (/turf/open/shuttle/dropship))
the military-grade camera (/obj/machinery/camera/autoname/almayer): New(the floor (61,68,4) (/turf/open/shuttle/dropship))
