

Starting up round 18:03:40
---------------------
[18:04:14]HREF: 18:04 Artyuom (usr:Artyuom) || Artyuom src=[0x3000077];lobby_choice=show_preferences
[18:04:15]HREF: 18:04 Artyuom (usr:Artyuom) || _src_=prefs;preference=be_special;num=0
[18:04:17]HREF: 18:04 Artyuom (usr:Artyuom) || _src_=prefs;preference=be_special;num=2
[18:04:19]HREF: 18:04 Artyuom (usr:Artyuom) || Artyuom src=[0x3000077];preference=save
[18:04:27]HREF: 18:04 GhostPokolenie (usr:GhostPokolenie) || GhostPokolenie src=[0x300007b];lobby_choice=ready
[18:04:52]HREF: 18:04 GhostPokolenie (usr:GhostPokolenie) || GhostPokolenie src=[0x300007b];lobby_choice=ready
[18:05:19]HREF: 18:05 Snoud (usr:Snoud) || Snoud src=[0x300007c];lobby_choice=show_preferences
[18:05:22]HREF: 18:05 Snoud (usr:Snoud) || Snoud src=[0x300007d];lobby_choice=show_preferences
[18:05:45]HREF: 18:05 Snoud (usr:Snoud) || _src_=prefs;preference=job;task=menu
[18:05:56]HREF: 18:05 Snoud (usr:Snoud) || _src_=prefs;preference=job;task=input;text=Squad%20Specialist
[18:05:57]HREF: 18:05 Snoud (usr:Snoud) || _src_=prefs;preference=job;task=input;text=Squad%20Specialist
[18:05:59]HREF: 18:05 Snoud (usr:Snoud) || _src_=prefs;preference=job;task=input;text=Squad%20Specialist
[18:06:00]HREF: 18:06 Danik_10p (usr:Danik_10p) || Danik_10p src=[0x300007a];lobby_choice=ready
[18:06:00]HREF: 18:06 Snoud (usr:Snoud) || _src_=prefs;preference=job;task=input;text=Squad%20Smartgunner
[18:06:02]HREF: 18:06 Snoud (usr:Snoud) || _src_=prefs;preference=job;task=input;text=Squad%20Smartgunner
[18:06:04]HREF: 18:06 Snoud (usr:Snoud) || _src_=prefs;preference=job;task=input;text=Squad%20Smartgunner
[18:06:06]HREF: 18:06 Snoud (usr:Snoud) || _src_=prefs;preference=job;task=input;text=Squad%20Smartgunner
[18:06:14]HREF: 18:06 Snoud (usr:Snoud) || _src_=prefs;preference=job;task=input;text=Squad%20Smartgunner
[18:06:15]HREF: 18:06 Snoud (usr:Snoud) || _src_=prefs;preference=job;task=input;text=Squad%20Smartgunner
[18:06:17]HREF: 18:06 Snoud (usr:Snoud) || _src_=prefs;preference=job;task=input;text=Squad%20Specialist
[18:06:21]HREF: 18:06 Snoud (usr:Snoud) || _src_=prefs;preference=job;task=close
[18:06:27]HREF: 18:06 Snoud (usr:Snoud) || Snoud src=[0x300007d];preference=save
[18:06:36]HREF: 18:06 GhostPokolenie (usr:GhostPokolenie) || GhostPokolenie src=[0x300007f];lobby_choice=ready
